[
  {
    "timestamp": "2026-04-01T10:46:40.583+0000",
    "rule": {
      "level": 4,
      "description": "Summary event of the report's signatures.",
      "id": "60608",
      "firedtimes": 5,
      "mail": false,
      "groups": [
        "windows",
        "windows_application"
      ]
    },
    "agent": {
      "id": "005",
      "name": "WS10",
      "ip": "192.168.30.24"
    },
    "manager": {
      "name": "wazuh-server"
    },
    "id": "1775040400.3813032",
    "decoder": {
      "name": "windows_eventchannel"
    },
    "data": {
      "win": {
        "system": {
          "providerName": "Windows Error Reporting",
          "eventID": "1001",
          "version": "0",
          "level": "4",
          "task": "0",
          "opcode": "0",
          "keywords": "0x80000000000000",
          "systemTime": "2026-04-01T08:47:09.5093235Z",
          "eventRecordID": "1884",
          "processID": "0",
          "threadID": "0",
          "channel": "Application",
          "computer": "WS10",
          "severityValue": "INFORMATION",
          "message": "\"Bucket errato , tipo 0\r\nNome evento: StoreAgentScanForUpdatesFailure0\r\nRisposta: Non disponibile\r\nID CAB: 0\r\n\r\nFirma problema: \r\nP1: Update;\r\nP2: 800b0109\r\nP3: 19045\r\nP4: 6456\r\nP5: Windows.Desktop\r\nP6: \r\nP7: \r\nP8: \r\nP9: \r\nP10: \r\n\r\nFile allegati:\r\n\\\\?\\C:\\ProgramData\\Microsoft\\Windows\\WER\\Temp\\WERE65B.tmp.WERInternalMetadata.xml\r\n\r\nI file potrebbero essere disponibili qui:\r\n\\\\?\\C:\\ProgramData\\Microsoft\\Windows\\WER\\ReportQueue\\NonCritical_Update;_eecf652836fa33d4f71220c9d8ef743c5c6ddb_00000000_c2848408-06d3-48e3-840f-bdf10595fd74\r\n\r\nSimbolo analisi: \r\nNuova ricerca di soluzioni: 0\r\nID rapporto: c2848408-06d3-48e3-840f-bdf10595fd74\r\nStato rapporto: 524388\r\nBucket con hash: \r\nGUID CAB: 0\""
        },
        "eventdata": {
          "data": "0, StoreAgentScanForUpdatesFailure0, Non disponibile, 0, Update;, 800b0109, 19045, 6456, Windows.Desktop,   \\\\\\\\?\\\\C:\\\\ProgramData\\\\Microsoft\\\\Windows\\\\WER\\\\Temp\\\\WERE65B.tmp.WERInternalMetadata.xml, \\\\\\\\?\\\\C:\\\\ProgramData\\\\Microsoft\\\\Windows\\\\WER\\\\ReportQueue\\\\NonCritical_Update;_eecf652836fa33d4f71220c9d8ef743c5c6ddb_00000000_c2848408-06d3-48e3-840f-bdf10595fd74, 0, c2848408-06d3-48e3-840f-bdf10595fd74, 524388, 0"
        }
      }
    },
    "location": "EventChannel",
    "_inferred_source_ip": "192.168.30.24",
    "_capture_session": "apt-20260401-104703_20260401_104703",
    "_captured_at_utc": "2026-04-01T08:47:10Z"
  },
  {
    "timestamp": "2026-04-01T10:46:41.260+0000",
    "rule": {
      "level": 4,
      "description": "Summary event of the report's signatures.",
      "id": "60608",
      "firedtimes": 6,
      "mail": false,
      "groups": [
        "windows",
        "windows_application"
      ]
    },
    "agent": {
      "id": "005",
      "name": "WS10",
      "ip": "192.168.30.24"
    },
    "manager": {
      "name": "wazuh-server"
    },
    "id": "1775040401.3816370",
    "decoder": {
      "name": "windows_eventchannel"
    },
    "data": {
      "win": {
        "system": {
          "providerName": "Windows Error Reporting",
          "eventID": "1001",
          "version": "0",
          "level": "4",
          "task": "0",
          "opcode": "0",
          "keywords": "0x80000000000000",
          "systemTime": "2026-04-01T08:47:09.5703011Z",
          "eventRecordID": "1885",
          "processID": "0",
          "threadID": "0",
          "channel": "Application",
          "computer": "WS10",
          "severityValue": "INFORMATION",
          "message": "\"Bucket errato , tipo 0\r\nNome evento: StoreAgentScanForUpdatesFailure0\r\nRisposta: Non disponibile\r\nID CAB: 0\r\n\r\nFirma problema: \r\nP1: Update;\r\nP2: 80072f8f\r\nP3: 19045\r\nP4: 6456\r\nP5: Windows.Desktop\r\nP6: \r\nP7: \r\nP8: \r\nP9: \r\nP10: \r\n\r\nFile allegati:\r\n\\\\?\\C:\\ProgramData\\Microsoft\\Windows\\WER\\Temp\\WER2414.tmp.WERInternalMetadata.xml\r\n\r\nI file potrebbero essere disponibili qui:\r\n\\\\?\\C:\\ProgramData\\Microsoft\\Windows\\WER\\ReportQueue\\NonCritical_Update;_8da189d36e47241e58aa3b8ea69db1ed43f4_00000000_72529d62-0620-4b65-9596-3b34952ce9d7\r\n\r\nSimbolo analisi: \r\nNuova ricerca di soluzioni: 0\r\nID rapporto: 72529d62-0620-4b65-9596-3b34952ce9d7\r\nStato rapporto: 524388\r\nBucket con hash: \r\nGUID CAB: 0\""
        },
        "eventdata": {
          "data": "0, StoreAgentScanForUpdatesFailure0, Non disponibile, 0, Update;, 80072f8f, 19045, 6456, Windows.Desktop,   \\\\\\\\?\\\\C:\\\\ProgramData\\\\Microsoft\\\\Windows\\\\WER\\\\Temp\\\\WER2414.tmp.WERInternalMetadata.xml, \\\\\\\\?\\\\C:\\\\ProgramData\\\\Microsoft\\\\Windows\\\\WER\\\\ReportQueue\\\\NonCritical_Update;_8da189d36e47241e58aa3b8ea69db1ed43f4_00000000_72529d62-0620-4b65-9596-3b34952ce9d7, 0, 72529d62-0620-4b65-9596-3b34952ce9d7, 524388, 0"
        }
      }
    },
    "location": "EventChannel",
    "_inferred_source_ip": "192.168.30.24",
    "_capture_session": "apt-20260401-104703_20260401_104703",
    "_captured_at_utc": "2026-04-01T08:47:11Z"
  },
  {
    "timestamp": "2026-04-01T10:46:41.260+0000",
    "rule": {
      "level": 4,
      "description": "Summary event of the report's signatures.",
      "id": "60608",
      "firedtimes": 7,
      "mail": false,
      "groups": [
        "windows",
        "windows_application"
      ]
    },
    "agent": {
      "id": "005",
      "name": "WS10",
      "ip": "192.168.30.24"
    },
    "manager": {
      "name": "wazuh-server"
    },
    "id": "1775040401.3819700",
    "decoder": {
      "name": "windows_eventchannel"
    },
    "data": {
      "win": {
        "system": {
          "providerName": "Windows Error Reporting",
          "eventID": "1001",
          "version": "0",
          "level": "4",
          "task": "0",
          "opcode": "0",
          "keywords": "0x80000000000000",
          "systemTime": "2026-04-01T08:47:09.6273482Z",
          "eventRecordID": "1886",
          "processID": "0",
          "threadID": "0",
          "channel": "Application",
          "computer": "WS10",
          "severityValue": "INFORMATION",
          "message": "\"Bucket errato , tipo 0\r\nNome evento: StoreAgentScanForUpdatesFailure0\r\nRisposta: Non disponibile\r\nID CAB: 0\r\n\r\nFirma problema: \r\nP1: Update;\r\nP2: 80072f8f\r\nP3: 19045\r\nP4: 6456\r\nP5: Windows.Desktop\r\nP6: \r\nP7: \r\nP8: \r\nP9: \r\nP10: \r\n\r\nFile allegati:\r\n\\\\?\\C:\\ProgramData\\Microsoft\\Windows\\WER\\Temp\\WERBA2A.tmp.WERInternalMetadata.xml\r\n\r\nI file potrebbero essere disponibili qui:\r\n\\\\?\\C:\\ProgramData\\Microsoft\\Windows\\WER\\ReportQueue\\NonCritical_Update;_8da189d36e47241e58aa3b8ea69db1ed43f4_00000000_bb1be836-c9a0-43b9-9b60-18677df16b3b\r\n\r\nSimbolo analisi: \r\nNuova ricerca di soluzioni: 0\r\nID rapporto: bb1be836-c9a0-43b9-9b60-18677df16b3b\r\nStato rapporto: 524388\r\nBucket con hash: \r\nGUID CAB: 0\""
        },
        "eventdata": {
          "data": "0, StoreAgentScanForUpdatesFailure0, Non disponibile, 0, Update;, 80072f8f, 19045, 6456, Windows.Desktop,   \\\\\\\\?\\\\C:\\\\ProgramData\\\\Microsoft\\\\Windows\\\\WER\\\\Temp\\\\WERBA2A.tmp.WERInternalMetadata.xml, \\\\\\\\?\\\\C:\\\\ProgramData\\\\Microsoft\\\\Windows\\\\WER\\\\ReportQueue\\\\NonCritical_Update;_8da189d36e47241e58aa3b8ea69db1ed43f4_00000000_bb1be836-c9a0-43b9-9b60-18677df16b3b, 0, bb1be836-c9a0-43b9-9b60-18677df16b3b, 524388, 0"
        }
      }
    },
    "location": "EventChannel",
    "_inferred_source_ip": "192.168.30.24",
    "_capture_session": "apt-20260401-104703_20260401_104703",
    "_captured_at_utc": "2026-04-01T08:47:11Z"
  },
  {
    "timestamp": "2026-04-01T10:52:55.782+0000",
    "rule": {
      "level": 4,
      "description": "Summary event of the report's signatures.",
      "id": "60608",
      "firedtimes": 8,
      "mail": false,
      "groups": [
        "windows",
        "windows_application"
      ]
    },
    "agent": {
      "id": "005",
      "name": "WS10",
      "ip": "192.168.30.24"
    },
    "manager": {
      "name": "wazuh-server"
    },
    "id": "1775040775.3858280",
    "decoder": {
      "name": "windows_eventchannel"
    },
    "data": {
      "win": {
        "system": {
          "providerName": "Windows Error Reporting",
          "eventID": "1001",
          "version": "0",
          "level": "4",
          "task": "0",
          "opcode": "0",
          "keywords": "0x80000000000000",
          "systemTime": "2026-04-01T08:53:06.0509280Z",
          "eventRecordID": "1887",
          "processID": "0",
          "threadID": "0",
          "channel": "Application",
          "computer": "WS10",
          "severityValue": "INFORMATION",
          "message": "\"Bucket errato , tipo 0\r\nNome evento: StoreAgentScanForUpdatesFailure0\r\nRisposta: Non disponibile\r\nID CAB: 0\r\n\r\nFirma problema: \r\nP1: Update;\r\nP2: 80072f8f\r\nP3: 19045\r\nP4: 6456\r\nP5: Windows.Desktop\r\nP6: \r\nP7: \r\nP8: \r\nP9: \r\nP10: \r\n\r\nFile allegati:\r\n\r\nI file potrebbero essere disponibili qui:\r\n\\\\?\\C:\\ProgramData\\Microsoft\\Windows\\WER\\ReportQueue\\NonCritical_Update;_8da189d36e47241e58aa3b8ea69db1ed43f4_00000000_75bf6a3a-fb95-417c-bb37-74056191ea2c\r\n\r\nSimbolo analisi: \r\nNuova ricerca di soluzioni: 0\r\nID rapporto: 75bf6a3a-fb95-417c-bb37-74056191ea2c\r\nStato rapporto: 4\r\nBucket con hash: \r\nGUID CAB: 0\""
        },
        "eventdata": {
          "data": "0, StoreAgentScanForUpdatesFailure0, Non disponibile, 0, Update;, 80072f8f, 19045, 6456, Windows.Desktop, \\\\\\\\?\\\\C:\\\\ProgramData\\\\Microsoft\\\\Windows\\\\WER\\\\ReportQueue\\\\NonCritical_Update;_8da189d36e47241e58aa3b8ea69db1ed43f4_00000000_75bf6a3a-fb95-417c-bb37-74056191ea2c, 0, 75bf6a3a-fb95-417c-bb37-74056191ea2c, 4, 0"
        }
      }
    },
    "location": "EventChannel",
    "_inferred_source_ip": "192.168.30.24",
    "_capture_session": "apt-20260401-104703_20260401_104703",
    "_captured_at_utc": "2026-04-01T08:53:25Z"
  },
  {
    "timestamp": "2026-04-01T10:52:58.027+0000",
    "rule": {
      "level": 4,
      "description": "Summary event of the report's signatures.",
      "id": "60608",
      "firedtimes": 9,
      "mail": false,
      "groups": [
        "windows",
        "windows_application"
      ]
    },
    "agent": {
      "id": "005",
      "name": "WS10",
      "ip": "192.168.30.24"
    },
    "manager": {
      "name": "wazuh-server"
    },
    "id": "1775040778.3861207",
    "decoder": {
      "name": "windows_eventchannel"
    },
    "data": {
      "win": {
        "system": {
          "providerName": "Windows Error Reporting",
          "eventID": "1001",
          "version": "0",
          "level": "4",
          "task": "0",
          "opcode": "0",
          "keywords": "0x80000000000000",
          "systemTime": "2026-04-01T08:53:06.3350264Z",
          "eventRecordID": "1888",
          "processID": "0",
          "threadID": "0",
          "channel": "Application",
          "computer": "WS10",
          "severityValue": "INFORMATION",
          "message": "\"Bucket errato , tipo 0\r\nNome evento: StoreAgentScanForUpdatesFailure0\r\nRisposta: Non disponibile\r\nID CAB: 0\r\n\r\nFirma problema: \r\nP1: Update;\r\nP2: 800b0109\r\nP3: 19045\r\nP4: 6456\r\nP5: Windows.Desktop\r\nP6: \r\nP7: \r\nP8: \r\nP9: \r\nP10: \r\n\r\nFile allegati:\r\n\\\\?\\C:\\ProgramData\\Microsoft\\Windows\\WER\\Temp\\WERE65B.tmp.WERInternalMetadata.xml\r\n\r\nI file potrebbero essere disponibili qui:\r\n\\\\?\\C:\\ProgramData\\Microsoft\\Windows\\WER\\ReportQueue\\NonCritical_Update;_eecf652836fa33d4f71220c9d8ef743c5c6ddb_00000000_c2848408-06d3-48e3-840f-bdf10595fd74\r\n\r\nSimbolo analisi: \r\nNuova ricerca di soluzioni: 0\r\nID rapporto: c2848408-06d3-48e3-840f-bdf10595fd74\r\nStato rapporto: 524388\r\nBucket con hash: \r\nGUID CAB: 0\""
        },
        "eventdata": {
          "data": "0, StoreAgentScanForUpdatesFailure0, Non disponibile, 0, Update;, 800b0109, 19045, 6456, Windows.Desktop,   \\\\\\\\?\\\\C:\\\\ProgramData\\\\Microsoft\\\\Windows\\\\WER\\\\Temp\\\\WERE65B.tmp.WERInternalMetadata.xml, \\\\\\\\?\\\\C:\\\\ProgramData\\\\Microsoft\\\\Windows\\\\WER\\\\ReportQueue\\\\NonCritical_Update;_eecf652836fa33d4f71220c9d8ef743c5c6ddb_00000000_c2848408-06d3-48e3-840f-bdf10595fd74, 0, c2848408-06d3-48e3-840f-bdf10595fd74, 524388, 0"
        }
      }
    },
    "location": "EventChannel",
    "_inferred_source_ip": "192.168.30.24",
    "_capture_session": "apt-20260401-104703_20260401_104703",
    "_captured_at_utc": "2026-04-01T08:53:28Z"
  },
  {
    "timestamp": "2026-04-01T10:53:00.237+0000",
    "rule": {
      "level": 15,
      "description": "Executable file dropped in folder commonly used by malware",
      "id": "92213",
      "mitre": {
        "id": [
          "T1105"
        ],
        "tactic": [
          "Command and Control"
        ],
        "technique": [
          "Ingress Tool Transfer"
        ]
      },
      "firedtimes": 31,
      "mail": true,
      "groups": [
        "sysmon",
        "sysmon_eid11_detections",
        "windows"
      ]
    },
    "agent": {
      "id": "005",
      "name": "WS10",
      "ip": "192.168.30.24"
    },
    "manager": {
      "name": "wazuh-server"
    },
    "id": "1775040780.3864955",
    "decoder": {
      "name": "windows_eventchannel"
    },
    "data": {
      "win": {
        "system": {
          "providerName": "Microsoft-Windows-Sysmon",
          "providerGuid": "{5770385f-c22a-43e0-bf4c-06f5698ffbd9}",
          "eventID": "11",
          "version": "2",
          "level": "4",
          "task": "11",
          "opcode": "0",
          "keywords": "0x8000000000000000",
          "systemTime": "2026-04-01T08:53:06.3046836Z",
          "eventRecordID": "352001",
          "processID": "7940",
          "threadID": "8064",
          "channel": "Microsoft-Windows-Sysmon/Operational",
          "computer": "WS10",
          "severityValue": "INFORMATION",
          "message": "\"File created:\r\nRuleName: DLL\r\nUtcTime: 2026-04-01 08:53:06.303\r\nProcessGuid: {d9a99926-dcee-69cc-370a-000000000600}\r\nProcessId: 1092\r\nImage: C:\\Windows\\system32\\cleanmgr.exe\r\nTargetFilename: C:\\Users\\ADMINI~1\\AppData\\Local\\Temp\\5FE6F981-F2F7-4AD2-925D-E3765FB71CD6\\AppxProvider.dll\r\nCreationUtcTime: 2026-04-01 08:53:06.303\r\nUser: WS10\\Administrator\""
        },
        "eventdata": {
          "ruleName": "DLL",
          "utcTime": "2026-04-01 08:53:06.303",
          "processGuid": "{d9a99926-dcee-69cc-370a-000000000600}",
          "processId": "1092",
          "image": "C:\\\\Windows\\\\system32\\\\cleanmgr.exe",
          "targetFilename": "C:\\\\Users\\\\ADMINI~1\\\\AppData\\\\Local\\\\Temp\\\\5FE6F981-F2F7-4AD2-925D-E3765FB71CD6\\\\AppxProvider.dll",
          "creationUtcTime": "2026-04-01 08:53:06.303",
          "user": "WS10\\\\Administrator"
        }
      }
    },
    "location": "EventChannel",
    "_inferred_source_ip": "192.168.30.24",
    "_capture_session": "apt-20260401-104703_20260401_104703",
    "_captured_at_utc": "2026-04-01T08:53:29Z"
  },
  {
    "timestamp": "2026-04-01T10:53:00.284+0000",
    "rule": {
      "level": 15,
      "description": "Executable file dropped in folder commonly used by malware",
      "id": "92213",
      "mitre": {
        "id": [
          "T1105"
        ],
        "tactic": [
          "Command and Control"
        ],
        "technique": [
          "Ingress Tool Transfer"
        ]
      },
      "firedtimes": 32,
      "mail": true,
      "groups": [
        "sysmon",
        "sysmon_eid11_detections",
        "windows"
      ]
    },
    "agent": {
      "id": "005",
      "name": "WS10",
      "ip": "192.168.30.24"
    },
    "manager": {
      "name": "wazuh-server"
    },
    "id": "1775040780.3867720",
    "decoder": {
      "name": "windows_eventchannel"
    },
    "data": {
      "win": {
        "system": {
          "providerName": "Microsoft-Windows-Sysmon",
          "providerGuid": "{5770385f-c22a-43e0-bf4c-06f5698ffbd9}",
          "eventID": "11",
          "version": "2",
          "level": "4",
          "task": "11",
          "opcode": "0",
          "keywords": "0x8000000000000000",
          "systemTime": "2026-04-01T08:53:06.3108040Z",
          "eventRecordID": "352003",
          "processID": "7940",
          "threadID": "8064",
          "channel": "Microsoft-Windows-Sysmon/Operational",
          "computer": "WS10",
          "severityValue": "INFORMATION",
          "message": "\"File created:\r\nRuleName: DLL\r\nUtcTime: 2026-04-01 08:53:06.309\r\nProcessGuid: {d9a99926-dcee-69cc-370a-000000000600}\r\nProcessId: 1092\r\nImage: C:\\Windows\\system32\\cleanmgr.exe\r\nTargetFilename: C:\\Users\\ADMINI~1\\AppData\\Local\\Temp\\5FE6F981-F2F7-4AD2-925D-E3765FB71CD6\\AssocProvider.dll\r\nCreationUtcTime: 2026-04-01 08:53:06.309\r\nUser: WS10\\Administrator\""
        },
        "eventdata": {
          "ruleName": "DLL",
          "utcTime": "2026-04-01 08:53:06.309",
          "processGuid": "{d9a99926-dcee-69cc-370a-000000000600}",
          "processId": "1092",
          "image": "C:\\\\Windows\\\\system32\\\\cleanmgr.exe",
          "targetFilename": "C:\\\\Users\\\\ADMINI~1\\\\AppData\\\\Local\\\\Temp\\\\5FE6F981-F2F7-4AD2-925D-E3765FB71CD6\\\\AssocProvider.dll",
          "creationUtcTime": "2026-04-01 08:53:06.309",
          "user": "WS10\\\\Administrator"
        }
      }
    },
    "location": "EventChannel",
    "_inferred_source_ip": "192.168.30.24",
    "_capture_session": "apt-20260401-104703_20260401_104703",
    "_captured_at_utc": "2026-04-01T08:53:29Z"
  },
  {
    "timestamp": "2026-04-01T10:53:00.299+0000",
    "rule": {
      "level": 15,
      "description": "Executable file dropped in folder commonly used by malware",
      "id": "92213",
      "mitre": {
        "id": [
          "T1105"
        ],
        "tactic": [
          "Command and Control"
        ],
        "technique": [
          "Ingress Tool Transfer"
        ]
      },
      "firedtimes": 33,
      "mail": true,
      "groups": [
        "sysmon",
        "sysmon_eid11_detections",
        "windows"
      ]
    },
    "agent": {
      "id": "005",
      "name": "WS10",
      "ip": "192.168.30.24"
    },
    "manager": {
      "name": "wazuh-server"
    },
    "id": "1775040780.3870489",
    "decoder": {
      "name": "windows_eventchannel"
    },
    "data": {
      "win": {
        "system": {
          "providerName": "Microsoft-Windows-Sysmon",
          "providerGuid": "{5770385f-c22a-43e0-bf4c-06f5698ffbd9}",
          "eventID": "11",
          "version": "2",
          "level": "4",
          "task": "11",
          "opcode": "0",
          "keywords": "0x8000000000000000",
          "systemTime": "2026-04-01T08:53:06.3146551Z",
          "eventRecordID": "352004",
          "processID": "7940",
          "threadID": "8064",
          "channel": "Microsoft-Windows-Sysmon/Operational",
          "computer": "WS10",
          "severityValue": "INFORMATION",
          "message": "\"File created:\r\nRuleName: DLL\r\nUtcTime: 2026-04-01 08:53:06.313\r\nProcessGuid: {d9a99926-dcee-69cc-370a-000000000600}\r\nProcessId: 1092\r\nImage: C:\\Windows\\system32\\cleanmgr.exe\r\nTargetFilename: C:\\Users\\ADMINI~1\\AppData\\Local\\Temp\\5FE6F981-F2F7-4AD2-925D-E3765FB71CD6\\CbsProvider.dll\r\nCreationUtcTime: 2026-04-01 08:53:06.313\r\nUser: WS10\\Administrator\""
        },
        "eventdata": {
          "ruleName": "DLL",
          "utcTime": "2026-04-01 08:53:06.313",
          "processGuid": "{d9a99926-dcee-69cc-370a-000000000600}",
          "processId": "1092",
          "image": "C:\\\\Windows\\\\system32\\\\cleanmgr.exe",
          "targetFilename": "C:\\\\Users\\\\ADMINI~1\\\\AppData\\\\Local\\\\Temp\\\\5FE6F981-F2F7-4AD2-925D-E3765FB71CD6\\\\CbsProvider.dll",
          "creationUtcTime": "2026-04-01 08:53:06.313",
          "user": "WS10\\\\Administrator"
        }
      }
    },
    "location": "EventChannel",
    "_inferred_source_ip": "192.168.30.24",
    "_capture_session": "apt-20260401-104703_20260401_104703",
    "_captured_at_utc": "2026-04-01T08:53:29Z"
  },
  {
    "timestamp": "2026-04-01T10:53:00.329+0000",
    "rule": {
      "level": 15,
      "description": "Executable file dropped in folder commonly used by malware",
      "id": "92213",
      "mitre": {
        "id": [
          "T1105"
        ],
        "tactic": [
          "Command and Control"
        ],
        "technique": [
          "Ingress Tool Transfer"
        ]
      },
      "firedtimes": 34,
      "mail": true,
      "groups": [
        "sysmon",
        "sysmon_eid11_detections",
        "windows"
      ]
    },
    "agent": {
      "id": "005",
      "name": "WS10",
      "ip": "192.168.30.24"
    },
    "manager": {
      "name": "wazuh-server"
    },
    "id": "1775040780.3873250",
    "decoder": {
      "name": "windows_eventchannel"
    },
    "data": {
      "win": {
        "system": {
          "providerName": "Microsoft-Windows-Sysmon",
          "providerGuid": "{5770385f-c22a-43e0-bf4c-06f5698ffbd9}",
          "eventID": "11",
          "version": "2",
          "level": "4",
          "task": "11",
          "opcode": "0",
          "keywords": "0x8000000000000000",
          "systemTime": "2026-04-01T08:53:06.3380902Z",
          "eventRecordID": "352006",
          "processID": "7940",
          "threadID": "8064",
          "channel": "Microsoft-Windows-Sysmon/Operational",
          "computer": "WS10",
          "severityValue": "INFORMATION",
          "message": "\"File created:\r\nRuleName: DLL\r\nUtcTime: 2026-04-01 08:53:06.337\r\nProcessGuid: {d9a99926-dcee-69cc-370a-000000000600}\r\nProcessId: 1092\r\nImage: C:\\Windows\\system32\\cleanmgr.exe\r\nTargetFilename: C:\\Users\\ADMINI~1\\AppData\\Local\\Temp\\5FE6F981-F2F7-4AD2-925D-E3765FB71CD6\\DismCorePS.dll\r\nCreationUtcTime: 2026-04-01 08:53:06.337\r\nUser: WS10\\Administrator\""
        },
        "eventdata": {
          "ruleName": "DLL",
          "utcTime": "2026-04-01 08:53:06.337",
          "processGuid": "{d9a99926-dcee-69cc-370a-000000000600}",
          "processId": "1092",
          "image": "C:\\\\Windows\\\\system32\\\\cleanmgr.exe",
          "targetFilename": "C:\\\\Users\\\\ADMINI~1\\\\AppData\\\\Local\\\\Temp\\\\5FE6F981-F2F7-4AD2-925D-E3765FB71CD6\\\\DismCorePS.dll",
          "creationUtcTime": "2026-04-01 08:53:06.337",
          "user": "WS10\\\\Administrator"
        }
      }
    },
    "location": "EventChannel",
    "_inferred_source_ip": "192.168.30.24",
    "_capture_session": "apt-20260401-104703_20260401_104703",
    "_captured_at_utc": "2026-04-01T08:53:29Z"
  },
  {
    "timestamp": "2026-04-01T10:53:00.329+0000",
    "rule": {
      "level": 15,
      "description": "Executable file dropped in folder commonly used by malware",
      "id": "92213",
      "mitre": {
        "id": [
          "T1105"
        ],
        "tactic": [
          "Command and Control"
        ],
        "technique": [
          "Ingress Tool Transfer"
        ]
      },
      "firedtimes": 35,
      "mail": true,
      "groups": [
        "sysmon",
        "sysmon_eid11_detections",
        "windows"
      ]
    },
    "agent": {
      "id": "005",
      "name": "WS10",
      "ip": "192.168.30.24"
    },
    "manager": {
      "name": "wazuh-server"
    },
    "id": "1775040780.3876007",
    "decoder": {
      "name": "windows_eventchannel"
    },
    "data": {
      "win": {
        "system": {
          "providerName": "Microsoft-Windows-Sysmon",
          "providerGuid": "{5770385f-c22a-43e0-bf4c-06f5698ffbd9}",
          "eventID": "11",
          "version": "2",
          "level": "4",
          "task": "11",
          "opcode": "0",
          "keywords": "0x8000000000000000",
          "systemTime": "2026-04-01T08:53:06.3342782Z",
          "eventRecordID": "352005",
          "processID": "7940",
          "threadID": "8064",
          "channel": "Microsoft-Windows-Sysmon/Operational",
          "computer": "WS10",
          "severityValue": "INFORMATION",
          "message": "\"File created:\r\nRuleName: DLL\r\nUtcTime: 2026-04-01 08:53:06.333\r\nProcessGuid: {d9a99926-dcee-69cc-370a-000000000600}\r\nProcessId: 1092\r\nImage: C:\\Windows\\system32\\cleanmgr.exe\r\nTargetFilename: C:\\Users\\ADMINI~1\\AppData\\Local\\Temp\\5FE6F981-F2F7-4AD2-925D-E3765FB71CD6\\DismCore.dll\r\nCreationUtcTime: 2026-04-01 08:53:06.332\r\nUser: WS10\\Administrator\""
        },
        "eventdata": {
          "ruleName": "DLL",
          "utcTime": "2026-04-01 08:53:06.333",
          "processGuid": "{d9a99926-dcee-69cc-370a-000000000600}",
          "processId": "1092",
          "image": "C:\\\\Windows\\\\system32\\\\cleanmgr.exe",
          "targetFilename": "C:\\\\Users\\\\ADMINI~1\\\\AppData\\\\Local\\\\Temp\\\\5FE6F981-F2F7-4AD2-925D-E3765FB71CD6\\\\DismCore.dll",
          "creationUtcTime": "2026-04-01 08:53:06.332",
          "user": "WS10\\\\Administrator"
        }
      }
    },
    "location": "EventChannel",
    "_inferred_source_ip": "192.168.30.24",
    "_capture_session": "apt-20260401-104703_20260401_104703",
    "_captured_at_utc": "2026-04-01T08:53:29Z"
  },
  {
    "timestamp": "2026-04-01T10:53:00.344+0000",
    "rule": {
      "level": 15,
      "description": "Executable file dropped in folder commonly used by malware",
      "id": "92213",
      "mitre": {
        "id": [
          "T1105"
        ],
        "tactic": [
          "Command and Control"
        ],
        "technique": [
          "Ingress Tool Transfer"
        ]
      },
      "firedtimes": 36,
      "mail": true,
      "groups": [
        "sysmon",
        "sysmon_eid11_detections",
        "windows"
      ]
    },
    "agent": {
      "id": "005",
      "name": "WS10",
      "ip": "192.168.30.24"
    },
    "manager": {
      "name": "wazuh-server"
    },
    "id": "1775040780.3878756",
    "decoder": {
      "name": "windows_eventchannel"
    },
    "data": {
      "win": {
        "system": {
          "providerName": "Microsoft-Windows-Sysmon",
          "providerGuid": "{5770385f-c22a-43e0-bf4c-06f5698ffbd9}",
          "eventID": "11",
          "version": "2",
          "level": "4",
          "task": "11",
          "opcode": "0",
          "keywords": "0x8000000000000000",
          "systemTime": "2026-04-01T08:53:06.3648144Z",
          "eventRecordID": "352007",
          "processID": "7940",
          "threadID": "8064",
          "channel": "Microsoft-Windows-Sysmon/Operational",
          "computer": "WS10",
          "severityValue": "INFORMATION",
          "message": "\"File created:\r\nRuleName: EXE\r\nUtcTime: 2026-04-01 08:53:06.363\r\nProcessGuid: {d9a99926-dcee-69cc-370a-000000000600}\r\nProcessId: 1092\r\nImage: C:\\Windows\\system32\\cleanmgr.exe\r\nTargetFilename: C:\\Users\\ADMINI~1\\AppData\\Local\\Temp\\5FE6F981-F2F7-4AD2-925D-E3765FB71CD6\\DismHost.exe\r\nCreationUtcTime: 2026-04-01 08:53:06.363\r\nUser: WS10\\Administrator\""
        },
        "eventdata": {
          "ruleName": "EXE",
          "utcTime": "2026-04-01 08:53:06.363",
          "processGuid": "{d9a99926-dcee-69cc-370a-000000000600}",
          "processId": "1092",
          "image": "C:\\\\Windows\\\\system32\\\\cleanmgr.exe",
          "targetFilename": "C:\\\\Users\\\\ADMINI~1\\\\AppData\\\\Local\\\\Temp\\\\5FE6F981-F2F7-4AD2-925D-E3765FB71CD6\\\\DismHost.exe",
          "creationUtcTime": "2026-04-01 08:53:06.363",
          "user": "WS10\\\\Administrator"
        }
      }
    },
    "location": "EventChannel",
    "_inferred_source_ip": "192.168.30.24",
    "_capture_session": "apt-20260401-104703_20260401_104703",
    "_captured_at_utc": "2026-04-01T08:53:29Z"
  },
  {
    "timestamp": "2026-04-01T10:53:00.359+0000",
    "rule": {
      "level": 15,
      "description": "Executable file dropped in folder commonly used by malware",
      "id": "92213",
      "mitre": {
        "id": [
          "T1105"
        ],
        "tactic": [
          "Command and Control"
        ],
        "technique": [
          "Ingress Tool Transfer"
        ]
      },
      "firedtimes": 37,
      "mail": true,
      "groups": [
        "sysmon",
        "sysmon_eid11_detections",
        "windows"
      ]
    },
    "agent": {
      "id": "005",
      "name": "WS10",
      "ip": "192.168.30.24"
    },
    "manager": {
      "name": "wazuh-server"
    },
    "id": "1775040780.3881505",
    "decoder": {
      "name": "windows_eventchannel"
    },
    "data": {
      "win": {
        "system": {
          "providerName": "Microsoft-Windows-Sysmon",
          "providerGuid": "{5770385f-c22a-43e0-bf4c-06f5698ffbd9}",
          "eventID": "11",
          "version": "2",
          "level": "4",
          "task": "11",
          "opcode": "0",
          "keywords": "0x8000000000000000",
          "systemTime": "2026-04-01T08:53:06.3813199Z",
          "eventRecordID": "352008",
          "processID": "7940",
          "threadID": "8064",
          "channel": "Microsoft-Windows-Sysmon/Operational",
          "computer": "WS10",
          "severityValue": "INFORMATION",
          "message": "\"File created:\r\nRuleName: DLL\r\nUtcTime: 2026-04-01 08:53:06.380\r\nProcessGuid: {d9a99926-dcee-69cc-370a-000000000600}\r\nProcessId: 1092\r\nImage: C:\\Windows\\system32\\cleanmgr.exe\r\nTargetFilename: C:\\Users\\ADMINI~1\\AppData\\Local\\Temp\\5FE6F981-F2F7-4AD2-925D-E3765FB71CD6\\DismProv.dll\r\nCreationUtcTime: 2026-04-01 08:53:06.380\r\nUser: WS10\\Administrator\""
        },
        "eventdata": {
          "ruleName": "DLL",
          "utcTime": "2026-04-01 08:53:06.380",
          "processGuid": "{d9a99926-dcee-69cc-370a-000000000600}",
          "processId": "1092",
          "image": "C:\\\\Windows\\\\system32\\\\cleanmgr.exe",
          "targetFilename": "C:\\\\Users\\\\ADMINI~1\\\\AppData\\\\Local\\\\Temp\\\\5FE6F981-F2F7-4AD2-925D-E3765FB71CD6\\\\DismProv.dll",
          "creationUtcTime": "2026-04-01 08:53:06.380",
          "user": "WS10\\\\Administrator"
        }
      }
    },
    "location": "EventChannel",
    "_inferred_source_ip": "192.168.30.24",
    "_capture_session": "apt-20260401-104703_20260401_104703",
    "_captured_at_utc": "2026-04-01T08:53:29Z"
  },
  {
    "timestamp": "2026-04-01T10:53:00.390+0000",
    "rule": {
      "level": 4,
      "description": "Summary event of the report's signatures.",
      "id": "60608",
      "firedtimes": 10,
      "mail": false,
      "groups": [
        "windows",
        "windows_application"
      ]
    },
    "agent": {
      "id": "005",
      "name": "WS10",
      "ip": "192.168.30.24"
    },
    "manager": {
      "name": "wazuh-server"
    },
    "id": "1775040780.3884254",
    "decoder": {
      "name": "windows_eventchannel"
    },
    "data": {
      "win": {
        "system": {
          "providerName": "Windows Error Reporting",
          "eventID": "1001",
          "version": "0",
          "level": "4",
          "task": "0",
          "opcode": "0",
          "keywords": "0x80000000000000",
          "systemTime": "2026-04-01T08:53:06.4979464Z",
          "eventRecordID": "1889",
          "processID": "0",
          "threadID": "0",
          "channel": "Application",
          "computer": "WS10",
          "severityValue": "INFORMATION",
          "message": "\"Bucket errato , tipo 0\r\nNome evento: StoreAgentScanForUpdatesFailure0\r\nRisposta: Non disponibile\r\nID CAB: 0\r\n\r\nFirma problema: \r\nP1: Update;\r\nP2: 80072f8f\r\nP3: 19045\r\nP4: 6456\r\nP5: Windows.Desktop\r\nP6: \r\nP7: \r\nP8: \r\nP9: \r\nP10: \r\n\r\nFile allegati:\r\n\\\\?\\C:\\ProgramData\\Microsoft\\Windows\\WER\\Temp\\WER2414.tmp.WERInternalMetadata.xml\r\n\r\nI file potrebbero essere disponibili qui:\r\n\\\\?\\C:\\ProgramData\\Microsoft\\Windows\\WER\\ReportQueue\\NonCritical_Update;_8da189d36e47241e58aa3b8ea69db1ed43f4_00000000_72529d62-0620-4b65-9596-3b34952ce9d7\r\n\r\nSimbolo analisi: \r\nNuova ricerca di soluzioni: 0\r\nID rapporto: 72529d62-0620-4b65-9596-3b34952ce9d7\r\nStato rapporto: 524388\r\nBucket con hash: \r\nGUID CAB: 0\""
        },
        "eventdata": {
          "data": "0, StoreAgentScanForUpdatesFailure0, Non disponibile, 0, Update;, 80072f8f, 19045, 6456, Windows.Desktop,   \\\\\\\\?\\\\C:\\\\ProgramData\\\\Microsoft\\\\Windows\\\\WER\\\\Temp\\\\WER2414.tmp.WERInternalMetadata.xml, \\\\\\\\?\\\\C:\\\\ProgramData\\\\Microsoft\\\\Windows\\\\WER\\\\ReportQueue\\\\NonCritical_Update;_8da189d36e47241e58aa3b8ea69db1ed43f4_00000000_72529d62-0620-4b65-9596-3b34952ce9d7, 0, 72529d62-0620-4b65-9596-3b34952ce9d7, 524388, 0"
        }
      }
    },
    "location": "EventChannel",
    "_inferred_source_ip": "192.168.30.24",
    "_capture_session": "apt-20260401-104703_20260401_104703",
    "_captured_at_utc": "2026-04-01T08:53:29Z"
  },
  {
    "timestamp": "2026-04-01T10:53:00.390+0000",
    "rule": {
      "level": 4,
      "description": "Summary event of the report's signatures.",
      "id": "60608",
      "firedtimes": 11,
      "mail": false,
      "groups": [
        "windows",
        "windows_application"
      ]
    },
    "agent": {
      "id": "005",
      "name": "WS10",
      "ip": "192.168.30.24"
    },
    "manager": {
      "name": "wazuh-server"
    },
    "id": "1775040780.3887584",
    "decoder": {
      "name": "windows_eventchannel"
    },
    "data": {
      "win": {
        "system": {
          "providerName": "Windows Error Reporting",
          "eventID": "1001",
          "version": "0",
          "level": "4",
          "task": "0",
          "opcode": "0",
          "keywords": "0x80000000000000",
          "systemTime": "2026-04-01T08:53:06.5760226Z",
          "eventRecordID": "1890",
          "processID": "0",
          "threadID": "0",
          "channel": "Application",
          "computer": "WS10",
          "severityValue": "INFORMATION",
          "message": "\"Bucket errato , tipo 0\r\nNome evento: StoreAgentScanForUpdatesFailure0\r\nRisposta: Non disponibile\r\nID CAB: 0\r\n\r\nFirma problema: \r\nP1: Update;\r\nP2: 80072f8f\r\nP3: 19045\r\nP4: 6456\r\nP5: Windows.Desktop\r\nP6: \r\nP7: \r\nP8: \r\nP9: \r\nP10: \r\n\r\nFile allegati:\r\n\\\\?\\C:\\ProgramData\\Microsoft\\Windows\\WER\\Temp\\WERBA2A.tmp.WERInternalMetadata.xml\r\n\r\nI file potrebbero essere disponibili qui:\r\n\\\\?\\C:\\ProgramData\\Microsoft\\Windows\\WER\\ReportQueue\\NonCritical_Update;_8da189d36e47241e58aa3b8ea69db1ed43f4_00000000_bb1be836-c9a0-43b9-9b60-18677df16b3b\r\n\r\nSimbolo analisi: \r\nNuova ricerca di soluzioni: 0\r\nID rapporto: bb1be836-c9a0-43b9-9b60-18677df16b3b\r\nStato rapporto: 524388\r\nBucket con hash: \r\nGUID CAB: 0\""
        },
        "eventdata": {
          "data": "0, StoreAgentScanForUpdatesFailure0, Non disponibile, 0, Update;, 80072f8f, 19045, 6456, Windows.Desktop,   \\\\\\\\?\\\\C:\\\\ProgramData\\\\Microsoft\\\\Windows\\\\WER\\\\Temp\\\\WERBA2A.tmp.WERInternalMetadata.xml, \\\\\\\\?\\\\C:\\\\ProgramData\\\\Microsoft\\\\Windows\\\\WER\\\\ReportQueue\\\\NonCritical_Update;_8da189d36e47241e58aa3b8ea69db1ed43f4_00000000_bb1be836-c9a0-43b9-9b60-18677df16b3b, 0, bb1be836-c9a0-43b9-9b60-18677df16b3b, 524388, 0"
        }
      }
    },
    "location": "EventChannel",
    "_inferred_source_ip": "192.168.30.24",
    "_capture_session": "apt-20260401-104703_20260401_104703",
    "_captured_at_utc": "2026-04-01T08:53:29Z"
  },
  {
    "timestamp": "2026-04-01T10:53:00.406+0000",
    "rule": {
      "level": 4,
      "description": "Summary event of the report's signatures.",
      "id": "60608",
      "firedtimes": 12,
      "mail": false,
      "groups": [
        "windows",
        "windows_application"
      ]
    },
    "agent": {
      "id": "005",
      "name": "WS10",
      "ip": "192.168.30.24"
    },
    "manager": {
      "name": "wazuh-server"
    },
    "id": "1775040780.3890914",
    "decoder": {
      "name": "windows_eventchannel"
    },
    "data": {
      "win": {
        "system": {
          "providerName": "Windows Error Reporting",
          "eventID": "1001",
          "version": "0",
          "level": "4",
          "task": "0",
          "opcode": "0",
          "keywords": "0x80000000000000",
          "systemTime": "2026-04-01T08:53:06.6618707Z",
          "eventRecordID": "1891",
          "processID": "0",
          "threadID": "0",
          "channel": "Application",
          "computer": "WS10",
          "severityValue": "INFORMATION",
          "message": "\"Bucket errato , tipo 0\r\nNome evento: StoreAgentScanForUpdatesFailure0\r\nRisposta: Non disponibile\r\nID CAB: 0\r\n\r\nFirma problema: \r\nP1: Update;\r\nP2: 80072f8f\r\nP3: 19045\r\nP4: 6456\r\nP5: Windows.Desktop\r\nP6: \r\nP7: \r\nP8: \r\nP9: \r\nP10: \r\n\r\nFile allegati:\r\n\\\\?\\C:\\ProgramData\\Microsoft\\Windows\\WER\\Temp\\WER8312.tmp.WERInternalMetadata.xml\r\n\r\nI file potrebbero essere disponibili qui:\r\n\\\\?\\C:\\ProgramData\\Microsoft\\Windows\\WER\\ReportQueue\\NonCritical_Update;_8da189d36e47241e58aa3b8ea69db1ed43f4_00000000_75bf6a3a-fb95-417c-bb37-74056191ea2c\r\n\r\nSimbolo analisi: \r\nNuova ricerca di soluzioni: 0\r\nID rapporto: 75bf6a3a-fb95-417c-bb37-74056191ea2c\r\nStato rapporto: 524388\r\nBucket con hash: \r\nGUID CAB: 0\""
        },
        "eventdata": {
          "data": "0, StoreAgentScanForUpdatesFailure0, Non disponibile, 0, Update;, 80072f8f, 19045, 6456, Windows.Desktop,   \\\\\\\\?\\\\C:\\\\ProgramData\\\\Microsoft\\\\Windows\\\\WER\\\\Temp\\\\WER8312.tmp.WERInternalMetadata.xml, \\\\\\\\?\\\\C:\\\\ProgramData\\\\Microsoft\\\\Windows\\\\WER\\\\ReportQueue\\\\NonCritical_Update;_8da189d36e47241e58aa3b8ea69db1ed43f4_00000000_75bf6a3a-fb95-417c-bb37-74056191ea2c, 0, 75bf6a3a-fb95-417c-bb37-74056191ea2c, 524388, 0"
        }
      }
    },
    "location": "EventChannel",
    "_inferred_source_ip": "192.168.30.24",
    "_capture_session": "apt-20260401-104703_20260401_104703",
    "_captured_at_utc": "2026-04-01T08:53:29Z"
  },
  {
    "timestamp": "2026-04-01T10:53:00.713+0000",
    "rule": {
      "level": 15,
      "description": "Executable file dropped in folder commonly used by malware",
      "id": "92213",
      "mitre": {
        "id": [
          "T1105"
        ],
        "tactic": [
          "Command and Control"
        ],
        "technique": [
          "Ingress Tool Transfer"
        ]
      },
      "firedtimes": 38,
      "mail": true,
      "groups": [
        "sysmon",
        "sysmon_eid11_detections",
        "windows"
      ]
    },
    "agent": {
      "id": "005",
      "name": "WS10",
      "ip": "192.168.30.24"
    },
    "manager": {
      "name": "wazuh-server"
    },
    "id": "1775040780.3894244",
    "decoder": {
      "name": "windows_eventchannel"
    },
    "data": {
      "win": {
        "system": {
          "providerName": "Microsoft-Windows-Sysmon",
          "providerGuid": "{5770385f-c22a-43e0-bf4c-06f5698ffbd9}",
          "eventID": "11",
          "version": "2",
          "level": "4",
          "task": "11",
          "opcode": "0",
          "keywords": "0x8000000000000000",
          "systemTime": "2026-04-01T08:53:06.3838430Z",
          "eventRecordID": "352009",
          "processID": "7940",
          "threadID": "8064",
          "channel": "Microsoft-Windows-Sysmon/Operational",
          "computer": "WS10",
          "severityValue": "INFORMATION",
          "message": "\"File created:\r\nRuleName: DLL\r\nUtcTime: 2026-04-01 08:53:06.382\r\nProcessGuid: {d9a99926-dcee-69cc-370a-000000000600}\r\nProcessId: 1092\r\nImage: C:\\Windows\\system32\\cleanmgr.exe\r\nTargetFilename: C:\\Users\\ADMINI~1\\AppData\\Local\\Temp\\5FE6F981-F2F7-4AD2-925D-E3765FB71CD6\\DmiProvider.dll\r\nCreationUtcTime: 2026-04-01 08:53:06.382\r\nUser: WS10\\Administrator\""
        },
        "eventdata": {
          "ruleName": "DLL",
          "utcTime": "2026-04-01 08:53:06.382",
          "processGuid": "{d9a99926-dcee-69cc-370a-000000000600}",
          "processId": "1092",
          "image": "C:\\\\Windows\\\\system32\\\\cleanmgr.exe",
          "targetFilename": "C:\\\\Users\\\\ADMINI~1\\\\AppData\\\\Local\\\\Temp\\\\5FE6F981-F2F7-4AD2-925D-E3765FB71CD6\\\\DmiProvider.dll",
          "creationUtcTime": "2026-04-01 08:53:06.382",
          "user": "WS10\\\\Administrator"
        }
      }
    },
    "location": "EventChannel",
    "_inferred_source_ip": "192.168.30.24",
    "_capture_session": "apt-20260401-104703_20260401_104703",
    "_captured_at_utc": "2026-04-01T08:53:29Z"
  },
  {
    "timestamp": "2026-04-01T10:53:00.728+0000",
    "rule": {
      "level": 15,
      "description": "Executable file dropped in folder commonly used by malware",
      "id": "92213",
      "mitre": {
        "id": [
          "T1105"
        ],
        "tactic": [
          "Command and Control"
        ],
        "technique": [
          "Ingress Tool Transfer"
        ]
      },
      "firedtimes": 39,
      "mail": true,
      "groups": [
        "sysmon",
        "sysmon_eid11_detections",
        "windows"
      ]
    },
    "agent": {
      "id": "005",
      "name": "WS10",
      "ip": "192.168.30.24"
    },
    "manager": {
      "name": "wazuh-server"
    },
    "id": "1775040780.3897005",
    "decoder": {
      "name": "windows_eventchannel"
    },
    "data": {
      "win": {
        "system": {
          "providerName": "Microsoft-Windows-Sysmon",
          "providerGuid": "{5770385f-c22a-43e0-bf4c-06f5698ffbd9}",
          "eventID": "11",
          "version": "2",
          "level": "4",
          "task": "11",
          "opcode": "0",
          "keywords": "0x8000000000000000",
          "systemTime": "2026-04-01T08:53:06.4502580Z",
          "eventRecordID": "352010",
          "processID": "7940",
          "threadID": "8064",
          "channel": "Microsoft-Windows-Sysmon/Operational",
          "computer": "WS10",
          "severityValue": "INFORMATION",
          "message": "\"File created:\r\nRuleName: DLL\r\nUtcTime: 2026-04-01 08:53:06.449\r\nProcessGuid: {d9a99926-dcee-69cc-370a-000000000600}\r\nProcessId: 1092\r\nImage: C:\\Windows\\system32\\cleanmgr.exe\r\nTargetFilename: C:\\Users\\ADMINI~1\\AppData\\Local\\Temp\\5FE6F981-F2F7-4AD2-925D-E3765FB71CD6\\FfuProvider.dll\r\nCreationUtcTime: 2026-04-01 08:53:06.448\r\nUser: WS10\\Administrator\""
        },
        "eventdata": {
          "ruleName": "DLL",
          "utcTime": "2026-04-01 08:53:06.449",
          "processGuid": "{d9a99926-dcee-69cc-370a-000000000600}",
          "processId": "1092",
          "image": "C:\\\\Windows\\\\system32\\\\cleanmgr.exe",
          "targetFilename": "C:\\\\Users\\\\ADMINI~1\\\\AppData\\\\Local\\\\Temp\\\\5FE6F981-F2F7-4AD2-925D-E3765FB71CD6\\\\FfuProvider.dll",
          "creationUtcTime": "2026-04-01 08:53:06.448",
          "user": "WS10\\\\Administrator"
        }
      }
    },
    "location": "EventChannel",
    "_inferred_source_ip": "192.168.30.24",
    "_capture_session": "apt-20260401-104703_20260401_104703",
    "_captured_at_utc": "2026-04-01T08:53:30Z"
  },
  {
    "timestamp": "2026-04-01T10:53:00.759+0000",
    "rule": {
      "level": 15,
      "description": "Executable file dropped in folder commonly used by malware",
      "id": "92213",
      "mitre": {
        "id": [
          "T1105"
        ],
        "tactic": [
          "Command and Control"
        ],
        "technique": [
          "Ingress Tool Transfer"
        ]
      },
      "firedtimes": 40,
      "mail": true,
      "groups": [
        "sysmon",
        "sysmon_eid11_detections",
        "windows"
      ]
    },
    "agent": {
      "id": "005",
      "name": "WS10",
      "ip": "192.168.30.24"
    },
    "manager": {
      "name": "wazuh-server"
    },
    "id": "1775040780.3899766",
    "decoder": {
      "name": "windows_eventchannel"
    },
    "data": {
      "win": {
        "system": {
          "providerName": "Microsoft-Windows-Sysmon",
          "providerGuid": "{5770385f-c22a-43e0-bf4c-06f5698ffbd9}",
          "eventID": "11",
          "version": "2",
          "level": "4",
          "task": "11",
          "opcode": "0",
          "keywords": "0x8000000000000000",
          "systemTime": "2026-04-01T08:53:06.4563933Z",
          "eventRecordID": "352012",
          "processID": "7940",
          "threadID": "8064",
          "channel": "Microsoft-Windows-Sysmon/Operational",
          "computer": "WS10",
          "severityValue": "INFORMATION",
          "message": "\"File created:\r\nRuleName: DLL\r\nUtcTime: 2026-04-01 08:53:06.455\r\nProcessGuid: {d9a99926-dcee-69cc-370a-000000000600}\r\nProcessId: 1092\r\nImage: C:\\Windows\\system32\\cleanmgr.exe\r\nTargetFilename: C:\\Users\\ADMINI~1\\AppData\\Local\\Temp\\5FE6F981-F2F7-4AD2-925D-E3765FB71CD6\\FolderProvider.dll\r\nCreationUtcTime: 2026-04-01 08:53:06.455\r\nUser: WS10\\Administrator\""
        },
        "eventdata": {
          "ruleName": "DLL",
          "utcTime": "2026-04-01 08:53:06.455",
          "processGuid": "{d9a99926-dcee-69cc-370a-000000000600}",
          "processId": "1092",
          "image": "C:\\\\Windows\\\\system32\\\\cleanmgr.exe",
          "targetFilename": "C:\\\\Users\\\\ADMINI~1\\\\AppData\\\\Local\\\\Temp\\\\5FE6F981-F2F7-4AD2-925D-E3765FB71CD6\\\\FolderProvider.dll",
          "creationUtcTime": "2026-04-01 08:53:06.455",
          "user": "WS10\\\\Administrator"
        }
      }
    },
    "location": "EventChannel",
    "_inferred_source_ip": "192.168.30.24",
    "_capture_session": "apt-20260401-104703_20260401_104703",
    "_captured_at_utc": "2026-04-01T08:53:30Z"
  },
  {
    "timestamp": "2026-04-01T10:53:00.821+0000",
    "rule": {
      "level": 15,
      "description": "Executable file dropped in folder commonly used by malware",
      "id": "92213",
      "mitre": {
        "id": [
          "T1105"
        ],
        "tactic": [
          "Command and Control"
        ],
        "technique": [
          "Ingress Tool Transfer"
        ]
      },
      "firedtimes": 41,
      "mail": true,
      "groups": [
        "sysmon",
        "sysmon_eid11_detections",
        "windows"
      ]
    },
    "agent": {
      "id": "005",
      "name": "WS10",
      "ip": "192.168.30.24"
    },
    "manager": {
      "name": "wazuh-server"
    },
    "id": "1775040780.3902539",
    "decoder": {
      "name": "windows_eventchannel"
    },
    "data": {
      "win": {
        "system": {
          "providerName": "Microsoft-Windows-Sysmon",
          "providerGuid": "{5770385f-c22a-43e0-bf4c-06f5698ffbd9}",
          "eventID": "11",
          "version": "2",
          "level": "4",
          "task": "11",
          "opcode": "0",
          "keywords": "0x8000000000000000",
          "systemTime": "2026-04-01T08:53:06.4630273Z",
          "eventRecordID": "352016",
          "processID": "7940",
          "threadID": "8064",
          "channel": "Microsoft-Windows-Sysmon/Operational",
          "computer": "WS10",
          "severityValue": "INFORMATION",
          "message": "\"File created:\r\nRuleName: DLL\r\nUtcTime: 2026-04-01 08:53:06.462\r\nProcessGuid: {d9a99926-dcee-69cc-370a-000000000600}\r\nProcessId: 1092\r\nImage: C:\\Windows\\system32\\cleanmgr.exe\r\nTargetFilename: C:\\Users\\ADMINI~1\\AppData\\Local\\Temp\\5FE6F981-F2F7-4AD2-925D-E3765FB71CD6\\GenericProvider.dll\r\nCreationUtcTime: 2026-04-01 08:53:06.461\r\nUser: WS10\\Administrator\""
        },
        "eventdata": {
          "ruleName": "DLL",
          "utcTime": "2026-04-01 08:53:06.462",
          "processGuid": "{d9a99926-dcee-69cc-370a-000000000600}",
          "processId": "1092",
          "image": "C:\\\\Windows\\\\system32\\\\cleanmgr.exe",
          "targetFilename": "C:\\\\Users\\\\ADMINI~1\\\\AppData\\\\Local\\\\Temp\\\\5FE6F981-F2F7-4AD2-925D-E3765FB71CD6\\\\GenericProvider.dll",
          "creationUtcTime": "2026-04-01 08:53:06.461",
          "user": "WS10\\\\Administrator"
        }
      }
    },
    "location": "EventChannel",
    "_inferred_source_ip": "192.168.30.24",
    "_capture_session": "apt-20260401-104703_20260401_104703",
    "_captured_at_utc": "2026-04-01T08:53:30Z"
  },
