  {
    "timestamp": "2026-04-01T10:53:00.836+0000",
    "rule": {
      "level": 15,
      "description": "Executable file dropped in folder commonly used by malware",
      "id": "92213",
      "mitre": {
        "id": [
          "T1105"
        ],
        "tactic": [
          "Command and Control"
        ],
        "technique": [
          "Ingress Tool Transfer"
        ]
      },
      "firedtimes": 42,
      "mail": true,
      "groups": [
        "sysmon",
        "sysmon_eid11_detections",
        "windows"
      ]
    },
    "agent": {
      "id": "005",
      "name": "WS10",
      "ip": "192.168.30.24"
    },
    "manager": {
      "name": "wazuh-server"
    },
    "id": "1775040780.3905316",
    "decoder": {
      "name": "windows_eventchannel"
    },
    "data": {
      "win": {
        "system": {
          "providerName": "Microsoft-Windows-Sysmon",
          "providerGuid": "{5770385f-c22a-43e0-bf4c-06f5698ffbd9}",
          "eventID": "11",
          "version": "2",
          "level": "4",
          "task": "11",
          "opcode": "0",
          "keywords": "0x8000000000000000",
          "systemTime": "2026-04-01T08:53:06.4673413Z",
          "eventRecordID": "352017",
          "processID": "7940",
          "threadID": "8064",
          "channel": "Microsoft-Windows-Sysmon/Operational",
          "computer": "WS10",
          "severityValue": "INFORMATION",
          "message": "\"File created:\r\nRuleName: DLL\r\nUtcTime: 2026-04-01 08:53:06.466\r\nProcessGuid: {d9a99926-dcee-69cc-370a-000000000600}\r\nProcessId: 1092\r\nImage: C:\\Windows\\system32\\cleanmgr.exe\r\nTargetFilename: C:\\Users\\ADMINI~1\\AppData\\Local\\Temp\\5FE6F981-F2F7-4AD2-925D-E3765FB71CD6\\IBSProvider.dll\r\nCreationUtcTime: 2026-04-01 08:53:06.466\r\nUser: WS10\\Administrator\""
        },
        "eventdata": {
          "ruleName": "DLL",
          "utcTime": "2026-04-01 08:53:06.466",
          "processGuid": "{d9a99926-dcee-69cc-370a-000000000600}",
          "processId": "1092",
          "image": "C:\\\\Windows\\\\system32\\\\cleanmgr.exe",
          "targetFilename": "C:\\\\Users\\\\ADMINI~1\\\\AppData\\\\Local\\\\Temp\\\\5FE6F981-F2F7-4AD2-925D-E3765FB71CD6\\\\IBSProvider.dll",
          "creationUtcTime": "2026-04-01 08:53:06.466",
          "user": "WS10\\\\Administrator"
        }
      }
    },
    "location": "EventChannel",
    "_inferred_source_ip": "192.168.30.24",
    "_capture_session": "apt-20260401-104703_20260401_104703",
    "_captured_at_utc": "2026-04-01T08:53:30Z"
  },
  {
    "timestamp": "2026-04-01T10:53:00.866+0000",
    "rule": {
      "level": 15,
      "description": "Executable file dropped in folder commonly used by malware",
      "id": "92213",
      "mitre": {
        "id": [
          "T1105"
        ],
        "tactic": [
          "Command and Control"
        ],
        "technique": [
          "Ingress Tool Transfer"
        ]
      },
      "firedtimes": 43,
      "mail": true,
      "groups": [
        "sysmon",
        "sysmon_eid11_detections",
        "windows"
      ]
    },
    "agent": {
      "id": "005",
      "name": "WS10",
      "ip": "192.168.30.24"
    },
    "manager": {
      "name": "wazuh-server"
    },
    "id": "1775040780.3908077",
    "decoder": {
      "name": "windows_eventchannel"
    },
    "data": {
      "win": {
        "system": {
          "providerName": "Microsoft-Windows-Sysmon",
          "providerGuid": "{5770385f-c22a-43e0-bf4c-06f5698ffbd9}",
          "eventID": "11",
          "version": "2",
          "level": "4",
          "task": "11",
          "opcode": "0",
          "keywords": "0x8000000000000000",
          "systemTime": "2026-04-01T08:53:06.4704837Z",
          "eventRecordID": "352018",
          "processID": "7940",
          "threadID": "8064",
          "channel": "Microsoft-Windows-Sysmon/Operational",
          "computer": "WS10",
          "severityValue": "INFORMATION",
          "message": "\"File created:\r\nRuleName: DLL\r\nUtcTime: 2026-04-01 08:53:06.470\r\nProcessGuid: {d9a99926-dcee-69cc-370a-000000000600}\r\nProcessId: 1092\r\nImage: C:\\Windows\\system32\\cleanmgr.exe\r\nTargetFilename: C:\\Users\\ADMINI~1\\AppData\\Local\\Temp\\5FE6F981-F2F7-4AD2-925D-E3765FB71CD6\\ImagingProvider.dll\r\nCreationUtcTime: 2026-04-01 08:53:06.470\r\nUser: WS10\\Administrator\""
        },
        "eventdata": {
          "ruleName": "DLL",
          "utcTime": "2026-04-01 08:53:06.470",
          "processGuid": "{d9a99926-dcee-69cc-370a-000000000600}",
          "processId": "1092",
          "image": "C:\\\\Windows\\\\system32\\\\cleanmgr.exe",
          "targetFilename": "C:\\\\Users\\\\ADMINI~1\\\\AppData\\\\Local\\\\Temp\\\\5FE6F981-F2F7-4AD2-925D-E3765FB71CD6\\\\ImagingProvider.dll",
          "creationUtcTime": "2026-04-01 08:53:06.470",
          "user": "WS10\\\\Administrator"
        }
      }
    },
    "location": "EventChannel",
    "_inferred_source_ip": "192.168.30.24",
    "_capture_session": "apt-20260401-104703_20260401_104703",
    "_captured_at_utc": "2026-04-01T08:53:30Z"
  },
  {
    "timestamp": "2026-04-01T10:53:00.928+0000",
    "rule": {
      "level": 15,
      "description": "Executable file dropped in folder commonly used by malware",
      "id": "92213",
      "mitre": {
        "id": [
          "T1105"
        ],
        "tactic": [
          "Command and Control"
        ],
        "technique": [
          "Ingress Tool Transfer"
        ]
      },
      "firedtimes": 44,
      "mail": true,
      "groups": [
        "sysmon",
        "sysmon_eid11_detections",
        "windows"
      ]
    },
    "agent": {
      "id": "005",
      "name": "WS10",
      "ip": "192.168.30.24"
    },
    "manager": {
      "name": "wazuh-server"
    },
    "id": "1775040780.3910854",
    "decoder": {
      "name": "windows_eventchannel"
    },
    "data": {
      "win": {
        "system": {
          "providerName": "Microsoft-Windows-Sysmon",
          "providerGuid": "{5770385f-c22a-43e0-bf4c-06f5698ffbd9}",
          "eventID": "11",
          "version": "2",
          "level": "4",
          "task": "11",
          "opcode": "0",
          "keywords": "0x8000000000000000",
          "systemTime": "2026-04-01T08:53:06.4757561Z",
          "eventRecordID": "352023",
          "processID": "7940",
          "threadID": "8064",
          "channel": "Microsoft-Windows-Sysmon/Operational",
          "computer": "WS10",
          "severityValue": "INFORMATION",
          "message": "\"File created:\r\nRuleName: DLL\r\nUtcTime: 2026-04-01 08:53:06.475\r\nProcessGuid: {d9a99926-dcee-69cc-370a-000000000600}\r\nProcessId: 1092\r\nImage: C:\\Windows\\system32\\cleanmgr.exe\r\nTargetFilename: C:\\Users\\ADMINI~1\\AppData\\Local\\Temp\\5FE6F981-F2F7-4AD2-925D-E3765FB71CD6\\IntlProvider.dll\r\nCreationUtcTime: 2026-04-01 08:53:06.475\r\nUser: WS10\\Administrator\""
        },
        "eventdata": {
          "ruleName": "DLL",
          "utcTime": "2026-04-01 08:53:06.475",
          "processGuid": "{d9a99926-dcee-69cc-370a-000000000600}",
          "processId": "1092",
          "image": "C:\\\\Windows\\\\system32\\\\cleanmgr.exe",
          "targetFilename": "C:\\\\Users\\\\ADMINI~1\\\\AppData\\\\Local\\\\Temp\\\\5FE6F981-F2F7-4AD2-925D-E3765FB71CD6\\\\IntlProvider.dll",
          "creationUtcTime": "2026-04-01 08:53:06.475",
          "user": "WS10\\\\Administrator"
        }
      }
    },
    "location": "EventChannel",
    "_inferred_source_ip": "192.168.30.24",
    "_capture_session": "apt-20260401-104703_20260401_104703",
    "_captured_at_utc": "2026-04-01T08:53:30Z"
  },
  {
    "timestamp": "2026-04-01T10:53:00.943+0000",
    "rule": {
      "level": 15,
      "description": "Executable file dropped in folder commonly used by malware",
      "id": "92213",
      "mitre": {
        "id": [
          "T1105"
        ],
        "tactic": [
          "Command and Control"
        ],
        "technique": [
          "Ingress Tool Transfer"
        ]
      },
      "firedtimes": 45,
      "mail": true,
      "groups": [
        "sysmon",
        "sysmon_eid11_detections",
        "windows"
      ]
    },
    "agent": {
      "id": "005",
      "name": "WS10",
      "ip": "192.168.30.24"
    },
    "manager": {
      "name": "wazuh-server"
    },
    "id": "1775040780.3913619",
    "decoder": {
      "name": "windows_eventchannel"
    },
    "data": {
      "win": {
        "system": {
          "providerName": "Microsoft-Windows-Sysmon",
          "providerGuid": "{5770385f-c22a-43e0-bf4c-06f5698ffbd9}",
          "eventID": "11",
          "version": "2",
          "level": "4",
          "task": "11",
          "opcode": "0",
          "keywords": "0x8000000000000000",
          "systemTime": "2026-04-01T08:53:06.5272615Z",
          "eventRecordID": "352024",
          "processID": "7940",
          "threadID": "8064",
          "channel": "Microsoft-Windows-Sysmon/Operational",
          "computer": "WS10",
          "severityValue": "INFORMATION",
          "message": "\"File created:\r\nRuleName: DLL\r\nUtcTime: 2026-04-01 08:53:06.526\r\nProcessGuid: {d9a99926-dcee-69cc-370a-000000000600}\r\nProcessId: 1092\r\nImage: C:\\Windows\\system32\\cleanmgr.exe\r\nTargetFilename: C:\\Users\\ADMINI~1\\AppData\\Local\\Temp\\5FE6F981-F2F7-4AD2-925D-E3765FB71CD6\\LogProvider.dll\r\nCreationUtcTime: 2026-04-01 08:53:06.526\r\nUser: WS10\\Administrator\""
        },
        "eventdata": {
          "ruleName": "DLL",
          "utcTime": "2026-04-01 08:53:06.526",
          "processGuid": "{d9a99926-dcee-69cc-370a-000000000600}",
          "processId": "1092",
          "image": "C:\\\\Windows\\\\system32\\\\cleanmgr.exe",
          "targetFilename": "C:\\\\Users\\\\ADMINI~1\\\\AppData\\\\Local\\\\Temp\\\\5FE6F981-F2F7-4AD2-925D-E3765FB71CD6\\\\LogProvider.dll",
          "creationUtcTime": "2026-04-01 08:53:06.526",
          "user": "WS10\\\\Administrator"
        }
      }
    },
    "location": "EventChannel",
    "_inferred_source_ip": "192.168.30.24",
    "_capture_session": "apt-20260401-104703_20260401_104703",
    "_captured_at_utc": "2026-04-01T08:53:30Z"
  },
  {
    "timestamp": "2026-04-01T10:53:00.958+0000",
    "rule": {
      "level": 15,
      "description": "Executable file dropped in folder commonly used by malware",
      "id": "92213",
      "mitre": {
        "id": [
          "T1105"
        ],
        "tactic": [
          "Command and Control"
        ],
        "technique": [
          "Ingress Tool Transfer"
        ]
      },
      "firedtimes": 46,
      "mail": true,
      "groups": [
        "sysmon",
        "sysmon_eid11_detections",
        "windows"
      ]
    },
    "agent": {
      "id": "005",
      "name": "WS10",
      "ip": "192.168.30.24"
    },
    "manager": {
      "name": "wazuh-server"
    },
    "id": "1775040780.3916380",
    "decoder": {
      "name": "windows_eventchannel"
    },
    "data": {
      "win": {
        "system": {
          "providerName": "Microsoft-Windows-Sysmon",
          "providerGuid": "{5770385f-c22a-43e0-bf4c-06f5698ffbd9}",
          "eventID": "11",
          "version": "2",
          "level": "4",
          "task": "11",
          "opcode": "0",
          "keywords": "0x8000000000000000",
          "systemTime": "2026-04-01T08:53:06.5292945Z",
          "eventRecordID": "352025",
          "processID": "7940",
          "threadID": "8064",
          "channel": "Microsoft-Windows-Sysmon/Operational",
          "computer": "WS10",
          "severityValue": "INFORMATION",
          "message": "\"File created:\r\nRuleName: DLL\r\nUtcTime: 2026-04-01 08:53:06.529\r\nProcessGuid: {d9a99926-dcee-69cc-370a-000000000600}\r\nProcessId: 1092\r\nImage: C:\\Windows\\system32\\cleanmgr.exe\r\nTargetFilename: C:\\Users\\ADMINI~1\\AppData\\Local\\Temp\\5FE6F981-F2F7-4AD2-925D-E3765FB71CD6\\MsiProvider.dll\r\nCreationUtcTime: 2026-04-01 08:53:06.529\r\nUser: WS10\\Administrator\""
        },
        "eventdata": {
          "ruleName": "DLL",
          "utcTime": "2026-04-01 08:53:06.529",
          "processGuid": "{d9a99926-dcee-69cc-370a-000000000600}",
          "processId": "1092",
          "image": "C:\\\\Windows\\\\system32\\\\cleanmgr.exe",
          "targetFilename": "C:\\\\Users\\\\ADMINI~1\\\\AppData\\\\Local\\\\Temp\\\\5FE6F981-F2F7-4AD2-925D-E3765FB71CD6\\\\MsiProvider.dll",
          "creationUtcTime": "2026-04-01 08:53:06.529",
          "user": "WS10\\\\Administrator"
        }
      }
    },
    "location": "EventChannel",
    "_inferred_source_ip": "192.168.30.24",
    "_capture_session": "apt-20260401-104703_20260401_104703",
    "_captured_at_utc": "2026-04-01T08:53:30Z"
  },
  {
    "timestamp": "2026-04-01T10:53:00.989+0000",
    "rule": {
      "level": 15,
      "description": "Executable file dropped in folder commonly used by malware",
      "id": "92213",
      "mitre": {
        "id": [
          "T1105"
        ],
        "tactic": [
          "Command and Control"
        ],
        "technique": [
          "Ingress Tool Transfer"
        ]
      },
      "firedtimes": 47,
      "mail": true,
      "groups": [
        "sysmon",
        "sysmon_eid11_detections",
        "windows"
      ]
    },
    "agent": {
      "id": "005",
      "name": "WS10",
      "ip": "192.168.30.24"
    },
    "manager": {
      "name": "wazuh-server"
    },
    "id": "1775040780.3919141",
    "decoder": {
      "name": "windows_eventchannel"
    },
    "data": {
      "win": {
        "system": {
          "providerName": "Microsoft-Windows-Sysmon",
          "providerGuid": "{5770385f-c22a-43e0-bf4c-06f5698ffbd9}",
          "eventID": "11",
          "version": "2",
          "level": "4",
          "task": "11",
          "opcode": "0",
          "keywords": "0x8000000000000000",
          "systemTime": "2026-04-01T08:53:06.5361643Z",
          "eventRecordID": "352027",
          "processID": "7940",
          "threadID": "8064",
          "channel": "Microsoft-Windows-Sysmon/Operational",
          "computer": "WS10",
          "severityValue": "INFORMATION",
          "message": "\"File created:\r\nRuleName: DLL\r\nUtcTime: 2026-04-01 08:53:06.535\r\nProcessGuid: {d9a99926-dcee-69cc-370a-000000000600}\r\nProcessId: 1092\r\nImage: C:\\Windows\\system32\\cleanmgr.exe\r\nTargetFilename: C:\\Users\\ADMINI~1\\AppData\\Local\\Temp\\5FE6F981-F2F7-4AD2-925D-E3765FB71CD6\\OSProvider.dll\r\nCreationUtcTime: 2026-04-01 08:53:06.535\r\nUser: WS10\\Administrator\""
        },
        "eventdata": {
          "ruleName": "DLL",
          "utcTime": "2026-04-01 08:53:06.535",
          "processGuid": "{d9a99926-dcee-69cc-370a-000000000600}",
          "processId": "1092",
          "image": "C:\\\\Windows\\\\system32\\\\cleanmgr.exe",
          "targetFilename": "C:\\\\Users\\\\ADMINI~1\\\\AppData\\\\Local\\\\Temp\\\\5FE6F981-F2F7-4AD2-925D-E3765FB71CD6\\\\OSProvider.dll",
          "creationUtcTime": "2026-04-01 08:53:06.535",
          "user": "WS10\\\\Administrator"
        }
      }
    },
    "location": "EventChannel",
    "_inferred_source_ip": "192.168.30.24",
    "_capture_session": "apt-20260401-104703_20260401_104703",
    "_captured_at_utc": "2026-04-01T08:53:30Z"
  },
  {
    "timestamp": "2026-04-01T10:53:00.989+0000",
    "rule": {
      "level": 15,
      "description": "Executable file dropped in folder commonly used by malware",
      "id": "92213",
      "mitre": {
        "id": [
          "T1105"
        ],
        "tactic": [
          "Command and Control"
        ],
        "technique": [
          "Ingress Tool Transfer"
        ]
      },
      "firedtimes": 48,
      "mail": true,
      "groups": [
        "sysmon",
        "sysmon_eid11_detections",
        "windows"
      ]
    },
    "agent": {
      "id": "005",
      "name": "WS10",
      "ip": "192.168.30.24"
    },
    "manager": {
      "name": "wazuh-server"
    },
    "id": "1775040780.3921898",
    "decoder": {
      "name": "windows_eventchannel"
    },
    "data": {
      "win": {
        "system": {
          "providerName": "Microsoft-Windows-Sysmon",
          "providerGuid": "{5770385f-c22a-43e0-bf4c-06f5698ffbd9}",
          "eventID": "11",
          "version": "2",
          "level": "4",
          "task": "11",
          "opcode": "0",
          "keywords": "0x8000000000000000",
          "systemTime": "2026-04-01T08:53:06.5332305Z",
          "eventRecordID": "352026",
          "processID": "7940",
          "threadID": "8064",
          "channel": "Microsoft-Windows-Sysmon/Operational",
          "computer": "WS10",
          "severityValue": "INFORMATION",
          "message": "\"File created:\r\nRuleName: DLL\r\nUtcTime: 2026-04-01 08:53:06.533\r\nProcessGuid: {d9a99926-dcee-69cc-370a-000000000600}\r\nProcessId: 1092\r\nImage: C:\\Windows\\system32\\cleanmgr.exe\r\nTargetFilename: C:\\Users\\ADMINI~1\\AppData\\Local\\Temp\\5FE6F981-F2F7-4AD2-925D-E3765FB71CD6\\OfflineSetupProvider.dll\r\nCreationUtcTime: 2026-04-01 08:53:06.531\r\nUser: WS10\\Administrator\""
        },
        "eventdata": {
          "ruleName": "DLL",
          "utcTime": "2026-04-01 08:53:06.533",
          "processGuid": "{d9a99926-dcee-69cc-370a-000000000600}",
          "processId": "1092",
          "image": "C:\\\\Windows\\\\system32\\\\cleanmgr.exe",
          "targetFilename": "C:\\\\Users\\\\ADMINI~1\\\\AppData\\\\Local\\\\Temp\\\\5FE6F981-F2F7-4AD2-925D-E3765FB71CD6\\\\OfflineSetupProvider.dll",
          "creationUtcTime": "2026-04-01 08:53:06.531",
          "user": "WS10\\\\Administrator"
        }
      }
    },
    "location": "EventChannel",
    "_inferred_source_ip": "192.168.30.24",
    "_capture_session": "apt-20260401-104703_20260401_104703",
    "_captured_at_utc": "2026-04-01T08:53:30Z"
  },
  {
    "timestamp": "2026-04-01T10:53:01.004+0000",
    "rule": {
      "level": 15,
      "description": "Executable file dropped in folder commonly used by malware",
      "id": "92213",
      "mitre": {
        "id": [
          "T1105"
        ],
        "tactic": [
          "Command and Control"
        ],
        "technique": [
          "Ingress Tool Transfer"
        ]
      },
      "firedtimes": 49,
      "mail": true,
      "groups": [
        "sysmon",
        "sysmon_eid11_detections",
        "windows"
      ]
    },
    "agent": {
      "id": "005",
      "name": "WS10",
      "ip": "192.168.30.24"
    },
    "manager": {
      "name": "wazuh-server"
    },
    "id": "1775040781.3924695",
    "decoder": {
      "name": "windows_eventchannel"
    },
    "data": {
      "win": {
        "system": {
          "providerName": "Microsoft-Windows-Sysmon",
          "providerGuid": "{5770385f-c22a-43e0-bf4c-06f5698ffbd9}",
          "eventID": "11",
          "version": "2",
          "level": "4",
          "task": "11",
          "opcode": "0",
          "keywords": "0x8000000000000000",
          "systemTime": "2026-04-01T08:53:06.5387588Z",
          "eventRecordID": "352028",
          "processID": "7940",
          "threadID": "8064",
          "channel": "Microsoft-Windows-Sysmon/Operational",
          "computer": "WS10",
          "severityValue": "INFORMATION",
          "message": "\"File created:\r\nRuleName: DLL\r\nUtcTime: 2026-04-01 08:53:06.538\r\nProcessGuid: {d9a99926-dcee-69cc-370a-000000000600}\r\nProcessId: 1092\r\nImage: C:\\Windows\\system32\\cleanmgr.exe\r\nTargetFilename: C:\\Users\\ADMINI~1\\AppData\\Local\\Temp\\5FE6F981-F2F7-4AD2-925D-E3765FB71CD6\\ProvProvider.dll\r\nCreationUtcTime: 2026-04-01 08:53:06.538\r\nUser: WS10\\Administrator\""
        },
        "eventdata": {
          "ruleName": "DLL",
          "utcTime": "2026-04-01 08:53:06.538",
          "processGuid": "{d9a99926-dcee-69cc-370a-000000000600}",
          "processId": "1092",
          "image": "C:\\\\Windows\\\\system32\\\\cleanmgr.exe",
          "targetFilename": "C:\\\\Users\\\\ADMINI~1\\\\AppData\\\\Local\\\\Temp\\\\5FE6F981-F2F7-4AD2-925D-E3765FB71CD6\\\\ProvProvider.dll",
          "creationUtcTime": "2026-04-01 08:53:06.538",
          "user": "WS10\\\\Administrator"
        }
      }
    },
    "location": "EventChannel",
    "_inferred_source_ip": "192.168.30.24",
    "_capture_session": "apt-20260401-104703_20260401_104703",
    "_captured_at_utc": "2026-04-01T08:53:30Z"
  },
  {
    "timestamp": "2026-04-01T10:53:01.081+0000",
    "rule": {
      "level": 15,
      "description": "Executable file dropped in folder commonly used by malware",
      "id": "92213",
      "mitre": {
        "id": [
          "T1105"
        ],
        "tactic": [
          "Command and Control"
        ],
        "technique": [
          "Ingress Tool Transfer"
        ]
      },
      "firedtimes": 50,
      "mail": true,
      "groups": [
        "sysmon",
        "sysmon_eid11_detections",
        "windows"
      ]
    },
    "agent": {
      "id": "005",
      "name": "WS10",
      "ip": "192.168.30.24"
    },
    "manager": {
      "name": "wazuh-server"
    },
    "id": "1775040781.3927460",
    "decoder": {
      "name": "windows_eventchannel"
    },
    "data": {
      "win": {
        "system": {
          "providerName": "Microsoft-Windows-Sysmon",
          "providerGuid": "{5770385f-c22a-43e0-bf4c-06f5698ffbd9}",
          "eventID": "11",
          "version": "2",
          "level": "4",
          "task": "11",
          "opcode": "0",
          "keywords": "0x8000000000000000",
          "systemTime": "2026-04-01T08:53:06.5443417Z",
          "eventRecordID": "352032",
          "processID": "7940",
          "threadID": "8064",
          "channel": "Microsoft-Windows-Sysmon/Operational",
          "computer": "WS10",
          "severityValue": "INFORMATION",
          "message": "\"File created:\r\nRuleName: DLL\r\nUtcTime: 2026-04-01 08:53:06.543\r\nProcessGuid: {d9a99926-dcee-69cc-370a-000000000600}\r\nProcessId: 1092\r\nImage: C:\\Windows\\system32\\cleanmgr.exe\r\nTargetFilename: C:\\Users\\ADMINI~1\\AppData\\Local\\Temp\\5FE6F981-F2F7-4AD2-925D-E3765FB71CD6\\SetupPlatformProvider.dll\r\nCreationUtcTime: 2026-04-01 08:53:06.543\r\nUser: WS10\\Administrator\""
        },
        "eventdata": {
          "ruleName": "DLL",
          "utcTime": "2026-04-01 08:53:06.543",
          "processGuid": "{d9a99926-dcee-69cc-370a-000000000600}",
          "processId": "1092",
          "image": "C:\\\\Windows\\\\system32\\\\cleanmgr.exe",
          "targetFilename": "C:\\\\Users\\\\ADMINI~1\\\\AppData\\\\Local\\\\Temp\\\\5FE6F981-F2F7-4AD2-925D-E3765FB71CD6\\\\SetupPlatformProvider.dll",
          "creationUtcTime": "2026-04-01 08:53:06.543",
          "user": "WS10\\\\Administrator"
        }
      }
    },
    "location": "EventChannel",
    "_inferred_source_ip": "192.168.30.24",
    "_capture_session": "apt-20260401-104703_20260401_104703",
    "_captured_at_utc": "2026-04-01T08:53:30Z"
  },
  {
    "timestamp": "2026-04-01T10:53:01.096+0000",
    "rule": {
      "level": 15,
      "description": "Executable file dropped in folder commonly used by malware",
      "id": "92213",
      "mitre": {
        "id": [
          "T1105"
        ],
        "tactic": [
          "Command and Control"
        ],
        "technique": [
          "Ingress Tool Transfer"
        ]
      },
      "firedtimes": 51,
      "mail": true,
      "groups": [
        "sysmon",
        "sysmon_eid11_detections",
        "windows"
      ]
    },
    "agent": {
      "id": "005",
      "name": "WS10",
      "ip": "192.168.30.24"
    },
    "manager": {
      "name": "wazuh-server"
    },
    "id": "1775040781.3930261",
    "decoder": {
      "name": "windows_eventchannel"
    },
    "data": {
      "win": {
        "system": {
          "providerName": "Microsoft-Windows-Sysmon",
          "providerGuid": "{5770385f-c22a-43e0-bf4c-06f5698ffbd9}",
          "eventID": "11",
          "version": "2",
          "level": "4",
          "task": "11",
          "opcode": "0",
          "keywords": "0x8000000000000000",
          "systemTime": "2026-04-01T08:53:06.5478505Z",
          "eventRecordID": "352033",
          "processID": "7940",
          "threadID": "8064",
          "channel": "Microsoft-Windows-Sysmon/Operational",
          "computer": "WS10",
          "severityValue": "INFORMATION",
          "message": "\"File created:\r\nRuleName: DLL\r\nUtcTime: 2026-04-01 08:53:06.546\r\nProcessGuid: {d9a99926-dcee-69cc-370a-000000000600}\r\nProcessId: 1092\r\nImage: C:\\Windows\\system32\\cleanmgr.exe\r\nTargetFilename: C:\\Users\\ADMINI~1\\AppData\\Local\\Temp\\5FE6F981-F2F7-4AD2-925D-E3765FB71CD6\\SmiProvider.dll\r\nCreationUtcTime: 2026-04-01 08:53:06.546\r\nUser: WS10\\Administrator\""
        },
        "eventdata": {
          "ruleName": "DLL",
          "utcTime": "2026-04-01 08:53:06.546",
          "processGuid": "{d9a99926-dcee-69cc-370a-000000000600}",
          "processId": "1092",
          "image": "C:\\\\Windows\\\\system32\\\\cleanmgr.exe",
          "targetFilename": "C:\\\\Users\\\\ADMINI~1\\\\AppData\\\\Local\\\\Temp\\\\5FE6F981-F2F7-4AD2-925D-E3765FB71CD6\\\\SmiProvider.dll",
          "creationUtcTime": "2026-04-01 08:53:06.546",
          "user": "WS10\\\\Administrator"
        }
      }
    },
    "location": "EventChannel",
    "_inferred_source_ip": "192.168.30.24",
    "_capture_session": "apt-20260401-104703_20260401_104703",
    "_captured_at_utc": "2026-04-01T08:53:30Z"
  },
  {
    "timestamp": "2026-04-01T10:53:01.112+0000",
    "rule": {
      "level": 15,
      "description": "Executable file dropped in folder commonly used by malware",
      "id": "92213",
      "mitre": {
        "id": [
          "T1105"
        ],
        "tactic": [
          "Command and Control"
        ],
        "technique": [
          "Ingress Tool Transfer"
        ]
      },
      "firedtimes": 52,
      "mail": true,
      "groups": [
        "sysmon",
        "sysmon_eid11_detections",
        "windows"
      ]
    },
    "agent": {
      "id": "005",
      "name": "WS10",
      "ip": "192.168.30.24"
    },
    "manager": {
      "name": "wazuh-server"
    },
    "id": "1775040781.3933022",
    "decoder": {
      "name": "windows_eventchannel"
    },
    "data": {
      "win": {
        "system": {
          "providerName": "Microsoft-Windows-Sysmon",
          "providerGuid": "{5770385f-c22a-43e0-bf4c-06f5698ffbd9}",
          "eventID": "11",
          "version": "2",
          "level": "4",
          "task": "11",
          "opcode": "0",
          "keywords": "0x8000000000000000",
          "systemTime": "2026-04-01T08:53:06.5515603Z",
          "eventRecordID": "352034",
          "processID": "7940",
          "threadID": "8064",
          "channel": "Microsoft-Windows-Sysmon/Operational",
          "computer": "WS10",
          "severityValue": "INFORMATION",
          "message": "\"File created:\r\nRuleName: DLL\r\nUtcTime: 2026-04-01 08:53:06.550\r\nProcessGuid: {d9a99926-dcee-69cc-370a-000000000600}\r\nProcessId: 1092\r\nImage: C:\\Windows\\system32\\cleanmgr.exe\r\nTargetFilename: C:\\Users\\ADMINI~1\\AppData\\Local\\Temp\\5FE6F981-F2F7-4AD2-925D-E3765FB71CD6\\SysprepProvider.dll\r\nCreationUtcTime: 2026-04-01 08:53:06.550\r\nUser: WS10\\Administrator\""
        },
        "eventdata": {
          "ruleName": "DLL",
          "utcTime": "2026-04-01 08:53:06.550",
          "processGuid": "{d9a99926-dcee-69cc-370a-000000000600}",
          "processId": "1092",
          "image": "C:\\\\Windows\\\\system32\\\\cleanmgr.exe",
          "targetFilename": "C:\\\\Users\\\\ADMINI~1\\\\AppData\\\\Local\\\\Temp\\\\5FE6F981-F2F7-4AD2-925D-E3765FB71CD6\\\\SysprepProvider.dll",
          "creationUtcTime": "2026-04-01 08:53:06.550",
          "user": "WS10\\\\Administrator"
        }
      }
    },
    "location": "EventChannel",
    "_inferred_source_ip": "192.168.30.24",
    "_capture_session": "apt-20260401-104703_20260401_104703",
    "_captured_at_utc": "2026-04-01T08:53:30Z"
  },
  {
    "timestamp": "2026-04-01T10:53:01.189+0000",
    "rule": {
      "level": 15,
      "description": "Executable file dropped in folder commonly used by malware",
      "id": "92213",
      "mitre": {
        "id": [
          "T1105"
        ],
        "tactic": [
          "Command and Control"
        ],
        "technique": [
          "Ingress Tool Transfer"
        ]
      },
      "firedtimes": 53,
      "mail": true,
      "groups": [
        "sysmon",
        "sysmon_eid11_detections",
        "windows"
      ]
    },
    "agent": {
      "id": "005",
      "name": "WS10",
      "ip": "192.168.30.24"
    },
    "manager": {
      "name": "wazuh-server"
    },
    "id": "1775040781.3935799",
    "decoder": {
      "name": "windows_eventchannel"
    },
    "data": {
      "win": {
        "system": {
          "providerName": "Microsoft-Windows-Sysmon",
          "providerGuid": "{5770385f-c22a-43e0-bf4c-06f5698ffbd9}",
          "eventID": "11",
          "version": "2",
          "level": "4",
          "task": "11",
          "opcode": "0",
          "keywords": "0x8000000000000000",
          "systemTime": "2026-04-01T08:53:06.5573639Z",
          "eventRecordID": "352039",
          "processID": "7940",
          "threadID": "8064",
          "channel": "Microsoft-Windows-Sysmon/Operational",
          "computer": "WS10",
          "severityValue": "INFORMATION",
          "message": "\"File created:\r\nRuleName: DLL\r\nUtcTime: 2026-04-01 08:53:06.556\r\nProcessGuid: {d9a99926-dcee-69cc-370a-000000000600}\r\nProcessId: 1092\r\nImage: C:\\Windows\\system32\\cleanmgr.exe\r\nTargetFilename: C:\\Users\\ADMINI~1\\AppData\\Local\\Temp\\5FE6F981-F2F7-4AD2-925D-E3765FB71CD6\\TransmogProvider.dll\r\nCreationUtcTime: 2026-04-01 08:53:06.555\r\nUser: WS10\\Administrator\""
        },
        "eventdata": {
          "ruleName": "DLL",
          "utcTime": "2026-04-01 08:53:06.556",
          "processGuid": "{d9a99926-dcee-69cc-370a-000000000600}",
          "processId": "1092",
          "image": "C:\\\\Windows\\\\system32\\\\cleanmgr.exe",
          "targetFilename": "C:\\\\Users\\\\ADMINI~1\\\\AppData\\\\Local\\\\Temp\\\\5FE6F981-F2F7-4AD2-925D-E3765FB71CD6\\\\TransmogProvider.dll",
          "creationUtcTime": "2026-04-01 08:53:06.555",
          "user": "WS10\\\\Administrator"
        }
      }
    },
    "location": "EventChannel",
    "_inferred_source_ip": "192.168.30.24",
    "_capture_session": "apt-20260401-104703_20260401_104703",
    "_captured_at_utc": "2026-04-01T08:53:30Z"
  },
  {
    "timestamp": "2026-04-01T10:53:01.204+0000",
    "rule": {
      "level": 15,
      "description": "Executable file dropped in folder commonly used by malware",
      "id": "92213",
      "mitre": {
        "id": [
          "T1105"
        ],
        "tactic": [
          "Command and Control"
        ],
        "technique": [
          "Ingress Tool Transfer"
        ]
      },
      "firedtimes": 54,
      "mail": true,
      "groups": [
        "sysmon",
        "sysmon_eid11_detections",
        "windows"
      ]
    },
    "agent": {
      "id": "005",
      "name": "WS10",
      "ip": "192.168.30.24"
    },
    "manager": {
      "name": "wazuh-server"
    },
    "id": "1775040781.3938580",
    "decoder": {
      "name": "windows_eventchannel"
    },
    "data": {
      "win": {
        "system": {
          "providerName": "Microsoft-Windows-Sysmon",
          "providerGuid": "{5770385f-c22a-43e0-bf4c-06f5698ffbd9}",
          "eventID": "11",
          "version": "2",
          "level": "4",
          "task": "11",
          "opcode": "0",
          "keywords": "0x8000000000000000",
          "systemTime": "2026-04-01T08:53:06.5653252Z",
          "eventRecordID": "352040",
          "processID": "7940",
          "threadID": "8064",
          "channel": "Microsoft-Windows-Sysmon/Operational",
          "computer": "WS10",
          "severityValue": "INFORMATION",
          "message": "\"File created:\r\nRuleName: DLL\r\nUtcTime: 2026-04-01 08:53:06.564\r\nProcessGuid: {d9a99926-dcee-69cc-370a-000000000600}\r\nProcessId: 1092\r\nImage: C:\\Windows\\system32\\cleanmgr.exe\r\nTargetFilename: C:\\Users\\ADMINI~1\\AppData\\Local\\Temp\\5FE6F981-F2F7-4AD2-925D-E3765FB71CD6\\UnattendProvider.dll\r\nCreationUtcTime: 2026-04-01 08:53:06.564\r\nUser: WS10\\Administrator\""
        },
        "eventdata": {
          "ruleName": "DLL",
          "utcTime": "2026-04-01 08:53:06.564",
          "processGuid": "{d9a99926-dcee-69cc-370a-000000000600}",
          "processId": "1092",
          "image": "C:\\\\Windows\\\\system32\\\\cleanmgr.exe",
          "targetFilename": "C:\\\\Users\\\\ADMINI~1\\\\AppData\\\\Local\\\\Temp\\\\5FE6F981-F2F7-4AD2-925D-E3765FB71CD6\\\\UnattendProvider.dll",
          "creationUtcTime": "2026-04-01 08:53:06.564",
          "user": "WS10\\\\Administrator"
        }
      }
    },
    "location": "EventChannel",
    "_inferred_source_ip": "192.168.30.24",
    "_capture_session": "apt-20260401-104703_20260401_104703",
    "_captured_at_utc": "2026-04-01T08:53:31Z"
  },
  {
    "timestamp": "2026-04-01T10:53:01.248+0000",
    "rule": {
      "level": 15,
      "description": "Executable file dropped in folder commonly used by malware",
      "id": "92213",
      "mitre": {
        "id": [
          "T1105"
        ],
        "tactic": [
          "Command and Control"
        ],
        "technique": [
          "Ingress Tool Transfer"
        ]
      },
      "firedtimes": 55,
      "mail": true,
      "groups": [
        "sysmon",
        "sysmon_eid11_detections",
        "windows"
      ]
    },
    "agent": {
      "id": "005",
      "name": "WS10",
      "ip": "192.168.30.24"
    },
    "manager": {
      "name": "wazuh-server"
    },
    "id": "1775040781.3941361",
    "decoder": {
      "name": "windows_eventchannel"
    },
    "data": {
      "win": {
        "system": {
          "providerName": "Microsoft-Windows-Sysmon",
          "providerGuid": "{5770385f-c22a-43e0-bf4c-06f5698ffbd9}",
          "eventID": "11",
          "version": "2",
          "level": "4",
          "task": "11",
          "opcode": "0",
          "keywords": "0x8000000000000000",
          "systemTime": "2026-04-01T08:53:06.5711465Z",
          "eventRecordID": "352042",
          "processID": "7940",
          "threadID": "8064",
          "channel": "Microsoft-Windows-Sysmon/Operational",
          "computer": "WS10",
          "severityValue": "INFORMATION",
          "message": "\"File created:\r\nRuleName: DLL\r\nUtcTime: 2026-04-01 08:53:06.570\r\nProcessGuid: {d9a99926-dcee-69cc-370a-000000000600}\r\nProcessId: 1092\r\nImage: C:\\Windows\\system32\\cleanmgr.exe\r\nTargetFilename: C:\\Users\\ADMINI~1\\AppData\\Local\\Temp\\5FE6F981-F2F7-4AD2-925D-E3765FB71CD6\\WimProvider.dll\r\nCreationUtcTime: 2026-04-01 08:53:06.570\r\nUser: WS10\\Administrator\""
        },
        "eventdata": {
          "ruleName": "DLL",
          "utcTime": "2026-04-01 08:53:06.570",
          "processGuid": "{d9a99926-dcee-69cc-370a-000000000600}",
          "processId": "1092",
          "image": "C:\\\\Windows\\\\system32\\\\cleanmgr.exe",
          "targetFilename": "C:\\\\Users\\\\ADMINI~1\\\\AppData\\\\Local\\\\Temp\\\\5FE6F981-F2F7-4AD2-925D-E3765FB71CD6\\\\WimProvider.dll",
          "creationUtcTime": "2026-04-01 08:53:06.570",
          "user": "WS10\\\\Administrator"
        }
      }
    },
    "location": "EventChannel",
    "_inferred_source_ip": "192.168.30.24",
    "_capture_session": "apt-20260401-104703_20260401_104703",
    "_captured_at_utc": "2026-04-01T08:53:31Z"
  },
  {
    "timestamp": "2026-04-01T10:53:01.248+0000",
    "rule": {
      "level": 15,
      "description": "Executable file dropped in folder commonly used by malware",
      "id": "92213",
      "mitre": {
        "id": [
          "T1105"
        ],
        "tactic": [
          "Command and Control"
        ],
        "technique": [
          "Ingress Tool Transfer"
        ]
      },
      "firedtimes": 56,
      "mail": true,
      "groups": [
        "sysmon",
        "sysmon_eid11_detections",
        "windows"
      ]
    },
    "agent": {
      "id": "005",
      "name": "WS10",
      "ip": "192.168.30.24"
    },
    "manager": {
      "name": "wazuh-server"
    },
    "id": "1775040781.3944122",
    "decoder": {
      "name": "windows_eventchannel"
    },
    "data": {
      "win": {
        "system": {
          "providerName": "Microsoft-Windows-Sysmon",
          "providerGuid": "{5770385f-c22a-43e0-bf4c-06f5698ffbd9}",
          "eventID": "11",
          "version": "2",
          "level": "4",
          "task": "11",
          "opcode": "0",
          "keywords": "0x8000000000000000",
          "systemTime": "2026-04-01T08:53:06.5679790Z",
          "eventRecordID": "352041",
          "processID": "7940",
          "threadID": "8064",
          "channel": "Microsoft-Windows-Sysmon/Operational",
          "computer": "WS10",
          "severityValue": "INFORMATION",
          "message": "\"File created:\r\nRuleName: DLL\r\nUtcTime: 2026-04-01 08:53:06.567\r\nProcessGuid: {d9a99926-dcee-69cc-370a-000000000600}\r\nProcessId: 1092\r\nImage: C:\\Windows\\system32\\cleanmgr.exe\r\nTargetFilename: C:\\Users\\ADMINI~1\\AppData\\Local\\Temp\\5FE6F981-F2F7-4AD2-925D-E3765FB71CD6\\VhdProvider.dll\r\nCreationUtcTime: 2026-04-01 08:53:06.566\r\nUser: WS10\\Administrator\""
        },
        "eventdata": {
          "ruleName": "DLL",
          "utcTime": "2026-04-01 08:53:06.567",
          "processGuid": "{d9a99926-dcee-69cc-370a-000000000600}",
          "processId": "1092",
          "image": "C:\\\\Windows\\\\system32\\\\cleanmgr.exe",
          "targetFilename": "C:\\\\Users\\\\ADMINI~1\\\\AppData\\\\Local\\\\Temp\\\\5FE6F981-F2F7-4AD2-925D-E3765FB71CD6\\\\VhdProvider.dll",
          "creationUtcTime": "2026-04-01 08:53:06.566",
          "user": "WS10\\\\Administrator"
        }
      }
    },
    "location": "EventChannel",
    "_inferred_source_ip": "192.168.30.24",
    "_capture_session": "apt-20260401-104703_20260401_104703",
    "_captured_at_utc": "2026-04-01T08:53:31Z"
  },
  {
    "timestamp": "2026-04-01T10:55:30.496+0000",
    "rule": {
      "level": 5,
      "description": "The VSS service is shutting down due to idle timeout.",
      "id": "60702",
      "firedtimes": 3,
      "mail": false,
      "groups": [
        "windows",
        "windows_application"
      ]
    },
    "agent": {
      "id": "005",
      "name": "WS10",
      "ip": "192.168.30.24"
    },
    "manager": {
      "name": "wazuh-server"
    },
    "id": "1775040930.3949343",
    "decoder": {
      "name": "windows_eventchannel"
    },
    "data": {
      "win": {
        "system": {
          "providerName": "VSS",
          "eventID": "8224",
          "version": "0",
          "level": "4",
          "task": "0",
          "opcode": "0",
          "keywords": "0x80000000000000",
          "systemTime": "2026-04-01T08:56:01.2114052Z",
          "eventRecordID": "1892",
          "processID": "0",
          "threadID": "0",
          "channel": "Application",
          "computer": "WS10",
          "severityValue": "INFORMATION",
          "message": "\"È in corso l'arresto del servizio VSS a causa di timeout di inattività. \""
        },
        "eventdata": {
          "binary": "2D20436F64653A2020434F525356434330303030303737342D2043616C6C3A2020434F525356434330303030303735362D205049443A202030303030373133362D205449443A202030303030393133322D20434D443A2020433A5C57696E646F77735C73797374656D33325C76737376632E6578652020202D20557365723A204E616D653A204E5420415554484F524954595C53595354454D2C205349443A532D312D352D313820"
        }
      }
    },
    "location": "EventChannel",
    "_inferred_source_ip": "192.168.30.24",
    "_capture_session": "apt-20260401-104703_20260401_104703",
    "_captured_at_utc": "2026-04-01T08:56:00Z"
  }
]