{"timestamp": "2026-04-02T11:58:57.500+0000", "agent": "wazuh-server", "agent_id": "000", "rule_id": "5715", "level": "3", "groups": "syslog, sshd, authentication_success", "decoder": "sshd", "location": "journald", "src_ip": "192.168.30.14", "mitre_ids": "T1078, T1021", "mitre_tactics": "Defense Evasion, Persistence, Privilege Escalation, Initial Access, Lateral Movement", "mitre_techniques": "Valid Accounts, Remote Services", "description": "sshd: authentication success.", "full_log": "Apr 02 11:58:56 wazuh-server sshd[44128]: Accepted password for root from 192.168.30.14 port 13207 ssh2", "suspicious": true, "suspicious_reason": "mitre, srcip"}
{"timestamp": "2026-04-02T11:58:57.500+0000", "agent": "wazuh-server", "agent_id": "000", "rule_id": "5501", "level": "3", "groups": "pam, syslog, authentication_success", "decoder": "pam", "location": "journald", "src_ip": "-", "mitre_ids": "T1078", "mitre_tactics": "Defense Evasion, Persistence, Privilege Escalation, Initial Access", "mitre_techniques": "Valid Accounts", "description": "PAM: Login session opened.", "full_log": "Apr 02 11:58:56 wazuh-server sshd[44128]: pam_unix(sshd:session): session opened for user root(uid=0) by (uid=0)", "suspicious": true, "suspicious_reason": "mitre"}
{"timestamp": "2026-04-02T11:58:57.500+0000", "agent": "wazuh-server", "agent_id": "000", "rule_id": "5501", "level": "3", "groups": "pam, syslog, authentication_success", "decoder": "pam", "location": "journald", "src_ip": "-", "mitre_ids": "T1078", "mitre_tactics": "Defense Evasion, Persistence, Privilege Escalation, Initial Access", "mitre_techniques": "Valid Accounts", "description": "PAM: Login session opened.", "full_log": "Apr 02 11:58:56 wazuh-server (systemd)[44133]: pam_unix(systemd-user:session): session opened for user root(uid=0) by (uid=0)", "suspicious": true, "suspicious_reason": "mitre"}
{"timestamp": "2026-04-02T12:05:15.598+0000", "agent": "wazuh-server", "agent_id": "000", "rule_id": "5501", "level": "3", "groups": "pam, syslog, authentication_success", "decoder": "pam", "location": "journald", "src_ip": "-", "mitre_ids": "T1078", "mitre_tactics": "Defense Evasion, Persistence, Privilege Escalation, Initial Access", "mitre_techniques": "Valid Accounts", "description": "PAM: Login session opened.", "full_log": "Apr 02 12:05:13 wazuh-server sshd[44203]: pam_unix(sshd:session): session opened for user root(uid=0) by (uid=0)", "suspicious": true, "suspicious_reason": "mitre"}
{"timestamp": "2026-04-02T12:05:15.598+0000", "agent": "wazuh-server", "agent_id": "000", "rule_id": "5501", "level": "3", "groups": "pam, syslog, authentication_success", "decoder": "pam", "location": "journald", "src_ip": "-", "mitre_ids": "T1078", "mitre_tactics": "Defense Evasion, Persistence, Privilege Escalation, Initial Access", "mitre_techniques": "Valid Accounts", "description": "PAM: Login session opened.", "full_log": "Apr 02 12:05:13 wazuh-server (systemd)[44208]: pam_unix(systemd-user:session): session opened for user root(uid=0) by (uid=0)", "suspicious": true, "suspicious_reason": "mitre"}
{"timestamp": "2026-04-02T12:05:29.600+0000", "agent": "wazuh-server", "agent_id": "000", "rule_id": "1002", "level": "2", "groups": "syslog, errors", "decoder": "-", "location": "journald", "src_ip": "-", "mitre_ids": "-", "mitre_tactics": "-", "mitre_techniques": "-", "description": "Unknown problem somewhere in the system.", "full_log": "Apr 02 12:05:27 wazuh-server opensearch-dashboards[3018]: {\"type\":\"error\",\"@timestamp\":\"2026-04-02T12:05:27Z\",\"tags\":[\"connection\",\"client\",\"error\"],\"pid\":3018,\"level\":\"error\",\"error\":{\"message\":\"00514610E27F0000:error:0A000416:SSL routines:ssl3_read_bytes:sslv3 alert certificate unknown:../deps/openssl/openssl/ssl/record/rec_layer_s3.c:1586:SSL alert number 46\\n\",\"name\":\"Error\",\"stack\":\"Error: 00514610E27F0000:error:0A000416:SSL routines:ssl3_read_bytes:sslv3 alert certificate unknown:../deps/openssl/openssl/ssl/record/rec_layer_s3.c:1586:SSL alert number 46\\n\",\"code\":\"ERR_SSL_SSLV3_ALERT_CERTIFICATE_UNKNOWN\"},\"message\":\"00514610E27F0000:error:0A000416:SSL routines:ssl3_read_bytes:sslv3 alert certificate unknown:../deps/openssl/openssl/ssl/record/rec_layer_s3.c:1586:SSL alert number 46\\n\"}", "suspicious": false, "suspicious_reason": ""}
{"timestamp": "2026-04-02T12:05:29.600+0000", "agent": "wazuh-server", "agent_id": "000", "rule_id": "1002", "level": "2", "groups": "syslog, errors", "decoder": "-", "location": "journald", "src_ip": "-", "mitre_ids": "-", "mitre_tactics": "-", "mitre_techniques": "-", "description": "Unknown problem somewhere in the system.", "full_log": "Apr 02 12:05:27 wazuh-server opensearch-dashboards[3018]: {\"type\":\"error\",\"@timestamp\":\"2026-04-02T12:05:27Z\",\"tags\":[\"connection\",\"client\",\"error\"],\"pid\":3018,\"level\":\"error\",\"error\":{\"message\":\"00514610E27F0000:error:0A000416:SSL routines:ssl3_read_bytes:sslv3 alert certificate unknown:../deps/openssl/openssl/ssl/record/rec_layer_s3.c:1586:SSL alert number 46\\n\",\"name\":\"Error\",\"stack\":\"Error: 00514610E27F0000:error:0A000416:SSL routines:ssl3_read_bytes:sslv3 alert certificate unknown:../deps/openssl/openssl/ssl/record/rec_layer_s3.c:1586:SSL alert number 46\\n\",\"code\":\"ERR_SSL_SSLV3_ALERT_CERTIFICATE_UNKNOWN\"},\"message\":\"00514610E27F0000:error:0A000416:SSL routines:ssl3_read_bytes:sslv3 alert certificate unknown:../deps/openssl/openssl/ssl/record/rec_layer_s3.c:1586:SSL alert number 46\\n\"}", "suspicious": false, "suspicious_reason": ""}
{"timestamp": "2026-04-02T12:05:29.600+0000", "agent": "wazuh-server", "agent_id": "000", "rule_id": "1002", "level": "2", "groups": "syslog, errors", "decoder": "-", "location": "journald", "src_ip": "-", "mitre_ids": "-", "mitre_tactics": "-", "mitre_techniques": "-", "description": "Unknown problem somewhere in the system.", "full_log": "Apr 02 12:05:27 wazuh-server opensearch-dashboards[3018]: {\"type\":\"error\",\"@timestamp\":\"2026-04-02T12:05:27Z\",\"tags\":[\"connection\",\"client\",\"error\"],\"pid\":3018,\"level\":\"error\",\"error\":{\"message\":\"00514610E27F0000:error:0A000416:SSL routines:ssl3_read_bytes:sslv3 alert certificate unknown:../deps/openssl/openssl/ssl/record/rec_layer_s3.c:1586:SSL alert number 46\\n\",\"name\":\"Error\",\"stack\":\"Error: 00514610E27F0000:error:0A000416:SSL routines:ssl3_read_bytes:sslv3 alert certificate unknown:../deps/openssl/openssl/ssl/record/rec_layer_s3.c:1586:SSL alert number 46\\n\",\"code\":\"ERR_SSL_SSLV3_ALERT_CERTIFICATE_UNKNOWN\"},\"message\":\"00514610E27F0000:error:0A000416:SSL routines:ssl3_read_bytes:sslv3 alert certificate unknown:../deps/openssl/openssl/ssl/record/rec_layer_s3.c:1586:SSL alert number 46\\n\"}", "suspicious": false, "suspicious_reason": ""}
{"timestamp": "2026-04-02T12:05:29.601+0000", "agent": "wazuh-server", "agent_id": "000", "rule_id": "1002", "level": "2", "groups": "syslog, errors", "decoder": "-", "location": "journald", "src_ip": "-", "mitre_ids": "-", "mitre_tactics": "-", "mitre_techniques": "-", "description": "Unknown problem somewhere in the system.", "full_log": "Apr 02 12:05:27 wazuh-server opensearch-dashboards[3018]: {\"type\":\"error\",\"@timestamp\":\"2026-04-02T12:05:27Z\",\"tags\":[\"connection\",\"client\",\"error\"],\"pid\":3018,\"level\":\"error\",\"error\":{\"message\":\"00514610E27F0000:error:0A000416:SSL routines:ssl3_read_bytes:sslv3 alert certificate unknown:../deps/openssl/openssl/ssl/record/rec_layer_s3.c:1586:SSL alert number 46\\n\",\"name\":\"Error\",\"stack\":\"Error: 00514610E27F0000:error:0A000416:SSL routines:ssl3_read_bytes:sslv3 alert certificate unknown:../deps/openssl/openssl/ssl/record/rec_layer_s3.c:1586:SSL alert number 46\\n\",\"code\":\"ERR_SSL_SSLV3_ALERT_CERTIFICATE_UNKNOWN\"},\"message\":\"00514610E27F0000:error:0A000416:SSL routines:ssl3_read_bytes:sslv3 alert certificate unknown:../deps/openssl/openssl/ssl/record/rec_layer_s3.c:1586:SSL alert number 46\\n\"}", "suspicious": false, "suspicious_reason": ""}
{"timestamp": "2026-04-02T12:05:29.601+0000", "agent": "wazuh-server", "agent_id": "000", "rule_id": "1002", "level": "2", "groups": "syslog, errors", "decoder": "-", "location": "journald", "src_ip": "-", "mitre_ids": "-", "mitre_tactics": "-", "mitre_techniques": "-", "description": "Unknown problem somewhere in the system.", "full_log": "Apr 02 12:05:27 wazuh-server opensearch-dashboards[3018]: {\"type\":\"error\",\"@timestamp\":\"2026-04-02T12:05:27Z\",\"tags\":[\"connection\",\"client\",\"error\"],\"pid\":3018,\"level\":\"error\",\"error\":{\"message\":\"00514610E27F0000:error:0A000416:SSL routines:ssl3_read_bytes:sslv3 alert certificate unknown:../deps/openssl/openssl/ssl/record/rec_layer_s3.c:1586:SSL alert number 46\\n\",\"name\":\"Error\",\"stack\":\"Error: 00514610E27F0000:error:0A000416:SSL routines:ssl3_read_bytes:sslv3 alert certificate unknown:../deps/openssl/openssl/ssl/record/rec_layer_s3.c:1586:SSL alert number 46\\n\",\"code\":\"ERR_SSL_SSLV3_ALERT_CERTIFICATE_UNKNOWN\"},\"message\":\"00514610E27F0000:error:0A000416:SSL routines:ssl3_read_bytes:sslv3 alert certificate unknown:../deps/openssl/openssl/ssl/record/rec_layer_s3.c:1586:SSL alert number 46\\n\"}", "suspicious": false, "suspicious_reason": ""}
{"timestamp": "2026-04-02T12:05:39.608+0000", "agent": "wazuh-server", "agent_id": "000", "rule_id": "1002", "level": "2", "groups": "syslog, errors", "decoder": "-", "location": "journald", "src_ip": "-", "mitre_ids": "-", "mitre_tactics": "-", "mitre_techniques": "-", "description": "Unknown problem somewhere in the system.", "full_log": "Apr 02 12:05:37 wazuh-server opensearch-dashboards[3018]: {\"type\":\"error\",\"@timestamp\":\"2026-04-02T12:05:37Z\",\"tags\":[\"connection\",\"client\",\"error\"],\"pid\":3018,\"level\":\"error\",\"error\":{\"message\":\"00514610E27F0000:error:0A000416:SSL routines:ssl3_read_bytes:sslv3 alert certificate unknown:../deps/openssl/openssl/ssl/record/rec_layer_s3.c:1586:SSL alert number 46\\n\",\"name\":\"Error\",\"stack\":\"Error: 00514610E27F0000:error:0A000416:SSL routines:ssl3_read_bytes:sslv3 alert certificate unknown:../deps/openssl/openssl/ssl/record/rec_layer_s3.c:1586:SSL alert number 46\\n\",\"code\":\"ERR_SSL_SSLV3_ALERT_CERTIFICATE_UNKNOWN\"},\"message\":\"00514610E27F0000:error:0A000416:SSL routines:ssl3_read_bytes:sslv3 alert certificate unknown:../deps/openssl/openssl/ssl/record/rec_layer_s3.c:1586:SSL alert number 46\\n\"}", "suspicious": false, "suspicious_reason": ""}
{"timestamp": "2026-04-02T12:05:39.608+0000", "agent": "wazuh-server", "agent_id": "000", "rule_id": "1002", "level": "2", "groups": "syslog, errors", "decoder": "-", "location": "journald", "src_ip": "-", "mitre_ids": "-", "mitre_tactics": "-", "mitre_techniques": "-", "description": "Unknown problem somewhere in the system.", "full_log": "Apr 02 12:05:37 wazuh-server opensearch-dashboards[3018]: {\"type\":\"error\",\"@timestamp\":\"2026-04-02T12:05:37Z\",\"tags\":[\"connection\",\"client\",\"error\"],\"pid\":3018,\"level\":\"error\",\"error\":{\"message\":\"00514610E27F0000:error:0A000416:SSL routines:ssl3_read_bytes:sslv3 alert certificate unknown:../deps/openssl/openssl/ssl/record/rec_layer_s3.c:1586:SSL alert number 46\\n\",\"name\":\"Error\",\"stack\":\"Error: 00514610E27F0000:error:0A000416:SSL routines:ssl3_read_bytes:sslv3 alert certificate unknown:../deps/openssl/openssl/ssl/record/rec_layer_s3.c:1586:SSL alert number 46\\n\",\"code\":\"ERR_SSL_SSLV3_ALERT_CERTIFICATE_UNKNOWN\"},\"message\":\"00514610E27F0000:error:0A000416:SSL routines:ssl3_read_bytes:sslv3 alert certificate unknown:../deps/openssl/openssl/ssl/record/rec_layer_s3.c:1586:SSL alert number 46\\n\"}", "suspicious": false, "suspicious_reason": ""}
{"timestamp": "2026-04-02T12:05:44.458+0000", "agent": "WS10", "agent_id": "005", "rule_id": "92213", "level": "15", "groups": "sysmon, sysmon_eid11_detections, windows", "decoder": "windows_eventchannel", "location": "EventChannel", "src_ip": "-", "mitre_ids": "T1105", "mitre_tactics": "Command and Control", "mitre_techniques": "Ingress Tool Transfer", "description": "Executable file dropped in folder commonly used by malware", "full_log": "{\"win\":{\"system\":{\"providerName\":\"Microsoft-Windows-Sysmon\",\"providerGuid\":\"{5770385f-c22a-43e0-bf4c-06f5698ffbd9}\",\"eventID\":\"11\",\"version\":\"2\",\"level\":\"4\",\"task\":\"11\",\"opcode\":\"0\",\"keywords\":\"0x8000000000000000\",\"systemTime\":\"2026-04-02T10:05:37.8197457Z\",\"eventRecordID\":\"510953\",\"processID\":\"7940\",\"threadID\":\"8064\",\"channel\":\"Microsoft-Windows-Sysmon/Operational\",\"computer\":\"WS10\",\"severityValue\":\"INFORMATION\",\"message\":\"\\\"File created:\\r\\nRuleName: -\\r\\nUtcTime: 2026-04-02 10:05:37.810\\r\\nProcessGuid: {d9a99926-3f71-69ce-0210-000000000600}\\r\\nProcessId: 5984\\r\\nImage: C:\\\\Windows\\\\System32\\\\WindowsPowerShell\\\\v1.0\\\\powershell.exe\\r\\nTargetFilename: C:\\\\Users\\\\Administrator\\\\AppData\\\\Local\\\\Temp\\\\__PSScriptPolicyTest_kuycteh3.t0g.ps1\\r\\nCreationUtcTime: 2026-04-02 10:05:37.810\\r\\nUser: WS10\\\\Administrator\\\"\"},\"eventdata\":{\"utcTime\":\"2026-04-02 10:05:37.810\",\"processGuid\":\"{d9a99926-3f71-69ce-0210-000000000600}\",\"processId\":\"5984\",\"image\":\"C:\\\\\\\\Windows\\\\\\\\System32\\\\\\\\WindowsPowerShell\\\\\\\\v1.0\\\\\\\\powershell.exe\",\"targetFilename\":\"C:\\\\\\\\Users\\\\\\\\Administrator\\\\\\\\AppData\\\\\\\\Local\\\\\\\\Temp\\\\\\\\__PSScriptPolicyTest_kuycteh3.t0g.ps1\",\"creationUtcTime\":\"2026-04-02 10:05:37.810\",\"user\":\"WS10\\\\\\\\Administrator\"}}}", "suspicious": true, "suspicious_reason": "group:sysmon, group:windows, keyword:powershell, keyword:sysmon, level>=5, mitre"}
{"timestamp": "2026-04-02T12:06:47.501+0000", "agent": "WS10", "agent_id": "005", "rule_id": "92213", "level": "15", "groups": "sysmon, sysmon_eid11_detections, windows", "decoder": "windows_eventchannel", "location": "EventChannel", "src_ip": "-", "mitre_ids": "T1105", "mitre_tactics": "Command and Control", "mitre_techniques": "Ingress Tool Transfer", "description": "Executable file dropped in folder commonly used by malware", "full_log": "{\"win\":{\"system\":{\"providerName\":\"Microsoft-Windows-Sysmon\",\"providerGuid\":\"{5770385f-c22a-43e0-bf4c-06f5698ffbd9}\",\"eventID\":\"11\",\"version\":\"2\",\"level\":\"4\",\"task\":\"11\",\"opcode\":\"0\",\"keywords\":\"0x8000000000000000\",\"systemTime\":\"2026-04-02T10:06:40.8395075Z\",\"eventRecordID\":\"511323\",\"processID\":\"7940\",\"threadID\":\"8064\",\"channel\":\"Microsoft-Windows-Sysmon/Operational\",\"computer\":\"WS10\",\"severityValue\":\"INFORMATION\",\"message\":\"\\\"File created:\\r\\nRuleName: -\\r\\nUtcTime: 2026-04-02 10:06:40.837\\r\\nProcessGuid: {d9a99926-3fb0-69ce-0910-000000000600}\\r\\nProcessId: 9352\\r\\nImage: C:\\\\Windows\\\\System32\\\\WindowsPowerShell\\\\v1.0\\\\powershell.exe\\r\\nTargetFilename: C:\\\\Users\\\\Administrator\\\\AppData\\\\Local\\\\Temp\\\\__PSScriptPolicyTest_mjx3kdw3.ny1.ps1\\r\\nCreationUtcTime: 2026-04-02 10:06:40.837\\r\\nUser: WS10\\\\Administrator\\\"\"},\"eventdata\":{\"utcTime\":\"2026-04-02 10:06:40.837\",\"processGuid\":\"{d9a99926-3fb0-69ce-0910-000000000600}\",\"processId\":\"9352\",\"image\":\"C:\\\\\\\\Windows\\\\\\\\System32\\\\\\\\WindowsPowerShell\\\\\\\\v1.0\\\\\\\\powershell.exe\",\"targetFilename\":\"C:\\\\\\\\Users\\\\\\\\Administrator\\\\\\\\AppData\\\\\\\\Local\\\\\\\\Temp\\\\\\\\__PSScriptPolicyTest_mjx3kdw3.ny1.ps1\",\"creationUtcTime\":\"2026-04-02 10:06:40.837\",\"user\":\"WS10\\\\\\\\Administrator\"}}}", "suspicious": true, "suspicious_reason": "group:sysmon, group:windows, keyword:powershell, keyword:sysmon, level>=5, mitre"}
{"timestamp": "2026-04-02T12:07:42.518+0000", "agent": "WS10", "agent_id": "005", "rule_id": "92213", "level": "15", "groups": "sysmon, sysmon_eid11_detections, windows", "decoder": "windows_eventchannel", "location": "EventChannel", "src_ip": "-", "mitre_ids": "T1105", "mitre_tactics": "Command and Control", "mitre_techniques": "Ingress Tool Transfer", "description": "Executable file dropped in folder commonly used by malware", "full_log": "{\"win\":{\"system\":{\"providerName\":\"Microsoft-Windows-Sysmon\",\"providerGuid\":\"{5770385f-c22a-43e0-bf4c-06f5698ffbd9}\",\"eventID\":\"11\",\"version\":\"2\",\"level\":\"4\",\"task\":\"11\",\"opcode\":\"0\",\"keywords\":\"0x8000000000000000\",\"systemTime\":\"2026-04-02T10:07:35.8753221Z\",\"eventRecordID\":\"511569\",\"processID\":\"7940\",\"threadID\":\"8064\",\"channel\":\"Microsoft-Windows-Sysmon/Operational\",\"computer\":\"WS10\",\"severityValue\":\"INFORMATION\",\"message\":\"\\\"File created:\\r\\nRuleName: -\\r\\nUtcTime: 2026-04-02 10:07:35.855\\r\\nProcessGuid: {d9a99926-3fe7-69ce-0a10-000000000600}\\r\\nProcessId: 7584\\r\\nImage: C:\\\\Windows\\\\System32\\\\WindowsPowerShell\\\\v1.0\\\\powershell.exe\\r\\nTargetFilename: C:\\\\Users\\\\Administrator\\\\AppData\\\\Local\\\\Temp\\\\__PSScriptPolicyTest_xauumvda.nhs.ps1\\r\\nCreationUtcTime: 2026-04-02 10:07:35.855\\r\\nUser: WS10\\\\Administrator\\\"\"},\"eventdata\":{\"utcTime\":\"2026-04-02 10:07:35.855\",\"processGuid\":\"{d9a99926-3fe7-69ce-0a10-000000000600}\",\"processId\":\"7584\",\"image\":\"C:\\\\\\\\Windows\\\\\\\\System32\\\\\\\\WindowsPowerShell\\\\\\\\v1.0\\\\\\\\powershell.exe\",\"targetFilename\":\"C:\\\\\\\\Users\\\\\\\\Administrator\\\\\\\\AppData\\\\\\\\Local\\\\\\\\Temp\\\\\\\\__PSScriptPolicyTest_xauumvda.nhs.ps1\",\"creationUtcTime\":\"2026-04-02 10:07:35.855\",\"user\":\"WS10\\\\\\\\Administrator\"}}}", "suspicious": true, "suspicious_reason": "group:sysmon, group:windows, keyword:powershell, keyword:sysmon, level>=5, mitre"}
{"timestamp": "2026-04-02T12:07:53.360+0000", "agent": "WS10", "agent_id": "005", "rule_id": "92217", "level": "6", "groups": "sysmon, sysmon_eid11_detections, windows", "decoder": "windows_eventchannel", "location": "EventChannel", "src_ip": "-", "mitre_ids": "T1570", "mitre_tactics": "Lateral Movement", "mitre_techniques": "Lateral Tool Transfer", "description": "Executable dropped in Windows root folder", "full_log": "{\"win\":{\"system\":{\"providerName\":\"Microsoft-Windows-Sysmon\",\"providerGuid\":\"{5770385f-c22a-43e0-bf4c-06f5698ffbd9}\",\"eventID\":\"11\",\"version\":\"2\",\"level\":\"4\",\"task\":\"11\",\"opcode\":\"0\",\"keywords\":\"0x8000000000000000\",\"systemTime\":\"2026-04-02T10:07:47.3924188Z\",\"eventRecordID\":\"511753\",\"processID\":\"7940\",\"threadID\":\"8064\",\"channel\":\"Microsoft-Windows-Sysmon/Operational\",\"computer\":\"WS10\",\"severityValue\":\"INFORMATION\",\"message\":\"\\\"File created:\\r\\nRuleName: DLL\\r\\nUtcTime: 2026-04-02 10:07:47.383\\r\\nProcessGuid: {d9a99926-3ff3-69ce-0b10-000000000600}\\r\\nProcessId: 4152\\r\\nImage: C:\\\\Windows\\\\System32\\\\mousocoreworker.exe\\r\\nTargetFilename: C:\\\\Windows\\\\SoftwareDistribution\\\\Download\\\\0e81198876b8eb725cd93d1816536732\\\\Metadata\\\\UpdateAgent.dll\\r\\nCreationUtcTime: 2025-11-05 16:00:44.000\\r\\nUser: NT AUTHORITY\\\\SYSTEM\\\"\"},\"eventdata\":{\"ruleName\":\"DLL\",\"utcTime\":\"2026-04-02 10:07:47.383\",\"processGuid\":\"{d9a99926-3ff3-69ce-0b10-000000000600}\",\"processId\":\"4152\",\"image\":\"C:\\\\\\\\Windows\\\\\\\\System32\\\\\\\\mousocoreworker.exe\",\"targetFilename\":\"C:\\\\\\\\Windows\\\\\\\\SoftwareDistribution\\\\\\\\Download\\\\\\\\0e81198876b8eb725cd93d1816536732\\\\\\\\Metadata\\\\\\\\UpdateAgent.dll\",\"creationUtcTime\":\"2025-11-05 16:00:44.000\",\"user\":\"NT AUTHORITY\\\\\\\\SYSTEM\"}}}", "suspicious": true, "suspicious_reason": "group:sysmon, group:windows, keyword:sysmon, level>=5, mitre"}
{"timestamp": "2026-04-02T12:07:53.375+0000", "agent": "WS10", "agent_id": "005", "rule_id": "92217", "level": "6", "groups": "sysmon, sysmon_eid11_detections, windows", "decoder": "windows_eventchannel", "location": "EventChannel", "src_ip": "-", "mitre_ids": "T1570", "mitre_tactics": "Lateral Movement", "mitre_techniques": "Lateral Tool Transfer", "description": "Executable dropped in Windows root folder", "full_log": "{\"win\":{\"system\":{\"providerName\":\"Microsoft-Windows-Sysmon\",\"providerGuid\":\"{5770385f-c22a-43e0-bf4c-06f5698ffbd9}\",\"eventID\":\"11\",\"version\":\"2\",\"level\":\"4\",\"task\":\"11\",\"opcode\":\"0\",\"keywords\":\"0x8000000000000000\",\"systemTime\":\"2026-04-02T10:07:47.4175977Z\",\"eventRecordID\":\"511754\",\"processID\":\"7940\",\"threadID\":\"8064\",\"channel\":\"Microsoft-Windows-Sysmon/Operational\",\"computer\":\"WS10\",\"severityValue\":\"INFORMATION\",\"message\":\"\\\"File created:\\r\\nRuleName: DLL\\r\\nUtcTime: 2026-04-02 10:07:47.399\\r\\nProcessGuid: {d9a99926-3ff3-69ce-0b10-000000000600}\\r\\nProcessId: 4152\\r\\nImage: C:\\\\Windows\\\\System32\\\\mousocoreworker.exe\\r\\nTargetFilename: C:\\\\Windows\\\\SoftwareDistribution\\\\Download\\\\0e81198876b8eb725cd93d1816536732\\\\Metadata\\\\dpx.dll\\r\\nCreationUtcTime: 2025-11-05 16:00:42.000\\r\\nUser: NT AUTHORITY\\\\SYSTEM\\\"\"},\"eventdata\":{\"ruleName\":\"DLL\",\"utcTime\":\"2026-04-02 10:07:47.399\",\"processGuid\":\"{d9a99926-3ff3-69ce-0b10-000000000600}\",\"processId\":\"4152\",\"image\":\"C:\\\\\\\\Windows\\\\\\\\System32\\\\\\\\mousocoreworker.exe\",\"targetFilename\":\"C:\\\\\\\\Windows\\\\\\\\SoftwareDistribution\\\\\\\\Download\\\\\\\\0e81198876b8eb725cd93d1816536732\\\\\\\\Metadata\\\\\\\\dpx.dll\",\"creationUtcTime\":\"2025-11-05 16:00:42.000\",\"user\":\"NT AUTHORITY\\\\\\\\SYSTEM\"}}}", "suspicious": true, "suspicious_reason": "group:sysmon, group:windows, keyword:sysmon, level>=5, mitre"}
{"timestamp": "2026-04-02T12:07:53.390+0000", "agent": "WS10", "agent_id": "005", "rule_id": "92217", "level": "6", "groups": "sysmon, sysmon_eid11_detections, windows", "decoder": "windows_eventchannel", "location": "EventChannel", "src_ip": "-", "mitre_ids": "T1570", "mitre_tactics": "Lateral Movement", "mitre_techniques": "Lateral Tool Transfer", "description": "Executable dropped in Windows root folder", "full_log": "{\"win\":{\"system\":{\"providerName\":\"Microsoft-Windows-Sysmon\",\"providerGuid\":\"{5770385f-c22a-43e0-bf4c-06f5698ffbd9}\",\"eventID\":\"11\",\"version\":\"2\",\"level\":\"4\",\"task\":\"11\",\"opcode\":\"0\",\"keywords\":\"0x8000000000000000\",\"systemTime\":\"2026-04-02T10:07:47.4249810Z\",\"eventRecordID\":\"511755\",\"processID\":\"7940\",\"threadID\":\"8064\",\"channel\":\"Microsoft-Windows-Sysmon/Operational\",\"computer\":\"WS10\",\"severityValue\":\"INFORMATION\",\"message\":\"\\\"File created:\\r\\nRuleName: DLL\\r\\nUtcTime: 2026-04-02 10:07:47.414\\r\\nProcessGuid: {d9a99926-3ff3-69ce-0b10-000000000600}\\r\\nProcessId: 4152\\r\\nImage: C:\\\\Windows\\\\System32\\\\mousocoreworker.exe\\r\\nTargetFilename: C:\\\\Windows\\\\SoftwareDistribution\\\\Download\\\\0e81198876b8eb725cd93d1816536732\\\\Metadata\\\\Mitigation.dll\\r\\nCreationUtcTime: 2025-11-05 16:00:42.000\\r\\nUser: NT AUTHORITY\\\\SYSTEM\\\"\"},\"eventdata\":{\"ruleName\":\"DLL\",\"utcTime\":\"2026-04-02 10:07:47.414\",\"processGuid\":\"{d9a99926-3ff3-69ce-0b10-000000000600}\",\"processId\":\"4152\",\"image\":\"C:\\\\\\\\Windows\\\\\\\\System32\\\\\\\\mousocoreworker.exe\",\"targetFilename\":\"C:\\\\\\\\Windows\\\\\\\\SoftwareDistribution\\\\\\\\Download\\\\\\\\0e81198876b8eb725cd93d1816536732\\\\\\\\Metadata\\\\\\\\Mitigation.dll\",\"creationUtcTime\":\"2025-11-05 16:00:42.000\",\"user\":\"NT AUTHORITY\\\\\\\\SYSTEM\"}}}", "suspicious": true, "suspicious_reason": "group:sysmon, group:windows, keyword:sysmon, level>=5, mitre"}
{"timestamp": "2026-04-02T12:07:53.405+0000", "agent": "WS10", "agent_id": "005", "rule_id": "92217", "level": "6", "groups": "sysmon, sysmon_eid11_detections, windows", "decoder": "windows_eventchannel", "location": "EventChannel", "src_ip": "-", "mitre_ids": "T1570", "mitre_tactics": "Lateral Movement", "mitre_techniques": "Lateral Tool Transfer", "description": "Executable dropped in Windows root folder", "full_log": "{\"win\":{\"system\":{\"providerName\":\"Microsoft-Windows-Sysmon\",\"providerGuid\":\"{5770385f-c22a-43e0-bf4c-06f5698ffbd9}\",\"eventID\":\"11\",\"version\":\"2\",\"level\":\"4\",\"task\":\"11\",\"opcode\":\"0\",\"keywords\":\"0x8000000000000000\",\"systemTime\":\"2026-04-02T10:07:47.4250293Z\",\"eventRecordID\":\"511756\",\"processID\":\"7940\",\"threadID\":\"8064\",\"channel\":\"Microsoft-Windows-Sysmon/Operational\",\"computer\":\"WS10\",\"severityValue\":\"INFORMATION\",\"message\":\"\\\"File created:\\r\\nRuleName: DLL\\r\\nUtcTime: 2026-04-02 10:07:47.414\\r\\nProcessGuid: {d9a99926-3ff3-69ce-0b10-000000000600}\\r\\nProcessId: 4152\\r\\nImage: C:\\\\Windows\\\\System32\\\\mousocoreworker.exe\\r\\nTargetFilename: C:\\\\Windows\\\\SoftwareDistribution\\\\Download\\\\0e81198876b8eb725cd93d1816536732\\\\Metadata\\\\UAOneSettings.dll\\r\\nCreationUtcTime: 2025-11-05 16:00:42.000\\r\\nUser: NT AUTHORITY\\\\SYSTEM\\\"\"},\"eventdata\":{\"ruleName\":\"DLL\",\"utcTime\":\"2026-04-02 10:07:47.414\",\"processGuid\":\"{d9a99926-3ff3-69ce-0b10-000000000600}\",\"processId\":\"4152\",\"image\":\"C:\\\\\\\\Windows\\\\\\\\System32\\\\\\\\mousocoreworker.exe\",\"targetFilename\":\"C:\\\\\\\\Windows\\\\\\\\SoftwareDistribution\\\\\\\\Download\\\\\\\\0e81198876b8eb725cd93d1816536732\\\\\\\\Metadata\\\\\\\\UAOneSettings.dll\",\"creationUtcTime\":\"2025-11-05 16:00:42.000\",\"user\":\"NT AUTHORITY\\\\\\\\SYSTEM\"}}}", "suspicious": true, "suspicious_reason": "group:sysmon, group:windows, keyword:sysmon, level>=5, mitre"}
{"timestamp": "2026-04-02T12:07:53.436+0000", "agent": "WS10", "agent_id": "005", "rule_id": "92217", "level": "6", "groups": "sysmon, sysmon_eid11_detections, windows", "decoder": "windows_eventchannel", "location": "EventChannel", "src_ip": "-", "mitre_ids": "T1570", "mitre_tactics": "Lateral Movement", "mitre_techniques": "Lateral Tool Transfer", "description": "Executable dropped in Windows root folder", "full_log": "{\"win\":{\"system\":{\"providerName\":\"Microsoft-Windows-Sysmon\",\"providerGuid\":\"{5770385f-c22a-43e0-bf4c-06f5698ffbd9}\",\"eventID\":\"11\",\"version\":\"2\",\"level\":\"4\",\"task\":\"11\",\"opcode\":\"0\",\"keywords\":\"0x8000000000000000\",\"systemTime\":\"2026-04-02T10:07:47.4291015Z\",\"eventRecordID\":\"511757\",\"processID\":\"7940\",\"threadID\":\"8064\",\"channel\":\"Microsoft-Windows-Sysmon/Operational\",\"computer\":\"WS10\",\"severityValue\":\"INFORMATION\",\"message\":\"\\\"File created:\\r\\nRuleName: DLL\\r\\nUtcTime: 2026-04-02 10:07:47.414\\r\\nProcessGuid: {d9a99926-3ff3-69ce-0b10-000000000600}\\r\\nProcessId: 4152\\r\\nImage: C:\\\\Windows\\\\System32\\\\mousocoreworker.exe\\r\\nTargetFilename: C:\\\\Windows\\\\SoftwareDistribution\\\\Download\\\\0e81198876b8eb725cd93d1816536732\\\\Metadata\\\\wcp.dll\\r\\nCreationUtcTime: 2025-11-05 16:00:44.000\\r\\nUser: NT AUTHORITY\\\\SYSTEM\\\"\"},\"eventdata\":{\"ruleName\":\"DLL\",\"utcTime\":\"2026-04-02 10:07:47.414\",\"processGuid\":\"{d9a99926-3ff3-69ce-0b10-000000000600}\",\"processId\":\"4152\",\"image\":\"C:\\\\\\\\Windows\\\\\\\\System32\\\\\\\\mousocoreworker.exe\",\"targetFilename\":\"C:\\\\\\\\Windows\\\\\\\\SoftwareDistribution\\\\\\\\Download\\\\\\\\0e81198876b8eb725cd93d1816536732\\\\\\\\Metadata\\\\\\\\wcp.dll\",\"creationUtcTime\":\"2025-11-05 16:00:44.000\",\"user\":\"NT AUTHORITY\\\\\\\\SYSTEM\"}}}", "suspicious": true, "suspicious_reason": "group:sysmon, group:windows, keyword:sysmon, level>=5, mitre"}
{"timestamp": "2026-04-02T12:07:53.436+0000", "agent": "WS10", "agent_id": "005", "rule_id": "92217", "level": "6", "groups": "sysmon, sysmon_eid11_detections, windows", "decoder": "windows_eventchannel", "location": "EventChannel", "src_ip": "-", "mitre_ids": "T1570", "mitre_tactics": "Lateral Movement", "mitre_techniques": "Lateral Tool Transfer", "description": "Executable dropped in Windows root folder", "full_log": "{\"win\":{\"system\":{\"providerName\":\"Microsoft-Windows-Sysmon\",\"providerGuid\":\"{5770385f-c22a-43e0-bf4c-06f5698ffbd9}\",\"eventID\":\"11\",\"version\":\"2\",\"level\":\"4\",\"task\":\"11\",\"opcode\":\"0\",\"keywords\":\"0x8000000000000000\",\"systemTime\":\"2026-04-02T10:07:47.4673001Z\",\"eventRecordID\":\"511758\",\"processID\":\"7940\",\"threadID\":\"8064\",\"channel\":\"Microsoft-Windows-Sysmon/Operational\",\"computer\":\"WS10\",\"severityValue\":\"INFORMATION\",\"message\":\"\\\"File created:\\r\\nRuleName: DLL\\r\\nUtcTime: 2026-04-02 10:07:47.445\\r\\nProcessGuid: {d9a99926-3ff3-69ce-0b10-000000000600}\\r\\nProcessId: 4152\\r\\nImage: C:\\\\Windows\\\\System32\\\\mousocoreworker.exe\\r\\nTargetFilename: C:\\\\Windows\\\\SoftwareDistribution\\\\Download\\\\0e81198876b8eb725cd93d1816536732\\\\Metadata\\\\TurboStack.dll\\r\\nCreationUtcTime: 2025-11-05 16:00:42.000\\r\\nUser: NT AUTHORITY\\\\SYSTEM\\\"\"},\"eventdata\":{\"ruleName\":\"DLL\",\"utcTime\":\"2026-04-02 10:07:47.445\",\"processGuid\":\"{d9a99926-3ff3-69ce-0b10-000000000600}\",\"processId\":\"4152\",\"image\":\"C:\\\\\\\\Windows\\\\\\\\System32\\\\\\\\mousocoreworker.exe\",\"targetFilename\":\"C:\\\\\\\\Windows\\\\\\\\SoftwareDistribution\\\\\\\\Download\\\\\\\\0e81198876b8eb725cd93d1816536732\\\\\\\\Metadata\\\\\\\\TurboStack.dll\",\"creationUtcTime\":\"2025-11-05 16:00:42.000\",\"user\":\"NT AUTHORITY\\\\\\\\SYSTEM\"}}}", "suspicious": true, "suspicious_reason": "group:sysmon, group:windows, keyword:sysmon, level>=5, mitre"}
{"timestamp": "2026-04-02T12:07:53.452+0000", "agent": "WS10", "agent_id": "005", "rule_id": "92217", "level": "6", "groups": "sysmon, sysmon_eid11_detections, windows", "decoder": "windows_eventchannel", "location": "EventChannel", "src_ip": "-", "mitre_ids": "T1570", "mitre_tactics": "Lateral Movement", "mitre_techniques": "Lateral Tool Transfer", "description": "Executable dropped in Windows root folder", "full_log": "{\"win\":{\"system\":{\"providerName\":\"Microsoft-Windows-Sysmon\",\"providerGuid\":\"{5770385f-c22a-43e0-bf4c-06f5698ffbd9}\",\"eventID\":\"11\",\"version\":\"2\",\"level\":\"4\",\"task\":\"11\",\"opcode\":\"0\",\"keywords\":\"0x8000000000000000\",\"systemTime\":\"2026-04-02T10:07:47.4680575Z\",\"eventRecordID\":\"511759\",\"processID\":\"7940\",\"threadID\":\"8064\",\"channel\":\"Microsoft-Windows-Sysmon/Operational\",\"computer\":\"WS10\",\"severityValue\":\"INFORMATION\",\"message\":\"\\\"File created:\\r\\nRuleName: DLL\\r\\nUtcTime: 2026-04-02 10:07:47.461\\r\\nProcessGuid: {d9a99926-3ff3-69ce-0b10-000000000600}\\r\\nProcessId: 4152\\r\\nImage: C:\\\\Windows\\\\System32\\\\mousocoreworker.exe\\r\\nTargetFilename: C:\\\\Windows\\\\SoftwareDistribution\\\\Download\\\\0e81198876b8eb725cd93d1816536732\\\\Metadata\\\\ReserveManager.dll\\r\\nCreationUtcTime: 2025-11-05 16:00:42.000\\r\\nUser: NT AUTHORITY\\\\SYSTEM\\\"\"},\"eventdata\":{\"ruleName\":\"DLL\",\"utcTime\":\"2026-04-02 10:07:47.461\",\"processGuid\":\"{d9a99926-3ff3-69ce-0b10-000000000600}\",\"processId\":\"4152\",\"image\":\"C:\\\\\\\\Windows\\\\\\\\System32\\\\\\\\mousocoreworker.exe\",\"targetFilename\":\"C:\\\\\\\\Windows\\\\\\\\SoftwareDistribution\\\\\\\\Download\\\\\\\\0e81198876b8eb725cd93d1816536732\\\\\\\\Metadata\\\\\\\\ReserveManager.dll\",\"creationUtcTime\":\"2025-11-05 16:00:42.000\",\"user\":\"NT AUTHORITY\\\\\\\\SYSTEM\"}}}", "suspicious": true, "suspicious_reason": "group:sysmon, group:windows, keyword:sysmon, level>=5, mitre"}
{"timestamp": "2026-04-02T12:07:53.467+0000", "agent": "WS10", "agent_id": "005", "rule_id": "92217", "level": "6", "groups": "sysmon, sysmon_eid11_detections, windows", "decoder": "windows_eventchannel", "location": "EventChannel", "src_ip": "-", "mitre_ids": "T1570", "mitre_tactics": "Lateral Movement", "mitre_techniques": "Lateral Tool Transfer", "description": "Executable dropped in Windows root folder", "full_log": "{\"win\":{\"system\":{\"providerName\":\"Microsoft-Windows-Sysmon\",\"providerGuid\":\"{5770385f-c22a-43e0-bf4c-06f5698ffbd9}\",\"eventID\":\"11\",\"version\":\"2\",\"level\":\"4\",\"task\":\"11\",\"opcode\":\"0\",\"keywords\":\"0x8000000000000000\",\"systemTime\":\"2026-04-02T10:07:47.4765078Z\",\"eventRecordID\":\"511760\",\"processID\":\"7940\",\"threadID\":\"8064\",\"channel\":\"Microsoft-Windows-Sysmon/Operational\",\"computer\":\"WS10\",\"severityValue\":\"INFORMATION\",\"message\":\"\\\"File created:\\r\\nRuleName: DLL\\r\\nUtcTime: 2026-04-02 10:07:47.461\\r\\nProcessGuid: {d9a99926-3ff3-69ce-0b10-000000000600}\\r\\nProcessId: 4152\\r\\nImage: C:\\\\Windows\\\\System32\\\\mousocoreworker.exe\\r\\nTargetFilename: C:\\\\Windows\\\\SoftwareDistribution\\\\Download\\\\0e81198876b8eb725cd93d1816536732\\\\Metadata\\\\WinREAgent.dll\\r\\nCreationUtcTime: 2025-11-05 16:00:42.000\\r\\nUser: NT AUTHORITY\\\\SYSTEM\\\"\"},\"eventdata\":{\"ruleName\":\"DLL\",\"utcTime\":\"2026-04-02 10:07:47.461\",\"processGuid\":\"{d9a99926-3ff3-69ce-0b10-000000000600}\",\"processId\":\"4152\",\"image\":\"C:\\\\\\\\Windows\\\\\\\\System32\\\\\\\\mousocoreworker.exe\",\"targetFilename\":\"C:\\\\\\\\Windows\\\\\\\\SoftwareDistribution\\\\\\\\Download\\\\\\\\0e81198876b8eb725cd93d1816536732\\\\\\\\Metadata\\\\\\\\WinREAgent.dll\",\"creationUtcTime\":\"2025-11-05 16:00:42.000\",\"user\":\"NT AUTHORITY\\\\\\\\SYSTEM\"}}}", "suspicious": true, "suspicious_reason": "group:sysmon, group:windows, keyword:sysmon, level>=5, mitre"}
{"timestamp": "2026-04-02T12:07:53.498+0000", "agent": "WS10", "agent_id": "005", "rule_id": "92217", "level": "6", "groups": "sysmon, sysmon_eid11_detections, windows", "decoder": "windows_eventchannel", "location": "EventChannel", "src_ip": "-", "mitre_ids": "T1570", "mitre_tactics": "Lateral Movement", "mitre_techniques": "Lateral Tool Transfer", "description": "Executable dropped in Windows root folder", "full_log": "{\"win\":{\"system\":{\"providerName\":\"Microsoft-Windows-Sysmon\",\"providerGuid\":\"{5770385f-c22a-43e0-bf4c-06f5698ffbd9}\",\"eventID\":\"11\",\"version\":\"2\",\"level\":\"4\",\"task\":\"11\",\"opcode\":\"0\",\"keywords\":\"0x8000000000000000\",\"systemTime\":\"2026-04-02T10:07:47.4831865Z\",\"eventRecordID\":\"511761\",\"processID\":\"7940\",\"threadID\":\"8064\",\"channel\":\"Microsoft-Windows-Sysmon/Operational\",\"computer\":\"WS10\",\"severityValue\":\"INFORMATION\",\"message\":\"\\\"File created:\\r\\nRuleName: DLL\\r\\nUtcTime: 2026-04-02 10:07:47.461\\r\\nProcessGuid: {d9a99926-3ff3-69ce-0b10-000000000600}\\r\\nProcessId: 4152\\r\\nImage: C:\\\\Windows\\\\System32\\\\mousocoreworker.exe\\r\\nTargetFilename: C:\\\\Windows\\\\SoftwareDistribution\\\\Download\\\\0e81198876b8eb725cd93d1816536732\\\\Metadata\\\\fvereseal.dll\\r\\nCreationUtcTime: 2025-11-05 16:00:44.000\\r\\nUser: NT AUTHORITY\\\\SYSTEM\\\"\"},\"eventdata\":{\"ruleName\":\"DLL\",\"utcTime\":\"2026-04-02 10:07:47.461\",\"processGuid\":\"{d9a99926-3ff3-69ce-0b10-000000000600}\",\"processId\":\"4152\",\"image\":\"C:\\\\\\\\Windows\\\\\\\\System32\\\\\\\\mousocoreworker.exe\",\"targetFilename\":\"C:\\\\\\\\Windows\\\\\\\\SoftwareDistribution\\\\\\\\Download\\\\\\\\0e81198876b8eb725cd93d1816536732\\\\\\\\Metadata\\\\\\\\fvereseal.dll\",\"creationUtcTime\":\"2025-11-05 16:00:44.000\",\"user\":\"NT AUTHORITY\\\\\\\\SYSTEM\"}}}", "suspicious": true, "suspicious_reason": "group:sysmon, group:windows, keyword:sysmon, level>=5, mitre"}
{"timestamp": "2026-04-02T12:08:26.584+0000", "agent": "WS10", "agent_id": "005", "rule_id": "92213", "level": "15", "groups": "sysmon, sysmon_eid11_detections, windows", "decoder": "windows_eventchannel", "location": "EventChannel", "src_ip": "-", "mitre_ids": "T1105", "mitre_tactics": "Command and Control", "mitre_techniques": "Ingress Tool Transfer", "description": "Executable file dropped in folder commonly used by malware", "full_log": "{\"win\":{\"system\":{\"providerName\":\"Microsoft-Windows-Sysmon\",\"providerGuid\":\"{5770385f-c22a-43e0-bf4c-06f5698ffbd9}\",\"eventID\":\"11\",\"version\":\"2\",\"level\":\"4\",\"task\":\"11\",\"opcode\":\"0\",\"keywords\":\"0x8000000000000000\",\"systemTime\":\"2026-04-02T10:08:19.9108438Z\",\"eventRecordID\":\"512003\",\"processID\":\"7940\",\"threadID\":\"8064\",\"channel\":\"Microsoft-Windows-Sysmon/Operational\",\"computer\":\"WS10\",\"severityValue\":\"INFORMATION\",\"message\":\"\\\"File created:\\r\\nRuleName: -\\r\\nUtcTime: 2026-04-02 10:08:19.907\\r\\nProcessGuid: {d9a99926-4013-69ce-0e10-000000000600}\\r\\nProcessId: 364\\r\\nImage: C:\\\\Windows\\\\System32\\\\WindowsPowerShell\\\\v1.0\\\\powershell.exe\\r\\nTargetFilename: C:\\\\Users\\\\Administrator\\\\AppData\\\\Local\\\\Temp\\\\__PSScriptPolicyTest_xg3qgz0u.odq.ps1\\r\\nCreationUtcTime: 2026-04-02 10:08:19.907\\r\\nUser: WS10\\\\Administrator\\\"\"},\"eventdata\":{\"utcTime\":\"2026-04-02 10:08:19.907\",\"processGuid\":\"{d9a99926-4013-69ce-0e10-000000000600}\",\"processId\":\"364\",\"image\":\"C:\\\\\\\\Windows\\\\\\\\System32\\\\\\\\WindowsPowerShell\\\\\\\\v1.0\\\\\\\\powershell.exe\",\"targetFilename\":\"C:\\\\\\\\Users\\\\\\\\Administrator\\\\\\\\AppData\\\\\\\\Local\\\\\\\\Temp\\\\\\\\__PSScriptPolicyTest_xg3qgz0u.odq.ps1\",\"creationUtcTime\":\"2026-04-02 10:08:19.907\",\"user\":\"WS10\\\\\\\\Administrator\"}}}", "suspicious": true, "suspicious_reason": "group:sysmon, group:windows, keyword:powershell, keyword:sysmon, level>=5, mitre"}
{"timestamp": "2026-04-02T12:08:29.660+0000", "agent": "WS10", "agent_id": "005", "rule_id": "92213", "level": "15", "groups": "sysmon, sysmon_eid11_detections, windows", "decoder": "windows_eventchannel", "location": "EventChannel", "src_ip": "-", "mitre_ids": "T1105", "mitre_tactics": "Command and Control", "mitre_techniques": "Ingress Tool Transfer", "description": "Executable file dropped in folder commonly used by malware", "full_log": "{\"win\":{\"system\":{\"providerName\":\"Microsoft-Windows-Sysmon\",\"providerGuid\":\"{5770385f-c22a-43e0-bf4c-06f5698ffbd9}\",\"eventID\":\"11\",\"version\":\"2\",\"level\":\"4\",\"task\":\"11\",\"opcode\":\"0\",\"keywords\":\"0x8000000000000000\",\"systemTime\":\"2026-04-02T10:08:21.2035714Z\",\"eventRecordID\":\"512182\",\"processID\":\"7940\",\"threadID\":\"8064\",\"channel\":\"Microsoft-Windows-Sysmon/Operational\",\"computer\":\"WS10\",\"severityValue\":\"INFORMATION\",\"message\":\"\\\"File created:\\r\\nRuleName: -\\r\\nUtcTime: 2026-04-02 10:08:21.187\\r\\nProcessGuid: {d9a99926-4015-69ce-1110-000000000600}\\r\\nProcessId: 9264\\r\\nImage: C:\\\\Windows\\\\System32\\\\WindowsPowerShell\\\\v1.0\\\\powershell.exe\\r\\nTargetFilename: C:\\\\Users\\\\Administrator\\\\AppData\\\\Local\\\\Temp\\\\__PSScriptPolicyTest_tzngf3fp.kru.ps1\\r\\nCreationUtcTime: 2026-04-02 10:08:21.187\\r\\nUser: WS10\\\\Administrator\\\"\"},\"eventdata\":{\"utcTime\":\"2026-04-02 10:08:21.187\",\"processGuid\":\"{d9a99926-4015-69ce-1110-000000000600}\",\"processId\":\"9264\",\"image\":\"C:\\\\\\\\Windows\\\\\\\\System32\\\\\\\\WindowsPowerShell\\\\\\\\v1.0\\\\\\\\powershell.exe\",\"targetFilename\":\"C:\\\\\\\\Users\\\\\\\\Administrator\\\\\\\\AppData\\\\\\\\Local\\\\\\\\Temp\\\\\\\\__PSScriptPolicyTest_tzngf3fp.kru.ps1\",\"creationUtcTime\":\"2026-04-02 10:08:21.187\",\"user\":\"WS10\\\\\\\\Administrator\"}}}", "suspicious": true, "suspicious_reason": "group:sysmon, group:windows, keyword:powershell, keyword:sysmon, level>=5, mitre"}
{"timestamp": "2026-04-02T12:09:19.041+0000", "agent": "WS10", "agent_id": "005", "rule_id": "92213", "level": "15", "groups": "sysmon, sysmon_eid11_detections, windows", "decoder": "windows_eventchannel", "location": "EventChannel", "src_ip": "-", "mitre_ids": "T1105", "mitre_tactics": "Command and Control", "mitre_techniques": "Ingress Tool Transfer", "description": "Executable file dropped in folder commonly used by malware", "full_log": "{\"win\":{\"system\":{\"providerName\":\"Microsoft-Windows-Sysmon\",\"providerGuid\":\"{5770385f-c22a-43e0-bf4c-06f5698ffbd9}\",\"eventID\":\"11\",\"version\":\"2\",\"level\":\"4\",\"task\":\"11\",\"opcode\":\"0\",\"keywords\":\"0x8000000000000000\",\"systemTime\":\"2026-04-02T10:09:14.1965497Z\",\"eventRecordID\":\"512290\",\"processID\":\"7940\",\"threadID\":\"8064\",\"channel\":\"Microsoft-Windows-Sysmon/Operational\",\"computer\":\"WS10\",\"severityValue\":\"INFORMATION\",\"message\":\"\\\"File created:\\r\\nRuleName: -\\r\\nUtcTime: 2026-04-02 10:09:14.190\\r\\nProcessGuid: {d9a99926-404a-69ce-1210-000000000600}\\r\\nProcessId: 6368\\r\\nImage: C:\\\\Windows\\\\System32\\\\WindowsPowerShell\\\\v1.0\\\\powershell.exe\\r\\nTargetFilename: C:\\\\Users\\\\Administrator\\\\AppData\\\\Local\\\\Temp\\\\__PSScriptPolicyTest_a2rxrvrv.oqv.ps1\\r\\nCreationUtcTime: 2026-04-02 10:09:14.190\\r\\nUser: WS10\\\\Administrator\\\"\"},\"eventdata\":{\"utcTime\":\"2026-04-02 10:09:14.190\",\"processGuid\":\"{d9a99926-404a-69ce-1210-000000000600}\",\"processId\":\"6368\",\"image\":\"C:\\\\\\\\Windows\\\\\\\\System32\\\\\\\\WindowsPowerShell\\\\\\\\v1.0\\\\\\\\powershell.exe\",\"targetFilename\":\"C:\\\\\\\\Users\\\\\\\\Administrator\\\\\\\\AppData\\\\\\\\Local\\\\\\\\Temp\\\\\\\\__PSScriptPolicyTest_a2rxrvrv.oqv.ps1\",\"creationUtcTime\":\"2026-04-02 10:09:14.190\",\"user\":\"WS10\\\\\\\\Administrator\"}}}", "suspicious": true, "suspicious_reason": "group:sysmon, group:windows, keyword:powershell, keyword:sysmon, level>=5, mitre"}
{"timestamp": "2026-04-02T12:10:25.802+0000", "agent": "WS10", "agent_id": "005", "rule_id": "92213", "level": "15", "groups": "sysmon, sysmon_eid11_detections, windows", "decoder": "windows_eventchannel", "location": "EventChannel", "src_ip": "-", "mitre_ids": "T1105", "mitre_tactics": "Command and Control", "mitre_techniques": "Ingress Tool Transfer", "description": "Executable file dropped in folder commonly used by malware", "full_log": "{\"win\":{\"system\":{\"providerName\":\"Microsoft-Windows-Sysmon\",\"providerGuid\":\"{5770385f-c22a-43e0-bf4c-06f5698ffbd9}\",\"eventID\":\"11\",\"version\":\"2\",\"level\":\"4\",\"task\":\"11\",\"opcode\":\"0\",\"keywords\":\"0x8000000000000000\",\"systemTime\":\"2026-04-02T10:10:19.2411092Z\",\"eventRecordID\":\"512620\",\"processID\":\"7940\",\"threadID\":\"8064\",\"channel\":\"Microsoft-Windows-Sysmon/Operational\",\"computer\":\"WS10\",\"severityValue\":\"INFORMATION\",\"message\":\"\\\"File created:\\r\\nRuleName: -\\r\\nUtcTime: 2026-04-02 10:10:19.234\\r\\nProcessGuid: {d9a99926-408b-69ce-1310-000000000600}\\r\\nProcessId: 9544\\r\\nImage: C:\\\\Windows\\\\System32\\\\WindowsPowerShell\\\\v1.0\\\\powershell.exe\\r\\nTargetFilename: C:\\\\Users\\\\Administrator\\\\AppData\\\\Local\\\\Temp\\\\__PSScriptPolicyTest_oxfdeils.xkl.ps1\\r\\nCreationUtcTime: 2026-04-02 10:10:19.234\\r\\nUser: WS10\\\\Administrator\\\"\"},\"eventdata\":{\"utcTime\":\"2026-04-02 10:10:19.234\",\"processGuid\":\"{d9a99926-408b-69ce-1310-000000000600}\",\"processId\":\"9544\",\"image\":\"C:\\\\\\\\Windows\\\\\\\\System32\\\\\\\\WindowsPowerShell\\\\\\\\v1.0\\\\\\\\powershell.exe\",\"targetFilename\":\"C:\\\\\\\\Users\\\\\\\\Administrator\\\\\\\\AppData\\\\\\\\Local\\\\\\\\Temp\\\\\\\\__PSScriptPolicyTest_oxfdeils.xkl.ps1\",\"creationUtcTime\":\"2026-04-02 10:10:19.234\",\"user\":\"WS10\\\\\\\\Administrator\"}}}", "suspicious": true, "suspicious_reason": "group:sysmon, group:windows, keyword:powershell, keyword:sysmon, level>=5, mitre"}
{"timestamp": "2026-04-02T12:11:28.943+0000", "agent": "WS10", "agent_id": "005", "rule_id": "92213", "level": "15", "groups": "sysmon, sysmon_eid11_detections, windows", "decoder": "windows_eventchannel", "location": "EventChannel", "src_ip": "-", "mitre_ids": "T1105", "mitre_tactics": "Command and Control", "mitre_techniques": "Ingress Tool Transfer", "description": "Executable file dropped in folder commonly used by malware", "full_log": "{\"win\":{\"system\":{\"providerName\":\"Microsoft-Windows-Sysmon\",\"providerGuid\":\"{5770385f-c22a-43e0-bf4c-06f5698ffbd9}\",\"eventID\":\"11\",\"version\":\"2\",\"level\":\"4\",\"task\":\"11\",\"opcode\":\"0\",\"keywords\":\"0x8000000000000000\",\"systemTime\":\"2026-04-02T10:11:22.2701253Z\",\"eventRecordID\":\"512847\",\"processID\":\"7940\",\"threadID\":\"8064\",\"channel\":\"Microsoft-Windows-Sysmon/Operational\",\"computer\":\"WS10\",\"severityValue\":\"INFORMATION\",\"message\":\"\\\"File created:\\r\\nRuleName: -\\r\\nUtcTime: 2026-04-02 10:11:22.266\\r\\nProcessGuid: {d9a99926-40ca-69ce-1a10-000000000600}\\r\\nProcessId: 9652\\r\\nImage: C:\\\\Windows\\\\System32\\\\WindowsPowerShell\\\\v1.0\\\\powershell.exe\\r\\nTargetFilename: C:\\\\Users\\\\Administrator\\\\AppData\\\\Local\\\\Temp\\\\__PSScriptPolicyTest_5em0hyh2.fjc.ps1\\r\\nCreationUtcTime: 2026-04-02 10:11:22.266\\r\\nUser: WS10\\\\Administrator\\\"\"},\"eventdata\":{\"utcTime\":\"2026-04-02 10:11:22.266\",\"processGuid\":\"{d9a99926-40ca-69ce-1a10-000000000600}\",\"processId\":\"9652\",\"image\":\"C:\\\\\\\\Windows\\\\\\\\System32\\\\\\\\WindowsPowerShell\\\\\\\\v1.0\\\\\\\\powershell.exe\",\"targetFilename\":\"C:\\\\\\\\Users\\\\\\\\Administrator\\\\\\\\AppData\\\\\\\\Local\\\\\\\\Temp\\\\\\\\__PSScriptPolicyTest_5em0hyh2.fjc.ps1\",\"creationUtcTime\":\"2026-04-02 10:11:22.266\",\"user\":\"WS10\\\\\\\\Administrator\"}}}", "suspicious": true, "suspicious_reason": "group:sysmon, group:windows, keyword:powershell, keyword:sysmon, level>=5, mitre"}
{"timestamp": "2026-04-02T12:12:15.562+0000", "agent": "WS10", "agent_id": "005", "rule_id": "92213", "level": "15", "groups": "sysmon, sysmon_eid11_detections, windows", "decoder": "windows_eventchannel", "location": "EventChannel", "src_ip": "-", "mitre_ids": "T1105", "mitre_tactics": "Command and Control", "mitre_techniques": "Ingress Tool Transfer", "description": "Executable file dropped in folder commonly used by malware", "full_log": "{\"win\":{\"system\":{\"providerName\":\"Microsoft-Windows-Sysmon\",\"providerGuid\":\"{5770385f-c22a-43e0-bf4c-06f5698ffbd9}\",\"eventID\":\"11\",\"version\":\"2\",\"level\":\"4\",\"task\":\"11\",\"opcode\":\"0\",\"keywords\":\"0x8000000000000000\",\"systemTime\":\"2026-04-02T10:12:10.2784300Z\",\"eventRecordID\":\"513007\",\"processID\":\"7940\",\"threadID\":\"8064\",\"channel\":\"Microsoft-Windows-Sysmon/Operational\",\"computer\":\"WS10\",\"severityValue\":\"INFORMATION\",\"message\":\"\\\"File created:\\r\\nRuleName: -\\r\\nUtcTime: 2026-04-02 10:12:10.267\\r\\nProcessGuid: {d9a99926-40fa-69ce-1b10-000000000600}\\r\\nProcessId: 5976\\r\\nImage: C:\\\\Windows\\\\System32\\\\WindowsPowerShell\\\\v1.0\\\\powershell.exe\\r\\nTargetFilename: C:\\\\Users\\\\Administrator\\\\AppData\\\\Local\\\\Temp\\\\__PSScriptPolicyTest_q1vjx0x2.2tj.ps1\\r\\nCreationUtcTime: 2026-04-02 10:12:10.267\\r\\nUser: WS10\\\\Administrator\\\"\"},\"eventdata\":{\"utcTime\":\"2026-04-02 10:12:10.267\",\"processGuid\":\"{d9a99926-40fa-69ce-1b10-000000000600}\",\"processId\":\"5976\",\"image\":\"C:\\\\\\\\Windows\\\\\\\\System32\\\\\\\\WindowsPowerShell\\\\\\\\v1.0\\\\\\\\powershell.exe\",\"targetFilename\":\"C:\\\\\\\\Users\\\\\\\\Administrator\\\\\\\\AppData\\\\\\\\Local\\\\\\\\Temp\\\\\\\\__PSScriptPolicyTest_q1vjx0x2.2tj.ps1\",\"creationUtcTime\":\"2026-04-02 10:12:10.267\",\"user\":\"WS10\\\\\\\\Administrator\"}}}", "suspicious": true, "suspicious_reason": "group:sysmon, group:windows, keyword:powershell, keyword:sysmon, level>=5, mitre"}
{"timestamp": "2026-04-02T12:13:11.890+0000", "agent": "WS10", "agent_id": "005", "rule_id": "92213", "level": "15", "groups": "sysmon, sysmon_eid11_detections, windows", "decoder": "windows_eventchannel", "location": "EventChannel", "src_ip": "-", "mitre_ids": "T1105", "mitre_tactics": "Command and Control", "mitre_techniques": "Ingress Tool Transfer", "description": "Executable file dropped in folder commonly used by malware", "full_log": "{\"win\":{\"system\":{\"providerName\":\"Microsoft-Windows-Sysmon\",\"providerGuid\":\"{5770385f-c22a-43e0-bf4c-06f5698ffbd9}\",\"eventID\":\"11\",\"version\":\"2\",\"level\":\"4\",\"task\":\"11\",\"opcode\":\"0\",\"keywords\":\"0x8000000000000000\",\"systemTime\":\"2026-04-02T10:13:05.3113889Z\",\"eventRecordID\":\"513441\",\"processID\":\"7940\",\"threadID\":\"8064\",\"channel\":\"Microsoft-Windows-Sysmon/Operational\",\"computer\":\"WS10\",\"severityValue\":\"INFORMATION\",\"message\":\"\\\"File created:\\r\\nRuleName: -\\r\\nUtcTime: 2026-04-02 10:13:05.302\\r\\nProcessGuid: {d9a99926-4131-69ce-1d10-000000000600}\\r\\nProcessId: 9940\\r\\nImage: C:\\\\Windows\\\\System32\\\\WindowsPowerShell\\\\v1.0\\\\powershell.exe\\r\\nTargetFilename: C:\\\\Users\\\\Administrator\\\\AppData\\\\Local\\\\Temp\\\\__PSScriptPolicyTest_gxmiu03h.bob.ps1\\r\\nCreationUtcTime: 2026-04-02 10:13:05.302\\r\\nUser: WS10\\\\Administrator\\\"\"},\"eventdata\":{\"utcTime\":\"2026-04-02 10:13:05.302\",\"processGuid\":\"{d9a99926-4131-69ce-1d10-000000000600}\",\"processId\":\"9940\",\"image\":\"C:\\\\\\\\Windows\\\\\\\\System32\\\\\\\\WindowsPowerShell\\\\\\\\v1.0\\\\\\\\powershell.exe\",\"targetFilename\":\"C:\\\\\\\\Users\\\\\\\\Administrator\\\\\\\\AppData\\\\\\\\Local\\\\\\\\Temp\\\\\\\\__PSScriptPolicyTest_gxmiu03h.bob.ps1\",\"creationUtcTime\":\"2026-04-02 10:13:05.302\",\"user\":\"WS10\\\\\\\\Administrator\"}}}", "suspicious": true, "suspicious_reason": "group:sysmon, group:windows, keyword:powershell, keyword:sysmon, level>=5, mitre"}
