{"timestamp": "2026-04-02T12:41:02.851+0000", "agent": "WS10", "agent_id": "005", "rule_id": "60602", "level": "9", "groups": "windows, windows_application, system_error", "decoder": "windows_eventchannel", "location": "EventChannel", "src_ip": "-", "mitre_ids": "-", "mitre_tactics": "-", "mitre_techniques": "-", "description": "Windows application error event.", "full_log": "{\"win\":{\"system\":{\"providerName\":\"Microsoft-Windows-CAPI2\",\"providerGuid\":\"{5bbca4a8-b209-48dc-a8c7-b23d3e5216fb}\",\"eventSourceName\":\"Microsoft-Windows-CAPI2\",\"eventID\":\"4107\",\"version\":\"0\",\"level\":\"2\",\"task\":\"0\",\"opcode\":\"0\",\"keywords\":\"0x8080000000000000\",\"systemTime\":\"2026-04-02T10:40:51.2429849Z\",\"eventRecordID\":\"2129\",\"processID\":\"1364\",\"threadID\":\"9404\",\"channel\":\"Application\",\"computer\":\"WS10\",\"severityValue\":\"ERROR\",\"message\":\"\\\"Impossibile estrarre l'elenco radice di terze parti dal file CAB di aggiornamento automatico in <http://ctldl.windowsupdate.com/msdownload/update/v3/static/trustedr/en/authrootstl.cab> a causa dell'errore seguente: Dati non validi.\\r\\n.\\\"\"},\"eventdata\":{\"data\":\"http://ctldl.windowsupdate.com/msdownload/update/v3/static/trustedr/en/authrootstl.cab, Dati non validi.\"}}}", "suspicious": true, "suspicious_reason": "group:windows, level>=5"}
{"timestamp": "2026-04-02T12:41:02.860+0000", "agent": "WS10", "agent_id": "005", "rule_id": "60602", "level": "9", "groups": "windows, windows_application, system_error", "decoder": "windows_eventchannel", "location": "EventChannel", "src_ip": "-", "mitre_ids": "-", "mitre_tactics": "-", "mitre_techniques": "-", "description": "Windows application error event.", "full_log": "{\"win\":{\"system\":{\"providerName\":\"Microsoft-Windows-CAPI2\",\"providerGuid\":\"{5bbca4a8-b209-48dc-a8c7-b23d3e5216fb}\",\"eventSourceName\":\"Microsoft-Windows-CAPI2\",\"eventID\":\"4107\",\"version\":\"0\",\"level\":\"2\",\"task\":\"0\",\"opcode\":\"0\",\"keywords\":\"0x8080000000000000\",\"systemTime\":\"2026-04-02T10:40:51.2429849Z\",\"eventRecordID\":\"2130\",\"processID\":\"1364\",\"threadID\":\"9404\",\"channel\":\"Application\",\"computer\":\"WS10\",\"severityValue\":\"ERROR\",\"message\":\"\\\"Impossibile estrarre l'elenco radice di terze parti dal file CAB di aggiornamento automatico in <http://ctldl.windowsupdate.com/msdownload/update/v3/static/trustedr/en/authrootstl.cab> a causa dell'errore seguente: Dati non validi.\\r\\n.\\\"\"},\"eventdata\":{\"data\":\"http://ctldl.windowsupdate.com/msdownload/update/v3/static/trustedr/en/authrootstl.cab, Dati non validi.\"}}}", "suspicious": true, "suspicious_reason": "group:windows, level>=5"}
{"timestamp": "2026-04-02T12:41:02.886+0000", "agent": "WS10", "agent_id": "005", "rule_id": "60602", "level": "9", "groups": "windows, windows_application, system_error", "decoder": "windows_eventchannel", "location": "EventChannel", "src_ip": "-", "mitre_ids": "-", "mitre_tactics": "-", "mitre_techniques": "-", "description": "Windows application error event.", "full_log": "{\"win\":{\"system\":{\"providerName\":\"Microsoft-Windows-CAPI2\",\"providerGuid\":\"{5bbca4a8-b209-48dc-a8c7-b23d3e5216fb}\",\"eventSourceName\":\"Microsoft-Windows-CAPI2\",\"eventID\":\"4107\",\"version\":\"0\",\"level\":\"2\",\"task\":\"0\",\"opcode\":\"0\",\"keywords\":\"0x8080000000000000\",\"systemTime\":\"2026-04-02T10:40:51.2742278Z\",\"eventRecordID\":\"2131\",\"processID\":\"1364\",\"threadID\":\"9404\",\"channel\":\"Application\",\"computer\":\"WS10\",\"severityValue\":\"ERROR\",\"message\":\"\\\"Impossibile estrarre l'elenco radice di terze parti dal file CAB di aggiornamento automatico in <http://ctldl.windowsupdate.com/msdownload/update/v3/static/trustedr/en/authrootstl.cab> a causa dell'errore seguente: Dati non validi.\\r\\n.\\\"\"},\"eventdata\":{\"data\":\"http://ctldl.windowsupdate.com/msdownload/update/v3/static/trustedr/en/authrootstl.cab, Dati non validi.\"}}}", "suspicious": true, "suspicious_reason": "group:windows, level>=5"}
{"timestamp": "2026-04-02T12:41:02.901+0000", "agent": "WS10", "agent_id": "005", "rule_id": "61061", "level": "10", "groups": "windows, windows_application", "decoder": "windows_eventchannel", "location": "EventChannel", "src_ip": "-", "mitre_ids": "-", "mitre_tactics": "-", "mitre_techniques": "-", "description": "Multiple Windows error application events.", "full_log": "{\"win\":{\"system\":{\"providerName\":\"Microsoft-Windows-CAPI2\",\"providerGuid\":\"{5bbca4a8-b209-48dc-a8c7-b23d3e5216fb}\",\"eventSourceName\":\"Microsoft-Windows-CAPI2\",\"eventID\":\"4107\",\"version\":\"0\",\"level\":\"2\",\"task\":\"0\",\"opcode\":\"0\",\"keywords\":\"0x8080000000000000\",\"systemTime\":\"2026-04-02T10:40:51.3367141Z\",\"eventRecordID\":\"2132\",\"processID\":\"1364\",\"threadID\":\"9404\",\"channel\":\"Application\",\"computer\":\"WS10\",\"severityValue\":\"ERROR\",\"message\":\"\\\"Impossibile estrarre l'elenco radice di terze parti dal file CAB di aggiornamento automatico in <http://ctldl.windowsupdate.com/msdownload/update/v3/static/trustedr/en/authrootstl.cab> a causa dell'errore seguente: Dati non validi.\\r\\n.\\\"\"},\"eventdata\":{\"data\":\"http://ctldl.windowsupdate.com/msdownload/update/v3/static/trustedr/en/authrootstl.cab, Dati non validi.\"}}}", "suspicious": true, "suspicious_reason": "group:windows, level>=5"}
{"timestamp": "2026-04-02T12:41:02.916+0000", "agent": "WS10", "agent_id": "005", "rule_id": "60602", "level": "9", "groups": "windows, windows_application, system_error", "decoder": "windows_eventchannel", "location": "EventChannel", "src_ip": "-", "mitre_ids": "-", "mitre_tactics": "-", "mitre_techniques": "-", "description": "Windows application error event.", "full_log": "{\"win\":{\"system\":{\"providerName\":\"Microsoft-Windows-CAPI2\",\"providerGuid\":\"{5bbca4a8-b209-48dc-a8c7-b23d3e5216fb}\",\"eventSourceName\":\"Microsoft-Windows-CAPI2\",\"eventID\":\"4107\",\"version\":\"0\",\"level\":\"2\",\"task\":\"0\",\"opcode\":\"0\",\"keywords\":\"0x8080000000000000\",\"systemTime\":\"2026-04-02T10:40:51.3523305Z\",\"eventRecordID\":\"2133\",\"processID\":\"1364\",\"threadID\":\"9404\",\"channel\":\"Application\",\"computer\":\"WS10\",\"severityValue\":\"ERROR\",\"message\":\"\\\"Impossibile estrarre l'elenco radice di terze parti dal file CAB di aggiornamento automatico in <http://ctldl.windowsupdate.com/msdownload/update/v3/static/trustedr/en/authrootstl.cab> a causa dell'errore seguente: Dati non validi.\\r\\n.\\\"\"},\"eventdata\":{\"data\":\"http://ctldl.windowsupdate.com/msdownload/update/v3/static/trustedr/en/authrootstl.cab, Dati non validi.\"}}}", "suspicious": true, "suspicious_reason": "group:windows, level>=5"}
{"timestamp": "2026-04-02T12:41:02.931+0000", "agent": "WS10", "agent_id": "005", "rule_id": "60602", "level": "9", "groups": "windows, windows_application, system_error", "decoder": "windows_eventchannel", "location": "EventChannel", "src_ip": "-", "mitre_ids": "-", "mitre_tactics": "-", "mitre_techniques": "-", "description": "Windows application error event.", "full_log": "{\"win\":{\"system\":{\"providerName\":\"Microsoft-Windows-CAPI2\",\"providerGuid\":\"{5bbca4a8-b209-48dc-a8c7-b23d3e5216fb}\",\"eventSourceName\":\"Microsoft-Windows-CAPI2\",\"eventID\":\"4107\",\"version\":\"0\",\"level\":\"2\",\"task\":\"0\",\"opcode\":\"0\",\"keywords\":\"0x8080000000000000\",\"systemTime\":\"2026-04-02T10:40:51.3523305Z\",\"eventRecordID\":\"2134\",\"processID\":\"1364\",\"threadID\":\"9404\",\"channel\":\"Application\",\"computer\":\"WS10\",\"severityValue\":\"ERROR\",\"message\":\"\\\"Impossibile estrarre l'elenco radice di terze parti dal file CAB di aggiornamento automatico in <http://ctldl.windowsupdate.com/msdownload/update/v3/static/trustedr/en/authrootstl.cab> a causa dell'errore seguente: Dati non validi.\\r\\n.\\\"\"},\"eventdata\":{\"data\":\"http://ctldl.windowsupdate.com/msdownload/update/v3/static/trustedr/en/authrootstl.cab, Dati non validi.\"}}}", "suspicious": true, "suspicious_reason": "group:windows, level>=5"}
{"timestamp": "2026-04-02T12:41:02.947+0000", "agent": "WS10", "agent_id": "005", "rule_id": "60602", "level": "9", "groups": "windows, windows_application, system_error", "decoder": "windows_eventchannel", "location": "EventChannel", "src_ip": "-", "mitre_ids": "-", "mitre_tactics": "-", "mitre_techniques": "-", "description": "Windows application error event.", "full_log": "{\"win\":{\"system\":{\"providerName\":\"Microsoft-Windows-CAPI2\",\"providerGuid\":\"{5bbca4a8-b209-48dc-a8c7-b23d3e5216fb}\",\"eventSourceName\":\"Microsoft-Windows-CAPI2\",\"eventID\":\"4107\",\"version\":\"0\",\"level\":\"2\",\"task\":\"0\",\"opcode\":\"0\",\"keywords\":\"0x8080000000000000\",\"systemTime\":\"2026-04-02T10:40:51.3679641Z\",\"eventRecordID\":\"2135\",\"processID\":\"1364\",\"threadID\":\"9404\",\"channel\":\"Application\",\"computer\":\"WS10\",\"severityValue\":\"ERROR\",\"message\":\"\\\"Impossibile estrarre l'elenco radice di terze parti dal file CAB di aggiornamento automatico in <http://ctldl.windowsupdate.com/msdownload/update/v3/static/trustedr/en/authrootstl.cab> a causa dell'errore seguente: Dati non validi.\\r\\n.\\\"\"},\"eventdata\":{\"data\":\"http://ctldl.windowsupdate.com/msdownload/update/v3/static/trustedr/en/authrootstl.cab, Dati non validi.\"}}}", "suspicious": true, "suspicious_reason": "group:windows, level>=5"}
{"timestamp": "2026-04-02T12:41:02.962+0000", "agent": "WS10", "agent_id": "005", "rule_id": "60602", "level": "9", "groups": "windows, windows_application, system_error", "decoder": "windows_eventchannel", "location": "EventChannel", "src_ip": "-", "mitre_ids": "-", "mitre_tactics": "-", "mitre_techniques": "-", "description": "Windows application error event.", "full_log": "{\"win\":{\"system\":{\"providerName\":\"Microsoft-Windows-CAPI2\",\"providerGuid\":\"{5bbca4a8-b209-48dc-a8c7-b23d3e5216fb}\",\"eventSourceName\":\"Microsoft-Windows-CAPI2\",\"eventID\":\"4107\",\"version\":\"0\",\"level\":\"2\",\"task\":\"0\",\"opcode\":\"0\",\"keywords\":\"0x8080000000000000\",\"systemTime\":\"2026-04-02T10:40:51.3835697Z\",\"eventRecordID\":\"2136\",\"processID\":\"1364\",\"threadID\":\"9404\",\"channel\":\"Application\",\"computer\":\"WS10\",\"severityValue\":\"ERROR\",\"message\":\"\\\"Impossibile estrarre l'elenco radice di terze parti dal file CAB di aggiornamento automatico in <http://ctldl.windowsupdate.com/msdownload/update/v3/static/trustedr/en/authrootstl.cab> a causa dell'errore seguente: Dati non validi.\\r\\n.\\\"\"},\"eventdata\":{\"data\":\"http://ctldl.windowsupdate.com/msdownload/update/v3/static/trustedr/en/authrootstl.cab, Dati non validi.\"}}}", "suspicious": true, "suspicious_reason": "group:windows, level>=5"}
{"timestamp": "2026-04-02T12:41:02.978+0000", "agent": "WS10", "agent_id": "005", "rule_id": "60602", "level": "9", "groups": "windows, windows_application, system_error", "decoder": "windows_eventchannel", "location": "EventChannel", "src_ip": "-", "mitre_ids": "-", "mitre_tactics": "-", "mitre_techniques": "-", "description": "Windows application error event.", "full_log": "{\"win\":{\"system\":{\"providerName\":\"Microsoft-Windows-CAPI2\",\"providerGuid\":\"{5bbca4a8-b209-48dc-a8c7-b23d3e5216fb}\",\"eventSourceName\":\"Microsoft-Windows-CAPI2\",\"eventID\":\"4107\",\"version\":\"0\",\"level\":\"2\",\"task\":\"0\",\"opcode\":\"0\",\"keywords\":\"0x8080000000000000\",\"systemTime\":\"2026-04-02T10:40:51.3992422Z\",\"eventRecordID\":\"2137\",\"processID\":\"1364\",\"threadID\":\"9404\",\"channel\":\"Application\",\"computer\":\"WS10\",\"severityValue\":\"ERROR\",\"message\":\"\\\"Impossibile estrarre l'elenco radice di terze parti dal file CAB di aggiornamento automatico in <http://ctldl.windowsupdate.com/msdownload/update/v3/static/trustedr/en/authrootstl.cab> a causa dell'errore seguente: Dati non validi.\\r\\n.\\\"\"},\"eventdata\":{\"data\":\"http://ctldl.windowsupdate.com/msdownload/update/v3/static/trustedr/en/authrootstl.cab, Dati non validi.\"}}}", "suspicious": true, "suspicious_reason": "group:windows, level>=5"}
{"timestamp": "2026-04-02T12:41:02.993+0000", "agent": "WS10", "agent_id": "005", "rule_id": "60602", "level": "9", "groups": "windows, windows_application, system_error", "decoder": "windows_eventchannel", "location": "EventChannel", "src_ip": "-", "mitre_ids": "-", "mitre_tactics": "-", "mitre_techniques": "-", "description": "Windows application error event.", "full_log": "{\"win\":{\"system\":{\"providerName\":\"Microsoft-Windows-CAPI2\",\"providerGuid\":\"{5bbca4a8-b209-48dc-a8c7-b23d3e5216fb}\",\"eventSourceName\":\"Microsoft-Windows-CAPI2\",\"eventID\":\"4107\",\"version\":\"0\",\"level\":\"2\",\"task\":\"0\",\"opcode\":\"0\",\"keywords\":\"0x8080000000000000\",\"systemTime\":\"2026-04-02T10:40:51.4148418Z\",\"eventRecordID\":\"2138\",\"processID\":\"1364\",\"threadID\":\"9404\",\"channel\":\"Application\",\"computer\":\"WS10\",\"severityValue\":\"ERROR\",\"message\":\"\\\"Impossibile estrarre l'elenco radice di terze parti dal file CAB di aggiornamento automatico in <http://ctldl.windowsupdate.com/msdownload/update/v3/static/trustedr/en/authrootstl.cab> a causa dell'errore seguente: Dati non validi.\\r\\n.\\\"\"},\"eventdata\":{\"data\":\"http://ctldl.windowsupdate.com/msdownload/update/v3/static/trustedr/en/authrootstl.cab, Dati non validi.\"}}}", "suspicious": true, "suspicious_reason": "group:windows, level>=5"}
{"timestamp": "2026-04-02T12:41:03.716+0000", "agent": "WS10", "agent_id": "005", "rule_id": "60602", "level": "9", "groups": "windows, windows_application, system_error", "decoder": "windows_eventchannel", "location": "EventChannel", "src_ip": "-", "mitre_ids": "-", "mitre_tactics": "-", "mitre_techniques": "-", "description": "Windows application error event.", "full_log": "{\"win\":{\"system\":{\"providerName\":\"Microsoft-Windows-CAPI2\",\"providerGuid\":\"{5bbca4a8-b209-48dc-a8c7-b23d3e5216fb}\",\"eventSourceName\":\"Microsoft-Windows-CAPI2\",\"eventID\":\"4107\",\"version\":\"0\",\"level\":\"2\",\"task\":\"0\",\"opcode\":\"0\",\"keywords\":\"0x8080000000000000\",\"systemTime\":\"2026-04-02T10:40:54.3835962Z\",\"eventRecordID\":\"2139\",\"processID\":\"1364\",\"threadID\":\"9404\",\"channel\":\"Application\",\"computer\":\"WS10\",\"severityValue\":\"ERROR\",\"message\":\"\\\"Impossibile estrarre l'elenco radice di terze parti dal file CAB di aggiornamento automatico in <http://ctldl.windowsupdate.com/msdownload/update/v3/static/trustedr/en/authrootstl.cab> a causa dell'errore seguente: Dati non validi.\\r\\n.\\\"\"},\"eventdata\":{\"data\":\"http://ctldl.windowsupdate.com/msdownload/update/v3/static/trustedr/en/authrootstl.cab, Dati non validi.\"}}}", "suspicious": true, "suspicious_reason": "group:windows, level>=5"}
{"timestamp": "2026-04-02T12:41:03.746+0000", "agent": "WS10", "agent_id": "005", "rule_id": "61061", "level": "10", "groups": "windows, windows_application", "decoder": "windows_eventchannel", "location": "EventChannel", "src_ip": "-", "mitre_ids": "-", "mitre_tactics": "-", "mitre_techniques": "-", "description": "Multiple Windows error application events.", "full_log": "{\"win\":{\"system\":{\"providerName\":\"Microsoft-Windows-CAPI2\",\"providerGuid\":\"{5bbca4a8-b209-48dc-a8c7-b23d3e5216fb}\",\"eventSourceName\":\"Microsoft-Windows-CAPI2\",\"eventID\":\"4107\",\"version\":\"0\",\"level\":\"2\",\"task\":\"0\",\"opcode\":\"0\",\"keywords\":\"0x8080000000000000\",\"systemTime\":\"2026-04-02T10:40:54.3835962Z\",\"eventRecordID\":\"2140\",\"processID\":\"1364\",\"threadID\":\"9404\",\"channel\":\"Application\",\"computer\":\"WS10\",\"severityValue\":\"ERROR\",\"message\":\"\\\"Impossibile estrarre l'elenco radice di terze parti dal file CAB di aggiornamento automatico in <http://ctldl.windowsupdate.com/msdownload/update/v3/static/trustedr/en/authrootstl.cab> a causa dell'errore seguente: Dati non validi.\\r\\n.\\\"\"},\"eventdata\":{\"data\":\"http://ctldl.windowsupdate.com/msdownload/update/v3/static/trustedr/en/authrootstl.cab, Dati non validi.\"}}}", "suspicious": true, "suspicious_reason": "group:windows, level>=5"}
{"timestamp": "2026-04-02T12:41:03.778+0000", "agent": "WS10", "agent_id": "005", "rule_id": "60602", "level": "9", "groups": "windows, windows_application, system_error", "decoder": "windows_eventchannel", "location": "EventChannel", "src_ip": "-", "mitre_ids": "-", "mitre_tactics": "-", "mitre_techniques": "-", "description": "Windows application error event.", "full_log": "{\"win\":{\"system\":{\"providerName\":\"Microsoft-Windows-CAPI2\",\"providerGuid\":\"{5bbca4a8-b209-48dc-a8c7-b23d3e5216fb}\",\"eventSourceName\":\"Microsoft-Windows-CAPI2\",\"eventID\":\"4107\",\"version\":\"0\",\"level\":\"2\",\"task\":\"0\",\"opcode\":\"0\",\"keywords\":\"0x8080000000000000\",\"systemTime\":\"2026-04-02T10:40:54.3992913Z\",\"eventRecordID\":\"2141\",\"processID\":\"1364\",\"threadID\":\"9404\",\"channel\":\"Application\",\"computer\":\"WS10\",\"severityValue\":\"ERROR\",\"message\":\"\\\"Impossibile estrarre l'elenco radice di terze parti dal file CAB di aggiornamento automatico in <http://ctldl.windowsupdate.com/msdownload/update/v3/static/trustedr/en/authrootstl.cab> a causa dell'errore seguente: Dati non validi.\\r\\n.\\\"\"},\"eventdata\":{\"data\":\"http://ctldl.windowsupdate.com/msdownload/update/v3/static/trustedr/en/authrootstl.cab, Dati non validi.\"}}}", "suspicious": true, "suspicious_reason": "group:windows, level>=5"}
{"timestamp": "2026-04-02T12:41:08.318+0000", "agent": "WS10", "agent_id": "005", "rule_id": "60602", "level": "9", "groups": "windows, windows_application, system_error", "decoder": "windows_eventchannel", "location": "EventChannel", "src_ip": "-", "mitre_ids": "-", "mitre_tactics": "-", "mitre_techniques": "-", "description": "Windows application error event.", "full_log": "{\"win\":{\"system\":{\"providerName\":\"Microsoft-Windows-CAPI2\",\"providerGuid\":\"{5bbca4a8-b209-48dc-a8c7-b23d3e5216fb}\",\"eventSourceName\":\"Microsoft-Windows-CAPI2\",\"eventID\":\"4107\",\"version\":\"0\",\"level\":\"2\",\"task\":\"0\",\"opcode\":\"0\",\"keywords\":\"0x8080000000000000\",\"systemTime\":\"2026-04-02T10:41:02.8833158Z\",\"eventRecordID\":\"2142\",\"processID\":\"1364\",\"threadID\":\"9404\",\"channel\":\"Application\",\"computer\":\"WS10\",\"severityValue\":\"ERROR\",\"message\":\"\\\"Impossibile estrarre l'elenco radice di terze parti dal file CAB di aggiornamento automatico in <http://ctldl.windowsupdate.com/msdownload/update/v3/static/trustedr/en/authrootstl.cab> a causa dell'errore seguente: Dati non validi.\\r\\n.\\\"\"},\"eventdata\":{\"data\":\"http://ctldl.windowsupdate.com/msdownload/update/v3/static/trustedr/en/authrootstl.cab, Dati non validi.\"}}}", "suspicious": true, "suspicious_reason": "group:windows, level>=5"}
{"timestamp": "2026-04-02T12:41:08.347+0000", "agent": "WS10", "agent_id": "005", "rule_id": "60602", "level": "9", "groups": "windows, windows_application, system_error", "decoder": "windows_eventchannel", "location": "EventChannel", "src_ip": "-", "mitre_ids": "-", "mitre_tactics": "-", "mitre_techniques": "-", "description": "Windows application error event.", "full_log": "{\"win\":{\"system\":{\"providerName\":\"Microsoft-Windows-CAPI2\",\"providerGuid\":\"{5bbca4a8-b209-48dc-a8c7-b23d3e5216fb}\",\"eventSourceName\":\"Microsoft-Windows-CAPI2\",\"eventID\":\"4107\",\"version\":\"0\",\"level\":\"2\",\"task\":\"0\",\"opcode\":\"0\",\"keywords\":\"0x8080000000000000\",\"systemTime\":\"2026-04-02T10:41:02.8986344Z\",\"eventRecordID\":\"2143\",\"processID\":\"1364\",\"threadID\":\"9404\",\"channel\":\"Application\",\"computer\":\"WS10\",\"severityValue\":\"ERROR\",\"message\":\"\\\"Impossibile estrarre l'elenco radice di terze parti dal file CAB di aggiornamento automatico in <http://ctldl.windowsupdate.com/msdownload/update/v3/static/trustedr/en/authrootstl.cab> a causa dell'errore seguente: Dati non validi.\\r\\n.\\\"\"},\"eventdata\":{\"data\":\"http://ctldl.windowsupdate.com/msdownload/update/v3/static/trustedr/en/authrootstl.cab, Dati non validi.\"}}}", "suspicious": true, "suspicious_reason": "group:windows, level>=5"}
{"timestamp": "2026-04-02T12:41:08.378+0000", "agent": "WS10", "agent_id": "005", "rule_id": "60602", "level": "9", "groups": "windows, windows_application, system_error", "decoder": "windows_eventchannel", "location": "EventChannel", "src_ip": "-", "mitre_ids": "-", "mitre_tactics": "-", "mitre_techniques": "-", "description": "Windows application error event.", "full_log": "{\"win\":{\"system\":{\"providerName\":\"Microsoft-Windows-CAPI2\",\"providerGuid\":\"{5bbca4a8-b209-48dc-a8c7-b23d3e5216fb}\",\"eventSourceName\":\"Microsoft-Windows-CAPI2\",\"eventID\":\"4107\",\"version\":\"0\",\"level\":\"2\",\"task\":\"0\",\"opcode\":\"0\",\"keywords\":\"0x8080000000000000\",\"systemTime\":\"2026-04-02T10:41:02.9143553Z\",\"eventRecordID\":\"2144\",\"processID\":\"1364\",\"threadID\":\"9404\",\"channel\":\"Application\",\"computer\":\"WS10\",\"severityValue\":\"ERROR\",\"message\":\"\\\"Impossibile estrarre l'elenco radice di terze parti dal file CAB di aggiornamento automatico in <http://ctldl.windowsupdate.com/msdownload/update/v3/static/trustedr/en/authrootstl.cab> a causa dell'errore seguente: Dati non validi.\\r\\n.\\\"\"},\"eventdata\":{\"data\":\"http://ctldl.windowsupdate.com/msdownload/update/v3/static/trustedr/en/authrootstl.cab, Dati non validi.\"}}}", "suspicious": true, "suspicious_reason": "group:windows, level>=5"}
{"timestamp": "2026-04-02T12:41:15.321+0000", "agent": "WS10", "agent_id": "005", "rule_id": "60602", "level": "9", "groups": "windows, windows_application, system_error", "decoder": "windows_eventchannel", "location": "EventChannel", "src_ip": "-", "mitre_ids": "-", "mitre_tactics": "-", "mitre_techniques": "-", "description": "Windows application error event.", "full_log": "{\"win\":{\"system\":{\"providerName\":\"Microsoft-Windows-CAPI2\",\"providerGuid\":\"{5bbca4a8-b209-48dc-a8c7-b23d3e5216fb}\",\"eventSourceName\":\"Microsoft-Windows-CAPI2\",\"eventID\":\"4107\",\"version\":\"0\",\"level\":\"2\",\"task\":\"0\",\"opcode\":\"0\",\"keywords\":\"0x8080000000000000\",\"systemTime\":\"2026-04-02T10:41:09.8118803Z\",\"eventRecordID\":\"2146\",\"processID\":\"1364\",\"threadID\":\"9404\",\"channel\":\"Application\",\"computer\":\"WS10\",\"severityValue\":\"ERROR\",\"message\":\"\\\"Impossibile estrarre l'elenco radice di terze parti dal file CAB di aggiornamento automatico in <http://ctldl.windowsupdate.com/msdownload/update/v3/static/trustedr/en/authrootstl.cab> a causa dell'errore seguente: Dati non validi.\\r\\n.\\\"\"},\"eventdata\":{\"data\":\"http://ctldl.windowsupdate.com/msdownload/update/v3/static/trustedr/en/authrootstl.cab, Dati non validi.\"}}}", "suspicious": true, "suspicious_reason": "group:windows, level>=5"}
{"timestamp": "2026-04-02T12:41:15.321+0000", "agent": "WS10", "agent_id": "005", "rule_id": "60602", "level": "9", "groups": "windows, windows_application, system_error", "decoder": "windows_eventchannel", "location": "EventChannel", "src_ip": "-", "mitre_ids": "-", "mitre_tactics": "-", "mitre_techniques": "-", "description": "Windows application error event.", "full_log": "{\"win\":{\"system\":{\"providerName\":\"Microsoft-Windows-CAPI2\",\"providerGuid\":\"{5bbca4a8-b209-48dc-a8c7-b23d3e5216fb}\",\"eventSourceName\":\"Microsoft-Windows-CAPI2\",\"eventID\":\"4107\",\"version\":\"0\",\"level\":\"2\",\"task\":\"0\",\"opcode\":\"0\",\"keywords\":\"0x8080000000000000\",\"systemTime\":\"2026-04-02T10:41:09.8118803Z\",\"eventRecordID\":\"2145\",\"processID\":\"1364\",\"threadID\":\"9404\",\"channel\":\"Application\",\"computer\":\"WS10\",\"severityValue\":\"ERROR\",\"message\":\"\\\"Impossibile estrarre l'elenco radice di terze parti dal file CAB di aggiornamento automatico in <http://ctldl.windowsupdate.com/msdownload/update/v3/static/trustedr/en/authrootstl.cab> a causa dell'errore seguente: Dati non validi.\\r\\n.\\\"\"},\"eventdata\":{\"data\":\"http://ctldl.windowsupdate.com/msdownload/update/v3/static/trustedr/en/authrootstl.cab, Dati non validi.\"}}}", "suspicious": true, "suspicious_reason": "group:windows, level>=5"}
{"timestamp": "2026-04-02T12:41:15.321+0000", "agent": "WS10", "agent_id": "005", "rule_id": "60602", "level": "9", "groups": "windows, windows_application, system_error", "decoder": "windows_eventchannel", "location": "EventChannel", "src_ip": "-", "mitre_ids": "-", "mitre_tactics": "-", "mitre_techniques": "-", "description": "Windows application error event.", "full_log": "{\"win\":{\"system\":{\"providerName\":\"Microsoft-Windows-CAPI2\",\"providerGuid\":\"{5bbca4a8-b209-48dc-a8c7-b23d3e5216fb}\",\"eventSourceName\":\"Microsoft-Windows-CAPI2\",\"eventID\":\"4107\",\"version\":\"0\",\"level\":\"2\",\"task\":\"0\",\"opcode\":\"0\",\"keywords\":\"0x8080000000000000\",\"systemTime\":\"2026-04-02T10:41:09.8289414Z\",\"eventRecordID\":\"2147\",\"processID\":\"1364\",\"threadID\":\"9404\",\"channel\":\"Application\",\"computer\":\"WS10\",\"severityValue\":\"ERROR\",\"message\":\"\\\"Impossibile estrarre l'elenco radice di terze parti dal file CAB di aggiornamento automatico in <http://ctldl.windowsupdate.com/msdownload/update/v3/static/trustedr/en/authrootstl.cab> a causa dell'errore seguente: Dati non validi.\\r\\n.\\\"\"},\"eventdata\":{\"data\":\"http://ctldl.windowsupdate.com/msdownload/update/v3/static/trustedr/en/authrootstl.cab, Dati non validi.\"}}}", "suspicious": true, "suspicious_reason": "group:windows, level>=5"}
{"timestamp": "2026-04-02T12:41:22.903+0000", "agent": "WS10", "agent_id": "005", "rule_id": "61061", "level": "10", "groups": "windows, windows_application", "decoder": "windows_eventchannel", "location": "EventChannel", "src_ip": "-", "mitre_ids": "-", "mitre_tactics": "-", "mitre_techniques": "-", "description": "Multiple Windows error application events.", "full_log": "{\"win\":{\"system\":{\"providerName\":\"Microsoft-Windows-CAPI2\",\"providerGuid\":\"{5bbca4a8-b209-48dc-a8c7-b23d3e5216fb}\",\"eventSourceName\":\"Microsoft-Windows-CAPI2\",\"eventID\":\"4107\",\"version\":\"0\",\"level\":\"2\",\"task\":\"0\",\"opcode\":\"0\",\"keywords\":\"0x8080000000000000\",\"systemTime\":\"2026-04-02T10:41:17.3345510Z\",\"eventRecordID\":\"2148\",\"processID\":\"1364\",\"threadID\":\"9404\",\"channel\":\"Application\",\"computer\":\"WS10\",\"severityValue\":\"ERROR\",\"message\":\"\\\"Impossibile estrarre l'elenco radice di terze parti dal file CAB di aggiornamento automatico in <http://ctldl.windowsupdate.com/msdownload/update/v3/static/trustedr/en/authrootstl.cab> a causa dell'errore seguente: Dati non validi.\\r\\n.\\\"\"},\"eventdata\":{\"data\":\"http://ctldl.windowsupdate.com/msdownload/update/v3/static/trustedr/en/authrootstl.cab, Dati non validi.\"}}}", "suspicious": true, "suspicious_reason": "group:windows, level>=5"}
{"timestamp": "2026-04-02T12:41:22.934+0000", "agent": "WS10", "agent_id": "005", "rule_id": "60602", "level": "9", "groups": "windows, windows_application, system_error", "decoder": "windows_eventchannel", "location": "EventChannel", "src_ip": "-", "mitre_ids": "-", "mitre_tactics": "-", "mitre_techniques": "-", "description": "Windows application error event.", "full_log": "{\"win\":{\"system\":{\"providerName\":\"Microsoft-Windows-CAPI2\",\"providerGuid\":\"{5bbca4a8-b209-48dc-a8c7-b23d3e5216fb}\",\"eventSourceName\":\"Microsoft-Windows-CAPI2\",\"eventID\":\"4107\",\"version\":\"0\",\"level\":\"2\",\"task\":\"0\",\"opcode\":\"0\",\"keywords\":\"0x8080000000000000\",\"systemTime\":\"2026-04-02T10:41:17.3500252Z\",\"eventRecordID\":\"2149\",\"processID\":\"1364\",\"threadID\":\"9404\",\"channel\":\"Application\",\"computer\":\"WS10\",\"severityValue\":\"ERROR\",\"message\":\"\\\"Impossibile estrarre l'elenco radice di terze parti dal file CAB di aggiornamento automatico in <http://ctldl.windowsupdate.com/msdownload/update/v3/static/trustedr/en/authrootstl.cab> a causa dell'errore seguente: Dati non validi.\\r\\n.\\\"\"},\"eventdata\":{\"data\":\"http://ctldl.windowsupdate.com/msdownload/update/v3/static/trustedr/en/authrootstl.cab, Dati non validi.\"}}}", "suspicious": true, "suspicious_reason": "group:windows, level>=5"}
{"timestamp": "2026-04-02T12:41:22.965+0000", "agent": "WS10", "agent_id": "005", "rule_id": "60602", "level": "9", "groups": "windows, windows_application, system_error", "decoder": "windows_eventchannel", "location": "EventChannel", "src_ip": "-", "mitre_ids": "-", "mitre_tactics": "-", "mitre_techniques": "-", "description": "Windows application error event.", "full_log": "{\"win\":{\"system\":{\"providerName\":\"Microsoft-Windows-CAPI2\",\"providerGuid\":\"{5bbca4a8-b209-48dc-a8c7-b23d3e5216fb}\",\"eventSourceName\":\"Microsoft-Windows-CAPI2\",\"eventID\":\"4107\",\"version\":\"0\",\"level\":\"2\",\"task\":\"0\",\"opcode\":\"0\",\"keywords\":\"0x8080000000000000\",\"systemTime\":\"2026-04-02T10:41:17.3500252Z\",\"eventRecordID\":\"2150\",\"processID\":\"1364\",\"threadID\":\"9404\",\"channel\":\"Application\",\"computer\":\"WS10\",\"severityValue\":\"ERROR\",\"message\":\"\\\"Impossibile estrarre l'elenco radice di terze parti dal file CAB di aggiornamento automatico in <http://ctldl.windowsupdate.com/msdownload/update/v3/static/trustedr/en/authrootstl.cab> a causa dell'errore seguente: Dati non validi.\\r\\n.\\\"\"},\"eventdata\":{\"data\":\"http://ctldl.windowsupdate.com/msdownload/update/v3/static/trustedr/en/authrootstl.cab, Dati non validi.\"}}}", "suspicious": true, "suspicious_reason": "group:windows, level>=5"}
{"timestamp": "2026-04-02T12:41:31.623+0000", "agent": "WS10", "agent_id": "005", "rule_id": "60602", "level": "9", "groups": "windows, windows_application, system_error", "decoder": "windows_eventchannel", "location": "EventChannel", "src_ip": "-", "mitre_ids": "-", "mitre_tactics": "-", "mitre_techniques": "-", "description": "Windows application error event.", "full_log": "{\"win\":{\"system\":{\"providerName\":\"Microsoft-Windows-CAPI2\",\"providerGuid\":\"{5bbca4a8-b209-48dc-a8c7-b23d3e5216fb}\",\"eventSourceName\":\"Microsoft-Windows-CAPI2\",\"eventID\":\"4107\",\"version\":\"0\",\"level\":\"2\",\"task\":\"0\",\"opcode\":\"0\",\"keywords\":\"0x8080000000000000\",\"systemTime\":\"2026-04-02T10:41:26.1700577Z\",\"eventRecordID\":\"2152\",\"processID\":\"1364\",\"threadID\":\"1436\",\"channel\":\"Application\",\"computer\":\"WS10\",\"severityValue\":\"ERROR\",\"message\":\"\\\"Impossibile estrarre l'elenco radice di terze parti dal file CAB di aggiornamento automatico in <http://ctldl.windowsupdate.com/msdownload/update/v3/static/trustedr/en/authrootstl.cab> a causa dell'errore seguente: Dati non validi.\\r\\n.\\\"\"},\"eventdata\":{\"data\":\"http://ctldl.windowsupdate.com/msdownload/update/v3/static/trustedr/en/authrootstl.cab, Dati non validi.\"}}}", "suspicious": true, "suspicious_reason": "group:windows, level>=5"}
{"timestamp": "2026-04-02T12:41:31.623+0000", "agent": "WS10", "agent_id": "005", "rule_id": "60602", "level": "9", "groups": "windows, windows_application, system_error", "decoder": "windows_eventchannel", "location": "EventChannel", "src_ip": "-", "mitre_ids": "-", "mitre_tactics": "-", "mitre_techniques": "-", "description": "Windows application error event.", "full_log": "{\"win\":{\"system\":{\"providerName\":\"Microsoft-Windows-CAPI2\",\"providerGuid\":\"{5bbca4a8-b209-48dc-a8c7-b23d3e5216fb}\",\"eventSourceName\":\"Microsoft-Windows-CAPI2\",\"eventID\":\"4107\",\"version\":\"0\",\"level\":\"2\",\"task\":\"0\",\"opcode\":\"0\",\"keywords\":\"0x8080000000000000\",\"systemTime\":\"2026-04-02T10:41:26.1822490Z\",\"eventRecordID\":\"2153\",\"processID\":\"1364\",\"threadID\":\"1436\",\"channel\":\"Application\",\"computer\":\"WS10\",\"severityValue\":\"ERROR\",\"message\":\"\\\"Impossibile estrarre l'elenco radice di terze parti dal file CAB di aggiornamento automatico in <http://ctldl.windowsupdate.com/msdownload/update/v3/static/trustedr/en/authrootstl.cab> a causa dell'errore seguente: Dati non validi.\\r\\n.\\\"\"},\"eventdata\":{\"data\":\"http://ctldl.windowsupdate.com/msdownload/update/v3/static/trustedr/en/authrootstl.cab, Dati non validi.\"}}}", "suspicious": true, "suspicious_reason": "group:windows, level>=5"}
{"timestamp": "2026-04-02T12:41:31.638+0000", "agent": "WS10", "agent_id": "005", "rule_id": "60602", "level": "9", "groups": "windows, windows_application, system_error", "decoder": "windows_eventchannel", "location": "EventChannel", "src_ip": "-", "mitre_ids": "-", "mitre_tactics": "-", "mitre_techniques": "-", "description": "Windows application error event.", "full_log": "{\"win\":{\"system\":{\"providerName\":\"Microsoft-Windows-CAPI2\",\"providerGuid\":\"{5bbca4a8-b209-48dc-a8c7-b23d3e5216fb}\",\"eventSourceName\":\"Microsoft-Windows-CAPI2\",\"eventID\":\"4107\",\"version\":\"0\",\"level\":\"2\",\"task\":\"0\",\"opcode\":\"0\",\"keywords\":\"0x8080000000000000\",\"systemTime\":\"2026-04-02T10:41:26.1822490Z\",\"eventRecordID\":\"2154\",\"processID\":\"1364\",\"threadID\":\"1436\",\"channel\":\"Application\",\"computer\":\"WS10\",\"severityValue\":\"ERROR\",\"message\":\"\\\"Impossibile estrarre l'elenco radice di terze parti dal file CAB di aggiornamento automatico in <http://ctldl.windowsupdate.com/msdownload/update/v3/static/trustedr/en/authrootstl.cab> a causa dell'errore seguente: Dati non validi.\\r\\n.\\\"\"},\"eventdata\":{\"data\":\"http://ctldl.windowsupdate.com/msdownload/update/v3/static/trustedr/en/authrootstl.cab, Dati non validi.\"}}}", "suspicious": true, "suspicious_reason": "group:windows, level>=5"}
{"timestamp": "2026-04-02T12:41:37.775+0000", "agent": "WS10", "agent_id": "005", "rule_id": "60602", "level": "9", "groups": "windows, windows_application, system_error", "decoder": "windows_eventchannel", "location": "EventChannel", "src_ip": "-", "mitre_ids": "-", "mitre_tactics": "-", "mitre_techniques": "-", "description": "Windows application error event.", "full_log": "{\"win\":{\"system\":{\"providerName\":\"Microsoft-Windows-CAPI2\",\"providerGuid\":\"{5bbca4a8-b209-48dc-a8c7-b23d3e5216fb}\",\"eventSourceName\":\"Microsoft-Windows-CAPI2\",\"eventID\":\"4107\",\"version\":\"0\",\"level\":\"2\",\"task\":\"0\",\"opcode\":\"0\",\"keywords\":\"0x8080000000000000\",\"systemTime\":\"2026-04-02T10:41:32.3442461Z\",\"eventRecordID\":\"2155\",\"processID\":\"1364\",\"threadID\":\"1436\",\"channel\":\"Application\",\"computer\":\"WS10\",\"severityValue\":\"ERROR\",\"message\":\"\\\"Impossibile estrarre l'elenco radice di terze parti dal file CAB di aggiornamento automatico in <http://ctldl.windowsupdate.com/msdownload/update/v3/static/trustedr/en/authrootstl.cab> a causa dell'errore seguente: Dati non validi.\\r\\n.\\\"\"},\"eventdata\":{\"data\":\"http://ctldl.windowsupdate.com/msdownload/update/v3/static/trustedr/en/authrootstl.cab, Dati non validi.\"}}}", "suspicious": true, "suspicious_reason": "group:windows, level>=5"}
{"timestamp": "2026-04-02T12:41:37.805+0000", "agent": "WS10", "agent_id": "005", "rule_id": "60602", "level": "9", "groups": "windows, windows_application, system_error", "decoder": "windows_eventchannel", "location": "EventChannel", "src_ip": "-", "mitre_ids": "-", "mitre_tactics": "-", "mitre_techniques": "-", "description": "Windows application error event.", "full_log": "{\"win\":{\"system\":{\"providerName\":\"Microsoft-Windows-CAPI2\",\"providerGuid\":\"{5bbca4a8-b209-48dc-a8c7-b23d3e5216fb}\",\"eventSourceName\":\"Microsoft-Windows-CAPI2\",\"eventID\":\"4107\",\"version\":\"0\",\"level\":\"2\",\"task\":\"0\",\"opcode\":\"0\",\"keywords\":\"0x8080000000000000\",\"systemTime\":\"2026-04-02T10:41:32.3570037Z\",\"eventRecordID\":\"2156\",\"processID\":\"1364\",\"threadID\":\"1436\",\"channel\":\"Application\",\"computer\":\"WS10\",\"severityValue\":\"ERROR\",\"message\":\"\\\"Impossibile estrarre l'elenco radice di terze parti dal file CAB di aggiornamento automatico in <http://ctldl.windowsupdate.com/msdownload/update/v3/static/trustedr/en/authrootstl.cab> a causa dell'errore seguente: Dati non validi.\\r\\n.\\\"\"},\"eventdata\":{\"data\":\"http://ctldl.windowsupdate.com/msdownload/update/v3/static/trustedr/en/authrootstl.cab, Dati non validi.\"}}}", "suspicious": true, "suspicious_reason": "group:windows, level>=5"}
{"timestamp": "2026-04-02T12:41:37.836+0000", "agent": "WS10", "agent_id": "005", "rule_id": "61061", "level": "10", "groups": "windows, windows_application", "decoder": "windows_eventchannel", "location": "EventChannel", "src_ip": "-", "mitre_ids": "-", "mitre_tactics": "-", "mitre_techniques": "-", "description": "Multiple Windows error application events.", "full_log": "{\"win\":{\"system\":{\"providerName\":\"Microsoft-Windows-CAPI2\",\"providerGuid\":\"{5bbca4a8-b209-48dc-a8c7-b23d3e5216fb}\",\"eventSourceName\":\"Microsoft-Windows-CAPI2\",\"eventID\":\"4107\",\"version\":\"0\",\"level\":\"2\",\"task\":\"0\",\"opcode\":\"0\",\"keywords\":\"0x8080000000000000\",\"systemTime\":\"2026-04-02T10:41:32.3570037Z\",\"eventRecordID\":\"2157\",\"processID\":\"1364\",\"threadID\":\"1436\",\"channel\":\"Application\",\"computer\":\"WS10\",\"severityValue\":\"ERROR\",\"message\":\"\\\"Impossibile estrarre l'elenco radice di terze parti dal file CAB di aggiornamento automatico in <http://ctldl.windowsupdate.com/msdownload/update/v3/static/trustedr/en/authrootstl.cab> a causa dell'errore seguente: Dati non validi.\\r\\n.\\\"\"},\"eventdata\":{\"data\":\"http://ctldl.windowsupdate.com/msdownload/update/v3/static/trustedr/en/authrootstl.cab, Dati non validi.\"}}}", "suspicious": true, "suspicious_reason": "group:windows, level>=5"}
{"timestamp": "2026-04-02T12:41:46.425+0000", "agent": "WS10", "agent_id": "005", "rule_id": "60602", "level": "9", "groups": "windows, windows_application, system_error", "decoder": "windows_eventchannel", "location": "EventChannel", "src_ip": "-", "mitre_ids": "-", "mitre_tactics": "-", "mitre_techniques": "-", "description": "Windows application error event.", "full_log": "{\"win\":{\"system\":{\"providerName\":\"Microsoft-Windows-CAPI2\",\"providerGuid\":\"{5bbca4a8-b209-48dc-a8c7-b23d3e5216fb}\",\"eventSourceName\":\"Microsoft-Windows-CAPI2\",\"eventID\":\"4107\",\"version\":\"0\",\"level\":\"2\",\"task\":\"0\",\"opcode\":\"0\",\"keywords\":\"0x8080000000000000\",\"systemTime\":\"2026-04-02T10:41:40.8727083Z\",\"eventRecordID\":\"2158\",\"processID\":\"1364\",\"threadID\":\"1436\",\"channel\":\"Application\",\"computer\":\"WS10\",\"severityValue\":\"ERROR\",\"message\":\"\\\"Impossibile estrarre l'elenco radice di terze parti dal file CAB di aggiornamento automatico in <http://ctldl.windowsupdate.com/msdownload/update/v3/static/trustedr/en/authrootstl.cab> a causa dell'errore seguente: Dati non validi.\\r\\n.\\\"\"},\"eventdata\":{\"data\":\"http://ctldl.windowsupdate.com/msdownload/update/v3/static/trustedr/en/authrootstl.cab, Dati non validi.\"}}}", "suspicious": true, "suspicious_reason": "group:windows, level>=5"}
