{"timestamp": "2026-04-02T12:25:05.825+0000", "agent": "WS10", "agent_id": "005", "rule_id": "92213", "level": "15", "groups": "sysmon, sysmon_eid11_detections, windows", "decoder": "windows_eventchannel", "location": "EventChannel", "src_ip": "-", "mitre_ids": "T1105", "mitre_tactics": "Command and Control", "mitre_techniques": "Ingress Tool Transfer", "description": "Executable file dropped in folder commonly used by malware", "full_log": "{\"win\":{\"system\":{\"providerName\":\"Microsoft-Windows-Sysmon\",\"providerGuid\":\"{5770385f-c22a-43e0-bf4c-06f5698ffbd9}\",\"eventID\":\"11\",\"version\":\"2\",\"level\":\"4\",\"task\":\"11\",\"opcode\":\"0\",\"keywords\":\"0x8000000000000000\",\"systemTime\":\"2026-04-02T10:24:43.0546772Z\",\"eventRecordID\":\"520041\",\"processID\":\"7940\",\"threadID\":\"8064\",\"channel\":\"Microsoft-Windows-Sysmon/Operational\",\"computer\":\"WS10\",\"severityValue\":\"INFORMATION\",\"message\":\"\\\"File created:\\r\\nRuleName: -\\r\\nUtcTime: 2026-04-02 10:24:43.019\\r\\nProcessGuid: {d9a99926-43ea-69ce-4c10-000000000600}\\r\\nProcessId: 7516\\r\\nImage: C:\\\\Windows\\\\System32\\\\WindowsPowerShell\\\\v1.0\\\\powershell.exe\\r\\nTargetFilename: C:\\\\Users\\\\Administrator\\\\AppData\\\\Local\\\\Temp\\\\__PSScriptPolicyTest_opxgppbx.spm.ps1\\r\\nCreationUtcTime: 2026-04-02 10:24:43.019\\r\\nUser: WS10\\\\Administrator\\\"\"},\"eventdata\":{\"utcTime\":\"2026-04-02 10:24:43.019\",\"processGuid\":\"{d9a99926-43ea-69ce-4c10-000000000600}\",\"processId\":\"7516\",\"image\":\"C:\\\\\\\\Windows\\\\\\\\System32\\\\\\\\WindowsPowerShell\\\\\\\\v1.0\\\\\\\\powershell.exe\",\"targetFilename\":\"C:\\\\\\\\Users\\\\\\\\Administrator\\\\\\\\AppData\\\\\\\\Local\\\\\\\\Temp\\\\\\\\__PSScriptPolicyTest_opxgppbx.spm.ps1\",\"creationUtcTime\":\"2026-04-02 10:24:43.019\",\"user\":\"WS10\\\\\\\\Administrator\"}}}", "suspicious": true, "suspicious_reason": "group:sysmon, group:windows, keyword:powershell, keyword:sysmon, level>=5, mitre"}
{"timestamp": "2026-04-02T12:25:11.498+0000", "agent": "WS10", "agent_id": "005", "rule_id": "92213", "level": "15", "groups": "sysmon, sysmon_eid11_detections, windows", "decoder": "windows_eventchannel", "location": "EventChannel", "src_ip": "-", "mitre_ids": "T1105", "mitre_tactics": "Command and Control", "mitre_techniques": "Ingress Tool Transfer", "description": "Executable file dropped in folder commonly used by malware", "full_log": "{\"win\":{\"system\":{\"providerName\":\"Microsoft-Windows-Sysmon\",\"providerGuid\":\"{5770385f-c22a-43e0-bf4c-06f5698ffbd9}\",\"eventID\":\"11\",\"version\":\"2\",\"level\":\"4\",\"task\":\"11\",\"opcode\":\"0\",\"keywords\":\"0x8000000000000000\",\"systemTime\":\"2026-04-02T10:25:04.8857344Z\",\"eventRecordID\":\"520220\",\"processID\":\"7940\",\"threadID\":\"8064\",\"channel\":\"Microsoft-Windows-Sysmon/Operational\",\"computer\":\"WS10\",\"severityValue\":\"INFORMATION\",\"message\":\"\\\"File created:\\r\\nRuleName: -\\r\\nUtcTime: 2026-04-02 10:25:04.869\\r\\nProcessGuid: {d9a99926-4400-69ce-4e10-000000000600}\\r\\nProcessId: 10164\\r\\nImage: C:\\\\Windows\\\\System32\\\\WindowsPowerShell\\\\v1.0\\\\powershell.exe\\r\\nTargetFilename: C:\\\\Users\\\\Administrator\\\\AppData\\\\Local\\\\Temp\\\\__PSScriptPolicyTest_bw3uelem.5ki.ps1\\r\\nCreationUtcTime: 2026-04-02 10:25:04.869\\r\\nUser: WS10\\\\Administrator\\\"\"},\"eventdata\":{\"utcTime\":\"2026-04-02 10:25:04.869\",\"processGuid\":\"{d9a99926-4400-69ce-4e10-000000000600}\",\"processId\":\"10164\",\"image\":\"C:\\\\\\\\Windows\\\\\\\\System32\\\\\\\\WindowsPowerShell\\\\\\\\v1.0\\\\\\\\powershell.exe\",\"targetFilename\":\"C:\\\\\\\\Users\\\\\\\\Administrator\\\\\\\\AppData\\\\\\\\Local\\\\\\\\Temp\\\\\\\\__PSScriptPolicyTest_bw3uelem.5ki.ps1\",\"creationUtcTime\":\"2026-04-02 10:25:04.869\",\"user\":\"WS10\\\\\\\\Administrator\"}}}", "suspicious": true, "suspicious_reason": "group:sysmon, group:windows, keyword:powershell, keyword:sysmon, level>=5, mitre"}
{"timestamp": "2026-04-02T12:25:16.478+0000", "agent": "WS10", "agent_id": "005", "rule_id": "92213", "level": "15", "groups": "sysmon, sysmon_eid11_detections, windows", "decoder": "windows_eventchannel", "location": "EventChannel", "src_ip": "-", "mitre_ids": "T1105", "mitre_tactics": "Command and Control", "mitre_techniques": "Ingress Tool Transfer", "description": "Executable file dropped in folder commonly used by malware", "full_log": "{\"win\":{\"system\":{\"providerName\":\"Microsoft-Windows-Sysmon\",\"providerGuid\":\"{5770385f-c22a-43e0-bf4c-06f5698ffbd9}\",\"eventID\":\"11\",\"version\":\"2\",\"level\":\"4\",\"task\":\"11\",\"opcode\":\"0\",\"keywords\":\"0x8000000000000000\",\"systemTime\":\"2026-04-02T10:25:09.8786530Z\",\"eventRecordID\":\"520476\",\"processID\":\"7940\",\"threadID\":\"8064\",\"channel\":\"Microsoft-Windows-Sysmon/Operational\",\"computer\":\"WS10\",\"severityValue\":\"INFORMATION\",\"message\":\"\\\"File created:\\r\\nRuleName: -\\r\\nUtcTime: 2026-04-02 10:25:09.860\\r\\nProcessGuid: {d9a99926-4405-69ce-5110-000000000600}\\r\\nProcessId: 5196\\r\\nImage: C:\\\\Windows\\\\System32\\\\WindowsPowerShell\\\\v1.0\\\\powershell.exe\\r\\nTargetFilename: C:\\\\Users\\\\Administrator\\\\AppData\\\\Local\\\\Temp\\\\__PSScriptPolicyTest_i3m4ljub.v2e.ps1\\r\\nCreationUtcTime: 2026-04-02 10:25:09.860\\r\\nUser: WS10\\\\Administrator\\\"\"},\"eventdata\":{\"utcTime\":\"2026-04-02 10:25:09.860\",\"processGuid\":\"{d9a99926-4405-69ce-5110-000000000600}\",\"processId\":\"5196\",\"image\":\"C:\\\\\\\\Windows\\\\\\\\System32\\\\\\\\WindowsPowerShell\\\\\\\\v1.0\\\\\\\\powershell.exe\",\"targetFilename\":\"C:\\\\\\\\Users\\\\\\\\Administrator\\\\\\\\AppData\\\\\\\\Local\\\\\\\\Temp\\\\\\\\__PSScriptPolicyTest_i3m4ljub.v2e.ps1\",\"creationUtcTime\":\"2026-04-02 10:25:09.860\",\"user\":\"WS10\\\\\\\\Administrator\"}}}", "suspicious": true, "suspicious_reason": "group:sysmon, group:windows, keyword:powershell, keyword:sysmon, level>=5, mitre"}
{"timestamp": "2026-04-02T12:25:25.964+0000", "agent": "WS10", "agent_id": "005", "rule_id": "92213", "level": "15", "groups": "sysmon, sysmon_eid11_detections, windows", "decoder": "windows_eventchannel", "location": "EventChannel", "src_ip": "-", "mitre_ids": "T1105", "mitre_tactics": "Command and Control", "mitre_techniques": "Ingress Tool Transfer", "description": "Executable file dropped in folder commonly used by malware", "full_log": "{\"win\":{\"system\":{\"providerName\":\"Microsoft-Windows-Sysmon\",\"providerGuid\":\"{5770385f-c22a-43e0-bf4c-06f5698ffbd9}\",\"eventID\":\"11\",\"version\":\"2\",\"level\":\"4\",\"task\":\"11\",\"opcode\":\"0\",\"keywords\":\"0x8000000000000000\",\"systemTime\":\"2026-04-02T10:25:19.4858705Z\",\"eventRecordID\":\"520731\",\"processID\":\"7940\",\"threadID\":\"8064\",\"channel\":\"Microsoft-Windows-Sysmon/Operational\",\"computer\":\"WS10\",\"severityValue\":\"INFORMATION\",\"message\":\"\\\"File created:\\r\\nRuleName: -\\r\\nUtcTime: 2026-04-02 10:25:19.476\\r\\nProcessGuid: {d9a99926-440f-69ce-5210-000000000600}\\r\\nProcessId: 10068\\r\\nImage: C:\\\\Windows\\\\System32\\\\WindowsPowerShell\\\\v1.0\\\\powershell.exe\\r\\nTargetFilename: C:\\\\Users\\\\Administrator\\\\AppData\\\\Local\\\\Temp\\\\__PSScriptPolicyTest_sngjcmyr.dt5.ps1\\r\\nCreationUtcTime: 2026-04-02 10:25:19.476\\r\\nUser: WS10\\\\Administrator\\\"\"},\"eventdata\":{\"utcTime\":\"2026-04-02 10:25:19.476\",\"processGuid\":\"{d9a99926-440f-69ce-5210-000000000600}\",\"processId\":\"10068\",\"image\":\"C:\\\\\\\\Windows\\\\\\\\System32\\\\\\\\WindowsPowerShell\\\\\\\\v1.0\\\\\\\\powershell.exe\",\"targetFilename\":\"C:\\\\\\\\Users\\\\\\\\Administrator\\\\\\\\AppData\\\\\\\\Local\\\\\\\\Temp\\\\\\\\__PSScriptPolicyTest_sngjcmyr.dt5.ps1\",\"creationUtcTime\":\"2026-04-02 10:25:19.476\",\"user\":\"WS10\\\\\\\\Administrator\"}}}", "suspicious": true, "suspicious_reason": "group:sysmon, group:windows, keyword:powershell, keyword:sysmon, level>=5, mitre"}
{"timestamp": "2026-04-02T12:25:29.459+0000", "agent": "WS10", "agent_id": "005", "rule_id": "92213", "level": "15", "groups": "sysmon, sysmon_eid11_detections, windows", "decoder": "windows_eventchannel", "location": "EventChannel", "src_ip": "-", "mitre_ids": "T1105", "mitre_tactics": "Command and Control", "mitre_techniques": "Ingress Tool Transfer", "description": "Executable file dropped in folder commonly used by malware", "full_log": "{\"win\":{\"system\":{\"providerName\":\"Microsoft-Windows-Sysmon\",\"providerGuid\":\"{5770385f-c22a-43e0-bf4c-06f5698ffbd9}\",\"eventID\":\"11\",\"version\":\"2\",\"level\":\"4\",\"task\":\"11\",\"opcode\":\"0\",\"keywords\":\"0x8000000000000000\",\"systemTime\":\"2026-04-02T10:25:25.0155816Z\",\"eventRecordID\":\"520770\",\"processID\":\"7940\",\"threadID\":\"8064\",\"channel\":\"Microsoft-Windows-Sysmon/Operational\",\"computer\":\"WS10\",\"severityValue\":\"INFORMATION\",\"message\":\"\\\"File created:\\r\\nRuleName: -\\r\\nUtcTime: 2026-04-02 10:25:24.999\\r\\nProcessGuid: {d9a99926-4414-69ce-5410-000000000600}\\r\\nProcessId: 7976\\r\\nImage: C:\\\\Windows\\\\System32\\\\WindowsPowerShell\\\\v1.0\\\\powershell.exe\\r\\nTargetFilename: C:\\\\Users\\\\Administrator\\\\AppData\\\\Local\\\\Temp\\\\__PSScriptPolicyTest_bffx2u3f.bgd.ps1\\r\\nCreationUtcTime: 2026-04-02 10:25:24.999\\r\\nUser: WS10\\\\Administrator\\\"\"},\"eventdata\":{\"utcTime\":\"2026-04-02 10:25:24.999\",\"processGuid\":\"{d9a99926-4414-69ce-5410-000000000600}\",\"processId\":\"7976\",\"image\":\"C:\\\\\\\\Windows\\\\\\\\System32\\\\\\\\WindowsPowerShell\\\\\\\\v1.0\\\\\\\\powershell.exe\",\"targetFilename\":\"C:\\\\\\\\Users\\\\\\\\Administrator\\\\\\\\AppData\\\\\\\\Local\\\\\\\\Temp\\\\\\\\__PSScriptPolicyTest_bffx2u3f.bgd.ps1\",\"creationUtcTime\":\"2026-04-02 10:25:24.999\",\"user\":\"WS10\\\\\\\\Administrator\"}}}", "suspicious": true, "suspicious_reason": "group:sysmon, group:windows, keyword:powershell, keyword:sysmon, level>=5, mitre"}
{"timestamp": "2026-04-02T12:25:35.714+0000", "agent": "WS10", "agent_id": "005", "rule_id": "92213", "level": "15", "groups": "sysmon, sysmon_eid11_detections, windows", "decoder": "windows_eventchannel", "location": "EventChannel", "src_ip": "-", "mitre_ids": "T1105", "mitre_tactics": "Command and Control", "mitre_techniques": "Ingress Tool Transfer", "description": "Executable file dropped in folder commonly used by malware", "full_log": "{\"win\":{\"system\":{\"providerName\":\"Microsoft-Windows-Sysmon\",\"providerGuid\":\"{5770385f-c22a-43e0-bf4c-06f5698ffbd9}\",\"eventID\":\"11\",\"version\":\"2\",\"level\":\"4\",\"task\":\"11\",\"opcode\":\"0\",\"keywords\":\"0x8000000000000000\",\"systemTime\":\"2026-04-02T10:25:26.4866418Z\",\"eventRecordID\":\"521140\",\"processID\":\"7940\",\"threadID\":\"8064\",\"channel\":\"Microsoft-Windows-Sysmon/Operational\",\"computer\":\"WS10\",\"severityValue\":\"INFORMATION\",\"message\":\"\\\"File created:\\r\\nRuleName: -\\r\\nUtcTime: 2026-04-02 10:25:26.480\\r\\nProcessGuid: {d9a99926-4416-69ce-5510-000000000600}\\r\\nProcessId: 9452\\r\\nImage: C:\\\\Windows\\\\System32\\\\WindowsPowerShell\\\\v1.0\\\\powershell.exe\\r\\nTargetFilename: C:\\\\Users\\\\Administrator\\\\AppData\\\\Local\\\\Temp\\\\__PSScriptPolicyTest_txsuov5w.leg.ps1\\r\\nCreationUtcTime: 2026-04-02 10:25:26.480\\r\\nUser: WS10\\\\Administrator\\\"\"},\"eventdata\":{\"utcTime\":\"2026-04-02 10:25:26.480\",\"processGuid\":\"{d9a99926-4416-69ce-5510-000000000600}\",\"processId\":\"9452\",\"image\":\"C:\\\\\\\\Windows\\\\\\\\System32\\\\\\\\WindowsPowerShell\\\\\\\\v1.0\\\\\\\\powershell.exe\",\"targetFilename\":\"C:\\\\\\\\Users\\\\\\\\Administrator\\\\\\\\AppData\\\\\\\\Local\\\\\\\\Temp\\\\\\\\__PSScriptPolicyTest_txsuov5w.leg.ps1\",\"creationUtcTime\":\"2026-04-02 10:25:26.480\",\"user\":\"WS10\\\\\\\\Administrator\"}}}", "suspicious": true, "suspicious_reason": "group:sysmon, group:windows, keyword:powershell, keyword:sysmon, level>=5, mitre"}
{"timestamp": "2026-04-02T12:25:38.282+0000", "agent": "WS10", "agent_id": "005", "rule_id": "92213", "level": "15", "groups": "sysmon, sysmon_eid11_detections, windows", "decoder": "windows_eventchannel", "location": "EventChannel", "src_ip": "-", "mitre_ids": "T1105", "mitre_tactics": "Command and Control", "mitre_techniques": "Ingress Tool Transfer", "description": "Executable file dropped in folder commonly used by malware", "full_log": "{\"win\":{\"system\":{\"providerName\":\"Microsoft-Windows-Sysmon\",\"providerGuid\":\"{5770385f-c22a-43e0-bf4c-06f5698ffbd9}\",\"eventID\":\"11\",\"version\":\"2\",\"level\":\"4\",\"task\":\"11\",\"opcode\":\"0\",\"keywords\":\"0x8000000000000000\",\"systemTime\":\"2026-04-02T10:25:26.6230364Z\",\"eventRecordID\":\"521289\",\"processID\":\"7940\",\"threadID\":\"8064\",\"channel\":\"Microsoft-Windows-Sysmon/Operational\",\"computer\":\"WS10\",\"severityValue\":\"INFORMATION\",\"message\":\"\\\"File created:\\r\\nRuleName: -\\r\\nUtcTime: 2026-04-02 10:25:26.606\\r\\nProcessGuid: {d9a99926-4416-69ce-5610-000000000600}\\r\\nProcessId: 4912\\r\\nImage: C:\\\\Windows\\\\System32\\\\WindowsPowerShell\\\\v1.0\\\\powershell.exe\\r\\nTargetFilename: C:\\\\Users\\\\Administrator\\\\AppData\\\\Local\\\\Temp\\\\__PSScriptPolicyTest_s1p2zzad.lsr.ps1\\r\\nCreationUtcTime: 2026-04-02 10:25:26.606\\r\\nUser: WS10\\\\Administrator\\\"\"},\"eventdata\":{\"utcTime\":\"2026-04-02 10:25:26.606\",\"processGuid\":\"{d9a99926-4416-69ce-5610-000000000600}\",\"processId\":\"4912\",\"image\":\"C:\\\\\\\\Windows\\\\\\\\System32\\\\\\\\WindowsPowerShell\\\\\\\\v1.0\\\\\\\\powershell.exe\",\"targetFilename\":\"C:\\\\\\\\Users\\\\\\\\Administrator\\\\\\\\AppData\\\\\\\\Local\\\\\\\\Temp\\\\\\\\__PSScriptPolicyTest_s1p2zzad.lsr.ps1\",\"creationUtcTime\":\"2026-04-02 10:25:26.606\",\"user\":\"WS10\\\\\\\\Administrator\"}}}", "suspicious": true, "suspicious_reason": "group:sysmon, group:windows, keyword:powershell, keyword:sysmon, level>=5, mitre"}
{"timestamp": "2026-04-02T12:25:41.434+0000", "agent": "WS10", "agent_id": "005", "rule_id": "92213", "level": "15", "groups": "sysmon, sysmon_eid11_detections, windows", "decoder": "windows_eventchannel", "location": "EventChannel", "src_ip": "-", "mitre_ids": "T1105", "mitre_tactics": "Command and Control", "mitre_techniques": "Ingress Tool Transfer", "description": "Executable file dropped in folder commonly used by malware", "full_log": "{\"win\":{\"system\":{\"providerName\":\"Microsoft-Windows-Sysmon\",\"providerGuid\":\"{5770385f-c22a-43e0-bf4c-06f5698ffbd9}\",\"eventID\":\"11\",\"version\":\"2\",\"level\":\"4\",\"task\":\"11\",\"opcode\":\"0\",\"keywords\":\"0x8000000000000000\",\"systemTime\":\"2026-04-02T10:25:26.9770708Z\",\"eventRecordID\":\"521472\",\"processID\":\"7940\",\"threadID\":\"8064\",\"channel\":\"Microsoft-Windows-Sysmon/Operational\",\"computer\":\"WS10\",\"severityValue\":\"INFORMATION\",\"message\":\"\\\"File created:\\r\\nRuleName: -\\r\\nUtcTime: 2026-04-02 10:25:26.964\\r\\nProcessGuid: {d9a99926-4416-69ce-5710-000000000600}\\r\\nProcessId: 2732\\r\\nImage: C:\\\\Windows\\\\System32\\\\WindowsPowerShell\\\\v1.0\\\\powershell.exe\\r\\nTargetFilename: C:\\\\Users\\\\Administrator\\\\AppData\\\\Local\\\\Temp\\\\__PSScriptPolicyTest_gb3cc2jm.1c0.ps1\\r\\nCreationUtcTime: 2026-04-02 10:25:26.964\\r\\nUser: WS10\\\\Administrator\\\"\"},\"eventdata\":{\"utcTime\":\"2026-04-02 10:25:26.964\",\"processGuid\":\"{d9a99926-4416-69ce-5710-000000000600}\",\"processId\":\"2732\",\"image\":\"C:\\\\\\\\Windows\\\\\\\\System32\\\\\\\\WindowsPowerShell\\\\\\\\v1.0\\\\\\\\powershell.exe\",\"targetFilename\":\"C:\\\\\\\\Users\\\\\\\\Administrator\\\\\\\\AppData\\\\\\\\Local\\\\\\\\Temp\\\\\\\\__PSScriptPolicyTest_gb3cc2jm.1c0.ps1\",\"creationUtcTime\":\"2026-04-02 10:25:26.964\",\"user\":\"WS10\\\\\\\\Administrator\"}}}", "suspicious": true, "suspicious_reason": "group:sysmon, group:windows, keyword:powershell, keyword:sysmon, level>=5, mitre"}
{"timestamp": "2026-04-02T12:26:14.737+0000", "agent": "WS10", "agent_id": "005", "rule_id": "92213", "level": "15", "groups": "sysmon, sysmon_eid11_detections, windows", "decoder": "windows_eventchannel", "location": "EventChannel", "src_ip": "-", "mitre_ids": "T1105", "mitre_tactics": "Command and Control", "mitre_techniques": "Ingress Tool Transfer", "description": "Executable file dropped in folder commonly used by malware", "full_log": "{\"win\":{\"system\":{\"providerName\":\"Microsoft-Windows-Sysmon\",\"providerGuid\":\"{5770385f-c22a-43e0-bf4c-06f5698ffbd9}\",\"eventID\":\"11\",\"version\":\"2\",\"level\":\"4\",\"task\":\"11\",\"opcode\":\"0\",\"keywords\":\"0x8000000000000000\",\"systemTime\":\"2026-04-02T10:26:09.5349361Z\",\"eventRecordID\":\"521667\",\"processID\":\"7940\",\"threadID\":\"8064\",\"channel\":\"Microsoft-Windows-Sysmon/Operational\",\"computer\":\"WS10\",\"severityValue\":\"INFORMATION\",\"message\":\"\\\"File created:\\r\\nRuleName: -\\r\\nUtcTime: 2026-04-02 10:26:09.522\\r\\nProcessGuid: {d9a99926-4441-69ce-5910-000000000600}\\r\\nProcessId: 9204\\r\\nImage: C:\\\\Windows\\\\System32\\\\WindowsPowerShell\\\\v1.0\\\\powershell.exe\\r\\nTargetFilename: C:\\\\Users\\\\Administrator\\\\AppData\\\\Local\\\\Temp\\\\__PSScriptPolicyTest_ryvapvkk.4dd.ps1\\r\\nCreationUtcTime: 2026-04-02 10:26:09.522\\r\\nUser: WS10\\\\Administrator\\\"\"},\"eventdata\":{\"utcTime\":\"2026-04-02 10:26:09.522\",\"processGuid\":\"{d9a99926-4441-69ce-5910-000000000600}\",\"processId\":\"9204\",\"image\":\"C:\\\\\\\\Windows\\\\\\\\System32\\\\\\\\WindowsPowerShell\\\\\\\\v1.0\\\\\\\\powershell.exe\",\"targetFilename\":\"C:\\\\\\\\Users\\\\\\\\Administrator\\\\\\\\AppData\\\\\\\\Local\\\\\\\\Temp\\\\\\\\__PSScriptPolicyTest_ryvapvkk.4dd.ps1\",\"creationUtcTime\":\"2026-04-02 10:26:09.522\",\"user\":\"WS10\\\\\\\\Administrator\"}}}", "suspicious": true, "suspicious_reason": "group:sysmon, group:windows, keyword:powershell, keyword:sysmon, level>=5, mitre"}
{"timestamp": "2026-04-02T12:26:19.181+0000", "agent": "WS10", "agent_id": "005", "rule_id": "92213", "level": "15", "groups": "sysmon, sysmon_eid11_detections, windows", "decoder": "windows_eventchannel", "location": "EventChannel", "src_ip": "-", "mitre_ids": "T1105", "mitre_tactics": "Command and Control", "mitre_techniques": "Ingress Tool Transfer", "description": "Executable file dropped in folder commonly used by malware", "full_log": "{\"win\":{\"system\":{\"providerName\":\"Microsoft-Windows-Sysmon\",\"providerGuid\":\"{5770385f-c22a-43e0-bf4c-06f5698ffbd9}\",\"eventID\":\"11\",\"version\":\"2\",\"level\":\"4\",\"task\":\"11\",\"opcode\":\"0\",\"keywords\":\"0x8000000000000000\",\"systemTime\":\"2026-04-02T10:26:12.5763208Z\",\"eventRecordID\":\"521903\",\"processID\":\"7940\",\"threadID\":\"8064\",\"channel\":\"Microsoft-Windows-Sysmon/Operational\",\"computer\":\"WS10\",\"severityValue\":\"INFORMATION\",\"message\":\"\\\"File created:\\r\\nRuleName: -\\r\\nUtcTime: 2026-04-02 10:26:12.563\\r\\nProcessGuid: {d9a99926-4444-69ce-5b10-000000000600}\\r\\nProcessId: 7744\\r\\nImage: C:\\\\Windows\\\\System32\\\\WindowsPowerShell\\\\v1.0\\\\powershell.exe\\r\\nTargetFilename: C:\\\\Users\\\\Administrator\\\\AppData\\\\Local\\\\Temp\\\\__PSScriptPolicyTest_ztmhzv4n.qnn.ps1\\r\\nCreationUtcTime: 2026-04-02 10:26:12.563\\r\\nUser: WS10\\\\Administrator\\\"\"},\"eventdata\":{\"utcTime\":\"2026-04-02 10:26:12.563\",\"processGuid\":\"{d9a99926-4444-69ce-5b10-000000000600}\",\"processId\":\"7744\",\"image\":\"C:\\\\\\\\Windows\\\\\\\\System32\\\\\\\\WindowsPowerShell\\\\\\\\v1.0\\\\\\\\powershell.exe\",\"targetFilename\":\"C:\\\\\\\\Users\\\\\\\\Administrator\\\\\\\\AppData\\\\\\\\Local\\\\\\\\Temp\\\\\\\\__PSScriptPolicyTest_ztmhzv4n.qnn.ps1\",\"creationUtcTime\":\"2026-04-02 10:26:12.563\",\"user\":\"WS10\\\\\\\\Administrator\"}}}", "suspicious": true, "suspicious_reason": "group:sysmon, group:windows, keyword:powershell, keyword:sysmon, level>=5, mitre"}
{"timestamp": "2026-04-02T12:26:21.641+0000", "agent": "WS10", "agent_id": "005", "rule_id": "92213", "level": "15", "groups": "sysmon, sysmon_eid11_detections, windows", "decoder": "windows_eventchannel", "location": "EventChannel", "src_ip": "-", "mitre_ids": "T1105", "mitre_tactics": "Command and Control", "mitre_techniques": "Ingress Tool Transfer", "description": "Executable file dropped in folder commonly used by malware", "full_log": "{\"win\":{\"system\":{\"providerName\":\"Microsoft-Windows-Sysmon\",\"providerGuid\":\"{5770385f-c22a-43e0-bf4c-06f5698ffbd9}\",\"eventID\":\"11\",\"version\":\"2\",\"level\":\"4\",\"task\":\"11\",\"opcode\":\"0\",\"keywords\":\"0x8000000000000000\",\"systemTime\":\"2026-04-02T10:26:12.7584886Z\",\"eventRecordID\":\"522051\",\"processID\":\"7940\",\"threadID\":\"8064\",\"channel\":\"Microsoft-Windows-Sysmon/Operational\",\"computer\":\"WS10\",\"severityValue\":\"INFORMATION\",\"message\":\"\\\"File created:\\r\\nRuleName: -\\r\\nUtcTime: 2026-04-02 10:26:12.735\\r\\nProcessGuid: {d9a99926-4444-69ce-5c10-000000000600}\\r\\nProcessId: 4596\\r\\nImage: C:\\\\Windows\\\\System32\\\\WindowsPowerShell\\\\v1.0\\\\powershell.exe\\r\\nTargetFilename: C:\\\\Users\\\\Administrator\\\\AppData\\\\Local\\\\Temp\\\\__PSScriptPolicyTest_fm32xylq.zut.ps1\\r\\nCreationUtcTime: 2026-04-02 10:26:12.735\\r\\nUser: WS10\\\\Administrator\\\"\"},\"eventdata\":{\"utcTime\":\"2026-04-02 10:26:12.735\",\"processGuid\":\"{d9a99926-4444-69ce-5c10-000000000600}\",\"processId\":\"4596\",\"image\":\"C:\\\\\\\\Windows\\\\\\\\System32\\\\\\\\WindowsPowerShell\\\\\\\\v1.0\\\\\\\\powershell.exe\",\"targetFilename\":\"C:\\\\\\\\Users\\\\\\\\Administrator\\\\\\\\AppData\\\\\\\\Local\\\\\\\\Temp\\\\\\\\__PSScriptPolicyTest_fm32xylq.zut.ps1\",\"creationUtcTime\":\"2026-04-02 10:26:12.735\",\"user\":\"WS10\\\\\\\\Administrator\"}}}", "suspicious": true, "suspicious_reason": "group:sysmon, group:windows, keyword:powershell, keyword:sysmon, level>=5, mitre"}
{"timestamp": "2026-04-02T12:26:24.794+0000", "agent": "WS10", "agent_id": "005", "rule_id": "92213", "level": "15", "groups": "sysmon, sysmon_eid11_detections, windows", "decoder": "windows_eventchannel", "location": "EventChannel", "src_ip": "-", "mitre_ids": "T1105", "mitre_tactics": "Command and Control", "mitre_techniques": "Ingress Tool Transfer", "description": "Executable file dropped in folder commonly used by malware", "full_log": "{\"win\":{\"system\":{\"providerName\":\"Microsoft-Windows-Sysmon\",\"providerGuid\":\"{5770385f-c22a-43e0-bf4c-06f5698ffbd9}\",\"eventID\":\"11\",\"version\":\"2\",\"level\":\"4\",\"task\":\"11\",\"opcode\":\"0\",\"keywords\":\"0x8000000000000000\",\"systemTime\":\"2026-04-02T10:26:13.1798433Z\",\"eventRecordID\":\"522238\",\"processID\":\"7940\",\"threadID\":\"8064\",\"channel\":\"Microsoft-Windows-Sysmon/Operational\",\"computer\":\"WS10\",\"severityValue\":\"INFORMATION\",\"message\":\"\\\"File created:\\r\\nRuleName: -\\r\\nUtcTime: 2026-04-02 10:26:13.160\\r\\nProcessGuid: {d9a99926-4444-69ce-5d10-000000000600}\\r\\nProcessId: 5080\\r\\nImage: C:\\\\Windows\\\\System32\\\\WindowsPowerShell\\\\v1.0\\\\powershell.exe\\r\\nTargetFilename: C:\\\\Users\\\\Administrator\\\\AppData\\\\Local\\\\Temp\\\\__PSScriptPolicyTest_5sbwolod.pzc.ps1\\r\\nCreationUtcTime: 2026-04-02 10:26:13.160\\r\\nUser: WS10\\\\Administrator\\\"\"},\"eventdata\":{\"utcTime\":\"2026-04-02 10:26:13.160\",\"processGuid\":\"{d9a99926-4444-69ce-5d10-000000000600}\",\"processId\":\"5080\",\"image\":\"C:\\\\\\\\Windows\\\\\\\\System32\\\\\\\\WindowsPowerShell\\\\\\\\v1.0\\\\\\\\powershell.exe\",\"targetFilename\":\"C:\\\\\\\\Users\\\\\\\\Administrator\\\\\\\\AppData\\\\\\\\Local\\\\\\\\Temp\\\\\\\\__PSScriptPolicyTest_5sbwolod.pzc.ps1\",\"creationUtcTime\":\"2026-04-02 10:26:13.160\",\"user\":\"WS10\\\\\\\\Administrator\"}}}", "suspicious": true, "suspicious_reason": "group:sysmon, group:windows, keyword:powershell, keyword:sysmon, level>=5, mitre"}
{"timestamp": "2026-04-02T12:26:33.404+0000", "agent": "WS10", "agent_id": "005", "rule_id": "92213", "level": "15", "groups": "sysmon, sysmon_eid11_detections, windows", "decoder": "windows_eventchannel", "location": "EventChannel", "src_ip": "-", "mitre_ids": "T1105", "mitre_tactics": "Command and Control", "mitre_techniques": "Ingress Tool Transfer", "description": "Executable file dropped in folder commonly used by malware", "full_log": "{\"win\":{\"system\":{\"providerName\":\"Microsoft-Windows-Sysmon\",\"providerGuid\":\"{5770385f-c22a-43e0-bf4c-06f5698ffbd9}\",\"eventID\":\"11\",\"version\":\"2\",\"level\":\"4\",\"task\":\"11\",\"opcode\":\"0\",\"keywords\":\"0x8000000000000000\",\"systemTime\":\"2026-04-02T10:26:26.7534112Z\",\"eventRecordID\":\"522401\",\"processID\":\"7940\",\"threadID\":\"8064\",\"channel\":\"Microsoft-Windows-Sysmon/Operational\",\"computer\":\"WS10\",\"severityValue\":\"INFORMATION\",\"message\":\"\\\"File created:\\r\\nRuleName: -\\r\\nUtcTime: 2026-04-02 10:26:26.739\\r\\nProcessGuid: {d9a99926-4452-69ce-6010-000000000600}\\r\\nProcessId: 3640\\r\\nImage: C:\\\\Windows\\\\System32\\\\WindowsPowerShell\\\\v1.0\\\\powershell.exe\\r\\nTargetFilename: C:\\\\Users\\\\Administrator\\\\AppData\\\\Local\\\\Temp\\\\__PSScriptPolicyTest_cxml2vvk.bvk.ps1\\r\\nCreationUtcTime: 2026-04-02 10:26:26.739\\r\\nUser: WS10\\\\Administrator\\\"\"},\"eventdata\":{\"utcTime\":\"2026-04-02 10:26:26.739\",\"processGuid\":\"{d9a99926-4452-69ce-6010-000000000600}\",\"processId\":\"3640\",\"image\":\"C:\\\\\\\\Windows\\\\\\\\System32\\\\\\\\WindowsPowerShell\\\\\\\\v1.0\\\\\\\\powershell.exe\",\"targetFilename\":\"C:\\\\\\\\Users\\\\\\\\Administrator\\\\\\\\AppData\\\\\\\\Local\\\\\\\\Temp\\\\\\\\__PSScriptPolicyTest_cxml2vvk.bvk.ps1\",\"creationUtcTime\":\"2026-04-02 10:26:26.739\",\"user\":\"WS10\\\\\\\\Administrator\"}}}", "suspicious": true, "suspicious_reason": "group:sysmon, group:windows, keyword:powershell, keyword:sysmon, level>=5, mitre"}
{"timestamp": "2026-04-02T12:26:33.819+0000", "agent": "WS10", "agent_id": "005", "rule_id": "92213", "level": "15", "groups": "sysmon, sysmon_eid11_detections, windows", "decoder": "windows_eventchannel", "location": "EventChannel", "src_ip": "-", "mitre_ids": "T1105", "mitre_tactics": "Command and Control", "mitre_techniques": "Ingress Tool Transfer", "description": "Executable file dropped in folder commonly used by malware", "full_log": "{\"win\":{\"system\":{\"providerName\":\"Microsoft-Windows-Sysmon\",\"providerGuid\":\"{5770385f-c22a-43e0-bf4c-06f5698ffbd9}\",\"eventID\":\"11\",\"version\":\"2\",\"level\":\"4\",\"task\":\"11\",\"opcode\":\"0\",\"keywords\":\"0x8000000000000000\",\"systemTime\":\"2026-04-02T10:26:26.7824114Z\",\"eventRecordID\":\"522427\",\"processID\":\"7940\",\"threadID\":\"8064\",\"channel\":\"Microsoft-Windows-Sysmon/Operational\",\"computer\":\"WS10\",\"severityValue\":\"INFORMATION\",\"message\":\"\\\"File created:\\r\\nRuleName: -\\r\\nUtcTime: 2026-04-02 10:26:26.770\\r\\nProcessGuid: {d9a99926-4452-69ce-5f10-000000000600}\\r\\nProcessId: 8808\\r\\nImage: C:\\\\Windows\\\\System32\\\\WindowsPowerShell\\\\v1.0\\\\powershell.exe\\r\\nTargetFilename: C:\\\\Users\\\\Administrator\\\\AppData\\\\Local\\\\Temp\\\\__PSScriptPolicyTest_hljywpcb.hkt.ps1\\r\\nCreationUtcTime: 2026-04-02 10:26:26.770\\r\\nUser: WS10\\\\Administrator\\\"\"},\"eventdata\":{\"utcTime\":\"2026-04-02 10:26:26.770\",\"processGuid\":\"{d9a99926-4452-69ce-5f10-000000000600}\",\"processId\":\"8808\",\"image\":\"C:\\\\\\\\Windows\\\\\\\\System32\\\\\\\\WindowsPowerShell\\\\\\\\v1.0\\\\\\\\powershell.exe\",\"targetFilename\":\"C:\\\\\\\\Users\\\\\\\\Administrator\\\\\\\\AppData\\\\\\\\Local\\\\\\\\Temp\\\\\\\\__PSScriptPolicyTest_hljywpcb.hkt.ps1\",\"creationUtcTime\":\"2026-04-02 10:26:26.770\",\"user\":\"WS10\\\\\\\\Administrator\"}}}", "suspicious": true, "suspicious_reason": "group:sysmon, group:windows, keyword:powershell, keyword:sysmon, level>=5, mitre"}
{"timestamp": "2026-04-02T12:26:53.717+0000", "agent": "WS10", "agent_id": "005", "rule_id": "92213", "level": "15", "groups": "sysmon, sysmon_eid11_detections, windows", "decoder": "windows_eventchannel", "location": "EventChannel", "src_ip": "-", "mitre_ids": "T1105", "mitre_tactics": "Command and Control", "mitre_techniques": "Ingress Tool Transfer", "description": "Executable file dropped in folder commonly used by malware", "full_log": "{\"win\":{\"system\":{\"providerName\":\"Microsoft-Windows-Sysmon\",\"providerGuid\":\"{5770385f-c22a-43e0-bf4c-06f5698ffbd9}\",\"eventID\":\"11\",\"version\":\"2\",\"level\":\"4\",\"task\":\"11\",\"opcode\":\"0\",\"keywords\":\"0x8000000000000000\",\"systemTime\":\"2026-04-02T10:26:46.1130860Z\",\"eventRecordID\":\"523620\",\"processID\":\"7940\",\"threadID\":\"8064\",\"channel\":\"Microsoft-Windows-Sysmon/Operational\",\"computer\":\"WS10\",\"severityValue\":\"INFORMATION\",\"message\":\"\\\"File created:\\r\\nRuleName: -\\r\\nUtcTime: 2026-04-02 10:26:46.103\\r\\nProcessGuid: {d9a99926-4466-69ce-6110-000000000600}\\r\\nProcessId: 8852\\r\\nImage: C:\\\\Windows\\\\System32\\\\WindowsPowerShell\\\\v1.0\\\\powershell.exe\\r\\nTargetFilename: C:\\\\Users\\\\Administrator\\\\AppData\\\\Local\\\\Temp\\\\__PSScriptPolicyTest_tn4ocgpm.3nz.ps1\\r\\nCreationUtcTime: 2026-04-02 10:26:46.103\\r\\nUser: WS10\\\\Administrator\\\"\"},\"eventdata\":{\"utcTime\":\"2026-04-02 10:26:46.103\",\"processGuid\":\"{d9a99926-4466-69ce-6110-000000000600}\",\"processId\":\"8852\",\"image\":\"C:\\\\\\\\Windows\\\\\\\\System32\\\\\\\\WindowsPowerShell\\\\\\\\v1.0\\\\\\\\powershell.exe\",\"targetFilename\":\"C:\\\\\\\\Users\\\\\\\\Administrator\\\\\\\\AppData\\\\\\\\Local\\\\\\\\Temp\\\\\\\\__PSScriptPolicyTest_tn4ocgpm.3nz.ps1\",\"creationUtcTime\":\"2026-04-02 10:26:46.103\",\"user\":\"WS10\\\\\\\\Administrator\"}}}", "suspicious": true, "suspicious_reason": "group:sysmon, group:windows, keyword:powershell, keyword:sysmon, level>=5, mitre"}
{"timestamp": "2026-04-02T12:27:02.623+0000", "agent": "WS10", "agent_id": "005", "rule_id": "92213", "level": "15", "groups": "sysmon, sysmon_eid11_detections, windows", "decoder": "windows_eventchannel", "location": "EventChannel", "src_ip": "-", "mitre_ids": "T1105", "mitre_tactics": "Command and Control", "mitre_techniques": "Ingress Tool Transfer", "description": "Executable file dropped in folder commonly used by malware", "full_log": "{\"win\":{\"system\":{\"providerName\":\"Microsoft-Windows-Sysmon\",\"providerGuid\":\"{5770385f-c22a-43e0-bf4c-06f5698ffbd9}\",\"eventID\":\"11\",\"version\":\"2\",\"level\":\"4\",\"task\":\"11\",\"opcode\":\"0\",\"keywords\":\"0x8000000000000000\",\"systemTime\":\"2026-04-02T10:26:55.5954697Z\",\"eventRecordID\":\"524128\",\"processID\":\"7940\",\"threadID\":\"8064\",\"channel\":\"Microsoft-Windows-Sysmon/Operational\",\"computer\":\"WS10\",\"severityValue\":\"INFORMATION\",\"message\":\"\\\"File created:\\r\\nRuleName: -\\r\\nUtcTime: 2026-04-02 10:26:55.575\\r\\nProcessGuid: {d9a99926-446f-69ce-6210-000000000600}\\r\\nProcessId: 10212\\r\\nImage: C:\\\\Windows\\\\System32\\\\WindowsPowerShell\\\\v1.0\\\\powershell.exe\\r\\nTargetFilename: C:\\\\Users\\\\Administrator\\\\AppData\\\\Local\\\\Temp\\\\__PSScriptPolicyTest_kfv0mn1b.j4x.ps1\\r\\nCreationUtcTime: 2026-04-02 10:26:55.575\\r\\nUser: WS10\\\\Administrator\\\"\"},\"eventdata\":{\"utcTime\":\"2026-04-02 10:26:55.575\",\"processGuid\":\"{d9a99926-446f-69ce-6210-000000000600}\",\"processId\":\"10212\",\"image\":\"C:\\\\\\\\Windows\\\\\\\\System32\\\\\\\\WindowsPowerShell\\\\\\\\v1.0\\\\\\\\powershell.exe\",\"targetFilename\":\"C:\\\\\\\\Users\\\\\\\\Administrator\\\\\\\\AppData\\\\\\\\Local\\\\\\\\Temp\\\\\\\\__PSScriptPolicyTest_kfv0mn1b.j4x.ps1\",\"creationUtcTime\":\"2026-04-02 10:26:55.575\",\"user\":\"WS10\\\\\\\\Administrator\"}}}", "suspicious": true, "suspicious_reason": "group:sysmon, group:windows, keyword:powershell, keyword:sysmon, level>=5, mitre"}
{"timestamp": "2026-04-02T12:27:04.652+0000", "agent": "WS10", "agent_id": "005", "rule_id": "92213", "level": "15", "groups": "sysmon, sysmon_eid11_detections, windows", "decoder": "windows_eventchannel", "location": "EventChannel", "src_ip": "-", "mitre_ids": "T1105", "mitre_tactics": "Command and Control", "mitre_techniques": "Ingress Tool Transfer", "description": "Executable file dropped in folder commonly used by malware", "full_log": "{\"win\":{\"system\":{\"providerName\":\"Microsoft-Windows-Sysmon\",\"providerGuid\":\"{5770385f-c22a-43e0-bf4c-06f5698ffbd9}\",\"eventID\":\"11\",\"version\":\"2\",\"level\":\"4\",\"task\":\"11\",\"opcode\":\"0\",\"keywords\":\"0x8000000000000000\",\"systemTime\":\"2026-04-02T10:26:58.6049792Z\",\"eventRecordID\":\"524241\",\"processID\":\"7940\",\"threadID\":\"8064\",\"channel\":\"Microsoft-Windows-Sysmon/Operational\",\"computer\":\"WS10\",\"severityValue\":\"INFORMATION\",\"message\":\"\\\"File created:\\r\\nRuleName: -\\r\\nUtcTime: 2026-04-02 10:26:58.588\\r\\nProcessGuid: {d9a99926-4472-69ce-6410-000000000600}\\r\\nProcessId: 9764\\r\\nImage: C:\\\\Windows\\\\System32\\\\WindowsPowerShell\\\\v1.0\\\\powershell.exe\\r\\nTargetFilename: C:\\\\Users\\\\Administrator\\\\AppData\\\\Local\\\\Temp\\\\__PSScriptPolicyTest_n4ybkeru.qi1.ps1\\r\\nCreationUtcTime: 2026-04-02 10:26:58.588\\r\\nUser: WS10\\\\Administrator\\\"\"},\"eventdata\":{\"utcTime\":\"2026-04-02 10:26:58.588\",\"processGuid\":\"{d9a99926-4472-69ce-6410-000000000600}\",\"processId\":\"9764\",\"image\":\"C:\\\\\\\\Windows\\\\\\\\System32\\\\\\\\WindowsPowerShell\\\\\\\\v1.0\\\\\\\\powershell.exe\",\"targetFilename\":\"C:\\\\\\\\Users\\\\\\\\Administrator\\\\\\\\AppData\\\\\\\\Local\\\\\\\\Temp\\\\\\\\__PSScriptPolicyTest_n4ybkeru.qi1.ps1\",\"creationUtcTime\":\"2026-04-02 10:26:58.588\",\"user\":\"WS10\\\\\\\\Administrator\"}}}", "suspicious": true, "suspicious_reason": "group:sysmon, group:windows, keyword:powershell, keyword:sysmon, level>=5, mitre"}
{"timestamp": "2026-04-02T12:27:07.912+0000", "agent": "WS10", "agent_id": "005", "rule_id": "92213", "level": "15", "groups": "sysmon, sysmon_eid11_detections, windows", "decoder": "windows_eventchannel", "location": "EventChannel", "src_ip": "-", "mitre_ids": "T1105", "mitre_tactics": "Command and Control", "mitre_techniques": "Ingress Tool Transfer", "description": "Executable file dropped in folder commonly used by malware", "full_log": "{\"win\":{\"system\":{\"providerName\":\"Microsoft-Windows-Sysmon\",\"providerGuid\":\"{5770385f-c22a-43e0-bf4c-06f5698ffbd9}\",\"eventID\":\"11\",\"version\":\"2\",\"level\":\"4\",\"task\":\"11\",\"opcode\":\"0\",\"keywords\":\"0x8000000000000000\",\"systemTime\":\"2026-04-02T10:26:58.7651321Z\",\"eventRecordID\":\"524436\",\"processID\":\"7940\",\"threadID\":\"8064\",\"channel\":\"Microsoft-Windows-Sysmon/Operational\",\"computer\":\"WS10\",\"severityValue\":\"INFORMATION\",\"message\":\"\\\"File created:\\r\\nRuleName: -\\r\\nUtcTime: 2026-04-02 10:26:58.744\\r\\nProcessGuid: {d9a99926-4472-69ce-6510-000000000600}\\r\\nProcessId: 8072\\r\\nImage: C:\\\\Windows\\\\System32\\\\WindowsPowerShell\\\\v1.0\\\\powershell.exe\\r\\nTargetFilename: C:\\\\Users\\\\Administrator\\\\AppData\\\\Local\\\\Temp\\\\__PSScriptPolicyTest_wwy33k41.kcj.ps1\\r\\nCreationUtcTime: 2026-04-02 10:26:58.744\\r\\nUser: WS10\\\\Administrator\\\"\"},\"eventdata\":{\"utcTime\":\"2026-04-02 10:26:58.744\",\"processGuid\":\"{d9a99926-4472-69ce-6510-000000000600}\",\"processId\":\"8072\",\"image\":\"C:\\\\\\\\Windows\\\\\\\\System32\\\\\\\\WindowsPowerShell\\\\\\\\v1.0\\\\\\\\powershell.exe\",\"targetFilename\":\"C:\\\\\\\\Users\\\\\\\\Administrator\\\\\\\\AppData\\\\\\\\Local\\\\\\\\Temp\\\\\\\\__PSScriptPolicyTest_wwy33k41.kcj.ps1\",\"creationUtcTime\":\"2026-04-02 10:26:58.744\",\"user\":\"WS10\\\\\\\\Administrator\"}}}", "suspicious": true, "suspicious_reason": "group:sysmon, group:windows, keyword:powershell, keyword:sysmon, level>=5, mitre"}
{"timestamp": "2026-04-02T12:27:10.910+0000", "agent": "WS10", "agent_id": "005", "rule_id": "92213", "level": "15", "groups": "sysmon, sysmon_eid11_detections, windows", "decoder": "windows_eventchannel", "location": "EventChannel", "src_ip": "-", "mitre_ids": "T1105", "mitre_tactics": "Command and Control", "mitre_techniques": "Ingress Tool Transfer", "description": "Executable file dropped in folder commonly used by malware", "full_log": "{\"win\":{\"system\":{\"providerName\":\"Microsoft-Windows-Sysmon\",\"providerGuid\":\"{5770385f-c22a-43e0-bf4c-06f5698ffbd9}\",\"eventID\":\"11\",\"version\":\"2\",\"level\":\"4\",\"task\":\"11\",\"opcode\":\"0\",\"keywords\":\"0x8000000000000000\",\"systemTime\":\"2026-04-02T10:26:59.1614486Z\",\"eventRecordID\":\"524619\",\"processID\":\"7940\",\"threadID\":\"8064\",\"channel\":\"Microsoft-Windows-Sysmon/Operational\",\"computer\":\"WS10\",\"severityValue\":\"INFORMATION\",\"message\":\"\\\"File created:\\r\\nRuleName: -\\r\\nUtcTime: 2026-04-02 10:26:59.133\\r\\nProcessGuid: {d9a99926-4472-69ce-6610-000000000600}\\r\\nProcessId: 1248\\r\\nImage: C:\\\\Windows\\\\System32\\\\WindowsPowerShell\\\\v1.0\\\\powershell.exe\\r\\nTargetFilename: C:\\\\Users\\\\Administrator\\\\AppData\\\\Local\\\\Temp\\\\__PSScriptPolicyTest_xe2yz1t5.vvf.ps1\\r\\nCreationUtcTime: 2026-04-02 10:26:59.133\\r\\nUser: WS10\\\\Administrator\\\"\"},\"eventdata\":{\"utcTime\":\"2026-04-02 10:26:59.133\",\"processGuid\":\"{d9a99926-4472-69ce-6610-000000000600}\",\"processId\":\"1248\",\"image\":\"C:\\\\\\\\Windows\\\\\\\\System32\\\\\\\\WindowsPowerShell\\\\\\\\v1.0\\\\\\\\powershell.exe\",\"targetFilename\":\"C:\\\\\\\\Users\\\\\\\\Administrator\\\\\\\\AppData\\\\\\\\Local\\\\\\\\Temp\\\\\\\\__PSScriptPolicyTest_xe2yz1t5.vvf.ps1\",\"creationUtcTime\":\"2026-04-02 10:26:59.133\",\"user\":\"WS10\\\\\\\\Administrator\"}}}", "suspicious": true, "suspicious_reason": "group:sysmon, group:windows, keyword:powershell, keyword:sysmon, level>=5, mitre"}
{"timestamp": "2026-04-02T12:27:29.020+0000", "agent": "WS10", "agent_id": "005", "rule_id": "92200", "level": "6", "groups": "sysmon, sysmon_eid11_detections, windows", "decoder": "windows_eventchannel", "location": "EventChannel", "src_ip": "-", "mitre_ids": "T1059, T1105", "mitre_tactics": "Execution, Command and Control", "mitre_techniques": "Command and Scripting Interpreter, Ingress Tool Transfer", "description": "Scripting file created under Windows Temp or User folder", "full_log": "{\"win\":{\"system\":{\"providerName\":\"Microsoft-Windows-Sysmon\",\"providerGuid\":\"{5770385f-c22a-43e0-bf4c-06f5698ffbd9}\",\"eventID\":\"11\",\"version\":\"2\",\"level\":\"4\",\"task\":\"11\",\"opcode\":\"0\",\"keywords\":\"0x8000000000000000\",\"systemTime\":\"2026-04-02T10:27:24.4929011Z\",\"eventRecordID\":\"524789\",\"processID\":\"7940\",\"threadID\":\"8064\",\"channel\":\"Microsoft-Windows-Sysmon/Operational\",\"computer\":\"WS10\",\"severityValue\":\"INFORMATION\",\"message\":\"\\\"File created:\\r\\nRuleName: Downloads\\r\\nUtcTime: 2026-04-02 10:27:24.492\\r\\nProcessGuid: {d9a99926-4014-69ce-0f10-000000000600}\\r\\nProcessId: 8156\\r\\nImage: C:\\\\Users\\\\Public\\\\splunkd.exe\\r\\nTargetFilename: C:\\\\Users\\\\Administrator\\\\Downloads\\\\Emulate-Administrator-Tasks.ps1\\r\\nCreationUtcTime: 2026-04-02 10:27:24.492\\r\\nUser: WS10\\\\Administrator\\\"\"},\"eventdata\":{\"ruleName\":\"Downloads\",\"utcTime\":\"2026-04-02 10:27:24.492\",\"processGuid\":\"{d9a99926-4014-69ce-0f10-000000000600}\",\"processId\":\"8156\",\"image\":\"C:\\\\\\\\Users\\\\\\\\Public\\\\\\\\splunkd.exe\",\"targetFilename\":\"C:\\\\\\\\Users\\\\\\\\Administrator\\\\\\\\Downloads\\\\\\\\Emulate-Administrator-Tasks.ps1\",\"creationUtcTime\":\"2026-04-02 10:27:24.492\",\"user\":\"WS10\\\\\\\\Administrator\"}}}", "suspicious": true, "suspicious_reason": "group:sysmon, group:windows, keyword:sysmon, keyword:t1059, level>=5, mitre"}
{"timestamp": "2026-04-02T12:27:31.240+0000", "agent": "WS10", "agent_id": "005", "rule_id": "92213", "level": "15", "groups": "sysmon, sysmon_eid11_detections, windows", "decoder": "windows_eventchannel", "location": "EventChannel", "src_ip": "-", "mitre_ids": "T1105", "mitre_tactics": "Command and Control", "mitre_techniques": "Ingress Tool Transfer", "description": "Executable file dropped in folder commonly used by malware", "full_log": "{\"win\":{\"system\":{\"providerName\":\"Microsoft-Windows-Sysmon\",\"providerGuid\":\"{5770385f-c22a-43e0-bf4c-06f5698ffbd9}\",\"eventID\":\"11\",\"version\":\"2\",\"level\":\"4\",\"task\":\"11\",\"opcode\":\"0\",\"keywords\":\"0x8000000000000000\",\"systemTime\":\"2026-04-02T10:27:24.5853156Z\",\"eventRecordID\":\"524913\",\"processID\":\"7940\",\"threadID\":\"8064\",\"channel\":\"Microsoft-Windows-Sysmon/Operational\",\"computer\":\"WS10\",\"severityValue\":\"INFORMATION\",\"message\":\"\\\"File created:\\r\\nRuleName: -\\r\\nUtcTime: 2026-04-02 10:27:24.560\\r\\nProcessGuid: {d9a99926-448c-69ce-7510-000000000600}\\r\\nProcessId: 9992\\r\\nImage: C:\\\\Windows\\\\System32\\\\WindowsPowerShell\\\\v1.0\\\\powershell.exe\\r\\nTargetFilename: C:\\\\Users\\\\Administrator\\\\AppData\\\\Local\\\\Temp\\\\__PSScriptPolicyTest_x4ouyrw4.2bj.ps1\\r\\nCreationUtcTime: 2026-04-02 10:27:24.560\\r\\nUser: WS10\\\\Administrator\\\"\"},\"eventdata\":{\"utcTime\":\"2026-04-02 10:27:24.560\",\"processGuid\":\"{d9a99926-448c-69ce-7510-000000000600}\",\"processId\":\"9992\",\"image\":\"C:\\\\\\\\Windows\\\\\\\\System32\\\\\\\\WindowsPowerShell\\\\\\\\v1.0\\\\\\\\powershell.exe\",\"targetFilename\":\"C:\\\\\\\\Users\\\\\\\\Administrator\\\\\\\\AppData\\\\\\\\Local\\\\\\\\Temp\\\\\\\\__PSScriptPolicyTest_x4ouyrw4.2bj.ps1\",\"creationUtcTime\":\"2026-04-02 10:27:24.560\",\"user\":\"WS10\\\\\\\\Administrator\"}}}", "suspicious": true, "suspicious_reason": "group:sysmon, group:windows, keyword:powershell, keyword:sysmon, level>=5, mitre"}
{"timestamp": "2026-04-02T12:27:32.345+0000", "agent": "WS10", "agent_id": "005", "rule_id": "92213", "level": "15", "groups": "sysmon, sysmon_eid11_detections, windows", "decoder": "windows_eventchannel", "location": "EventChannel", "src_ip": "-", "mitre_ids": "T1105", "mitre_tactics": "Command and Control", "mitre_techniques": "Ingress Tool Transfer", "description": "Executable file dropped in folder commonly used by malware", "full_log": "{\"win\":{\"system\":{\"providerName\":\"Microsoft-Windows-Sysmon\",\"providerGuid\":\"{5770385f-c22a-43e0-bf4c-06f5698ffbd9}\",\"eventID\":\"11\",\"version\":\"2\",\"level\":\"4\",\"task\":\"11\",\"opcode\":\"0\",\"keywords\":\"0x8000000000000000\",\"systemTime\":\"2026-04-02T10:27:24.9683730Z\",\"eventRecordID\":\"524976\",\"processID\":\"7940\",\"threadID\":\"8064\",\"channel\":\"Microsoft-Windows-Sysmon/Operational\",\"computer\":\"WS10\",\"severityValue\":\"INFORMATION\",\"message\":\"\\\"File created:\\r\\nRuleName: -\\r\\nUtcTime: 2026-04-02 10:27:24.944\\r\\nProcessGuid: {d9a99926-448c-69ce-7610-000000000600}\\r\\nProcessId: 7896\\r\\nImage: C:\\\\Windows\\\\System32\\\\WindowsPowerShell\\\\v1.0\\\\powershell.exe\\r\\nTargetFilename: C:\\\\Users\\\\Administrator\\\\AppData\\\\Local\\\\Temp\\\\__PSScriptPolicyTest_xz2ontcj.3xn.ps1\\r\\nCreationUtcTime: 2026-04-02 10:27:24.944\\r\\nUser: WS10\\\\Administrator\\\"\"},\"eventdata\":{\"utcTime\":\"2026-04-02 10:27:24.944\",\"processGuid\":\"{d9a99926-448c-69ce-7610-000000000600}\",\"processId\":\"7896\",\"image\":\"C:\\\\\\\\Windows\\\\\\\\System32\\\\\\\\WindowsPowerShell\\\\\\\\v1.0\\\\\\\\powershell.exe\",\"targetFilename\":\"C:\\\\\\\\Users\\\\\\\\Administrator\\\\\\\\AppData\\\\\\\\Local\\\\\\\\Temp\\\\\\\\__PSScriptPolicyTest_xz2ontcj.3xn.ps1\",\"creationUtcTime\":\"2026-04-02 10:27:24.944\",\"user\":\"WS10\\\\\\\\Administrator\"}}}", "suspicious": true, "suspicious_reason": "group:sysmon, group:windows, keyword:powershell, keyword:sysmon, level>=5, mitre"}
{"timestamp": "2026-04-02T12:27:35.222+0000", "agent": "WS10", "agent_id": "005", "rule_id": "92200", "level": "6", "groups": "sysmon, sysmon_eid11_detections, windows", "decoder": "windows_eventchannel", "location": "EventChannel", "src_ip": "-", "mitre_ids": "T1059, T1105", "mitre_tactics": "Execution, Command and Control", "mitre_techniques": "Command and Scripting Interpreter, Ingress Tool Transfer", "description": "Scripting file created under Windows Temp or User folder", "full_log": "{\"win\":{\"system\":{\"providerName\":\"Microsoft-Windows-Sysmon\",\"providerGuid\":\"{5770385f-c22a-43e0-bf4c-06f5698ffbd9}\",\"eventID\":\"11\",\"version\":\"2\",\"level\":\"4\",\"task\":\"11\",\"opcode\":\"0\",\"keywords\":\"0x8000000000000000\",\"systemTime\":\"2026-04-02T10:27:26.6572741Z\",\"eventRecordID\":\"525132\",\"processID\":\"7940\",\"threadID\":\"8064\",\"channel\":\"Microsoft-Windows-Sysmon/Operational\",\"computer\":\"WS10\",\"severityValue\":\"INFORMATION\",\"message\":\"\\\"File created:\\r\\nRuleName: Downloads\\r\\nUtcTime: 2026-04-02 10:27:26.656\\r\\nProcessGuid: {d9a99926-3f02-69ce-fa0f-000000000600}\\r\\nProcessId: 8628\\r\\nImage: C:\\\\Users\\\\Public\\\\splunkd.exe\\r\\nTargetFilename: C:\\\\Users\\\\Administrator\\\\Downloads\\\\Emulate-Administrator-Tasks.ps1\\r\\nCreationUtcTime: 2026-04-02 10:27:24.492\\r\\nUser: WS10\\\\Administrator\\\"\"},\"eventdata\":{\"ruleName\":\"Downloads\",\"utcTime\":\"2026-04-02 10:27:26.656\",\"processGuid\":\"{d9a99926-3f02-69ce-fa0f-000000000600}\",\"processId\":\"8628\",\"image\":\"C:\\\\\\\\Users\\\\\\\\Public\\\\\\\\splunkd.exe\",\"targetFilename\":\"C:\\\\\\\\Users\\\\\\\\Administrator\\\\\\\\Downloads\\\\\\\\Emulate-Administrator-Tasks.ps1\",\"creationUtcTime\":\"2026-04-02 10:27:24.492\",\"user\":\"WS10\\\\\\\\Administrator\"}}}", "suspicious": true, "suspicious_reason": "group:sysmon, group:windows, keyword:sysmon, keyword:t1059, level>=5, mitre"}
{"timestamp": "2026-04-02T12:27:37.820+0000", "agent": "WS10", "agent_id": "005", "rule_id": "92213", "level": "15", "groups": "sysmon, sysmon_eid11_detections, windows", "decoder": "windows_eventchannel", "location": "EventChannel", "src_ip": "-", "mitre_ids": "T1105", "mitre_tactics": "Command and Control", "mitre_techniques": "Ingress Tool Transfer", "description": "Executable file dropped in folder commonly used by malware", "full_log": "{\"win\":{\"system\":{\"providerName\":\"Microsoft-Windows-Sysmon\",\"providerGuid\":\"{5770385f-c22a-43e0-bf4c-06f5698ffbd9}\",\"eventID\":\"11\",\"version\":\"2\",\"level\":\"4\",\"task\":\"11\",\"opcode\":\"0\",\"keywords\":\"0x8000000000000000\",\"systemTime\":\"2026-04-02T10:27:26.7333327Z\",\"eventRecordID\":\"525280\",\"processID\":\"7940\",\"threadID\":\"8064\",\"channel\":\"Microsoft-Windows-Sysmon/Operational\",\"computer\":\"WS10\",\"severityValue\":\"INFORMATION\",\"message\":\"\\\"File created:\\r\\nRuleName: -\\r\\nUtcTime: 2026-04-02 10:27:26.723\\r\\nProcessGuid: {d9a99926-448e-69ce-7810-000000000600}\\r\\nProcessId: 3688\\r\\nImage: C:\\\\Windows\\\\System32\\\\WindowsPowerShell\\\\v1.0\\\\powershell.exe\\r\\nTargetFilename: C:\\\\Users\\\\Administrator\\\\AppData\\\\Local\\\\Temp\\\\__PSScriptPolicyTest_4glzq1ce.i5p.ps1\\r\\nCreationUtcTime: 2026-04-02 10:27:26.723\\r\\nUser: WS10\\\\Administrator\\\"\"},\"eventdata\":{\"utcTime\":\"2026-04-02 10:27:26.723\",\"processGuid\":\"{d9a99926-448e-69ce-7810-000000000600}\",\"processId\":\"3688\",\"image\":\"C:\\\\\\\\Windows\\\\\\\\System32\\\\\\\\WindowsPowerShell\\\\\\\\v1.0\\\\\\\\powershell.exe\",\"targetFilename\":\"C:\\\\\\\\Users\\\\\\\\Administrator\\\\\\\\AppData\\\\\\\\Local\\\\\\\\Temp\\\\\\\\__PSScriptPolicyTest_4glzq1ce.i5p.ps1\",\"creationUtcTime\":\"2026-04-02 10:27:26.723\",\"user\":\"WS10\\\\\\\\Administrator\"}}}", "suspicious": true, "suspicious_reason": "group:sysmon, group:windows, keyword:powershell, keyword:sysmon, level>=5, mitre"}
{"timestamp": "2026-04-02T12:27:38.435+0000", "agent": "WS10", "agent_id": "005", "rule_id": "92213", "level": "15", "groups": "sysmon, sysmon_eid11_detections, windows", "decoder": "windows_eventchannel", "location": "EventChannel", "src_ip": "-", "mitre_ids": "T1105", "mitre_tactics": "Command and Control", "mitre_techniques": "Ingress Tool Transfer", "description": "Executable file dropped in folder commonly used by malware", "full_log": "{\"win\":{\"system\":{\"providerName\":\"Microsoft-Windows-Sysmon\",\"providerGuid\":\"{5770385f-c22a-43e0-bf4c-06f5698ffbd9}\",\"eventID\":\"11\",\"version\":\"2\",\"level\":\"4\",\"task\":\"11\",\"opcode\":\"0\",\"keywords\":\"0x8000000000000000\",\"systemTime\":\"2026-04-02T10:27:27.0863808Z\",\"eventRecordID\":\"525316\",\"processID\":\"7940\",\"threadID\":\"8064\",\"channel\":\"Microsoft-Windows-Sysmon/Operational\",\"computer\":\"WS10\",\"severityValue\":\"INFORMATION\",\"message\":\"\\\"File created:\\r\\nRuleName: -\\r\\nUtcTime: 2026-04-02 10:27:27.044\\r\\nProcessGuid: {d9a99926-448e-69ce-7910-000000000600}\\r\\nProcessId: 1432\\r\\nImage: C:\\\\Windows\\\\System32\\\\WindowsPowerShell\\\\v1.0\\\\powershell.exe\\r\\nTargetFilename: C:\\\\Users\\\\Administrator\\\\AppData\\\\Local\\\\Temp\\\\__PSScriptPolicyTest_4d0ztkpl.tmm.ps1\\r\\nCreationUtcTime: 2026-04-02 10:27:27.044\\r\\nUser: WS10\\\\Administrator\\\"\"},\"eventdata\":{\"utcTime\":\"2026-04-02 10:27:27.044\",\"processGuid\":\"{d9a99926-448e-69ce-7910-000000000600}\",\"processId\":\"1432\",\"image\":\"C:\\\\\\\\Windows\\\\\\\\System32\\\\\\\\WindowsPowerShell\\\\\\\\v1.0\\\\\\\\powershell.exe\",\"targetFilename\":\"C:\\\\\\\\Users\\\\\\\\Administrator\\\\\\\\AppData\\\\\\\\Local\\\\\\\\Temp\\\\\\\\__PSScriptPolicyTest_4d0ztkpl.tmm.ps1\",\"creationUtcTime\":\"2026-04-02 10:27:27.044\",\"user\":\"WS10\\\\\\\\Administrator\"}}}", "suspicious": true, "suspicious_reason": "group:sysmon, group:windows, keyword:powershell, keyword:sysmon, level>=5, mitre"}
