{"timestamp": "2026-04-02T12:13:15.245+0000", "agent": "WS10", "agent_id": "005", "rule_id": "92213", "level": "15", "groups": "sysmon, sysmon_eid11_detections, windows", "decoder": "windows_eventchannel", "location": "EventChannel", "src_ip": "-", "mitre_ids": "T1105", "mitre_tactics": "Command and Control", "mitre_techniques": "Ingress Tool Transfer", "description": "Executable file dropped in folder commonly used by malware", "full_log": "{\"win\":{\"system\":{\"providerName\":\"Microsoft-Windows-Sysmon\",\"providerGuid\":\"{5770385f-c22a-43e0-bf4c-06f5698ffbd9}\",\"eventID\":\"11\",\"version\":\"2\",\"level\":\"4\",\"task\":\"11\",\"opcode\":\"0\",\"keywords\":\"0x8000000000000000\",\"systemTime\":\"2026-04-02T10:13:06.6075720Z\",\"eventRecordID\":\"513639\",\"processID\":\"7940\",\"threadID\":\"8064\",\"channel\":\"Microsoft-Windows-Sysmon/Operational\",\"computer\":\"WS10\",\"severityValue\":\"INFORMATION\",\"message\":\"\\\"File created:\\r\\nRuleName: -\\r\\nUtcTime: 2026-04-02 10:13:06.598\\r\\nProcessGuid: {d9a99926-4132-69ce-2010-000000000600}\\r\\nProcessId: 10080\\r\\nImage: C:\\\\Windows\\\\System32\\\\WindowsPowerShell\\\\v1.0\\\\powershell.exe\\r\\nTargetFilename: C:\\\\Users\\\\Administrator\\\\AppData\\\\Local\\\\Temp\\\\__PSScriptPolicyTest_ftbstetb.0hy.ps1\\r\\nCreationUtcTime: 2026-04-02 10:13:06.582\\r\\nUser: WS10\\\\Administrator\\\"\"},\"eventdata\":{\"utcTime\":\"2026-04-02 10:13:06.598\",\"processGuid\":\"{d9a99926-4132-69ce-2010-000000000600}\",\"processId\":\"10080\",\"image\":\"C:\\\\\\\\Windows\\\\\\\\System32\\\\\\\\WindowsPowerShell\\\\\\\\v1.0\\\\\\\\powershell.exe\",\"targetFilename\":\"C:\\\\\\\\Users\\\\\\\\Administrator\\\\\\\\AppData\\\\\\\\Local\\\\\\\\Temp\\\\\\\\__PSScriptPolicyTest_ftbstetb.0hy.ps1\",\"creationUtcTime\":\"2026-04-02 10:13:06.582\",\"user\":\"WS10\\\\\\\\Administrator\"}}}", "suspicious": true, "suspicious_reason": "group:sysmon, group:windows, keyword:powershell, keyword:sysmon, level>=5, mitre"}
{"timestamp": "2026-04-02T12:13:58.135+0000", "agent": "WS10", "agent_id": "005", "rule_id": "92213", "level": "15", "groups": "sysmon, sysmon_eid11_detections, windows", "decoder": "windows_eventchannel", "location": "EventChannel", "src_ip": "-", "mitre_ids": "T1105", "mitre_tactics": "Command and Control", "mitre_techniques": "Ingress Tool Transfer", "description": "Executable file dropped in folder commonly used by malware", "full_log": "{\"win\":{\"system\":{\"providerName\":\"Microsoft-Windows-Sysmon\",\"providerGuid\":\"{5770385f-c22a-43e0-bf4c-06f5698ffbd9}\",\"eventID\":\"11\",\"version\":\"2\",\"level\":\"4\",\"task\":\"11\",\"opcode\":\"0\",\"keywords\":\"0x8000000000000000\",\"systemTime\":\"2026-04-02T10:13:51.6127526Z\",\"eventRecordID\":\"513831\",\"processID\":\"7940\",\"threadID\":\"8064\",\"channel\":\"Microsoft-Windows-Sysmon/Operational\",\"computer\":\"WS10\",\"severityValue\":\"INFORMATION\",\"message\":\"\\\"File created:\\r\\nRuleName: -\\r\\nUtcTime: 2026-04-02 10:13:51.608\\r\\nProcessGuid: {d9a99926-415f-69ce-2110-000000000600}\\r\\nProcessId: 9456\\r\\nImage: C:\\\\Windows\\\\System32\\\\WindowsPowerShell\\\\v1.0\\\\powershell.exe\\r\\nTargetFilename: C:\\\\Users\\\\Administrator\\\\AppData\\\\Local\\\\Temp\\\\__PSScriptPolicyTest_cuwdatl2.isq.ps1\\r\\nCreationUtcTime: 2026-04-02 10:13:51.608\\r\\nUser: WS10\\\\Administrator\\\"\"},\"eventdata\":{\"utcTime\":\"2026-04-02 10:13:51.608\",\"processGuid\":\"{d9a99926-415f-69ce-2110-000000000600}\",\"processId\":\"9456\",\"image\":\"C:\\\\\\\\Windows\\\\\\\\System32\\\\\\\\WindowsPowerShell\\\\\\\\v1.0\\\\\\\\powershell.exe\",\"targetFilename\":\"C:\\\\\\\\Users\\\\\\\\Administrator\\\\\\\\AppData\\\\\\\\Local\\\\\\\\Temp\\\\\\\\__PSScriptPolicyTest_cuwdatl2.isq.ps1\",\"creationUtcTime\":\"2026-04-02 10:13:51.608\",\"user\":\"WS10\\\\\\\\Administrator\"}}}", "suspicious": true, "suspicious_reason": "group:sysmon, group:windows, keyword:powershell, keyword:sysmon, level>=5, mitre"}
{"timestamp": "2026-04-02T12:15:45.326+0000", "agent": "WS10", "agent_id": "005", "rule_id": "92213", "level": "15", "groups": "sysmon, sysmon_eid11_detections, windows", "decoder": "windows_eventchannel", "location": "EventChannel", "src_ip": "-", "mitre_ids": "T1105", "mitre_tactics": "Command and Control", "mitre_techniques": "Ingress Tool Transfer", "description": "Executable file dropped in folder commonly used by malware", "full_log": "{\"win\":{\"system\":{\"providerName\":\"Microsoft-Windows-Sysmon\",\"providerGuid\":\"{5770385f-c22a-43e0-bf4c-06f5698ffbd9}\",\"eventID\":\"11\",\"version\":\"2\",\"level\":\"4\",\"task\":\"11\",\"opcode\":\"0\",\"keywords\":\"0x8000000000000000\",\"systemTime\":\"2026-04-02T10:15:38.7033695Z\",\"eventRecordID\":\"514131\",\"processID\":\"7940\",\"threadID\":\"8064\",\"channel\":\"Microsoft-Windows-Sysmon/Operational\",\"computer\":\"WS10\",\"severityValue\":\"INFORMATION\",\"message\":\"\\\"File created:\\r\\nRuleName: -\\r\\nUtcTime: 2026-04-02 10:15:38.682\\r\\nProcessGuid: {d9a99926-41ca-69ce-2410-000000000600}\\r\\nProcessId: 10140\\r\\nImage: C:\\\\Windows\\\\System32\\\\WindowsPowerShell\\\\v1.0\\\\powershell.exe\\r\\nTargetFilename: C:\\\\Users\\\\Administrator\\\\AppData\\\\Local\\\\Temp\\\\__PSScriptPolicyTest_vayvplwt.u22.ps1\\r\\nCreationUtcTime: 2026-04-02 10:15:38.682\\r\\nUser: WS10\\\\Administrator\\\"\"},\"eventdata\":{\"utcTime\":\"2026-04-02 10:15:38.682\",\"processGuid\":\"{d9a99926-41ca-69ce-2410-000000000600}\",\"processId\":\"10140\",\"image\":\"C:\\\\\\\\Windows\\\\\\\\System32\\\\\\\\WindowsPowerShell\\\\\\\\v1.0\\\\\\\\powershell.exe\",\"targetFilename\":\"C:\\\\\\\\Users\\\\\\\\Administrator\\\\\\\\AppData\\\\\\\\Local\\\\\\\\Temp\\\\\\\\__PSScriptPolicyTest_vayvplwt.u22.ps1\",\"creationUtcTime\":\"2026-04-02 10:15:38.682\",\"user\":\"WS10\\\\\\\\Administrator\"}}}", "suspicious": true, "suspicious_reason": "group:sysmon, group:windows, keyword:powershell, keyword:sysmon, level>=5, mitre"}
{"timestamp": "2026-04-02T12:21:41.801+0000", "agent": "wazuh-server", "agent_id": "000", "rule_id": "5715", "level": "3", "groups": "syslog, sshd, authentication_success", "decoder": "sshd", "location": "journald", "src_ip": "192.168.30.14", "mitre_ids": "T1078, T1021", "mitre_tactics": "Defense Evasion, Persistence, Privilege Escalation, Initial Access, Lateral Movement", "mitre_techniques": "Valid Accounts, Remote Services", "description": "sshd: authentication success.", "full_log": "Apr 02 12:21:40 wazuh-server sshd[44346]: Accepted password for root from 192.168.30.14 port 13416 ssh2", "suspicious": true, "suspicious_reason": "mitre, srcip"}
{"timestamp": "2026-04-02T12:21:41.801+0000", "agent": "wazuh-server", "agent_id": "000", "rule_id": "5501", "level": "3", "groups": "pam, syslog, authentication_success", "decoder": "pam", "location": "journald", "src_ip": "-", "mitre_ids": "T1078", "mitre_tactics": "Defense Evasion, Persistence, Privilege Escalation, Initial Access", "mitre_techniques": "Valid Accounts", "description": "PAM: Login session opened.", "full_log": "Apr 02 12:21:41 wazuh-server sshd[44346]: pam_unix(sshd:session): session opened for user root(uid=0) by (uid=0)", "suspicious": true, "suspicious_reason": "mitre"}
{"timestamp": "2026-04-02T12:21:41.801+0000", "agent": "wazuh-server", "agent_id": "000", "rule_id": "5501", "level": "3", "groups": "pam, syslog, authentication_success", "decoder": "pam", "location": "journald", "src_ip": "-", "mitre_ids": "T1078", "mitre_tactics": "Defense Evasion, Persistence, Privilege Escalation, Initial Access", "mitre_techniques": "Valid Accounts", "description": "PAM: Login session opened.", "full_log": "Apr 02 12:21:41 wazuh-server sudo[44351]: pam_unix(sudo:session): session opened for user root(uid=0) by root(uid=0)", "suspicious": true, "suspicious_reason": "mitre"}
{"timestamp": "2026-04-02T12:21:41.801+0000", "agent": "wazuh-server", "agent_id": "000", "rule_id": "5402", "level": "3", "groups": "syslog, sudo", "decoder": "sudo", "location": "journald", "src_ip": "-", "mitre_ids": "T1548.003", "mitre_tactics": "Privilege Escalation, Defense Evasion", "mitre_techniques": "Sudo and Sudo Caching", "description": "Successful sudo to ROOT executed.", "full_log": "Apr 02 12:21:41 wazuh-server sudo[44351]:     root : TTY=pts/0 ; PWD=/root ; USER=root ; COMMAND=/usr/bin/tail -n 0 -F /var/ossec/logs/alerts/alerts.json", "suspicious": true, "suspicious_reason": "mitre"}
{"timestamp": "2026-04-02T12:21:58.490+0000", "agent": "WS10", "agent_id": "005", "rule_id": "92213", "level": "15", "groups": "sysmon, sysmon_eid11_detections, windows", "decoder": "windows_eventchannel", "location": "EventChannel", "src_ip": "-", "mitre_ids": "T1105", "mitre_tactics": "Command and Control", "mitre_techniques": "Ingress Tool Transfer", "description": "Executable file dropped in folder commonly used by malware", "full_log": "{\"win\":{\"system\":{\"providerName\":\"Microsoft-Windows-Sysmon\",\"providerGuid\":\"{5770385f-c22a-43e0-bf4c-06f5698ffbd9}\",\"eventID\":\"11\",\"version\":\"2\",\"level\":\"4\",\"task\":\"11\",\"opcode\":\"0\",\"keywords\":\"0x8000000000000000\",\"systemTime\":\"2026-04-02T10:21:53.1672039Z\",\"eventRecordID\":\"515026\",\"processID\":\"7940\",\"threadID\":\"8064\",\"channel\":\"Microsoft-Windows-Sysmon/Operational\",\"computer\":\"WS10\",\"severityValue\":\"INFORMATION\",\"message\":\"\\\"File created:\\r\\nRuleName: -\\r\\nUtcTime: 2026-04-02 10:21:53.161\\r\\nProcessGuid: {d9a99926-4341-69ce-2f10-000000000600}\\r\\nProcessId: 6644\\r\\nImage: C:\\\\Windows\\\\System32\\\\WindowsPowerShell\\\\v1.0\\\\powershell.exe\\r\\nTargetFilename: C:\\\\Users\\\\Administrator\\\\AppData\\\\Local\\\\Temp\\\\__PSScriptPolicyTest_yogqmeja.4pe.ps1\\r\\nCreationUtcTime: 2026-04-02 10:21:53.161\\r\\nUser: WS10\\\\Administrator\\\"\"},\"eventdata\":{\"utcTime\":\"2026-04-02 10:21:53.161\",\"processGuid\":\"{d9a99926-4341-69ce-2f10-000000000600}\",\"processId\":\"6644\",\"image\":\"C:\\\\\\\\Windows\\\\\\\\System32\\\\\\\\WindowsPowerShell\\\\\\\\v1.0\\\\\\\\powershell.exe\",\"targetFilename\":\"C:\\\\\\\\Users\\\\\\\\Administrator\\\\\\\\AppData\\\\\\\\Local\\\\\\\\Temp\\\\\\\\__PSScriptPolicyTest_yogqmeja.4pe.ps1\",\"creationUtcTime\":\"2026-04-02 10:21:53.161\",\"user\":\"WS10\\\\\\\\Administrator\"}}}", "suspicious": true, "suspicious_reason": "group:sysmon, group:windows, keyword:powershell, keyword:sysmon, level>=5, mitre"}
{"timestamp": "2026-04-02T12:22:13.074+0000", "agent": "WS10", "agent_id": "005", "rule_id": "92213", "level": "15", "groups": "sysmon, sysmon_eid11_detections, windows", "decoder": "windows_eventchannel", "location": "EventChannel", "src_ip": "-", "mitre_ids": "T1105", "mitre_tactics": "Command and Control", "mitre_techniques": "Ingress Tool Transfer", "description": "Executable file dropped in folder commonly used by malware", "full_log": "{\"win\":{\"system\":{\"providerName\":\"Microsoft-Windows-Sysmon\",\"providerGuid\":\"{5770385f-c22a-43e0-bf4c-06f5698ffbd9}\",\"eventID\":\"11\",\"version\":\"2\",\"level\":\"4\",\"task\":\"11\",\"opcode\":\"0\",\"keywords\":\"0x8000000000000000\",\"systemTime\":\"2026-04-02T10:22:08.5970733Z\",\"eventRecordID\":\"515258\",\"processID\":\"7940\",\"threadID\":\"8064\",\"channel\":\"Microsoft-Windows-Sysmon/Operational\",\"computer\":\"WS10\",\"severityValue\":\"INFORMATION\",\"message\":\"\\\"File created:\\r\\nRuleName: -\\r\\nUtcTime: 2026-04-02 10:22:08.574\\r\\nProcessGuid: {d9a99926-4350-69ce-3010-000000000600}\\r\\nProcessId: 5592\\r\\nImage: C:\\\\Windows\\\\System32\\\\WindowsPowerShell\\\\v1.0\\\\powershell.exe\\r\\nTargetFilename: C:\\\\Users\\\\Administrator\\\\AppData\\\\Local\\\\Temp\\\\__PSScriptPolicyTest_wzjjenew.j0w.ps1\\r\\nCreationUtcTime: 2026-04-02 10:22:08.574\\r\\nUser: WS10\\\\Administrator\\\"\"},\"eventdata\":{\"utcTime\":\"2026-04-02 10:22:08.574\",\"processGuid\":\"{d9a99926-4350-69ce-3010-000000000600}\",\"processId\":\"5592\",\"image\":\"C:\\\\\\\\Windows\\\\\\\\System32\\\\\\\\WindowsPowerShell\\\\\\\\v1.0\\\\\\\\powershell.exe\",\"targetFilename\":\"C:\\\\\\\\Users\\\\\\\\Administrator\\\\\\\\AppData\\\\\\\\Local\\\\\\\\Temp\\\\\\\\__PSScriptPolicyTest_wzjjenew.j0w.ps1\",\"creationUtcTime\":\"2026-04-02 10:22:08.574\",\"user\":\"WS10\\\\\\\\Administrator\"}}}", "suspicious": true, "suspicious_reason": "group:sysmon, group:windows, keyword:powershell, keyword:sysmon, level>=5, mitre"}
{"timestamp": "2026-04-02T12:22:34.931+0000", "agent": "WS10", "agent_id": "005", "rule_id": "92213", "level": "15", "groups": "sysmon, sysmon_eid11_detections, windows", "decoder": "windows_eventchannel", "location": "EventChannel", "src_ip": "-", "mitre_ids": "T1105", "mitre_tactics": "Command and Control", "mitre_techniques": "Ingress Tool Transfer", "description": "Executable file dropped in folder commonly used by malware", "full_log": "{\"win\":{\"system\":{\"providerName\":\"Microsoft-Windows-Sysmon\",\"providerGuid\":\"{5770385f-c22a-43e0-bf4c-06f5698ffbd9}\",\"eventID\":\"11\",\"version\":\"2\",\"level\":\"4\",\"task\":\"11\",\"opcode\":\"0\",\"keywords\":\"0x8000000000000000\",\"systemTime\":\"2026-04-02T10:22:28.5622446Z\",\"eventRecordID\":\"515654\",\"processID\":\"7940\",\"threadID\":\"8064\",\"channel\":\"Microsoft-Windows-Sysmon/Operational\",\"computer\":\"WS10\",\"severityValue\":\"INFORMATION\",\"message\":\"\\\"File created:\\r\\nRuleName: -\\r\\nUtcTime: 2026-04-02 10:22:28.555\\r\\nProcessGuid: {d9a99926-4364-69ce-3110-000000000600}\\r\\nProcessId: 8892\\r\\nImage: C:\\\\Windows\\\\System32\\\\WindowsPowerShell\\\\v1.0\\\\powershell.exe\\r\\nTargetFilename: C:\\\\Users\\\\Administrator\\\\AppData\\\\Local\\\\Temp\\\\__PSScriptPolicyTest_pww225oa.2zk.ps1\\r\\nCreationUtcTime: 2026-04-02 10:22:28.555\\r\\nUser: WS10\\\\Administrator\\\"\"},\"eventdata\":{\"utcTime\":\"2026-04-02 10:22:28.555\",\"processGuid\":\"{d9a99926-4364-69ce-3110-000000000600}\",\"processId\":\"8892\",\"image\":\"C:\\\\\\\\Windows\\\\\\\\System32\\\\\\\\WindowsPowerShell\\\\\\\\v1.0\\\\\\\\powershell.exe\",\"targetFilename\":\"C:\\\\\\\\Users\\\\\\\\Administrator\\\\\\\\AppData\\\\\\\\Local\\\\\\\\Temp\\\\\\\\__PSScriptPolicyTest_pww225oa.2zk.ps1\",\"creationUtcTime\":\"2026-04-02 10:22:28.555\",\"user\":\"WS10\\\\\\\\Administrator\"}}}", "suspicious": true, "suspicious_reason": "group:sysmon, group:windows, keyword:powershell, keyword:sysmon, level>=5, mitre"}
{"timestamp": "2026-04-02T12:23:12.186+0000", "agent": "WS10", "agent_id": "005", "rule_id": "92213", "level": "15", "groups": "sysmon, sysmon_eid11_detections, windows", "decoder": "windows_eventchannel", "location": "EventChannel", "src_ip": "-", "mitre_ids": "T1105", "mitre_tactics": "Command and Control", "mitre_techniques": "Ingress Tool Transfer", "description": "Executable file dropped in folder commonly used by malware", "full_log": "{\"win\":{\"system\":{\"providerName\":\"Microsoft-Windows-Sysmon\",\"providerGuid\":\"{5770385f-c22a-43e0-bf4c-06f5698ffbd9}\",\"eventID\":\"11\",\"version\":\"2\",\"level\":\"4\",\"task\":\"11\",\"opcode\":\"0\",\"keywords\":\"0x8000000000000000\",\"systemTime\":\"2026-04-02T10:23:06.0617955Z\",\"eventRecordID\":\"515941\",\"processID\":\"7940\",\"threadID\":\"8064\",\"channel\":\"Microsoft-Windows-Sysmon/Operational\",\"computer\":\"WS10\",\"severityValue\":\"INFORMATION\",\"message\":\"\\\"File created:\\r\\nRuleName: -\\r\\nUtcTime: 2026-04-02 10:23:06.043\\r\\nProcessGuid: {d9a99926-4389-69ce-3210-000000000600}\\r\\nProcessId: 5984\\r\\nImage: C:\\\\Windows\\\\System32\\\\WindowsPowerShell\\\\v1.0\\\\powershell.exe\\r\\nTargetFilename: C:\\\\Users\\\\Administrator\\\\AppData\\\\Local\\\\Temp\\\\__PSScriptPolicyTest_nyqy3xra.skk.ps1\\r\\nCreationUtcTime: 2026-04-02 10:23:06.043\\r\\nUser: WS10\\\\Administrator\\\"\"},\"eventdata\":{\"utcTime\":\"2026-04-02 10:23:06.043\",\"processGuid\":\"{d9a99926-4389-69ce-3210-000000000600}\",\"processId\":\"5984\",\"image\":\"C:\\\\\\\\Windows\\\\\\\\System32\\\\\\\\WindowsPowerShell\\\\\\\\v1.0\\\\\\\\powershell.exe\",\"targetFilename\":\"C:\\\\\\\\Users\\\\\\\\Administrator\\\\\\\\AppData\\\\\\\\Local\\\\\\\\Temp\\\\\\\\__PSScriptPolicyTest_nyqy3xra.skk.ps1\",\"creationUtcTime\":\"2026-04-02 10:23:06.043\",\"user\":\"WS10\\\\\\\\Administrator\"}}}", "suspicious": true, "suspicious_reason": "group:sysmon, group:windows, keyword:powershell, keyword:sysmon, level>=5, mitre"}
{"timestamp": "2026-04-02T12:23:14.846+0000", "agent": "WS10", "agent_id": "005", "rule_id": "92032", "level": "3", "groups": "sysmon, sysmon_eid1_detections, windows", "decoder": "windows_eventchannel", "location": "EventChannel", "src_ip": "-", "mitre_ids": "T1087, T1059.003", "mitre_tactics": "Discovery, Execution", "mitre_techniques": "Account Discovery, Windows Command Shell", "description": "Suspicious Windows cmd shell execution", "full_log": "{\"win\":{\"system\":{\"providerName\":\"Microsoft-Windows-Sysmon\",\"providerGuid\":\"{5770385f-c22a-43e0-bf4c-06f5698ffbd9}\",\"eventID\":\"1\",\"version\":\"5\",\"level\":\"4\",\"task\":\"1\",\"opcode\":\"0\",\"keywords\":\"0x8000000000000000\",\"systemTime\":\"2026-04-02T10:23:06.3752931Z\",\"eventRecordID\":\"516097\",\"processID\":\"7940\",\"threadID\":\"8064\",\"channel\":\"Microsoft-Windows-Sysmon/Operational\",\"computer\":\"WS10\",\"severityValue\":\"INFORMATION\",\"message\":\"\\\"Process Create:\\r\\nRuleName: -\\r\\nUtcTime: 2026-04-02 10:23:06.373\\r\\nProcessGuid: {d9a99926-438a-69ce-3410-000000000600}\\r\\nProcessId: 9508\\r\\nImage: C:\\\\Windows\\\\System32\\\\conhost.exe\\r\\nFileVersion: 10.0.19041.5198 (WinBuild.160101.0800)\\r\\nDescription: Console Window Host\\r\\nProduct: Microsoft® Windows® Operating System\\r\\nCompany: Microsoft Corporation\\r\\nOriginalFileName: CONHOST.EXE\\r\\nCommandLine: \\\\??\\\\C:\\\\Windows\\\\system32\\\\conhost.exe 0xffffffff -ForceV1\\r\\nCurrentDirectory: C:\\\\Windows\\r\\nUser: WS10\\\\Administrator\\r\\nLogonGuid: {d9a99926-1ec9-69ca-5569-130000000000}\\r\\nLogonId: 0x136955\\r\\nTerminalSessionId: 1\\r\\nIntegrityLevel: High\\r\\nHashes: MD5=7850554B5C650163FC168AA08F18E343,SHA256=B02EE54FB2EC69673386D41119EE8ED083A6EAB3BFCA6AA2155D20CE68EF8963,IMPHASH=0F64302D3280DE299F4C51A78746F606\\r\\nParentProcessGuid: {d9a99926-438a-69ce-3310-000000000600}\\r\\nParentProcessId: 9568\\r\\nParentImage: C:\\\\Windows\\\\System32\\\\cmd.exe\\r\\nParentCommandLine: cmd.exe /c \\\"timeout /nobreak /t 10 >nul 2>nul & del /f C:\\\\Users\\\\Public\\\\splunkd.exe\\\"\\r\\nParentUser: WS10\\\\Administrator\\\"\"},\"eventdata\":{\"utcTime\":\"2026-04-02 10:23:06.373\",\"processGuid\":\"{d9a99926-438a-69ce-3410-000000000600}\",\"processId\":\"9508\",\"image\":\"C:\\\\\\\\Windows\\\\\\\\System32\\\\\\\\conhost.exe\",\"fileVersion\":\"10.0.19041.5198 (WinBuild.160101.0800)\",\"description\":\"Console Window Host\",\"product\":\"Microsoft® Windows® Operating System\",\"company\":\"Microsoft Corporation\",\"originalFileName\":\"CONHOST.EXE\",\"commandLine\":\"\\\\\\\\??\\\\\\\\C:\\\\\\\\Windows\\\\\\\\system32\\\\\\\\conhost.exe 0xffffffff -ForceV1\",\"currentDirectory\":\"C:\\\\\\\\Windows\",\"user\":\"WS10\\\\\\\\Administrator\",\"logonGuid\":\"{d9a99926-1ec9-69ca-5569-130000000000}\",\"logonId\":\"0x136955\",\"terminalSessionId\":\"1\",\"integrityLevel\":\"High\",\"hashes\":\"MD5=7850554B5C650163FC168AA08F18E343,SHA256=B02EE54FB2EC69673386D41119EE8ED083A6EAB3BFCA6AA2155D20CE68EF8963,IMPHASH=0F64302D3280DE299F4C51A78746F606\",\"parentProcessGuid\":\"{d9a99926-438a-69ce-3310-000000000600}\",\"parentProcessId\":\"9568\",\"parentImage\":\"C:\\\\\\\\Windows\\\\\\\\System32\\\\\\\\cmd.exe\",\"parentCommandLine\":\"cmd.exe /c \\\\\\\"timeout /nobreak /t 10 &gt;nul 2&gt;nul &amp; del /f C:\\\\\\\\Users\\\\\\\\Public\\\\\\\\splunkd.exe\\\\\\\"\",\"parentUser\":\"WS10\\\\\\\\Administrator\"}}}", "suspicious": true, "suspicious_reason": "group:sysmon, group:windows, keyword:cmd.exe, keyword:sysmon, keyword:t1059, mitre"}
{"timestamp": "2026-04-02T12:23:17.075+0000", "agent": "WS10", "agent_id": "005", "rule_id": "92213", "level": "15", "groups": "sysmon, sysmon_eid11_detections, windows", "decoder": "windows_eventchannel", "location": "EventChannel", "src_ip": "-", "mitre_ids": "T1105", "mitre_tactics": "Command and Control", "mitre_techniques": "Ingress Tool Transfer", "description": "Executable file dropped in folder commonly used by malware", "full_log": "{\"win\":{\"system\":{\"providerName\":\"Microsoft-Windows-Sysmon\",\"providerGuid\":\"{5770385f-c22a-43e0-bf4c-06f5698ffbd9}\",\"eventID\":\"11\",\"version\":\"2\",\"level\":\"4\",\"task\":\"11\",\"opcode\":\"0\",\"keywords\":\"0x8000000000000000\",\"systemTime\":\"2026-04-02T10:23:06.6217732Z\",\"eventRecordID\":\"516222\",\"processID\":\"7940\",\"threadID\":\"8064\",\"channel\":\"Microsoft-Windows-Sysmon/Operational\",\"computer\":\"WS10\",\"severityValue\":\"INFORMATION\",\"message\":\"\\\"File created:\\r\\nRuleName: -\\r\\nUtcTime: 2026-04-02 10:23:06.607\\r\\nProcessGuid: {d9a99926-438a-69ce-3610-000000000600}\\r\\nProcessId: 9724\\r\\nImage: C:\\\\Windows\\\\System32\\\\WindowsPowerShell\\\\v1.0\\\\powershell.exe\\r\\nTargetFilename: C:\\\\Users\\\\Administrator\\\\AppData\\\\Local\\\\Temp\\\\__PSScriptPolicyTest_1ly1e3wk.kqy.ps1\\r\\nCreationUtcTime: 2026-04-02 10:23:06.607\\r\\nUser: WS10\\\\Administrator\\\"\"},\"eventdata\":{\"utcTime\":\"2026-04-02 10:23:06.607\",\"processGuid\":\"{d9a99926-438a-69ce-3610-000000000600}\",\"processId\":\"9724\",\"image\":\"C:\\\\\\\\Windows\\\\\\\\System32\\\\\\\\WindowsPowerShell\\\\\\\\v1.0\\\\\\\\powershell.exe\",\"targetFilename\":\"C:\\\\\\\\Users\\\\\\\\Administrator\\\\\\\\AppData\\\\\\\\Local\\\\\\\\Temp\\\\\\\\__PSScriptPolicyTest_1ly1e3wk.kqy.ps1\",\"creationUtcTime\":\"2026-04-02 10:23:06.607\",\"user\":\"WS10\\\\\\\\Administrator\"}}}", "suspicious": true, "suspicious_reason": "group:sysmon, group:windows, keyword:powershell, keyword:sysmon, level>=5, mitre"}
{"timestamp": "2026-04-02T12:23:19.293+0000", "agent": "WS10", "agent_id": "005", "rule_id": "92032", "level": "3", "groups": "sysmon, sysmon_eid1_detections, windows", "decoder": "windows_eventchannel", "location": "EventChannel", "src_ip": "-", "mitre_ids": "T1087, T1059.003", "mitre_tactics": "Discovery, Execution", "mitre_techniques": "Account Discovery, Windows Command Shell", "description": "Suspicious Windows cmd shell execution", "full_log": "{\"win\":{\"system\":{\"providerName\":\"Microsoft-Windows-Sysmon\",\"providerGuid\":\"{5770385f-c22a-43e0-bf4c-06f5698ffbd9}\",\"eventID\":\"1\",\"version\":\"5\",\"level\":\"4\",\"task\":\"1\",\"opcode\":\"0\",\"keywords\":\"0x8000000000000000\",\"systemTime\":\"2026-04-02T10:23:06.8333524Z\",\"eventRecordID\":\"516348\",\"processID\":\"7940\",\"threadID\":\"8064\",\"channel\":\"Microsoft-Windows-Sysmon/Operational\",\"computer\":\"WS10\",\"severityValue\":\"INFORMATION\",\"message\":\"\\\"Process Create:\\r\\nRuleName: -\\r\\nUtcTime: 2026-04-02 10:23:06.832\\r\\nProcessGuid: {d9a99926-438a-69ce-3810-000000000600}\\r\\nProcessId: 6444\\r\\nImage: C:\\\\Windows\\\\System32\\\\conhost.exe\\r\\nFileVersion: 10.0.19041.5198 (WinBuild.160101.0800)\\r\\nDescription: Console Window Host\\r\\nProduct: Microsoft® Windows® Operating System\\r\\nCompany: Microsoft Corporation\\r\\nOriginalFileName: CONHOST.EXE\\r\\nCommandLine: \\\\??\\\\C:\\\\Windows\\\\system32\\\\conhost.exe 0xffffffff -ForceV1\\r\\nCurrentDirectory: C:\\\\Windows\\r\\nUser: WS10\\\\Administrator\\r\\nLogonGuid: {d9a99926-1ec9-69ca-5569-130000000000}\\r\\nLogonId: 0x136955\\r\\nTerminalSessionId: 1\\r\\nIntegrityLevel: High\\r\\nHashes: MD5=7850554B5C650163FC168AA08F18E343,SHA256=B02EE54FB2EC69673386D41119EE8ED083A6EAB3BFCA6AA2155D20CE68EF8963,IMPHASH=0F64302D3280DE299F4C51A78746F606\\r\\nParentProcessGuid: {d9a99926-438a-69ce-3710-000000000600}\\r\\nParentProcessId: 6280\\r\\nParentImage: C:\\\\Windows\\\\System32\\\\cmd.exe\\r\\nParentCommandLine: cmd.exe /c \\\"timeout /nobreak /t 10 >nul 2>nul & del /f C:\\\\Users\\\\Public\\\\splunkd.exe\\\"\\r\\nParentUser: WS10\\\\Administrator\\\"\"},\"eventdata\":{\"utcTime\":\"2026-04-02 10:23:06.832\",\"processGuid\":\"{d9a99926-438a-69ce-3810-000000000600}\",\"processId\":\"6444\",\"image\":\"C:\\\\\\\\Windows\\\\\\\\System32\\\\\\\\conhost.exe\",\"fileVersion\":\"10.0.19041.5198 (WinBuild.160101.0800)\",\"description\":\"Console Window Host\",\"product\":\"Microsoft® Windows® Operating System\",\"company\":\"Microsoft Corporation\",\"originalFileName\":\"CONHOST.EXE\",\"commandLine\":\"\\\\\\\\??\\\\\\\\C:\\\\\\\\Windows\\\\\\\\system32\\\\\\\\conhost.exe 0xffffffff -ForceV1\",\"currentDirectory\":\"C:\\\\\\\\Windows\",\"user\":\"WS10\\\\\\\\Administrator\",\"logonGuid\":\"{d9a99926-1ec9-69ca-5569-130000000000}\",\"logonId\":\"0x136955\",\"terminalSessionId\":\"1\",\"integrityLevel\":\"High\",\"hashes\":\"MD5=7850554B5C650163FC168AA08F18E343,SHA256=B02EE54FB2EC69673386D41119EE8ED083A6EAB3BFCA6AA2155D20CE68EF8963,IMPHASH=0F64302D3280DE299F4C51A78746F606\",\"parentProcessGuid\":\"{d9a99926-438a-69ce-3710-000000000600}\",\"parentProcessId\":\"6280\",\"parentImage\":\"C:\\\\\\\\Windows\\\\\\\\System32\\\\\\\\cmd.exe\",\"parentCommandLine\":\"cmd.exe /c \\\\\\\"timeout /nobreak /t 10 &gt;nul 2&gt;nul &amp; del /f C:\\\\\\\\Users\\\\\\\\Public\\\\\\\\splunkd.exe\\\\\\\"\",\"parentUser\":\"WS10\\\\\\\\Administrator\"}}}", "suspicious": true, "suspicious_reason": "group:sysmon, group:windows, keyword:cmd.exe, keyword:sysmon, keyword:t1059, mitre"}
{"timestamp": "2026-04-02T12:23:21.488+0000", "agent": "WS10", "agent_id": "005", "rule_id": "92213", "level": "15", "groups": "sysmon, sysmon_eid11_detections, windows", "decoder": "windows_eventchannel", "location": "EventChannel", "src_ip": "-", "mitre_ids": "T1105", "mitre_tactics": "Command and Control", "mitre_techniques": "Ingress Tool Transfer", "description": "Executable file dropped in folder commonly used by malware", "full_log": "{\"win\":{\"system\":{\"providerName\":\"Microsoft-Windows-Sysmon\",\"providerGuid\":\"{5770385f-c22a-43e0-bf4c-06f5698ffbd9}\",\"eventID\":\"11\",\"version\":\"2\",\"level\":\"4\",\"task\":\"11\",\"opcode\":\"0\",\"keywords\":\"0x8000000000000000\",\"systemTime\":\"2026-04-02T10:23:08.3970863Z\",\"eventRecordID\":\"516478\",\"processID\":\"7940\",\"threadID\":\"8064\",\"channel\":\"Microsoft-Windows-Sysmon/Operational\",\"computer\":\"WS10\",\"severityValue\":\"INFORMATION\",\"message\":\"\\\"File created:\\r\\nRuleName: -\\r\\nUtcTime: 2026-04-02 10:23:08.394\\r\\nProcessGuid: {d9a99926-438c-69ce-3a10-000000000600}\\r\\nProcessId: 3660\\r\\nImage: C:\\\\Windows\\\\System32\\\\WindowsPowerShell\\\\v1.0\\\\powershell.exe\\r\\nTargetFilename: C:\\\\Users\\\\Administrator\\\\AppData\\\\Local\\\\Temp\\\\__PSScriptPolicyTest_0xoyryy3.0ab.ps1\\r\\nCreationUtcTime: 2026-04-02 10:23:08.394\\r\\nUser: WS10\\\\Administrator\\\"\"},\"eventdata\":{\"utcTime\":\"2026-04-02 10:23:08.394\",\"processGuid\":\"{d9a99926-438c-69ce-3a10-000000000600}\",\"processId\":\"3660\",\"image\":\"C:\\\\\\\\Windows\\\\\\\\System32\\\\\\\\WindowsPowerShell\\\\\\\\v1.0\\\\\\\\powershell.exe\",\"targetFilename\":\"C:\\\\\\\\Users\\\\\\\\Administrator\\\\\\\\AppData\\\\\\\\Local\\\\\\\\Temp\\\\\\\\__PSScriptPolicyTest_0xoyryy3.0ab.ps1\",\"creationUtcTime\":\"2026-04-02 10:23:08.394\",\"user\":\"WS10\\\\\\\\Administrator\"}}}", "suspicious": true, "suspicious_reason": "group:sysmon, group:windows, keyword:powershell, keyword:sysmon, level>=5, mitre"}
{"timestamp": "2026-04-02T12:23:51.009+0000", "agent": "WS10", "agent_id": "005", "rule_id": "92213", "level": "15", "groups": "sysmon, sysmon_eid11_detections, windows", "decoder": "windows_eventchannel", "location": "EventChannel", "src_ip": "-", "mitre_ids": "T1105", "mitre_tactics": "Command and Control", "mitre_techniques": "Ingress Tool Transfer", "description": "Executable file dropped in folder commonly used by malware", "full_log": "{\"win\":{\"system\":{\"providerName\":\"Microsoft-Windows-Sysmon\",\"providerGuid\":\"{5770385f-c22a-43e0-bf4c-06f5698ffbd9}\",\"eventID\":\"11\",\"version\":\"2\",\"level\":\"4\",\"task\":\"11\",\"opcode\":\"0\",\"keywords\":\"0x8000000000000000\",\"systemTime\":\"2026-04-02T10:23:44.4341245Z\",\"eventRecordID\":\"516672\",\"processID\":\"7940\",\"threadID\":\"8064\",\"channel\":\"Microsoft-Windows-Sysmon/Operational\",\"computer\":\"WS10\",\"severityValue\":\"INFORMATION\",\"message\":\"\\\"File created:\\r\\nRuleName: -\\r\\nUtcTime: 2026-04-02 10:23:44.423\\r\\nProcessGuid: {d9a99926-43b0-69ce-3c10-000000000600}\\r\\nProcessId: 1412\\r\\nImage: C:\\\\Windows\\\\System32\\\\WindowsPowerShell\\\\v1.0\\\\powershell.exe\\r\\nTargetFilename: C:\\\\Users\\\\Administrator\\\\AppData\\\\Local\\\\Temp\\\\__PSScriptPolicyTest_3awniiz0.nkh.ps1\\r\\nCreationUtcTime: 2026-04-02 10:23:44.423\\r\\nUser: WS10\\\\Administrator\\\"\"},\"eventdata\":{\"utcTime\":\"2026-04-02 10:23:44.423\",\"processGuid\":\"{d9a99926-43b0-69ce-3c10-000000000600}\",\"processId\":\"1412\",\"image\":\"C:\\\\\\\\Windows\\\\\\\\System32\\\\\\\\WindowsPowerShell\\\\\\\\v1.0\\\\\\\\powershell.exe\",\"targetFilename\":\"C:\\\\\\\\Users\\\\\\\\Administrator\\\\\\\\AppData\\\\\\\\Local\\\\\\\\Temp\\\\\\\\__PSScriptPolicyTest_3awniiz0.nkh.ps1\",\"creationUtcTime\":\"2026-04-02 10:23:44.423\",\"user\":\"WS10\\\\\\\\Administrator\"}}}", "suspicious": true, "suspicious_reason": "group:sysmon, group:windows, keyword:powershell, keyword:sysmon, level>=5, mitre"}
{"timestamp": "2026-04-02T12:23:53.699+0000", "agent": "WS10", "agent_id": "005", "rule_id": "92213", "level": "15", "groups": "sysmon, sysmon_eid11_detections, windows", "decoder": "windows_eventchannel", "location": "EventChannel", "src_ip": "-", "mitre_ids": "T1105", "mitre_tactics": "Command and Control", "mitre_techniques": "Ingress Tool Transfer", "description": "Executable file dropped in folder commonly used by malware", "full_log": "{\"win\":{\"system\":{\"providerName\":\"Microsoft-Windows-Sysmon\",\"providerGuid\":\"{5770385f-c22a-43e0-bf4c-06f5698ffbd9}\",\"eventID\":\"11\",\"version\":\"2\",\"level\":\"4\",\"task\":\"11\",\"opcode\":\"0\",\"keywords\":\"0x8000000000000000\",\"systemTime\":\"2026-04-02T10:23:46.1527298Z\",\"eventRecordID\":\"516835\",\"processID\":\"7940\",\"threadID\":\"8064\",\"channel\":\"Microsoft-Windows-Sysmon/Operational\",\"computer\":\"WS10\",\"severityValue\":\"INFORMATION\",\"message\":\"\\\"File created:\\r\\nRuleName: -\\r\\nUtcTime: 2026-04-02 10:23:46.136\\r\\nProcessGuid: {d9a99926-43b2-69ce-3e10-000000000600}\\r\\nProcessId: 7256\\r\\nImage: C:\\\\Windows\\\\System32\\\\WindowsPowerShell\\\\v1.0\\\\powershell.exe\\r\\nTargetFilename: C:\\\\Users\\\\Administrator\\\\AppData\\\\Local\\\\Temp\\\\__PSScriptPolicyTest_4duzg0t4.qui.ps1\\r\\nCreationUtcTime: 2026-04-02 10:23:46.136\\r\\nUser: WS10\\\\Administrator\\\"\"},\"eventdata\":{\"utcTime\":\"2026-04-02 10:23:46.136\",\"processGuid\":\"{d9a99926-43b2-69ce-3e10-000000000600}\",\"processId\":\"7256\",\"image\":\"C:\\\\\\\\Windows\\\\\\\\System32\\\\\\\\WindowsPowerShell\\\\\\\\v1.0\\\\\\\\powershell.exe\",\"targetFilename\":\"C:\\\\\\\\Users\\\\\\\\Administrator\\\\\\\\AppData\\\\\\\\Local\\\\\\\\Temp\\\\\\\\__PSScriptPolicyTest_4duzg0t4.qui.ps1\",\"creationUtcTime\":\"2026-04-02 10:23:46.136\",\"user\":\"WS10\\\\\\\\Administrator\"}}}", "suspicious": true, "suspicious_reason": "group:sysmon, group:windows, keyword:powershell, keyword:sysmon, level>=5, mitre"}
{"timestamp": "2026-04-02T12:23:55.972+0000", "agent": "WS10", "agent_id": "005", "rule_id": "92032", "level": "3", "groups": "sysmon, sysmon_eid1_detections, windows", "decoder": "windows_eventchannel", "location": "EventChannel", "src_ip": "-", "mitre_ids": "T1087, T1059.003", "mitre_tactics": "Discovery, Execution", "mitre_techniques": "Account Discovery, Windows Command Shell", "description": "Suspicious Windows cmd shell execution", "full_log": "{\"win\":{\"system\":{\"providerName\":\"Microsoft-Windows-Sysmon\",\"providerGuid\":\"{5770385f-c22a-43e0-bf4c-06f5698ffbd9}\",\"eventID\":\"1\",\"version\":\"5\",\"level\":\"4\",\"task\":\"1\",\"opcode\":\"0\",\"keywords\":\"0x8000000000000000\",\"systemTime\":\"2026-04-02T10:23:46.3855828Z\",\"eventRecordID\":\"516958\",\"processID\":\"7940\",\"threadID\":\"8064\",\"channel\":\"Microsoft-Windows-Sysmon/Operational\",\"computer\":\"WS10\",\"severityValue\":\"INFORMATION\",\"message\":\"\\\"Process Create:\\r\\nRuleName: -\\r\\nUtcTime: 2026-04-02 10:23:46.384\\r\\nProcessGuid: {d9a99926-43b2-69ce-4010-000000000600}\\r\\nProcessId: 7720\\r\\nImage: C:\\\\Windows\\\\System32\\\\conhost.exe\\r\\nFileVersion: 10.0.19041.5198 (WinBuild.160101.0800)\\r\\nDescription: Console Window Host\\r\\nProduct: Microsoft® Windows® Operating System\\r\\nCompany: Microsoft Corporation\\r\\nOriginalFileName: CONHOST.EXE\\r\\nCommandLine: \\\\??\\\\C:\\\\Windows\\\\system32\\\\conhost.exe 0xffffffff -ForceV1\\r\\nCurrentDirectory: C:\\\\Windows\\r\\nUser: WS10\\\\Administrator\\r\\nLogonGuid: {d9a99926-1ec9-69ca-5569-130000000000}\\r\\nLogonId: 0x136955\\r\\nTerminalSessionId: 1\\r\\nIntegrityLevel: High\\r\\nHashes: MD5=7850554B5C650163FC168AA08F18E343,SHA256=B02EE54FB2EC69673386D41119EE8ED083A6EAB3BFCA6AA2155D20CE68EF8963,IMPHASH=0F64302D3280DE299F4C51A78746F606\\r\\nParentProcessGuid: {d9a99926-43b2-69ce-3f10-000000000600}\\r\\nParentProcessId: 1708\\r\\nParentImage: C:\\\\Windows\\\\System32\\\\cmd.exe\\r\\nParentCommandLine: cmd.exe /c \\\"timeout /nobreak /t 10 >nul 2>nul & del /f C:\\\\Users\\\\Public\\\\splunkd.exe\\\"\\r\\nParentUser: WS10\\\\Administrator\\\"\"},\"eventdata\":{\"utcTime\":\"2026-04-02 10:23:46.384\",\"processGuid\":\"{d9a99926-43b2-69ce-4010-000000000600}\",\"processId\":\"7720\",\"image\":\"C:\\\\\\\\Windows\\\\\\\\System32\\\\\\\\conhost.exe\",\"fileVersion\":\"10.0.19041.5198 (WinBuild.160101.0800)\",\"description\":\"Console Window Host\",\"product\":\"Microsoft® Windows® Operating System\",\"company\":\"Microsoft Corporation\",\"originalFileName\":\"CONHOST.EXE\",\"commandLine\":\"\\\\\\\\??\\\\\\\\C:\\\\\\\\Windows\\\\\\\\system32\\\\\\\\conhost.exe 0xffffffff -ForceV1\",\"currentDirectory\":\"C:\\\\\\\\Windows\",\"user\":\"WS10\\\\\\\\Administrator\",\"logonGuid\":\"{d9a99926-1ec9-69ca-5569-130000000000}\",\"logonId\":\"0x136955\",\"terminalSessionId\":\"1\",\"integrityLevel\":\"High\",\"hashes\":\"MD5=7850554B5C650163FC168AA08F18E343,SHA256=B02EE54FB2EC69673386D41119EE8ED083A6EAB3BFCA6AA2155D20CE68EF8963,IMPHASH=0F64302D3280DE299F4C51A78746F606\",\"parentProcessGuid\":\"{d9a99926-43b2-69ce-3f10-000000000600}\",\"parentProcessId\":\"1708\",\"parentImage\":\"C:\\\\\\\\Windows\\\\\\\\System32\\\\\\\\cmd.exe\",\"parentCommandLine\":\"cmd.exe /c \\\\\\\"timeout /nobreak /t 10 &gt;nul 2&gt;nul &amp; del /f C:\\\\\\\\Users\\\\\\\\Public\\\\\\\\splunkd.exe\\\\\\\"\",\"parentUser\":\"WS10\\\\\\\\Administrator\"}}}", "suspicious": true, "suspicious_reason": "group:sysmon, group:windows, keyword:cmd.exe, keyword:sysmon, keyword:t1059, mitre"}
{"timestamp": "2026-04-02T12:24:01.586+0000", "agent": "wazuh-server", "agent_id": "000", "rule_id": "535", "level": "1", "groups": "ossec", "decoder": "ossec", "location": "last -n 20", "src_ip": "192.168.30.14", "mitre_ids": "-", "mitre_tactics": "-", "mitre_techniques": "-", "description": "List of the last logged in users.", "full_log": "ossec: output: 'last -n 20':\nroot     pts/0        192.168.30.14    Thu Apr  2 12:21   still logged in\nroot     pts/0        192.168.30.14    Thu Apr  2 11:03 - 11:13  (00:10)\nroot     pts/0        192.168.30.14    Thu Apr  2 08:38 - 08:48  (00:09)\nroot     pts/0        192.168.30.14    Thu Apr  2 08:26 - 08:36  (00:10)\nroot     pts/0        192.168.30.14    Thu Apr  2 08:06 - 08:16  (00:10)\nroot     pts/0        192.168.30.14    Thu Apr  2 07:53 - 08:03  (00:09)\nroot     pts/0        192.168.30.14    Thu Apr  2 07:28 - 07:38  (00:09)\nroot     pts/0        192.168.30.14    Thu Apr  2 07:06 - 07:08  (00:02)\nroot     pts/0        192.168.30.14    Thu Apr  2 07:02 - 07:05  (00:03)\nroot     pts/0        192.168.30.14    Thu Apr  2 06:29 - 06:30  (00:00)\nroot     pts/0        192.168.30.14    Wed Apr  1 15:44 - 15:54  (00:10)\nroot     pts/0        192.168.30.14    Wed Apr  1 15:08 - 15:10  (00:02)\nroot     pts/0        192.168.30.14    Wed Apr  1 15:03 - 15:04  (00:01)\nroot     pts/3        192.168.30.18    Wed Apr  1 14:58 - 14:58  (00:00)\nroot     pts/0        192.168.30.14    Wed Apr  1 14:51 - 14:58  (00:07)\nroot     pts/0        192.168.30.14    Wed Apr  1 12:49 - 12:59  (00:10)\nroot     pts/0        192.168.30.14    Wed Apr  1 12:27 - 12:28  (00:01)\nroot     pts/0        192.168.30.14    Wed Apr  1 12:21 - 12:23  (00:01)\nroot     pts/0        192.168.30.14    Wed Apr  1 12:18 - 12:21  (00:02)\nroot     pts/0        192.168.30.14    Wed Apr  1 12:11 - 12:14  (00:03)\nwtmp begins Fri Mar 13 14:46:13 2026", "suspicious": true, "suspicious_reason": "srcip"}
{"timestamp": "2026-04-02T12:24:12.133+0000", "agent": "WS10", "agent_id": "005", "rule_id": "92213", "level": "15", "groups": "sysmon, sysmon_eid11_detections, windows", "decoder": "windows_eventchannel", "location": "EventChannel", "src_ip": "-", "mitre_ids": "T1105", "mitre_tactics": "Command and Control", "mitre_techniques": "Ingress Tool Transfer", "description": "Executable file dropped in folder commonly used by malware", "full_log": "{\"win\":{\"system\":{\"providerName\":\"Microsoft-Windows-Sysmon\",\"providerGuid\":\"{5770385f-c22a-43e0-bf4c-06f5698ffbd9}\",\"eventID\":\"11\",\"version\":\"2\",\"level\":\"4\",\"task\":\"11\",\"opcode\":\"0\",\"keywords\":\"0x8000000000000000\",\"systemTime\":\"2026-04-02T10:24:05.5803255Z\",\"eventRecordID\":\"517111\",\"processID\":\"7940\",\"threadID\":\"8064\",\"channel\":\"Microsoft-Windows-Sysmon/Operational\",\"computer\":\"WS10\",\"severityValue\":\"INFORMATION\",\"message\":\"\\\"File created:\\r\\nRuleName: -\\r\\nUtcTime: 2026-04-02 10:24:05.563\\r\\nProcessGuid: {d9a99926-43c5-69ce-4210-000000000600}\\r\\nProcessId: 9864\\r\\nImage: C:\\\\Windows\\\\System32\\\\WindowsPowerShell\\\\v1.0\\\\powershell.exe\\r\\nTargetFilename: C:\\\\Users\\\\Administrator\\\\AppData\\\\Local\\\\Temp\\\\__PSScriptPolicyTest_j4mzcrsz.xjg.ps1\\r\\nCreationUtcTime: 2026-04-02 10:24:05.563\\r\\nUser: WS10\\\\Administrator\\\"\"},\"eventdata\":{\"utcTime\":\"2026-04-02 10:24:05.563\",\"processGuid\":\"{d9a99926-43c5-69ce-4210-000000000600}\",\"processId\":\"9864\",\"image\":\"C:\\\\\\\\Windows\\\\\\\\System32\\\\\\\\WindowsPowerShell\\\\\\\\v1.0\\\\\\\\powershell.exe\",\"targetFilename\":\"C:\\\\\\\\Users\\\\\\\\Administrator\\\\\\\\AppData\\\\\\\\Local\\\\\\\\Temp\\\\\\\\__PSScriptPolicyTest_j4mzcrsz.xjg.ps1\",\"creationUtcTime\":\"2026-04-02 10:24:05.563\",\"user\":\"WS10\\\\\\\\Administrator\"}}}", "suspicious": true, "suspicious_reason": "group:sysmon, group:windows, keyword:powershell, keyword:sysmon, level>=5, mitre"}
{"timestamp": "2026-04-02T12:24:29.143+0000", "agent": "WS10", "agent_id": "005", "rule_id": "92213", "level": "15", "groups": "sysmon, sysmon_eid11_detections, windows", "decoder": "windows_eventchannel", "location": "EventChannel", "src_ip": "-", "mitre_ids": "T1105", "mitre_tactics": "Command and Control", "mitre_techniques": "Ingress Tool Transfer", "description": "Executable file dropped in folder commonly used by malware", "full_log": "{\"win\":{\"system\":{\"providerName\":\"Microsoft-Windows-Sysmon\",\"providerGuid\":\"{5770385f-c22a-43e0-bf4c-06f5698ffbd9}\",\"eventID\":\"11\",\"version\":\"2\",\"level\":\"4\",\"task\":\"11\",\"opcode\":\"0\",\"keywords\":\"0x8000000000000000\",\"systemTime\":\"2026-04-02T10:24:24.6922448Z\",\"eventRecordID\":\"517870\",\"processID\":\"7940\",\"threadID\":\"8064\",\"channel\":\"Microsoft-Windows-Sysmon/Operational\",\"computer\":\"WS10\",\"severityValue\":\"INFORMATION\",\"message\":\"\\\"File created:\\r\\nRuleName: -\\r\\nUtcTime: 2026-04-02 10:24:24.669\\r\\nProcessGuid: {d9a99926-43d8-69ce-4410-000000000600}\\r\\nProcessId: 7880\\r\\nImage: C:\\\\Windows\\\\System32\\\\WindowsPowerShell\\\\v1.0\\\\powershell.exe\\r\\nTargetFilename: C:\\\\Users\\\\Administrator\\\\AppData\\\\Local\\\\Temp\\\\__PSScriptPolicyTest_dk0kopk2.f5l.ps1\\r\\nCreationUtcTime: 2026-04-02 10:24:24.669\\r\\nUser: WS10\\\\Administrator\\\"\"},\"eventdata\":{\"utcTime\":\"2026-04-02 10:24:24.669\",\"processGuid\":\"{d9a99926-43d8-69ce-4410-000000000600}\",\"processId\":\"7880\",\"image\":\"C:\\\\\\\\Windows\\\\\\\\System32\\\\\\\\WindowsPowerShell\\\\\\\\v1.0\\\\\\\\powershell.exe\",\"targetFilename\":\"C:\\\\\\\\Users\\\\\\\\Administrator\\\\\\\\AppData\\\\\\\\Local\\\\\\\\Temp\\\\\\\\__PSScriptPolicyTest_dk0kopk2.f5l.ps1\",\"creationUtcTime\":\"2026-04-02 10:24:24.669\",\"user\":\"WS10\\\\\\\\Administrator\"}}}", "suspicious": true, "suspicious_reason": "group:sysmon, group:windows, keyword:powershell, keyword:sysmon, level>=5, mitre"}
{"timestamp": "2026-04-02T12:24:42.437+0000", "agent": "WS10", "agent_id": "005", "rule_id": "92213", "level": "15", "groups": "sysmon, sysmon_eid11_detections, windows", "decoder": "windows_eventchannel", "location": "EventChannel", "src_ip": "-", "mitre_ids": "T1105", "mitre_tactics": "Command and Control", "mitre_techniques": "Ingress Tool Transfer", "description": "Executable file dropped in folder commonly used by malware", "full_log": "{\"win\":{\"system\":{\"providerName\":\"Microsoft-Windows-Sysmon\",\"providerGuid\":\"{5770385f-c22a-43e0-bf4c-06f5698ffbd9}\",\"eventID\":\"11\",\"version\":\"2\",\"level\":\"4\",\"task\":\"11\",\"opcode\":\"0\",\"keywords\":\"0x8000000000000000\",\"systemTime\":\"2026-04-02T10:24:25.8221342Z\",\"eventRecordID\":\"518647\",\"processID\":\"7940\",\"threadID\":\"8064\",\"channel\":\"Microsoft-Windows-Sysmon/Operational\",\"computer\":\"WS10\",\"severityValue\":\"INFORMATION\",\"message\":\"\\\"File created:\\r\\nRuleName: -\\r\\nUtcTime: 2026-04-02 10:24:25.816\\r\\nProcessGuid: {d9a99926-43d9-69ce-4610-000000000600}\\r\\nProcessId: 9748\\r\\nImage: C:\\\\Windows\\\\System32\\\\WindowsPowerShell\\\\v1.0\\\\powershell.exe\\r\\nTargetFilename: C:\\\\Users\\\\Administrator\\\\AppData\\\\Local\\\\Temp\\\\__PSScriptPolicyTest_scje5u2c.i2i.ps1\\r\\nCreationUtcTime: 2026-04-02 10:24:25.816\\r\\nUser: WS10\\\\Administrator\\\"\"},\"eventdata\":{\"utcTime\":\"2026-04-02 10:24:25.816\",\"processGuid\":\"{d9a99926-43d9-69ce-4610-000000000600}\",\"processId\":\"9748\",\"image\":\"C:\\\\\\\\Windows\\\\\\\\System32\\\\\\\\WindowsPowerShell\\\\\\\\v1.0\\\\\\\\powershell.exe\",\"targetFilename\":\"C:\\\\\\\\Users\\\\\\\\Administrator\\\\\\\\AppData\\\\\\\\Local\\\\\\\\Temp\\\\\\\\__PSScriptPolicyTest_scje5u2c.i2i.ps1\",\"creationUtcTime\":\"2026-04-02 10:24:25.816\",\"user\":\"WS10\\\\\\\\Administrator\"}}}", "suspicious": true, "suspicious_reason": "group:sysmon, group:windows, keyword:powershell, keyword:sysmon, level>=5, mitre"}
{"timestamp": "2026-04-02T12:24:57.629+0000", "agent": "WS10", "agent_id": "005", "rule_id": "92213", "level": "15", "groups": "sysmon, sysmon_eid11_detections, windows", "decoder": "windows_eventchannel", "location": "EventChannel", "src_ip": "-", "mitre_ids": "T1105", "mitre_tactics": "Command and Control", "mitre_techniques": "Ingress Tool Transfer", "description": "Executable file dropped in folder commonly used by malware", "full_log": "{\"win\":{\"system\":{\"providerName\":\"Microsoft-Windows-Sysmon\",\"providerGuid\":\"{5770385f-c22a-43e0-bf4c-06f5698ffbd9}\",\"eventID\":\"11\",\"version\":\"2\",\"level\":\"4\",\"task\":\"11\",\"opcode\":\"0\",\"keywords\":\"0x8000000000000000\",\"systemTime\":\"2026-04-02T10:24:35.4582441Z\",\"eventRecordID\":\"519551\",\"processID\":\"7940\",\"threadID\":\"8064\",\"channel\":\"Microsoft-Windows-Sysmon/Operational\",\"computer\":\"WS10\",\"severityValue\":\"INFORMATION\",\"message\":\"\\\"File created:\\r\\nRuleName: -\\r\\nUtcTime: 2026-04-02 10:24:35.446\\r\\nProcessGuid: {d9a99926-43e3-69ce-4810-000000000600}\\r\\nProcessId: 4208\\r\\nImage: C:\\\\Windows\\\\System32\\\\WindowsPowerShell\\\\v1.0\\\\powershell.exe\\r\\nTargetFilename: C:\\\\Users\\\\Administrator\\\\AppData\\\\Local\\\\Temp\\\\__PSScriptPolicyTest_akt2jeuz.n3m.ps1\\r\\nCreationUtcTime: 2026-04-02 10:24:35.446\\r\\nUser: WS10\\\\Administrator\\\"\"},\"eventdata\":{\"utcTime\":\"2026-04-02 10:24:35.446\",\"processGuid\":\"{d9a99926-43e3-69ce-4810-000000000600}\",\"processId\":\"4208\",\"image\":\"C:\\\\\\\\Windows\\\\\\\\System32\\\\\\\\WindowsPowerShell\\\\\\\\v1.0\\\\\\\\powershell.exe\",\"targetFilename\":\"C:\\\\\\\\Users\\\\\\\\Administrator\\\\\\\\AppData\\\\\\\\Local\\\\\\\\Temp\\\\\\\\__PSScriptPolicyTest_akt2jeuz.n3m.ps1\",\"creationUtcTime\":\"2026-04-02 10:24:35.446\",\"user\":\"WS10\\\\\\\\Administrator\"}}}", "suspicious": true, "suspicious_reason": "group:sysmon, group:windows, keyword:powershell, keyword:sysmon, level>=5, mitre"}
{"timestamp": "2026-04-02T12:25:00.289+0000", "agent": "WS10", "agent_id": "005", "rule_id": "92213", "level": "15", "groups": "sysmon, sysmon_eid11_detections, windows", "decoder": "windows_eventchannel", "location": "EventChannel", "src_ip": "-", "mitre_ids": "T1105", "mitre_tactics": "Command and Control", "mitre_techniques": "Ingress Tool Transfer", "description": "Executable file dropped in folder commonly used by malware", "full_log": "{\"win\":{\"system\":{\"providerName\":\"Microsoft-Windows-Sysmon\",\"providerGuid\":\"{5770385f-c22a-43e0-bf4c-06f5698ffbd9}\",\"eventID\":\"11\",\"version\":\"2\",\"level\":\"4\",\"task\":\"11\",\"opcode\":\"0\",\"keywords\":\"0x8000000000000000\",\"systemTime\":\"2026-04-02T10:24:42.4437218Z\",\"eventRecordID\":\"519709\",\"processID\":\"7940\",\"threadID\":\"8064\",\"channel\":\"Microsoft-Windows-Sysmon/Operational\",\"computer\":\"WS10\",\"severityValue\":\"INFORMATION\",\"message\":\"\\\"File created:\\r\\nRuleName: -\\r\\nUtcTime: 2026-04-02 10:24:42.431\\r\\nProcessGuid: {d9a99926-43ea-69ce-4a10-000000000600}\\r\\nProcessId: 7888\\r\\nImage: C:\\\\Windows\\\\System32\\\\WindowsPowerShell\\\\v1.0\\\\powershell.exe\\r\\nTargetFilename: C:\\\\Users\\\\Administrator\\\\AppData\\\\Local\\\\Temp\\\\__PSScriptPolicyTest_505wfqww.oce.ps1\\r\\nCreationUtcTime: 2026-04-02 10:24:42.431\\r\\nUser: WS10\\\\Administrator\\\"\"},\"eventdata\":{\"utcTime\":\"2026-04-02 10:24:42.431\",\"processGuid\":\"{d9a99926-43ea-69ce-4a10-000000000600}\",\"processId\":\"7888\",\"image\":\"C:\\\\\\\\Windows\\\\\\\\System32\\\\\\\\WindowsPowerShell\\\\\\\\v1.0\\\\\\\\powershell.exe\",\"targetFilename\":\"C:\\\\\\\\Users\\\\\\\\Administrator\\\\\\\\AppData\\\\\\\\Local\\\\\\\\Temp\\\\\\\\__PSScriptPolicyTest_505wfqww.oce.ps1\",\"creationUtcTime\":\"2026-04-02 10:24:42.431\",\"user\":\"WS10\\\\\\\\Administrator\"}}}", "suspicious": true, "suspicious_reason": "group:sysmon, group:windows, keyword:powershell, keyword:sysmon, level>=5, mitre"}
{"timestamp": "2026-04-02T12:25:02.811+0000", "agent": "WS10", "agent_id": "005", "rule_id": "92213", "level": "15", "groups": "sysmon, sysmon_eid11_detections, windows", "decoder": "windows_eventchannel", "location": "EventChannel", "src_ip": "-", "mitre_ids": "T1105", "mitre_tactics": "Command and Control", "mitre_techniques": "Ingress Tool Transfer", "description": "Executable file dropped in folder commonly used by malware", "full_log": "{\"win\":{\"system\":{\"providerName\":\"Microsoft-Windows-Sysmon\",\"providerGuid\":\"{5770385f-c22a-43e0-bf4c-06f5698ffbd9}\",\"eventID\":\"11\",\"version\":\"2\",\"level\":\"4\",\"task\":\"11\",\"opcode\":\"0\",\"keywords\":\"0x8000000000000000\",\"systemTime\":\"2026-04-02T10:24:42.6085549Z\",\"eventRecordID\":\"519859\",\"processID\":\"7940\",\"threadID\":\"8064\",\"channel\":\"Microsoft-Windows-Sysmon/Operational\",\"computer\":\"WS10\",\"severityValue\":\"INFORMATION\",\"message\":\"\\\"File created:\\r\\nRuleName: -\\r\\nUtcTime: 2026-04-02 10:24:42.588\\r\\nProcessGuid: {d9a99926-43ea-69ce-4b10-000000000600}\\r\\nProcessId: 9800\\r\\nImage: C:\\\\Windows\\\\System32\\\\WindowsPowerShell\\\\v1.0\\\\powershell.exe\\r\\nTargetFilename: C:\\\\Users\\\\Administrator\\\\AppData\\\\Local\\\\Temp\\\\__PSScriptPolicyTest_gvxsozqj.pul.ps1\\r\\nCreationUtcTime: 2026-04-02 10:24:42.588\\r\\nUser: WS10\\\\Administrator\\\"\"},\"eventdata\":{\"utcTime\":\"2026-04-02 10:24:42.588\",\"processGuid\":\"{d9a99926-43ea-69ce-4b10-000000000600}\",\"processId\":\"9800\",\"image\":\"C:\\\\\\\\Windows\\\\\\\\System32\\\\\\\\WindowsPowerShell\\\\\\\\v1.0\\\\\\\\powershell.exe\",\"targetFilename\":\"C:\\\\\\\\Users\\\\\\\\Administrator\\\\\\\\AppData\\\\\\\\Local\\\\\\\\Temp\\\\\\\\__PSScriptPolicyTest_gvxsozqj.pul.ps1\",\"creationUtcTime\":\"2026-04-02 10:24:42.588\",\"user\":\"WS10\\\\\\\\Administrator\"}}}", "suspicious": true, "suspicious_reason": "group:sysmon, group:windows, keyword:powershell, keyword:sysmon, level>=5, mitre"}
