{"timestamp": "2026-04-02T15:25:50.312+0000", "agent": "WS10", "agent_id": "005", "rule_id": "92213", "level": "15", "groups": "sysmon, sysmon_eid11_detections, windows", "decoder": "windows_eventchannel", "location": "EventChannel", "src_ip": "-", "mitre_ids": "T1105", "mitre_tactics": "Command and Control", "mitre_techniques": "Ingress Tool Transfer", "description": "Executable file dropped in folder commonly used by malware", "full_log": "{\"win\":{\"system\":{\"providerName\":\"Microsoft-Windows-Sysmon\",\"providerGuid\":\"{5770385f-c22a-43e0-bf4c-06f5698ffbd9}\",\"eventID\":\"11\",\"version\":\"2\",\"level\":\"4\",\"task\":\"11\",\"opcode\":\"0\",\"keywords\":\"0x8000000000000000\",\"systemTime\":\"2026-03-31T07:12:13.0786216Z\",\"eventRecordID\":\"557982\",\"processID\":\"7940\",\"threadID\":\"8064\",\"channel\":\"Microsoft-Windows-Sysmon/Operational\",\"computer\":\"WS10\",\"severityValue\":\"INFORMATION\",\"message\":\"\\\"File created:\\r\\nRuleName: -\\r\\nUtcTime: 2026-03-31 07:12:13.064\\r\\nProcessGuid: {d9a99926-73cd-69cb-1a11-000000000600}\\r\\nProcessId: 2728\\r\\nImage: C:\\\\Windows\\\\System32\\\\WindowsPowerShell\\\\v1.0\\\\powershell.exe\\r\\nTargetFilename: C:\\\\Users\\\\Administrator\\\\AppData\\\\Local\\\\Temp\\\\__PSScriptPolicyTest_2yy2ekfu.vcm.ps1\\r\\nCreationUtcTime: 2026-03-31 07:12:13.064\\r\\nUser: WS10\\\\Administrator\\\"\"},\"eventdata\":{\"utcTime\":\"2026-03-31 07:12:13.064\",\"processGuid\":\"{d9a99926-73cd-69cb-1a11-000000000600}\",\"processId\":\"2728\",\"image\":\"C:\\\\\\\\Windows\\\\\\\\System32\\\\\\\\WindowsPowerShell\\\\\\\\v1.0\\\\\\\\powershell.exe\",\"targetFilename\":\"C:\\\\\\\\Users\\\\\\\\Administrator\\\\\\\\AppData\\\\\\\\Local\\\\\\\\Temp\\\\\\\\__PSScriptPolicyTest_2yy2ekfu.vcm.ps1\",\"creationUtcTime\":\"2026-03-31 07:12:13.064\",\"user\":\"WS10\\\\\\\\Administrator\"}}}", "suspicious": true, "suspicious_reason": "group:sysmon, group:windows, keyword:powershell, keyword:sysmon, level>=5, mitre"}
{"timestamp": "2026-04-02T15:28:03.017+0000", "agent": "wazuh-server", "agent_id": "000", "rule_id": "5502", "level": "3", "groups": "pam, syslog", "decoder": "pam", "location": "journald", "src_ip": "-", "mitre_ids": "-", "mitre_tactics": "-", "mitre_techniques": "-", "description": "PAM: Login session closed.", "full_log": "Apr 02 15:28:02 wazuh-server sudo[46140]: pam_unix(sudo:session): session closed for user root", "suspicious": false, "suspicious_reason": ""}
{"timestamp": "2026-04-02T15:28:03.017+0000", "agent": "wazuh-server", "agent_id": "000", "rule_id": "5502", "level": "3", "groups": "pam, syslog", "decoder": "pam", "location": "journald", "src_ip": "-", "mitre_ids": "-", "mitre_tactics": "-", "mitre_techniques": "-", "description": "PAM: Login session closed.", "full_log": "Apr 02 15:28:02 wazuh-server sshd[46135]: pam_unix(sshd:session): session closed for user root", "suspicious": false, "suspicious_reason": ""}
{"timestamp": "2026-04-02T15:29:00.647+0000", "agent": "wazuh-server", "agent_id": "000", "rule_id": "535", "level": "1", "groups": "ossec", "decoder": "ossec", "location": "last -n 20", "src_ip": "192.168.30.13", "mitre_ids": "-", "mitre_tactics": "-", "mitre_techniques": "-", "description": "List of the last logged in users.", "full_log": "ossec: output: 'last -n 20':\nroot     pts/0        192.168.30.13    Thu Apr  2 15:25 - 15:28  (00:02)\nroot     pts/0        192.168.30.13    Thu Apr  2 15:21 - 15:21  (00:00)\nroot     pts/0        192.168.30.13    Thu Apr  2 15:19 - 15:20  (00:00)\nroot     pts/0        192.168.30.13    Thu Apr  2 15:14 - 15:16  (00:02)\nroot     pts/0        192.168.30.13    Thu Apr  2 15:05 - 15:10  (00:04)\nroot     pts/0        192.168.30.13    Thu Apr  2 14:59 - 15:00  (00:01)\nroot     pts/0        192.168.30.14    Thu Apr  2 12:21 - 12:31  (00:09)\nroot     pts/0        192.168.30.14    Thu Apr  2 11:03 - 11:13  (00:10)\nroot     pts/0        192.168.30.14    Thu Apr  2 08:38 - 08:48  (00:09)\nroot     pts/0        192.168.30.14    Thu Apr  2 08:26 - 08:36  (00:10)\nroot     pts/0        192.168.30.14    Thu Apr  2 08:06 - 08:16  (00:10)\nroot     pts/0        192.168.30.14    Thu Apr  2 07:53 - 08:03  (00:09)\nroot     pts/0        192.168.30.14    Thu Apr  2 07:28 - 07:38  (00:09)\nroot     pts/0        192.168.30.14    Thu Apr  2 07:06 - 07:08  (00:02)\nroot     pts/0        192.168.30.14    Thu Apr  2 07:02 - 07:05  (00:03)\nroot     pts/0        192.168.30.14    Thu Apr  2 06:29 - 06:30  (00:00)\nroot     pts/0        192.168.30.14    Wed Apr  1 15:44 - 15:54  (00:10)\nroot     pts/0        192.168.30.14    Wed Apr  1 15:08 - 15:10  (00:02)\nroot     pts/0        192.168.30.14    Wed Apr  1 15:03 - 15:04  (00:01)\nroot     pts/3        192.168.30.18    Wed Apr  1 14:58 - 14:58  (00:00)\nwtmp begins Fri Mar 13 14:46:13 2026", "suspicious": true, "suspicious_reason": "srcip"}
{"timestamp": "2026-04-02T15:29:49.178+0000", "agent": "WS10", "agent_id": "005", "rule_id": "92217", "level": "6", "groups": "sysmon, sysmon_eid11_detections, windows", "decoder": "windows_eventchannel", "location": "EventChannel", "src_ip": "-", "mitre_ids": "T1570", "mitre_tactics": "Lateral Movement", "mitre_techniques": "Lateral Tool Transfer", "description": "Executable dropped in Windows root folder", "full_log": "{\"win\":{\"system\":{\"providerName\":\"Microsoft-Windows-Sysmon\",\"providerGuid\":\"{5770385f-c22a-43e0-bf4c-06f5698ffbd9}\",\"eventID\":\"11\",\"version\":\"2\",\"level\":\"4\",\"task\":\"11\",\"opcode\":\"0\",\"keywords\":\"0x8000000000000000\",\"systemTime\":\"2026-03-31T07:16:12.8492371Z\",\"eventRecordID\":\"558399\",\"processID\":\"7940\",\"threadID\":\"8064\",\"channel\":\"Microsoft-Windows-Sysmon/Operational\",\"computer\":\"WS10\",\"severityValue\":\"INFORMATION\",\"message\":\"\\\"File created:\\r\\nRuleName: DLL\\r\\nUtcTime: 2026-03-31 07:16:12.834\\r\\nProcessGuid: {d9a99926-74bc-69cb-2011-000000000600}\\r\\nProcessId: 8496\\r\\nImage: C:\\\\Windows\\\\System32\\\\mousocoreworker.exe\\r\\nTargetFilename: C:\\\\Windows\\\\SoftwareDistribution\\\\Download\\\\0e81198876b8eb725cd93d1816536732\\\\Metadata\\\\UpdateAgent.dll\\r\\nCreationUtcTime: 2025-11-05 16:00:44.000\\r\\nUser: NT AUTHORITY\\\\SYSTEM\\\"\"},\"eventdata\":{\"ruleName\":\"DLL\",\"utcTime\":\"2026-03-31 07:16:12.834\",\"processGuid\":\"{d9a99926-74bc-69cb-2011-000000000600}\",\"processId\":\"8496\",\"image\":\"C:\\\\\\\\Windows\\\\\\\\System32\\\\\\\\mousocoreworker.exe\",\"targetFilename\":\"C:\\\\\\\\Windows\\\\\\\\SoftwareDistribution\\\\\\\\Download\\\\\\\\0e81198876b8eb725cd93d1816536732\\\\\\\\Metadata\\\\\\\\UpdateAgent.dll\",\"creationUtcTime\":\"2025-11-05 16:00:44.000\",\"user\":\"NT AUTHORITY\\\\\\\\SYSTEM\"}}}", "suspicious": true, "suspicious_reason": "group:sysmon, group:windows, keyword:sysmon, level>=5, mitre"}
{"timestamp": "2026-04-02T15:29:49.194+0000", "agent": "WS10", "agent_id": "005", "rule_id": "92217", "level": "6", "groups": "sysmon, sysmon_eid11_detections, windows", "decoder": "windows_eventchannel", "location": "EventChannel", "src_ip": "-", "mitre_ids": "T1570", "mitre_tactics": "Lateral Movement", "mitre_techniques": "Lateral Tool Transfer", "description": "Executable dropped in Windows root folder", "full_log": "{\"win\":{\"system\":{\"providerName\":\"Microsoft-Windows-Sysmon\",\"providerGuid\":\"{5770385f-c22a-43e0-bf4c-06f5698ffbd9}\",\"eventID\":\"11\",\"version\":\"2\",\"level\":\"4\",\"task\":\"11\",\"opcode\":\"0\",\"keywords\":\"0x8000000000000000\",\"systemTime\":\"2026-03-31T07:16:12.8709510Z\",\"eventRecordID\":\"558400\",\"processID\":\"7940\",\"threadID\":\"8064\",\"channel\":\"Microsoft-Windows-Sysmon/Operational\",\"computer\":\"WS10\",\"severityValue\":\"INFORMATION\",\"message\":\"\\\"File created:\\r\\nRuleName: DLL\\r\\nUtcTime: 2026-03-31 07:16:12.865\\r\\nProcessGuid: {d9a99926-74bc-69cb-2011-000000000600}\\r\\nProcessId: 8496\\r\\nImage: C:\\\\Windows\\\\System32\\\\mousocoreworker.exe\\r\\nTargetFilename: C:\\\\Windows\\\\SoftwareDistribution\\\\Download\\\\0e81198876b8eb725cd93d1816536732\\\\Metadata\\\\dpx.dll\\r\\nCreationUtcTime: 2025-11-05 16:00:42.000\\r\\nUser: NT AUTHORITY\\\\SYSTEM\\\"\"},\"eventdata\":{\"ruleName\":\"DLL\",\"utcTime\":\"2026-03-31 07:16:12.865\",\"processGuid\":\"{d9a99926-74bc-69cb-2011-000000000600}\",\"processId\":\"8496\",\"image\":\"C:\\\\\\\\Windows\\\\\\\\System32\\\\\\\\mousocoreworker.exe\",\"targetFilename\":\"C:\\\\\\\\Windows\\\\\\\\SoftwareDistribution\\\\\\\\Download\\\\\\\\0e81198876b8eb725cd93d1816536732\\\\\\\\Metadata\\\\\\\\dpx.dll\",\"creationUtcTime\":\"2025-11-05 16:00:42.000\",\"user\":\"NT AUTHORITY\\\\\\\\SYSTEM\"}}}", "suspicious": true, "suspicious_reason": "group:sysmon, group:windows, keyword:sysmon, level>=5, mitre"}
{"timestamp": "2026-04-02T15:29:49.209+0000", "agent": "WS10", "agent_id": "005", "rule_id": "92217", "level": "6", "groups": "sysmon, sysmon_eid11_detections, windows", "decoder": "windows_eventchannel", "location": "EventChannel", "src_ip": "-", "mitre_ids": "T1570", "mitre_tactics": "Lateral Movement", "mitre_techniques": "Lateral Tool Transfer", "description": "Executable dropped in Windows root folder", "full_log": "{\"win\":{\"system\":{\"providerName\":\"Microsoft-Windows-Sysmon\",\"providerGuid\":\"{5770385f-c22a-43e0-bf4c-06f5698ffbd9}\",\"eventID\":\"11\",\"version\":\"2\",\"level\":\"4\",\"task\":\"11\",\"opcode\":\"0\",\"keywords\":\"0x8000000000000000\",\"systemTime\":\"2026-03-31T07:16:12.8794994Z\",\"eventRecordID\":\"558401\",\"processID\":\"7940\",\"threadID\":\"8064\",\"channel\":\"Microsoft-Windows-Sysmon/Operational\",\"computer\":\"WS10\",\"severityValue\":\"INFORMATION\",\"message\":\"\\\"File created:\\r\\nRuleName: DLL\\r\\nUtcTime: 2026-03-31 07:16:12.865\\r\\nProcessGuid: {d9a99926-74bc-69cb-2011-000000000600}\\r\\nProcessId: 8496\\r\\nImage: C:\\\\Windows\\\\System32\\\\mousocoreworker.exe\\r\\nTargetFilename: C:\\\\Windows\\\\SoftwareDistribution\\\\Download\\\\0e81198876b8eb725cd93d1816536732\\\\Metadata\\\\Mitigation.dll\\r\\nCreationUtcTime: 2025-11-05 16:00:42.000\\r\\nUser: NT AUTHORITY\\\\SYSTEM\\\"\"},\"eventdata\":{\"ruleName\":\"DLL\",\"utcTime\":\"2026-03-31 07:16:12.865\",\"processGuid\":\"{d9a99926-74bc-69cb-2011-000000000600}\",\"processId\":\"8496\",\"image\":\"C:\\\\\\\\Windows\\\\\\\\System32\\\\\\\\mousocoreworker.exe\",\"targetFilename\":\"C:\\\\\\\\Windows\\\\\\\\SoftwareDistribution\\\\\\\\Download\\\\\\\\0e81198876b8eb725cd93d1816536732\\\\\\\\Metadata\\\\\\\\Mitigation.dll\",\"creationUtcTime\":\"2025-11-05 16:00:42.000\",\"user\":\"NT AUTHORITY\\\\\\\\SYSTEM\"}}}", "suspicious": true, "suspicious_reason": "group:sysmon, group:windows, keyword:sysmon, level>=5, mitre"}
{"timestamp": "2026-04-02T15:29:49.240+0000", "agent": "WS10", "agent_id": "005", "rule_id": "92217", "level": "6", "groups": "sysmon, sysmon_eid11_detections, windows", "decoder": "windows_eventchannel", "location": "EventChannel", "src_ip": "-", "mitre_ids": "T1570", "mitre_tactics": "Lateral Movement", "mitre_techniques": "Lateral Tool Transfer", "description": "Executable dropped in Windows root folder", "full_log": "{\"win\":{\"system\":{\"providerName\":\"Microsoft-Windows-Sysmon\",\"providerGuid\":\"{5770385f-c22a-43e0-bf4c-06f5698ffbd9}\",\"eventID\":\"11\",\"version\":\"2\",\"level\":\"4\",\"task\":\"11\",\"opcode\":\"0\",\"keywords\":\"0x8000000000000000\",\"systemTime\":\"2026-03-31T07:16:12.8868116Z\",\"eventRecordID\":\"558403\",\"processID\":\"7940\",\"threadID\":\"8064\",\"channel\":\"Microsoft-Windows-Sysmon/Operational\",\"computer\":\"WS10\",\"severityValue\":\"INFORMATION\",\"message\":\"\\\"File created:\\r\\nRuleName: DLL\\r\\nUtcTime: 2026-03-31 07:16:12.881\\r\\nProcessGuid: {d9a99926-74bc-69cb-2011-000000000600}\\r\\nProcessId: 8496\\r\\nImage: C:\\\\Windows\\\\System32\\\\mousocoreworker.exe\\r\\nTargetFilename: C:\\\\Windows\\\\SoftwareDistribution\\\\Download\\\\0e81198876b8eb725cd93d1816536732\\\\Metadata\\\\wcp.dll\\r\\nCreationUtcTime: 2025-11-05 16:00:44.000\\r\\nUser: NT AUTHORITY\\\\SYSTEM\\\"\"},\"eventdata\":{\"ruleName\":\"DLL\",\"utcTime\":\"2026-03-31 07:16:12.881\",\"processGuid\":\"{d9a99926-74bc-69cb-2011-000000000600}\",\"processId\":\"8496\",\"image\":\"C:\\\\\\\\Windows\\\\\\\\System32\\\\\\\\mousocoreworker.exe\",\"targetFilename\":\"C:\\\\\\\\Windows\\\\\\\\SoftwareDistribution\\\\\\\\Download\\\\\\\\0e81198876b8eb725cd93d1816536732\\\\\\\\Metadata\\\\\\\\wcp.dll\",\"creationUtcTime\":\"2025-11-05 16:00:44.000\",\"user\":\"NT AUTHORITY\\\\\\\\SYSTEM\"}}}", "suspicious": true, "suspicious_reason": "group:sysmon, group:windows, keyword:sysmon, level>=5, mitre"}
{"timestamp": "2026-04-02T15:29:49.240+0000", "agent": "WS10", "agent_id": "005", "rule_id": "92217", "level": "6", "groups": "sysmon, sysmon_eid11_detections, windows", "decoder": "windows_eventchannel", "location": "EventChannel", "src_ip": "-", "mitre_ids": "T1570", "mitre_tactics": "Lateral Movement", "mitre_techniques": "Lateral Tool Transfer", "description": "Executable dropped in Windows root folder", "full_log": "{\"win\":{\"system\":{\"providerName\":\"Microsoft-Windows-Sysmon\",\"providerGuid\":\"{5770385f-c22a-43e0-bf4c-06f5698ffbd9}\",\"eventID\":\"11\",\"version\":\"2\",\"level\":\"4\",\"task\":\"11\",\"opcode\":\"0\",\"keywords\":\"0x8000000000000000\",\"systemTime\":\"2026-03-31T07:16:12.8805108Z\",\"eventRecordID\":\"558402\",\"processID\":\"7940\",\"threadID\":\"8064\",\"channel\":\"Microsoft-Windows-Sysmon/Operational\",\"computer\":\"WS10\",\"severityValue\":\"INFORMATION\",\"message\":\"\\\"File created:\\r\\nRuleName: DLL\\r\\nUtcTime: 2026-03-31 07:16:12.865\\r\\nProcessGuid: {d9a99926-74bc-69cb-2011-000000000600}\\r\\nProcessId: 8496\\r\\nImage: C:\\\\Windows\\\\System32\\\\mousocoreworker.exe\\r\\nTargetFilename: C:\\\\Windows\\\\SoftwareDistribution\\\\Download\\\\0e81198876b8eb725cd93d1816536732\\\\Metadata\\\\UAOneSettings.dll\\r\\nCreationUtcTime: 2025-11-05 16:00:42.000\\r\\nUser: NT AUTHORITY\\\\SYSTEM\\\"\"},\"eventdata\":{\"ruleName\":\"DLL\",\"utcTime\":\"2026-03-31 07:16:12.865\",\"processGuid\":\"{d9a99926-74bc-69cb-2011-000000000600}\",\"processId\":\"8496\",\"image\":\"C:\\\\\\\\Windows\\\\\\\\System32\\\\\\\\mousocoreworker.exe\",\"targetFilename\":\"C:\\\\\\\\Windows\\\\\\\\SoftwareDistribution\\\\\\\\Download\\\\\\\\0e81198876b8eb725cd93d1816536732\\\\\\\\Metadata\\\\\\\\UAOneSettings.dll\",\"creationUtcTime\":\"2025-11-05 16:00:42.000\",\"user\":\"NT AUTHORITY\\\\\\\\SYSTEM\"}}}", "suspicious": true, "suspicious_reason": "group:sysmon, group:windows, keyword:sysmon, level>=5, mitre"}
{"timestamp": "2026-04-02T15:29:49.256+0000", "agent": "WS10", "agent_id": "005", "rule_id": "92217", "level": "6", "groups": "sysmon, sysmon_eid11_detections, windows", "decoder": "windows_eventchannel", "location": "EventChannel", "src_ip": "-", "mitre_ids": "T1570", "mitre_tactics": "Lateral Movement", "mitre_techniques": "Lateral Tool Transfer", "description": "Executable dropped in Windows root folder", "full_log": "{\"win\":{\"system\":{\"providerName\":\"Microsoft-Windows-Sysmon\",\"providerGuid\":\"{5770385f-c22a-43e0-bf4c-06f5698ffbd9}\",\"eventID\":\"11\",\"version\":\"2\",\"level\":\"4\",\"task\":\"11\",\"opcode\":\"0\",\"keywords\":\"0x8000000000000000\",\"systemTime\":\"2026-03-31T07:16:12.9105056Z\",\"eventRecordID\":\"558404\",\"processID\":\"7940\",\"threadID\":\"8064\",\"channel\":\"Microsoft-Windows-Sysmon/Operational\",\"computer\":\"WS10\",\"severityValue\":\"INFORMATION\",\"message\":\"\\\"File created:\\r\\nRuleName: DLL\\r\\nUtcTime: 2026-03-31 07:16:12.896\\r\\nProcessGuid: {d9a99926-74bc-69cb-2011-000000000600}\\r\\nProcessId: 8496\\r\\nImage: C:\\\\Windows\\\\System32\\\\mousocoreworker.exe\\r\\nTargetFilename: C:\\\\Windows\\\\SoftwareDistribution\\\\Download\\\\0e81198876b8eb725cd93d1816536732\\\\Metadata\\\\TurboStack.dll\\r\\nCreationUtcTime: 2025-11-05 16:00:42.000\\r\\nUser: NT AUTHORITY\\\\SYSTEM\\\"\"},\"eventdata\":{\"ruleName\":\"DLL\",\"utcTime\":\"2026-03-31 07:16:12.896\",\"processGuid\":\"{d9a99926-74bc-69cb-2011-000000000600}\",\"processId\":\"8496\",\"image\":\"C:\\\\\\\\Windows\\\\\\\\System32\\\\\\\\mousocoreworker.exe\",\"targetFilename\":\"C:\\\\\\\\Windows\\\\\\\\SoftwareDistribution\\\\\\\\Download\\\\\\\\0e81198876b8eb725cd93d1816536732\\\\\\\\Metadata\\\\\\\\TurboStack.dll\",\"creationUtcTime\":\"2025-11-05 16:00:42.000\",\"user\":\"NT AUTHORITY\\\\\\\\SYSTEM\"}}}", "suspicious": true, "suspicious_reason": "group:sysmon, group:windows, keyword:sysmon, level>=5, mitre"}
{"timestamp": "2026-04-02T15:29:49.272+0000", "agent": "WS10", "agent_id": "005", "rule_id": "92217", "level": "6", "groups": "sysmon, sysmon_eid11_detections, windows", "decoder": "windows_eventchannel", "location": "EventChannel", "src_ip": "-", "mitre_ids": "T1570", "mitre_tactics": "Lateral Movement", "mitre_techniques": "Lateral Tool Transfer", "description": "Executable dropped in Windows root folder", "full_log": "{\"win\":{\"system\":{\"providerName\":\"Microsoft-Windows-Sysmon\",\"providerGuid\":\"{5770385f-c22a-43e0-bf4c-06f5698ffbd9}\",\"eventID\":\"11\",\"version\":\"2\",\"level\":\"4\",\"task\":\"11\",\"opcode\":\"0\",\"keywords\":\"0x8000000000000000\",\"systemTime\":\"2026-03-31T07:16:12.9171615Z\",\"eventRecordID\":\"558405\",\"processID\":\"7940\",\"threadID\":\"8064\",\"channel\":\"Microsoft-Windows-Sysmon/Operational\",\"computer\":\"WS10\",\"severityValue\":\"INFORMATION\",\"message\":\"\\\"File created:\\r\\nRuleName: DLL\\r\\nUtcTime: 2026-03-31 07:16:12.912\\r\\nProcessGuid: {d9a99926-74bc-69cb-2011-000000000600}\\r\\nProcessId: 8496\\r\\nImage: C:\\\\Windows\\\\System32\\\\mousocoreworker.exe\\r\\nTargetFilename: C:\\\\Windows\\\\SoftwareDistribution\\\\Download\\\\0e81198876b8eb725cd93d1816536732\\\\Metadata\\\\ReserveManager.dll\\r\\nCreationUtcTime: 2025-11-05 16:00:42.000\\r\\nUser: NT AUTHORITY\\\\SYSTEM\\\"\"},\"eventdata\":{\"ruleName\":\"DLL\",\"utcTime\":\"2026-03-31 07:16:12.912\",\"processGuid\":\"{d9a99926-74bc-69cb-2011-000000000600}\",\"processId\":\"8496\",\"image\":\"C:\\\\\\\\Windows\\\\\\\\System32\\\\\\\\mousocoreworker.exe\",\"targetFilename\":\"C:\\\\\\\\Windows\\\\\\\\SoftwareDistribution\\\\\\\\Download\\\\\\\\0e81198876b8eb725cd93d1816536732\\\\\\\\Metadata\\\\\\\\ReserveManager.dll\",\"creationUtcTime\":\"2025-11-05 16:00:42.000\",\"user\":\"NT AUTHORITY\\\\\\\\SYSTEM\"}}}", "suspicious": true, "suspicious_reason": "group:sysmon, group:windows, keyword:sysmon, level>=5, mitre"}
{"timestamp": "2026-04-02T15:29:49.303+0000", "agent": "WS10", "agent_id": "005", "rule_id": "92217", "level": "6", "groups": "sysmon, sysmon_eid11_detections, windows", "decoder": "windows_eventchannel", "location": "EventChannel", "src_ip": "-", "mitre_ids": "T1570", "mitre_tactics": "Lateral Movement", "mitre_techniques": "Lateral Tool Transfer", "description": "Executable dropped in Windows root folder", "full_log": "{\"win\":{\"system\":{\"providerName\":\"Microsoft-Windows-Sysmon\",\"providerGuid\":\"{5770385f-c22a-43e0-bf4c-06f5698ffbd9}\",\"eventID\":\"11\",\"version\":\"2\",\"level\":\"4\",\"task\":\"11\",\"opcode\":\"0\",\"keywords\":\"0x8000000000000000\",\"systemTime\":\"2026-03-31T07:16:12.9257507Z\",\"eventRecordID\":\"558407\",\"processID\":\"7940\",\"threadID\":\"8064\",\"channel\":\"Microsoft-Windows-Sysmon/Operational\",\"computer\":\"WS10\",\"severityValue\":\"INFORMATION\",\"message\":\"\\\"File created:\\r\\nRuleName: DLL\\r\\nUtcTime: 2026-03-31 07:16:12.912\\r\\nProcessGuid: {d9a99926-74bc-69cb-2011-000000000600}\\r\\nProcessId: 8496\\r\\nImage: C:\\\\Windows\\\\System32\\\\mousocoreworker.exe\\r\\nTargetFilename: C:\\\\Windows\\\\SoftwareDistribution\\\\Download\\\\0e81198876b8eb725cd93d1816536732\\\\Metadata\\\\fvereseal.dll\\r\\nCreationUtcTime: 2025-11-05 16:00:44.000\\r\\nUser: NT AUTHORITY\\\\SYSTEM\\\"\"},\"eventdata\":{\"ruleName\":\"DLL\",\"utcTime\":\"2026-03-31 07:16:12.912\",\"processGuid\":\"{d9a99926-74bc-69cb-2011-000000000600}\",\"processId\":\"8496\",\"image\":\"C:\\\\\\\\Windows\\\\\\\\System32\\\\\\\\mousocoreworker.exe\",\"targetFilename\":\"C:\\\\\\\\Windows\\\\\\\\SoftwareDistribution\\\\\\\\Download\\\\\\\\0e81198876b8eb725cd93d1816536732\\\\\\\\Metadata\\\\\\\\fvereseal.dll\",\"creationUtcTime\":\"2025-11-05 16:00:44.000\",\"user\":\"NT AUTHORITY\\\\\\\\SYSTEM\"}}}", "suspicious": true, "suspicious_reason": "group:sysmon, group:windows, keyword:sysmon, level>=5, mitre"}
{"timestamp": "2026-04-02T15:29:49.303+0000", "agent": "WS10", "agent_id": "005", "rule_id": "92217", "level": "6", "groups": "sysmon, sysmon_eid11_detections, windows", "decoder": "windows_eventchannel", "location": "EventChannel", "src_ip": "-", "mitre_ids": "T1570", "mitre_tactics": "Lateral Movement", "mitre_techniques": "Lateral Tool Transfer", "description": "Executable dropped in Windows root folder", "full_log": "{\"win\":{\"system\":{\"providerName\":\"Microsoft-Windows-Sysmon\",\"providerGuid\":\"{5770385f-c22a-43e0-bf4c-06f5698ffbd9}\",\"eventID\":\"11\",\"version\":\"2\",\"level\":\"4\",\"task\":\"11\",\"opcode\":\"0\",\"keywords\":\"0x8000000000000000\",\"systemTime\":\"2026-03-31T07:16:12.9209656Z\",\"eventRecordID\":\"558406\",\"processID\":\"7940\",\"threadID\":\"8064\",\"channel\":\"Microsoft-Windows-Sysmon/Operational\",\"computer\":\"WS10\",\"severityValue\":\"INFORMATION\",\"message\":\"\\\"File created:\\r\\nRuleName: DLL\\r\\nUtcTime: 2026-03-31 07:16:12.912\\r\\nProcessGuid: {d9a99926-74bc-69cb-2011-000000000600}\\r\\nProcessId: 8496\\r\\nImage: C:\\\\Windows\\\\System32\\\\mousocoreworker.exe\\r\\nTargetFilename: C:\\\\Windows\\\\SoftwareDistribution\\\\Download\\\\0e81198876b8eb725cd93d1816536732\\\\Metadata\\\\WinREAgent.dll\\r\\nCreationUtcTime: 2025-11-05 16:00:42.000\\r\\nUser: NT AUTHORITY\\\\SYSTEM\\\"\"},\"eventdata\":{\"ruleName\":\"DLL\",\"utcTime\":\"2026-03-31 07:16:12.912\",\"processGuid\":\"{d9a99926-74bc-69cb-2011-000000000600}\",\"processId\":\"8496\",\"image\":\"C:\\\\\\\\Windows\\\\\\\\System32\\\\\\\\mousocoreworker.exe\",\"targetFilename\":\"C:\\\\\\\\Windows\\\\\\\\SoftwareDistribution\\\\\\\\Download\\\\\\\\0e81198876b8eb725cd93d1816536732\\\\\\\\Metadata\\\\\\\\WinREAgent.dll\",\"creationUtcTime\":\"2025-11-05 16:00:42.000\",\"user\":\"NT AUTHORITY\\\\\\\\SYSTEM\"}}}", "suspicious": true, "suspicious_reason": "group:sysmon, group:windows, keyword:sysmon, level>=5, mitre"}
{"timestamp": "2026-04-02T15:29:51.476+0000", "agent": "WS10", "agent_id": "005", "rule_id": "202", "level": "7", "groups": "wazuh, agent_flooding", "decoder": "wazuh", "location": "wazuh-agent", "src_ip": "-", "mitre_ids": "-", "mitre_tactics": "-", "mitre_techniques": "-", "description": "Agent event queue is 90% full.", "full_log": "wazuh: Agent buffer: '90%'.", "suspicious": true, "suspicious_reason": "level>=5"}
{"timestamp": "2026-04-02T15:29:52.538+0000", "agent": "WS10", "agent_id": "005", "rule_id": "203", "level": "9", "groups": "wazuh, agent_flooding", "decoder": "wazuh", "location": "wazuh-agent", "src_ip": "-", "mitre_ids": "-", "mitre_tactics": "-", "mitre_techniques": "-", "description": "Agent event queue is full. Events may be lost.", "full_log": "wazuh: Agent buffer: 'full'.", "suspicious": true, "suspicious_reason": "level>=5"}
{"timestamp": "2026-04-02T15:30:21.783+0000", "agent": "WS10", "agent_id": "005", "rule_id": "205", "level": "3", "groups": "wazuh, agent_flooding", "decoder": "wazuh", "location": "wazuh-agent", "src_ip": "-", "mitre_ids": "-", "mitre_tactics": "-", "mitre_techniques": "-", "description": "Agent event queue is back to normal load.", "full_log": "wazuh: Agent buffer: 'normal'.", "suspicious": false, "suspicious_reason": ""}
{"timestamp": "2026-04-02T15:31:21.737+0000", "agent": "WS10", "agent_id": "005", "rule_id": "60642", "level": "3", "groups": "windows, windows_application", "decoder": "windows_eventchannel", "location": "EventChannel", "src_ip": "-", "mitre_ids": "-", "mitre_tactics": "-", "mitre_techniques": "-", "description": "Software protection service scheduled successfully.", "full_log": "{\"win\":{\"system\":{\"providerName\":\"Microsoft-Windows-Security-SPP\",\"providerGuid\":\"{E23B33B0-C8C9-472C-A5F9-F2BDFEA0F156}\",\"eventSourceName\":\"Software Protection Platform Service\",\"eventID\":\"16384\",\"version\":\"0\",\"level\":\"4\",\"task\":\"0\",\"opcode\":\"0\",\"keywords\":\"0x80000000000000\",\"systemTime\":\"2026-03-31T07:16:49.3606883Z\",\"eventRecordID\":\"2230\",\"processID\":\"0\",\"threadID\":\"0\",\"channel\":\"Application\",\"computer\":\"WS10\",\"severityValue\":\"INFORMATION\",\"message\":\"\\\"Pianificazione del riavvio del servizio di protezione software per le ore 2026-04-03T06:56:49Z completata. Motivo: RulesEngine.\\\"\"},\"eventdata\":{\"data\":\"2026-04-03T06:56:49Z, RulesEngine\"}}}", "suspicious": true, "suspicious_reason": "group:windows"}
{"timestamp": "2026-04-02T15:35:04.398+0000", "agent": "WS10", "agent_id": "005", "rule_id": "504", "level": "3", "groups": "ossec", "decoder": "ossec", "location": "wazuh-monitord", "src_ip": "-", "mitre_ids": "T1562.001", "mitre_tactics": "Defense Evasion", "mitre_techniques": "Disable or Modify Tools", "description": "Wazuh agent disconnected.", "full_log": "ossec: Agent disconnected: 'WS10-any'.", "suspicious": true, "suspicious_reason": "mitre"}
{"timestamp": "2026-04-02T15:55:47.692+0000", "agent": "WS10", "agent_id": "005", "rule_id": "202", "level": "7", "groups": "wazuh, agent_flooding", "decoder": "wazuh", "location": "wazuh-agent", "src_ip": "-", "mitre_ids": "-", "mitre_tactics": "-", "mitre_techniques": "-", "description": "Agent event queue is 90% full.", "full_log": "wazuh: Agent buffer: '90%'.", "suspicious": true, "suspicious_reason": "level>=5"}
{"timestamp": "2026-04-02T15:55:47.928+0000", "agent": "WS10", "agent_id": "005", "rule_id": "203", "level": "9", "groups": "wazuh, agent_flooding", "decoder": "wazuh", "location": "wazuh-agent", "src_ip": "-", "mitre_ids": "-", "mitre_tactics": "-", "mitre_techniques": "-", "description": "Agent event queue is full. Events may be lost.", "full_log": "wazuh: Agent buffer: 'full'.", "suspicious": true, "suspicious_reason": "level>=5"}
