{"timestamp": "2026-04-02T12:27:51.172+0000", "agent": "WS10", "agent_id": "005", "rule_id": "92213", "level": "15", "groups": "sysmon, sysmon_eid11_detections, windows", "decoder": "windows_eventchannel", "location": "EventChannel", "src_ip": "-", "mitre_ids": "T1105", "mitre_tactics": "Command and Control", "mitre_techniques": "Ingress Tool Transfer", "description": "Executable file dropped in folder commonly used by malware", "full_log": "{\"win\":{\"system\":{\"providerName\":\"Microsoft-Windows-Sysmon\",\"providerGuid\":\"{5770385f-c22a-43e0-bf4c-06f5698ffbd9}\",\"eventID\":\"11\",\"version\":\"2\",\"level\":\"4\",\"task\":\"11\",\"opcode\":\"0\",\"keywords\":\"0x8000000000000000\",\"systemTime\":\"2026-04-02T10:27:44.6309887Z\",\"eventRecordID\":\"525614\",\"processID\":\"7940\",\"threadID\":\"8064\",\"channel\":\"Microsoft-Windows-Sysmon/Operational\",\"computer\":\"WS10\",\"severityValue\":\"INFORMATION\",\"message\":\"\\\"File created:\\r\\nRuleName: -\\r\\nUtcTime: 2026-04-02 10:27:44.613\\r\\nProcessGuid: {d9a99926-44a0-69ce-7b10-000000000600}\\r\\nProcessId: 7972\\r\\nImage: C:\\\\Windows\\\\System32\\\\WindowsPowerShell\\\\v1.0\\\\powershell.exe\\r\\nTargetFilename: C:\\\\Users\\\\Administrator\\\\AppData\\\\Local\\\\Temp\\\\__PSScriptPolicyTest_pxsr4f3z.hhu.ps1\\r\\nCreationUtcTime: 2026-04-02 10:27:44.613\\r\\nUser: WS10\\\\Administrator\\\"\"},\"eventdata\":{\"utcTime\":\"2026-04-02 10:27:44.613\",\"processGuid\":\"{d9a99926-44a0-69ce-7b10-000000000600}\",\"processId\":\"7972\",\"image\":\"C:\\\\\\\\Windows\\\\\\\\System32\\\\\\\\WindowsPowerShell\\\\\\\\v1.0\\\\\\\\powershell.exe\",\"targetFilename\":\"C:\\\\\\\\Users\\\\\\\\Administrator\\\\\\\\AppData\\\\\\\\Local\\\\\\\\Temp\\\\\\\\__PSScriptPolicyTest_pxsr4f3z.hhu.ps1\",\"creationUtcTime\":\"2026-04-02 10:27:44.613\",\"user\":\"WS10\\\\\\\\Administrator\"}}}", "suspicious": true, "suspicious_reason": "group:sysmon, group:windows, keyword:powershell, keyword:sysmon, level>=5, mitre"}
{"timestamp": "2026-04-02T12:27:53.842+0000", "agent": "WS10", "agent_id": "005", "rule_id": "92213", "level": "15", "groups": "sysmon, sysmon_eid11_detections, windows", "decoder": "windows_eventchannel", "location": "EventChannel", "src_ip": "-", "mitre_ids": "T1105", "mitre_tactics": "Command and Control", "mitre_techniques": "Ingress Tool Transfer", "description": "Executable file dropped in folder commonly used by malware", "full_log": "{\"win\":{\"system\":{\"providerName\":\"Microsoft-Windows-Sysmon\",\"providerGuid\":\"{5770385f-c22a-43e0-bf4c-06f5698ffbd9}\",\"eventID\":\"11\",\"version\":\"2\",\"level\":\"4\",\"task\":\"11\",\"opcode\":\"0\",\"keywords\":\"0x8000000000000000\",\"systemTime\":\"2026-04-02T10:27:46.6439161Z\",\"eventRecordID\":\"525775\",\"processID\":\"7940\",\"threadID\":\"8064\",\"channel\":\"Microsoft-Windows-Sysmon/Operational\",\"computer\":\"WS10\",\"severityValue\":\"INFORMATION\",\"message\":\"\\\"File created:\\r\\nRuleName: -\\r\\nUtcTime: 2026-04-02 10:27:46.640\\r\\nProcessGuid: {d9a99926-44a2-69ce-7d10-000000000600}\\r\\nProcessId: 6732\\r\\nImage: C:\\\\Windows\\\\System32\\\\WindowsPowerShell\\\\v1.0\\\\powershell.exe\\r\\nTargetFilename: C:\\\\Users\\\\Administrator\\\\AppData\\\\Local\\\\Temp\\\\__PSScriptPolicyTest_5fvdixqf.mmf.ps1\\r\\nCreationUtcTime: 2026-04-02 10:27:46.640\\r\\nUser: WS10\\\\Administrator\\\"\"},\"eventdata\":{\"utcTime\":\"2026-04-02 10:27:46.640\",\"processGuid\":\"{d9a99926-44a2-69ce-7d10-000000000600}\",\"processId\":\"6732\",\"image\":\"C:\\\\\\\\Windows\\\\\\\\System32\\\\\\\\WindowsPowerShell\\\\\\\\v1.0\\\\\\\\powershell.exe\",\"targetFilename\":\"C:\\\\\\\\Users\\\\\\\\Administrator\\\\\\\\AppData\\\\\\\\Local\\\\\\\\Temp\\\\\\\\__PSScriptPolicyTest_5fvdixqf.mmf.ps1\",\"creationUtcTime\":\"2026-04-02 10:27:46.640\",\"user\":\"WS10\\\\\\\\Administrator\"}}}", "suspicious": true, "suspicious_reason": "group:sysmon, group:windows, keyword:powershell, keyword:sysmon, level>=5, mitre"}
{"timestamp": "2026-04-02T12:27:55.088+0000", "agent": "WS10", "agent_id": "005", "rule_id": "92213", "level": "15", "groups": "sysmon, sysmon_eid11_detections, windows", "decoder": "windows_eventchannel", "location": "EventChannel", "src_ip": "-", "mitre_ids": "T1105", "mitre_tactics": "Command and Control", "mitre_techniques": "Ingress Tool Transfer", "description": "Executable file dropped in folder commonly used by malware", "full_log": "{\"win\":{\"system\":{\"providerName\":\"Microsoft-Windows-Sysmon\",\"providerGuid\":\"{5770385f-c22a-43e0-bf4c-06f5698ffbd9}\",\"eventID\":\"11\",\"version\":\"2\",\"level\":\"4\",\"task\":\"11\",\"opcode\":\"0\",\"keywords\":\"0x8000000000000000\",\"systemTime\":\"2026-04-02T10:27:46.7933587Z\",\"eventRecordID\":\"525846\",\"processID\":\"7940\",\"threadID\":\"8064\",\"channel\":\"Microsoft-Windows-Sysmon/Operational\",\"computer\":\"WS10\",\"severityValue\":\"INFORMATION\",\"message\":\"\\\"File created:\\r\\nRuleName: -\\r\\nUtcTime: 2026-04-02 10:27:46.765\\r\\nProcessGuid: {d9a99926-44a2-69ce-7e10-000000000600}\\r\\nProcessId: 6652\\r\\nImage: C:\\\\Windows\\\\System32\\\\WindowsPowerShell\\\\v1.0\\\\powershell.exe\\r\\nTargetFilename: C:\\\\Users\\\\Administrator\\\\AppData\\\\Local\\\\Temp\\\\__PSScriptPolicyTest_4dkvxx3m.omt.ps1\\r\\nCreationUtcTime: 2026-04-02 10:27:46.765\\r\\nUser: WS10\\\\Administrator\\\"\"},\"eventdata\":{\"utcTime\":\"2026-04-02 10:27:46.765\",\"processGuid\":\"{d9a99926-44a2-69ce-7e10-000000000600}\",\"processId\":\"6652\",\"image\":\"C:\\\\\\\\Windows\\\\\\\\System32\\\\\\\\WindowsPowerShell\\\\\\\\v1.0\\\\\\\\powershell.exe\",\"targetFilename\":\"C:\\\\\\\\Users\\\\\\\\Administrator\\\\\\\\AppData\\\\\\\\Local\\\\\\\\Temp\\\\\\\\__PSScriptPolicyTest_4dkvxx3m.omt.ps1\",\"creationUtcTime\":\"2026-04-02 10:27:46.765\",\"user\":\"WS10\\\\\\\\Administrator\"}}}", "suspicious": true, "suspicious_reason": "group:sysmon, group:windows, keyword:powershell, keyword:sysmon, level>=5, mitre"}
{"timestamp": "2026-04-02T12:27:59.453+0000", "agent": "WS10", "agent_id": "005", "rule_id": "92213", "level": "15", "groups": "sysmon, sysmon_eid11_detections, windows", "decoder": "windows_eventchannel", "location": "EventChannel", "src_ip": "-", "mitre_ids": "T1105", "mitre_tactics": "Command and Control", "mitre_techniques": "Ingress Tool Transfer", "description": "Executable file dropped in folder commonly used by malware", "full_log": "{\"win\":{\"system\":{\"providerName\":\"Microsoft-Windows-Sysmon\",\"providerGuid\":\"{5770385f-c22a-43e0-bf4c-06f5698ffbd9}\",\"eventID\":\"11\",\"version\":\"2\",\"level\":\"4\",\"task\":\"11\",\"opcode\":\"0\",\"keywords\":\"0x8000000000000000\",\"systemTime\":\"2026-04-02T10:27:47.1645767Z\",\"eventRecordID\":\"526106\",\"processID\":\"7940\",\"threadID\":\"8064\",\"channel\":\"Microsoft-Windows-Sysmon/Operational\",\"computer\":\"WS10\",\"severityValue\":\"INFORMATION\",\"message\":\"\\\"File created:\\r\\nRuleName: -\\r\\nUtcTime: 2026-04-02 10:27:47.137\\r\\nProcessGuid: {d9a99926-44a2-69ce-7f10-000000000600}\\r\\nProcessId: 9372\\r\\nImage: C:\\\\Windows\\\\System32\\\\WindowsPowerShell\\\\v1.0\\\\powershell.exe\\r\\nTargetFilename: C:\\\\Users\\\\Administrator\\\\AppData\\\\Local\\\\Temp\\\\__PSScriptPolicyTest_psebieye.u20.ps1\\r\\nCreationUtcTime: 2026-04-02 10:27:47.137\\r\\nUser: WS10\\\\Administrator\\\"\"},\"eventdata\":{\"utcTime\":\"2026-04-02 10:27:47.137\",\"processGuid\":\"{d9a99926-44a2-69ce-7f10-000000000600}\",\"processId\":\"9372\",\"image\":\"C:\\\\\\\\Windows\\\\\\\\System32\\\\\\\\WindowsPowerShell\\\\\\\\v1.0\\\\\\\\powershell.exe\",\"targetFilename\":\"C:\\\\\\\\Users\\\\\\\\Administrator\\\\\\\\AppData\\\\\\\\Local\\\\\\\\Temp\\\\\\\\__PSScriptPolicyTest_psebieye.u20.ps1\",\"creationUtcTime\":\"2026-04-02 10:27:47.137\",\"user\":\"WS10\\\\\\\\Administrator\"}}}", "suspicious": true, "suspicious_reason": "group:sysmon, group:windows, keyword:powershell, keyword:sysmon, level>=5, mitre"}
{"timestamp": "2026-04-02T12:27:59.911+0000", "agent": "WS10", "agent_id": "005", "rule_id": "92200", "level": "6", "groups": "sysmon, sysmon_eid11_detections, windows", "decoder": "windows_eventchannel", "location": "EventChannel", "src_ip": "-", "mitre_ids": "T1059, T1105", "mitre_tactics": "Execution, Command and Control", "mitre_techniques": "Command and Scripting Interpreter, Ingress Tool Transfer", "description": "Scripting file created under Windows Temp or User folder", "full_log": "{\"win\":{\"system\":{\"providerName\":\"Microsoft-Windows-Sysmon\",\"providerGuid\":\"{5770385f-c22a-43e0-bf4c-06f5698ffbd9}\",\"eventID\":\"11\",\"version\":\"2\",\"level\":\"4\",\"task\":\"11\",\"opcode\":\"0\",\"keywords\":\"0x8000000000000000\",\"systemTime\":\"2026-04-02T10:27:50.0381405Z\",\"eventRecordID\":\"526133\",\"processID\":\"7940\",\"threadID\":\"8064\",\"channel\":\"Microsoft-Windows-Sysmon/Operational\",\"computer\":\"WS10\",\"severityValue\":\"INFORMATION\",\"message\":\"\\\"File created:\\r\\nRuleName: Downloads\\r\\nUtcTime: 2026-04-02 10:27:50.037\\r\\nProcessGuid: {d9a99926-4131-69ce-1e10-000000000600}\\r\\nProcessId: 9708\\r\\nImage: C:\\\\Users\\\\Public\\\\splunkd.exe\\r\\nTargetFilename: C:\\\\Users\\\\Administrator\\\\Downloads\\\\Emulate-Administrator-Tasks.ps1\\r\\nCreationUtcTime: 2026-04-02 10:27:50.037\\r\\nUser: WS10\\\\Administrator\\\"\"},\"eventdata\":{\"ruleName\":\"Downloads\",\"utcTime\":\"2026-04-02 10:27:50.037\",\"processGuid\":\"{d9a99926-4131-69ce-1e10-000000000600}\",\"processId\":\"9708\",\"image\":\"C:\\\\\\\\Users\\\\\\\\Public\\\\\\\\splunkd.exe\",\"targetFilename\":\"C:\\\\\\\\Users\\\\\\\\Administrator\\\\\\\\Downloads\\\\\\\\Emulate-Administrator-Tasks.ps1\",\"creationUtcTime\":\"2026-04-02 10:27:50.037\",\"user\":\"WS10\\\\\\\\Administrator\"}}}", "suspicious": true, "suspicious_reason": "group:sysmon, group:windows, keyword:sysmon, keyword:t1059, level>=5, mitre"}
{"timestamp": "2026-04-02T12:28:01.928+0000", "agent": "WS10", "agent_id": "005", "rule_id": "92213", "level": "15", "groups": "sysmon, sysmon_eid11_detections, windows", "decoder": "windows_eventchannel", "location": "EventChannel", "src_ip": "-", "mitre_ids": "T1105", "mitre_tactics": "Command and Control", "mitre_techniques": "Ingress Tool Transfer", "description": "Executable file dropped in folder commonly used by malware", "full_log": "{\"win\":{\"system\":{\"providerName\":\"Microsoft-Windows-Sysmon\",\"providerGuid\":\"{5770385f-c22a-43e0-bf4c-06f5698ffbd9}\",\"eventID\":\"11\",\"version\":\"2\",\"level\":\"4\",\"task\":\"11\",\"opcode\":\"0\",\"keywords\":\"0x8000000000000000\",\"systemTime\":\"2026-04-02T10:27:50.1036976Z\",\"eventRecordID\":\"526258\",\"processID\":\"7940\",\"threadID\":\"8064\",\"channel\":\"Microsoft-Windows-Sysmon/Operational\",\"computer\":\"WS10\",\"severityValue\":\"INFORMATION\",\"message\":\"\\\"File created:\\r\\nRuleName: -\\r\\nUtcTime: 2026-04-02 10:27:50.086\\r\\nProcessGuid: {d9a99926-44a6-69ce-8110-000000000600}\\r\\nProcessId: 9160\\r\\nImage: C:\\\\Windows\\\\System32\\\\WindowsPowerShell\\\\v1.0\\\\powershell.exe\\r\\nTargetFilename: C:\\\\Users\\\\Administrator\\\\AppData\\\\Local\\\\Temp\\\\__PSScriptPolicyTest_itczxpws.0vx.ps1\\r\\nCreationUtcTime: 2026-04-02 10:27:50.086\\r\\nUser: WS10\\\\Administrator\\\"\"},\"eventdata\":{\"utcTime\":\"2026-04-02 10:27:50.086\",\"processGuid\":\"{d9a99926-44a6-69ce-8110-000000000600}\",\"processId\":\"9160\",\"image\":\"C:\\\\\\\\Windows\\\\\\\\System32\\\\\\\\WindowsPowerShell\\\\\\\\v1.0\\\\\\\\powershell.exe\",\"targetFilename\":\"C:\\\\\\\\Users\\\\\\\\Administrator\\\\\\\\AppData\\\\\\\\Local\\\\\\\\Temp\\\\\\\\__PSScriptPolicyTest_itczxpws.0vx.ps1\",\"creationUtcTime\":\"2026-04-02 10:27:50.086\",\"user\":\"WS10\\\\\\\\Administrator\"}}}", "suspicious": true, "suspicious_reason": "group:sysmon, group:windows, keyword:powershell, keyword:sysmon, level>=5, mitre"}
{"timestamp": "2026-04-02T12:28:05.081+0000", "agent": "WS10", "agent_id": "005", "rule_id": "92213", "level": "15", "groups": "sysmon, sysmon_eid11_detections, windows", "decoder": "windows_eventchannel", "location": "EventChannel", "src_ip": "-", "mitre_ids": "T1105", "mitre_tactics": "Command and Control", "mitre_techniques": "Ingress Tool Transfer", "description": "Executable file dropped in folder commonly used by malware", "full_log": "{\"win\":{\"system\":{\"providerName\":\"Microsoft-Windows-Sysmon\",\"providerGuid\":\"{5770385f-c22a-43e0-bf4c-06f5698ffbd9}\",\"eventID\":\"11\",\"version\":\"2\",\"level\":\"4\",\"task\":\"11\",\"opcode\":\"0\",\"keywords\":\"0x8000000000000000\",\"systemTime\":\"2026-04-02T10:27:50.4134767Z\",\"eventRecordID\":\"526443\",\"processID\":\"7940\",\"threadID\":\"8064\",\"channel\":\"Microsoft-Windows-Sysmon/Operational\",\"computer\":\"WS10\",\"severityValue\":\"INFORMATION\",\"message\":\"\\\"File created:\\r\\nRuleName: -\\r\\nUtcTime: 2026-04-02 10:27:50.407\\r\\nProcessGuid: {d9a99926-44a6-69ce-8210-000000000600}\\r\\nProcessId: 7524\\r\\nImage: C:\\\\Windows\\\\System32\\\\WindowsPowerShell\\\\v1.0\\\\powershell.exe\\r\\nTargetFilename: C:\\\\Users\\\\Administrator\\\\AppData\\\\Local\\\\Temp\\\\__PSScriptPolicyTest_nrnwvtkx.duj.ps1\\r\\nCreationUtcTime: 2026-04-02 10:27:50.407\\r\\nUser: WS10\\\\Administrator\\\"\"},\"eventdata\":{\"utcTime\":\"2026-04-02 10:27:50.407\",\"processGuid\":\"{d9a99926-44a6-69ce-8210-000000000600}\",\"processId\":\"7524\",\"image\":\"C:\\\\\\\\Windows\\\\\\\\System32\\\\\\\\WindowsPowerShell\\\\\\\\v1.0\\\\\\\\powershell.exe\",\"targetFilename\":\"C:\\\\\\\\Users\\\\\\\\Administrator\\\\\\\\AppData\\\\\\\\Local\\\\\\\\Temp\\\\\\\\__PSScriptPolicyTest_nrnwvtkx.duj.ps1\",\"creationUtcTime\":\"2026-04-02 10:27:50.407\",\"user\":\"WS10\\\\\\\\Administrator\"}}}", "suspicious": true, "suspicious_reason": "group:sysmon, group:windows, keyword:powershell, keyword:sysmon, level>=5, mitre"}
{"timestamp": "2026-04-02T12:28:35.251+0000", "agent": "WS10", "agent_id": "005", "rule_id": "92213", "level": "15", "groups": "sysmon, sysmon_eid11_detections, windows", "decoder": "windows_eventchannel", "location": "EventChannel", "src_ip": "-", "mitre_ids": "T1105", "mitre_tactics": "Command and Control", "mitre_techniques": "Ingress Tool Transfer", "description": "Executable file dropped in folder commonly used by malware", "full_log": "{\"win\":{\"system\":{\"providerName\":\"Microsoft-Windows-Sysmon\",\"providerGuid\":\"{5770385f-c22a-43e0-bf4c-06f5698ffbd9}\",\"eventID\":\"11\",\"version\":\"2\",\"level\":\"4\",\"task\":\"11\",\"opcode\":\"0\",\"keywords\":\"0x8000000000000000\",\"systemTime\":\"2026-04-02T10:28:28.6657220Z\",\"eventRecordID\":\"526642\",\"processID\":\"7940\",\"threadID\":\"8064\",\"channel\":\"Microsoft-Windows-Sysmon/Operational\",\"computer\":\"WS10\",\"severityValue\":\"INFORMATION\",\"message\":\"\\\"File created:\\r\\nRuleName: -\\r\\nUtcTime: 2026-04-02 10:28:28.650\\r\\nProcessGuid: {d9a99926-44cc-69ce-8410-000000000600}\\r\\nProcessId: 9448\\r\\nImage: C:\\\\Windows\\\\System32\\\\WindowsPowerShell\\\\v1.0\\\\powershell.exe\\r\\nTargetFilename: C:\\\\Users\\\\Administrator\\\\AppData\\\\Local\\\\Temp\\\\__PSScriptPolicyTest_ez5uexto.3p2.ps1\\r\\nCreationUtcTime: 2026-04-02 10:28:28.650\\r\\nUser: WS10\\\\Administrator\\\"\"},\"eventdata\":{\"utcTime\":\"2026-04-02 10:28:28.650\",\"processGuid\":\"{d9a99926-44cc-69ce-8410-000000000600}\",\"processId\":\"9448\",\"image\":\"C:\\\\\\\\Windows\\\\\\\\System32\\\\\\\\WindowsPowerShell\\\\\\\\v1.0\\\\\\\\powershell.exe\",\"targetFilename\":\"C:\\\\\\\\Users\\\\\\\\Administrator\\\\\\\\AppData\\\\\\\\Local\\\\\\\\Temp\\\\\\\\__PSScriptPolicyTest_ez5uexto.3p2.ps1\",\"creationUtcTime\":\"2026-04-02 10:28:28.650\",\"user\":\"WS10\\\\\\\\Administrator\"}}}", "suspicious": true, "suspicious_reason": "group:sysmon, group:windows, keyword:powershell, keyword:sysmon, level>=5, mitre"}
{"timestamp": "2026-04-02T12:28:38.222+0000", "agent": "WS10", "agent_id": "005", "rule_id": "92213", "level": "15", "groups": "sysmon, sysmon_eid11_detections, windows", "decoder": "windows_eventchannel", "location": "EventChannel", "src_ip": "-", "mitre_ids": "T1105", "mitre_tactics": "Command and Control", "mitre_techniques": "Ingress Tool Transfer", "description": "Executable file dropped in folder commonly used by malware", "full_log": "{\"win\":{\"system\":{\"providerName\":\"Microsoft-Windows-Sysmon\",\"providerGuid\":\"{5770385f-c22a-43e0-bf4c-06f5698ffbd9}\",\"eventID\":\"11\",\"version\":\"2\",\"level\":\"4\",\"task\":\"11\",\"opcode\":\"0\",\"keywords\":\"0x8000000000000000\",\"systemTime\":\"2026-04-02T10:28:31.6887320Z\",\"eventRecordID\":\"526803\",\"processID\":\"7940\",\"threadID\":\"8064\",\"channel\":\"Microsoft-Windows-Sysmon/Operational\",\"computer\":\"WS10\",\"severityValue\":\"INFORMATION\",\"message\":\"\\\"File created:\\r\\nRuleName: -\\r\\nUtcTime: 2026-04-02 10:28:31.679\\r\\nProcessGuid: {d9a99926-44cf-69ce-8610-000000000600}\\r\\nProcessId: 9616\\r\\nImage: C:\\\\Windows\\\\System32\\\\WindowsPowerShell\\\\v1.0\\\\powershell.exe\\r\\nTargetFilename: C:\\\\Users\\\\Administrator\\\\AppData\\\\Local\\\\Temp\\\\__PSScriptPolicyTest_bwovrjfp.wyt.ps1\\r\\nCreationUtcTime: 2026-04-02 10:28:31.679\\r\\nUser: WS10\\\\Administrator\\\"\"},\"eventdata\":{\"utcTime\":\"2026-04-02 10:28:31.679\",\"processGuid\":\"{d9a99926-44cf-69ce-8610-000000000600}\",\"processId\":\"9616\",\"image\":\"C:\\\\\\\\Windows\\\\\\\\System32\\\\\\\\WindowsPowerShell\\\\\\\\v1.0\\\\\\\\powershell.exe\",\"targetFilename\":\"C:\\\\\\\\Users\\\\\\\\Administrator\\\\\\\\AppData\\\\\\\\Local\\\\\\\\Temp\\\\\\\\__PSScriptPolicyTest_bwovrjfp.wyt.ps1\",\"creationUtcTime\":\"2026-04-02 10:28:31.679\",\"user\":\"WS10\\\\\\\\Administrator\"}}}", "suspicious": true, "suspicious_reason": "group:sysmon, group:windows, keyword:powershell, keyword:sysmon, level>=5, mitre"}
{"timestamp": "2026-04-02T12:28:40.790+0000", "agent": "WS10", "agent_id": "005", "rule_id": "92213", "level": "15", "groups": "sysmon, sysmon_eid11_detections, windows", "decoder": "windows_eventchannel", "location": "EventChannel", "src_ip": "-", "mitre_ids": "T1105", "mitre_tactics": "Command and Control", "mitre_techniques": "Ingress Tool Transfer", "description": "Executable file dropped in folder commonly used by malware", "full_log": "{\"win\":{\"system\":{\"providerName\":\"Microsoft-Windows-Sysmon\",\"providerGuid\":\"{5770385f-c22a-43e0-bf4c-06f5698ffbd9}\",\"eventID\":\"11\",\"version\":\"2\",\"level\":\"4\",\"task\":\"11\",\"opcode\":\"0\",\"keywords\":\"0x8000000000000000\",\"systemTime\":\"2026-04-02T10:28:31.8583978Z\",\"eventRecordID\":\"526951\",\"processID\":\"7940\",\"threadID\":\"8064\",\"channel\":\"Microsoft-Windows-Sysmon/Operational\",\"computer\":\"WS10\",\"severityValue\":\"INFORMATION\",\"message\":\"\\\"File created:\\r\\nRuleName: -\\r\\nUtcTime: 2026-04-02 10:28:31.836\\r\\nProcessGuid: {d9a99926-44cf-69ce-8710-000000000600}\\r\\nProcessId: 8796\\r\\nImage: C:\\\\Windows\\\\System32\\\\WindowsPowerShell\\\\v1.0\\\\powershell.exe\\r\\nTargetFilename: C:\\\\Users\\\\Administrator\\\\AppData\\\\Local\\\\Temp\\\\__PSScriptPolicyTest_sgvoh1lx.kka.ps1\\r\\nCreationUtcTime: 2026-04-02 10:28:31.836\\r\\nUser: WS10\\\\Administrator\\\"\"},\"eventdata\":{\"utcTime\":\"2026-04-02 10:28:31.836\",\"processGuid\":\"{d9a99926-44cf-69ce-8710-000000000600}\",\"processId\":\"8796\",\"image\":\"C:\\\\\\\\Windows\\\\\\\\System32\\\\\\\\WindowsPowerShell\\\\\\\\v1.0\\\\\\\\powershell.exe\",\"targetFilename\":\"C:\\\\\\\\Users\\\\\\\\Administrator\\\\\\\\AppData\\\\\\\\Local\\\\\\\\Temp\\\\\\\\__PSScriptPolicyTest_sgvoh1lx.kka.ps1\",\"creationUtcTime\":\"2026-04-02 10:28:31.836\",\"user\":\"WS10\\\\\\\\Administrator\"}}}", "suspicious": true, "suspicious_reason": "group:sysmon, group:windows, keyword:powershell, keyword:sysmon, level>=5, mitre"}
{"timestamp": "2026-04-02T12:28:43.803+0000", "agent": "WS10", "agent_id": "005", "rule_id": "92213", "level": "15", "groups": "sysmon, sysmon_eid11_detections, windows", "decoder": "windows_eventchannel", "location": "EventChannel", "src_ip": "-", "mitre_ids": "T1105", "mitre_tactics": "Command and Control", "mitre_techniques": "Ingress Tool Transfer", "description": "Executable file dropped in folder commonly used by malware", "full_log": "{\"win\":{\"system\":{\"providerName\":\"Microsoft-Windows-Sysmon\",\"providerGuid\":\"{5770385f-c22a-43e0-bf4c-06f5698ffbd9}\",\"eventID\":\"11\",\"version\":\"2\",\"level\":\"4\",\"task\":\"11\",\"opcode\":\"0\",\"keywords\":\"0x8000000000000000\",\"systemTime\":\"2026-04-02T10:28:32.2121144Z\",\"eventRecordID\":\"527134\",\"processID\":\"7940\",\"threadID\":\"8064\",\"channel\":\"Microsoft-Windows-Sysmon/Operational\",\"computer\":\"WS10\",\"severityValue\":\"INFORMATION\",\"message\":\"\\\"File created:\\r\\nRuleName: -\\r\\nUtcTime: 2026-04-02 10:28:32.201\\r\\nProcessGuid: {d9a99926-44d0-69ce-8810-000000000600}\\r\\nProcessId: 9720\\r\\nImage: C:\\\\Windows\\\\System32\\\\WindowsPowerShell\\\\v1.0\\\\powershell.exe\\r\\nTargetFilename: C:\\\\Users\\\\Administrator\\\\AppData\\\\Local\\\\Temp\\\\__PSScriptPolicyTest_q5nrtxbu.qyc.ps1\\r\\nCreationUtcTime: 2026-04-02 10:28:32.201\\r\\nUser: WS10\\\\Administrator\\\"\"},\"eventdata\":{\"utcTime\":\"2026-04-02 10:28:32.201\",\"processGuid\":\"{d9a99926-44d0-69ce-8810-000000000600}\",\"processId\":\"9720\",\"image\":\"C:\\\\\\\\Windows\\\\\\\\System32\\\\\\\\WindowsPowerShell\\\\\\\\v1.0\\\\\\\\powershell.exe\",\"targetFilename\":\"C:\\\\\\\\Users\\\\\\\\Administrator\\\\\\\\AppData\\\\\\\\Local\\\\\\\\Temp\\\\\\\\__PSScriptPolicyTest_q5nrtxbu.qyc.ps1\",\"creationUtcTime\":\"2026-04-02 10:28:32.201\",\"user\":\"WS10\\\\\\\\Administrator\"}}}", "suspicious": true, "suspicious_reason": "group:sysmon, group:windows, keyword:powershell, keyword:sysmon, level>=5, mitre"}
{"timestamp": "2026-04-02T12:28:51.027+0000", "agent": "WS10", "agent_id": "005", "rule_id": "92213", "level": "15", "groups": "sysmon, sysmon_eid11_detections, windows", "decoder": "windows_eventchannel", "location": "EventChannel", "src_ip": "-", "mitre_ids": "T1105", "mitre_tactics": "Command and Control", "mitre_techniques": "Ingress Tool Transfer", "description": "Executable file dropped in folder commonly used by malware", "full_log": "{\"win\":{\"system\":{\"providerName\":\"Microsoft-Windows-Sysmon\",\"providerGuid\":\"{5770385f-c22a-43e0-bf4c-06f5698ffbd9}\",\"eventID\":\"11\",\"version\":\"2\",\"level\":\"4\",\"task\":\"11\",\"opcode\":\"0\",\"keywords\":\"0x8000000000000000\",\"systemTime\":\"2026-04-02T10:28:44.4118787Z\",\"eventRecordID\":\"527303\",\"processID\":\"7940\",\"threadID\":\"8064\",\"channel\":\"Microsoft-Windows-Sysmon/Operational\",\"computer\":\"WS10\",\"severityValue\":\"INFORMATION\",\"message\":\"\\\"File created:\\r\\nRuleName: -\\r\\nUtcTime: 2026-04-02 10:28:44.400\\r\\nProcessGuid: {d9a99926-44dc-69ce-8b10-000000000600}\\r\\nProcessId: 8012\\r\\nImage: C:\\\\Windows\\\\System32\\\\WindowsPowerShell\\\\v1.0\\\\powershell.exe\\r\\nTargetFilename: C:\\\\Users\\\\Administrator\\\\AppData\\\\Local\\\\Temp\\\\__PSScriptPolicyTest_ml21nodt.ohc.ps1\\r\\nCreationUtcTime: 2026-04-02 10:28:44.400\\r\\nUser: WS10\\\\Administrator\\\"\"},\"eventdata\":{\"utcTime\":\"2026-04-02 10:28:44.400\",\"processGuid\":\"{d9a99926-44dc-69ce-8b10-000000000600}\",\"processId\":\"8012\",\"image\":\"C:\\\\\\\\Windows\\\\\\\\System32\\\\\\\\WindowsPowerShell\\\\\\\\v1.0\\\\\\\\powershell.exe\",\"targetFilename\":\"C:\\\\\\\\Users\\\\\\\\Administrator\\\\\\\\AppData\\\\\\\\Local\\\\\\\\Temp\\\\\\\\__PSScriptPolicyTest_ml21nodt.ohc.ps1\",\"creationUtcTime\":\"2026-04-02 10:28:44.400\",\"user\":\"WS10\\\\\\\\Administrator\"}}}", "suspicious": true, "suspicious_reason": "group:sysmon, group:windows, keyword:powershell, keyword:sysmon, level>=5, mitre"}
{"timestamp": "2026-04-02T12:28:53.521+0000", "agent": "WS10", "agent_id": "005", "rule_id": "92213", "level": "15", "groups": "sysmon, sysmon_eid11_detections, windows", "decoder": "windows_eventchannel", "location": "EventChannel", "src_ip": "-", "mitre_ids": "T1105", "mitre_tactics": "Command and Control", "mitre_techniques": "Ingress Tool Transfer", "description": "Executable file dropped in folder commonly used by malware", "full_log": "{\"win\":{\"system\":{\"providerName\":\"Microsoft-Windows-Sysmon\",\"providerGuid\":\"{5770385f-c22a-43e0-bf4c-06f5698ffbd9}\",\"eventID\":\"11\",\"version\":\"2\",\"level\":\"4\",\"task\":\"11\",\"opcode\":\"0\",\"keywords\":\"0x8000000000000000\",\"systemTime\":\"2026-04-02T10:28:44.4478679Z\",\"eventRecordID\":\"527452\",\"processID\":\"7940\",\"threadID\":\"8064\",\"channel\":\"Microsoft-Windows-Sysmon/Operational\",\"computer\":\"WS10\",\"severityValue\":\"INFORMATION\",\"message\":\"\\\"File created:\\r\\nRuleName: -\\r\\nUtcTime: 2026-04-02 10:28:44.432\\r\\nProcessGuid: {d9a99926-44dc-69ce-8a10-000000000600}\\r\\nProcessId: 3348\\r\\nImage: C:\\\\Windows\\\\System32\\\\WindowsPowerShell\\\\v1.0\\\\powershell.exe\\r\\nTargetFilename: C:\\\\Users\\\\Administrator\\\\AppData\\\\Local\\\\Temp\\\\__PSScriptPolicyTest_lh1kvwlt.twh.ps1\\r\\nCreationUtcTime: 2026-04-02 10:28:44.432\\r\\nUser: WS10\\\\Administrator\\\"\"},\"eventdata\":{\"utcTime\":\"2026-04-02 10:28:44.432\",\"processGuid\":\"{d9a99926-44dc-69ce-8a10-000000000600}\",\"processId\":\"3348\",\"image\":\"C:\\\\\\\\Windows\\\\\\\\System32\\\\\\\\WindowsPowerShell\\\\\\\\v1.0\\\\\\\\powershell.exe\",\"targetFilename\":\"C:\\\\\\\\Users\\\\\\\\Administrator\\\\\\\\AppData\\\\\\\\Local\\\\\\\\Temp\\\\\\\\__PSScriptPolicyTest_lh1kvwlt.twh.ps1\",\"creationUtcTime\":\"2026-04-02 10:28:44.432\",\"user\":\"WS10\\\\\\\\Administrator\"}}}", "suspicious": true, "suspicious_reason": "group:sysmon, group:windows, keyword:powershell, keyword:sysmon, level>=5, mitre"}
{"timestamp": "2026-04-02T12:28:56.874+0000", "agent": "WS10", "agent_id": "005", "rule_id": "92213", "level": "15", "groups": "sysmon, sysmon_eid11_detections, windows", "decoder": "windows_eventchannel", "location": "EventChannel", "src_ip": "-", "mitre_ids": "T1105", "mitre_tactics": "Command and Control", "mitre_techniques": "Ingress Tool Transfer", "description": "Executable file dropped in folder commonly used by malware", "full_log": "{\"win\":{\"system\":{\"providerName\":\"Microsoft-Windows-Sysmon\",\"providerGuid\":\"{5770385f-c22a-43e0-bf4c-06f5698ffbd9}\",\"eventID\":\"11\",\"version\":\"2\",\"level\":\"4\",\"task\":\"11\",\"opcode\":\"0\",\"keywords\":\"0x8000000000000000\",\"systemTime\":\"2026-04-02T10:28:46.3992585Z\",\"eventRecordID\":\"527649\",\"processID\":\"7940\",\"threadID\":\"8064\",\"channel\":\"Microsoft-Windows-Sysmon/Operational\",\"computer\":\"WS10\",\"severityValue\":\"INFORMATION\",\"message\":\"\\\"File created:\\r\\nRuleName: -\\r\\nUtcTime: 2026-04-02 10:28:46.386\\r\\nProcessGuid: {d9a99926-44de-69ce-8d10-000000000600}\\r\\nProcessId: 5564\\r\\nImage: C:\\\\Windows\\\\System32\\\\WindowsPowerShell\\\\v1.0\\\\powershell.exe\\r\\nTargetFilename: C:\\\\Users\\\\Administrator\\\\AppData\\\\Local\\\\Temp\\\\__PSScriptPolicyTest_xxx2kufh.wcl.ps1\\r\\nCreationUtcTime: 2026-04-02 10:28:46.386\\r\\nUser: WS10\\\\Administrator\\\"\"},\"eventdata\":{\"utcTime\":\"2026-04-02 10:28:46.386\",\"processGuid\":\"{d9a99926-44de-69ce-8d10-000000000600}\",\"processId\":\"5564\",\"image\":\"C:\\\\\\\\Windows\\\\\\\\System32\\\\\\\\WindowsPowerShell\\\\\\\\v1.0\\\\\\\\powershell.exe\",\"targetFilename\":\"C:\\\\\\\\Users\\\\\\\\Administrator\\\\\\\\AppData\\\\\\\\Local\\\\\\\\Temp\\\\\\\\__PSScriptPolicyTest_xxx2kufh.wcl.ps1\",\"creationUtcTime\":\"2026-04-02 10:28:46.386\",\"user\":\"WS10\\\\\\\\Administrator\"}}}", "suspicious": true, "suspicious_reason": "group:sysmon, group:windows, keyword:powershell, keyword:sysmon, level>=5, mitre"}
{"timestamp": "2026-04-02T12:28:57.304+0000", "agent": "WS10", "agent_id": "005", "rule_id": "92213", "level": "15", "groups": "sysmon, sysmon_eid11_detections, windows", "decoder": "windows_eventchannel", "location": "EventChannel", "src_ip": "-", "mitre_ids": "T1105", "mitre_tactics": "Command and Control", "mitre_techniques": "Ingress Tool Transfer", "description": "Executable file dropped in folder commonly used by malware", "full_log": "{\"win\":{\"system\":{\"providerName\":\"Microsoft-Windows-Sysmon\",\"providerGuid\":\"{5770385f-c22a-43e0-bf4c-06f5698ffbd9}\",\"eventID\":\"11\",\"version\":\"2\",\"level\":\"4\",\"task\":\"11\",\"opcode\":\"0\",\"keywords\":\"0x8000000000000000\",\"systemTime\":\"2026-04-02T10:28:46.4205920Z\",\"eventRecordID\":\"527675\",\"processID\":\"7940\",\"threadID\":\"8064\",\"channel\":\"Microsoft-Windows-Sysmon/Operational\",\"computer\":\"WS10\",\"severityValue\":\"INFORMATION\",\"message\":\"\\\"File created:\\r\\nRuleName: -\\r\\nUtcTime: 2026-04-02 10:28:46.402\\r\\nProcessGuid: {d9a99926-44de-69ce-8c10-000000000600}\\r\\nProcessId: 1112\\r\\nImage: C:\\\\Windows\\\\System32\\\\WindowsPowerShell\\\\v1.0\\\\powershell.exe\\r\\nTargetFilename: C:\\\\Users\\\\Administrator\\\\AppData\\\\Local\\\\Temp\\\\__PSScriptPolicyTest_0fsjbdw1.inc.ps1\\r\\nCreationUtcTime: 2026-04-02 10:28:46.402\\r\\nUser: WS10\\\\Administrator\\\"\"},\"eventdata\":{\"utcTime\":\"2026-04-02 10:28:46.402\",\"processGuid\":\"{d9a99926-44de-69ce-8c10-000000000600}\",\"processId\":\"1112\",\"image\":\"C:\\\\\\\\Windows\\\\\\\\System32\\\\\\\\WindowsPowerShell\\\\\\\\v1.0\\\\\\\\powershell.exe\",\"targetFilename\":\"C:\\\\\\\\Users\\\\\\\\Administrator\\\\\\\\AppData\\\\\\\\Local\\\\\\\\Temp\\\\\\\\__PSScriptPolicyTest_0fsjbdw1.inc.ps1\",\"creationUtcTime\":\"2026-04-02 10:28:46.402\",\"user\":\"WS10\\\\\\\\Administrator\"}}}", "suspicious": true, "suspicious_reason": "group:sysmon, group:windows, keyword:powershell, keyword:sysmon, level>=5, mitre"}
{"timestamp": "2026-04-02T12:29:30.462+0000", "agent": "WS10", "agent_id": "005", "rule_id": "92213", "level": "15", "groups": "sysmon, sysmon_eid11_detections, windows", "decoder": "windows_eventchannel", "location": "EventChannel", "src_ip": "-", "mitre_ids": "T1105", "mitre_tactics": "Command and Control", "mitre_techniques": "Ingress Tool Transfer", "description": "Executable file dropped in folder commonly used by malware", "full_log": "{\"win\":{\"system\":{\"providerName\":\"Microsoft-Windows-Sysmon\",\"providerGuid\":\"{5770385f-c22a-43e0-bf4c-06f5698ffbd9}\",\"eventID\":\"11\",\"version\":\"2\",\"level\":\"4\",\"task\":\"11\",\"opcode\":\"0\",\"keywords\":\"0x8000000000000000\",\"systemTime\":\"2026-04-02T10:29:23.9689416Z\",\"eventRecordID\":\"528033\",\"processID\":\"7940\",\"threadID\":\"8064\",\"channel\":\"Microsoft-Windows-Sysmon/Operational\",\"computer\":\"WS10\",\"severityValue\":\"INFORMATION\",\"message\":\"\\\"File created:\\r\\nRuleName: -\\r\\nUtcTime: 2026-04-02 10:29:23.944\\r\\nProcessGuid: {d9a99926-4503-69ce-8e10-000000000600}\\r\\nProcessId: 2812\\r\\nImage: C:\\\\Windows\\\\System32\\\\WindowsPowerShell\\\\v1.0\\\\powershell.exe\\r\\nTargetFilename: C:\\\\Users\\\\Administrator\\\\AppData\\\\Local\\\\Temp\\\\__PSScriptPolicyTest_zncuomi5.3fx.ps1\\r\\nCreationUtcTime: 2026-04-02 10:29:23.944\\r\\nUser: WS10\\\\Administrator\\\"\"},\"eventdata\":{\"utcTime\":\"2026-04-02 10:29:23.944\",\"processGuid\":\"{d9a99926-4503-69ce-8e10-000000000600}\",\"processId\":\"2812\",\"image\":\"C:\\\\\\\\Windows\\\\\\\\System32\\\\\\\\WindowsPowerShell\\\\\\\\v1.0\\\\\\\\powershell.exe\",\"targetFilename\":\"C:\\\\\\\\Users\\\\\\\\Administrator\\\\\\\\AppData\\\\\\\\Local\\\\\\\\Temp\\\\\\\\__PSScriptPolicyTest_zncuomi5.3fx.ps1\",\"creationUtcTime\":\"2026-04-02 10:29:23.944\",\"user\":\"WS10\\\\\\\\Administrator\"}}}", "suspicious": true, "suspicious_reason": "group:sysmon, group:windows, keyword:powershell, keyword:sysmon, level>=5, mitre"}
{"timestamp": "2026-04-02T12:29:32.025+0000", "agent": "WS10", "agent_id": "005", "rule_id": "92213", "level": "15", "groups": "sysmon, sysmon_eid11_detections, windows", "decoder": "windows_eventchannel", "location": "EventChannel", "src_ip": "-", "mitre_ids": "T1105", "mitre_tactics": "Command and Control", "mitre_techniques": "Ingress Tool Transfer", "description": "Executable file dropped in folder commonly used by malware", "full_log": "{\"win\":{\"system\":{\"providerName\":\"Microsoft-Windows-Sysmon\",\"providerGuid\":\"{5770385f-c22a-43e0-bf4c-06f5698ffbd9}\",\"eventID\":\"11\",\"version\":\"2\",\"level\":\"4\",\"task\":\"11\",\"opcode\":\"0\",\"keywords\":\"0x8000000000000000\",\"systemTime\":\"2026-04-02T10:29:25.9701968Z\",\"eventRecordID\":\"528121\",\"processID\":\"7940\",\"threadID\":\"8064\",\"channel\":\"Microsoft-Windows-Sysmon/Operational\",\"computer\":\"WS10\",\"severityValue\":\"INFORMATION\",\"message\":\"\\\"File created:\\r\\nRuleName: -\\r\\nUtcTime: 2026-04-02 10:29:25.944\\r\\nProcessGuid: {d9a99926-4505-69ce-8f10-000000000600}\\r\\nProcessId: 9648\\r\\nImage: C:\\\\Windows\\\\System32\\\\WindowsPowerShell\\\\v1.0\\\\powershell.exe\\r\\nTargetFilename: C:\\\\Users\\\\Administrator\\\\AppData\\\\Local\\\\Temp\\\\__PSScriptPolicyTest_xpi11tjs.l0a.ps1\\r\\nCreationUtcTime: 2026-04-02 10:29:25.944\\r\\nUser: WS10\\\\Administrator\\\"\"},\"eventdata\":{\"utcTime\":\"2026-04-02 10:29:25.944\",\"processGuid\":\"{d9a99926-4505-69ce-8f10-000000000600}\",\"processId\":\"9648\",\"image\":\"C:\\\\\\\\Windows\\\\\\\\System32\\\\\\\\WindowsPowerShell\\\\\\\\v1.0\\\\\\\\powershell.exe\",\"targetFilename\":\"C:\\\\\\\\Users\\\\\\\\Administrator\\\\\\\\AppData\\\\\\\\Local\\\\\\\\Temp\\\\\\\\__PSScriptPolicyTest_xpi11tjs.l0a.ps1\",\"creationUtcTime\":\"2026-04-02 10:29:25.944\",\"user\":\"WS10\\\\\\\\Administrator\"}}}", "suspicious": true, "suspicious_reason": "group:sysmon, group:windows, keyword:powershell, keyword:sysmon, level>=5, mitre"}
{"timestamp": "2026-04-02T12:29:34.375+0000", "agent": "WS10", "agent_id": "005", "rule_id": "92213", "level": "15", "groups": "sysmon, sysmon_eid11_detections, windows", "decoder": "windows_eventchannel", "location": "EventChannel", "src_ip": "-", "mitre_ids": "T1105", "mitre_tactics": "Command and Control", "mitre_techniques": "Ingress Tool Transfer", "description": "Executable file dropped in folder commonly used by malware", "full_log": "{\"win\":{\"system\":{\"providerName\":\"Microsoft-Windows-Sysmon\",\"providerGuid\":\"{5770385f-c22a-43e0-bf4c-06f5698ffbd9}\",\"eventID\":\"11\",\"version\":\"2\",\"level\":\"4\",\"task\":\"11\",\"opcode\":\"0\",\"keywords\":\"0x8000000000000000\",\"systemTime\":\"2026-04-02T10:29:26.6940628Z\",\"eventRecordID\":\"528257\",\"processID\":\"7940\",\"threadID\":\"8064\",\"channel\":\"Microsoft-Windows-Sysmon/Operational\",\"computer\":\"WS10\",\"severityValue\":\"INFORMATION\",\"message\":\"\\\"File created:\\r\\nRuleName: -\\r\\nUtcTime: 2026-04-02 10:29:26.690\\r\\nProcessGuid: {d9a99926-4506-69ce-9010-000000000600}\\r\\nProcessId: 10068\\r\\nImage: C:\\\\Windows\\\\System32\\\\WindowsPowerShell\\\\v1.0\\\\powershell.exe\\r\\nTargetFilename: C:\\\\Users\\\\Administrator\\\\AppData\\\\Local\\\\Temp\\\\__PSScriptPolicyTest_uiahqxv4.ulg.ps1\\r\\nCreationUtcTime: 2026-04-02 10:29:26.690\\r\\nUser: WS10\\\\Administrator\\\"\"},\"eventdata\":{\"utcTime\":\"2026-04-02 10:29:26.690\",\"processGuid\":\"{d9a99926-4506-69ce-9010-000000000600}\",\"processId\":\"10068\",\"image\":\"C:\\\\\\\\Windows\\\\\\\\System32\\\\\\\\WindowsPowerShell\\\\\\\\v1.0\\\\\\\\powershell.exe\",\"targetFilename\":\"C:\\\\\\\\Users\\\\\\\\Administrator\\\\\\\\AppData\\\\\\\\Local\\\\\\\\Temp\\\\\\\\__PSScriptPolicyTest_uiahqxv4.ulg.ps1\",\"creationUtcTime\":\"2026-04-02 10:29:26.690\",\"user\":\"WS10\\\\\\\\Administrator\"}}}", "suspicious": true, "suspicious_reason": "group:sysmon, group:windows, keyword:powershell, keyword:sysmon, level>=5, mitre"}
{"timestamp": "2026-04-02T12:29:37.181+0000", "agent": "WS10", "agent_id": "005", "rule_id": "92213", "level": "15", "groups": "sysmon, sysmon_eid11_detections, windows", "decoder": "windows_eventchannel", "location": "EventChannel", "src_ip": "-", "mitre_ids": "T1105", "mitre_tactics": "Command and Control", "mitre_techniques": "Ingress Tool Transfer", "description": "Executable file dropped in folder commonly used by malware", "full_log": "{\"win\":{\"system\":{\"providerName\":\"Microsoft-Windows-Sysmon\",\"providerGuid\":\"{5770385f-c22a-43e0-bf4c-06f5698ffbd9}\",\"eventID\":\"11\",\"version\":\"2\",\"level\":\"4\",\"task\":\"11\",\"opcode\":\"0\",\"keywords\":\"0x8000000000000000\",\"systemTime\":\"2026-04-02T10:29:30.7122487Z\",\"eventRecordID\":\"528423\",\"processID\":\"7940\",\"threadID\":\"8064\",\"channel\":\"Microsoft-Windows-Sysmon/Operational\",\"computer\":\"WS10\",\"severityValue\":\"INFORMATION\",\"message\":\"\\\"File created:\\r\\nRuleName: -\\r\\nUtcTime: 2026-04-02 10:29:30.710\\r\\nProcessGuid: {d9a99926-450a-69ce-9210-000000000600}\\r\\nProcessId: 4612\\r\\nImage: C:\\\\Windows\\\\System32\\\\WindowsPowerShell\\\\v1.0\\\\powershell.exe\\r\\nTargetFilename: C:\\\\Users\\\\Administrator\\\\AppData\\\\Local\\\\Temp\\\\__PSScriptPolicyTest_5g1lxzrt.z5g.ps1\\r\\nCreationUtcTime: 2026-04-02 10:29:30.710\\r\\nUser: WS10\\\\Administrator\\\"\"},\"eventdata\":{\"utcTime\":\"2026-04-02 10:29:30.710\",\"processGuid\":\"{d9a99926-450a-69ce-9210-000000000600}\",\"processId\":\"4612\",\"image\":\"C:\\\\\\\\Windows\\\\\\\\System32\\\\\\\\WindowsPowerShell\\\\\\\\v1.0\\\\\\\\powershell.exe\",\"targetFilename\":\"C:\\\\\\\\Users\\\\\\\\Administrator\\\\\\\\AppData\\\\\\\\Local\\\\\\\\Temp\\\\\\\\__PSScriptPolicyTest_5g1lxzrt.z5g.ps1\",\"creationUtcTime\":\"2026-04-02 10:29:30.710\",\"user\":\"WS10\\\\\\\\Administrator\"}}}", "suspicious": true, "suspicious_reason": "group:sysmon, group:windows, keyword:powershell, keyword:sysmon, level>=5, mitre"}
{"timestamp": "2026-04-02T12:29:42.417+0000", "agent": "WS10", "agent_id": "005", "rule_id": "92213", "level": "15", "groups": "sysmon, sysmon_eid11_detections, windows", "decoder": "windows_eventchannel", "location": "EventChannel", "src_ip": "-", "mitre_ids": "T1105", "mitre_tactics": "Command and Control", "mitre_techniques": "Ingress Tool Transfer", "description": "Executable file dropped in folder commonly used by malware", "full_log": "{\"win\":{\"system\":{\"providerName\":\"Microsoft-Windows-Sysmon\",\"providerGuid\":\"{5770385f-c22a-43e0-bf4c-06f5698ffbd9}\",\"eventID\":\"11\",\"version\":\"2\",\"level\":\"4\",\"task\":\"11\",\"opcode\":\"0\",\"keywords\":\"0x8000000000000000\",\"systemTime\":\"2026-04-02T10:29:32.7585990Z\",\"eventRecordID\":\"528723\",\"processID\":\"7940\",\"threadID\":\"8064\",\"channel\":\"Microsoft-Windows-Sysmon/Operational\",\"computer\":\"WS10\",\"severityValue\":\"INFORMATION\",\"message\":\"\\\"File created:\\r\\nRuleName: -\\r\\nUtcTime: 2026-04-02 10:29:32.754\\r\\nProcessGuid: {d9a99926-450c-69ce-9310-000000000600}\\r\\nProcessId: 10080\\r\\nImage: C:\\\\Windows\\\\System32\\\\WindowsPowerShell\\\\v1.0\\\\powershell.exe\\r\\nTargetFilename: C:\\\\Users\\\\Administrator\\\\AppData\\\\Local\\\\Temp\\\\__PSScriptPolicyTest_dskma0m3.hen.ps1\\r\\nCreationUtcTime: 2026-04-02 10:29:32.754\\r\\nUser: WS10\\\\Administrator\\\"\"},\"eventdata\":{\"utcTime\":\"2026-04-02 10:29:32.754\",\"processGuid\":\"{d9a99926-450c-69ce-9310-000000000600}\",\"processId\":\"10080\",\"image\":\"C:\\\\\\\\Windows\\\\\\\\System32\\\\\\\\WindowsPowerShell\\\\\\\\v1.0\\\\\\\\powershell.exe\",\"targetFilename\":\"C:\\\\\\\\Users\\\\\\\\Administrator\\\\\\\\AppData\\\\\\\\Local\\\\\\\\Temp\\\\\\\\__PSScriptPolicyTest_dskma0m3.hen.ps1\",\"creationUtcTime\":\"2026-04-02 10:29:32.754\",\"user\":\"WS10\\\\\\\\Administrator\"}}}", "suspicious": true, "suspicious_reason": "group:sysmon, group:windows, keyword:powershell, keyword:sysmon, level>=5, mitre"}
{"timestamp": "2026-04-02T12:29:45.385+0000", "agent": "WS10", "agent_id": "005", "rule_id": "92213", "level": "15", "groups": "sysmon, sysmon_eid11_detections, windows", "decoder": "windows_eventchannel", "location": "EventChannel", "src_ip": "-", "mitre_ids": "T1105", "mitre_tactics": "Command and Control", "mitre_techniques": "Ingress Tool Transfer", "description": "Executable file dropped in folder commonly used by malware", "full_log": "{\"win\":{\"system\":{\"providerName\":\"Microsoft-Windows-Sysmon\",\"providerGuid\":\"{5770385f-c22a-43e0-bf4c-06f5698ffbd9}\",\"eventID\":\"11\",\"version\":\"2\",\"level\":\"4\",\"task\":\"11\",\"opcode\":\"0\",\"keywords\":\"0x8000000000000000\",\"systemTime\":\"2026-04-02T10:29:34.7680352Z\",\"eventRecordID\":\"528897\",\"processID\":\"7940\",\"threadID\":\"8064\",\"channel\":\"Microsoft-Windows-Sysmon/Operational\",\"computer\":\"WS10\",\"severityValue\":\"INFORMATION\",\"message\":\"\\\"File created:\\r\\nRuleName: -\\r\\nUtcTime: 2026-04-02 10:29:34.754\\r\\nProcessGuid: {d9a99926-450e-69ce-9410-000000000600}\\r\\nProcessId: 9452\\r\\nImage: C:\\\\Windows\\\\System32\\\\WindowsPowerShell\\\\v1.0\\\\powershell.exe\\r\\nTargetFilename: C:\\\\Users\\\\Administrator\\\\AppData\\\\Local\\\\Temp\\\\__PSScriptPolicyTest_eumev05y.wvq.ps1\\r\\nCreationUtcTime: 2026-04-02 10:29:34.754\\r\\nUser: WS10\\\\Administrator\\\"\"},\"eventdata\":{\"utcTime\":\"2026-04-02 10:29:34.754\",\"processGuid\":\"{d9a99926-450e-69ce-9410-000000000600}\",\"processId\":\"9452\",\"image\":\"C:\\\\\\\\Windows\\\\\\\\System32\\\\\\\\WindowsPowerShell\\\\\\\\v1.0\\\\\\\\powershell.exe\",\"targetFilename\":\"C:\\\\\\\\Users\\\\\\\\Administrator\\\\\\\\AppData\\\\\\\\Local\\\\\\\\Temp\\\\\\\\__PSScriptPolicyTest_eumev05y.wvq.ps1\",\"creationUtcTime\":\"2026-04-02 10:29:34.754\",\"user\":\"WS10\\\\\\\\Administrator\"}}}", "suspicious": true, "suspicious_reason": "group:sysmon, group:windows, keyword:powershell, keyword:sysmon, level>=5, mitre"}
{"timestamp": "2026-04-02T12:29:48.306+0000", "agent": "WS10", "agent_id": "005", "rule_id": "92213", "level": "15", "groups": "sysmon, sysmon_eid11_detections, windows", "decoder": "windows_eventchannel", "location": "EventChannel", "src_ip": "-", "mitre_ids": "T1105", "mitre_tactics": "Command and Control", "mitre_techniques": "Ingress Tool Transfer", "description": "Executable file dropped in folder commonly used by malware", "full_log": "{\"win\":{\"system\":{\"providerName\":\"Microsoft-Windows-Sysmon\",\"providerGuid\":\"{5770385f-c22a-43e0-bf4c-06f5698ffbd9}\",\"eventID\":\"11\",\"version\":\"2\",\"level\":\"4\",\"task\":\"11\",\"opcode\":\"0\",\"keywords\":\"0x8000000000000000\",\"systemTime\":\"2026-04-02T10:29:36.7906425Z\",\"eventRecordID\":\"529069\",\"processID\":\"7940\",\"threadID\":\"8064\",\"channel\":\"Microsoft-Windows-Sysmon/Operational\",\"computer\":\"WS10\",\"severityValue\":\"INFORMATION\",\"message\":\"\\\"File created:\\r\\nRuleName: -\\r\\nUtcTime: 2026-04-02 10:29:36.782\\r\\nProcessGuid: {d9a99926-4510-69ce-9510-000000000600}\\r\\nProcessId: 4864\\r\\nImage: C:\\\\Windows\\\\System32\\\\WindowsPowerShell\\\\v1.0\\\\powershell.exe\\r\\nTargetFilename: C:\\\\Users\\\\Administrator\\\\AppData\\\\Local\\\\Temp\\\\__PSScriptPolicyTest_vrehvske.bmg.ps1\\r\\nCreationUtcTime: 2026-04-02 10:29:36.782\\r\\nUser: WS10\\\\Administrator\\\"\"},\"eventdata\":{\"utcTime\":\"2026-04-02 10:29:36.782\",\"processGuid\":\"{d9a99926-4510-69ce-9510-000000000600}\",\"processId\":\"4864\",\"image\":\"C:\\\\\\\\Windows\\\\\\\\System32\\\\\\\\WindowsPowerShell\\\\\\\\v1.0\\\\\\\\powershell.exe\",\"targetFilename\":\"C:\\\\\\\\Users\\\\\\\\Administrator\\\\\\\\AppData\\\\\\\\Local\\\\\\\\Temp\\\\\\\\__PSScriptPolicyTest_vrehvske.bmg.ps1\",\"creationUtcTime\":\"2026-04-02 10:29:36.782\",\"user\":\"WS10\\\\\\\\Administrator\"}}}", "suspicious": true, "suspicious_reason": "group:sysmon, group:windows, keyword:powershell, keyword:sysmon, level>=5, mitre"}
{"timestamp": "2026-04-02T12:29:51.382+0000", "agent": "WS10", "agent_id": "005", "rule_id": "92213", "level": "15", "groups": "sysmon, sysmon_eid11_detections, windows", "decoder": "windows_eventchannel", "location": "EventChannel", "src_ip": "-", "mitre_ids": "T1105", "mitre_tactics": "Command and Control", "mitre_techniques": "Ingress Tool Transfer", "description": "Executable file dropped in folder commonly used by malware", "full_log": "{\"win\":{\"system\":{\"providerName\":\"Microsoft-Windows-Sysmon\",\"providerGuid\":\"{5770385f-c22a-43e0-bf4c-06f5698ffbd9}\",\"eventID\":\"11\",\"version\":\"2\",\"level\":\"4\",\"task\":\"11\",\"opcode\":\"0\",\"keywords\":\"0x8000000000000000\",\"systemTime\":\"2026-04-02T10:29:38.8024665Z\",\"eventRecordID\":\"529247\",\"processID\":\"7940\",\"threadID\":\"8064\",\"channel\":\"Microsoft-Windows-Sysmon/Operational\",\"computer\":\"WS10\",\"severityValue\":\"INFORMATION\",\"message\":\"\\\"File created:\\r\\nRuleName: -\\r\\nUtcTime: 2026-04-02 10:29:38.795\\r\\nProcessGuid: {d9a99926-4512-69ce-9610-000000000600}\\r\\nProcessId: 4048\\r\\nImage: C:\\\\Windows\\\\System32\\\\WindowsPowerShell\\\\v1.0\\\\powershell.exe\\r\\nTargetFilename: C:\\\\Users\\\\Administrator\\\\AppData\\\\Local\\\\Temp\\\\__PSScriptPolicyTest_ncifq04w.q2s.ps1\\r\\nCreationUtcTime: 2026-04-02 10:29:38.795\\r\\nUser: WS10\\\\Administrator\\\"\"},\"eventdata\":{\"utcTime\":\"2026-04-02 10:29:38.795\",\"processGuid\":\"{d9a99926-4512-69ce-9610-000000000600}\",\"processId\":\"4048\",\"image\":\"C:\\\\\\\\Windows\\\\\\\\System32\\\\\\\\WindowsPowerShell\\\\\\\\v1.0\\\\\\\\powershell.exe\",\"targetFilename\":\"C:\\\\\\\\Users\\\\\\\\Administrator\\\\\\\\AppData\\\\\\\\Local\\\\\\\\Temp\\\\\\\\__PSScriptPolicyTest_ncifq04w.q2s.ps1\",\"creationUtcTime\":\"2026-04-02 10:29:38.795\",\"user\":\"WS10\\\\\\\\Administrator\"}}}", "suspicious": true, "suspicious_reason": "group:sysmon, group:windows, keyword:powershell, keyword:sysmon, level>=5, mitre"}
{"timestamp": "2026-04-02T12:29:53.812+0000", "agent": "WS10", "agent_id": "005", "rule_id": "92213", "level": "15", "groups": "sysmon, sysmon_eid11_detections, windows", "decoder": "windows_eventchannel", "location": "EventChannel", "src_ip": "-", "mitre_ids": "T1105", "mitre_tactics": "Command and Control", "mitre_techniques": "Ingress Tool Transfer", "description": "Executable file dropped in folder commonly used by malware", "full_log": "{\"win\":{\"system\":{\"providerName\":\"Microsoft-Windows-Sysmon\",\"providerGuid\":\"{5770385f-c22a-43e0-bf4c-06f5698ffbd9}\",\"eventID\":\"11\",\"version\":\"2\",\"level\":\"4\",\"task\":\"11\",\"opcode\":\"0\",\"keywords\":\"0x8000000000000000\",\"systemTime\":\"2026-04-02T10:29:40.8163312Z\",\"eventRecordID\":\"529393\",\"processID\":\"7940\",\"threadID\":\"8064\",\"channel\":\"Microsoft-Windows-Sysmon/Operational\",\"computer\":\"WS10\",\"severityValue\":\"INFORMATION\",\"message\":\"\\\"File created:\\r\\nRuleName: -\\r\\nUtcTime: 2026-04-02 10:29:40.810\\r\\nProcessGuid: {d9a99926-4514-69ce-9710-000000000600}\\r\\nProcessId: 100\\r\\nImage: C:\\\\Windows\\\\System32\\\\WindowsPowerShell\\\\v1.0\\\\powershell.exe\\r\\nTargetFilename: C:\\\\Users\\\\Administrator\\\\AppData\\\\Local\\\\Temp\\\\__PSScriptPolicyTest_2e2aewpc.y24.ps1\\r\\nCreationUtcTime: 2026-04-02 10:29:40.810\\r\\nUser: WS10\\\\Administrator\\\"\"},\"eventdata\":{\"utcTime\":\"2026-04-02 10:29:40.810\",\"processGuid\":\"{d9a99926-4514-69ce-9710-000000000600}\",\"processId\":\"100\",\"image\":\"C:\\\\\\\\Windows\\\\\\\\System32\\\\\\\\WindowsPowerShell\\\\\\\\v1.0\\\\\\\\powershell.exe\",\"targetFilename\":\"C:\\\\\\\\Users\\\\\\\\Administrator\\\\\\\\AppData\\\\\\\\Local\\\\\\\\Temp\\\\\\\\__PSScriptPolicyTest_2e2aewpc.y24.ps1\",\"creationUtcTime\":\"2026-04-02 10:29:40.810\",\"user\":\"WS10\\\\\\\\Administrator\"}}}", "suspicious": true, "suspicious_reason": "group:sysmon, group:windows, keyword:powershell, keyword:sysmon, level>=5, mitre"}
{"timestamp": "2026-04-02T12:30:32.377+0000", "agent": "WS10", "agent_id": "005", "rule_id": "92213", "level": "15", "groups": "sysmon, sysmon_eid11_detections, windows", "decoder": "windows_eventchannel", "location": "EventChannel", "src_ip": "-", "mitre_ids": "T1105", "mitre_tactics": "Command and Control", "mitre_techniques": "Ingress Tool Transfer", "description": "Executable file dropped in folder commonly used by malware", "full_log": "{\"win\":{\"system\":{\"providerName\":\"Microsoft-Windows-Sysmon\",\"providerGuid\":\"{5770385f-c22a-43e0-bf4c-06f5698ffbd9}\",\"eventID\":\"11\",\"version\":\"2\",\"level\":\"4\",\"task\":\"11\",\"opcode\":\"0\",\"keywords\":\"0x8000000000000000\",\"systemTime\":\"2026-04-02T10:30:25.8495655Z\",\"eventRecordID\":\"529626\",\"processID\":\"7940\",\"threadID\":\"8064\",\"channel\":\"Microsoft-Windows-Sysmon/Operational\",\"computer\":\"WS10\",\"severityValue\":\"INFORMATION\",\"message\":\"\\\"File created:\\r\\nRuleName: -\\r\\nUtcTime: 2026-04-02 10:30:25.847\\r\\nProcessGuid: {d9a99926-4541-69ce-9810-000000000600}\\r\\nProcessId: 4740\\r\\nImage: C:\\\\Windows\\\\System32\\\\WindowsPowerShell\\\\v1.0\\\\powershell.exe\\r\\nTargetFilename: C:\\\\Users\\\\Administrator\\\\AppData\\\\Local\\\\Temp\\\\__PSScriptPolicyTest_jpuzadjv.iwc.ps1\\r\\nCreationUtcTime: 2026-04-02 10:30:25.847\\r\\nUser: WS10\\\\Administrator\\\"\"},\"eventdata\":{\"utcTime\":\"2026-04-02 10:30:25.847\",\"processGuid\":\"{d9a99926-4541-69ce-9810-000000000600}\",\"processId\":\"4740\",\"image\":\"C:\\\\\\\\Windows\\\\\\\\System32\\\\\\\\WindowsPowerShell\\\\\\\\v1.0\\\\\\\\powershell.exe\",\"targetFilename\":\"C:\\\\\\\\Users\\\\\\\\Administrator\\\\\\\\AppData\\\\\\\\Local\\\\\\\\Temp\\\\\\\\__PSScriptPolicyTest_jpuzadjv.iwc.ps1\",\"creationUtcTime\":\"2026-04-02 10:30:25.847\",\"user\":\"WS10\\\\\\\\Administrator\"}}}", "suspicious": true, "suspicious_reason": "group:sysmon, group:windows, keyword:powershell, keyword:sysmon, level>=5, mitre"}
