{"timestamp": "2026-04-02T12:41:46.440+0000", "agent": "WS10", "agent_id": "005", "rule_id": "60602", "level": "9", "groups": "windows, windows_application, system_error", "decoder": "windows_eventchannel", "location": "EventChannel", "src_ip": "-", "mitre_ids": "-", "mitre_tactics": "-", "mitre_techniques": "-", "description": "Windows application error event.", "full_log": "{\"win\":{\"system\":{\"providerName\":\"Microsoft-Windows-CAPI2\",\"providerGuid\":\"{5bbca4a8-b209-48dc-a8c7-b23d3e5216fb}\",\"eventSourceName\":\"Microsoft-Windows-CAPI2\",\"eventID\":\"4107\",\"version\":\"0\",\"level\":\"2\",\"task\":\"0\",\"opcode\":\"0\",\"keywords\":\"0x8080000000000000\",\"systemTime\":\"2026-04-02T10:41:40.8881938Z\",\"eventRecordID\":\"2159\",\"processID\":\"1364\",\"threadID\":\"1436\",\"channel\":\"Application\",\"computer\":\"WS10\",\"severityValue\":\"ERROR\",\"message\":\"\\\"Impossibile estrarre l'elenco radice di terze parti dal file CAB di aggiornamento automatico in <http://ctldl.windowsupdate.com/msdownload/update/v3/static/trustedr/en/authrootstl.cab> a causa dell'errore seguente: Dati non validi.\\r\\n.\\\"\"},\"eventdata\":{\"data\":\"http://ctldl.windowsupdate.com/msdownload/update/v3/static/trustedr/en/authrootstl.cab, Dati non validi.\"}}}", "suspicious": true, "suspicious_reason": "group:windows, level>=5"}
{"timestamp": "2026-04-02T12:44:38.114+0000", "agent": "wazuh-server", "agent_id": "000", "rule_id": "1002", "level": "2", "groups": "syslog, errors", "decoder": "-", "location": "journald", "src_ip": "-", "mitre_ids": "-", "mitre_tactics": "-", "mitre_techniques": "-", "description": "Unknown problem somewhere in the system.", "full_log": "Apr 02 12:44:36 wazuh-server opensearch-dashboards[3018]: {\"type\":\"error\",\"@timestamp\":\"2026-04-02T12:44:36Z\",\"tags\":[\"connection\",\"client\",\"error\"],\"pid\":3018,\"level\":\"error\",\"error\":{\"message\":\"00514610E27F0000:error:0A000416:SSL routines:ssl3_read_bytes:sslv3 alert certificate unknown:../deps/openssl/openssl/ssl/record/rec_layer_s3.c:1586:SSL alert number 46\\n\",\"name\":\"Error\",\"stack\":\"Error: 00514610E27F0000:error:0A000416:SSL routines:ssl3_read_bytes:sslv3 alert certificate unknown:../deps/openssl/openssl/ssl/record/rec_layer_s3.c:1586:SSL alert number 46\\n\",\"code\":\"ERR_SSL_SSLV3_ALERT_CERTIFICATE_UNKNOWN\"},\"message\":\"00514610E27F0000:error:0A000416:SSL routines:ssl3_read_bytes:sslv3 alert certificate unknown:../deps/openssl/openssl/ssl/record/rec_layer_s3.c:1586:SSL alert number 46\\n\"}", "suspicious": false, "suspicious_reason": ""}
{"timestamp": "2026-04-02T12:44:38.114+0000", "agent": "wazuh-server", "agent_id": "000", "rule_id": "1002", "level": "2", "groups": "syslog, errors", "decoder": "-", "location": "journald", "src_ip": "-", "mitre_ids": "-", "mitre_tactics": "-", "mitre_techniques": "-", "description": "Unknown problem somewhere in the system.", "full_log": "Apr 02 12:44:36 wazuh-server opensearch-dashboards[3018]: {\"type\":\"error\",\"@timestamp\":\"2026-04-02T12:44:36Z\",\"tags\":[\"connection\",\"client\",\"error\"],\"pid\":3018,\"level\":\"error\",\"error\":{\"message\":\"00514610E27F0000:error:0A000416:SSL routines:ssl3_read_bytes:sslv3 alert certificate unknown:../deps/openssl/openssl/ssl/record/rec_layer_s3.c:1586:SSL alert number 46\\n\",\"name\":\"Error\",\"stack\":\"Error: 00514610E27F0000:error:0A000416:SSL routines:ssl3_read_bytes:sslv3 alert certificate unknown:../deps/openssl/openssl/ssl/record/rec_layer_s3.c:1586:SSL alert number 46\\n\",\"code\":\"ERR_SSL_SSLV3_ALERT_CERTIFICATE_UNKNOWN\"},\"message\":\"00514610E27F0000:error:0A000416:SSL routines:ssl3_read_bytes:sslv3 alert certificate unknown:../deps/openssl/openssl/ssl/record/rec_layer_s3.c:1586:SSL alert number 46\\n\"}", "suspicious": false, "suspicious_reason": ""}
{"timestamp": "2026-04-02T12:44:38.114+0000", "agent": "wazuh-server", "agent_id": "000", "rule_id": "1002", "level": "2", "groups": "syslog, errors", "decoder": "-", "location": "journald", "src_ip": "-", "mitre_ids": "-", "mitre_tactics": "-", "mitre_techniques": "-", "description": "Unknown problem somewhere in the system.", "full_log": "Apr 02 12:44:36 wazuh-server opensearch-dashboards[3018]: {\"type\":\"error\",\"@timestamp\":\"2026-04-02T12:44:36Z\",\"tags\":[\"connection\",\"client\",\"error\"],\"pid\":3018,\"level\":\"error\",\"error\":{\"message\":\"00514610E27F0000:error:0A000416:SSL routines:ssl3_read_bytes:sslv3 alert certificate unknown:../deps/openssl/openssl/ssl/record/rec_layer_s3.c:1586:SSL alert number 46\\n\",\"name\":\"Error\",\"stack\":\"Error: 00514610E27F0000:error:0A000416:SSL routines:ssl3_read_bytes:sslv3 alert certificate unknown:../deps/openssl/openssl/ssl/record/rec_layer_s3.c:1586:SSL alert number 46\\n\",\"code\":\"ERR_SSL_SSLV3_ALERT_CERTIFICATE_UNKNOWN\"},\"message\":\"00514610E27F0000:error:0A000416:SSL routines:ssl3_read_bytes:sslv3 alert certificate unknown:../deps/openssl/openssl/ssl/record/rec_layer_s3.c:1586:SSL alert number 46\\n\"}", "suspicious": false, "suspicious_reason": ""}
{"timestamp": "2026-04-02T12:44:38.114+0000", "agent": "wazuh-server", "agent_id": "000", "rule_id": "1002", "level": "2", "groups": "syslog, errors", "decoder": "-", "location": "journald", "src_ip": "-", "mitre_ids": "-", "mitre_tactics": "-", "mitre_techniques": "-", "description": "Unknown problem somewhere in the system.", "full_log": "Apr 02 12:44:36 wazuh-server opensearch-dashboards[3018]: {\"type\":\"error\",\"@timestamp\":\"2026-04-02T12:44:36Z\",\"tags\":[\"connection\",\"client\",\"error\"],\"pid\":3018,\"level\":\"error\",\"error\":{\"message\":\"00514610E27F0000:error:0A000416:SSL routines:ssl3_read_bytes:sslv3 alert certificate unknown:../deps/openssl/openssl/ssl/record/rec_layer_s3.c:1586:SSL alert number 46\\n\",\"name\":\"Error\",\"stack\":\"Error: 00514610E27F0000:error:0A000416:SSL routines:ssl3_read_bytes:sslv3 alert certificate unknown:../deps/openssl/openssl/ssl/record/rec_layer_s3.c:1586:SSL alert number 46\\n\",\"code\":\"ERR_SSL_SSLV3_ALERT_CERTIFICATE_UNKNOWN\"},\"message\":\"00514610E27F0000:error:0A000416:SSL routines:ssl3_read_bytes:sslv3 alert certificate unknown:../deps/openssl/openssl/ssl/record/rec_layer_s3.c:1586:SSL alert number 46\\n\"}", "suspicious": false, "suspicious_reason": ""}
{"timestamp": "2026-04-02T12:44:38.114+0000", "agent": "wazuh-server", "agent_id": "000", "rule_id": "1002", "level": "2", "groups": "syslog, errors", "decoder": "-", "location": "journald", "src_ip": "-", "mitre_ids": "-", "mitre_tactics": "-", "mitre_techniques": "-", "description": "Unknown problem somewhere in the system.", "full_log": "Apr 02 12:44:36 wazuh-server opensearch-dashboards[3018]: {\"type\":\"error\",\"@timestamp\":\"2026-04-02T12:44:36Z\",\"tags\":[\"connection\",\"client\",\"error\"],\"pid\":3018,\"level\":\"error\",\"error\":{\"message\":\"00514610E27F0000:error:0A000416:SSL routines:ssl3_read_bytes:sslv3 alert certificate unknown:../deps/openssl/openssl/ssl/record/rec_layer_s3.c:1586:SSL alert number 46\\n\",\"name\":\"Error\",\"stack\":\"Error: 00514610E27F0000:error:0A000416:SSL routines:ssl3_read_bytes:sslv3 alert certificate unknown:../deps/openssl/openssl/ssl/record/rec_layer_s3.c:1586:SSL alert number 46\\n\",\"code\":\"ERR_SSL_SSLV3_ALERT_CERTIFICATE_UNKNOWN\"},\"message\":\"00514610E27F0000:error:0A000416:SSL routines:ssl3_read_bytes:sslv3 alert certificate unknown:../deps/openssl/openssl/ssl/record/rec_layer_s3.c:1586:SSL alert number 46\\n\"}", "suspicious": false, "suspicious_reason": ""}
{"timestamp": "2026-04-02T12:44:38.115+0000", "agent": "wazuh-server", "agent_id": "000", "rule_id": "1002", "level": "2", "groups": "syslog, errors", "decoder": "-", "location": "journald", "src_ip": "-", "mitre_ids": "-", "mitre_tactics": "-", "mitre_techniques": "-", "description": "Unknown problem somewhere in the system.", "full_log": "Apr 02 12:44:36 wazuh-server opensearch-dashboards[3018]: {\"type\":\"error\",\"@timestamp\":\"2026-04-02T12:44:36Z\",\"tags\":[\"connection\",\"client\",\"error\"],\"pid\":3018,\"level\":\"error\",\"error\":{\"message\":\"00514610E27F0000:error:0A000416:SSL routines:ssl3_read_bytes:sslv3 alert certificate unknown:../deps/openssl/openssl/ssl/record/rec_layer_s3.c:1586:SSL alert number 46\\n\",\"name\":\"Error\",\"stack\":\"Error: 00514610E27F0000:error:0A000416:SSL routines:ssl3_read_bytes:sslv3 alert certificate unknown:../deps/openssl/openssl/ssl/record/rec_layer_s3.c:1586:SSL alert number 46\\n\",\"code\":\"ERR_SSL_SSLV3_ALERT_CERTIFICATE_UNKNOWN\"},\"message\":\"00514610E27F0000:error:0A000416:SSL routines:ssl3_read_bytes:sslv3 alert certificate unknown:../deps/openssl/openssl/ssl/record/rec_layer_s3.c:1586:SSL alert number 46\\n\"}", "suspicious": false, "suspicious_reason": ""}
{"timestamp": "2026-04-02T12:44:38.114+0000", "agent": "wazuh-server", "agent_id": "000", "rule_id": "1002", "level": "2", "groups": "syslog, errors", "decoder": "-", "location": "journald", "src_ip": "-", "mitre_ids": "-", "mitre_tactics": "-", "mitre_techniques": "-", "description": "Unknown problem somewhere in the system.", "full_log": "Apr 02 12:44:36 wazuh-server opensearch-dashboards[3018]: {\"type\":\"error\",\"@timestamp\":\"2026-04-02T12:44:36Z\",\"tags\":[\"connection\",\"client\",\"error\"],\"pid\":3018,\"level\":\"error\",\"error\":{\"message\":\"00514610E27F0000:error:0A000416:SSL routines:ssl3_read_bytes:sslv3 alert certificate unknown:../deps/openssl/openssl/ssl/record/rec_layer_s3.c:1586:SSL alert number 46\\n\",\"name\":\"Error\",\"stack\":\"Error: 00514610E27F0000:error:0A000416:SSL routines:ssl3_read_bytes:sslv3 alert certificate unknown:../deps/openssl/openssl/ssl/record/rec_layer_s3.c:1586:SSL alert number 46\\n\",\"code\":\"ERR_SSL_SSLV3_ALERT_CERTIFICATE_UNKNOWN\"},\"message\":\"00514610E27F0000:error:0A000416:SSL routines:ssl3_read_bytes:sslv3 alert certificate unknown:../deps/openssl/openssl/ssl/record/rec_layer_s3.c:1586:SSL alert number 46\\n\"}", "suspicious": false, "suspicious_reason": ""}
{"timestamp": "2026-04-02T12:44:38.115+0000", "agent": "wazuh-server", "agent_id": "000", "rule_id": "1002", "level": "2", "groups": "syslog, errors", "decoder": "-", "location": "journald", "src_ip": "-", "mitre_ids": "-", "mitre_tactics": "-", "mitre_techniques": "-", "description": "Unknown problem somewhere in the system.", "full_log": "Apr 02 12:44:36 wazuh-server opensearch-dashboards[3018]: {\"type\":\"error\",\"@timestamp\":\"2026-04-02T12:44:36Z\",\"tags\":[\"connection\",\"client\",\"error\"],\"pid\":3018,\"level\":\"error\",\"error\":{\"message\":\"00514610E27F0000:error:0A000416:SSL routines:ssl3_read_bytes:sslv3 alert certificate unknown:../deps/openssl/openssl/ssl/record/rec_layer_s3.c:1586:SSL alert number 46\\n\",\"name\":\"Error\",\"stack\":\"Error: 00514610E27F0000:error:0A000416:SSL routines:ssl3_read_bytes:sslv3 alert certificate unknown:../deps/openssl/openssl/ssl/record/rec_layer_s3.c:1586:SSL alert number 46\\n\",\"code\":\"ERR_SSL_SSLV3_ALERT_CERTIFICATE_UNKNOWN\"},\"message\":\"00514610E27F0000:error:0A000416:SSL routines:ssl3_read_bytes:sslv3 alert certificate unknown:../deps/openssl/openssl/ssl/record/rec_layer_s3.c:1586:SSL alert number 46\\n\"}", "suspicious": false, "suspicious_reason": ""}
{"timestamp": "2026-04-02T12:44:38.115+0000", "agent": "wazuh-server", "agent_id": "000", "rule_id": "1002", "level": "2", "groups": "syslog, errors", "decoder": "-", "location": "journald", "src_ip": "-", "mitre_ids": "-", "mitre_tactics": "-", "mitre_techniques": "-", "description": "Unknown problem somewhere in the system.", "full_log": "Apr 02 12:44:36 wazuh-server opensearch-dashboards[3018]: {\"type\":\"error\",\"@timestamp\":\"2026-04-02T12:44:36Z\",\"tags\":[\"connection\",\"client\",\"error\"],\"pid\":3018,\"level\":\"error\",\"error\":{\"message\":\"00514610E27F0000:error:0A000416:SSL routines:ssl3_read_bytes:sslv3 alert certificate unknown:../deps/openssl/openssl/ssl/record/rec_layer_s3.c:1586:SSL alert number 46\\n\",\"name\":\"Error\",\"stack\":\"Error: 00514610E27F0000:error:0A000416:SSL routines:ssl3_read_bytes:sslv3 alert certificate unknown:../deps/openssl/openssl/ssl/record/rec_layer_s3.c:1586:SSL alert number 46\\n\",\"code\":\"ERR_SSL_SSLV3_ALERT_CERTIFICATE_UNKNOWN\"},\"message\":\"00514610E27F0000:error:0A000416:SSL routines:ssl3_read_bytes:sslv3 alert certificate unknown:../deps/openssl/openssl/ssl/record/rec_layer_s3.c:1586:SSL alert number 46\\n\"}", "suspicious": false, "suspicious_reason": ""}
{"timestamp": "2026-04-02T12:44:38.117+0000", "agent": "wazuh-server", "agent_id": "000", "rule_id": "1002", "level": "2", "groups": "syslog, errors", "decoder": "-", "location": "journald", "src_ip": "-", "mitre_ids": "-", "mitre_tactics": "-", "mitre_techniques": "-", "description": "Unknown problem somewhere in the system.", "full_log": "Apr 02 12:44:36 wazuh-server opensearch-dashboards[3018]: {\"type\":\"error\",\"@timestamp\":\"2026-04-02T12:44:36Z\",\"tags\":[\"connection\",\"client\",\"error\"],\"pid\":3018,\"level\":\"error\",\"error\":{\"message\":\"00514610E27F0000:error:0A000416:SSL routines:ssl3_read_bytes:sslv3 alert certificate unknown:../deps/openssl/openssl/ssl/record/rec_layer_s3.c:1586:SSL alert number 46\\n\",\"name\":\"Error\",\"stack\":\"Error: 00514610E27F0000:error:0A000416:SSL routines:ssl3_read_bytes:sslv3 alert certificate unknown:../deps/openssl/openssl/ssl/record/rec_layer_s3.c:1586:SSL alert number 46\\n\",\"code\":\"ERR_SSL_SSLV3_ALERT_CERTIFICATE_UNKNOWN\"},\"message\":\"00514610E27F0000:error:0A000416:SSL routines:ssl3_read_bytes:sslv3 alert certificate unknown:../deps/openssl/openssl/ssl/record/rec_layer_s3.c:1586:SSL alert number 46\\n\"}", "suspicious": false, "suspicious_reason": ""}
{"timestamp": "2026-04-02T12:44:48.133+0000", "agent": "wazuh-server", "agent_id": "000", "rule_id": "1002", "level": "2", "groups": "syslog, errors", "decoder": "-", "location": "journald", "src_ip": "-", "mitre_ids": "-", "mitre_tactics": "-", "mitre_techniques": "-", "description": "Unknown problem somewhere in the system.", "full_log": "Apr 02 12:44:47 wazuh-server opensearch-dashboards[3018]: {\"type\":\"error\",\"@timestamp\":\"2026-04-02T12:44:47Z\",\"tags\":[\"connection\",\"client\",\"error\"],\"pid\":3018,\"level\":\"error\",\"error\":{\"message\":\"00514610E27F0000:error:0A000416:SSL routines:ssl3_read_bytes:sslv3 alert certificate unknown:../deps/openssl/openssl/ssl/record/rec_layer_s3.c:1586:SSL alert number 46\\n\",\"name\":\"Error\",\"stack\":\"Error: 00514610E27F0000:error:0A000416:SSL routines:ssl3_read_bytes:sslv3 alert certificate unknown:../deps/openssl/openssl/ssl/record/rec_layer_s3.c:1586:SSL alert number 46\\n\",\"code\":\"ERR_SSL_SSLV3_ALERT_CERTIFICATE_UNKNOWN\"},\"message\":\"00514610E27F0000:error:0A000416:SSL routines:ssl3_read_bytes:sslv3 alert certificate unknown:../deps/openssl/openssl/ssl/record/rec_layer_s3.c:1586:SSL alert number 46\\n\"}", "suspicious": false, "suspicious_reason": ""}
{"timestamp": "2026-04-02T12:44:48.134+0000", "agent": "wazuh-server", "agent_id": "000", "rule_id": "1002", "level": "2", "groups": "syslog, errors", "decoder": "-", "location": "journald", "src_ip": "-", "mitre_ids": "-", "mitre_tactics": "-", "mitre_techniques": "-", "description": "Unknown problem somewhere in the system.", "full_log": "Apr 02 12:44:47 wazuh-server opensearch-dashboards[3018]: {\"type\":\"error\",\"@timestamp\":\"2026-04-02T12:44:47Z\",\"tags\":[\"connection\",\"client\",\"error\"],\"pid\":3018,\"level\":\"error\",\"error\":{\"message\":\"00514610E27F0000:error:0A000416:SSL routines:ssl3_read_bytes:sslv3 alert certificate unknown:../deps/openssl/openssl/ssl/record/rec_layer_s3.c:1586:SSL alert number 46\\n\",\"name\":\"Error\",\"stack\":\"Error: 00514610E27F0000:error:0A000416:SSL routines:ssl3_read_bytes:sslv3 alert certificate unknown:../deps/openssl/openssl/ssl/record/rec_layer_s3.c:1586:SSL alert number 46\\n\",\"code\":\"ERR_SSL_SSLV3_ALERT_CERTIFICATE_UNKNOWN\"},\"message\":\"00514610E27F0000:error:0A000416:SSL routines:ssl3_read_bytes:sslv3 alert certificate unknown:../deps/openssl/openssl/ssl/record/rec_layer_s3.c:1586:SSL alert number 46\\n\"}", "suspicious": false, "suspicious_reason": ""}
{"timestamp": "2026-04-02T12:44:48.135+0000", "agent": "wazuh-server", "agent_id": "000", "rule_id": "1002", "level": "2", "groups": "syslog, errors", "decoder": "-", "location": "journald", "src_ip": "-", "mitre_ids": "-", "mitre_tactics": "-", "mitre_techniques": "-", "description": "Unknown problem somewhere in the system.", "full_log": "Apr 02 12:44:47 wazuh-server opensearch-dashboards[3018]: {\"type\":\"error\",\"@timestamp\":\"2026-04-02T12:44:47Z\",\"tags\":[\"connection\",\"client\",\"error\"],\"pid\":3018,\"level\":\"error\",\"error\":{\"message\":\"00514610E27F0000:error:0A000416:SSL routines:ssl3_read_bytes:sslv3 alert certificate unknown:../deps/openssl/openssl/ssl/record/rec_layer_s3.c:1586:SSL alert number 46\\n\",\"name\":\"Error\",\"stack\":\"Error: 00514610E27F0000:error:0A000416:SSL routines:ssl3_read_bytes:sslv3 alert certificate unknown:../deps/openssl/openssl/ssl/record/rec_layer_s3.c:1586:SSL alert number 46\\n\",\"code\":\"ERR_SSL_SSLV3_ALERT_CERTIFICATE_UNKNOWN\"},\"message\":\"00514610E27F0000:error:0A000416:SSL routines:ssl3_read_bytes:sslv3 alert certificate unknown:../deps/openssl/openssl/ssl/record/rec_layer_s3.c:1586:SSL alert number 46\\n\"}", "suspicious": false, "suspicious_reason": ""}
{"timestamp": "2026-04-02T12:44:48.136+0000", "agent": "wazuh-server", "agent_id": "000", "rule_id": "1002", "level": "2", "groups": "syslog, errors", "decoder": "-", "location": "journald", "src_ip": "-", "mitre_ids": "-", "mitre_tactics": "-", "mitre_techniques": "-", "description": "Unknown problem somewhere in the system.", "full_log": "Apr 02 12:44:48 wazuh-server opensearch-dashboards[3018]: {\"type\":\"error\",\"@timestamp\":\"2026-04-02T12:44:48Z\",\"tags\":[\"connection\",\"client\",\"error\"],\"pid\":3018,\"level\":\"error\",\"error\":{\"message\":\"00514610E27F0000:error:0A000416:SSL routines:ssl3_read_bytes:sslv3 alert certificate unknown:../deps/openssl/openssl/ssl/record/rec_layer_s3.c:1586:SSL alert number 46\\n\",\"name\":\"Error\",\"stack\":\"Error: 00514610E27F0000:error:0A000416:SSL routines:ssl3_read_bytes:sslv3 alert certificate unknown:../deps/openssl/openssl/ssl/record/rec_layer_s3.c:1586:SSL alert number 46\\n\",\"code\":\"ERR_SSL_SSLV3_ALERT_CERTIFICATE_UNKNOWN\"},\"message\":\"00514610E27F0000:error:0A000416:SSL routines:ssl3_read_bytes:sslv3 alert certificate unknown:../deps/openssl/openssl/ssl/record/rec_layer_s3.c:1586:SSL alert number 46\\n\"}", "suspicious": false, "suspicious_reason": ""}
{"timestamp": "2026-04-02T12:44:50.138+0000", "agent": "wazuh-server", "agent_id": "000", "rule_id": "1002", "level": "2", "groups": "syslog, errors", "decoder": "-", "location": "journald", "src_ip": "-", "mitre_ids": "-", "mitre_tactics": "-", "mitre_techniques": "-", "description": "Unknown problem somewhere in the system.", "full_log": "Apr 02 12:44:48 wazuh-server opensearch-dashboards[3018]: {\"type\":\"error\",\"@timestamp\":\"2026-04-02T12:44:48Z\",\"tags\":[\"connection\",\"client\",\"error\"],\"pid\":3018,\"level\":\"error\",\"error\":{\"message\":\"00514610E27F0000:error:0A000416:SSL routines:ssl3_read_bytes:sslv3 alert certificate unknown:../deps/openssl/openssl/ssl/record/rec_layer_s3.c:1586:SSL alert number 46\\n\",\"name\":\"Error\",\"stack\":\"Error: 00514610E27F0000:error:0A000416:SSL routines:ssl3_read_bytes:sslv3 alert certificate unknown:../deps/openssl/openssl/ssl/record/rec_layer_s3.c:1586:SSL alert number 46\\n\",\"code\":\"ERR_SSL_SSLV3_ALERT_CERTIFICATE_UNKNOWN\"},\"message\":\"00514610E27F0000:error:0A000416:SSL routines:ssl3_read_bytes:sslv3 alert certificate unknown:../deps/openssl/openssl/ssl/record/rec_layer_s3.c:1586:SSL alert number 46\\n\"}", "suspicious": false, "suspicious_reason": ""}
{"timestamp": "2026-04-02T12:44:50.139+0000", "agent": "wazuh-server", "agent_id": "000", "rule_id": "1002", "level": "2", "groups": "syslog, errors", "decoder": "-", "location": "journald", "src_ip": "-", "mitre_ids": "-", "mitre_tactics": "-", "mitre_techniques": "-", "description": "Unknown problem somewhere in the system.", "full_log": "Apr 02 12:44:48 wazuh-server opensearch-dashboards[3018]: {\"type\":\"error\",\"@timestamp\":\"2026-04-02T12:44:48Z\",\"tags\":[\"connection\",\"client\",\"error\"],\"pid\":3018,\"level\":\"error\",\"error\":{\"message\":\"00514610E27F0000:error:0A000416:SSL routines:ssl3_read_bytes:sslv3 alert certificate unknown:../deps/openssl/openssl/ssl/record/rec_layer_s3.c:1586:SSL alert number 46\\n\",\"name\":\"Error\",\"stack\":\"Error: 00514610E27F0000:error:0A000416:SSL routines:ssl3_read_bytes:sslv3 alert certificate unknown:../deps/openssl/openssl/ssl/record/rec_layer_s3.c:1586:SSL alert number 46\\n\",\"code\":\"ERR_SSL_SSLV3_ALERT_CERTIFICATE_UNKNOWN\"},\"message\":\"00514610E27F0000:error:0A000416:SSL routines:ssl3_read_bytes:sslv3 alert certificate unknown:../deps/openssl/openssl/ssl/record/rec_layer_s3.c:1586:SSL alert number 46\\n\"}", "suspicious": false, "suspicious_reason": ""}
{"timestamp": "2026-04-02T12:44:50.139+0000", "agent": "wazuh-server", "agent_id": "000", "rule_id": "1002", "level": "2", "groups": "syslog, errors", "decoder": "-", "location": "journald", "src_ip": "-", "mitre_ids": "-", "mitre_tactics": "-", "mitre_techniques": "-", "description": "Unknown problem somewhere in the system.", "full_log": "Apr 02 12:44:48 wazuh-server opensearch-dashboards[3018]: {\"type\":\"error\",\"@timestamp\":\"2026-04-02T12:44:48Z\",\"tags\":[\"connection\",\"client\",\"error\"],\"pid\":3018,\"level\":\"error\",\"error\":{\"message\":\"00514610E27F0000:error:0A000416:SSL routines:ssl3_read_bytes:sslv3 alert certificate unknown:../deps/openssl/openssl/ssl/record/rec_layer_s3.c:1586:SSL alert number 46\\n\",\"name\":\"Error\",\"stack\":\"Error: 00514610E27F0000:error:0A000416:SSL routines:ssl3_read_bytes:sslv3 alert certificate unknown:../deps/openssl/openssl/ssl/record/rec_layer_s3.c:1586:SSL alert number 46\\n\",\"code\":\"ERR_SSL_SSLV3_ALERT_CERTIFICATE_UNKNOWN\"},\"message\":\"00514610E27F0000:error:0A000416:SSL routines:ssl3_read_bytes:sslv3 alert certificate unknown:../deps/openssl/openssl/ssl/record/rec_layer_s3.c:1586:SSL alert number 46\\n\"}", "suspicious": false, "suspicious_reason": ""}
{"timestamp": "2026-04-02T12:44:50.139+0000", "agent": "wazuh-server", "agent_id": "000", "rule_id": "1002", "level": "2", "groups": "syslog, errors", "decoder": "-", "location": "journald", "src_ip": "-", "mitre_ids": "-", "mitre_tactics": "-", "mitre_techniques": "-", "description": "Unknown problem somewhere in the system.", "full_log": "Apr 02 12:44:48 wazuh-server opensearch-dashboards[3018]: {\"type\":\"error\",\"@timestamp\":\"2026-04-02T12:44:48Z\",\"tags\":[\"connection\",\"client\",\"error\"],\"pid\":3018,\"level\":\"error\",\"error\":{\"message\":\"00514610E27F0000:error:0A000416:SSL routines:ssl3_read_bytes:sslv3 alert certificate unknown:../deps/openssl/openssl/ssl/record/rec_layer_s3.c:1586:SSL alert number 46\\n\",\"name\":\"Error\",\"stack\":\"Error: 00514610E27F0000:error:0A000416:SSL routines:ssl3_read_bytes:sslv3 alert certificate unknown:../deps/openssl/openssl/ssl/record/rec_layer_s3.c:1586:SSL alert number 46\\n\",\"code\":\"ERR_SSL_SSLV3_ALERT_CERTIFICATE_UNKNOWN\"},\"message\":\"00514610E27F0000:error:0A000416:SSL routines:ssl3_read_bytes:sslv3 alert certificate unknown:../deps/openssl/openssl/ssl/record/rec_layer_s3.c:1586:SSL alert number 46\\n\"}", "suspicious": false, "suspicious_reason": ""}
{"timestamp": "2026-04-02T12:44:50.141+0000", "agent": "wazuh-server", "agent_id": "000", "rule_id": "1002", "level": "2", "groups": "syslog, errors", "decoder": "-", "location": "journald", "src_ip": "-", "mitre_ids": "-", "mitre_tactics": "-", "mitre_techniques": "-", "description": "Unknown problem somewhere in the system.", "full_log": "Apr 02 12:44:48 wazuh-server opensearch-dashboards[3018]: {\"type\":\"error\",\"@timestamp\":\"2026-04-02T12:44:48Z\",\"tags\":[\"connection\",\"client\",\"error\"],\"pid\":3018,\"level\":\"error\",\"error\":{\"message\":\"00514610E27F0000:error:0A000416:SSL routines:ssl3_read_bytes:sslv3 alert certificate unknown:../deps/openssl/openssl/ssl/record/rec_layer_s3.c:1586:SSL alert number 46\\n\",\"name\":\"Error\",\"stack\":\"Error: 00514610E27F0000:error:0A000416:SSL routines:ssl3_read_bytes:sslv3 alert certificate unknown:../deps/openssl/openssl/ssl/record/rec_layer_s3.c:1586:SSL alert number 46\\n\",\"code\":\"ERR_SSL_SSLV3_ALERT_CERTIFICATE_UNKNOWN\"},\"message\":\"00514610E27F0000:error:0A000416:SSL routines:ssl3_read_bytes:sslv3 alert certificate unknown:../deps/openssl/openssl/ssl/record/rec_layer_s3.c:1586:SSL alert number 46\\n\"}", "suspicious": false, "suspicious_reason": ""}
{"timestamp": "2026-04-02T14:29:07.866+0000", "agent": "wazuh-server", "agent_id": "000", "rule_id": "80730", "level": "3", "groups": "audit, audit_selinux", "decoder": "auditd", "location": "/var/log/audit/audit.log", "src_ip": "-", "mitre_ids": "-", "mitre_tactics": "-", "mitre_techniques": "-", "description": "Auditd: SELinux permission check.", "full_log": "type=AVC msg=audit(1775140147.190:2716): avc:  denied  { open } for  pid=45113 comm=\"ifup-post\" path=\"/tmp/tmp.08SklQw5C6\" dev=\"tmpfs\" ino=116 scontext=system_u:system_r:init_t:s0 tcontext=system_u:object_r:tmp_t:s0 tclass=file permissive=1", "suspicious": false, "suspicious_reason": ""}
{"timestamp": "2026-04-02T14:29:07.866+0000", "agent": "wazuh-server", "agent_id": "000", "rule_id": "80730", "level": "3", "groups": "audit, audit_selinux", "decoder": "auditd", "location": "/var/log/audit/audit.log", "src_ip": "-", "mitre_ids": "-", "mitre_tactics": "-", "mitre_techniques": "-", "description": "Auditd: SELinux permission check.", "full_log": "type=AVC msg=audit(1775140147.210:2719): avc:  denied  { execute_no_trans } for  pid=45214 comm=\"network\" path=\"/etc/sysconfig/network-scripts/init.ipv6-global\" dev=\"sda1\" ino=1807960 scontext=system_u:system_r:init_t:s0 tcontext=unconfined_u:object_r:net_conf_t:s0 tclass=file permissive=1", "suspicious": false, "suspicious_reason": ""}
{"timestamp": "2026-04-02T14:29:07.866+0000", "agent": "wazuh-server", "agent_id": "000", "rule_id": "80730", "level": "3", "groups": "audit, audit_selinux", "decoder": "auditd", "location": "/var/log/audit/audit.log", "src_ip": "-", "mitre_ids": "-", "mitre_tactics": "-", "mitre_techniques": "-", "description": "Auditd: SELinux permission check.", "full_log": "type=AVC msg=audit(1775140147.200:2717): avc:  denied  { write } for  pid=45209 comm=\"ifup-post\" name=\"resolv.conf\" dev=\"tmpfs\" ino=2674 scontext=system_u:system_r:init_t:s0 tcontext=system_u:object_r:net_conf_t:s0 tclass=file permissive=1", "suspicious": false, "suspicious_reason": ""}
{"timestamp": "2026-04-02T14:29:07.866+0000", "agent": "wazuh-server", "agent_id": "000", "rule_id": "80730", "level": "3", "groups": "audit, audit_selinux", "decoder": "auditd", "location": "/var/log/audit/audit.log", "src_ip": "-", "mitre_ids": "-", "mitre_tactics": "-", "mitre_techniques": "-", "description": "Auditd: SELinux permission check.", "full_log": "type=AVC msg=audit(1775140147.210:2718): avc:  denied  { execute } for  pid=45002 comm=\"network\" name=\"init.ipv6-global\" dev=\"sda1\" ino=1807960 scontext=system_u:system_r:init_t:s0 tcontext=unconfined_u:object_r:net_conf_t:s0 tclass=file permissive=1", "suspicious": false, "suspicious_reason": ""}
{"timestamp": "2026-04-02T14:29:08.224+0000", "agent": "wazuh-server", "agent_id": "000", "rule_id": "5501", "level": "3", "groups": "pam, syslog, authentication_success", "decoder": "pam", "location": "journald", "src_ip": "-", "mitre_ids": "T1078", "mitre_tactics": "Defense Evasion, Persistence, Privilege Escalation, Initial Access", "mitre_techniques": "Valid Accounts", "description": "PAM: Login session opened.", "full_log": "Apr 02 14:29:06 wazuh-server sshd[45142]: pam_unix(sshd:session): session opened for user root(uid=0) by (uid=0)", "suspicious": true, "suspicious_reason": "mitre"}
{"timestamp": "2026-04-02T14:29:08.224+0000", "agent": "wazuh-server", "agent_id": "000", "rule_id": "5715", "level": "3", "groups": "syslog, sshd, authentication_success", "decoder": "sshd", "location": "journald", "src_ip": "192.168.30.14", "mitre_ids": "T1078, T1021", "mitre_tactics": "Defense Evasion, Persistence, Privilege Escalation, Initial Access, Lateral Movement", "mitre_techniques": "Valid Accounts, Remote Services", "description": "sshd: authentication success.", "full_log": "Apr 02 14:29:06 wazuh-server sshd[45142]: Accepted password for root from 192.168.30.14 port 18282 ssh2", "suspicious": true, "suspicious_reason": "mitre, srcip"}
{"timestamp": "2026-04-02T14:29:26.491+0000", "agent": "WS10", "agent_id": "005", "rule_id": "92032", "level": "3", "groups": "sysmon, sysmon_eid1_detections, windows", "decoder": "windows_eventchannel", "location": "EventChannel", "src_ip": "-", "mitre_ids": "T1087, T1059.003", "mitre_tactics": "Discovery, Execution", "mitre_techniques": "Account Discovery, Windows Command Shell", "description": "Suspicious Windows cmd shell execution", "full_log": "{\"win\":{\"system\":{\"providerName\":\"Microsoft-Windows-Sysmon\",\"providerGuid\":\"{5770385f-c22a-43e0-bf4c-06f5698ffbd9}\",\"eventID\":\"1\",\"version\":\"5\",\"level\":\"4\",\"task\":\"1\",\"opcode\":\"0\",\"keywords\":\"0x8000000000000000\",\"systemTime\":\"2026-04-02T10:47:29.1823501Z\",\"eventRecordID\":\"537193\",\"processID\":\"7940\",\"threadID\":\"8064\",\"channel\":\"Microsoft-Windows-Sysmon/Operational\",\"computer\":\"WS10\",\"severityValue\":\"INFORMATION\",\"message\":\"\\\"Process Create:\\r\\nRuleName: -\\r\\nUtcTime: 2026-04-02 10:47:29.181\\r\\nProcessGuid: {d9a99926-4941-69ce-c710-000000000600}\\r\\nProcessId: 3020\\r\\nImage: C:\\\\Windows\\\\System32\\\\conhost.exe\\r\\nFileVersion: 10.0.19041.5198 (WinBuild.160101.0800)\\r\\nDescription: Console Window Host\\r\\nProduct: Microsoft® Windows® Operating System\\r\\nCompany: Microsoft Corporation\\r\\nOriginalFileName: CONHOST.EXE\\r\\nCommandLine: \\\\??\\\\C:\\\\Windows\\\\system32\\\\conhost.exe 0xffffffff -ForceV1\\r\\nCurrentDirectory: C:\\\\Windows\\r\\nUser: NT AUTHORITY\\\\SYSTEM\\r\\nLogonGuid: {d9a99926-1db7-69ca-e703-000000000000}\\r\\nLogonId: 0x3E7\\r\\nTerminalSessionId: 0\\r\\nIntegrityLevel: System\\r\\nHashes: MD5=7850554B5C650163FC168AA08F18E343,SHA256=B02EE54FB2EC69673386D41119EE8ED083A6EAB3BFCA6AA2155D20CE68EF8963,IMPHASH=0F64302D3280DE299F4C51A78746F606\\r\\nParentProcessGuid: {d9a99926-4941-69ce-c610-000000000600}\\r\\nParentProcessId: 9780\\r\\nParentImage: C:\\\\Windows\\\\System32\\\\cmd.exe\\r\\nParentCommandLine: C:\\\\Windows\\\\system32\\\\cmd.exe /c \\\"\\\"C:\\\\Program Files\\\\VMware\\\\VMware Tools\\\\suspend-vm-default.bat\\\"\\\"\\r\\nParentUser: NT AUTHORITY\\\\SYSTEM\\\"\"},\"eventdata\":{\"utcTime\":\"2026-04-02 10:47:29.181\",\"processGuid\":\"{d9a99926-4941-69ce-c710-000000000600}\",\"processId\":\"3020\",\"image\":\"C:\\\\\\\\Windows\\\\\\\\System32\\\\\\\\conhost.exe\",\"fileVersion\":\"10.0.19041.5198 (WinBuild.160101.0800)\",\"description\":\"Console Window Host\",\"product\":\"Microsoft® Windows® Operating System\",\"company\":\"Microsoft Corporation\",\"originalFileName\":\"CONHOST.EXE\",\"commandLine\":\"\\\\\\\\??\\\\\\\\C:\\\\\\\\Windows\\\\\\\\system32\\\\\\\\conhost.exe 0xffffffff -ForceV1\",\"currentDirectory\":\"C:\\\\\\\\Windows\",\"user\":\"NT AUTHORITY\\\\\\\\SYSTEM\",\"logonGuid\":\"{d9a99926-1db7-69ca-e703-000000000000}\",\"logonId\":\"0x3e7\",\"terminalSessionId\":\"0\",\"integrityLevel\":\"System\",\"hashes\":\"MD5=7850554B5C650163FC168AA08F18E343,SHA256=B02EE54FB2EC69673386D41119EE8ED083A6EAB3BFCA6AA2155D20CE68EF8963,IMPHASH=0F64302D3280DE299F4C51A78746F606\",\"parentProcessGuid\":\"{d9a99926-4941-69ce-c610-000000000600}\",\"parentProcessId\":\"9780\",\"parentImage\":\"C:\\\\\\\\Windows\\\\\\\\System32\\\\\\\\cmd.exe\",\"parentCommandLine\":\"C:\\\\\\\\Windows\\\\\\\\system32\\\\\\\\cmd.exe /c \\\\\\\"\\\\\\\"C:\\\\\\\\Program Files\\\\\\\\VMware\\\\\\\\VMware Tools\\\\\\\\suspend-vm-default.bat\\\\\\\"\\\\\\\"\",\"parentUser\":\"NT AUTHORITY\\\\\\\\SYSTEM\"}}}", "suspicious": true, "suspicious_reason": "group:sysmon, group:windows, keyword:cmd.exe, keyword:sysmon, keyword:t1059, mitre"}
{"timestamp": "2026-04-02T14:29:26.568+0000", "agent": "WS10", "agent_id": "005", "rule_id": "92032", "level": "3", "groups": "sysmon, sysmon_eid1_detections, windows", "decoder": "windows_eventchannel", "location": "EventChannel", "src_ip": "-", "mitre_ids": "T1087, T1059.003", "mitre_tactics": "Discovery, Execution", "mitre_techniques": "Account Discovery, Windows Command Shell", "description": "Suspicious Windows cmd shell execution", "full_log": "{\"win\":{\"system\":{\"providerName\":\"Microsoft-Windows-Sysmon\",\"providerGuid\":\"{5770385f-c22a-43e0-bf4c-06f5698ffbd9}\",\"eventID\":\"1\",\"version\":\"5\",\"level\":\"4\",\"task\":\"1\",\"opcode\":\"0\",\"keywords\":\"0x8000000000000000\",\"systemTime\":\"2026-04-02T12:28:21.0235371Z\",\"eventRecordID\":\"537198\",\"processID\":\"7940\",\"threadID\":\"8064\",\"channel\":\"Microsoft-Windows-Sysmon/Operational\",\"computer\":\"WS10\",\"severityValue\":\"INFORMATION\",\"message\":\"\\\"Process Create:\\r\\nRuleName: -\\r\\nUtcTime: 2026-04-02 12:28:21.022\\r\\nProcessGuid: {d9a99926-60e5-69ce-cb10-000000000600}\\r\\nProcessId: 9540\\r\\nImage: C:\\\\Windows\\\\System32\\\\conhost.exe\\r\\nFileVersion: 10.0.19041.5198 (WinBuild.160101.0800)\\r\\nDescription: Console Window Host\\r\\nProduct: Microsoft® Windows® Operating System\\r\\nCompany: Microsoft Corporation\\r\\nOriginalFileName: CONHOST.EXE\\r\\nCommandLine: \\\\??\\\\C:\\\\Windows\\\\system32\\\\conhost.exe 0xffffffff -ForceV1\\r\\nCurrentDirectory: C:\\\\Windows\\r\\nUser: NT AUTHORITY\\\\SYSTEM\\r\\nLogonGuid: {d9a99926-1db7-69ca-e703-000000000000}\\r\\nLogonId: 0x3E7\\r\\nTerminalSessionId: 0\\r\\nIntegrityLevel: System\\r\\nHashes: MD5=7850554B5C650163FC168AA08F18E343,SHA256=B02EE54FB2EC69673386D41119EE8ED083A6EAB3BFCA6AA2155D20CE68EF8963,IMPHASH=0F64302D3280DE299F4C51A78746F606\\r\\nParentProcessGuid: {d9a99926-60e5-69ce-c910-000000000600}\\r\\nParentProcessId: 912\\r\\nParentImage: C:\\\\Windows\\\\System32\\\\cmd.exe\\r\\nParentCommandLine: C:\\\\Windows\\\\system32\\\\cmd.exe /c \\\"\\\"C:\\\\Program Files\\\\VMware\\\\VMware Tools\\\\resume-vm-default.bat\\\"\\\"\\r\\nParentUser: NT AUTHORITY\\\\SYSTEM\\\"\"},\"eventdata\":{\"utcTime\":\"2026-04-02 12:28:21.022\",\"processGuid\":\"{d9a99926-60e5-69ce-cb10-000000000600}\",\"processId\":\"9540\",\"image\":\"C:\\\\\\\\Windows\\\\\\\\System32\\\\\\\\conhost.exe\",\"fileVersion\":\"10.0.19041.5198 (WinBuild.160101.0800)\",\"description\":\"Console Window Host\",\"product\":\"Microsoft® Windows® Operating System\",\"company\":\"Microsoft Corporation\",\"originalFileName\":\"CONHOST.EXE\",\"commandLine\":\"\\\\\\\\??\\\\\\\\C:\\\\\\\\Windows\\\\\\\\system32\\\\\\\\conhost.exe 0xffffffff -ForceV1\",\"currentDirectory\":\"C:\\\\\\\\Windows\",\"user\":\"NT AUTHORITY\\\\\\\\SYSTEM\",\"logonGuid\":\"{d9a99926-1db7-69ca-e703-000000000000}\",\"logonId\":\"0x3e7\",\"terminalSessionId\":\"0\",\"integrityLevel\":\"System\",\"hashes\":\"MD5=7850554B5C650163FC168AA08F18E343,SHA256=B02EE54FB2EC69673386D41119EE8ED083A6EAB3BFCA6AA2155D20CE68EF8963,IMPHASH=0F64302D3280DE299F4C51A78746F606\",\"parentProcessGuid\":\"{d9a99926-60e5-69ce-c910-000000000600}\",\"parentProcessId\":\"912\",\"parentImage\":\"C:\\\\\\\\Windows\\\\\\\\System32\\\\\\\\cmd.exe\",\"parentCommandLine\":\"C:\\\\\\\\Windows\\\\\\\\system32\\\\\\\\cmd.exe /c \\\\\\\"\\\\\\\"C:\\\\\\\\Program Files\\\\\\\\VMware\\\\\\\\VMware Tools\\\\\\\\resume-vm-default.bat\\\\\\\"\\\\\\\"\",\"parentUser\":\"NT AUTHORITY\\\\\\\\SYSTEM\"}}}", "suspicious": true, "suspicious_reason": "group:sysmon, group:windows, keyword:cmd.exe, keyword:sysmon, keyword:t1059, mitre"}
{"timestamp": "2026-04-02T14:29:32.228+0000", "agent": "wazuh-server", "agent_id": "000", "rule_id": "5501", "level": "3", "groups": "pam, syslog, authentication_success", "decoder": "pam", "location": "journald", "src_ip": "-", "mitre_ids": "T1078", "mitre_tactics": "Defense Evasion, Persistence, Privilege Escalation, Initial Access", "mitre_techniques": "Valid Accounts", "description": "PAM: Login session opened.", "full_log": "Apr 02 14:29:30 wazuh-server sshd[45232]: pam_unix(sshd:session): session opened for user root(uid=0) by (uid=0)", "suspicious": true, "suspicious_reason": "mitre"}
{"timestamp": "2026-04-02T14:29:32.228+0000", "agent": "wazuh-server", "agent_id": "000", "rule_id": "5715", "level": "3", "groups": "syslog, sshd, authentication_success", "decoder": "sshd", "location": "journald", "src_ip": "192.168.30.14", "mitre_ids": "T1078, T1021", "mitre_tactics": "Defense Evasion, Persistence, Privilege Escalation, Initial Access, Lateral Movement", "mitre_techniques": "Valid Accounts, Remote Services", "description": "sshd: authentication success.", "full_log": "Apr 02 14:29:30 wazuh-server sshd[45232]: Accepted password for root from 192.168.30.14 port 18289 ssh2", "suspicious": true, "suspicious_reason": "mitre, srcip"}
{"timestamp": "2026-04-02T14:29:33.302+0000", "agent": "WS10", "agent_id": "005", "rule_id": "60132", "level": "5", "groups": "windows, windows_security, time_changed", "decoder": "windows_eventchannel", "location": "EventChannel", "src_ip": "-", "mitre_ids": "-", "mitre_tactics": "-", "mitre_techniques": "-", "description": "System time changed", "full_log": "{\"win\":{\"system\":{\"providerName\":\"Microsoft-Windows-Security-Auditing\",\"providerGuid\":\"{54849625-5478-4994-a5ba-3e3b0328c30d}\",\"eventID\":\"4616\",\"version\":\"1\",\"level\":\"0\",\"task\":\"12288\",\"opcode\":\"0\",\"keywords\":\"0x8020000000000000\",\"systemTime\":\"2026-04-02T12:28:20.9414902Z\",\"eventRecordID\":\"20393\",\"processID\":\"4\",\"threadID\":\"8032\",\"channel\":\"Security\",\"computer\":\"WS10\",\"severityValue\":\"AUDIT_SUCCESS\",\"message\":\"\\\"L'ora di sistema è stata cambiata.\\r\\n\\r\\nSoggetto:\\r\\n\\tID sicurezza:\\t\\tS-1-5-18\\r\\n\\tNome account:\\t\\tWS10$\\r\\n\\tDominio account:\\t\\tWORKGROUP\\r\\n\\tID accesso:\\t\\t0x3E7\\r\\n\\r\\nInformazioni processo:\\r\\n\\tID processo:\\t0x900\\r\\n\\tNome:\\t\\tC:\\\\Program Files\\\\VMware\\\\VMware Tools\\\\vmtoolsd.exe\\r\\n\\r\\nOra precedente:\\t\\t‎2026‎-‎04‎-‎02T10:47:29.271684600Z\\r\\nNuova ora:\\t\\t‎2026‎-‎04‎-‎02T12:28:20.935000000Z\\r\\n\\r\\nQuesto evento viene generato quando l'ora di sistema viene cambiata. L'ora di sistema viene periodicamente cambiata dal servizio Ora di Windows, il quale viene eseguito con il privilegio di sistema. Altri cambiamenti dell'ora di sistema potrebbero indicare tentativi di manomissione del computer.\\\"\"},\"eventdata\":{\"subjectUserSid\":\"S-1-5-18\",\"subjectUserName\":\"WS10$\",\"subjectDomainName\":\"WORKGROUP\",\"subjectLogonId\":\"0x3e7\",\"previousTime\":\"2026-04-02T10:47:29.2716846Z\",\"newTime\":\"2026-04-02T12:28:20.9350000Z\",\"processId\":\"0x900\",\"processName\":\"C:\\\\\\\\Program Files\\\\\\\\VMware\\\\\\\\VMware Tools\\\\\\\\vmtoolsd.exe\"}}}", "suspicious": true, "suspicious_reason": "group:windows, level>=5"}
{"timestamp": "2026-04-02T14:29:38.545+0000", "agent": "WS10", "agent_id": "005", "rule_id": "60602", "level": "9", "groups": "windows, windows_application, system_error", "decoder": "windows_eventchannel", "location": "EventChannel", "src_ip": "-", "mitre_ids": "-", "mitre_tactics": "-", "mitre_techniques": "-", "description": "Windows application error event.", "full_log": "{\"win\":{\"system\":{\"providerName\":\"Microsoft-Windows-CAPI2\",\"providerGuid\":\"{5bbca4a8-b209-48dc-a8c7-b23d3e5216fb}\",\"eventSourceName\":\"Microsoft-Windows-CAPI2\",\"eventID\":\"4107\",\"version\":\"0\",\"level\":\"2\",\"task\":\"0\",\"opcode\":\"0\",\"keywords\":\"0x8080000000000000\",\"systemTime\":\"2026-04-02T12:28:25.0479359Z\",\"eventRecordID\":\"2161\",\"processID\":\"1364\",\"threadID\":\"1436\",\"channel\":\"Application\",\"computer\":\"WS10\",\"severityValue\":\"ERROR\",\"message\":\"\\\"Impossibile estrarre l'elenco radice di terze parti dal file CAB di aggiornamento automatico in <http://ctldl.windowsupdate.com/msdownload/update/v3/static/trustedr/en/authrootstl.cab> a causa dell'errore seguente: Dati non validi.\\r\\n.\\\"\"},\"eventdata\":{\"data\":\"http://ctldl.windowsupdate.com/msdownload/update/v3/static/trustedr/en/authrootstl.cab, Dati non validi.\"}}}", "suspicious": true, "suspicious_reason": "group:windows, level>=5"}
{"timestamp": "2026-04-02T14:29:38.561+0000", "agent": "WS10", "agent_id": "005", "rule_id": "60602", "level": "9", "groups": "windows, windows_application, system_error", "decoder": "windows_eventchannel", "location": "EventChannel", "src_ip": "-", "mitre_ids": "-", "mitre_tactics": "-", "mitre_techniques": "-", "description": "Windows application error event.", "full_log": "{\"win\":{\"system\":{\"providerName\":\"Microsoft-Windows-CAPI2\",\"providerGuid\":\"{5bbca4a8-b209-48dc-a8c7-b23d3e5216fb}\",\"eventSourceName\":\"Microsoft-Windows-CAPI2\",\"eventID\":\"4107\",\"version\":\"0\",\"level\":\"2\",\"task\":\"0\",\"opcode\":\"0\",\"keywords\":\"0x8080000000000000\",\"systemTime\":\"2026-04-02T12:28:25.0479359Z\",\"eventRecordID\":\"2162\",\"processID\":\"1364\",\"threadID\":\"1436\",\"channel\":\"Application\",\"computer\":\"WS10\",\"severityValue\":\"ERROR\",\"message\":\"\\\"Impossibile estrarre l'elenco radice di terze parti dal file CAB di aggiornamento automatico in <http://ctldl.windowsupdate.com/msdownload/update/v3/static/trustedr/en/authrootstl.cab> a causa dell'errore seguente: Dati non validi.\\r\\n.\\\"\"},\"eventdata\":{\"data\":\"http://ctldl.windowsupdate.com/msdownload/update/v3/static/trustedr/en/authrootstl.cab, Dati non validi.\"}}}", "suspicious": true, "suspicious_reason": "group:windows, level>=5"}
{"timestamp": "2026-04-02T14:29:38.592+0000", "agent": "WS10", "agent_id": "005", "rule_id": "60602", "level": "9", "groups": "windows, windows_application, system_error", "decoder": "windows_eventchannel", "location": "EventChannel", "src_ip": "-", "mitre_ids": "-", "mitre_tactics": "-", "mitre_techniques": "-", "description": "Windows application error event.", "full_log": "{\"win\":{\"system\":{\"providerName\":\"Microsoft-Windows-CAPI2\",\"providerGuid\":\"{5bbca4a8-b209-48dc-a8c7-b23d3e5216fb}\",\"eventSourceName\":\"Microsoft-Windows-CAPI2\",\"eventID\":\"4107\",\"version\":\"0\",\"level\":\"2\",\"task\":\"0\",\"opcode\":\"0\",\"keywords\":\"0x8080000000000000\",\"systemTime\":\"2026-04-02T12:28:25.0633949Z\",\"eventRecordID\":\"2163\",\"processID\":\"1364\",\"threadID\":\"1436\",\"channel\":\"Application\",\"computer\":\"WS10\",\"severityValue\":\"ERROR\",\"message\":\"\\\"Impossibile estrarre l'elenco radice di terze parti dal file CAB di aggiornamento automatico in <http://ctldl.windowsupdate.com/msdownload/update/v3/static/trustedr/en/authrootstl.cab> a causa dell'errore seguente: Dati non validi.\\r\\n.\\\"\"},\"eventdata\":{\"data\":\"http://ctldl.windowsupdate.com/msdownload/update/v3/static/trustedr/en/authrootstl.cab, Dati non validi.\"}}}", "suspicious": true, "suspicious_reason": "group:windows, level>=5"}
{"timestamp": "2026-04-02T14:29:38.623+0000", "agent": "WS10", "agent_id": "005", "rule_id": "60602", "level": "9", "groups": "windows, windows_application, system_error", "decoder": "windows_eventchannel", "location": "EventChannel", "src_ip": "-", "mitre_ids": "-", "mitre_tactics": "-", "mitre_techniques": "-", "description": "Windows application error event.", "full_log": "{\"win\":{\"system\":{\"providerName\":\"Microsoft-Windows-CAPI2\",\"providerGuid\":\"{5bbca4a8-b209-48dc-a8c7-b23d3e5216fb}\",\"eventSourceName\":\"Microsoft-Windows-CAPI2\",\"eventID\":\"4107\",\"version\":\"0\",\"level\":\"2\",\"task\":\"0\",\"opcode\":\"0\",\"keywords\":\"0x8080000000000000\",\"systemTime\":\"2026-04-02T12:28:29.5544497Z\",\"eventRecordID\":\"2164\",\"processID\":\"1364\",\"threadID\":\"1436\",\"channel\":\"Application\",\"computer\":\"WS10\",\"severityValue\":\"ERROR\",\"message\":\"\\\"Impossibile estrarre l'elenco radice di terze parti dal file CAB di aggiornamento automatico in <http://ctldl.windowsupdate.com/msdownload/update/v3/static/trustedr/en/authrootstl.cab> a causa dell'errore seguente: Dati non validi.\\r\\n.\\\"\"},\"eventdata\":{\"data\":\"http://ctldl.windowsupdate.com/msdownload/update/v3/static/trustedr/en/authrootstl.cab, Dati non validi.\"}}}", "suspicious": true, "suspicious_reason": "group:windows, level>=5"}
{"timestamp": "2026-04-02T14:29:38.653+0000", "agent": "WS10", "agent_id": "005", "rule_id": "60602", "level": "9", "groups": "windows, windows_application, system_error", "decoder": "windows_eventchannel", "location": "EventChannel", "src_ip": "-", "mitre_ids": "-", "mitre_tactics": "-", "mitre_techniques": "-", "description": "Windows application error event.", "full_log": "{\"win\":{\"system\":{\"providerName\":\"Microsoft-Windows-CAPI2\",\"providerGuid\":\"{5bbca4a8-b209-48dc-a8c7-b23d3e5216fb}\",\"eventSourceName\":\"Microsoft-Windows-CAPI2\",\"eventID\":\"4107\",\"version\":\"0\",\"level\":\"2\",\"task\":\"0\",\"opcode\":\"0\",\"keywords\":\"0x8080000000000000\",\"systemTime\":\"2026-04-02T12:28:29.5716011Z\",\"eventRecordID\":\"2165\",\"processID\":\"1364\",\"threadID\":\"1436\",\"channel\":\"Application\",\"computer\":\"WS10\",\"severityValue\":\"ERROR\",\"message\":\"\\\"Impossibile estrarre l'elenco radice di terze parti dal file CAB di aggiornamento automatico in <http://ctldl.windowsupdate.com/msdownload/update/v3/static/trustedr/en/authrootstl.cab> a causa dell'errore seguente: Dati non validi.\\r\\n.\\\"\"},\"eventdata\":{\"data\":\"http://ctldl.windowsupdate.com/msdownload/update/v3/static/trustedr/en/authrootstl.cab, Dati non validi.\"}}}", "suspicious": true, "suspicious_reason": "group:windows, level>=5"}
{"timestamp": "2026-04-02T14:29:38.684+0000", "agent": "WS10", "agent_id": "005", "rule_id": "60602", "level": "9", "groups": "windows, windows_application, system_error", "decoder": "windows_eventchannel", "location": "EventChannel", "src_ip": "-", "mitre_ids": "-", "mitre_tactics": "-", "mitre_techniques": "-", "description": "Windows application error event.", "full_log": "{\"win\":{\"system\":{\"providerName\":\"Microsoft-Windows-CAPI2\",\"providerGuid\":\"{5bbca4a8-b209-48dc-a8c7-b23d3e5216fb}\",\"eventSourceName\":\"Microsoft-Windows-CAPI2\",\"eventID\":\"4107\",\"version\":\"0\",\"level\":\"2\",\"task\":\"0\",\"opcode\":\"0\",\"keywords\":\"0x8080000000000000\",\"systemTime\":\"2026-04-02T12:28:29.5856157Z\",\"eventRecordID\":\"2166\",\"processID\":\"1364\",\"threadID\":\"1436\",\"channel\":\"Application\",\"computer\":\"WS10\",\"severityValue\":\"ERROR\",\"message\":\"\\\"Impossibile estrarre l'elenco radice di terze parti dal file CAB di aggiornamento automatico in <http://ctldl.windowsupdate.com/msdownload/update/v3/static/trustedr/en/authrootstl.cab> a causa dell'errore seguente: Dati non validi.\\r\\n.\\\"\"},\"eventdata\":{\"data\":\"http://ctldl.windowsupdate.com/msdownload/update/v3/static/trustedr/en/authrootstl.cab, Dati non validi.\"}}}", "suspicious": true, "suspicious_reason": "group:windows, level>=5"}
{"timestamp": "2026-04-02T14:29:38.715+0000", "agent": "WS10", "agent_id": "005", "rule_id": "60602", "level": "9", "groups": "windows, windows_application, system_error", "decoder": "windows_eventchannel", "location": "EventChannel", "src_ip": "-", "mitre_ids": "-", "mitre_tactics": "-", "mitre_techniques": "-", "description": "Windows application error event.", "full_log": "{\"win\":{\"system\":{\"providerName\":\"Microsoft-Windows-CAPI2\",\"providerGuid\":\"{5bbca4a8-b209-48dc-a8c7-b23d3e5216fb}\",\"eventSourceName\":\"Microsoft-Windows-CAPI2\",\"eventID\":\"4107\",\"version\":\"0\",\"level\":\"2\",\"task\":\"0\",\"opcode\":\"0\",\"keywords\":\"0x8080000000000000\",\"systemTime\":\"2026-04-02T12:28:31.1637623Z\",\"eventRecordID\":\"2167\",\"processID\":\"1364\",\"threadID\":\"1436\",\"channel\":\"Application\",\"computer\":\"WS10\",\"severityValue\":\"ERROR\",\"message\":\"\\\"Impossibile estrarre l'elenco radice di terze parti dal file CAB di aggiornamento automatico in <http://ctldl.windowsupdate.com/msdownload/update/v3/static/trustedr/en/authrootstl.cab> a causa dell'errore seguente: Dati non validi.\\r\\n.\\\"\"},\"eventdata\":{\"data\":\"http://ctldl.windowsupdate.com/msdownload/update/v3/static/trustedr/en/authrootstl.cab, Dati non validi.\"}}}", "suspicious": true, "suspicious_reason": "group:windows, level>=5"}
