{"timestamp": "2026-04-02T14:29:38.730+0000", "agent": "WS10", "agent_id": "005", "rule_id": "61061", "level": "10", "groups": "windows, windows_application", "decoder": "windows_eventchannel", "location": "EventChannel", "src_ip": "-", "mitre_ids": "-", "mitre_tactics": "-", "mitre_techniques": "-", "description": "Multiple Windows error application events.", "full_log": "{\"win\":{\"system\":{\"providerName\":\"Microsoft-Windows-CAPI2\",\"providerGuid\":\"{5bbca4a8-b209-48dc-a8c7-b23d3e5216fb}\",\"eventSourceName\":\"Microsoft-Windows-CAPI2\",\"eventID\":\"4107\",\"version\":\"0\",\"level\":\"2\",\"task\":\"0\",\"opcode\":\"0\",\"keywords\":\"0x8080000000000000\",\"systemTime\":\"2026-04-02T12:28:31.1798137Z\",\"eventRecordID\":\"2168\",\"processID\":\"1364\",\"threadID\":\"1436\",\"channel\":\"Application\",\"computer\":\"WS10\",\"severityValue\":\"ERROR\",\"message\":\"\\\"Impossibile estrarre l'elenco radice di terze parti dal file CAB di aggiornamento automatico in <http://ctldl.windowsupdate.com/msdownload/update/v3/static/trustedr/en/authrootstl.cab> a causa dell'errore seguente: Dati non validi.\\r\\n.\\\"\"},\"eventdata\":{\"data\":\"http://ctldl.windowsupdate.com/msdownload/update/v3/static/trustedr/en/authrootstl.cab, Dati non validi.\"}}}", "suspicious": true, "suspicious_reason": "group:windows, level>=5"}
{"timestamp": "2026-04-02T14:29:38.761+0000", "agent": "WS10", "agent_id": "005", "rule_id": "60602", "level": "9", "groups": "windows, windows_application, system_error", "decoder": "windows_eventchannel", "location": "EventChannel", "src_ip": "-", "mitre_ids": "-", "mitre_tactics": "-", "mitre_techniques": "-", "description": "Windows application error event.", "full_log": "{\"win\":{\"system\":{\"providerName\":\"Microsoft-Windows-CAPI2\",\"providerGuid\":\"{5bbca4a8-b209-48dc-a8c7-b23d3e5216fb}\",\"eventSourceName\":\"Microsoft-Windows-CAPI2\",\"eventID\":\"4107\",\"version\":\"0\",\"level\":\"2\",\"task\":\"0\",\"opcode\":\"0\",\"keywords\":\"0x8080000000000000\",\"systemTime\":\"2026-04-02T12:28:31.1956626Z\",\"eventRecordID\":\"2169\",\"processID\":\"1364\",\"threadID\":\"1436\",\"channel\":\"Application\",\"computer\":\"WS10\",\"severityValue\":\"ERROR\",\"message\":\"\\\"Impossibile estrarre l'elenco radice di terze parti dal file CAB di aggiornamento automatico in <http://ctldl.windowsupdate.com/msdownload/update/v3/static/trustedr/en/authrootstl.cab> a causa dell'errore seguente: Dati non validi.\\r\\n.\\\"\"},\"eventdata\":{\"data\":\"http://ctldl.windowsupdate.com/msdownload/update/v3/static/trustedr/en/authrootstl.cab, Dati non validi.\"}}}", "suspicious": true, "suspicious_reason": "group:windows, level>=5"}
{"timestamp": "2026-04-02T14:29:43.881+0000", "agent": "WS10", "agent_id": "005", "rule_id": "60602", "level": "9", "groups": "windows, windows_application, system_error", "decoder": "windows_eventchannel", "location": "EventChannel", "src_ip": "-", "mitre_ids": "-", "mitre_tactics": "-", "mitre_techniques": "-", "description": "Windows application error event.", "full_log": "{\"win\":{\"system\":{\"providerName\":\"Microsoft-Windows-CAPI2\",\"providerGuid\":\"{5bbca4a8-b209-48dc-a8c7-b23d3e5216fb}\",\"eventSourceName\":\"Microsoft-Windows-CAPI2\",\"eventID\":\"4107\",\"version\":\"0\",\"level\":\"2\",\"task\":\"0\",\"opcode\":\"0\",\"keywords\":\"0x8080000000000000\",\"systemTime\":\"2026-04-02T12:28:37.7731407Z\",\"eventRecordID\":\"2170\",\"processID\":\"1364\",\"threadID\":\"1436\",\"channel\":\"Application\",\"computer\":\"WS10\",\"severityValue\":\"ERROR\",\"message\":\"\\\"Impossibile estrarre l'elenco radice di terze parti dal file CAB di aggiornamento automatico in <http://ctldl.windowsupdate.com/msdownload/update/v3/static/trustedr/en/authrootstl.cab> a causa dell'errore seguente: Dati non validi.\\r\\n.\\\"\"},\"eventdata\":{\"data\":\"http://ctldl.windowsupdate.com/msdownload/update/v3/static/trustedr/en/authrootstl.cab, Dati non validi.\"}}}", "suspicious": true, "suspicious_reason": "group:windows, level>=5"}
{"timestamp": "2026-04-02T14:29:43.897+0000", "agent": "WS10", "agent_id": "005", "rule_id": "60602", "level": "9", "groups": "windows, windows_application, system_error", "decoder": "windows_eventchannel", "location": "EventChannel", "src_ip": "-", "mitre_ids": "-", "mitre_tactics": "-", "mitre_techniques": "-", "description": "Windows application error event.", "full_log": "{\"win\":{\"system\":{\"providerName\":\"Microsoft-Windows-CAPI2\",\"providerGuid\":\"{5bbca4a8-b209-48dc-a8c7-b23d3e5216fb}\",\"eventSourceName\":\"Microsoft-Windows-CAPI2\",\"eventID\":\"4107\",\"version\":\"0\",\"level\":\"2\",\"task\":\"0\",\"opcode\":\"0\",\"keywords\":\"0x8080000000000000\",\"systemTime\":\"2026-04-02T12:28:37.7731407Z\",\"eventRecordID\":\"2171\",\"processID\":\"1364\",\"threadID\":\"1436\",\"channel\":\"Application\",\"computer\":\"WS10\",\"severityValue\":\"ERROR\",\"message\":\"\\\"Impossibile estrarre l'elenco radice di terze parti dal file CAB di aggiornamento automatico in <http://ctldl.windowsupdate.com/msdownload/update/v3/static/trustedr/en/authrootstl.cab> a causa dell'errore seguente: Dati non validi.\\r\\n.\\\"\"},\"eventdata\":{\"data\":\"http://ctldl.windowsupdate.com/msdownload/update/v3/static/trustedr/en/authrootstl.cab, Dati non validi.\"}}}", "suspicious": true, "suspicious_reason": "group:windows, level>=5"}
{"timestamp": "2026-04-02T14:29:43.937+0000", "agent": "WS10", "agent_id": "005", "rule_id": "60602", "level": "9", "groups": "windows, windows_application, system_error", "decoder": "windows_eventchannel", "location": "EventChannel", "src_ip": "-", "mitre_ids": "-", "mitre_tactics": "-", "mitre_techniques": "-", "description": "Windows application error event.", "full_log": "{\"win\":{\"system\":{\"providerName\":\"Microsoft-Windows-CAPI2\",\"providerGuid\":\"{5bbca4a8-b209-48dc-a8c7-b23d3e5216fb}\",\"eventSourceName\":\"Microsoft-Windows-CAPI2\",\"eventID\":\"4107\",\"version\":\"0\",\"level\":\"2\",\"task\":\"0\",\"opcode\":\"0\",\"keywords\":\"0x8080000000000000\",\"systemTime\":\"2026-04-02T12:28:37.7896848Z\",\"eventRecordID\":\"2172\",\"processID\":\"1364\",\"threadID\":\"1436\",\"channel\":\"Application\",\"computer\":\"WS10\",\"severityValue\":\"ERROR\",\"message\":\"\\\"Impossibile estrarre l'elenco radice di terze parti dal file CAB di aggiornamento automatico in <http://ctldl.windowsupdate.com/msdownload/update/v3/static/trustedr/en/authrootstl.cab> a causa dell'errore seguente: Dati non validi.\\r\\n.\\\"\"},\"eventdata\":{\"data\":\"http://ctldl.windowsupdate.com/msdownload/update/v3/static/trustedr/en/authrootstl.cab, Dati non validi.\"}}}", "suspicious": true, "suspicious_reason": "group:windows, level>=5"}
{"timestamp": "2026-04-02T14:29:43.937+0000", "agent": "WS10", "agent_id": "005", "rule_id": "60602", "level": "9", "groups": "windows, windows_application, system_error", "decoder": "windows_eventchannel", "location": "EventChannel", "src_ip": "-", "mitre_ids": "-", "mitre_tactics": "-", "mitre_techniques": "-", "description": "Windows application error event.", "full_log": "{\"win\":{\"system\":{\"providerName\":\"Microsoft-Windows-CAPI2\",\"providerGuid\":\"{5bbca4a8-b209-48dc-a8c7-b23d3e5216fb}\",\"eventSourceName\":\"Microsoft-Windows-CAPI2\",\"eventID\":\"4107\",\"version\":\"0\",\"level\":\"2\",\"task\":\"0\",\"opcode\":\"0\",\"keywords\":\"0x8080000000000000\",\"systemTime\":\"2026-04-02T12:28:43.9692054Z\",\"eventRecordID\":\"2173\",\"processID\":\"1364\",\"threadID\":\"9404\",\"channel\":\"Application\",\"computer\":\"WS10\",\"severityValue\":\"ERROR\",\"message\":\"\\\"Impossibile estrarre l'elenco radice di terze parti dal file CAB di aggiornamento automatico in <http://ctldl.windowsupdate.com/msdownload/update/v3/static/trustedr/en/authrootstl.cab> a causa dell'errore seguente: Dati non validi.\\r\\n.\\\"\"},\"eventdata\":{\"data\":\"http://ctldl.windowsupdate.com/msdownload/update/v3/static/trustedr/en/authrootstl.cab, Dati non validi.\"}}}", "suspicious": true, "suspicious_reason": "group:windows, level>=5"}
{"timestamp": "2026-04-02T14:29:43.958+0000", "agent": "WS10", "agent_id": "005", "rule_id": "60602", "level": "9", "groups": "windows, windows_application, system_error", "decoder": "windows_eventchannel", "location": "EventChannel", "src_ip": "-", "mitre_ids": "-", "mitre_tactics": "-", "mitre_techniques": "-", "description": "Windows application error event.", "full_log": "{\"win\":{\"system\":{\"providerName\":\"Microsoft-Windows-CAPI2\",\"providerGuid\":\"{5bbca4a8-b209-48dc-a8c7-b23d3e5216fb}\",\"eventSourceName\":\"Microsoft-Windows-CAPI2\",\"eventID\":\"4107\",\"version\":\"0\",\"level\":\"2\",\"task\":\"0\",\"opcode\":\"0\",\"keywords\":\"0x8080000000000000\",\"systemTime\":\"2026-04-02T12:28:43.9813619Z\",\"eventRecordID\":\"2174\",\"processID\":\"1364\",\"threadID\":\"9404\",\"channel\":\"Application\",\"computer\":\"WS10\",\"severityValue\":\"ERROR\",\"message\":\"\\\"Impossibile estrarre l'elenco radice di terze parti dal file CAB di aggiornamento automatico in <http://ctldl.windowsupdate.com/msdownload/update/v3/static/trustedr/en/authrootstl.cab> a causa dell'errore seguente: Dati non validi.\\r\\n.\\\"\"},\"eventdata\":{\"data\":\"http://ctldl.windowsupdate.com/msdownload/update/v3/static/trustedr/en/authrootstl.cab, Dati non validi.\"}}}", "suspicious": true, "suspicious_reason": "group:windows, level>=5"}
{"timestamp": "2026-04-02T14:29:43.973+0000", "agent": "WS10", "agent_id": "005", "rule_id": "60602", "level": "9", "groups": "windows, windows_application, system_error", "decoder": "windows_eventchannel", "location": "EventChannel", "src_ip": "-", "mitre_ids": "-", "mitre_tactics": "-", "mitre_techniques": "-", "description": "Windows application error event.", "full_log": "{\"win\":{\"system\":{\"providerName\":\"Microsoft-Windows-CAPI2\",\"providerGuid\":\"{5bbca4a8-b209-48dc-a8c7-b23d3e5216fb}\",\"eventSourceName\":\"Microsoft-Windows-CAPI2\",\"eventID\":\"4107\",\"version\":\"0\",\"level\":\"2\",\"task\":\"0\",\"opcode\":\"0\",\"keywords\":\"0x8080000000000000\",\"systemTime\":\"2026-04-02T12:28:43.9813619Z\",\"eventRecordID\":\"2175\",\"processID\":\"1364\",\"threadID\":\"9404\",\"channel\":\"Application\",\"computer\":\"WS10\",\"severityValue\":\"ERROR\",\"message\":\"\\\"Impossibile estrarre l'elenco radice di terze parti dal file CAB di aggiornamento automatico in <http://ctldl.windowsupdate.com/msdownload/update/v3/static/trustedr/en/authrootstl.cab> a causa dell'errore seguente: Dati non validi.\\r\\n.\\\"\"},\"eventdata\":{\"data\":\"http://ctldl.windowsupdate.com/msdownload/update/v3/static/trustedr/en/authrootstl.cab, Dati non validi.\"}}}", "suspicious": true, "suspicious_reason": "group:windows, level>=5"}
{"timestamp": "2026-04-02T14:29:44.004+0000", "agent": "WS10", "agent_id": "005", "rule_id": "60608", "level": "4", "groups": "windows, windows_application", "decoder": "windows_eventchannel", "location": "EventChannel", "src_ip": "-", "mitre_ids": "-", "mitre_tactics": "-", "mitre_techniques": "-", "description": "Summary event of the report's signatures.", "full_log": "{\"win\":{\"system\":{\"providerName\":\"Windows Error Reporting\",\"eventID\":\"1001\",\"version\":\"0\",\"level\":\"4\",\"task\":\"0\",\"opcode\":\"0\",\"keywords\":\"0x80000000000000\",\"systemTime\":\"2026-04-02T12:28:49.4970550Z\",\"eventRecordID\":\"2176\",\"processID\":\"0\",\"threadID\":\"0\",\"channel\":\"Application\",\"computer\":\"WS10\",\"severityValue\":\"INFORMATION\",\"message\":\"\\\"Bucket errato , tipo 0\\r\\nNome evento: StoreAgentScanForUpdatesFailure0\\r\\nRisposta: Non disponibile\\r\\nID CAB: 0\\r\\n\\r\\nFirma problema: \\r\\nP1: Update;\\r\\nP2: 800b0109\\r\\nP3: 19045\\r\\nP4: 6456\\r\\nP5: Windows.Desktop\\r\\nP6: \\r\\nP7: \\r\\nP8: \\r\\nP9: \\r\\nP10: \\r\\n\\r\\nFile allegati:\\r\\n\\\\\\\\?\\\\C:\\\\ProgramData\\\\Microsoft\\\\Windows\\\\WER\\\\Temp\\\\WERE65B.tmp.WERInternalMetadata.xml\\r\\n\\r\\nI file potrebbero essere disponibili qui:\\r\\n\\\\\\\\?\\\\C:\\\\ProgramData\\\\Microsoft\\\\Windows\\\\WER\\\\ReportQueue\\\\NonCritical_Update;_eecf652836fa33d4f71220c9d8ef743c5c6ddb_00000000_c2848408-06d3-48e3-840f-bdf10595fd74\\r\\n\\r\\nSimbolo analisi: \\r\\nNuova ricerca di soluzioni: 0\\r\\nID rapporto: c2848408-06d3-48e3-840f-bdf10595fd74\\r\\nStato rapporto: 524388\\r\\nBucket con hash: \\r\\nGUID CAB: 0\\\"\"},\"eventdata\":{\"data\":\"0, StoreAgentScanForUpdatesFailure0, Non disponibile, 0, Update;, 800b0109, 19045, 6456, Windows.Desktop,   \\\\\\\\\\\\\\\\?\\\\\\\\C:\\\\\\\\ProgramData\\\\\\\\Microsoft\\\\\\\\Windows\\\\\\\\WER\\\\\\\\Temp\\\\\\\\WERE65B.tmp.WERInternalMetadata.xml, \\\\\\\\\\\\\\\\?\\\\\\\\C:\\\\\\\\ProgramData\\\\\\\\Microsoft\\\\\\\\Windows\\\\\\\\WER\\\\\\\\ReportQueue\\\\\\\\NonCritical_Update;_eecf652836fa33d4f71220c9d8ef743c5c6ddb_00000000_c2848408-06d3-48e3-840f-bdf10595fd74, 0, c2848408-06d3-48e3-840f-bdf10595fd74, 524388, 0\"}}}", "suspicious": true, "suspicious_reason": "group:windows"}
{"timestamp": "2026-04-02T14:29:44.004+0000", "agent": "WS10", "agent_id": "005", "rule_id": "60608", "level": "4", "groups": "windows, windows_application", "decoder": "windows_eventchannel", "location": "EventChannel", "src_ip": "-", "mitre_ids": "-", "mitre_tactics": "-", "mitre_techniques": "-", "description": "Summary event of the report's signatures.", "full_log": "{\"win\":{\"system\":{\"providerName\":\"Windows Error Reporting\",\"eventID\":\"1001\",\"version\":\"0\",\"level\":\"4\",\"task\":\"0\",\"opcode\":\"0\",\"keywords\":\"0x80000000000000\",\"systemTime\":\"2026-04-02T12:28:49.5751190Z\",\"eventRecordID\":\"2177\",\"processID\":\"0\",\"threadID\":\"0\",\"channel\":\"Application\",\"computer\":\"WS10\",\"severityValue\":\"INFORMATION\",\"message\":\"\\\"Bucket errato , tipo 0\\r\\nNome evento: StoreAgentScanForUpdatesFailure0\\r\\nRisposta: Non disponibile\\r\\nID CAB: 0\\r\\n\\r\\nFirma problema: \\r\\nP1: Update;\\r\\nP2: 80072f8f\\r\\nP3: 19045\\r\\nP4: 6456\\r\\nP5: Windows.Desktop\\r\\nP6: \\r\\nP7: \\r\\nP8: \\r\\nP9: \\r\\nP10: \\r\\n\\r\\nFile allegati:\\r\\n\\\\\\\\?\\\\C:\\\\ProgramData\\\\Microsoft\\\\Windows\\\\WER\\\\Temp\\\\WER2414.tmp.WERInternalMetadata.xml\\r\\n\\r\\nI file potrebbero essere disponibili qui:\\r\\n\\\\\\\\?\\\\C:\\\\ProgramData\\\\Microsoft\\\\Windows\\\\WER\\\\ReportQueue\\\\NonCritical_Update;_8da189d36e47241e58aa3b8ea69db1ed43f4_00000000_72529d62-0620-4b65-9596-3b34952ce9d7\\r\\n\\r\\nSimbolo analisi: \\r\\nNuova ricerca di soluzioni: 0\\r\\nID rapporto: 72529d62-0620-4b65-9596-3b34952ce9d7\\r\\nStato rapporto: 524388\\r\\nBucket con hash: \\r\\nGUID CAB: 0\\\"\"},\"eventdata\":{\"data\":\"0, StoreAgentScanForUpdatesFailure0, Non disponibile, 0, Update;, 80072f8f, 19045, 6456, Windows.Desktop,   \\\\\\\\\\\\\\\\?\\\\\\\\C:\\\\\\\\ProgramData\\\\\\\\Microsoft\\\\\\\\Windows\\\\\\\\WER\\\\\\\\Temp\\\\\\\\WER2414.tmp.WERInternalMetadata.xml, \\\\\\\\\\\\\\\\?\\\\\\\\C:\\\\\\\\ProgramData\\\\\\\\Microsoft\\\\\\\\Windows\\\\\\\\WER\\\\\\\\ReportQueue\\\\\\\\NonCritical_Update;_8da189d36e47241e58aa3b8ea69db1ed43f4_00000000_72529d62-0620-4b65-9596-3b34952ce9d7, 0, 72529d62-0620-4b65-9596-3b34952ce9d7, 524388, 0\"}}}", "suspicious": true, "suspicious_reason": "group:windows"}
{"timestamp": "2026-04-02T14:29:44.019+0000", "agent": "WS10", "agent_id": "005", "rule_id": "60608", "level": "4", "groups": "windows, windows_application", "decoder": "windows_eventchannel", "location": "EventChannel", "src_ip": "-", "mitre_ids": "-", "mitre_tactics": "-", "mitre_techniques": "-", "description": "Summary event of the report's signatures.", "full_log": "{\"win\":{\"system\":{\"providerName\":\"Windows Error Reporting\",\"eventID\":\"1001\",\"version\":\"0\",\"level\":\"4\",\"task\":\"0\",\"opcode\":\"0\",\"keywords\":\"0x80000000000000\",\"systemTime\":\"2026-04-02T12:28:49.6379041Z\",\"eventRecordID\":\"2178\",\"processID\":\"0\",\"threadID\":\"0\",\"channel\":\"Application\",\"computer\":\"WS10\",\"severityValue\":\"INFORMATION\",\"message\":\"\\\"Bucket errato , tipo 0\\r\\nNome evento: StoreAgentScanForUpdatesFailure0\\r\\nRisposta: Non disponibile\\r\\nID CAB: 0\\r\\n\\r\\nFirma problema: \\r\\nP1: Update;\\r\\nP2: 80072f8f\\r\\nP3: 19045\\r\\nP4: 6456\\r\\nP5: Windows.Desktop\\r\\nP6: \\r\\nP7: \\r\\nP8: \\r\\nP9: \\r\\nP10: \\r\\n\\r\\nFile allegati:\\r\\n\\\\\\\\?\\\\C:\\\\ProgramData\\\\Microsoft\\\\Windows\\\\WER\\\\Temp\\\\WERBA2A.tmp.WERInternalMetadata.xml\\r\\n\\r\\nI file potrebbero essere disponibili qui:\\r\\n\\\\\\\\?\\\\C:\\\\ProgramData\\\\Microsoft\\\\Windows\\\\WER\\\\ReportQueue\\\\NonCritical_Update;_8da189d36e47241e58aa3b8ea69db1ed43f4_00000000_bb1be836-c9a0-43b9-9b60-18677df16b3b\\r\\n\\r\\nSimbolo analisi: \\r\\nNuova ricerca di soluzioni: 0\\r\\nID rapporto: bb1be836-c9a0-43b9-9b60-18677df16b3b\\r\\nStato rapporto: 524388\\r\\nBucket con hash: \\r\\nGUID CAB: 0\\\"\"},\"eventdata\":{\"data\":\"0, StoreAgentScanForUpdatesFailure0, Non disponibile, 0, Update;, 80072f8f, 19045, 6456, Windows.Desktop,   \\\\\\\\\\\\\\\\?\\\\\\\\C:\\\\\\\\ProgramData\\\\\\\\Microsoft\\\\\\\\Windows\\\\\\\\WER\\\\\\\\Temp\\\\\\\\WERBA2A.tmp.WERInternalMetadata.xml, \\\\\\\\\\\\\\\\?\\\\\\\\C:\\\\\\\\ProgramData\\\\\\\\Microsoft\\\\\\\\Windows\\\\\\\\WER\\\\\\\\ReportQueue\\\\\\\\NonCritical_Update;_8da189d36e47241e58aa3b8ea69db1ed43f4_00000000_bb1be836-c9a0-43b9-9b60-18677df16b3b, 0, bb1be836-c9a0-43b9-9b60-18677df16b3b, 524388, 0\"}}}", "suspicious": true, "suspicious_reason": "group:windows"}
{"timestamp": "2026-04-02T14:29:44.050+0000", "agent": "WS10", "agent_id": "005", "rule_id": "60608", "level": "4", "groups": "windows, windows_application", "decoder": "windows_eventchannel", "location": "EventChannel", "src_ip": "-", "mitre_ids": "-", "mitre_tactics": "-", "mitre_techniques": "-", "description": "Summary event of the report's signatures.", "full_log": "{\"win\":{\"system\":{\"providerName\":\"Windows Error Reporting\",\"eventID\":\"1001\",\"version\":\"0\",\"level\":\"4\",\"task\":\"0\",\"opcode\":\"0\",\"keywords\":\"0x80000000000000\",\"systemTime\":\"2026-04-02T12:28:49.7324875Z\",\"eventRecordID\":\"2179\",\"processID\":\"0\",\"threadID\":\"0\",\"channel\":\"Application\",\"computer\":\"WS10\",\"severityValue\":\"INFORMATION\",\"message\":\"\\\"Bucket errato , tipo 0\\r\\nNome evento: StoreAgentScanForUpdatesFailure0\\r\\nRisposta: Non disponibile\\r\\nID CAB: 0\\r\\n\\r\\nFirma problema: \\r\\nP1: Update;\\r\\nP2: 80072f8f\\r\\nP3: 19045\\r\\nP4: 6456\\r\\nP5: Windows.Desktop\\r\\nP6: \\r\\nP7: \\r\\nP8: \\r\\nP9: \\r\\nP10: \\r\\n\\r\\nFile allegati:\\r\\n\\\\\\\\?\\\\C:\\\\ProgramData\\\\Microsoft\\\\Windows\\\\WER\\\\Temp\\\\WER8312.tmp.WERInternalMetadata.xml\\r\\n\\r\\nI file potrebbero essere disponibili qui:\\r\\n\\\\\\\\?\\\\C:\\\\ProgramData\\\\Microsoft\\\\Windows\\\\WER\\\\ReportQueue\\\\NonCritical_Update;_8da189d36e47241e58aa3b8ea69db1ed43f4_00000000_75bf6a3a-fb95-417c-bb37-74056191ea2c\\r\\n\\r\\nSimbolo analisi: \\r\\nNuova ricerca di soluzioni: 0\\r\\nID rapporto: 75bf6a3a-fb95-417c-bb37-74056191ea2c\\r\\nStato rapporto: 524388\\r\\nBucket con hash: \\r\\nGUID CAB: 0\\\"\"},\"eventdata\":{\"data\":\"0, StoreAgentScanForUpdatesFailure0, Non disponibile, 0, Update;, 80072f8f, 19045, 6456, Windows.Desktop,   \\\\\\\\\\\\\\\\?\\\\\\\\C:\\\\\\\\ProgramData\\\\\\\\Microsoft\\\\\\\\Windows\\\\\\\\WER\\\\\\\\Temp\\\\\\\\WER8312.tmp.WERInternalMetadata.xml, \\\\\\\\\\\\\\\\?\\\\\\\\C:\\\\\\\\ProgramData\\\\\\\\Microsoft\\\\\\\\Windows\\\\\\\\WER\\\\\\\\ReportQueue\\\\\\\\NonCritical_Update;_8da189d36e47241e58aa3b8ea69db1ed43f4_00000000_75bf6a3a-fb95-417c-bb37-74056191ea2c, 0, 75bf6a3a-fb95-417c-bb37-74056191ea2c, 524388, 0\"}}}", "suspicious": true, "suspicious_reason": "group:windows"}
{"timestamp": "2026-04-02T14:29:44.081+0000", "agent": "WS10", "agent_id": "005", "rule_id": "60608", "level": "4", "groups": "windows, windows_application", "decoder": "windows_eventchannel", "location": "EventChannel", "src_ip": "-", "mitre_ids": "-", "mitre_tactics": "-", "mitre_techniques": "-", "description": "Summary event of the report's signatures.", "full_log": "{\"win\":{\"system\":{\"providerName\":\"Windows Error Reporting\",\"eventID\":\"1001\",\"version\":\"0\",\"level\":\"4\",\"task\":\"0\",\"opcode\":\"0\",\"keywords\":\"0x80000000000000\",\"systemTime\":\"2026-04-02T12:28:49.8094997Z\",\"eventRecordID\":\"2180\",\"processID\":\"0\",\"threadID\":\"0\",\"channel\":\"Application\",\"computer\":\"WS10\",\"severityValue\":\"INFORMATION\",\"message\":\"\\\"Bucket errato , tipo 0\\r\\nNome evento: StoreAgentScanForUpdatesFailure0\\r\\nRisposta: Non disponibile\\r\\nID CAB: 0\\r\\n\\r\\nFirma problema: \\r\\nP1: Update;\\r\\nP2: 80072f8f\\r\\nP3: 19045\\r\\nP4: 6456\\r\\nP5: Windows.Desktop\\r\\nP6: \\r\\nP7: \\r\\nP8: \\r\\nP9: \\r\\nP10: \\r\\n\\r\\nFile allegati:\\r\\n\\\\\\\\?\\\\C:\\\\ProgramData\\\\Microsoft\\\\Windows\\\\WER\\\\Temp\\\\WER31FA.tmp.WERInternalMetadata.xml\\r\\n\\r\\nI file potrebbero essere disponibili qui:\\r\\n\\\\\\\\?\\\\C:\\\\ProgramData\\\\Microsoft\\\\Windows\\\\WER\\\\ReportQueue\\\\NonCritical_Update;_8da189d36e47241e58aa3b8ea69db1ed43f4_00000000_ad8235dc-8fd0-438f-9179-64df2187d4ea\\r\\n\\r\\nSimbolo analisi: \\r\\nNuova ricerca di soluzioni: 0\\r\\nID rapporto: ad8235dc-8fd0-438f-9179-64df2187d4ea\\r\\nStato rapporto: 524388\\r\\nBucket con hash: \\r\\nGUID CAB: 0\\\"\"},\"eventdata\":{\"data\":\"0, StoreAgentScanForUpdatesFailure0, Non disponibile, 0, Update;, 80072f8f, 19045, 6456, Windows.Desktop,   \\\\\\\\\\\\\\\\?\\\\\\\\C:\\\\\\\\ProgramData\\\\\\\\Microsoft\\\\\\\\Windows\\\\\\\\WER\\\\\\\\Temp\\\\\\\\WER31FA.tmp.WERInternalMetadata.xml, \\\\\\\\\\\\\\\\?\\\\\\\\C:\\\\\\\\ProgramData\\\\\\\\Microsoft\\\\\\\\Windows\\\\\\\\WER\\\\\\\\ReportQueue\\\\\\\\NonCritical_Update;_8da189d36e47241e58aa3b8ea69db1ed43f4_00000000_ad8235dc-8fd0-438f-9179-64df2187d4ea, 0, ad8235dc-8fd0-438f-9179-64df2187d4ea, 524388, 0\"}}}", "suspicious": true, "suspicious_reason": "group:windows"}
{"timestamp": "2026-04-02T14:29:44.081+0000", "agent": "WS10", "agent_id": "005", "rule_id": "60608", "level": "4", "groups": "windows, windows_application", "decoder": "windows_eventchannel", "location": "EventChannel", "src_ip": "-", "mitre_ids": "-", "mitre_tactics": "-", "mitre_techniques": "-", "description": "Summary event of the report's signatures.", "full_log": "{\"win\":{\"system\":{\"providerName\":\"Windows Error Reporting\",\"eventID\":\"1001\",\"version\":\"0\",\"level\":\"4\",\"task\":\"0\",\"opcode\":\"0\",\"keywords\":\"0x80000000000000\",\"systemTime\":\"2026-04-02T12:28:49.8878761Z\",\"eventRecordID\":\"2181\",\"processID\":\"0\",\"threadID\":\"0\",\"channel\":\"Application\",\"computer\":\"WS10\",\"severityValue\":\"INFORMATION\",\"message\":\"\\\"Bucket errato , tipo 0\\r\\nNome evento: StoreAgentScanForUpdatesFailure0\\r\\nRisposta: Non disponibile\\r\\nID CAB: 0\\r\\n\\r\\nFirma problema: \\r\\nP1: Update;\\r\\nP2: 80072f8f\\r\\nP3: 19045\\r\\nP4: 6456\\r\\nP5: Windows.Desktop\\r\\nP6: \\r\\nP7: \\r\\nP8: \\r\\nP9: \\r\\nP10: \\r\\n\\r\\nFile allegati:\\r\\n\\\\\\\\?\\\\C:\\\\ProgramData\\\\Microsoft\\\\Windows\\\\WER\\\\Temp\\\\WER1DC3.tmp.WERInternalMetadata.xml\\r\\n\\r\\nI file potrebbero essere disponibili qui:\\r\\n\\\\\\\\?\\\\C:\\\\ProgramData\\\\Microsoft\\\\Windows\\\\WER\\\\ReportQueue\\\\NonCritical_Update;_8da189d36e47241e58aa3b8ea69db1ed43f4_00000000_3d84fdd4-4d93-4b6b-8c38-b261eeb67bc9\\r\\n\\r\\nSimbolo analisi: \\r\\nNuova ricerca di soluzioni: 0\\r\\nID rapporto: 3d84fdd4-4d93-4b6b-8c38-b261eeb67bc9\\r\\nStato rapporto: 524388\\r\\nBucket con hash: \\r\\nGUID CAB: 0\\\"\"},\"eventdata\":{\"data\":\"0, StoreAgentScanForUpdatesFailure0, Non disponibile, 0, Update;, 80072f8f, 19045, 6456, Windows.Desktop,   \\\\\\\\\\\\\\\\?\\\\\\\\C:\\\\\\\\ProgramData\\\\\\\\Microsoft\\\\\\\\Windows\\\\\\\\WER\\\\\\\\Temp\\\\\\\\WER1DC3.tmp.WERInternalMetadata.xml, \\\\\\\\\\\\\\\\?\\\\\\\\C:\\\\\\\\ProgramData\\\\\\\\Microsoft\\\\\\\\Windows\\\\\\\\WER\\\\\\\\ReportQueue\\\\\\\\NonCritical_Update;_8da189d36e47241e58aa3b8ea69db1ed43f4_00000000_3d84fdd4-4d93-4b6b-8c38-b261eeb67bc9, 0, 3d84fdd4-4d93-4b6b-8c38-b261eeb67bc9, 524388, 0\"}}}", "suspicious": true, "suspicious_reason": "group:windows"}
{"timestamp": "2026-04-02T14:29:44.096+0000", "agent": "WS10", "agent_id": "005", "rule_id": "61061", "level": "10", "groups": "windows, windows_application", "decoder": "windows_eventchannel", "location": "EventChannel", "src_ip": "-", "mitre_ids": "-", "mitre_tactics": "-", "mitre_techniques": "-", "description": "Multiple Windows error application events.", "full_log": "{\"win\":{\"system\":{\"providerName\":\"Microsoft-Windows-CAPI2\",\"providerGuid\":\"{5bbca4a8-b209-48dc-a8c7-b23d3e5216fb}\",\"eventSourceName\":\"Microsoft-Windows-CAPI2\",\"eventID\":\"4107\",\"version\":\"0\",\"level\":\"2\",\"task\":\"0\",\"opcode\":\"0\",\"keywords\":\"0x8080000000000000\",\"systemTime\":\"2026-04-02T12:28:49.4813896Z\",\"eventRecordID\":\"2182\",\"processID\":\"1364\",\"threadID\":\"9404\",\"channel\":\"Application\",\"computer\":\"WS10\",\"severityValue\":\"ERROR\",\"message\":\"\\\"Impossibile estrarre l'elenco radice di terze parti dal file CAB di aggiornamento automatico in <http://ctldl.windowsupdate.com/msdownload/update/v3/static/trustedr/en/authrootstl.cab> a causa dell'errore seguente: Dati non validi.\\r\\n.\\\"\"},\"eventdata\":{\"data\":\"http://ctldl.windowsupdate.com/msdownload/update/v3/static/trustedr/en/authrootstl.cab, Dati non validi.\"}}}", "suspicious": true, "suspicious_reason": "group:windows, level>=5"}
{"timestamp": "2026-04-02T14:29:44.112+0000", "agent": "WS10", "agent_id": "005", "rule_id": "60602", "level": "9", "groups": "windows, windows_application, system_error", "decoder": "windows_eventchannel", "location": "EventChannel", "src_ip": "-", "mitre_ids": "-", "mitre_tactics": "-", "mitre_techniques": "-", "description": "Windows application error event.", "full_log": "{\"win\":{\"system\":{\"providerName\":\"Microsoft-Windows-CAPI2\",\"providerGuid\":\"{5bbca4a8-b209-48dc-a8c7-b23d3e5216fb}\",\"eventSourceName\":\"Microsoft-Windows-CAPI2\",\"eventID\":\"4107\",\"version\":\"0\",\"level\":\"2\",\"task\":\"0\",\"opcode\":\"0\",\"keywords\":\"0x8080000000000000\",\"systemTime\":\"2026-04-02T12:28:49.4813896Z\",\"eventRecordID\":\"2183\",\"processID\":\"1364\",\"threadID\":\"9404\",\"channel\":\"Application\",\"computer\":\"WS10\",\"severityValue\":\"ERROR\",\"message\":\"\\\"Impossibile estrarre l'elenco radice di terze parti dal file CAB di aggiornamento automatico in <http://ctldl.windowsupdate.com/msdownload/update/v3/static/trustedr/en/authrootstl.cab> a causa dell'errore seguente: Dati non validi.\\r\\n.\\\"\"},\"eventdata\":{\"data\":\"http://ctldl.windowsupdate.com/msdownload/update/v3/static/trustedr/en/authrootstl.cab, Dati non validi.\"}}}", "suspicious": true, "suspicious_reason": "group:windows, level>=5"}
{"timestamp": "2026-04-02T14:29:44.158+0000", "agent": "WS10", "agent_id": "005", "rule_id": "60602", "level": "9", "groups": "windows, windows_application, system_error", "decoder": "windows_eventchannel", "location": "EventChannel", "src_ip": "-", "mitre_ids": "-", "mitre_tactics": "-", "mitre_techniques": "-", "description": "Windows application error event.", "full_log": "{\"win\":{\"system\":{\"providerName\":\"Microsoft-Windows-CAPI2\",\"providerGuid\":\"{5bbca4a8-b209-48dc-a8c7-b23d3e5216fb}\",\"eventSourceName\":\"Microsoft-Windows-CAPI2\",\"eventID\":\"4107\",\"version\":\"0\",\"level\":\"2\",\"task\":\"0\",\"opcode\":\"0\",\"keywords\":\"0x8080000000000000\",\"systemTime\":\"2026-04-02T12:28:49.4813896Z\",\"eventRecordID\":\"2184\",\"processID\":\"1364\",\"threadID\":\"9404\",\"channel\":\"Application\",\"computer\":\"WS10\",\"severityValue\":\"ERROR\",\"message\":\"\\\"Impossibile estrarre l'elenco radice di terze parti dal file CAB di aggiornamento automatico in <http://ctldl.windowsupdate.com/msdownload/update/v3/static/trustedr/en/authrootstl.cab> a causa dell'errore seguente: Dati non validi.\\r\\n.\\\"\"},\"eventdata\":{\"data\":\"http://ctldl.windowsupdate.com/msdownload/update/v3/static/trustedr/en/authrootstl.cab, Dati non validi.\"}}}", "suspicious": true, "suspicious_reason": "group:windows, level>=5"}
{"timestamp": "2026-04-02T14:29:44.158+0000", "agent": "WS10", "agent_id": "005", "rule_id": "60602", "level": "9", "groups": "windows, windows_application, system_error", "decoder": "windows_eventchannel", "location": "EventChannel", "src_ip": "-", "mitre_ids": "-", "mitre_tactics": "-", "mitre_techniques": "-", "description": "Windows application error event.", "full_log": "{\"win\":{\"system\":{\"providerName\":\"Microsoft-Windows-CAPI2\",\"providerGuid\":\"{5bbca4a8-b209-48dc-a8c7-b23d3e5216fb}\",\"eventSourceName\":\"Microsoft-Windows-CAPI2\",\"eventID\":\"4107\",\"version\":\"0\",\"level\":\"2\",\"task\":\"0\",\"opcode\":\"0\",\"keywords\":\"0x8080000000000000\",\"systemTime\":\"2026-04-02T12:28:49.5594896Z\",\"eventRecordID\":\"2185\",\"processID\":\"1364\",\"threadID\":\"9404\",\"channel\":\"Application\",\"computer\":\"WS10\",\"severityValue\":\"ERROR\",\"message\":\"\\\"Impossibile estrarre l'elenco radice di terze parti dal file CAB di aggiornamento automatico in <http://ctldl.windowsupdate.com/msdownload/update/v3/static/trustedr/en/authrootstl.cab> a causa dell'errore seguente: Dati non validi.\\r\\n.\\\"\"},\"eventdata\":{\"data\":\"http://ctldl.windowsupdate.com/msdownload/update/v3/static/trustedr/en/authrootstl.cab, Dati non validi.\"}}}", "suspicious": true, "suspicious_reason": "group:windows, level>=5"}
{"timestamp": "2026-04-02T14:29:44.158+0000", "agent": "WS10", "agent_id": "005", "rule_id": "60602", "level": "9", "groups": "windows, windows_application, system_error", "decoder": "windows_eventchannel", "location": "EventChannel", "src_ip": "-", "mitre_ids": "-", "mitre_tactics": "-", "mitre_techniques": "-", "description": "Windows application error event.", "full_log": "{\"win\":{\"system\":{\"providerName\":\"Microsoft-Windows-CAPI2\",\"providerGuid\":\"{5bbca4a8-b209-48dc-a8c7-b23d3e5216fb}\",\"eventSourceName\":\"Microsoft-Windows-CAPI2\",\"eventID\":\"4107\",\"version\":\"0\",\"level\":\"2\",\"task\":\"0\",\"opcode\":\"0\",\"keywords\":\"0x8080000000000000\",\"systemTime\":\"2026-04-02T12:28:49.5594896Z\",\"eventRecordID\":\"2186\",\"processID\":\"1364\",\"threadID\":\"9404\",\"channel\":\"Application\",\"computer\":\"WS10\",\"severityValue\":\"ERROR\",\"message\":\"\\\"Impossibile estrarre l'elenco radice di terze parti dal file CAB di aggiornamento automatico in <http://ctldl.windowsupdate.com/msdownload/update/v3/static/trustedr/en/authrootstl.cab> a causa dell'errore seguente: Dati non validi.\\r\\n.\\\"\"},\"eventdata\":{\"data\":\"http://ctldl.windowsupdate.com/msdownload/update/v3/static/trustedr/en/authrootstl.cab, Dati non validi.\"}}}", "suspicious": true, "suspicious_reason": "group:windows, level>=5"}
{"timestamp": "2026-04-02T14:29:44.173+0000", "agent": "WS10", "agent_id": "005", "rule_id": "60602", "level": "9", "groups": "windows, windows_application, system_error", "decoder": "windows_eventchannel", "location": "EventChannel", "src_ip": "-", "mitre_ids": "-", "mitre_tactics": "-", "mitre_techniques": "-", "description": "Windows application error event.", "full_log": "{\"win\":{\"system\":{\"providerName\":\"Microsoft-Windows-CAPI2\",\"providerGuid\":\"{5bbca4a8-b209-48dc-a8c7-b23d3e5216fb}\",\"eventSourceName\":\"Microsoft-Windows-CAPI2\",\"eventID\":\"4107\",\"version\":\"0\",\"level\":\"2\",\"task\":\"0\",\"opcode\":\"0\",\"keywords\":\"0x8080000000000000\",\"systemTime\":\"2026-04-02T12:28:49.5751190Z\",\"eventRecordID\":\"2187\",\"processID\":\"1364\",\"threadID\":\"9404\",\"channel\":\"Application\",\"computer\":\"WS10\",\"severityValue\":\"ERROR\",\"message\":\"\\\"Impossibile estrarre l'elenco radice di terze parti dal file CAB di aggiornamento automatico in <http://ctldl.windowsupdate.com/msdownload/update/v3/static/trustedr/en/authrootstl.cab> a causa dell'errore seguente: Dati non validi.\\r\\n.\\\"\"},\"eventdata\":{\"data\":\"http://ctldl.windowsupdate.com/msdownload/update/v3/static/trustedr/en/authrootstl.cab, Dati non validi.\"}}}", "suspicious": true, "suspicious_reason": "group:windows, level>=5"}
{"timestamp": "2026-04-02T14:29:44.218+0000", "agent": "WS10", "agent_id": "005", "rule_id": "60602", "level": "9", "groups": "windows, windows_application, system_error", "decoder": "windows_eventchannel", "location": "EventChannel", "src_ip": "-", "mitre_ids": "-", "mitre_tactics": "-", "mitre_techniques": "-", "description": "Windows application error event.", "full_log": "{\"win\":{\"system\":{\"providerName\":\"Microsoft-Windows-CAPI2\",\"providerGuid\":\"{5bbca4a8-b209-48dc-a8c7-b23d3e5216fb}\",\"eventSourceName\":\"Microsoft-Windows-CAPI2\",\"eventID\":\"4107\",\"version\":\"0\",\"level\":\"2\",\"task\":\"0\",\"opcode\":\"0\",\"keywords\":\"0x8080000000000000\",\"systemTime\":\"2026-04-02T12:28:49.6379041Z\",\"eventRecordID\":\"2188\",\"processID\":\"1364\",\"threadID\":\"9404\",\"channel\":\"Application\",\"computer\":\"WS10\",\"severityValue\":\"ERROR\",\"message\":\"\\\"Impossibile estrarre l'elenco radice di terze parti dal file CAB di aggiornamento automatico in <http://ctldl.windowsupdate.com/msdownload/update/v3/static/trustedr/en/authrootstl.cab> a causa dell'errore seguente: Dati non validi.\\r\\n.\\\"\"},\"eventdata\":{\"data\":\"http://ctldl.windowsupdate.com/msdownload/update/v3/static/trustedr/en/authrootstl.cab, Dati non validi.\"}}}", "suspicious": true, "suspicious_reason": "group:windows, level>=5"}
{"timestamp": "2026-04-02T14:29:44.218+0000", "agent": "WS10", "agent_id": "005", "rule_id": "60602", "level": "9", "groups": "windows, windows_application, system_error", "decoder": "windows_eventchannel", "location": "EventChannel", "src_ip": "-", "mitre_ids": "-", "mitre_tactics": "-", "mitre_techniques": "-", "description": "Windows application error event.", "full_log": "{\"win\":{\"system\":{\"providerName\":\"Microsoft-Windows-CAPI2\",\"providerGuid\":\"{5bbca4a8-b209-48dc-a8c7-b23d3e5216fb}\",\"eventSourceName\":\"Microsoft-Windows-CAPI2\",\"eventID\":\"4107\",\"version\":\"0\",\"level\":\"2\",\"task\":\"0\",\"opcode\":\"0\",\"keywords\":\"0x8080000000000000\",\"systemTime\":\"2026-04-02T12:28:49.6379041Z\",\"eventRecordID\":\"2189\",\"processID\":\"1364\",\"threadID\":\"9404\",\"channel\":\"Application\",\"computer\":\"WS10\",\"severityValue\":\"ERROR\",\"message\":\"\\\"Impossibile estrarre l'elenco radice di terze parti dal file CAB di aggiornamento automatico in <http://ctldl.windowsupdate.com/msdownload/update/v3/static/trustedr/en/authrootstl.cab> a causa dell'errore seguente: Dati non validi.\\r\\n.\\\"\"},\"eventdata\":{\"data\":\"http://ctldl.windowsupdate.com/msdownload/update/v3/static/trustedr/en/authrootstl.cab, Dati non validi.\"}}}", "suspicious": true, "suspicious_reason": "group:windows, level>=5"}
{"timestamp": "2026-04-02T14:29:44.235+0000", "agent": "WS10", "agent_id": "005", "rule_id": "61061", "level": "10", "groups": "windows, windows_application", "decoder": "windows_eventchannel", "location": "EventChannel", "src_ip": "-", "mitre_ids": "-", "mitre_tactics": "-", "mitre_techniques": "-", "description": "Multiple Windows error application events.", "full_log": "{\"win\":{\"system\":{\"providerName\":\"Microsoft-Windows-CAPI2\",\"providerGuid\":\"{5bbca4a8-b209-48dc-a8c7-b23d3e5216fb}\",\"eventSourceName\":\"Microsoft-Windows-CAPI2\",\"eventID\":\"4107\",\"version\":\"0\",\"level\":\"2\",\"task\":\"0\",\"opcode\":\"0\",\"keywords\":\"0x8080000000000000\",\"systemTime\":\"2026-04-02T12:28:49.6379041Z\",\"eventRecordID\":\"2190\",\"processID\":\"1364\",\"threadID\":\"9404\",\"channel\":\"Application\",\"computer\":\"WS10\",\"severityValue\":\"ERROR\",\"message\":\"\\\"Impossibile estrarre l'elenco radice di terze parti dal file CAB di aggiornamento automatico in <http://ctldl.windowsupdate.com/msdownload/update/v3/static/trustedr/en/authrootstl.cab> a causa dell'errore seguente: Dati non validi.\\r\\n.\\\"\"},\"eventdata\":{\"data\":\"http://ctldl.windowsupdate.com/msdownload/update/v3/static/trustedr/en/authrootstl.cab, Dati non validi.\"}}}", "suspicious": true, "suspicious_reason": "group:windows, level>=5"}
{"timestamp": "2026-04-02T14:29:44.250+0000", "agent": "WS10", "agent_id": "005", "rule_id": "60602", "level": "9", "groups": "windows, windows_application, system_error", "decoder": "windows_eventchannel", "location": "EventChannel", "src_ip": "-", "mitre_ids": "-", "mitre_tactics": "-", "mitre_techniques": "-", "description": "Windows application error event.", "full_log": "{\"win\":{\"system\":{\"providerName\":\"Microsoft-Windows-CAPI2\",\"providerGuid\":\"{5bbca4a8-b209-48dc-a8c7-b23d3e5216fb}\",\"eventSourceName\":\"Microsoft-Windows-CAPI2\",\"eventID\":\"4107\",\"version\":\"0\",\"level\":\"2\",\"task\":\"0\",\"opcode\":\"0\",\"keywords\":\"0x8080000000000000\",\"systemTime\":\"2026-04-02T12:28:49.7158246Z\",\"eventRecordID\":\"2191\",\"processID\":\"1364\",\"threadID\":\"9404\",\"channel\":\"Application\",\"computer\":\"WS10\",\"severityValue\":\"ERROR\",\"message\":\"\\\"Impossibile estrarre l'elenco radice di terze parti dal file CAB di aggiornamento automatico in <http://ctldl.windowsupdate.com/msdownload/update/v3/static/trustedr/en/authrootstl.cab> a causa dell'errore seguente: Dati non validi.\\r\\n.\\\"\"},\"eventdata\":{\"data\":\"http://ctldl.windowsupdate.com/msdownload/update/v3/static/trustedr/en/authrootstl.cab, Dati non validi.\"}}}", "suspicious": true, "suspicious_reason": "group:windows, level>=5"}
{"timestamp": "2026-04-02T14:29:44.296+0000", "agent": "WS10", "agent_id": "005", "rule_id": "60602", "level": "9", "groups": "windows, windows_application, system_error", "decoder": "windows_eventchannel", "location": "EventChannel", "src_ip": "-", "mitre_ids": "-", "mitre_tactics": "-", "mitre_techniques": "-", "description": "Windows application error event.", "full_log": "{\"win\":{\"system\":{\"providerName\":\"Microsoft-Windows-CAPI2\",\"providerGuid\":\"{5bbca4a8-b209-48dc-a8c7-b23d3e5216fb}\",\"eventSourceName\":\"Microsoft-Windows-CAPI2\",\"eventID\":\"4107\",\"version\":\"0\",\"level\":\"2\",\"task\":\"0\",\"opcode\":\"0\",\"keywords\":\"0x8080000000000000\",\"systemTime\":\"2026-04-02T12:28:49.7938566Z\",\"eventRecordID\":\"2194\",\"processID\":\"1364\",\"threadID\":\"9404\",\"channel\":\"Application\",\"computer\":\"WS10\",\"severityValue\":\"ERROR\",\"message\":\"\\\"Impossibile estrarre l'elenco radice di terze parti dal file CAB di aggiornamento automatico in <http://ctldl.windowsupdate.com/msdownload/update/v3/static/trustedr/en/authrootstl.cab> a causa dell'errore seguente: Dati non validi.\\r\\n.\\\"\"},\"eventdata\":{\"data\":\"http://ctldl.windowsupdate.com/msdownload/update/v3/static/trustedr/en/authrootstl.cab, Dati non validi.\"}}}", "suspicious": true, "suspicious_reason": "group:windows, level>=5"}
{"timestamp": "2026-04-02T14:29:44.296+0000", "agent": "WS10", "agent_id": "005", "rule_id": "60602", "level": "9", "groups": "windows, windows_application, system_error", "decoder": "windows_eventchannel", "location": "EventChannel", "src_ip": "-", "mitre_ids": "-", "mitre_tactics": "-", "mitre_techniques": "-", "description": "Windows application error event.", "full_log": "{\"win\":{\"system\":{\"providerName\":\"Microsoft-Windows-CAPI2\",\"providerGuid\":\"{5bbca4a8-b209-48dc-a8c7-b23d3e5216fb}\",\"eventSourceName\":\"Microsoft-Windows-CAPI2\",\"eventID\":\"4107\",\"version\":\"0\",\"level\":\"2\",\"task\":\"0\",\"opcode\":\"0\",\"keywords\":\"0x8080000000000000\",\"systemTime\":\"2026-04-02T12:28:49.7158246Z\",\"eventRecordID\":\"2192\",\"processID\":\"1364\",\"threadID\":\"9404\",\"channel\":\"Application\",\"computer\":\"WS10\",\"severityValue\":\"ERROR\",\"message\":\"\\\"Impossibile estrarre l'elenco radice di terze parti dal file CAB di aggiornamento automatico in <http://ctldl.windowsupdate.com/msdownload/update/v3/static/trustedr/en/authrootstl.cab> a causa dell'errore seguente: Dati non validi.\\r\\n.\\\"\"},\"eventdata\":{\"data\":\"http://ctldl.windowsupdate.com/msdownload/update/v3/static/trustedr/en/authrootstl.cab, Dati non validi.\"}}}", "suspicious": true, "suspicious_reason": "group:windows, level>=5"}
{"timestamp": "2026-04-02T14:29:44.296+0000", "agent": "WS10", "agent_id": "005", "rule_id": "60602", "level": "9", "groups": "windows, windows_application, system_error", "decoder": "windows_eventchannel", "location": "EventChannel", "src_ip": "-", "mitre_ids": "-", "mitre_tactics": "-", "mitre_techniques": "-", "description": "Windows application error event.", "full_log": "{\"win\":{\"system\":{\"providerName\":\"Microsoft-Windows-CAPI2\",\"providerGuid\":\"{5bbca4a8-b209-48dc-a8c7-b23d3e5216fb}\",\"eventSourceName\":\"Microsoft-Windows-CAPI2\",\"eventID\":\"4107\",\"version\":\"0\",\"level\":\"2\",\"task\":\"0\",\"opcode\":\"0\",\"keywords\":\"0x8080000000000000\",\"systemTime\":\"2026-04-02T12:28:49.7324875Z\",\"eventRecordID\":\"2193\",\"processID\":\"1364\",\"threadID\":\"9404\",\"channel\":\"Application\",\"computer\":\"WS10\",\"severityValue\":\"ERROR\",\"message\":\"\\\"Impossibile estrarre l'elenco radice di terze parti dal file CAB di aggiornamento automatico in <http://ctldl.windowsupdate.com/msdownload/update/v3/static/trustedr/en/authrootstl.cab> a causa dell'errore seguente: Dati non validi.\\r\\n.\\\"\"},\"eventdata\":{\"data\":\"http://ctldl.windowsupdate.com/msdownload/update/v3/static/trustedr/en/authrootstl.cab, Dati non validi.\"}}}", "suspicious": true, "suspicious_reason": "group:windows, level>=5"}
{"timestamp": "2026-04-02T14:29:44.311+0000", "agent": "WS10", "agent_id": "005", "rule_id": "60602", "level": "9", "groups": "windows, windows_application, system_error", "decoder": "windows_eventchannel", "location": "EventChannel", "src_ip": "-", "mitre_ids": "-", "mitre_tactics": "-", "mitre_techniques": "-", "description": "Windows application error event.", "full_log": "{\"win\":{\"system\":{\"providerName\":\"Microsoft-Windows-CAPI2\",\"providerGuid\":\"{5bbca4a8-b209-48dc-a8c7-b23d3e5216fb}\",\"eventSourceName\":\"Microsoft-Windows-CAPI2\",\"eventID\":\"4107\",\"version\":\"0\",\"level\":\"2\",\"task\":\"0\",\"opcode\":\"0\",\"keywords\":\"0x8080000000000000\",\"systemTime\":\"2026-04-02T12:28:49.7938566Z\",\"eventRecordID\":\"2195\",\"processID\":\"1364\",\"threadID\":\"9404\",\"channel\":\"Application\",\"computer\":\"WS10\",\"severityValue\":\"ERROR\",\"message\":\"\\\"Impossibile estrarre l'elenco radice di terze parti dal file CAB di aggiornamento automatico in <http://ctldl.windowsupdate.com/msdownload/update/v3/static/trustedr/en/authrootstl.cab> a causa dell'errore seguente: Dati non validi.\\r\\n.\\\"\"},\"eventdata\":{\"data\":\"http://ctldl.windowsupdate.com/msdownload/update/v3/static/trustedr/en/authrootstl.cab, Dati non validi.\"}}}", "suspicious": true, "suspicious_reason": "group:windows, level>=5"}
{"timestamp": "2026-04-02T14:29:44.327+0000", "agent": "WS10", "agent_id": "005", "rule_id": "60602", "level": "9", "groups": "windows, windows_application, system_error", "decoder": "windows_eventchannel", "location": "EventChannel", "src_ip": "-", "mitre_ids": "-", "mitre_tactics": "-", "mitre_techniques": "-", "description": "Windows application error event.", "full_log": "{\"win\":{\"system\":{\"providerName\":\"Microsoft-Windows-CAPI2\",\"providerGuid\":\"{5bbca4a8-b209-48dc-a8c7-b23d3e5216fb}\",\"eventSourceName\":\"Microsoft-Windows-CAPI2\",\"eventID\":\"4107\",\"version\":\"0\",\"level\":\"2\",\"task\":\"0\",\"opcode\":\"0\",\"keywords\":\"0x8080000000000000\",\"systemTime\":\"2026-04-02T12:28:49.8094997Z\",\"eventRecordID\":\"2196\",\"processID\":\"1364\",\"threadID\":\"9404\",\"channel\":\"Application\",\"computer\":\"WS10\",\"severityValue\":\"ERROR\",\"message\":\"\\\"Impossibile estrarre l'elenco radice di terze parti dal file CAB di aggiornamento automatico in <http://ctldl.windowsupdate.com/msdownload/update/v3/static/trustedr/en/authrootstl.cab> a causa dell'errore seguente: Dati non validi.\\r\\n.\\\"\"},\"eventdata\":{\"data\":\"http://ctldl.windowsupdate.com/msdownload/update/v3/static/trustedr/en/authrootstl.cab, Dati non validi.\"}}}", "suspicious": true, "suspicious_reason": "group:windows, level>=5"}
{"timestamp": "2026-04-02T14:29:44.373+0000", "agent": "WS10", "agent_id": "005", "rule_id": "60602", "level": "9", "groups": "windows, windows_application, system_error", "decoder": "windows_eventchannel", "location": "EventChannel", "src_ip": "-", "mitre_ids": "-", "mitre_tactics": "-", "mitre_techniques": "-", "description": "Windows application error event.", "full_log": "{\"win\":{\"system\":{\"providerName\":\"Microsoft-Windows-CAPI2\",\"providerGuid\":\"{5bbca4a8-b209-48dc-a8c7-b23d3e5216fb}\",\"eventSourceName\":\"Microsoft-Windows-CAPI2\",\"eventID\":\"4107\",\"version\":\"0\",\"level\":\"2\",\"task\":\"0\",\"opcode\":\"0\",\"keywords\":\"0x8080000000000000\",\"systemTime\":\"2026-04-02T12:28:49.8878761Z\",\"eventRecordID\":\"2199\",\"processID\":\"1364\",\"threadID\":\"9404\",\"channel\":\"Application\",\"computer\":\"WS10\",\"severityValue\":\"ERROR\",\"message\":\"\\\"Impossibile estrarre l'elenco radice di terze parti dal file CAB di aggiornamento automatico in <http://ctldl.windowsupdate.com/msdownload/update/v3/static/trustedr/en/authrootstl.cab> a causa dell'errore seguente: Dati non validi.\\r\\n.\\\"\"},\"eventdata\":{\"data\":\"http://ctldl.windowsupdate.com/msdownload/update/v3/static/trustedr/en/authrootstl.cab, Dati non validi.\"}}}", "suspicious": true, "suspicious_reason": "group:windows, level>=5"}
{"timestamp": "2026-04-02T14:29:44.373+0000", "agent": "WS10", "agent_id": "005", "rule_id": "61061", "level": "10", "groups": "windows, windows_application", "decoder": "windows_eventchannel", "location": "EventChannel", "src_ip": "-", "mitre_ids": "-", "mitre_tactics": "-", "mitre_techniques": "-", "description": "Multiple Windows error application events.", "full_log": "{\"win\":{\"system\":{\"providerName\":\"Microsoft-Windows-CAPI2\",\"providerGuid\":\"{5bbca4a8-b209-48dc-a8c7-b23d3e5216fb}\",\"eventSourceName\":\"Microsoft-Windows-CAPI2\",\"eventID\":\"4107\",\"version\":\"0\",\"level\":\"2\",\"task\":\"0\",\"opcode\":\"0\",\"keywords\":\"0x8080000000000000\",\"systemTime\":\"2026-04-02T12:28:49.8719925Z\",\"eventRecordID\":\"2198\",\"processID\":\"1364\",\"threadID\":\"9404\",\"channel\":\"Application\",\"computer\":\"WS10\",\"severityValue\":\"ERROR\",\"message\":\"\\\"Impossibile estrarre l'elenco radice di terze parti dal file CAB di aggiornamento automatico in <http://ctldl.windowsupdate.com/msdownload/update/v3/static/trustedr/en/authrootstl.cab> a causa dell'errore seguente: Dati non validi.\\r\\n.\\\"\"},\"eventdata\":{\"data\":\"http://ctldl.windowsupdate.com/msdownload/update/v3/static/trustedr/en/authrootstl.cab, Dati non validi.\"}}}", "suspicious": true, "suspicious_reason": "group:windows, level>=5"}
{"timestamp": "2026-04-02T14:29:44.373+0000", "agent": "WS10", "agent_id": "005", "rule_id": "60602", "level": "9", "groups": "windows, windows_application, system_error", "decoder": "windows_eventchannel", "location": "EventChannel", "src_ip": "-", "mitre_ids": "-", "mitre_tactics": "-", "mitre_techniques": "-", "description": "Windows application error event.", "full_log": "{\"win\":{\"system\":{\"providerName\":\"Microsoft-Windows-CAPI2\",\"providerGuid\":\"{5bbca4a8-b209-48dc-a8c7-b23d3e5216fb}\",\"eventSourceName\":\"Microsoft-Windows-CAPI2\",\"eventID\":\"4107\",\"version\":\"0\",\"level\":\"2\",\"task\":\"0\",\"opcode\":\"0\",\"keywords\":\"0x8080000000000000\",\"systemTime\":\"2026-04-02T12:28:49.8719925Z\",\"eventRecordID\":\"2197\",\"processID\":\"1364\",\"threadID\":\"9404\",\"channel\":\"Application\",\"computer\":\"WS10\",\"severityValue\":\"ERROR\",\"message\":\"\\\"Impossibile estrarre l'elenco radice di terze parti dal file CAB di aggiornamento automatico in <http://ctldl.windowsupdate.com/msdownload/update/v3/static/trustedr/en/authrootstl.cab> a causa dell'errore seguente: Dati non validi.\\r\\n.\\\"\"},\"eventdata\":{\"data\":\"http://ctldl.windowsupdate.com/msdownload/update/v3/static/trustedr/en/authrootstl.cab, Dati non validi.\"}}}", "suspicious": true, "suspicious_reason": "group:windows, level>=5"}
{"timestamp": "2026-04-02T14:29:44.388+0000", "agent": "WS10", "agent_id": "005", "rule_id": "60602", "level": "9", "groups": "windows, windows_application, system_error", "decoder": "windows_eventchannel", "location": "EventChannel", "src_ip": "-", "mitre_ids": "-", "mitre_tactics": "-", "mitre_techniques": "-", "description": "Windows application error event.", "full_log": "{\"win\":{\"system\":{\"providerName\":\"Microsoft-Windows-CAPI2\",\"providerGuid\":\"{5bbca4a8-b209-48dc-a8c7-b23d3e5216fb}\",\"eventSourceName\":\"Microsoft-Windows-CAPI2\",\"eventID\":\"4107\",\"version\":\"0\",\"level\":\"2\",\"task\":\"0\",\"opcode\":\"0\",\"keywords\":\"0x8080000000000000\",\"systemTime\":\"2026-04-02T12:28:52.3263874Z\",\"eventRecordID\":\"2200\",\"processID\":\"1364\",\"threadID\":\"9404\",\"channel\":\"Application\",\"computer\":\"WS10\",\"severityValue\":\"ERROR\",\"message\":\"\\\"Impossibile estrarre l'elenco radice di terze parti dal file CAB di aggiornamento automatico in <http://ctldl.windowsupdate.com/msdownload/update/v3/static/trustedr/en/authrootstl.cab> a causa dell'errore seguente: Dati non validi.\\r\\n.\\\"\"},\"eventdata\":{\"data\":\"http://ctldl.windowsupdate.com/msdownload/update/v3/static/trustedr/en/authrootstl.cab, Dati non validi.\"}}}", "suspicious": true, "suspicious_reason": "group:windows, level>=5"}
