{"timestamp": "2026-04-02T12:31:13.322+0000", "agent": "WS10", "agent_id": "005", "rule_id": "92213", "level": "15", "groups": "sysmon, sysmon_eid11_detections, windows", "decoder": "windows_eventchannel", "location": "EventChannel", "src_ip": "-", "mitre_ids": "T1105", "mitre_tactics": "Command and Control", "mitre_techniques": "Ingress Tool Transfer", "description": "Executable file dropped in folder commonly used by malware", "full_log": "{\"win\":{\"system\":{\"providerName\":\"Microsoft-Windows-Sysmon\",\"providerGuid\":\"{5770385f-c22a-43e0-bf4c-06f5698ffbd9}\",\"eventID\":\"11\",\"version\":\"2\",\"level\":\"4\",\"task\":\"11\",\"opcode\":\"0\",\"keywords\":\"0x8000000000000000\",\"systemTime\":\"2026-04-02T10:31:06.8588102Z\",\"eventRecordID\":\"529850\",\"processID\":\"7940\",\"threadID\":\"8064\",\"channel\":\"Microsoft-Windows-Sysmon/Operational\",\"computer\":\"WS10\",\"severityValue\":\"INFORMATION\",\"message\":\"\\\"File created:\\r\\nRuleName: -\\r\\nUtcTime: 2026-04-02 10:31:06.842\\r\\nProcessGuid: {d9a99926-456a-69ce-9a10-000000000600}\\r\\nProcessId: 5056\\r\\nImage: C:\\\\Windows\\\\System32\\\\WindowsPowerShell\\\\v1.0\\\\powershell.exe\\r\\nTargetFilename: C:\\\\Users\\\\Administrator\\\\AppData\\\\Local\\\\Temp\\\\__PSScriptPolicyTest_oygtrt5z.omr.ps1\\r\\nCreationUtcTime: 2026-04-02 10:31:06.842\\r\\nUser: WS10\\\\Administrator\\\"\"},\"eventdata\":{\"utcTime\":\"2026-04-02 10:31:06.842\",\"processGuid\":\"{d9a99926-456a-69ce-9a10-000000000600}\",\"processId\":\"5056\",\"image\":\"C:\\\\\\\\Windows\\\\\\\\System32\\\\\\\\WindowsPowerShell\\\\\\\\v1.0\\\\\\\\powershell.exe\",\"targetFilename\":\"C:\\\\\\\\Users\\\\\\\\Administrator\\\\\\\\AppData\\\\\\\\Local\\\\\\\\Temp\\\\\\\\__PSScriptPolicyTest_oygtrt5z.omr.ps1\",\"creationUtcTime\":\"2026-04-02 10:31:06.842\",\"user\":\"WS10\\\\\\\\Administrator\"}}}", "suspicious": true, "suspicious_reason": "group:sysmon, group:windows, keyword:powershell, keyword:sysmon, level>=5, mitre"}
{"timestamp": "2026-04-02T12:31:41.915+0000", "agent": "wazuh-server", "agent_id": "000", "rule_id": "5502", "level": "3", "groups": "pam, syslog", "decoder": "pam", "location": "journald", "src_ip": "-", "mitre_ids": "-", "mitre_tactics": "-", "mitre_techniques": "-", "description": "PAM: Login session closed.", "full_log": "Apr 02 12:31:40 wazuh-server sudo[44351]: pam_unix(sudo:session): session closed for user root", "suspicious": false, "suspicious_reason": ""}
{"timestamp": "2026-04-02T12:31:41.915+0000", "agent": "wazuh-server", "agent_id": "000", "rule_id": "5502", "level": "3", "groups": "pam, syslog", "decoder": "pam", "location": "journald", "src_ip": "-", "mitre_ids": "-", "mitre_tactics": "-", "mitre_techniques": "-", "description": "PAM: Login session closed.", "full_log": "Apr 02 12:31:40 wazuh-server sshd[44346]: pam_unix(sshd:session): session closed for user root", "suspicious": false, "suspicious_reason": ""}
{"timestamp": "2026-04-02T12:32:18.640+0000", "agent": "WS10", "agent_id": "005", "rule_id": "92213", "level": "15", "groups": "sysmon, sysmon_eid11_detections, windows", "decoder": "windows_eventchannel", "location": "EventChannel", "src_ip": "-", "mitre_ids": "T1105", "mitre_tactics": "Command and Control", "mitre_techniques": "Ingress Tool Transfer", "description": "Executable file dropped in folder commonly used by malware", "full_log": "{\"win\":{\"system\":{\"providerName\":\"Microsoft-Windows-Sysmon\",\"providerGuid\":\"{5770385f-c22a-43e0-bf4c-06f5698ffbd9}\",\"eventID\":\"11\",\"version\":\"2\",\"level\":\"4\",\"task\":\"11\",\"opcode\":\"0\",\"keywords\":\"0x8000000000000000\",\"systemTime\":\"2026-04-02T10:32:13.9119233Z\",\"eventRecordID\":\"529987\",\"processID\":\"7940\",\"threadID\":\"8064\",\"channel\":\"Microsoft-Windows-Sysmon/Operational\",\"computer\":\"WS10\",\"severityValue\":\"INFORMATION\",\"message\":\"\\\"File created:\\r\\nRuleName: -\\r\\nUtcTime: 2026-04-02 10:32:13.885\\r\\nProcessGuid: {d9a99926-45ad-69ce-9c10-000000000600}\\r\\nProcessId: 9352\\r\\nImage: C:\\\\Windows\\\\System32\\\\WindowsPowerShell\\\\v1.0\\\\powershell.exe\\r\\nTargetFilename: C:\\\\Users\\\\Administrator\\\\AppData\\\\Local\\\\Temp\\\\__PSScriptPolicyTest_w1wbahbo.1uv.ps1\\r\\nCreationUtcTime: 2026-04-02 10:32:13.885\\r\\nUser: WS10\\\\Administrator\\\"\"},\"eventdata\":{\"utcTime\":\"2026-04-02 10:32:13.885\",\"processGuid\":\"{d9a99926-45ad-69ce-9c10-000000000600}\",\"processId\":\"9352\",\"image\":\"C:\\\\\\\\Windows\\\\\\\\System32\\\\\\\\WindowsPowerShell\\\\\\\\v1.0\\\\\\\\powershell.exe\",\"targetFilename\":\"C:\\\\\\\\Users\\\\\\\\Administrator\\\\\\\\AppData\\\\\\\\Local\\\\\\\\Temp\\\\\\\\__PSScriptPolicyTest_w1wbahbo.1uv.ps1\",\"creationUtcTime\":\"2026-04-02 10:32:13.885\",\"user\":\"WS10\\\\\\\\Administrator\"}}}", "suspicious": true, "suspicious_reason": "group:sysmon, group:windows, keyword:powershell, keyword:sysmon, level>=5, mitre"}
{"timestamp": "2026-04-02T12:33:23.520+0000", "agent": "WS10", "agent_id": "005", "rule_id": "92213", "level": "15", "groups": "sysmon, sysmon_eid11_detections, windows", "decoder": "windows_eventchannel", "location": "EventChannel", "src_ip": "-", "mitre_ids": "T1105", "mitre_tactics": "Command and Control", "mitre_techniques": "Ingress Tool Transfer", "description": "Executable file dropped in folder commonly used by malware", "full_log": "{\"win\":{\"system\":{\"providerName\":\"Microsoft-Windows-Sysmon\",\"providerGuid\":\"{5770385f-c22a-43e0-bf4c-06f5698ffbd9}\",\"eventID\":\"11\",\"version\":\"2\",\"level\":\"4\",\"task\":\"11\",\"opcode\":\"0\",\"keywords\":\"0x8000000000000000\",\"systemTime\":\"2026-04-02T10:33:16.9477637Z\",\"eventRecordID\":\"530380\",\"processID\":\"7940\",\"threadID\":\"8064\",\"channel\":\"Microsoft-Windows-Sysmon/Operational\",\"computer\":\"WS10\",\"severityValue\":\"INFORMATION\",\"message\":\"\\\"File created:\\r\\nRuleName: -\\r\\nUtcTime: 2026-04-02 10:33:16.942\\r\\nProcessGuid: {d9a99926-45ec-69ce-9e10-000000000600}\\r\\nProcessId: 7492\\r\\nImage: C:\\\\Windows\\\\System32\\\\WindowsPowerShell\\\\v1.0\\\\powershell.exe\\r\\nTargetFilename: C:\\\\Users\\\\Administrator\\\\AppData\\\\Local\\\\Temp\\\\__PSScriptPolicyTest_3nkmtl0k.4sm.ps1\\r\\nCreationUtcTime: 2026-04-02 10:33:16.942\\r\\nUser: WS10\\\\Administrator\\\"\"},\"eventdata\":{\"utcTime\":\"2026-04-02 10:33:16.942\",\"processGuid\":\"{d9a99926-45ec-69ce-9e10-000000000600}\",\"processId\":\"7492\",\"image\":\"C:\\\\\\\\Windows\\\\\\\\System32\\\\\\\\WindowsPowerShell\\\\\\\\v1.0\\\\\\\\powershell.exe\",\"targetFilename\":\"C:\\\\\\\\Users\\\\\\\\Administrator\\\\\\\\AppData\\\\\\\\Local\\\\\\\\Temp\\\\\\\\__PSScriptPolicyTest_3nkmtl0k.4sm.ps1\",\"creationUtcTime\":\"2026-04-02 10:33:16.942\",\"user\":\"WS10\\\\\\\\Administrator\"}}}", "suspicious": true, "suspicious_reason": "group:sysmon, group:windows, keyword:powershell, keyword:sysmon, level>=5, mitre"}
{"timestamp": "2026-04-02T12:34:17.150+0000", "agent": "WS10", "agent_id": "005", "rule_id": "92213", "level": "15", "groups": "sysmon, sysmon_eid11_detections, windows", "decoder": "windows_eventchannel", "location": "EventChannel", "src_ip": "-", "mitre_ids": "T1105", "mitre_tactics": "Command and Control", "mitre_techniques": "Ingress Tool Transfer", "description": "Executable file dropped in folder commonly used by malware", "full_log": "{\"win\":{\"system\":{\"providerName\":\"Microsoft-Windows-Sysmon\",\"providerGuid\":\"{5770385f-c22a-43e0-bf4c-06f5698ffbd9}\",\"eventID\":\"11\",\"version\":\"2\",\"level\":\"4\",\"task\":\"11\",\"opcode\":\"0\",\"keywords\":\"0x8000000000000000\",\"systemTime\":\"2026-04-02T10:34:10.9720812Z\",\"eventRecordID\":\"530578\",\"processID\":\"7940\",\"threadID\":\"8064\",\"channel\":\"Microsoft-Windows-Sysmon/Operational\",\"computer\":\"WS10\",\"severityValue\":\"INFORMATION\",\"message\":\"\\\"File created:\\r\\nRuleName: -\\r\\nUtcTime: 2026-04-02 10:34:10.967\\r\\nProcessGuid: {d9a99926-4622-69ce-a010-000000000600}\\r\\nProcessId: 8060\\r\\nImage: C:\\\\Windows\\\\System32\\\\WindowsPowerShell\\\\v1.0\\\\powershell.exe\\r\\nTargetFilename: C:\\\\Users\\\\Administrator\\\\AppData\\\\Local\\\\Temp\\\\__PSScriptPolicyTest_knfoei40.pjp.ps1\\r\\nCreationUtcTime: 2026-04-02 10:34:10.967\\r\\nUser: WS10\\\\Administrator\\\"\"},\"eventdata\":{\"utcTime\":\"2026-04-02 10:34:10.967\",\"processGuid\":\"{d9a99926-4622-69ce-a010-000000000600}\",\"processId\":\"8060\",\"image\":\"C:\\\\\\\\Windows\\\\\\\\System32\\\\\\\\WindowsPowerShell\\\\\\\\v1.0\\\\\\\\powershell.exe\",\"targetFilename\":\"C:\\\\\\\\Users\\\\\\\\Administrator\\\\\\\\AppData\\\\\\\\Local\\\\\\\\Temp\\\\\\\\__PSScriptPolicyTest_knfoei40.pjp.ps1\",\"creationUtcTime\":\"2026-04-02 10:34:10.967\",\"user\":\"WS10\\\\\\\\Administrator\"}}}", "suspicious": true, "suspicious_reason": "group:sysmon, group:windows, keyword:powershell, keyword:sysmon, level>=5, mitre"}
{"timestamp": "2026-04-02T12:34:57.538+0000", "agent": "WS10", "agent_id": "005", "rule_id": "92213", "level": "15", "groups": "sysmon, sysmon_eid11_detections, windows", "decoder": "windows_eventchannel", "location": "EventChannel", "src_ip": "-", "mitre_ids": "T1105", "mitre_tactics": "Command and Control", "mitre_techniques": "Ingress Tool Transfer", "description": "Executable file dropped in folder commonly used by malware", "full_log": "{\"win\":{\"system\":{\"providerName\":\"Microsoft-Windows-Sysmon\",\"providerGuid\":\"{5770385f-c22a-43e0-bf4c-06f5698ffbd9}\",\"eventID\":\"11\",\"version\":\"2\",\"level\":\"4\",\"task\":\"11\",\"opcode\":\"0\",\"keywords\":\"0x8000000000000000\",\"systemTime\":\"2026-04-02T10:34:51.0099709Z\",\"eventRecordID\":\"530796\",\"processID\":\"7940\",\"threadID\":\"8064\",\"channel\":\"Microsoft-Windows-Sysmon/Operational\",\"computer\":\"WS10\",\"severityValue\":\"INFORMATION\",\"message\":\"\\\"File created:\\r\\nRuleName: -\\r\\nUtcTime: 2026-04-02 10:34:51.000\\r\\nProcessGuid: {d9a99926-464a-69ce-a210-000000000600}\\r\\nProcessId: 3848\\r\\nImage: C:\\\\Windows\\\\System32\\\\WindowsPowerShell\\\\v1.0\\\\powershell.exe\\r\\nTargetFilename: C:\\\\Users\\\\Administrator\\\\AppData\\\\Local\\\\Temp\\\\__PSScriptPolicyTest_go24x2vy.ae1.ps1\\r\\nCreationUtcTime: 2026-04-02 10:34:51.000\\r\\nUser: WS10\\\\Administrator\\\"\"},\"eventdata\":{\"utcTime\":\"2026-04-02 10:34:51.000\",\"processGuid\":\"{d9a99926-464a-69ce-a210-000000000600}\",\"processId\":\"3848\",\"image\":\"C:\\\\\\\\Windows\\\\\\\\System32\\\\\\\\WindowsPowerShell\\\\\\\\v1.0\\\\\\\\powershell.exe\",\"targetFilename\":\"C:\\\\\\\\Users\\\\\\\\Administrator\\\\\\\\AppData\\\\\\\\Local\\\\\\\\Temp\\\\\\\\__PSScriptPolicyTest_go24x2vy.ae1.ps1\",\"creationUtcTime\":\"2026-04-02 10:34:51.000\",\"user\":\"WS10\\\\\\\\Administrator\"}}}", "suspicious": true, "suspicious_reason": "group:sysmon, group:windows, keyword:powershell, keyword:sysmon, level>=5, mitre"}
{"timestamp": "2026-04-02T12:36:01.773+0000", "agent": "wazuh-server", "agent_id": "000", "rule_id": "535", "level": "1", "groups": "ossec", "decoder": "ossec", "location": "last -n 20", "src_ip": "192.168.30.14", "mitre_ids": "-", "mitre_tactics": "-", "mitre_techniques": "-", "description": "List of the last logged in users.", "full_log": "ossec: output: 'last -n 20':\nroot     pts/0        192.168.30.14    Thu Apr  2 12:21 - 12:31  (00:09)\nroot     pts/0        192.168.30.14    Thu Apr  2 11:03 - 11:13  (00:10)\nroot     pts/0        192.168.30.14    Thu Apr  2 08:38 - 08:48  (00:09)\nroot     pts/0        192.168.30.14    Thu Apr  2 08:26 - 08:36  (00:10)\nroot     pts/0        192.168.30.14    Thu Apr  2 08:06 - 08:16  (00:10)\nroot     pts/0        192.168.30.14    Thu Apr  2 07:53 - 08:03  (00:09)\nroot     pts/0        192.168.30.14    Thu Apr  2 07:28 - 07:38  (00:09)\nroot     pts/0        192.168.30.14    Thu Apr  2 07:06 - 07:08  (00:02)\nroot     pts/0        192.168.30.14    Thu Apr  2 07:02 - 07:05  (00:03)\nroot     pts/0        192.168.30.14    Thu Apr  2 06:29 - 06:30  (00:00)\nroot     pts/0        192.168.30.14    Wed Apr  1 15:44 - 15:54  (00:10)\nroot     pts/0        192.168.30.14    Wed Apr  1 15:08 - 15:10  (00:02)\nroot     pts/0        192.168.30.14    Wed Apr  1 15:03 - 15:04  (00:01)\nroot     pts/3        192.168.30.18    Wed Apr  1 14:58 - 14:58  (00:00)\nroot     pts/0        192.168.30.14    Wed Apr  1 14:51 - 14:58  (00:07)\nroot     pts/0        192.168.30.14    Wed Apr  1 12:49 - 12:59  (00:10)\nroot     pts/0        192.168.30.14    Wed Apr  1 12:27 - 12:28  (00:01)\nroot     pts/0        192.168.30.14    Wed Apr  1 12:21 - 12:23  (00:01)\nroot     pts/0        192.168.30.14    Wed Apr  1 12:18 - 12:21  (00:02)\nroot     pts/0        192.168.30.14    Wed Apr  1 12:11 - 12:14  (00:03)\nwtmp begins Fri Mar 13 14:46:13 2026", "suspicious": true, "suspicious_reason": "srcip"}
{"timestamp": "2026-04-02T12:36:04.315+0000", "agent": "WS10", "agent_id": "005", "rule_id": "92213", "level": "15", "groups": "sysmon, sysmon_eid11_detections, windows", "decoder": "windows_eventchannel", "location": "EventChannel", "src_ip": "-", "mitre_ids": "T1105", "mitre_tactics": "Command and Control", "mitre_techniques": "Ingress Tool Transfer", "description": "Executable file dropped in folder commonly used by malware", "full_log": "{\"win\":{\"system\":{\"providerName\":\"Microsoft-Windows-Sysmon\",\"providerGuid\":\"{5770385f-c22a-43e0-bf4c-06f5698ffbd9}\",\"eventID\":\"11\",\"version\":\"2\",\"level\":\"4\",\"task\":\"11\",\"opcode\":\"0\",\"keywords\":\"0x8000000000000000\",\"systemTime\":\"2026-04-02T10:35:59.0431227Z\",\"eventRecordID\":\"530951\",\"processID\":\"7940\",\"threadID\":\"8064\",\"channel\":\"Microsoft-Windows-Sysmon/Operational\",\"computer\":\"WS10\",\"severityValue\":\"INFORMATION\",\"message\":\"\\\"File created:\\r\\nRuleName: -\\r\\nUtcTime: 2026-04-02 10:35:59.020\\r\\nProcessGuid: {d9a99926-468e-69ce-a410-000000000600}\\r\\nProcessId: 3208\\r\\nImage: C:\\\\Windows\\\\System32\\\\WindowsPowerShell\\\\v1.0\\\\powershell.exe\\r\\nTargetFilename: C:\\\\Users\\\\Administrator\\\\AppData\\\\Local\\\\Temp\\\\__PSScriptPolicyTest_wrsy0hjg.d2d.ps1\\r\\nCreationUtcTime: 2026-04-02 10:35:59.020\\r\\nUser: WS10\\\\Administrator\\\"\"},\"eventdata\":{\"utcTime\":\"2026-04-02 10:35:59.020\",\"processGuid\":\"{d9a99926-468e-69ce-a410-000000000600}\",\"processId\":\"3208\",\"image\":\"C:\\\\\\\\Windows\\\\\\\\System32\\\\\\\\WindowsPowerShell\\\\\\\\v1.0\\\\\\\\powershell.exe\",\"targetFilename\":\"C:\\\\\\\\Users\\\\\\\\Administrator\\\\\\\\AppData\\\\\\\\Local\\\\\\\\Temp\\\\\\\\__PSScriptPolicyTest_wrsy0hjg.d2d.ps1\",\"creationUtcTime\":\"2026-04-02 10:35:59.020\",\"user\":\"WS10\\\\\\\\Administrator\"}}}", "suspicious": true, "suspicious_reason": "group:sysmon, group:windows, keyword:powershell, keyword:sysmon, level>=5, mitre"}
{"timestamp": "2026-04-02T12:37:04.204+0000", "agent": "WS10", "agent_id": "005", "rule_id": "92213", "level": "15", "groups": "sysmon, sysmon_eid11_detections, windows", "decoder": "windows_eventchannel", "location": "EventChannel", "src_ip": "-", "mitre_ids": "T1105", "mitre_tactics": "Command and Control", "mitre_techniques": "Ingress Tool Transfer", "description": "Executable file dropped in folder commonly used by malware", "full_log": "{\"win\":{\"system\":{\"providerName\":\"Microsoft-Windows-Sysmon\",\"providerGuid\":\"{5770385f-c22a-43e0-bf4c-06f5698ffbd9}\",\"eventID\":\"11\",\"version\":\"2\",\"level\":\"4\",\"task\":\"11\",\"opcode\":\"0\",\"keywords\":\"0x8000000000000000\",\"systemTime\":\"2026-04-02T10:36:58.0652432Z\",\"eventRecordID\":\"531364\",\"processID\":\"7940\",\"threadID\":\"8064\",\"channel\":\"Microsoft-Windows-Sysmon/Operational\",\"computer\":\"WS10\",\"severityValue\":\"INFORMATION\",\"message\":\"\\\"File created:\\r\\nRuleName: -\\r\\nUtcTime: 2026-04-02 10:36:58.054\\r\\nProcessGuid: {d9a99926-46ca-69ce-a710-000000000600}\\r\\nProcessId: 7744\\r\\nImage: C:\\\\Windows\\\\System32\\\\WindowsPowerShell\\\\v1.0\\\\powershell.exe\\r\\nTargetFilename: C:\\\\Users\\\\Administrator\\\\AppData\\\\Local\\\\Temp\\\\__PSScriptPolicyTest_mzm1zfvh.odu.ps1\\r\\nCreationUtcTime: 2026-04-02 10:36:58.054\\r\\nUser: WS10\\\\Administrator\\\"\"},\"eventdata\":{\"utcTime\":\"2026-04-02 10:36:58.054\",\"processGuid\":\"{d9a99926-46ca-69ce-a710-000000000600}\",\"processId\":\"7744\",\"image\":\"C:\\\\\\\\Windows\\\\\\\\System32\\\\\\\\WindowsPowerShell\\\\\\\\v1.0\\\\\\\\powershell.exe\",\"targetFilename\":\"C:\\\\\\\\Users\\\\\\\\Administrator\\\\\\\\AppData\\\\\\\\Local\\\\\\\\Temp\\\\\\\\__PSScriptPolicyTest_mzm1zfvh.odu.ps1\",\"creationUtcTime\":\"2026-04-02 10:36:58.054\",\"user\":\"WS10\\\\\\\\Administrator\"}}}", "suspicious": true, "suspicious_reason": "group:sysmon, group:windows, keyword:powershell, keyword:sysmon, level>=5, mitre"}
{"timestamp": "2026-04-02T12:37:38.116+0000", "agent": "WS10", "agent_id": "005", "rule_id": "92213", "level": "15", "groups": "sysmon, sysmon_eid11_detections, windows", "decoder": "windows_eventchannel", "location": "EventChannel", "src_ip": "-", "mitre_ids": "T1105", "mitre_tactics": "Command and Control", "mitre_techniques": "Ingress Tool Transfer", "description": "Executable file dropped in folder commonly used by malware", "full_log": "{\"win\":{\"system\":{\"providerName\":\"Microsoft-Windows-Sysmon\",\"providerGuid\":\"{5770385f-c22a-43e0-bf4c-06f5698ffbd9}\",\"eventID\":\"11\",\"version\":\"2\",\"level\":\"4\",\"task\":\"11\",\"opcode\":\"0\",\"keywords\":\"0x8000000000000000\",\"systemTime\":\"2026-04-02T10:37:31.1289928Z\",\"eventRecordID\":\"531856\",\"processID\":\"7940\",\"threadID\":\"8064\",\"channel\":\"Microsoft-Windows-Sysmon/Operational\",\"computer\":\"WS10\",\"severityValue\":\"INFORMATION\",\"message\":\"\\\"File created:\\r\\nRuleName: -\\r\\nUtcTime: 2026-04-02 10:37:31.122\\r\\nProcessGuid: {d9a99926-46eb-69ce-a910-000000000600}\\r\\nProcessId: 7076\\r\\nImage: C:\\\\Windows\\\\System32\\\\WindowsPowerShell\\\\v1.0\\\\powershell.exe\\r\\nTargetFilename: C:\\\\Users\\\\Administrator\\\\AppData\\\\Local\\\\Temp\\\\__PSScriptPolicyTest_bln1ppjc.4mj.ps1\\r\\nCreationUtcTime: 2026-04-02 10:37:31.122\\r\\nUser: WS10\\\\Administrator\\\"\"},\"eventdata\":{\"utcTime\":\"2026-04-02 10:37:31.122\",\"processGuid\":\"{d9a99926-46eb-69ce-a910-000000000600}\",\"processId\":\"7076\",\"image\":\"C:\\\\\\\\Windows\\\\\\\\System32\\\\\\\\WindowsPowerShell\\\\\\\\v1.0\\\\\\\\powershell.exe\",\"targetFilename\":\"C:\\\\\\\\Users\\\\\\\\Administrator\\\\\\\\AppData\\\\\\\\Local\\\\\\\\Temp\\\\\\\\__PSScriptPolicyTest_bln1ppjc.4mj.ps1\",\"creationUtcTime\":\"2026-04-02 10:37:31.122\",\"user\":\"WS10\\\\\\\\Administrator\"}}}", "suspicious": true, "suspicious_reason": "group:sysmon, group:windows, keyword:powershell, keyword:sysmon, level>=5, mitre"}
{"timestamp": "2026-04-02T12:38:19.666+0000", "agent": "WS10", "agent_id": "005", "rule_id": "92213", "level": "15", "groups": "sysmon, sysmon_eid11_detections, windows", "decoder": "windows_eventchannel", "location": "EventChannel", "src_ip": "-", "mitre_ids": "T1105", "mitre_tactics": "Command and Control", "mitre_techniques": "Ingress Tool Transfer", "description": "Executable file dropped in folder commonly used by malware", "full_log": "{\"win\":{\"system\":{\"providerName\":\"Microsoft-Windows-Sysmon\",\"providerGuid\":\"{5770385f-c22a-43e0-bf4c-06f5698ffbd9}\",\"eventID\":\"11\",\"version\":\"2\",\"level\":\"4\",\"task\":\"11\",\"opcode\":\"0\",\"keywords\":\"0x8000000000000000\",\"systemTime\":\"2026-04-02T10:38:13.1438351Z\",\"eventRecordID\":\"532150\",\"processID\":\"7940\",\"threadID\":\"8064\",\"channel\":\"Microsoft-Windows-Sysmon/Operational\",\"computer\":\"WS10\",\"severityValue\":\"INFORMATION\",\"message\":\"\\\"File created:\\r\\nRuleName: -\\r\\nUtcTime: 2026-04-02 10:38:13.140\\r\\nProcessGuid: {d9a99926-4715-69ce-ab10-000000000600}\\r\\nProcessId: 6288\\r\\nImage: C:\\\\Windows\\\\System32\\\\WindowsPowerShell\\\\v1.0\\\\powershell.exe\\r\\nTargetFilename: C:\\\\Users\\\\Administrator\\\\AppData\\\\Local\\\\Temp\\\\__PSScriptPolicyTest_qhha01i1.meu.ps1\\r\\nCreationUtcTime: 2026-04-02 10:38:13.140\\r\\nUser: WS10\\\\Administrator\\\"\"},\"eventdata\":{\"utcTime\":\"2026-04-02 10:38:13.140\",\"processGuid\":\"{d9a99926-4715-69ce-ab10-000000000600}\",\"processId\":\"6288\",\"image\":\"C:\\\\\\\\Windows\\\\\\\\System32\\\\\\\\WindowsPowerShell\\\\\\\\v1.0\\\\\\\\powershell.exe\",\"targetFilename\":\"C:\\\\\\\\Users\\\\\\\\Administrator\\\\\\\\AppData\\\\\\\\Local\\\\\\\\Temp\\\\\\\\__PSScriptPolicyTest_qhha01i1.meu.ps1\",\"creationUtcTime\":\"2026-04-02 10:38:13.140\",\"user\":\"WS10\\\\\\\\Administrator\"}}}", "suspicious": true, "suspicious_reason": "group:sysmon, group:windows, keyword:powershell, keyword:sysmon, level>=5, mitre"}
{"timestamp": "2026-04-02T12:39:17.052+0000", "agent": "WS10", "agent_id": "005", "rule_id": "92213", "level": "15", "groups": "sysmon, sysmon_eid11_detections, windows", "decoder": "windows_eventchannel", "location": "EventChannel", "src_ip": "-", "mitre_ids": "T1105", "mitre_tactics": "Command and Control", "mitre_techniques": "Ingress Tool Transfer", "description": "Executable file dropped in folder commonly used by malware", "full_log": "{\"win\":{\"system\":{\"providerName\":\"Microsoft-Windows-Sysmon\",\"providerGuid\":\"{5770385f-c22a-43e0-bf4c-06f5698ffbd9}\",\"eventID\":\"11\",\"version\":\"2\",\"level\":\"4\",\"task\":\"11\",\"opcode\":\"0\",\"keywords\":\"0x8000000000000000\",\"systemTime\":\"2026-04-02T10:39:10.1727859Z\",\"eventRecordID\":\"532514\",\"processID\":\"7940\",\"threadID\":\"8064\",\"channel\":\"Microsoft-Windows-Sysmon/Operational\",\"computer\":\"WS10\",\"severityValue\":\"INFORMATION\",\"message\":\"\\\"File created:\\r\\nRuleName: -\\r\\nUtcTime: 2026-04-02 10:39:10.148\\r\\nProcessGuid: {d9a99926-474e-69ce-ad10-000000000600}\\r\\nProcessId: 8320\\r\\nImage: C:\\\\Windows\\\\System32\\\\WindowsPowerShell\\\\v1.0\\\\powershell.exe\\r\\nTargetFilename: C:\\\\Users\\\\Administrator\\\\AppData\\\\Local\\\\Temp\\\\__PSScriptPolicyTest_4sslbbmv.4kx.ps1\\r\\nCreationUtcTime: 2026-04-02 10:39:10.148\\r\\nUser: WS10\\\\Administrator\\\"\"},\"eventdata\":{\"utcTime\":\"2026-04-02 10:39:10.148\",\"processGuid\":\"{d9a99926-474e-69ce-ad10-000000000600}\",\"processId\":\"8320\",\"image\":\"C:\\\\\\\\Windows\\\\\\\\System32\\\\\\\\WindowsPowerShell\\\\\\\\v1.0\\\\\\\\powershell.exe\",\"targetFilename\":\"C:\\\\\\\\Users\\\\\\\\Administrator\\\\\\\\AppData\\\\\\\\Local\\\\\\\\Temp\\\\\\\\__PSScriptPolicyTest_4sslbbmv.4kx.ps1\",\"creationUtcTime\":\"2026-04-02 10:39:10.148\",\"user\":\"WS10\\\\\\\\Administrator\"}}}", "suspicious": true, "suspicious_reason": "group:sysmon, group:windows, keyword:powershell, keyword:sysmon, level>=5, mitre"}
{"timestamp": "2026-04-02T12:40:44.856+0000", "agent": "WS10", "agent_id": "005", "rule_id": "60602", "level": "9", "groups": "windows, windows_application, system_error", "decoder": "windows_eventchannel", "location": "EventChannel", "src_ip": "-", "mitre_ids": "-", "mitre_tactics": "-", "mitre_techniques": "-", "description": "Windows application error event.", "full_log": "{\"win\":{\"system\":{\"providerName\":\"Microsoft-Windows-CAPI2\",\"providerGuid\":\"{5bbca4a8-b209-48dc-a8c7-b23d3e5216fb}\",\"eventSourceName\":\"Microsoft-Windows-CAPI2\",\"eventID\":\"4107\",\"version\":\"0\",\"level\":\"2\",\"task\":\"0\",\"opcode\":\"0\",\"keywords\":\"0x8080000000000000\",\"systemTime\":\"2026-04-02T10:40:39.4166748Z\",\"eventRecordID\":\"2109\",\"processID\":\"1364\",\"threadID\":\"608\",\"channel\":\"Application\",\"computer\":\"WS10\",\"severityValue\":\"ERROR\",\"message\":\"\\\"Impossibile estrarre l'elenco radice di terze parti dal file CAB di aggiornamento automatico in <http://ctldl.windowsupdate.com/msdownload/update/v3/static/trustedr/en/authrootstl.cab> a causa dell'errore seguente: Dati non validi.\\r\\n.\\\"\"},\"eventdata\":{\"data\":\"http://ctldl.windowsupdate.com/msdownload/update/v3/static/trustedr/en/authrootstl.cab, Dati non validi.\"}}}", "suspicious": true, "suspicious_reason": "group:windows, level>=5"}
{"timestamp": "2026-04-02T12:40:44.930+0000", "agent": "WS10", "agent_id": "005", "rule_id": "60602", "level": "9", "groups": "windows, windows_application, system_error", "decoder": "windows_eventchannel", "location": "EventChannel", "src_ip": "-", "mitre_ids": "-", "mitre_tactics": "-", "mitre_techniques": "-", "description": "Windows application error event.", "full_log": "{\"win\":{\"system\":{\"providerName\":\"Microsoft-Windows-CAPI2\",\"providerGuid\":\"{5bbca4a8-b209-48dc-a8c7-b23d3e5216fb}\",\"eventSourceName\":\"Microsoft-Windows-CAPI2\",\"eventID\":\"4107\",\"version\":\"0\",\"level\":\"2\",\"task\":\"0\",\"opcode\":\"0\",\"keywords\":\"0x8080000000000000\",\"systemTime\":\"2026-04-02T10:40:39.4299930Z\",\"eventRecordID\":\"2110\",\"processID\":\"1364\",\"threadID\":\"608\",\"channel\":\"Application\",\"computer\":\"WS10\",\"severityValue\":\"ERROR\",\"message\":\"\\\"Impossibile estrarre l'elenco radice di terze parti dal file CAB di aggiornamento automatico in <http://ctldl.windowsupdate.com/msdownload/update/v3/static/trustedr/en/authrootstl.cab> a causa dell'errore seguente: Dati non validi.\\r\\n.\\\"\"},\"eventdata\":{\"data\":\"http://ctldl.windowsupdate.com/msdownload/update/v3/static/trustedr/en/authrootstl.cab, Dati non validi.\"}}}", "suspicious": true, "suspicious_reason": "group:windows, level>=5"}
{"timestamp": "2026-04-02T12:40:44.946+0000", "agent": "WS10", "agent_id": "005", "rule_id": "60602", "level": "9", "groups": "windows, windows_application, system_error", "decoder": "windows_eventchannel", "location": "EventChannel", "src_ip": "-", "mitre_ids": "-", "mitre_tactics": "-", "mitre_techniques": "-", "description": "Windows application error event.", "full_log": "{\"win\":{\"system\":{\"providerName\":\"Microsoft-Windows-CAPI2\",\"providerGuid\":\"{5bbca4a8-b209-48dc-a8c7-b23d3e5216fb}\",\"eventSourceName\":\"Microsoft-Windows-CAPI2\",\"eventID\":\"4107\",\"version\":\"0\",\"level\":\"2\",\"task\":\"0\",\"opcode\":\"0\",\"keywords\":\"0x8080000000000000\",\"systemTime\":\"2026-04-02T10:40:39.4299930Z\",\"eventRecordID\":\"2111\",\"processID\":\"1364\",\"threadID\":\"608\",\"channel\":\"Application\",\"computer\":\"WS10\",\"severityValue\":\"ERROR\",\"message\":\"\\\"Impossibile estrarre l'elenco radice di terze parti dal file CAB di aggiornamento automatico in <http://ctldl.windowsupdate.com/msdownload/update/v3/static/trustedr/en/authrootstl.cab> a causa dell'errore seguente: Dati non validi.\\r\\n.\\\"\"},\"eventdata\":{\"data\":\"http://ctldl.windowsupdate.com/msdownload/update/v3/static/trustedr/en/authrootstl.cab, Dati non validi.\"}}}", "suspicious": true, "suspicious_reason": "group:windows, level>=5"}
{"timestamp": "2026-04-02T12:40:46.406+0000", "agent": "WS10", "agent_id": "005", "rule_id": "60602", "level": "9", "groups": "windows, windows_application, system_error", "decoder": "windows_eventchannel", "location": "EventChannel", "src_ip": "-", "mitre_ids": "-", "mitre_tactics": "-", "mitre_techniques": "-", "description": "Windows application error event.", "full_log": "{\"win\":{\"system\":{\"providerName\":\"Microsoft-Windows-CAPI2\",\"providerGuid\":\"{5bbca4a8-b209-48dc-a8c7-b23d3e5216fb}\",\"eventSourceName\":\"Microsoft-Windows-CAPI2\",\"eventID\":\"4107\",\"version\":\"0\",\"level\":\"2\",\"task\":\"0\",\"opcode\":\"0\",\"keywords\":\"0x8080000000000000\",\"systemTime\":\"2026-04-02T10:40:40.9800523Z\",\"eventRecordID\":\"2112\",\"processID\":\"1364\",\"threadID\":\"608\",\"channel\":\"Application\",\"computer\":\"WS10\",\"severityValue\":\"ERROR\",\"message\":\"\\\"Impossibile estrarre l'elenco radice di terze parti dal file CAB di aggiornamento automatico in <http://ctldl.windowsupdate.com/msdownload/update/v3/static/trustedr/en/authrootstl.cab> a causa dell'errore seguente: Dati non validi.\\r\\n.\\\"\"},\"eventdata\":{\"data\":\"http://ctldl.windowsupdate.com/msdownload/update/v3/static/trustedr/en/authrootstl.cab, Dati non validi.\"}}}", "suspicious": true, "suspicious_reason": "group:windows, level>=5"}
{"timestamp": "2026-04-02T12:40:46.420+0000", "agent": "WS10", "agent_id": "005", "rule_id": "60602", "level": "9", "groups": "windows, windows_application, system_error", "decoder": "windows_eventchannel", "location": "EventChannel", "src_ip": "-", "mitre_ids": "-", "mitre_tactics": "-", "mitre_techniques": "-", "description": "Windows application error event.", "full_log": "{\"win\":{\"system\":{\"providerName\":\"Microsoft-Windows-CAPI2\",\"providerGuid\":\"{5bbca4a8-b209-48dc-a8c7-b23d3e5216fb}\",\"eventSourceName\":\"Microsoft-Windows-CAPI2\",\"eventID\":\"4107\",\"version\":\"0\",\"level\":\"2\",\"task\":\"0\",\"opcode\":\"0\",\"keywords\":\"0x8080000000000000\",\"systemTime\":\"2026-04-02T10:40:40.9800523Z\",\"eventRecordID\":\"2113\",\"processID\":\"1364\",\"threadID\":\"608\",\"channel\":\"Application\",\"computer\":\"WS10\",\"severityValue\":\"ERROR\",\"message\":\"\\\"Impossibile estrarre l'elenco radice di terze parti dal file CAB di aggiornamento automatico in <http://ctldl.windowsupdate.com/msdownload/update/v3/static/trustedr/en/authrootstl.cab> a causa dell'errore seguente: Dati non validi.\\r\\n.\\\"\"},\"eventdata\":{\"data\":\"http://ctldl.windowsupdate.com/msdownload/update/v3/static/trustedr/en/authrootstl.cab, Dati non validi.\"}}}", "suspicious": true, "suspicious_reason": "group:windows, level>=5"}
{"timestamp": "2026-04-02T12:40:46.451+0000", "agent": "WS10", "agent_id": "005", "rule_id": "60602", "level": "9", "groups": "windows, windows_application, system_error", "decoder": "windows_eventchannel", "location": "EventChannel", "src_ip": "-", "mitre_ids": "-", "mitre_tactics": "-", "mitre_techniques": "-", "description": "Windows application error event.", "full_log": "{\"win\":{\"system\":{\"providerName\":\"Microsoft-Windows-CAPI2\",\"providerGuid\":\"{5bbca4a8-b209-48dc-a8c7-b23d3e5216fb}\",\"eventSourceName\":\"Microsoft-Windows-CAPI2\",\"eventID\":\"4107\",\"version\":\"0\",\"level\":\"2\",\"task\":\"0\",\"opcode\":\"0\",\"keywords\":\"0x8080000000000000\",\"systemTime\":\"2026-04-02T10:40:40.9960293Z\",\"eventRecordID\":\"2114\",\"processID\":\"1364\",\"threadID\":\"608\",\"channel\":\"Application\",\"computer\":\"WS10\",\"severityValue\":\"ERROR\",\"message\":\"\\\"Impossibile estrarre l'elenco radice di terze parti dal file CAB di aggiornamento automatico in <http://ctldl.windowsupdate.com/msdownload/update/v3/static/trustedr/en/authrootstl.cab> a causa dell'errore seguente: Dati non validi.\\r\\n.\\\"\"},\"eventdata\":{\"data\":\"http://ctldl.windowsupdate.com/msdownload/update/v3/static/trustedr/en/authrootstl.cab, Dati non validi.\"}}}", "suspicious": true, "suspicious_reason": "group:windows, level>=5"}
{"timestamp": "2026-04-02T12:40:46.497+0000", "agent": "WS10", "agent_id": "005", "rule_id": "60602", "level": "9", "groups": "windows, windows_application, system_error", "decoder": "windows_eventchannel", "location": "EventChannel", "src_ip": "-", "mitre_ids": "-", "mitre_tactics": "-", "mitre_techniques": "-", "description": "Windows application error event.", "full_log": "{\"win\":{\"system\":{\"providerName\":\"Microsoft-Windows-CAPI2\",\"providerGuid\":\"{5bbca4a8-b209-48dc-a8c7-b23d3e5216fb}\",\"eventSourceName\":\"Microsoft-Windows-CAPI2\",\"eventID\":\"4107\",\"version\":\"0\",\"level\":\"2\",\"task\":\"0\",\"opcode\":\"0\",\"keywords\":\"0x8080000000000000\",\"systemTime\":\"2026-04-02T10:40:40.9960293Z\",\"eventRecordID\":\"2115\",\"processID\":\"1364\",\"threadID\":\"608\",\"channel\":\"Application\",\"computer\":\"WS10\",\"severityValue\":\"ERROR\",\"message\":\"\\\"Impossibile estrarre l'elenco radice di terze parti dal file CAB di aggiornamento automatico in <http://ctldl.windowsupdate.com/msdownload/update/v3/static/trustedr/en/authrootstl.cab> a causa dell'errore seguente: Dati non validi.\\r\\n.\\\"\"},\"eventdata\":{\"data\":\"http://ctldl.windowsupdate.com/msdownload/update/v3/static/trustedr/en/authrootstl.cab, Dati non validi.\"}}}", "suspicious": true, "suspicious_reason": "group:windows, level>=5"}
{"timestamp": "2026-04-02T12:40:46.527+0000", "agent": "WS10", "agent_id": "005", "rule_id": "61061", "level": "10", "groups": "windows, windows_application", "decoder": "windows_eventchannel", "location": "EventChannel", "src_ip": "-", "mitre_ids": "-", "mitre_tactics": "-", "mitre_techniques": "-", "description": "Multiple Windows error application events.", "full_log": "{\"win\":{\"system\":{\"providerName\":\"Microsoft-Windows-CAPI2\",\"providerGuid\":\"{5bbca4a8-b209-48dc-a8c7-b23d3e5216fb}\",\"eventSourceName\":\"Microsoft-Windows-CAPI2\",\"eventID\":\"4107\",\"version\":\"0\",\"level\":\"2\",\"task\":\"0\",\"opcode\":\"0\",\"keywords\":\"0x8080000000000000\",\"systemTime\":\"2026-04-02T10:40:41.0137615Z\",\"eventRecordID\":\"2116\",\"processID\":\"1364\",\"threadID\":\"608\",\"channel\":\"Application\",\"computer\":\"WS10\",\"severityValue\":\"ERROR\",\"message\":\"\\\"Impossibile estrarre l'elenco radice di terze parti dal file CAB di aggiornamento automatico in <http://ctldl.windowsupdate.com/msdownload/update/v3/static/trustedr/en/authrootstl.cab> a causa dell'errore seguente: Dati non validi.\\r\\n.\\\"\"},\"eventdata\":{\"data\":\"http://ctldl.windowsupdate.com/msdownload/update/v3/static/trustedr/en/authrootstl.cab, Dati non validi.\"}}}", "suspicious": true, "suspicious_reason": "group:windows, level>=5"}
{"timestamp": "2026-04-02T12:40:46.559+0000", "agent": "WS10", "agent_id": "005", "rule_id": "60602", "level": "9", "groups": "windows, windows_application, system_error", "decoder": "windows_eventchannel", "location": "EventChannel", "src_ip": "-", "mitre_ids": "-", "mitre_tactics": "-", "mitre_techniques": "-", "description": "Windows application error event.", "full_log": "{\"win\":{\"system\":{\"providerName\":\"Microsoft-Windows-CAPI2\",\"providerGuid\":\"{5bbca4a8-b209-48dc-a8c7-b23d3e5216fb}\",\"eventSourceName\":\"Microsoft-Windows-CAPI2\",\"eventID\":\"4107\",\"version\":\"0\",\"level\":\"2\",\"task\":\"0\",\"opcode\":\"0\",\"keywords\":\"0x8080000000000000\",\"systemTime\":\"2026-04-02T10:40:41.0269794Z\",\"eventRecordID\":\"2117\",\"processID\":\"1364\",\"threadID\":\"608\",\"channel\":\"Application\",\"computer\":\"WS10\",\"severityValue\":\"ERROR\",\"message\":\"\\\"Impossibile estrarre l'elenco radice di terze parti dal file CAB di aggiornamento automatico in <http://ctldl.windowsupdate.com/msdownload/update/v3/static/trustedr/en/authrootstl.cab> a causa dell'errore seguente: Dati non validi.\\r\\n.\\\"\"},\"eventdata\":{\"data\":\"http://ctldl.windowsupdate.com/msdownload/update/v3/static/trustedr/en/authrootstl.cab, Dati non validi.\"}}}", "suspicious": true, "suspicious_reason": "group:windows, level>=5"}
{"timestamp": "2026-04-02T12:40:46.620+0000", "agent": "WS10", "agent_id": "005", "rule_id": "60602", "level": "9", "groups": "windows, windows_application, system_error", "decoder": "windows_eventchannel", "location": "EventChannel", "src_ip": "-", "mitre_ids": "-", "mitre_tactics": "-", "mitre_techniques": "-", "description": "Windows application error event.", "full_log": "{\"win\":{\"system\":{\"providerName\":\"Microsoft-Windows-CAPI2\",\"providerGuid\":\"{5bbca4a8-b209-48dc-a8c7-b23d3e5216fb}\",\"eventSourceName\":\"Microsoft-Windows-CAPI2\",\"eventID\":\"4107\",\"version\":\"0\",\"level\":\"2\",\"task\":\"0\",\"opcode\":\"0\",\"keywords\":\"0x8080000000000000\",\"systemTime\":\"2026-04-02T10:40:41.0269794Z\",\"eventRecordID\":\"2118\",\"processID\":\"1364\",\"threadID\":\"608\",\"channel\":\"Application\",\"computer\":\"WS10\",\"severityValue\":\"ERROR\",\"message\":\"\\\"Impossibile estrarre l'elenco radice di terze parti dal file CAB di aggiornamento automatico in <http://ctldl.windowsupdate.com/msdownload/update/v3/static/trustedr/en/authrootstl.cab> a causa dell'errore seguente: Dati non validi.\\r\\n.\\\"\"},\"eventdata\":{\"data\":\"http://ctldl.windowsupdate.com/msdownload/update/v3/static/trustedr/en/authrootstl.cab, Dati non validi.\"}}}", "suspicious": true, "suspicious_reason": "group:windows, level>=5"}
{"timestamp": "2026-04-02T12:40:46.666+0000", "agent": "WS10", "agent_id": "005", "rule_id": "60602", "level": "9", "groups": "windows, windows_application, system_error", "decoder": "windows_eventchannel", "location": "EventChannel", "src_ip": "-", "mitre_ids": "-", "mitre_tactics": "-", "mitre_techniques": "-", "description": "Windows application error event.", "full_log": "{\"win\":{\"system\":{\"providerName\":\"Microsoft-Windows-CAPI2\",\"providerGuid\":\"{5bbca4a8-b209-48dc-a8c7-b23d3e5216fb}\",\"eventSourceName\":\"Microsoft-Windows-CAPI2\",\"eventID\":\"4107\",\"version\":\"0\",\"level\":\"2\",\"task\":\"0\",\"opcode\":\"0\",\"keywords\":\"0x8080000000000000\",\"systemTime\":\"2026-04-02T10:40:41.0431107Z\",\"eventRecordID\":\"2119\",\"processID\":\"1364\",\"threadID\":\"608\",\"channel\":\"Application\",\"computer\":\"WS10\",\"severityValue\":\"ERROR\",\"message\":\"\\\"Impossibile estrarre l'elenco radice di terze parti dal file CAB di aggiornamento automatico in <http://ctldl.windowsupdate.com/msdownload/update/v3/static/trustedr/en/authrootstl.cab> a causa dell'errore seguente: Dati non validi.\\r\\n.\\\"\"},\"eventdata\":{\"data\":\"http://ctldl.windowsupdate.com/msdownload/update/v3/static/trustedr/en/authrootstl.cab, Dati non validi.\"}}}", "suspicious": true, "suspicious_reason": "group:windows, level>=5"}
{"timestamp": "2026-04-02T12:40:46.697+0000", "agent": "WS10", "agent_id": "005", "rule_id": "60602", "level": "9", "groups": "windows, windows_application, system_error", "decoder": "windows_eventchannel", "location": "EventChannel", "src_ip": "-", "mitre_ids": "-", "mitre_tactics": "-", "mitre_techniques": "-", "description": "Windows application error event.", "full_log": "{\"win\":{\"system\":{\"providerName\":\"Microsoft-Windows-CAPI2\",\"providerGuid\":\"{5bbca4a8-b209-48dc-a8c7-b23d3e5216fb}\",\"eventSourceName\":\"Microsoft-Windows-CAPI2\",\"eventID\":\"4107\",\"version\":\"0\",\"level\":\"2\",\"task\":\"0\",\"opcode\":\"0\",\"keywords\":\"0x8080000000000000\",\"systemTime\":\"2026-04-02T10:40:41.0583794Z\",\"eventRecordID\":\"2120\",\"processID\":\"1364\",\"threadID\":\"608\",\"channel\":\"Application\",\"computer\":\"WS10\",\"severityValue\":\"ERROR\",\"message\":\"\\\"Impossibile estrarre l'elenco radice di terze parti dal file CAB di aggiornamento automatico in <http://ctldl.windowsupdate.com/msdownload/update/v3/static/trustedr/en/authrootstl.cab> a causa dell'errore seguente: Dati non validi.\\r\\n.\\\"\"},\"eventdata\":{\"data\":\"http://ctldl.windowsupdate.com/msdownload/update/v3/static/trustedr/en/authrootstl.cab, Dati non validi.\"}}}", "suspicious": true, "suspicious_reason": "group:windows, level>=5"}
{"timestamp": "2026-04-02T12:40:46.727+0000", "agent": "WS10", "agent_id": "005", "rule_id": "60602", "level": "9", "groups": "windows, windows_application, system_error", "decoder": "windows_eventchannel", "location": "EventChannel", "src_ip": "-", "mitre_ids": "-", "mitre_tactics": "-", "mitre_techniques": "-", "description": "Windows application error event.", "full_log": "{\"win\":{\"system\":{\"providerName\":\"Microsoft-Windows-CAPI2\",\"providerGuid\":\"{5bbca4a8-b209-48dc-a8c7-b23d3e5216fb}\",\"eventSourceName\":\"Microsoft-Windows-CAPI2\",\"eventID\":\"4107\",\"version\":\"0\",\"level\":\"2\",\"task\":\"0\",\"opcode\":\"0\",\"keywords\":\"0x8080000000000000\",\"systemTime\":\"2026-04-02T10:40:41.0583794Z\",\"eventRecordID\":\"2121\",\"processID\":\"1364\",\"threadID\":\"608\",\"channel\":\"Application\",\"computer\":\"WS10\",\"severityValue\":\"ERROR\",\"message\":\"\\\"Impossibile estrarre l'elenco radice di terze parti dal file CAB di aggiornamento automatico in <http://ctldl.windowsupdate.com/msdownload/update/v3/static/trustedr/en/authrootstl.cab> a causa dell'errore seguente: Dati non validi.\\r\\n.\\\"\"},\"eventdata\":{\"data\":\"http://ctldl.windowsupdate.com/msdownload/update/v3/static/trustedr/en/authrootstl.cab, Dati non validi.\"}}}", "suspicious": true, "suspicious_reason": "group:windows, level>=5"}
{"timestamp": "2026-04-02T12:40:46.759+0000", "agent": "WS10", "agent_id": "005", "rule_id": "60602", "level": "9", "groups": "windows, windows_application, system_error", "decoder": "windows_eventchannel", "location": "EventChannel", "src_ip": "-", "mitre_ids": "-", "mitre_tactics": "-", "mitre_techniques": "-", "description": "Windows application error event.", "full_log": "{\"win\":{\"system\":{\"providerName\":\"Microsoft-Windows-CAPI2\",\"providerGuid\":\"{5bbca4a8-b209-48dc-a8c7-b23d3e5216fb}\",\"eventSourceName\":\"Microsoft-Windows-CAPI2\",\"eventID\":\"4107\",\"version\":\"0\",\"level\":\"2\",\"task\":\"0\",\"opcode\":\"0\",\"keywords\":\"0x8080000000000000\",\"systemTime\":\"2026-04-02T10:40:41.0741361Z\",\"eventRecordID\":\"2122\",\"processID\":\"1364\",\"threadID\":\"608\",\"channel\":\"Application\",\"computer\":\"WS10\",\"severityValue\":\"ERROR\",\"message\":\"\\\"Impossibile estrarre l'elenco radice di terze parti dal file CAB di aggiornamento automatico in <http://ctldl.windowsupdate.com/msdownload/update/v3/static/trustedr/en/authrootstl.cab> a causa dell'errore seguente: Dati non validi.\\r\\n.\\\"\"},\"eventdata\":{\"data\":\"http://ctldl.windowsupdate.com/msdownload/update/v3/static/trustedr/en/authrootstl.cab, Dati non validi.\"}}}", "suspicious": true, "suspicious_reason": "group:windows, level>=5"}
{"timestamp": "2026-04-02T12:40:46.789+0000", "agent": "WS10", "agent_id": "005", "rule_id": "60602", "level": "9", "groups": "windows, windows_application, system_error", "decoder": "windows_eventchannel", "location": "EventChannel", "src_ip": "-", "mitre_ids": "-", "mitre_tactics": "-", "mitre_techniques": "-", "description": "Windows application error event.", "full_log": "{\"win\":{\"system\":{\"providerName\":\"Microsoft-Windows-CAPI2\",\"providerGuid\":\"{5bbca4a8-b209-48dc-a8c7-b23d3e5216fb}\",\"eventSourceName\":\"Microsoft-Windows-CAPI2\",\"eventID\":\"4107\",\"version\":\"0\",\"level\":\"2\",\"task\":\"0\",\"opcode\":\"0\",\"keywords\":\"0x8080000000000000\",\"systemTime\":\"2026-04-02T10:40:41.0741361Z\",\"eventRecordID\":\"2123\",\"processID\":\"1364\",\"threadID\":\"608\",\"channel\":\"Application\",\"computer\":\"WS10\",\"severityValue\":\"ERROR\",\"message\":\"\\\"Impossibile estrarre l'elenco radice di terze parti dal file CAB di aggiornamento automatico in <http://ctldl.windowsupdate.com/msdownload/update/v3/static/trustedr/en/authrootstl.cab> a causa dell'errore seguente: Dati non validi.\\r\\n.\\\"\"},\"eventdata\":{\"data\":\"http://ctldl.windowsupdate.com/msdownload/update/v3/static/trustedr/en/authrootstl.cab, Dati non validi.\"}}}", "suspicious": true, "suspicious_reason": "group:windows, level>=5"}
{"timestamp": "2026-04-02T12:40:51.434+0000", "agent": "WS10", "agent_id": "005", "rule_id": "61061", "level": "10", "groups": "windows, windows_application", "decoder": "windows_eventchannel", "location": "EventChannel", "src_ip": "-", "mitre_ids": "-", "mitre_tactics": "-", "mitre_techniques": "-", "description": "Multiple Windows error application events.", "full_log": "{\"win\":{\"system\":{\"providerName\":\"Microsoft-Windows-CAPI2\",\"providerGuid\":\"{5bbca4a8-b209-48dc-a8c7-b23d3e5216fb}\",\"eventSourceName\":\"Microsoft-Windows-CAPI2\",\"eventID\":\"4107\",\"version\":\"0\",\"level\":\"2\",\"task\":\"0\",\"opcode\":\"0\",\"keywords\":\"0x8080000000000000\",\"systemTime\":\"2026-04-02T10:40:46.8055504Z\",\"eventRecordID\":\"2124\",\"processID\":\"1364\",\"threadID\":\"1436\",\"channel\":\"Application\",\"computer\":\"WS10\",\"severityValue\":\"ERROR\",\"message\":\"\\\"Impossibile estrarre l'elenco radice di terze parti dal file CAB di aggiornamento automatico in <http://ctldl.windowsupdate.com/msdownload/update/v3/static/trustedr/en/authrootstl.cab> a causa dell'errore seguente: Dati non validi.\\r\\n.\\\"\"},\"eventdata\":{\"data\":\"http://ctldl.windowsupdate.com/msdownload/update/v3/static/trustedr/en/authrootstl.cab, Dati non validi.\"}}}", "suspicious": true, "suspicious_reason": "group:windows, level>=5"}
{"timestamp": "2026-04-02T12:40:51.435+0000", "agent": "WS10", "agent_id": "005", "rule_id": "60602", "level": "9", "groups": "windows, windows_application, system_error", "decoder": "windows_eventchannel", "location": "EventChannel", "src_ip": "-", "mitre_ids": "-", "mitre_tactics": "-", "mitre_techniques": "-", "description": "Windows application error event.", "full_log": "{\"win\":{\"system\":{\"providerName\":\"Microsoft-Windows-CAPI2\",\"providerGuid\":\"{5bbca4a8-b209-48dc-a8c7-b23d3e5216fb}\",\"eventSourceName\":\"Microsoft-Windows-CAPI2\",\"eventID\":\"4107\",\"version\":\"0\",\"level\":\"2\",\"task\":\"0\",\"opcode\":\"0\",\"keywords\":\"0x8080000000000000\",\"systemTime\":\"2026-04-02T10:40:46.8055504Z\",\"eventRecordID\":\"2125\",\"processID\":\"1364\",\"threadID\":\"1436\",\"channel\":\"Application\",\"computer\":\"WS10\",\"severityValue\":\"ERROR\",\"message\":\"\\\"Impossibile estrarre l'elenco radice di terze parti dal file CAB di aggiornamento automatico in <http://ctldl.windowsupdate.com/msdownload/update/v3/static/trustedr/en/authrootstl.cab> a causa dell'errore seguente: Dati non validi.\\r\\n.\\\"\"},\"eventdata\":{\"data\":\"http://ctldl.windowsupdate.com/msdownload/update/v3/static/trustedr/en/authrootstl.cab, Dati non validi.\"}}}", "suspicious": true, "suspicious_reason": "group:windows, level>=5"}
{"timestamp": "2026-04-02T12:40:51.449+0000", "agent": "WS10", "agent_id": "005", "rule_id": "60602", "level": "9", "groups": "windows, windows_application, system_error", "decoder": "windows_eventchannel", "location": "EventChannel", "src_ip": "-", "mitre_ids": "-", "mitre_tactics": "-", "mitre_techniques": "-", "description": "Windows application error event.", "full_log": "{\"win\":{\"system\":{\"providerName\":\"Microsoft-Windows-CAPI2\",\"providerGuid\":\"{5bbca4a8-b209-48dc-a8c7-b23d3e5216fb}\",\"eventSourceName\":\"Microsoft-Windows-CAPI2\",\"eventID\":\"4107\",\"version\":\"0\",\"level\":\"2\",\"task\":\"0\",\"opcode\":\"0\",\"keywords\":\"0x8080000000000000\",\"systemTime\":\"2026-04-02T10:40:46.8211572Z\",\"eventRecordID\":\"2126\",\"processID\":\"1364\",\"threadID\":\"1436\",\"channel\":\"Application\",\"computer\":\"WS10\",\"severityValue\":\"ERROR\",\"message\":\"\\\"Impossibile estrarre l'elenco radice di terze parti dal file CAB di aggiornamento automatico in <http://ctldl.windowsupdate.com/msdownload/update/v3/static/trustedr/en/authrootstl.cab> a causa dell'errore seguente: Dati non validi.\\r\\n.\\\"\"},\"eventdata\":{\"data\":\"http://ctldl.windowsupdate.com/msdownload/update/v3/static/trustedr/en/authrootstl.cab, Dati non validi.\"}}}", "suspicious": true, "suspicious_reason": "group:windows, level>=5"}
{"timestamp": "2026-04-02T12:41:02.794+0000", "agent": "WS10", "agent_id": "005", "rule_id": "60602", "level": "9", "groups": "windows, windows_application, system_error", "decoder": "windows_eventchannel", "location": "EventChannel", "src_ip": "-", "mitre_ids": "-", "mitre_tactics": "-", "mitre_techniques": "-", "description": "Windows application error event.", "full_log": "{\"win\":{\"system\":{\"providerName\":\"Microsoft-Windows-CAPI2\",\"providerGuid\":\"{5bbca4a8-b209-48dc-a8c7-b23d3e5216fb}\",\"eventSourceName\":\"Microsoft-Windows-CAPI2\",\"eventID\":\"4107\",\"version\":\"0\",\"level\":\"2\",\"task\":\"0\",\"opcode\":\"0\",\"keywords\":\"0x8080000000000000\",\"systemTime\":\"2026-04-02T10:40:51.2117583Z\",\"eventRecordID\":\"2127\",\"processID\":\"1364\",\"threadID\":\"9404\",\"channel\":\"Application\",\"computer\":\"WS10\",\"severityValue\":\"ERROR\",\"message\":\"\\\"Impossibile estrarre l'elenco radice di terze parti dal file CAB di aggiornamento automatico in <http://ctldl.windowsupdate.com/msdownload/update/v3/static/trustedr/en/authrootstl.cab> a causa dell'errore seguente: Dati non validi.\\r\\n.\\\"\"},\"eventdata\":{\"data\":\"http://ctldl.windowsupdate.com/msdownload/update/v3/static/trustedr/en/authrootstl.cab, Dati non validi.\"}}}", "suspicious": true, "suspicious_reason": "group:windows, level>=5"}
{"timestamp": "2026-04-02T12:41:02.809+0000", "agent": "WS10", "agent_id": "005", "rule_id": "60602", "level": "9", "groups": "windows, windows_application, system_error", "decoder": "windows_eventchannel", "location": "EventChannel", "src_ip": "-", "mitre_ids": "-", "mitre_tactics": "-", "mitre_techniques": "-", "description": "Windows application error event.", "full_log": "{\"win\":{\"system\":{\"providerName\":\"Microsoft-Windows-CAPI2\",\"providerGuid\":\"{5bbca4a8-b209-48dc-a8c7-b23d3e5216fb}\",\"eventSourceName\":\"Microsoft-Windows-CAPI2\",\"eventID\":\"4107\",\"version\":\"0\",\"level\":\"2\",\"task\":\"0\",\"opcode\":\"0\",\"keywords\":\"0x8080000000000000\",\"systemTime\":\"2026-04-02T10:40:51.2273527Z\",\"eventRecordID\":\"2128\",\"processID\":\"1364\",\"threadID\":\"9404\",\"channel\":\"Application\",\"computer\":\"WS10\",\"severityValue\":\"ERROR\",\"message\":\"\\\"Impossibile estrarre l'elenco radice di terze parti dal file CAB di aggiornamento automatico in <http://ctldl.windowsupdate.com/msdownload/update/v3/static/trustedr/en/authrootstl.cab> a causa dell'errore seguente: Dati non validi.\\r\\n.\\\"\"},\"eventdata\":{\"data\":\"http://ctldl.windowsupdate.com/msdownload/update/v3/static/trustedr/en/authrootstl.cab, Dati non validi.\"}}}", "suspicious": true, "suspicious_reason": "group:windows, level>=5"}
