  {
    "timestamp": "2026-04-02T07:38:03.895+0000",
    "rule": {
      "level": 9,
      "description": "Powershell process created an executable file in Windows root folder",
      "id": "92205",
      "mitre": {
        "id": [
          "T1105"
        ],
        "tactic": [
          "Command and Control"
        ],
        "technique": [
          "Ingress Tool Transfer"
        ]
      },
      "firedtimes": 1,
      "mail": false,
      "groups": [
        "sysmon",
        "sysmon_eid11_detections",
        "windows"
      ]
    },
    "agent": {
      "id": "005",
      "name": "WS10",
      "ip": "192.168.30.24"
    },
    "manager": {
      "name": "wazuh-server"
    },
    "id": "1775115483.857634",
    "decoder": {
      "name": "windows_eventchannel"
    },
    "data": {
      "win": {
        "system": {
          "providerName": "Microsoft-Windows-Sysmon",
          "providerGuid": "{5770385f-c22a-43e0-bf4c-06f5698ffbd9}",
          "eventID": "11",
          "version": "2",
          "level": "4",
          "task": "11",
          "opcode": "0",
          "keywords": "0x8000000000000000",
          "systemTime": "2026-04-02T07:38:02.2275039Z",
          "eventRecordID": "454368",
          "processID": "7940",
          "threadID": "8064",
          "channel": "Microsoft-Windows-Sysmon/Operational",
          "computer": "WS10",
          "severityValue": "INFORMATION",
          "message": "\"File created:\r\nRuleName: -\r\nUtcTime: 2026-04-02 07:38:02.213\r\nProcessGuid: {d9a99926-1cda-69ce-4a0e-000000000600}\r\nProcessId: 7784\r\nImage: C:\\Windows\\SysWOW64\\WindowsPowerShell\\v1.0\\powershell.exe\r\nTargetFilename: C:\\Windows\\SystemTemp\\__PSScriptPolicyTest_rwk4ep5f.qis.ps1\r\nCreationUtcTime: 2026-04-02 07:38:02.213\r\nUser: NT AUTHORITY\\SYSTEM\""
        },
        "eventdata": {
          "utcTime": "2026-04-02 07:38:02.213",
          "processGuid": "{d9a99926-1cda-69ce-4a0e-000000000600}",
          "processId": "7784",
          "image": "C:\\\\Windows\\\\SysWOW64\\\\WindowsPowerShell\\\\v1.0\\\\powershell.exe",
          "targetFilename": "C:\\\\Windows\\\\SystemTemp\\\\__PSScriptPolicyTest_rwk4ep5f.qis.ps1",
          "creationUtcTime": "2026-04-02 07:38:02.213",
          "user": "NT AUTHORITY\\\\SYSTEM"
        }
      }
    },
    "location": "EventChannel",
    "_inferred_source_ip": "192.168.30.24",
    "_capture_session": "apt-sim-20260402-092855_20260402_092855",
    "_captured_at_utc": "2026-04-02T07:38:04Z"
  },
  {
    "timestamp": "2026-04-02T07:38:11.067+0000",
    "rule": {
      "level": 9,
      "description": "Powershell process created an executable file in Windows root folder",
      "id": "92205",
      "mitre": {
        "id": [
          "T1105"
        ],
        "tactic": [
          "Command and Control"
        ],
        "technique": [
          "Ingress Tool Transfer"
        ]
      },
      "firedtimes": 2,
      "mail": false,
      "groups": [
        "sysmon",
        "sysmon_eid11_detections",
        "windows"
      ]
    },
    "agent": {
      "id": "005",
      "name": "WS10",
      "ip": "192.168.30.24"
    },
    "manager": {
      "name": "wazuh-server"
    },
    "id": "1775115491.860322",
    "decoder": {
      "name": "windows_eventchannel"
    },
    "data": {
      "win": {
        "system": {
          "providerName": "Microsoft-Windows-Sysmon",
          "providerGuid": "{5770385f-c22a-43e0-bf4c-06f5698ffbd9}",
          "eventID": "11",
          "version": "2",
          "level": "4",
          "task": "11",
          "opcode": "0",
          "keywords": "0x8000000000000000",
          "systemTime": "2026-04-02T07:38:03.4375163Z",
          "eventRecordID": "454770",
          "processID": "7940",
          "threadID": "8064",
          "channel": "Microsoft-Windows-Sysmon/Operational",
          "computer": "WS10",
          "severityValue": "INFORMATION",
          "message": "\"File created:\r\nRuleName: -\r\nUtcTime: 2026-04-02 07:38:03.432\r\nProcessGuid: {d9a99926-1cdb-69ce-4d0e-000000000600}\r\nProcessId: 2832\r\nImage: C:\\Windows\\SysWOW64\\WindowsPowerShell\\v1.0\\powershell.exe\r\nTargetFilename: C:\\Windows\\SystemTemp\\__PSScriptPolicyTest_acfrauwr.vkx.ps1\r\nCreationUtcTime: 2026-04-02 07:38:03.432\r\nUser: NT AUTHORITY\\SYSTEM\""
        },
        "eventdata": {
          "utcTime": "2026-04-02 07:38:03.432",
          "processGuid": "{d9a99926-1cdb-69ce-4d0e-000000000600}",
          "processId": "2832",
          "image": "C:\\\\Windows\\\\SysWOW64\\\\WindowsPowerShell\\\\v1.0\\\\powershell.exe",
          "targetFilename": "C:\\\\Windows\\\\SystemTemp\\\\__PSScriptPolicyTest_acfrauwr.vkx.ps1",
          "creationUtcTime": "2026-04-02 07:38:03.432",
          "user": "NT AUTHORITY\\\\SYSTEM"
        }
      }
    },
    "location": "EventChannel",
    "_inferred_source_ip": "192.168.30.24",
    "_capture_session": "apt-sim-20260402-092855_20260402_092855",
    "_captured_at_utc": "2026-04-02T07:38:11Z"
  },
  {
    "timestamp": "2026-04-02T07:38:17.000+0000",
    "rule": {
      "level": 9,
      "description": "Powershell process created an executable file in Windows root folder",
      "id": "92205",
      "mitre": {
        "id": [
          "T1105"
        ],
        "tactic": [
          "Command and Control"
        ],
        "technique": [
          "Ingress Tool Transfer"
        ]
      },
      "firedtimes": 3,
      "mail": false,
      "groups": [
        "sysmon",
        "sysmon_eid11_detections",
        "windows"
      ]
    },
    "agent": {
      "id": "005",
      "name": "WS10",
      "ip": "192.168.30.24"
    },
    "manager": {
      "name": "wazuh-server"
    },
    "id": "1775115497.863010",
    "decoder": {
      "name": "windows_eventchannel"
    },
    "data": {
      "win": {
        "system": {
          "providerName": "Microsoft-Windows-Sysmon",
          "providerGuid": "{5770385f-c22a-43e0-bf4c-06f5698ffbd9}",
          "eventID": "11",
          "version": "2",
          "level": "4",
          "task": "11",
          "opcode": "0",
          "keywords": "0x8000000000000000",
          "systemTime": "2026-04-02T07:38:04.5965579Z",
          "eventRecordID": "455112",
          "processID": "7940",
          "threadID": "8064",
          "channel": "Microsoft-Windows-Sysmon/Operational",
          "computer": "WS10",
          "severityValue": "INFORMATION",
          "message": "\"File created:\r\nRuleName: -\r\nUtcTime: 2026-04-02 07:38:04.588\r\nProcessGuid: {d9a99926-1cdc-69ce-500e-000000000600}\r\nProcessId: 9664\r\nImage: C:\\Windows\\SysWOW64\\WindowsPowerShell\\v1.0\\powershell.exe\r\nTargetFilename: C:\\Windows\\SystemTemp\\__PSScriptPolicyTest_25k1whw2.ckf.ps1\r\nCreationUtcTime: 2026-04-02 07:38:04.588\r\nUser: NT AUTHORITY\\SYSTEM\""
        },
        "eventdata": {
          "utcTime": "2026-04-02 07:38:04.588",
          "processGuid": "{d9a99926-1cdc-69ce-500e-000000000600}",
          "processId": "9664",
          "image": "C:\\\\Windows\\\\SysWOW64\\\\WindowsPowerShell\\\\v1.0\\\\powershell.exe",
          "targetFilename": "C:\\\\Windows\\\\SystemTemp\\\\__PSScriptPolicyTest_25k1whw2.ckf.ps1",
          "creationUtcTime": "2026-04-02 07:38:04.588",
          "user": "NT AUTHORITY\\\\SYSTEM"
        }
      }
    },
    "location": "EventChannel",
    "_inferred_source_ip": "192.168.30.24",
    "_capture_session": "apt-sim-20260402-092855_20260402_092855",
    "_captured_at_utc": "2026-04-02T07:38:17Z"
  },
  {
    "timestamp": "2026-04-02T07:38:22.428+0000",
    "rule": {
      "level": 9,
      "description": "Powershell process created an executable file in Windows root folder",
      "id": "92205",
      "mitre": {
        "id": [
          "T1105"
        ],
        "tactic": [
          "Command and Control"
        ],
        "technique": [
          "Ingress Tool Transfer"
        ]
      },
      "firedtimes": 4,
      "mail": false,
      "groups": [
        "sysmon",
        "sysmon_eid11_detections",
        "windows"
      ]
    },
    "agent": {
      "id": "005",
      "name": "WS10",
      "ip": "192.168.30.24"
    },
    "manager": {
      "name": "wazuh-server"
    },
    "id": "1775115502.865698",
    "decoder": {
      "name": "windows_eventchannel"
    },
    "data": {
      "win": {
        "system": {
          "providerName": "Microsoft-Windows-Sysmon",
          "providerGuid": "{5770385f-c22a-43e0-bf4c-06f5698ffbd9}",
          "eventID": "11",
          "version": "2",
          "level": "4",
          "task": "11",
          "opcode": "0",
          "keywords": "0x8000000000000000",
          "systemTime": "2026-04-02T07:38:05.8006434Z",
          "eventRecordID": "455430",
          "processID": "7940",
          "threadID": "8064",
          "channel": "Microsoft-Windows-Sysmon/Operational",
          "computer": "WS10",
          "severityValue": "INFORMATION",
          "message": "\"File created:\r\nRuleName: -\r\nUtcTime: 2026-04-02 07:38:05.791\r\nProcessGuid: {d9a99926-1cdd-69ce-530e-000000000600}\r\nProcessId: 8212\r\nImage: C:\\Windows\\SysWOW64\\WindowsPowerShell\\v1.0\\powershell.exe\r\nTargetFilename: C:\\Windows\\SystemTemp\\__PSScriptPolicyTest_1rkzap0n.zgn.ps1\r\nCreationUtcTime: 2026-04-02 07:38:05.791\r\nUser: NT AUTHORITY\\SYSTEM\""
        },
        "eventdata": {
          "utcTime": "2026-04-02 07:38:05.791",
          "processGuid": "{d9a99926-1cdd-69ce-530e-000000000600}",
          "processId": "8212",
          "image": "C:\\\\Windows\\\\SysWOW64\\\\WindowsPowerShell\\\\v1.0\\\\powershell.exe",
          "targetFilename": "C:\\\\Windows\\\\SystemTemp\\\\__PSScriptPolicyTest_1rkzap0n.zgn.ps1",
          "creationUtcTime": "2026-04-02 07:38:05.791",
          "user": "NT AUTHORITY\\\\SYSTEM"
        }
      }
    },
    "location": "EventChannel",
    "_inferred_source_ip": "192.168.30.24",
    "_capture_session": "apt-sim-20260402-092855_20260402_092855",
    "_captured_at_utc": "2026-04-02T07:38:22Z"
  },
  {
    "timestamp": "2026-04-02T07:38:28.517+0000",
    "rule": {
      "level": 9,
      "description": "Powershell process created an executable file in Windows root folder",
      "id": "92205",
      "mitre": {
        "id": [
          "T1105"
        ],
        "tactic": [
          "Command and Control"
        ],
        "technique": [
          "Ingress Tool Transfer"
        ]
      },
      "firedtimes": 5,
      "mail": false,
      "groups": [
        "sysmon",
        "sysmon_eid11_detections",
        "windows"
      ]
    },
    "agent": {
      "id": "005",
      "name": "WS10",
      "ip": "192.168.30.24"
    },
    "manager": {
      "name": "wazuh-server"
    },
    "id": "1775115508.868386",
    "decoder": {
      "name": "windows_eventchannel"
    },
    "data": {
      "win": {
        "system": {
          "providerName": "Microsoft-Windows-Sysmon",
          "providerGuid": "{5770385f-c22a-43e0-bf4c-06f5698ffbd9}",
          "eventID": "11",
          "version": "2",
          "level": "4",
          "task": "11",
          "opcode": "0",
          "keywords": "0x8000000000000000",
          "systemTime": "2026-04-02T07:38:06.9883876Z",
          "eventRecordID": "455796",
          "processID": "7940",
          "threadID": "8064",
          "channel": "Microsoft-Windows-Sysmon/Operational",
          "computer": "WS10",
          "severityValue": "INFORMATION",
          "message": "\"File created:\r\nRuleName: -\r\nUtcTime: 2026-04-02 07:38:06.979\r\nProcessGuid: {d9a99926-1cde-69ce-560e-000000000600}\r\nProcessId: 4276\r\nImage: C:\\Windows\\SysWOW64\\WindowsPowerShell\\v1.0\\powershell.exe\r\nTargetFilename: C:\\Windows\\SystemTemp\\__PSScriptPolicyTest_jxguaqt3.e5s.ps1\r\nCreationUtcTime: 2026-04-02 07:38:06.979\r\nUser: NT AUTHORITY\\SYSTEM\""
        },
        "eventdata": {
          "utcTime": "2026-04-02 07:38:06.979",
          "processGuid": "{d9a99926-1cde-69ce-560e-000000000600}",
          "processId": "4276",
          "image": "C:\\\\Windows\\\\SysWOW64\\\\WindowsPowerShell\\\\v1.0\\\\powershell.exe",
          "targetFilename": "C:\\\\Windows\\\\SystemTemp\\\\__PSScriptPolicyTest_jxguaqt3.e5s.ps1",
          "creationUtcTime": "2026-04-02 07:38:06.979",
          "user": "NT AUTHORITY\\\\SYSTEM"
        }
      }
    },
    "location": "EventChannel",
    "_inferred_source_ip": "192.168.30.24",
    "_capture_session": "apt-sim-20260402-092855_20260402_092855",
    "_captured_at_utc": "2026-04-02T07:38:28Z"
  },
  {
    "timestamp": "2026-04-02T07:38:34.343+0000",
    "rule": {
      "level": 9,
      "description": "Powershell process created an executable file in Windows root folder",
      "id": "92205",
      "mitre": {
        "id": [
          "T1105"
        ],
        "tactic": [
          "Command and Control"
        ],
        "technique": [
          "Ingress Tool Transfer"
        ]
      },
      "firedtimes": 6,
      "mail": false,
      "groups": [
        "sysmon",
        "sysmon_eid11_detections",
        "windows"
      ]
    },
    "agent": {
      "id": "005",
      "name": "WS10",
      "ip": "192.168.30.24"
    },
    "manager": {
      "name": "wazuh-server"
    },
    "id": "1775115514.871074",
    "decoder": {
      "name": "windows_eventchannel"
    },
    "data": {
      "win": {
        "system": {
          "providerName": "Microsoft-Windows-Sysmon",
          "providerGuid": "{5770385f-c22a-43e0-bf4c-06f5698ffbd9}",
          "eventID": "11",
          "version": "2",
          "level": "4",
          "task": "11",
          "opcode": "0",
          "keywords": "0x8000000000000000",
          "systemTime": "2026-04-02T07:38:08.2267338Z",
          "eventRecordID": "456143",
          "processID": "7940",
          "threadID": "8064",
          "channel": "Microsoft-Windows-Sysmon/Operational",
          "computer": "WS10",
          "severityValue": "INFORMATION",
          "message": "\"File created:\r\nRuleName: -\r\nUtcTime: 2026-04-02 07:38:08.213\r\nProcessGuid: {d9a99926-1ce0-69ce-590e-000000000600}\r\nProcessId: 9272\r\nImage: C:\\Windows\\SysWOW64\\WindowsPowerShell\\v1.0\\powershell.exe\r\nTargetFilename: C:\\Windows\\SystemTemp\\__PSScriptPolicyTest_gf4r5e1x.juj.ps1\r\nCreationUtcTime: 2026-04-02 07:38:08.213\r\nUser: NT AUTHORITY\\SYSTEM\""
        },
        "eventdata": {
          "utcTime": "2026-04-02 07:38:08.213",
          "processGuid": "{d9a99926-1ce0-69ce-590e-000000000600}",
          "processId": "9272",
          "image": "C:\\\\Windows\\\\SysWOW64\\\\WindowsPowerShell\\\\v1.0\\\\powershell.exe",
          "targetFilename": "C:\\\\Windows\\\\SystemTemp\\\\__PSScriptPolicyTest_gf4r5e1x.juj.ps1",
          "creationUtcTime": "2026-04-02 07:38:08.213",
          "user": "NT AUTHORITY\\\\SYSTEM"
        }
      }
    },
    "location": "EventChannel",
    "_inferred_source_ip": "192.168.30.24",
    "_capture_session": "apt-sim-20260402-092855_20260402_092855",
    "_captured_at_utc": "2026-04-02T07:38:34Z"
  },
  {
    "timestamp": "2026-04-02T07:38:39.825+0000",
    "rule": {
      "level": 9,
      "description": "Powershell process created an executable file in Windows root folder",
      "id": "92205",
      "mitre": {
        "id": [
          "T1105"
        ],
        "tactic": [
          "Command and Control"
        ],
        "technique": [
          "Ingress Tool Transfer"
        ]
      },
      "firedtimes": 7,
      "mail": false,
      "groups": [
        "sysmon",
        "sysmon_eid11_detections",
        "windows"
      ]
    },
    "agent": {
      "id": "005",
      "name": "WS10",
      "ip": "192.168.30.24"
    },
    "manager": {
      "name": "wazuh-server"
    },
    "id": "1775115519.873762",
    "decoder": {
      "name": "windows_eventchannel"
    },
    "data": {
      "win": {
        "system": {
          "providerName": "Microsoft-Windows-Sysmon",
          "providerGuid": "{5770385f-c22a-43e0-bf4c-06f5698ffbd9}",
          "eventID": "11",
          "version": "2",
          "level": "4",
          "task": "11",
          "opcode": "0",
          "keywords": "0x8000000000000000",
          "systemTime": "2026-04-02T07:38:09.3900682Z",
          "eventRecordID": "456462",
          "processID": "7940",
          "threadID": "8064",
          "channel": "Microsoft-Windows-Sysmon/Operational",
          "computer": "WS10",
          "severityValue": "INFORMATION",
          "message": "\"File created:\r\nRuleName: -\r\nUtcTime: 2026-04-02 07:38:09.385\r\nProcessGuid: {d9a99926-1ce1-69ce-5c0e-000000000600}\r\nProcessId: 6092\r\nImage: C:\\Windows\\SysWOW64\\WindowsPowerShell\\v1.0\\powershell.exe\r\nTargetFilename: C:\\Windows\\SystemTemp\\__PSScriptPolicyTest_e5olvk1n.dbo.ps1\r\nCreationUtcTime: 2026-04-02 07:38:09.385\r\nUser: NT AUTHORITY\\SYSTEM\""
        },
        "eventdata": {
          "utcTime": "2026-04-02 07:38:09.385",
          "processGuid": "{d9a99926-1ce1-69ce-5c0e-000000000600}",
          "processId": "6092",
          "image": "C:\\\\Windows\\\\SysWOW64\\\\WindowsPowerShell\\\\v1.0\\\\powershell.exe",
          "targetFilename": "C:\\\\Windows\\\\SystemTemp\\\\__PSScriptPolicyTest_e5olvk1n.dbo.ps1",
          "creationUtcTime": "2026-04-02 07:38:09.385",
          "user": "NT AUTHORITY\\\\SYSTEM"
        }
      }
    },
    "location": "EventChannel",
    "_inferred_source_ip": "192.168.30.24",
    "_capture_session": "apt-sim-20260402-092855_20260402_092855",
    "_captured_at_utc": "2026-04-02T07:38:40Z"
  },
  {
    "timestamp": "2026-04-02T07:38:45.472+0000",
    "rule": {
      "level": 9,
      "description": "Powershell process created an executable file in Windows root folder",
      "id": "92205",
      "mitre": {
        "id": [
          "T1105"
        ],
        "tactic": [
          "Command and Control"
        ],
        "technique": [
          "Ingress Tool Transfer"
        ]
      },
      "firedtimes": 8,
      "mail": false,
      "groups": [
        "sysmon",
        "sysmon_eid11_detections",
        "windows"
      ]
    },
    "agent": {
      "id": "005",
      "name": "WS10",
      "ip": "192.168.30.24"
    },
    "manager": {
      "name": "wazuh-server"
    },
    "id": "1775115525.876450",
    "decoder": {
      "name": "windows_eventchannel"
    },
    "data": {
      "win": {
        "system": {
          "providerName": "Microsoft-Windows-Sysmon",
          "providerGuid": "{5770385f-c22a-43e0-bf4c-06f5698ffbd9}",
          "eventID": "11",
          "version": "2",
          "level": "4",
          "task": "11",
          "opcode": "0",
          "keywords": "0x8000000000000000",
          "systemTime": "2026-04-02T07:38:10.6208174Z",
          "eventRecordID": "456803",
          "processID": "7940",
          "threadID": "8064",
          "channel": "Microsoft-Windows-Sysmon/Operational",
          "computer": "WS10",
          "severityValue": "INFORMATION",
          "message": "\"File created:\r\nRuleName: -\r\nUtcTime: 2026-04-02 07:38:10.619\r\nProcessGuid: {d9a99926-1ce2-69ce-5f0e-000000000600}\r\nProcessId: 9944\r\nImage: C:\\Windows\\SysWOW64\\WindowsPowerShell\\v1.0\\powershell.exe\r\nTargetFilename: C:\\Windows\\SystemTemp\\__PSScriptPolicyTest_evwouyhb.yvp.ps1\r\nCreationUtcTime: 2026-04-02 07:38:10.619\r\nUser: NT AUTHORITY\\SYSTEM\""
        },
        "eventdata": {
          "utcTime": "2026-04-02 07:38:10.619",
          "processGuid": "{d9a99926-1ce2-69ce-5f0e-000000000600}",
          "processId": "9944",
          "image": "C:\\\\Windows\\\\SysWOW64\\\\WindowsPowerShell\\\\v1.0\\\\powershell.exe",
          "targetFilename": "C:\\\\Windows\\\\SystemTemp\\\\__PSScriptPolicyTest_evwouyhb.yvp.ps1",
          "creationUtcTime": "2026-04-02 07:38:10.619",
          "user": "NT AUTHORITY\\\\SYSTEM"
        }
      }
    },
    "location": "EventChannel",
    "_inferred_source_ip": "192.168.30.24",
    "_capture_session": "apt-sim-20260402-092855_20260402_092855",
    "_captured_at_utc": "2026-04-02T07:38:45Z"
  }
]