"eventRecordID\":\"1962\",\"processID\":\"1364\",\"threadID\":\"1436\",\"channel\":\"Application\",\"computer\":\"WS10\",\"severityValue\":\"ERROR\",\"message\":\"\\\"Impossibile estrarre l'elenco radice di terze parti dal file CAB di aggiornamento automatico in <http://ctldl.windowsupdate.com/msdownload/update/v3/static/trustedr/en/authrootstl.cab> a causa dell'errore seguente: Dati non validi.\\r\\n.\\\"\"},\"eventdata\":{\"data\":\"http://ctldl.windowsupdate.com/msdownload/update/v3/static/trustedr/en/authrootstl.cab, Dati non validi.\"}}}",
    "decoder": {
      "name": "windows_eventchannel"
    },
    "data": {
      "win": {
        "system": {
          "providerName": "Microsoft-Windows-CAPI2",
          "providerGuid": "{5bbca4a8-b209-48dc-a8c7-b23d3e5216fb}",
          "eventSourceName": "Microsoft-Windows-CAPI2",
          "eventID": "4107",
          "version": "0",
          "level": "2",
          "task": "0",
          "opcode": "0",
          "keywords": "0x8080000000000000",
          "systemTime": "2026-04-02T07:36:07.7964096Z",
          "eventRecordID": "1969",
          "processID": "1364",
          "threadID": "1636",
          "channel": "Application",
          "computer": "WS10",
          "severityValue": "ERROR",
          "message": "\"Impossibile estrarre l'elenco radice di terze parti dal file CAB di aggiornamento automatico in <http://ctldl.windowsupdate.com/msdownload/update/v3/static/trustedr/en/authrootstl.cab> a causa dell'errore seguente: Dati non validi.\r\n.\""
        },
        "eventdata": {
          "data": "http://ctldl.windowsupdate.com/msdownload/update/v3/static/trustedr/en/authrootstl.cab, Dati non validi."
        }
      }
    },
    "location": "EventChannel",
    "_inferred_source_ip": "192.168.30.24",
    "_capture_session": "apt-sim-20260402-092855_20260402_092855",
    "_captured_at_utc": "2026-04-02T07:36:09Z"
  },
  {
    "timestamp": "2026-04-02T07:36:08.858+0000",
    "rule": {
      "level": 9,
      "description": "Windows application error event.",
      "id": "60602",
      "firedtimes": 29,
      "mail": false,
      "groups": [
        "windows",
        "windows_application",
        "system_error"
      ],
      "gdpr": [
        "IV_35.7.d"
      ],
      "gpg13": [
        "4.3"
      ]
    },
    "agent": {
      "id": "005",
      "name": "WS10",
      "ip": "192.168.30.24"
    },
    "manager": {
      "name": "wazuh-server"
    },
    "id": "1775115368.811472",
    "decoder": {
      "name": "windows_eventchannel"
    },
    "data": {
      "win": {
        "system": {
          "providerName": "Microsoft-Windows-CAPI2",
          "providerGuid": "{5bbca4a8-b209-48dc-a8c7-b23d3e5216fb}",
          "eventSourceName": "Microsoft-Windows-CAPI2",
          "eventID": "4107",
          "version": "0",
          "level": "2",
          "task": "0",
          "opcode": "0",
          "keywords": "0x8080000000000000",
          "systemTime": "2026-04-02T07:36:07.7964096Z",
          "eventRecordID": "1970",
          "processID": "1364",
          "threadID": "1636",
          "channel": "Application",
          "computer": "WS10",
          "severityValue": "ERROR",
          "message": "\"Impossibile estrarre l'elenco radice di terze parti dal file CAB di aggiornamento automatico in <http://ctldl.windowsupdate.com/msdownload/update/v3/static/trustedr/en/authrootstl.cab> a causa dell'errore seguente: Dati non validi.\r\n.\""
        },
        "eventdata": {
          "data": "http://ctldl.windowsupdate.com/msdownload/update/v3/static/trustedr/en/authrootstl.cab, Dati non validi."
        }
      }
    },
    "location": "EventChannel",
    "_inferred_source_ip": "192.168.30.24",
    "_capture_session": "apt-sim-20260402-092855_20260402_092855",
    "_captured_at_utc": "2026-04-02T07:36:09Z"
  },
  {
    "timestamp": "2026-04-02T07:36:17.609+0000",
    "rule": {
      "level": 9,
      "description": "Windows application error event.",
      "id": "60602",
      "firedtimes": 30,
      "mail": false,
      "groups": [
        "windows",
        "windows_application",
        "system_error"
      ],
      "gdpr": [
        "IV_35.7.d"
      ],
      "gpg13": [
        "4.3"
      ]
    },
    "agent": {
      "id": "005",
      "name": "WS10",
      "ip": "192.168.30.24"
    },
    "manager": {
      "name": "wazuh-server"
    },
    "id": "1775115377.813408",
    "decoder": {
      "name": "windows_eventchannel"
    },
    "data": {
      "win": {
        "system": {
          "providerName": "Microsoft-Windows-CAPI2",
          "providerGuid": "{5bbca4a8-b209-48dc-a8c7-b23d3e5216fb}",
          "eventSourceName": "Microsoft-Windows-CAPI2",
          "eventID": "4107",
          "version": "0",
          "level": "2",
          "task": "0",
          "opcode": "0",
          "keywords": "0x8080000000000000",
          "systemTime": "2026-04-02T07:36:16.4832116Z",
          "eventRecordID": "1971",
          "processID": "1364",
          "threadID": "1436",
          "channel": "Application",
          "computer": "WS10",
          "severityValue": "ERROR",
          "message": "\"Impossibile estrarre l'elenco radice di terze parti dal file CAB di aggiornamento automatico in <http://ctldl.windowsupdate.com/msdownload/update/v3/static/trustedr/en/authrootstl.cab> a causa dell'errore seguente: Dati non validi.\r\n.\""
        },
        "eventdata": {
          "data": "http://ctldl.windowsupdate.com/msdownload/update/v3/static/trustedr/en/authrootstl.cab, Dati non validi."
        }
      }
    },
    "location": "EventChannel",
    "_inferred_source_ip": "192.168.30.24",
    "_capture_session": "apt-sim-20260402-092855_20260402_092855",
    "_captured_at_utc": "2026-04-02T07:36:17Z"
  },
  {
    "timestamp": "2026-04-02T07:36:17.627+0000",
    "rule": {
      "level": 9,
      "description": "Windows application error event.",
      "id": "60602",
      "firedtimes": 31,
      "mail": false,
      "groups": [
        "windows",
        "windows_application",
        "system_error"
      ],
      "gdpr": [
        "IV_35.7.d"
      ],
      "gpg13": [
        "4.3"
      ]
    },
    "agent": {
      "id": "005",
      "name": "WS10",
      "ip": "192.168.30.24"
    },
    "manager": {
      "name": "wazuh-server"
    },
    "id": "1775115377.815344",
    "decoder": {
      "name": "windows_eventchannel"
    },
    "data": {
      "win": {
        "system": {
          "providerName": "Microsoft-Windows-CAPI2",
          "providerGuid": "{5bbca4a8-b209-48dc-a8c7-b23d3e5216fb}",
          "eventSourceName": "Microsoft-Windows-CAPI2",
          "eventID": "4107",
          "version": "0",
          "level": "2",
          "task": "0",
          "opcode": "0",
          "keywords": "0x8080000000000000",
          "systemTime": "2026-04-02T07:36:16.4990233Z",
          "eventRecordID": "1972",
          "processID": "1364",
          "threadID": "1436",
          "channel": "Application",
          "computer": "WS10",
          "severityValue": "ERROR",
          "message": "\"Impossibile estrarre l'elenco radice di terze parti dal file CAB di aggiornamento automatico in <http://ctldl.windowsupdate.com/msdownload/update/v3/static/trustedr/en/authrootstl.cab> a causa dell'errore seguente: Dati non validi.\r\n.\""
        },
        "eventdata": {
          "data": "http://ctldl.windowsupdate.com/msdownload/update/v3/static/trustedr/en/authrootstl.cab, Dati non validi."
        }
      }
    },
    "location": "EventChannel",
    "_inferred_source_ip": "192.168.30.24",
    "_capture_session": "apt-sim-20260402-092855_20260402_092855",
    "_captured_at_utc": "2026-04-02T07:36:17Z"
  },
  {
    "timestamp": "2026-04-02T07:36:17.642+0000",
    "rule": {
      "level": 9,
      "description": "Windows application error event.",
      "id": "60602",
      "firedtimes": 32,
      "mail": false,
      "groups": [
        "windows",
        "windows_application",
        "system_error"
      ],
      "gdpr": [
        "IV_35.7.d"
      ],
      "gpg13": [
        "4.3"
      ]
    },
    "agent": {
      "id": "005",
      "name": "WS10",
      "ip": "192.168.30.24"
    },
    "manager": {
      "name": "wazuh-server"
    },
    "id": "1775115377.817280",
    "decoder": {
      "name": "windows_eventchannel"
    },
    "data": {
      "win": {
        "system": {
          "providerName": "Microsoft-Windows-CAPI2",
          "providerGuid": "{5bbca4a8-b209-48dc-a8c7-b23d3e5216fb}",
          "eventSourceName": "Microsoft-Windows-CAPI2",
          "eventID": "4107",
          "version": "0",
          "level": "2",
          "task": "0",
          "opcode": "0",
          "keywords": "0x8080000000000000",
          "systemTime": "2026-04-02T07:36:16.4990233Z",
          "eventRecordID": "1973",
          "processID": "1364",
          "threadID": "1436",
          "channel": "Application",
          "computer": "WS10",
          "severityValue": "ERROR",
          "message": "\"Impossibile estrarre l'elenco radice di terze parti dal file CAB di aggiornamento automatico in <http://ctldl.windowsupdate.com/msdownload/update/v3/static/trustedr/en/authrootstl.cab> a causa dell'errore seguente: Dati non validi.\r\n.\""
        },
        "eventdata": {
          "data": "http://ctldl.windowsupdate.com/msdownload/update/v3/static/trustedr/en/authrootstl.cab, Dati non validi."
        }
      }
    },
    "location": "EventChannel",
    "_inferred_source_ip": "192.168.30.24",
    "_capture_session": "apt-sim-20260402-092855_20260402_092855",
    "_captured_at_utc": "2026-04-02T07:36:18Z"
  },
  {
    "timestamp": "2026-04-02T07:36:26.207+0000",
    "rule": {
      "level": 9,
      "description": "Windows application error event.",
      "id": "60602",
      "firedtimes": 33,
      "mail": false,
      "groups": [
        "windows",
        "windows_application",
        "system_error"
      ],
      "gdpr": [
        "IV_35.7.d"
      ],
      "gpg13": [
        "4.3"
      ]
    },
    "agent": {
      "id": "005",
      "name": "WS10",
      "ip": "192.168.30.24"
    },
    "manager": {
      "name": "wazuh-server"
    },
    "id": "1775115386.819216",
    "decoder": {
      "name": "windows_eventchannel"
    },
    "data": {
      "win": {
        "system": {
          "providerName": "Microsoft-Windows-CAPI2",
          "providerGuid": "{5bbca4a8-b209-48dc-a8c7-b23d3e5216fb}",
          "eventSourceName": "Microsoft-Windows-CAPI2",
          "eventID": "4107",
          "version": "0",
          "level": "2",
          "task": "0",
          "opcode": "0",
          "keywords": "0x8080000000000000",
          "systemTime": "2026-04-02T07:36:25.1882512Z",
          "eventRecordID": "1974",
          "processID": "1364",
          "threadID": "1636",
          "channel": "Application",
          "computer": "WS10",
          "severityValue": "ERROR",
          "message": "\"Impossibile estrarre l'elenco radice di terze parti dal file CAB di aggiornamento automatico in <http://ctldl.windowsupdate.com/msdownload/update/v3/static/trustedr/en/authrootstl.cab> a causa dell'errore seguente: Dati non validi.\r\n.\""
        },
        "eventdata": {
          "data": "http://ctldl.windowsupdate.com/msdownload/update/v3/static/trustedr/en/authrootstl.cab, Dati non validi."
        }
      }
    },
    "location": "EventChannel",
    "_inferred_source_ip": "192.168.30.24",
    "_capture_session": "apt-sim-20260402-092855_20260402_092855",
    "_captured_at_utc": "2026-04-02T07:36:26Z"
  },
  {
    "timestamp": "2026-04-02T07:36:26.207+0000",
    "rule": {
      "level": 9,
      "description": "Windows application error event.",
      "id": "60602",
      "firedtimes": 34,
      "mail": false,
      "groups": [
        "windows",
        "windows_application",
        "system_error"
      ],
      "gdpr": [
        "IV_35.7.d"
      ],
      "gpg13": [
        "4.3"
      ]
    },
    "agent": {
      "id": "005",
      "name": "WS10",
      "ip": "192.168.30.24"
    },
    "manager": {
      "name": "wazuh-server"
    },
    "id": "1775115386.821152",
    "decoder": {
      "name": "windows_eventchannel"
    },
    "data": {
      "win": {
        "system": {
          "providerName": "Microsoft-Windows-CAPI2",
          "providerGuid": "{5bbca4a8-b209-48dc-a8c7-b23d3e5216fb}",
          "eventSourceName": "Microsoft-Windows-CAPI2",
          "eventID": "4107",
          "version": "0",
          "level": "2",
          "task": "0",
          "opcode": "0",
          "keywords": "0x8080000000000000",
          "systemTime": "2026-04-02T07:36:25.2038348Z",
          "eventRecordID": "1975",
          "processID": "1364",
          "threadID": "1636",
          "channel": "Application",
          "computer": "WS10",
          "severityValue": "ERROR",
          "message": "\"Impossibile estrarre l'elenco radice di terze parti dal file CAB di aggiornamento automatico in <http://ctldl.windowsupdate.com/msdownload/update/v3/static/trustedr/en/authrootstl.cab> a causa dell'errore seguente: Dati non validi.\r\n.\""
        },
        "eventdata": {
          "data": "http://ctldl.windowsupdate.com/msdownload/update/v3/static/trustedr/en/authrootstl.cab, Dati non validi."
        }
      }
    },
    "location": "EventChannel",
    "_inferred_source_ip": "192.168.30.24",
    "_capture_session": "apt-sim-20260402-092855_20260402_092855",
    "_captured_at_utc": "2026-04-02T07:36:26Z"
  },
  {
    "timestamp": "2026-04-02T07:36:26.222+0000",
    "rule": {
      "level": 9,
      "description": "Windows application error event.",
      "id": "60602",
      "firedtimes": 35,
      "mail": false,
      "groups": [
        "windows",
        "windows_application",
        "system_error"
      ],
      "gdpr": [
        "IV_35.7.d"
      ],
      "gpg13": [
        "4.3"
      ]
    },
    "agent": {
      "id": "005",
      "name": "WS10",
      "ip": "192.168.30.24"
    },
    "manager": {
      "name": "wazuh-server"
    },
    "id": "1775115386.823088",
    "decoder": {
      "name": "windows_eventchannel"
    },
    "data": {
      "win": {
        "system": {
          "providerName": "Microsoft-Windows-CAPI2",
          "providerGuid": "{5bbca4a8-b209-48dc-a8c7-b23d3e5216fb}",
          "eventSourceName": "Microsoft-Windows-CAPI2",
          "eventID": "4107",
          "version": "0",
          "level": "2",
          "task": "0",
          "opcode": "0",
          "keywords": "0x8080000000000000",
          "systemTime": "2026-04-02T07:36:25.2038348Z",
          "eventRecordID": "1976",
          "processID": "1364",
          "threadID": "1636",
          "channel": "Application",
          "computer": "WS10",
          "severityValue": "ERROR",
          "message": "\"Impossibile estrarre l'elenco radice di terze parti dal file CAB di aggiornamento automatico in <http://ctldl.windowsupdate.com/msdownload/update/v3/static/trustedr/en/authrootstl.cab> a causa dell'errore seguente: Dati non validi.\r\n.\""
        },
        "eventdata": {
          "data": "http://ctldl.windowsupdate.com/msdownload/update/v3/static/trustedr/en/authrootstl.cab, Dati non validi."
        }
      }
    },
    "location": "EventChannel",
    "_inferred_source_ip": "192.168.30.24",
    "_capture_session": "apt-sim-20260402-092855_20260402_092855",
    "_captured_at_utc": "2026-04-02T07:36:26Z"
  },
  {
    "timestamp": "2026-04-02T07:36:34.788+0000",
    "rule": {
      "level": 10,
      "description": "Multiple Windows error application events.",
      "id": "61061",
      "frequency": 8,
      "firedtimes": 5,
      "mail": false,
      "groups": [
        "windows",
        "windows_application"
      ]
    },
    "agent": {
      "id": "005",
      "name": "WS10",
      "ip": "192.168.30.24"
    },
    "manager": {
      "name": "wazuh-server"
    },
    "id": "1775115394.825024",
    "previous_output": "{\"win\":{\"system\":{\"providerName\":\"Microsoft-Windows-CAPI2\",\"providerGuid\":\"{5bbca4a8-b209-48dc-a8c7-b23d3e5216fb}\",\"eventSourceName\":\"Microsoft-Windows-CAPI2\",\"eventID\":\"4107\",\"version\":\"0\",\"level\":\"2\",\"task\":\"0\",\"opcode\":\"0\",\"keywords\":\"0x8080000000000000\",\"systemTime\":\"2026-04-02T07:36:25.2038348Z\",\"eventRecordID\":\"1976\",\"processID\":\"1364\",\"threadID\":\"1636\",\"channel\":\"Application\",\"computer\":\"WS10\",\"severityValue\":\"ERROR\",\"message\":\"\\\"Impossibile estrarre l'elenco radice di terze parti dal file CAB di aggiornamento automatico in <http://ctldl.windowsupdate.com/msdownload/update/v3/static/trustedr/en/authrootstl.cab> a causa dell'errore seguente: Dati non validi.\\r\\n.\\\"\"},\"eventdata\":{\"data\":\"http://ctldl.windowsupdate.com/msdownload/update/v3/static/trustedr/en/authrootstl.cab, Dati non validi.\"}}}\n{\"win\":{\"system\":{\"providerName\":\"Microsoft-Windows-CAPI2\",\"providerGuid\":\"{5bbca4a8-b209-48dc-a8c7-b23d3e5216fb}\",\"eventSourceName\":\"Microsoft-Windows-CAPI2\",\"eventID\":\"4107\",\"version\":\"0\",\"level\":\"2\",\"task\":\"0\",\"opcode\":\"0\",\"keywords\":\"0x8080000000000000\",\"systemTime\":\"2026-04-02T07:36:25.2038348Z\",\"eventRecordID\":\"1975\",\"processID\":\"1364\",\"threadID\":\"1636\",\"channel\":\"Application\",\"computer\":\"WS10\",\"severityValue\":\"ERROR\",\"message\":\"\\\"Impossibile estrarre l'elenco radice di terze parti dal file CAB di aggiornamento automatico in <http://ctldl.windowsupdate.com/msdownload/update/v3/static/trustedr/en/authrootstl.cab> a causa dell'errore seguente: Dati non validi.\\r\\n.\\\"\"},\"eventdata\":{\"data\":\"http://ctldl.windowsupdate.com/msdownload/update/v3/static/trustedr/en/authrootstl.cab, Dati non validi.\"}}}\n{\"win\":{\"system\":{\"providerName\":\"Microsoft-Windows-CAPI2\",\"providerGuid\":\"{5bbca4a8-b209-48dc-a8c7-b23d3e5216fb}\",\"eventSourceName\":\"Microsoft-Windows-CAPI2\",\"eventID\":\"4107\",\"version\":\"0\",\"level\":\"2\",\"task\":\"0\",\"opcode\":\"0\",\"keywords\":\"0x8080000000000000\",\"systemTime\":\"2026-04-02T07:36:25.1882512Z\",\"eventRecordID\":\"1974\",\"processID\":\"1364\",\"threadID\":\"1636\",\"channel\":\"Application\",\"computer\":\"WS10\",\"severityValue\":\"ERROR\",\"message\":\"\\\"Impossibile estrarre l'elenco radice di terze parti dal file CAB di aggiornamento automatico in <http://ctldl.windowsupdate.com/msdownload/update/v3/static/trustedr/en/authrootstl.cab> a causa dell'errore seguente: Dati non validi.\\r\\n.\\\"\"},\"eventdata\":{\"data\":\"http://ctldl.windowsupdate.com/msdownload/update/v3/static/trustedr/en/authrootstl.cab, Dati non validi.\"}}}\n{\"win\":{\"system\":{\"providerName\":\"Microsoft-Windows-CAPI2\",\"providerGuid\":\"{5bbca4a8-b209-48dc-a8c7-b23d3e5216fb}\",\"eventSourceName\":\"Microsoft-Windows-CAPI2\",\"eventID\":\"4107\",\"version\":\"0\",\"level\":\"2\",\"task\":\"0\",\"opcode\":\"0\",\"keywords\":\"0x8080000000000000\",\"systemTime\":\"2026-04-02T07:36:16.4990233Z\",\"eventRecordID\":\"1973\",\"processID\":\"1364\",\"threadID\":\"1436\",\"channel\":\"Application\",\"computer\":\"WS10\",\"severityValue\":\"ERROR\",\"message\":\"\\\"Impossibile estrarre l'elenco radice di terze parti dal file CAB di aggiornamento automatico in <http://ctldl.windowsupdate.com/msdownload/update/v3/static/trustedr/en/authrootstl.cab> a causa dell'errore seguente: Dati non validi.\\r\\n.\\\"\"},\"eventdata\":{\"data\":\"http://ctldl.windowsupdate.com/msdownload/update/v3/static/trustedr/en/authrootstl.cab, Dati non validi.\"}}}\n{\"win\":{\"system\":{\"providerName\":\"Microsoft-Windows-CAPI2\",\"providerGuid\":\"{5bbca4a8-b209-48dc-a8c7-b23d3e5216fb}\",\"eventSourceName\":\"Microsoft-Windows-CAPI2\",\"eventID\":\"4107\",\"version\":\"0\",\"level\":\"2\",\"task\":\"0\",\"opcode\":\"0\",\"keywords\":\"0x8080000000000000\",\"systemTime\":\"2026-04-02T07:36:16.4990233Z\",\"eventRecordID\":\"1972\",\"processID\":\"1364\",\"threadID\":\"1436\",\"channel\":\"Application\",\"computer\":\"WS10\",\"severityValue\":\"ERROR\",\"message\":\"\\\"Impossibile estrarre l'elenco radice di terze parti dal file CAB di aggiornamento automatico in <http://ctldl.windowsupdate.com/msdownload/update/v3/static/trustedr/en/authrootstl.cab> a causa dell'errore seguente: Dati non validi.\\r\\n.\\\"\"},\"eventdata\":{\"data\":\"http://ctldl.windowsupdate.com/msdownload/update/v3/static/trustedr/en/authrootstl.cab, Dati non validi.\"}}}\n{\"win\":{\"system\":{\"providerName\":\"Microsoft-Windows-CAPI2\",\"providerGuid\":\"{5bbca4a8-b209-48dc-a8c7-b23d3e5216fb}\",\"eventSourceName\":\"Microsoft-Windows-CAPI2\",\"eventID\":\"4107\",\"version\":\"0\",\"level\":\"2\",\"task\":\"0\",\"opcode\":\"0\",\"keywords\":\"0x8080000000000000\",\"systemTime\":\"2026-04-02T07:36:16.4832116Z\",\"eventRecordID\":\"1971\",\"processID\":\"1364\",\"threadID\":\"1436\",\"channel\":\"Application\",\"computer\":\"WS10\",\"severityValue\":\"ERROR\",\"message\":\"\\\"Impossibile estrarre l'elenco radice di terze parti dal file CAB di aggiornamento automatico in <http://ctldl.windowsupdate.com/msdownload/update/v3/static/trustedr/en/authrootstl.cab> a causa dell'errore seguente: Dati non validi.\\r\\n.\\\"\"},\"eventdata\":{\"data\":\"http://ctldl.windowsupdate.com/msdownload/update/v3/static/trustedr/en/authrootstl.cab, Dati non validi.\"}}}\n{\"win\":{\"system\":{\"providerName\":\"Microsoft-Windows-CAPI2\",\"providerGuid\":\"{5bbca4a8-b209-48dc-a8c7-b23d3e5216fb}\",\"eventSourceName\":\"Microsoft-Windows-CAPI2\",\"eventID\":\"4107\",\"version\":\"0\",\"level\":\"2\",\"task\":\"0\",\"opcode\":\"0\",\"keywords\":\"0x8080000000000000\",\"systemTime\":\"2026-04-02T07:36:07.7964096Z\",\"eventRecordID\":\"1970\",\"processID\":\"1364\",\"threadID\":\"1636\",\"channel\":\"Application\",\"computer\":\"WS10\",\"severityValue\":\"ERROR\",\"message\":\"\\\"Impossibile estrarre l'elenco radice di terze parti dal file CAB di aggiornamento automatico in <http://ctldl.windowsupdate.com/msdownload/update/v3/static/trustedr/en/authrootstl.cab> a causa dell'errore seguente: Dati non validi.\\r\\n.\\\"\"},\"eventdata\":{\"data\":\"http://ctldl.windowsupdate.com/msdownload/update/v3/static/trustedr/en/authrootstl.cab, Dati non validi.\"}}}",
    "decoder": {
      "name": "windows_eventchannel"
    },
    "data": {
      "win": {
        "system": {
          "providerName": "Microsoft-Windows-CAPI2",
          "providerGuid": "{5bbca4a8-b209-48dc-a8c7-b23d3e5216fb}",
          "eventSourceName": "Microsoft-Windows-CAPI2",
          "eventID": "4107",
          "version": "0",
          "level": "2",
          "task": "0",
          "opcode": "0",
          "keywords": "0x8080000000000000",
          "systemTime": "2026-04-02T07:36:33.7222676Z",
          "eventRecordID": "1977",
          "processID": "1364",
          "threadID": "1636",
          "channel": "Application",
          "computer": "WS10",
          "severityValue": "ERROR",
          "message": "\"Impossibile estrarre l'elenco radice di terze parti dal file CAB di aggiornamento automatico in <http://ctldl.windowsupdate.com/msdownload/update/v3/static/trustedr/en/authrootstl.cab> a causa dell'errore seguente: Dati non validi.\r\n.\""
        },
        "eventdata": {
          "data": "http://ctldl.windowsupdate.com/msdownload/update/v3/static/trustedr/en/authrootstl.cab, Dati non validi."
        }
      }
    },
    "location": "EventChannel",
    "_inferred_source_ip": "192.168.30.24",
    "_capture_session": "apt-sim-20260402-092855_20260402_092855",
    "_captured_at_utc": "2026-04-02T07:36:34Z"
  },
  {
    "timestamp": "2026-04-02T07:36:34.818+0000",
    "rule": {
      "level": 9,
      "description": "Windows application error event.",
      "id": "60602",
      "firedtimes": 36,
      "mail": false,
      "groups": [
        "windows",
        "windows_application",
        "system_error"
      ],
      "gdpr": [
        "IV_35.7.d"
      ],
      "gpg13": [
        "4.3"
      ]
    },
    "agent": {
      "id": "005",
      "name": "WS10",
      "ip": "192.168.30.24"
    },
    "manager": {
      "name": "wazuh-server"
    },
    "id": "1775115394.832617",
    "decoder": {
      "name": "windows_eventchannel"
    },
    "data": {
      "win": {
        "system": {
          "providerName": "Microsoft-Windows-CAPI2",
          "providerGuid": "{5bbca4a8-b209-48dc-a8c7-b23d3e5216fb}",
          "eventSourceName": "Microsoft-Windows-CAPI2",
          "eventID": "4107",
          "version": "0",
          "level": "2",
          "task": "0",
          "opcode": "0",
          "keywords": "0x8080000000000000",
          "systemTime": "2026-04-02T07:36:33.7222676Z",
          "eventRecordID": "1978",
          "processID": "1364",
          "threadID": "1636",
          "channel": "Application",
          "computer": "WS10",
          "severityValue": "ERROR",
          "message": "\"Impossibile estrarre l'elenco radice di terze parti dal file CAB di aggiornamento automatico in <http://ctldl.windowsupdate.com/msdownload/update/v3/static/trustedr/en/authrootstl.cab> a causa dell'errore seguente: Dati non validi.\r\n.\""
        },
        "eventdata": {
          "data": "http://ctldl.windowsupdate.com/msdownload/update/v3/static/trustedr/en/authrootstl.cab, Dati non validi."
        }
      }
    },
    "location": "EventChannel",
    "_inferred_source_ip": "192.168.30.24",
    "_capture_session": "apt-sim-20260402-092855_20260402_092855",
    "_captured_at_utc": "2026-04-02T07:36:35Z"
  },
  {
    "timestamp": "2026-04-02T07:36:34.834+0000",
    "rule": {
      "level": 9,
      "description": "Windows application error event.",
      "id": "60602",
      "firedtimes": 37,
      "mail": false,
      "groups": [
        "windows",
        "windows_application",
        "system_error"
      ],
      "gdpr": [
        "IV_35.7.d"
      ],
      "gpg13": [
        "4.3"
      ]
    },
    "agent": {
      "id": "005",
      "name": "WS10",
      "ip": "192.168.30.24"
    },
    "manager": {
      "name": "wazuh-server"
    },
    "id": "1775115394.834553",
    "decoder": {
      "name": "windows_eventchannel"
    },
    "data": {
      "win": {
        "system": {
          "providerName": "Microsoft-Windows-CAPI2",
          "providerGuid": "{5bbca4a8-b209-48dc-a8c7-b23d3e5216fb}",
          "eventSourceName": "Microsoft-Windows-CAPI2",
          "eventID": "4107",
          "version": "0",
          "level": "2",
          "task": "0",
          "opcode": "0",
          "keywords": "0x8080000000000000",
          "systemTime": "2026-04-02T07:36:33.7375273Z",
          "eventRecordID": "1979",
          "processID": "1364",
          "threadID": "1636",
          "channel": "Application",
          "computer": "WS10",
          "severityValue": "ERROR",
          "message": "\"Impossibile estrarre l'elenco radice di terze parti dal file CAB di aggiornamento automatico in <http://ctldl.windowsupdate.com/msdownload/update/v3/static/trustedr/en/authrootstl.cab> a causa dell'errore seguente: Dati non validi.\r\n.\""
        },
        "eventdata": {
          "data": "http://ctldl.windowsupdate.com/msdownload/update/v3/static/trustedr/en/authrootstl.cab, Dati non validi."
        }
      }
    },
    "location": "EventChannel",
    "_inferred_source_ip": "192.168.30.24",
    "_capture_session": "apt-sim-20260402-092855_20260402_092855",
    "_captured_at_utc": "2026-04-02T07:36:35Z"
  },
  {
    "timestamp": "2026-04-02T07:36:42.103+0000",
    "rule": {
      "level": 9,
      "description": "Windows application error event.",
      "id": "60602",
      "firedtimes": 38,
      "mail": false,
      "groups": [
        "windows",
        "windows_application",
        "system_error"
      ],
      "gdpr": [
        "IV_35.7.d"
      ],
      "gpg13": [
        "4.3"
      ]
    },
    "agent": {
      "id": "005",
      "name": "WS10",
      "ip": "192.168.30.24"
    },
    "manager": {
      "name": "wazuh-server"
    },
    "id": "1775115402.836489",
    "decoder": {
      "name": "windows_eventchannel"
    },
    "data": {
      "win": {
        "system": {
          "providerName": "Microsoft-Windows-CAPI2",
          "providerGuid": "{5bbca4a8-b209-48dc-a8c7-b23d3e5216fb}",
          "eventSourceName": "Microsoft-Windows-CAPI2",
          "eventID": "4107",
          "version": "0",
          "level": "2",
          "task": "0",
          "opcode": "0",
          "keywords": "0x8080000000000000",
          "systemTime": "2026-04-02T07:36:41.0346275Z",
          "eventRecordID": "1980",
          "processID": "1364",
          "threadID": "1636",
          "channel": "Application",
          "computer": "WS10",
          "severityValue": "ERROR",
          "message": "\"Impossibile estrarre l'elenco radice di terze parti dal file CAB di aggiornamento automatico in <http://ctldl.windowsupdate.com/msdownload/update/v3/static/trustedr/en/authrootstl.cab> a causa dell'errore seguente: Dati non validi.\r\n.\""
        },
        "eventdata": {
          "data": "http://ctldl.windowsupdate.com/msdownload/update/v3/static/trustedr/en/authrootstl.cab, Dati non validi."
        }
      }
    },
    "location": "EventChannel",
    "_inferred_source_ip": "192.168.30.24",
    "_capture_session": "apt-sim-20260402-092855_20260402_092855",
    "_captured_at_utc": "2026-04-02T07:36:42Z"
  },
  {
    "timestamp": "2026-04-02T07:36:42.118+0000",
    "rule": {
      "level": 9,
      "description": "Windows application error event.",
      "id": "60602",
      "firedtimes": 39,
      "mail": false,
      "groups": [
        "windows",
        "windows_application",
        "system_error"
      ],
      "gdpr": [
        "IV_35.7.d"
      ],
      "gpg13": [
        "4.3"
      ]
    },
    "agent": {
      "id": "005",
      "name": "WS10",
      "ip": "192.168.30.24"
    },
    "manager": {
      "name": "wazuh-server"
    },
    "id": "1775115402.838425",
    "decoder": {
      "name": "windows_eventchannel"
    },
    "data": {
      "win": {
        "system": {
          "providerName": "Microsoft-Windows-CAPI2",
          "providerGuid": "{5bbca4a8-b209-48dc-a8c7-b23d3e5216fb}",
          "eventSourceName": "Microsoft-Windows-CAPI2",
          "eventID": "4107",
          "version": "0",
          "level": "2",
          "task": "0",
          "opcode": "0",
          "keywords": "0x8080000000000000",
          "systemTime": "2026-04-02T07:36:41.0595751Z",
          "eventRecordID": "1981",
          "processID": "1364",
          "threadID": "1636",
          "channel": "Application",
          "computer": "WS10",
          "severityValue": "ERROR",
          "message": "\"Impossibile estrarre l'elenco radice di terze parti dal file CAB di aggiornamento automatico in <http://ctldl.windowsupdate.com/msdownload/update/v3/static/trustedr/en/authrootstl.cab> a causa dell'errore seguente: Dati non validi.\r\n.\""
        },
        "eventdata": {
          "data": "http://ctldl.windowsupdate.com/msdownload/update/v3/static/trustedr/en/authrootstl.cab, Dati non validi."
        }
      }
    },
    "location": "EventChannel",
    "_inferred_source_ip": "192.168.30.24",
    "_capture_session": "apt-sim-20260402-092855_20260402_092855",
    "_captured_at_utc": "2026-04-02T07:36:42Z"
  },
  {
    "timestamp": "2026-04-02T07:36:42.133+0000",
    "rule": {
      "level": 9,
      "description": "Windows application error event.",
      "id": "60602",
      "firedtimes": 40,
      "mail": false,
      "groups": [
        "windows",
        "windows_application",
        "system_error"
      ],
      "gdpr": [
        "IV_35.7.d"
      ],
      "gpg13": [
        "4.3"
      ]
    },
    "agent": {
      "id": "005",
      "name": "WS10",
      "ip": "192.168.30.24"
    },
    "manager": {
      "name": "wazuh-server"
    },
    "id": "1775115402.840361",
    "decoder": {
      "name": "windows_eventchannel"
    },
    "data": {
      "win": {
        "system": {
          "providerName": "Microsoft-Windows-CAPI2",
          "providerGuid": "{5bbca4a8-b209-48dc-a8c7-b23d3e5216fb}",
          "eventSourceName": "Microsoft-Windows-CAPI2",
          "eventID": "4107",
          "version": "0",
          "level": "2",
          "task": "0",
          "opcode": "0",
          "keywords": "0x8080000000000000",
          "systemTime": "2026-04-02T07:36:41.0663083Z",
          "eventRecordID": "1982",
          "processID": "1364",
          "threadID": "1636",
          "channel": "Application",
          "computer": "WS10",
          "severityValue": "ERROR",
          "message": "\"Impossibile estrarre l'elenco radice di terze parti dal file CAB di aggiornamento automatico in <http://ctldl.windowsupdate.com/msdownload/update/v3/static/trustedr/en/authrootstl.cab> a causa dell'errore seguente: Dati non validi.\r\n.\""
        },
        "eventdata": {
          "data": "http://ctldl.windowsupdate.com/msdownload/update/v3/static/trustedr/en/authrootstl.cab, Dati non validi."
        }
      }
    },
    "location": "EventChannel",
    "_inferred_source_ip": "192.168.30.24",
    "_capture_session": "apt-sim-20260402-092855_20260402_092855",
    "_captured_at_utc": "2026-04-02T07:36:42Z"
  },
  {
    "timestamp": "2026-04-02T07:36:48.987+0000",
    "rule": {
      "level": 9,
      "description": "Windows application error event.",
      "id": "60602",
      "firedtimes": 41,
      "mail": false,
      "groups": [
        "windows",
        "windows_application",
        "system_error"
      ],
      "gdpr": [
        "IV_35.7.d"
      ],
      "gpg13": [
        "4.3"
      ]
    },
    "agent": {
      "id": "005",
      "name": "WS10",
      "ip": "192.168.30.24"
    },
    "manager": {
      "name": "wazuh-server"
    },
    "id": "1775115408.842297",
    "decoder": {
      "name": "windows_eventchannel"
    },
    "data": {
      "win": {
        "system": {
          "providerName": "Microsoft-Windows-CAPI2",
          "providerGuid": "{5bbca4a8-b209-48dc-a8c7-b23d3e5216fb}",
          "eventSourceName": "Microsoft-Windows-CAPI2",
          "eventID": "4107",
          "version": "0",
          "level": "2",
          "task": "0",
          "opcode": "0",
          "keywords": "0x8080000000000000",
          "systemTime": "2026-04-02T07:36:48.7159787Z",
          "eventRecordID": "1983",
          "processID": "1364",
          "threadID": "1636",
          "channel": "Application",
          "computer": "WS10",
          "severityValue": "ERROR",
          "message": "\"Impossibile estrarre l'elenco radice di terze parti dal file CAB di aggiornamento automatico in <http://ctldl.windowsupdate.com/msdownload/update/v3/static/trustedr/en/authrootstl.cab> a causa dell'errore seguente: Dati non validi.\r\n.\""
        },
        "eventdata": {
          "data": "http://ctldl.windowsupdate.com/msdownload/update/v3/static/trustedr/en/authrootstl.cab, Dati non validi."
        }
      }
    },
    "location": "EventChannel",
    "_inferred_source_ip": "192.168.30.24",
    "_capture_session": "apt-sim-20260402-092855_20260402_092855",
    "_captured_at_utc": "2026-04-02T07:36:49Z"
  },
  {
    "timestamp": "2026-04-02T07:36:49.002+0000",
    "rule": {
      "level": 9,
      "description": "Windows application error event.",
      "id": "60602",
      "firedtimes": 42,
      "mail": false,
      "groups": [
        "windows",
        "windows_application",
        "system_error"
      ],
      "gdpr": [
        "IV_35.7.d"
      ],
      "gpg13": [
        "4.3"
      ]
    },
    "agent": {
      "id": "005",
      "name": "WS10",
      "ip": "192.168.30.24"
    },
    "manager": {
      "name": "wazuh-server"
    },
    "id": "1775115409.844233",
    "decoder": {
      "name": "windows_eventchannel"
    },
    "data": {
      "win": {
        "system": {
          "providerName": "Microsoft-Windows-CAPI2",
          "providerGuid": "{5bbca4a8-b209-48dc-a8c7-b23d3e5216fb}",
          "eventSourceName": "Microsoft-Windows-CAPI2",
          "eventID": "4107",
          "version": "0",
          "level": "2",
          "task": "0",
          "opcode": "0",
          "keywords": "0x8080000000000000",
          "systemTime": "2026-04-02T07:36:48.7292683Z",
          "eventRecordID": "1984",
          "processID": "1364",
          "threadID": "1636",
          "channel": "Application",
          "computer": "WS10",
          "severityValue": "ERROR",
          "message": "\"Impossibile estrarre l'elenco radice di terze parti dal file CAB di aggiornamento automatico in <http://ctldl.windowsupdate.com/msdownload/update/v3/static/trustedr/en/authrootstl.cab> a causa dell'errore seguente: Dati non validi.\r\n.\""
        },
        "eventdata": {
          "data": "http://ctldl.windowsupdate.com/msdownload/update/v3/static/trustedr/en/authrootstl.cab, Dati non validi."
        }
      }
    },
    "location": "EventChannel",
    "_inferred_source_ip": "192.168.30.24",
    "_capture_session": "apt-sim-20260402-092855_20260402_092855",
    "_captured_at_utc": "2026-04-02T07:36:49Z"
  },
  {
    "timestamp": "2026-04-02T07:36:49.033+0000",
    "rule": {
      "level": 10,
      "description": "Multiple Windows error application events.",
      "id": "61061",
      "frequency": 8,
      "firedtimes": 6,
      "mail": false,
      "groups": [
        "windows",
        "windows_application"
      ]
    },
    "agent": {
      "id": "005",
      "name": "WS10",
      "ip": "192.168.30.24"
    },
    "manager": {
      "name": "wazuh-server"
    },
    "id": "1775115409.846169",
    "previous_output": "{\"win\":{\"system\":{\"providerName\":\"Microsoft-Windows-CAPI2\",\"providerGuid\":\"{5bbca4a8-b209-48dc-a8c7-b23d3e5216fb}\",\"eventSourceName\":\"Microsoft-Windows-CAPI2\",\"eventID\":\"4107\",\"version\":\"0\",\"level\":\"2\",\"task\":\"0\",\"opcode\":\"0\",\"keywords\":\"0x8080000000000000\",\"systemTime\":\"2026-04-02T07:36:48.7292683Z\",\"eventRecordID\":\"1984\",\"processID\":\"1364\",\"threadID\":\"1636\",\"channel\":\"Application\",\"computer\":\"WS10\",\"severityValue\":\"ERROR\",\"message\":\"\\\"Impossibile estrarre l'elenco radice di terze parti dal file CAB di aggiornamento automatico in <http://ctldl.windowsupdate.com/msdownload/update/v3/static/trustedr/en/authrootstl.cab> a causa dell'errore seguente: Dati non validi.\\r\\n.\\\"\"},\"eventdata\":{\"data\":\"http://ctldl.windowsupdate.com/msdownload/update/v3/static/trustedr/en/authrootstl.cab, Dati non validi.\"}}}\n{\"win\":{\"system\":{\"providerName\":\"Microsoft-Windows-CAPI2\",\"providerGuid\":\"{5bbca4a8-b209-48dc-a8c7-b23d3e5216fb}\",\"eventSourceName\":\"Microsoft-Windows-CAPI2\",\"eventID\":\"4107\",\"version\":\"0\",\"level\":\"2\",\"task\":\"0\",\"opcode\":\"0\",\"keywords\":\"0x8080000000000000\",\"systemTime\":\"2026-04-02T07:36:48.7159787Z\",\"eventRecordID\":\"1983\",\"processID\":\"1364\",\"threadID\":\"1636\",\"channel\":\"Application\",\"computer\":\"WS10\",\"severityValue\":\"ERROR\",\"message\":\"\\\"Impossibile estrarre l'elenco radice di terze parti dal file CAB di aggiornamento automatico in <http://ctldl.windowsupdate.com/msdownload/update/v3/static/trustedr/en/authrootstl.cab> a causa dell'errore seguente: Dati non validi.\\r\\n.\\\"\"},\"eventdata\":{\"data\":\"http://ctldl.windowsupdate.com/msdownload/update/v3/static/trustedr/en/authrootstl.cab, Dati non validi.\"}}}\n{\"win\":{\"system\":{\"providerName\":\"Microsoft-Windows-CAPI2\",\"providerGuid\":\"{5bbca4a8-b209-48dc-a8c7-b23d3e5216fb}\",\"eventSourceName\":\"Microsoft-Windows-CAPI2\",\"eventID\":\"4107\",\"version\":\"0\",\"level\":\"2\",\"task\":\"0\",\"opcode\":\"0\",\"keywords\":\"0x8080000000000000\",\"systemTime\":\"2026-04-02T07:36:41.0663083Z\",\"eventRecordID\":\"1982\",\"processID\":\"1364\",\"threadID\":\"1636\",\"channel\":\"Application\",\"computer\":\"WS10\",\"severityValue\":\"ERROR\",\"message\":\"\\\"Impossibile estrarre l'elenco radice di terze parti dal file CAB di aggiornamento automatico in <http://ctldl.windowsupdate.com/msdownload/update/v3/static/trustedr/en/authrootstl.cab> a causa dell'errore seguente: Dati non validi.\\r\\n.\\\"\"},\"eventdata\":{\"data\":\"http://ctldl.windowsupdate.com/msdownload/update/v3/static/trustedr/en/authrootstl.cab, Dati non validi.\"}}}\n{\"win\":{\"system\":{\"providerName\":\"Microsoft-Windows-CAPI2\",\"providerGuid\":\"{5bbca4a8-b209-48dc-a8c7-b23d3e5216fb}\",\"eventSourceName\":\"Microsoft-Windows-CAPI2\",\"eventID\":\"4107\",\"version\":\"0\",\"level\":\"2\",\"task\":\"0\",\"opcode\":\"0\",\"keywords\":\"0x8080000000000000\",\"systemTime\":\"2026-04-02T07:36:41.0595751Z\",\"eventRecordID\":\"1981\",\"processID\":\"1364\",\"threadID\":\"1636\",\"channel\":\"Application\",\"computer\":\"WS10\",\"severityValue\":\"ERROR\",\"message\":\"\\\"Impossibile estrarre l'elenco radice di terze parti dal file CAB di aggiornamento automatico in <http://ctldl.windowsupdate.com/msdownload/update/v3/static/trustedr/en/authrootstl.cab> a causa dell'errore seguente: Dati non validi.\\r\\n.\\\"\"},\"eventdata\":{\"data\":\"http://ctldl.windowsupdate.com/msdownload/update/v3/static/trustedr/en/authrootstl.cab, Dati non validi.\"}}}\n{\"win\":{\"system\":{\"providerName\":\"Microsoft-Windows-CAPI2\",\"providerGuid\":\"{5bbca4a8-b209-48dc-a8c7-b23d3e5216fb}\",\"eventSourceName\":\"Microsoft-Windows-CAPI2\",\"eventID\":\"4107\",\"version\":\"0\",\"level\":\"2\",\"task\":\"0\",\"opcode\":\"0\",\"keywords\":\"0x8080000000000000\",\"systemTime\":\"2026-04-02T07:36:41.0346275Z\",\"eventRecordID\":\"1980\",\"processID\":\"1364\",\"threadID\":\"1636\",\"channel\":\"Application\",\"computer\":\"WS10\",\"severityValue\":\"ERROR\",\"message\":\"\\\"Impossibile estrarre l'elenco radice di terze parti dal file CAB di aggiornamento automatico in <http://ctldl.windowsupdate.com/msdownload/update/v3/static/trustedr/en/authrootstl.cab> a causa dell'errore seguente: Dati non validi.\\r\\n.\\\"\"},\"eventdata\":{\"data\":\"http://ctldl.windowsupdate.com/msdownload/update/v3/static/trustedr/en/authrootstl.cab, Dati non validi.\"}}}\n{\"win\":{\"system\":{\"providerName\":\"Microsoft-Windows-CAPI2\",\"providerGuid\":\"{5bbca4a8-b209-48dc-a8c7-b23d3e5216fb}\",\"eventSourceName\":\"Microsoft-Windows-CAPI2\",\"eventID\":\"4107\",\"version\":\"0\",\"level\":\"2\",\"task\":\"0\",\"opcode\":\"0\",\"keywords\":\"0x8080000000000000\",\"systemTime\":\"2026-04-02T07:36:33.7375273Z\",\"eventRecordID\":\"1979\",\"processID\":\"1364\",\"threadID\":\"1636\",\"channel\":\"Application\",\"computer\":\"WS10\",\"severityValue\":\"ERROR\",\"message\":\"\\\"Impossibile estrarre l'elenco radice di terze parti dal file CAB di aggiornamento automatico in <http://ctldl.windowsupdate.com/msdownload/update/v3/static/trustedr/en/authrootstl.cab> a causa dell'errore seguente: Dati non validi.\\r\\n.\\\"\"},\"eventdata\":{\"data\":\"http://ctldl.windowsupdate.com/msdownload/update/v3/static/trustedr/en/authrootstl.cab, Dati non validi.\"}}}\n{\"win\":{\"system\":{\"providerName\":\"Microsoft-Windows-CAPI2\",\"providerGuid\":\"{5bbca4a8-b209-48dc-a8c7-b23d3e5216fb}\",\"eventSourceName\":\"Microsoft-Windows-CAPI2\",\"eventID\":\"4107\",\"version\":\"0\",\"level\":\"2\",\"task\":\"0\",\"opcode\":\"0\",\"keywords\":\"0x8080000000000000\",\"systemTime\":\"2026-04-02T07:36:33.7222676Z\",\"eventRecordID\":\"1978\",\"processID\":\"1364\",\"threadID\":\"1636\",\"channel\":\"Application\",\"computer\":\"WS10\",\"severityValue\":\"ERROR\",\"message\":\"\\\"Impossibile estrarre l'elenco radice di terze parti dal file CAB di aggiornamento automatico in <http://ctldl.windowsupdate.com/msdownload/update/v3/static/trustedr/en/authrootstl.cab> a causa dell'errore seguente: Dati non validi.\\r\\n.\\\"\"},\"eventdata\":{\"data\":\"http://ctldl.windowsupdate.com/msdownload/update/v3/static/trustedr/en/authrootstl.cab, Dati non validi.\"}}}",
    "decoder": {
      "name": "windows_eventchannel"
    },
    "data": {
      "win": {
        "system": {
          "providerName": "Microsoft-Windows-CAPI2",
          "providerGuid": "{5bbca4a8-b209-48dc-a8c7-b23d3e5216fb}",
          "eventSourceName": "Microsoft-Windows-CAPI2",
          "eventID": "4107",
          "version": "0",
          "level": "2",
          "task": "0",
          "opcode": "0",
          "keywords": "0x8080000000000000",
          "systemTime": "2026-04-02T07:36:48.7292683Z",
          "eventRecordID": "1985",
          "processID": "1364",
          "threadID": "1636",
          "channel": "Application",
          "computer": "WS10",
          "severityValue": "ERROR",
          "message": "\"Impossibile estrarre l'elenco radice di terze parti dal file CAB di aggiornamento automatico in <http://ctldl.windowsupdate.com/msdownload/update/v3/static/trustedr/en/authrootstl.cab> a causa dell'errore seguente: Dati non validi.\r\n.\""
        },
        "eventdata": {
          "data": "http://ctldl.windowsupdate.com/msdownload/update/v3/static/trustedr/en/authrootstl.cab, Dati non validi."
        }
      }
    },
    "location": "EventChannel",
    "_inferred_source_ip": "192.168.30.24",
    "_capture_session": "apt-sim-20260402-092855_20260402_092855",
    "_captured_at_utc": "2026-04-02T07:36:49Z"
  },
  {
    "timestamp": "2026-04-02T07:36:57.396+0000",
    "rule": {
      "level": 9,
      "description": "Windows application error event.",
      "id": "60602",
      "firedtimes": 43,
      "mail": false,
      "groups": [
        "windows",
        "windows_application",
        "system_error"
      ],
      "gdpr": [
        "IV_35.7.d"
      ],
      "gpg13": [
        "4.3"
      ]
    },
    "agent": {
      "id": "005",
      "name": "WS10",
      "ip": "192.168.30.24"
    },
    "manager": {
      "name": "wazuh-server"
    },
    "id": "1775115417.853762",
    "decoder": {
      "name": "windows_eventchannel"
    },
    "data": {
      "win": {
        "system": {
          "providerName": "Microsoft-Windows-CAPI2",
          "providerGuid": "{5bbca4a8-b209-48dc-a8c7-b23d3e5216fb}",
          "eventSourceName": "Microsoft-Windows-CAPI2",
          "eventID": "4107",
          "version": "0",
          "level": "2",
          "task": "0",
          "opcode": "0",
          "keywords": "0x8080000000000000",
          "systemTime": "2026-04-02T07:36:56.3247661Z",
          "eventRecordID": "1987",
          "processID": "1364",
          "threadID": "1436",
          "channel": "Application",
          "computer": "WS10",
          "severityValue": "ERROR",
          "message": "\"Impossibile estrarre l'elenco radice di terze parti dal file CAB di aggiornamento automatico in <http://ctldl.windowsupdate.com/msdownload/update/v3/static/trustedr/en/authrootstl.cab> a causa dell'errore seguente: Dati non validi.\r\n.\""
        },
        "eventdata": {
          "data": "http://ctldl.windowsupdate.com/msdownload/update/v3/static/trustedr/en/authrootstl.cab, Dati non validi."
        }
      }
    },
    "location": "EventChannel",
    "_inferred_source_ip": "192.168.30.24",
    "_capture_session": "apt-sim-20260402-092855_20260402_092855",
    "_captured_at_utc": "2026-04-02T07:36:57Z"
  },
  {
    "timestamp": "2026-04-02T07:36:57.396+0000",
    "rule": {
      "level": 9,
      "description": "Windows application error event.",
      "id": "60602",
      "firedtimes": 44,
      "mail": false,
      "groups": [
        "windows",
        "windows_application",
        "system_error"
      ],
      "gdpr": [
        "IV_35.7.d"
      ],
      "gpg13": [
        "4.3"
      ]
    },
    "agent": {
      "id": "005",
      "name": "WS10",
      "ip": "192.168.30.24"
    },
    "manager": {
      "name": "wazuh-server"
    },
    "id": "1775115417.855698",
    "decoder": {
      "name": "windows_eventchannel"
    },
    "data": {
      "win": {
        "system": {
          "providerName": "Microsoft-Windows-CAPI2",
          "providerGuid": "{5bbca4a8-b209-48dc-a8c7-b23d3e5216fb}",
          "eventSourceName": "Microsoft-Windows-CAPI2",
          "eventID": "4107",
          "version": "0",
          "level": "2",
          "task": "0",
          "opcode": "0",
          "keywords": "0x8080000000000000",
          "systemTime": "2026-04-02T07:36:56.3102596Z",
          "eventRecordID": "1986",
          "processID": "1364",
          "threadID": "1436",
          "channel": "Application",
          "computer": "WS10",
          "severityValue": "ERROR",
          "message": "\"Impossibile estrarre l'elenco radice di terze parti dal file CAB di aggiornamento automatico in <http://ctldl.windowsupdate.com/msdownload/update/v3/static/trustedr/en/authrootstl.cab> a causa dell'errore seguente: Dati non validi.\r\n.\""
        },
        "eventdata": {
          "data": "http://ctldl.windowsupdate.com/msdownload/update/v3/static/trustedr/en/authrootstl.cab, Dati non validi."
        }
      }
    },
    "location": "EventChannel",
    "_inferred_source_ip": "192.168.30.24",
    "_capture_session": "apt-sim-20260402-092855_20260402_092855",
    "_captured_at_utc": "2026-04-02T07:36:57Z"
  },
