  {
    "timestamp": "2026-04-02T07:35:30.999+0000",
    "rule": {
      "level": 10,
      "description": "Multiple Windows error application events.",
      "id": "61061",
      "frequency": 8,
      "firedtimes": 2,
      "mail": false,
      "groups": [
        "windows",
        "windows_application"
      ]
    },
    "agent": {
      "id": "005",
      "name": "WS10",
      "ip": "192.168.30.24"
    },
    "manager": {
      "name": "wazuh-server"
    },
    "id": "1775115330.761575",
    "previous_output": "{\"win\":{\"system\":{\"providerName\":\"Microsoft-Windows-CAPI2\",\"providerGuid\":\"{5bbca4a8-b209-48dc-a8c7-b23d3e5216fb}\",\"eventSourceName\":\"Microsoft-Windows-CAPI2\",\"eventID\":\"4107\",\"version\":\"0\",\"level\":\"2\",\"task\":\"0\",\"opcode\":\"0\",\"keywords\":\"0x8080000000000000\",\"systemTime\":\"2026-04-02T07:35:21.1688812Z\",\"eventRecordID\":\"1952\",\"processID\":\"1364\",\"threadID\":\"10128\",\"channel\":\"Application\",\"computer\":\"WS10\",\"severityValue\":\"ERROR\",\"message\":\"\\\"Impossibile estrarre l'elenco radice di terze parti dal file CAB di aggiornamento automatico in <http://ctldl.windowsupdate.com/msdownload/update/v3/static/trustedr/en/authrootstl.cab> a causa dell'errore seguente: Dati non validi.\\r\\n.\\\"\"},\"eventdata\":{\"data\":\"http://ctldl.windowsupdate.com/msdownload/update/v3/static/trustedr/en/authrootstl.cab, Dati non validi.\"}}}\n{\"win\":{\"system\":{\"providerName\":\"Microsoft-Windows-CAPI2\",\"providerGuid\":\"{5bbca4a8-b209-48dc-a8c7-b23d3e5216fb}\",\"eventSourceName\":\"Microsoft-Windows-CAPI2\",\"eventID\":\"4107\",\"version\":\"0\",\"level\":\"2\",\"task\":\"0\",\"opcode\":\"0\",\"keywords\":\"0x8080000000000000\",\"systemTime\":\"2026-04-02T07:35:21.1533188Z\",\"eventRecordID\":\"1951\",\"processID\":\"1364\",\"threadID\":\"10128\",\"channel\":\"Application\",\"computer\":\"WS10\",\"severityValue\":\"ERROR\",\"message\":\"\\\"Impossibile estrarre l'elenco radice di terze parti dal file CAB di aggiornamento automatico in <http://ctldl.windowsupdate.com/msdownload/update/v3/static/trustedr/en/authrootstl.cab> a causa dell'errore seguente: Dati non validi.\\r\\n.\\\"\"},\"eventdata\":{\"data\":\"http://ctldl.windowsupdate.com/msdownload/update/v3/static/trustedr/en/authrootstl.cab, Dati non validi.\"}}}\n{\"win\":{\"system\":{\"providerName\":\"Microsoft-Windows-CAPI2\",\"providerGuid\":\"{5bbca4a8-b209-48dc-a8c7-b23d3e5216fb}\",\"eventSourceName\":\"Microsoft-Windows-CAPI2\",\"eventID\":\"4107\",\"version\":\"0\",\"level\":\"2\",\"task\":\"0\",\"opcode\":\"0\",\"keywords\":\"0x8080000000000000\",\"systemTime\":\"2026-04-02T07:35:21.1382169Z\",\"eventRecordID\":\"1950\",\"processID\":\"1364\",\"threadID\":\"10128\",\"channel\":\"Application\",\"computer\":\"WS10\",\"severityValue\":\"ERROR\",\"message\":\"\\\"Impossibile estrarre l'elenco radice di terze parti dal file CAB di aggiornamento automatico in <http://ctldl.windowsupdate.com/msdownload/update/v3/static/trustedr/en/authrootstl.cab> a causa dell'errore seguente: Dati non validi.\\r\\n.\\\"\"},\"eventdata\":{\"data\":\"http://ctldl.windowsupdate.com/msdownload/update/v3/static/trustedr/en/authrootstl.cab, Dati non validi.\"}}}\n{\"win\":{\"system\":{\"providerName\":\"Microsoft-Windows-CAPI2\",\"providerGuid\":\"{5bbca4a8-b209-48dc-a8c7-b23d3e5216fb}\",\"eventSourceName\":\"Microsoft-Windows-CAPI2\",\"eventID\":\"4107\",\"version\":\"0\",\"level\":\"2\",\"task\":\"0\",\"opcode\":\"0\",\"keywords\":\"0x8080000000000000\",\"systemTime\":\"2026-04-02T07:35:16.6043658Z\",\"eventRecordID\":\"1949\",\"processID\":\"1364\",\"threadID\":\"10128\",\"channel\":\"Application\",\"computer\":\"WS10\",\"severityValue\":\"ERROR\",\"message\":\"\\\"Impossibile estrarre l'elenco radice di terze parti dal file CAB di aggiornamento automatico in <http://ctldl.windowsupdate.com/msdownload/update/v3/static/trustedr/en/authrootstl.cab> a causa dell'errore seguente: Dati non validi.\\r\\n.\\\"\"},\"eventdata\":{\"data\":\"http://ctldl.windowsupdate.com/msdownload/update/v3/static/trustedr/en/authrootstl.cab, Dati non validi.\"}}}\n{\"win\":{\"system\":{\"providerName\":\"Microsoft-Windows-CAPI2\",\"providerGuid\":\"{5bbca4a8-b209-48dc-a8c7-b23d3e5216fb}\",\"eventSourceName\":\"Microsoft-Windows-CAPI2\",\"eventID\":\"4107\",\"version\":\"0\",\"level\":\"2\",\"task\":\"0\",\"opcode\":\"0\",\"keywords\":\"0x8080000000000000\",\"systemTime\":\"2026-04-02T07:35:16.6043658Z\",\"eventRecordID\":\"1948\",\"processID\":\"1364\",\"threadID\":\"10128\",\"channel\":\"Application\",\"computer\":\"WS10\",\"severityValue\":\"ERROR\",\"message\":\"\\\"Impossibile estrarre l'elenco radice di terze parti dal file CAB di aggiornamento automatico in <http://ctldl.windowsupdate.com/msdownload/update/v3/static/trustedr/en/authrootstl.cab> a causa dell'errore seguente: Dati non validi.\\r\\n.\\\"\"},\"eventdata\":{\"data\":\"http://ctldl.windowsupdate.com/msdownload/update/v3/static/trustedr/en/authrootstl.cab, Dati non validi.\"}}}\n{\"win\":{\"system\":{\"providerName\":\"Microsoft-Windows-CAPI2\",\"providerGuid\":\"{5bbca4a8-b209-48dc-a8c7-b23d3e5216fb}\",\"eventSourceName\":\"Microsoft-Windows-CAPI2\",\"eventID\":\"4107\",\"version\":\"0\",\"level\":\"2\",\"task\":\"0\",\"opcode\":\"0\",\"keywords\":\"0x8080000000000000\",\"systemTime\":\"2026-04-02T07:35:16.5881829Z\",\"eventRecordID\":\"1947\",\"processID\":\"1364\",\"threadID\":\"10128\",\"channel\":\"Application\",\"computer\":\"WS10\",\"severityValue\":\"ERROR\",\"message\":\"\\\"Impossibile estrarre l'elenco radice di terze parti dal file CAB di aggiornamento automatico in <http://ctldl.windowsupdate.com/msdownload/update/v3/static/trustedr/en/authrootstl.cab> a causa dell'errore seguente: Dati non validi.\\r\\n.\\\"\"},\"eventdata\":{\"data\":\"http://ctldl.windowsupdate.com/msdownload/update/v3/static/trustedr/en/authrootstl.cab, Dati non validi.\"}}}\n{\"win\":{\"system\":{\"providerName\":\"Microsoft-Windows-CAPI2\",\"providerGuid\":\"{5bbca4a8-b209-48dc-a8c7-b23d3e5216fb}\",\"eventSourceName\":\"Microsoft-Windows-CAPI2\",\"eventID\":\"4107\",\"version\":\"0\",\"level\":\"2\",\"task\":\"0\",\"opcode\":\"0\",\"keywords\":\"0x8080000000000000\",\"systemTime\":\"2026-04-02T07:35:14.3068825Z\",\"eventRecordID\":\"1946\",\"processID\":\"1364\",\"threadID\":\"1636\",\"channel\":\"Application\",\"computer\":\"WS10\",\"severityValue\":\"ERROR\",\"message\":\"\\\"Impossibile estrarre l'elenco radice di terze parti dal file CAB di aggiornamento automatico in <http://ctldl.windowsupdate.com/msdownload/update/v3/static/trustedr/en/authrootstl.cab> a causa dell'errore seguente: Dati non validi.\\r\\n.\\\"\"},\"eventdata\":{\"data\":\"http://ctldl.windowsupdate.com/msdownload/update/v3/static/trustedr/en/authrootstl.cab, Dati non validi.\"}}}",
    "decoder": {
      "name": "windows_eventchannel"
    },
    "data": {
      "win": {
        "system": {
          "providerName": "Microsoft-Windows-CAPI2",
          "providerGuid": "{5bbca4a8-b209-48dc-a8c7-b23d3e5216fb}",
          "eventSourceName": "Microsoft-Windows-CAPI2",
          "eventID": "4107",
          "version": "0",
          "level": "2",
          "task": "0",
          "opcode": "0",
          "keywords": "0x8080000000000000",
          "systemTime": "2026-04-02T07:35:29.7941447Z",
          "eventRecordID": "1953",
          "processID": "1364",
          "threadID": "10128",
          "channel": "Application",
          "computer": "WS10",
          "severityValue": "ERROR",
          "message": "\"Impossibile estrarre l'elenco radice di terze parti dal file CAB di aggiornamento automatico in <http://ctldl.windowsupdate.com/msdownload/update/v3/static/trustedr/en/authrootstl.cab> a causa dell'errore seguente: Dati non validi.\r\n.\""
        },
        "eventdata": {
          "data": "http://ctldl.windowsupdate.com/msdownload/update/v3/static/trustedr/en/authrootstl.cab, Dati non validi."
        }
      }
    },
    "location": "EventChannel",
    "_inferred_source_ip": "192.168.30.24",
    "_capture_session": "apt-sim-20260402-092855_20260402_092855",
    "_captured_at_utc": "2026-04-02T07:35:31Z"
  },
  {
    "timestamp": "2026-04-02T07:35:31.015+0000",
    "rule": {
      "level": 9,
      "description": "Windows application error event.",
      "id": "60602",
      "firedtimes": 15,
      "mail": false,
      "groups": [
        "windows",
        "windows_application",
        "system_error"
      ],
      "gdpr": [
        "IV_35.7.d"
      ],
      "gpg13": [
        "4.3"
      ]
    },
    "agent": {
      "id": "005",
      "name": "WS10",
      "ip": "192.168.30.24"
    },
    "manager": {
      "name": "wazuh-server"
    },
    "id": "1775115331.769176",
    "decoder": {
      "name": "windows_eventchannel"
    },
    "data": {
      "win": {
        "system": {
          "providerName": "Microsoft-Windows-CAPI2",
          "providerGuid": "{5bbca4a8-b209-48dc-a8c7-b23d3e5216fb}",
          "eventSourceName": "Microsoft-Windows-CAPI2",
          "eventID": "4107",
          "version": "0",
          "level": "2",
          "task": "0",
          "opcode": "0",
          "keywords": "0x8080000000000000",
          "systemTime": "2026-04-02T07:35:29.8099243Z",
          "eventRecordID": "1954",
          "processID": "1364",
          "threadID": "10128",
          "channel": "Application",
          "computer": "WS10",
          "severityValue": "ERROR",
          "message": "\"Impossibile estrarre l'elenco radice di terze parti dal file CAB di aggiornamento automatico in <http://ctldl.windowsupdate.com/msdownload/update/v3/static/trustedr/en/authrootstl.cab> a causa dell'errore seguente: Dati non validi.\r\n.\""
        },
        "eventdata": {
          "data": "http://ctldl.windowsupdate.com/msdownload/update/v3/static/trustedr/en/authrootstl.cab, Dati non validi."
        }
      }
    },
    "location": "EventChannel",
    "_inferred_source_ip": "192.168.30.24",
    "_capture_session": "apt-sim-20260402-092855_20260402_092855",
    "_captured_at_utc": "2026-04-02T07:35:31Z"
  },
  {
    "timestamp": "2026-04-02T07:35:31.046+0000",
    "rule": {
      "level": 9,
      "description": "Windows application error event.",
      "id": "60602",
      "firedtimes": 16,
      "mail": false,
      "groups": [
        "windows",
        "windows_application",
        "system_error"
      ],
      "gdpr": [
        "IV_35.7.d"
      ],
      "gpg13": [
        "4.3"
      ]
    },
    "agent": {
      "id": "005",
      "name": "WS10",
      "ip": "192.168.30.24"
    },
    "manager": {
      "name": "wazuh-server"
    },
    "id": "1775115331.771114",
    "decoder": {
      "name": "windows_eventchannel"
    },
    "data": {
      "win": {
        "system": {
          "providerName": "Microsoft-Windows-CAPI2",
          "providerGuid": "{5bbca4a8-b209-48dc-a8c7-b23d3e5216fb}",
          "eventSourceName": "Microsoft-Windows-CAPI2",
          "eventID": "4107",
          "version": "0",
          "level": "2",
          "task": "0",
          "opcode": "0",
          "keywords": "0x8080000000000000",
          "systemTime": "2026-04-02T07:35:29.8099243Z",
          "eventRecordID": "1955",
          "processID": "1364",
          "threadID": "10128",
          "channel": "Application",
          "computer": "WS10",
          "severityValue": "ERROR",
          "message": "\"Impossibile estrarre l'elenco radice di terze parti dal file CAB di aggiornamento automatico in <http://ctldl.windowsupdate.com/msdownload/update/v3/static/trustedr/en/authrootstl.cab> a causa dell'errore seguente: Dati non validi.\r\n.\""
        },
        "eventdata": {
          "data": "http://ctldl.windowsupdate.com/msdownload/update/v3/static/trustedr/en/authrootstl.cab, Dati non validi."
        }
      }
    },
    "location": "EventChannel",
    "_inferred_source_ip": "192.168.30.24",
    "_capture_session": "apt-sim-20260402-092855_20260402_092855",
    "_captured_at_utc": "2026-04-02T07:35:31Z"
  },
  {
    "timestamp": "2026-04-02T07:35:39.718+0000",
    "rule": {
      "level": 9,
      "description": "Windows application error event.",
      "id": "60602",
      "firedtimes": 17,
      "mail": false,
      "groups": [
        "windows",
        "windows_application",
        "system_error"
      ],
      "gdpr": [
        "IV_35.7.d"
      ],
      "gpg13": [
        "4.3"
      ]
    },
    "agent": {
      "id": "005",
      "name": "WS10",
      "ip": "192.168.30.24"
    },
    "manager": {
      "name": "wazuh-server"
    },
    "id": "1775115339.773052",
    "decoder": {
      "name": "windows_eventchannel"
    },
    "data": {
      "win": {
        "system": {
          "providerName": "Microsoft-Windows-CAPI2",
          "providerGuid": "{5bbca4a8-b209-48dc-a8c7-b23d3e5216fb}",
          "eventSourceName": "Microsoft-Windows-CAPI2",
          "eventID": "4107",
          "version": "0",
          "level": "2",
          "task": "0",
          "opcode": "0",
          "keywords": "0x8080000000000000",
          "systemTime": "2026-04-02T07:35:38.6622228Z",
          "eventRecordID": "1956",
          "processID": "1364",
          "threadID": "1436",
          "channel": "Application",
          "computer": "WS10",
          "severityValue": "ERROR",
          "message": "\"Impossibile estrarre l'elenco radice di terze parti dal file CAB di aggiornamento automatico in <http://ctldl.windowsupdate.com/msdownload/update/v3/static/trustedr/en/authrootstl.cab> a causa dell'errore seguente: Dati non validi.\r\n.\""
        },
        "eventdata": {
          "data": "http://ctldl.windowsupdate.com/msdownload/update/v3/static/trustedr/en/authrootstl.cab, Dati non validi."
        }
      }
    },
    "location": "EventChannel",
    "_inferred_source_ip": "192.168.30.24",
    "_capture_session": "apt-sim-20260402-092855_20260402_092855",
    "_captured_at_utc": "2026-04-02T07:35:40Z"
  },
  {
    "timestamp": "2026-04-02T07:35:39.719+0000",
    "rule": {
      "level": 9,
      "description": "Windows application error event.",
      "id": "60602",
      "firedtimes": 18,
      "mail": false,
      "groups": [
        "windows",
        "windows_application",
        "system_error"
      ],
      "gdpr": [
        "IV_35.7.d"
      ],
      "gpg13": [
        "4.3"
      ]
    },
    "agent": {
      "id": "005",
      "name": "WS10",
      "ip": "192.168.30.24"
    },
    "manager": {
      "name": "wazuh-server"
    },
    "id": "1775115339.774988",
    "decoder": {
      "name": "windows_eventchannel"
    },
    "data": {
      "win": {
        "system": {
          "providerName": "Microsoft-Windows-CAPI2",
          "providerGuid": "{5bbca4a8-b209-48dc-a8c7-b23d3e5216fb}",
          "eventSourceName": "Microsoft-Windows-CAPI2",
          "eventID": "4107",
          "version": "0",
          "level": "2",
          "task": "0",
          "opcode": "0",
          "keywords": "0x8080000000000000",
          "systemTime": "2026-04-02T07:35:38.6747765Z",
          "eventRecordID": "1957",
          "processID": "1364",
          "threadID": "1436",
          "channel": "Application",
          "computer": "WS10",
          "severityValue": "ERROR",
          "message": "\"Impossibile estrarre l'elenco radice di terze parti dal file CAB di aggiornamento automatico in <http://ctldl.windowsupdate.com/msdownload/update/v3/static/trustedr/en/authrootstl.cab> a causa dell'errore seguente: Dati non validi.\r\n.\""
        },
        "eventdata": {
          "data": "http://ctldl.windowsupdate.com/msdownload/update/v3/static/trustedr/en/authrootstl.cab, Dati non validi."
        }
      }
    },
    "location": "EventChannel",
    "_inferred_source_ip": "192.168.30.24",
    "_capture_session": "apt-sim-20260402-092855_20260402_092855",
    "_captured_at_utc": "2026-04-02T07:35:40Z"
  },
  {
    "timestamp": "2026-04-02T07:35:39.734+0000",
    "rule": {
      "level": 9,
      "description": "Windows application error event.",
      "id": "60602",
      "firedtimes": 19,
      "mail": false,
      "groups": [
        "windows",
        "windows_application",
        "system_error"
      ],
      "gdpr": [
        "IV_35.7.d"
      ],
      "gpg13": [
        "4.3"
      ]
    },
    "agent": {
      "id": "005",
      "name": "WS10",
      "ip": "192.168.30.24"
    },
    "manager": {
      "name": "wazuh-server"
    },
    "id": "1775115339.776924",
    "decoder": {
      "name": "windows_eventchannel"
    },
    "data": {
      "win": {
        "system": {
          "providerName": "Microsoft-Windows-CAPI2",
          "providerGuid": "{5bbca4a8-b209-48dc-a8c7-b23d3e5216fb}",
          "eventSourceName": "Microsoft-Windows-CAPI2",
          "eventID": "4107",
          "version": "0",
          "level": "2",
          "task": "0",
          "opcode": "0",
          "keywords": "0x8080000000000000",
          "systemTime": "2026-04-02T07:35:38.6747765Z",
          "eventRecordID": "1958",
          "processID": "1364",
          "threadID": "1436",
          "channel": "Application",
          "computer": "WS10",
          "severityValue": "ERROR",
          "message": "\"Impossibile estrarre l'elenco radice di terze parti dal file CAB di aggiornamento automatico in <http://ctldl.windowsupdate.com/msdownload/update/v3/static/trustedr/en/authrootstl.cab> a causa dell'errore seguente: Dati non validi.\r\n.\""
        },
        "eventdata": {
          "data": "http://ctldl.windowsupdate.com/msdownload/update/v3/static/trustedr/en/authrootstl.cab, Dati non validi."
        }
      }
    },
    "location": "EventChannel",
    "_inferred_source_ip": "192.168.30.24",
    "_capture_session": "apt-sim-20260402-092855_20260402_092855",
    "_captured_at_utc": "2026-04-02T07:35:40Z"
  },
  {
    "timestamp": "2026-04-02T07:35:47.310+0000",
    "rule": {
      "level": 9,
      "description": "Windows application error event.",
      "id": "60602",
      "firedtimes": 20,
      "mail": false,
      "groups": [
        "windows",
        "windows_application",
        "system_error"
      ],
      "gdpr": [
        "IV_35.7.d"
      ],
      "gpg13": [
        "4.3"
      ]
    },
    "agent": {
      "id": "005",
      "name": "WS10",
      "ip": "192.168.30.24"
    },
    "manager": {
      "name": "wazuh-server"
    },
    "id": "1775115347.778860",
    "decoder": {
      "name": "windows_eventchannel"
    },
    "data": {
      "win": {
        "system": {
          "providerName": "Microsoft-Windows-CAPI2",
          "providerGuid": "{5bbca4a8-b209-48dc-a8c7-b23d3e5216fb}",
          "eventSourceName": "Microsoft-Windows-CAPI2",
          "eventID": "4107",
          "version": "0",
          "level": "2",
          "task": "0",
          "opcode": "0",
          "keywords": "0x8080000000000000",
          "systemTime": "2026-04-02T07:35:46.1652355Z",
          "eventRecordID": "1959",
          "processID": "1364",
          "threadID": "1436",
          "channel": "Application",
          "computer": "WS10",
          "severityValue": "ERROR",
          "message": "\"Impossibile estrarre l'elenco radice di terze parti dal file CAB di aggiornamento automatico in <http://ctldl.windowsupdate.com/msdownload/update/v3/static/trustedr/en/authrootstl.cab> a causa dell'errore seguente: Dati non validi.\r\n.\""
        },
        "eventdata": {
          "data": "http://ctldl.windowsupdate.com/msdownload/update/v3/static/trustedr/en/authrootstl.cab, Dati non validi."
        }
      }
    },
    "location": "EventChannel",
    "_inferred_source_ip": "192.168.30.24",
    "_capture_session": "apt-sim-20260402-092855_20260402_092855",
    "_captured_at_utc": "2026-04-02T07:35:47Z"
  },
  {
    "timestamp": "2026-04-02T07:35:47.326+0000",
    "rule": {
      "level": 9,
      "description": "Windows application error event.",
      "id": "60602",
      "firedtimes": 21,
      "mail": false,
      "groups": [
        "windows",
        "windows_application",
        "system_error"
      ],
      "gdpr": [
        "IV_35.7.d"
      ],
      "gpg13": [
        "4.3"
      ]
    },
    "agent": {
      "id": "005",
      "name": "WS10",
      "ip": "192.168.30.24"
    },
    "manager": {
      "name": "wazuh-server"
    },
    "id": "1775115347.780796",
    "decoder": {
      "name": "windows_eventchannel"
    },
    "data": {
      "win": {
        "system": {
          "providerName": "Microsoft-Windows-CAPI2",
          "providerGuid": "{5bbca4a8-b209-48dc-a8c7-b23d3e5216fb}",
          "eventSourceName": "Microsoft-Windows-CAPI2",
          "eventID": "4107",
          "version": "0",
          "level": "2",
          "task": "0",
          "opcode": "0",
          "keywords": "0x8080000000000000",
          "systemTime": "2026-04-02T07:35:46.1808708Z",
          "eventRecordID": "1960",
          "processID": "1364",
          "threadID": "1436",
          "channel": "Application",
          "computer": "WS10",
          "severityValue": "ERROR",
          "message": "\"Impossibile estrarre l'elenco radice di terze parti dal file CAB di aggiornamento automatico in <http://ctldl.windowsupdate.com/msdownload/update/v3/static/trustedr/en/authrootstl.cab> a causa dell'errore seguente: Dati non validi.\r\n.\""
        },
        "eventdata": {
          "data": "http://ctldl.windowsupdate.com/msdownload/update/v3/static/trustedr/en/authrootstl.cab, Dati non validi."
        }
      }
    },
    "location": "EventChannel",
    "_inferred_source_ip": "192.168.30.24",
    "_capture_session": "apt-sim-20260402-092855_20260402_092855",
    "_captured_at_utc": "2026-04-02T07:35:47Z"
  },
  {
    "timestamp": "2026-04-02T07:35:47.342+0000",
    "rule": {
      "level": 10,
      "description": "Multiple Windows error application events.",
      "id": "61061",
      "frequency": 8,
      "firedtimes": 3,
      "mail": false,
      "groups": [
        "windows",
        "windows_application"
      ]
    },
    "agent": {
      "id": "005",
      "name": "WS10",
      "ip": "192.168.30.24"
    },
    "manager": {
      "name": "wazuh-server"
    },
    "id": "1775115347.782732",
    "previous_output": "{\"win\":{\"system\":{\"providerName\":\"Microsoft-Windows-CAPI2\",\"providerGuid\":\"{5bbca4a8-b209-48dc-a8c7-b23d3e5216fb}\",\"eventSourceName\":\"Microsoft-Windows-CAPI2\",\"eventID\":\"4107\",\"version\":\"0\",\"level\":\"2\",\"task\":\"0\",\"opcode\":\"0\",\"keywords\":\"0x8080000000000000\",\"systemTime\":\"2026-04-02T07:35:46.1808708Z\",\"eventRecordID\":\"1960\",\"processID\":\"1364\",\"threadID\":\"1436\",\"channel\":\"Application\",\"computer\":\"WS10\",\"severityValue\":\"ERROR\",\"message\":\"\\\"Impossibile estrarre l'elenco radice di terze parti dal file CAB di aggiornamento automatico in <http://ctldl.windowsupdate.com/msdownload/update/v3/static/trustedr/en/authrootstl.cab> a causa dell'errore seguente: Dati non validi.\\r\\n.\\\"\"},\"eventdata\":{\"data\":\"http://ctldl.windowsupdate.com/msdownload/update/v3/static/trustedr/en/authrootstl.cab, Dati non validi.\"}}}\n{\"win\":{\"system\":{\"providerName\":\"Microsoft-Windows-CAPI2\",\"providerGuid\":\"{5bbca4a8-b209-48dc-a8c7-b23d3e5216fb}\",\"eventSourceName\":\"Microsoft-Windows-CAPI2\",\"eventID\":\"4107\",\"version\":\"0\",\"level\":\"2\",\"task\":\"0\",\"opcode\":\"0\",\"keywords\":\"0x8080000000000000\",\"systemTime\":\"2026-04-02T07:35:46.1652355Z\",\"eventRecordID\":\"1959\",\"processID\":\"1364\",\"threadID\":\"1436\",\"channel\":\"Application\",\"computer\":\"WS10\",\"severityValue\":\"ERROR\",\"message\":\"\\\"Impossibile estrarre l'elenco radice di terze parti dal file CAB di aggiornamento automatico in <http://ctldl.windowsupdate.com/msdownload/update/v3/static/trustedr/en/authrootstl.cab> a causa dell'errore seguente: Dati non validi.\\r\\n.\\\"\"},\"eventdata\":{\"data\":\"http://ctldl.windowsupdate.com/msdownload/update/v3/static/trustedr/en/authrootstl.cab, Dati non validi.\"}}}\n{\"win\":{\"system\":{\"providerName\":\"Microsoft-Windows-CAPI2\",\"providerGuid\":\"{5bbca4a8-b209-48dc-a8c7-b23d3e5216fb}\",\"eventSourceName\":\"Microsoft-Windows-CAPI2\",\"eventID\":\"4107\",\"version\":\"0\",\"level\":\"2\",\"task\":\"0\",\"opcode\":\"0\",\"keywords\":\"0x8080000000000000\",\"systemTime\":\"2026-04-02T07:35:38.6747765Z\",\"eventRecordID\":\"1958\",\"processID\":\"1364\",\"threadID\":\"1436\",\"channel\":\"Application\",\"computer\":\"WS10\",\"severityValue\":\"ERROR\",\"message\":\"\\\"Impossibile estrarre l'elenco radice di terze parti dal file CAB di aggiornamento automatico in <http://ctldl.windowsupdate.com/msdownload/update/v3/static/trustedr/en/authrootstl.cab> a causa dell'errore seguente: Dati non validi.\\r\\n.\\\"\"},\"eventdata\":{\"data\":\"http://ctldl.windowsupdate.com/msdownload/update/v3/static/trustedr/en/authrootstl.cab, Dati non validi.\"}}}\n{\"win\":{\"system\":{\"providerName\":\"Microsoft-Windows-CAPI2\",\"providerGuid\":\"{5bbca4a8-b209-48dc-a8c7-b23d3e5216fb}\",\"eventSourceName\":\"Microsoft-Windows-CAPI2\",\"eventID\":\"4107\",\"version\":\"0\",\"level\":\"2\",\"task\":\"0\",\"opcode\":\"0\",\"keywords\":\"0x8080000000000000\",\"systemTime\":\"2026-04-02T07:35:38.6747765Z\",\"eventRecordID\":\"1957\",\"processID\":\"1364\",\"threadID\":\"1436\",\"channel\":\"Application\",\"computer\":\"WS10\",\"severityValue\":\"ERROR\",\"message\":\"\\\"Impossibile estrarre l'elenco radice di terze parti dal file CAB di aggiornamento automatico in <http://ctldl.windowsupdate.com/msdownload/update/v3/static/trustedr/en/authrootstl.cab> a causa dell'errore seguente: Dati non validi.\\r\\n.\\\"\"},\"eventdata\":{\"data\":\"http://ctldl.windowsupdate.com/msdownload/update/v3/static/trustedr/en/authrootstl.cab, Dati non validi.\"}}}\n{\"win\":{\"system\":{\"providerName\":\"Microsoft-Windows-CAPI2\",\"providerGuid\":\"{5bbca4a8-b209-48dc-a8c7-b23d3e5216fb}\",\"eventSourceName\":\"Microsoft-Windows-CAPI2\",\"eventID\":\"4107\",\"version\":\"0\",\"level\":\"2\",\"task\":\"0\",\"opcode\":\"0\",\"keywords\":\"0x8080000000000000\",\"systemTime\":\"2026-04-02T07:35:38.6622228Z\",\"eventRecordID\":\"1956\",\"processID\":\"1364\",\"threadID\":\"1436\",\"channel\":\"Application\",\"computer\":\"WS10\",\"severityValue\":\"ERROR\",\"message\":\"\\\"Impossibile estrarre l'elenco radice di terze parti dal file CAB di aggiornamento automatico in <http://ctldl.windowsupdate.com/msdownload/update/v3/static/trustedr/en/authrootstl.cab> a causa dell'errore seguente: Dati non validi.\\r\\n.\\\"\"},\"eventdata\":{\"data\":\"http://ctldl.windowsupdate.com/msdownload/update/v3/static/trustedr/en/authrootstl.cab, Dati non validi.\"}}}\n{\"win\":{\"system\":{\"providerName\":\"Microsoft-Windows-CAPI2\",\"providerGuid\":\"{5bbca4a8-b209-48dc-a8c7-b23d3e5216fb}\",\"eventSourceName\":\"Microsoft-Windows-CAPI2\",\"eventID\":\"4107\",\"version\":\"0\",\"level\":\"2\",\"task\":\"0\",\"opcode\":\"0\",\"keywords\":\"0x8080000000000000\",\"systemTime\":\"2026-04-02T07:35:29.8099243Z\",\"eventRecordID\":\"1955\",\"processID\":\"1364\",\"threadID\":\"10128\",\"channel\":\"Application\",\"computer\":\"WS10\",\"severityValue\":\"ERROR\",\"message\":\"\\\"Impossibile estrarre l'elenco radice di terze parti dal file CAB di aggiornamento automatico in <http://ctldl.windowsupdate.com/msdownload/update/v3/static/trustedr/en/authrootstl.cab> a causa dell'errore seguente: Dati non validi.\\r\\n.\\\"\"},\"eventdata\":{\"data\":\"http://ctldl.windowsupdate.com/msdownload/update/v3/static/trustedr/en/authrootstl.cab, Dati non validi.\"}}}\n{\"win\":{\"system\":{\"providerName\":\"Microsoft-Windows-CAPI2\",\"providerGuid\":\"{5bbca4a8-b209-48dc-a8c7-b23d3e5216fb}\",\"eventSourceName\":\"Microsoft-Windows-CAPI2\",\"eventID\":\"4107\",\"version\":\"0\",\"level\":\"2\",\"task\":\"0\",\"opcode\":\"0\",\"keywords\":\"0x8080000000000000\",\"systemTime\":\"2026-04-02T07:35:29.8099243Z\",\"eventRecordID\":\"1954\",\"processID\":\"1364\",\"threadID\":\"10128\",\"channel\":\"Application\",\"computer\":\"WS10\",\"severityValue\":\"ERROR\",\"message\":\"\\\"Impossibile estrarre l'elenco radice di terze parti dal file CAB di aggiornamento automatico in <http://ctldl.windowsupdate.com/msdownload/update/v3/static/trustedr/en/authrootstl.cab> a causa dell'errore seguente: Dati non validi.\\r\\n.\\\"\"},\"eventdata\":{\"data\":\"http://ctldl.windowsupdate.com/msdownload/update/v3/static/trustedr/en/authrootstl.cab, Dati non validi.\"}}}",
    "decoder": {
      "name": "windows_eventchannel"
    },
    "data": {
      "win": {
        "system": {
          "providerName": "Microsoft-Windows-CAPI2",
          "providerGuid": "{5bbca4a8-b209-48dc-a8c7-b23d3e5216fb}",
          "eventSourceName": "Microsoft-Windows-CAPI2",
          "eventID": "4107",
          "version": "0",
          "level": "2",
          "task": "0",
          "opcode": "0",
          "keywords": "0x8080000000000000",
          "systemTime": "2026-04-02T07:35:46.1808708Z",
          "eventRecordID": "1961",
          "processID": "1364",
          "threadID": "1436",
          "channel": "Application",
          "computer": "WS10",
          "severityValue": "ERROR",
          "message": "\"Impossibile estrarre l'elenco radice di terze parti dal file CAB di aggiornamento automatico in <http://ctldl.windowsupdate.com/msdownload/update/v3/static/trustedr/en/authrootstl.cab> a causa dell'errore seguente: Dati non validi.\r\n.\""
        },
        "eventdata": {
          "data": "http://ctldl.windowsupdate.com/msdownload/update/v3/static/trustedr/en/authrootstl.cab, Dati non validi."
        }
      }
    },
    "location": "EventChannel",
    "_inferred_source_ip": "192.168.30.24",
    "_capture_session": "apt-sim-20260402-092855_20260402_092855",
    "_captured_at_utc": "2026-04-02T07:35:47Z"
  },
  {
    "timestamp": "2026-04-02T07:35:54.352+0000",
    "rule": {
      "level": 9,
      "description": "Windows application error event.",
      "id": "60602",
      "firedtimes": 22,
      "mail": false,
      "groups": [
        "windows",
        "windows_application",
        "system_error"
      ],
      "gdpr": [
        "IV_35.7.d"
      ],
      "gpg13": [
        "4.3"
      ]
    },
    "agent": {
      "id": "005",
      "name": "WS10",
      "ip": "192.168.30.24"
    },
    "manager": {
      "name": "wazuh-server"
    },
    "id": "1775115354.790327",
    "decoder": {
      "name": "windows_eventchannel"
    },
    "data": {
      "win": {
        "system": {
          "providerName": "Microsoft-Windows-CAPI2",
          "providerGuid": "{5bbca4a8-b209-48dc-a8c7-b23d3e5216fb}",
          "eventSourceName": "Microsoft-Windows-CAPI2",
          "eventID": "4107",
          "version": "0",
          "level": "2",
          "task": "0",
          "opcode": "0",
          "keywords": "0x8080000000000000",
          "systemTime": "2026-04-02T07:35:53.3275607Z",
          "eventRecordID": "1962",
          "processID": "1364",
          "threadID": "1436",
          "channel": "Application",
          "computer": "WS10",
          "severityValue": "ERROR",
          "message": "\"Impossibile estrarre l'elenco radice di terze parti dal file CAB di aggiornamento automatico in <http://ctldl.windowsupdate.com/msdownload/update/v3/static/trustedr/en/authrootstl.cab> a causa dell'errore seguente: Dati non validi.\r\n.\""
        },
        "eventdata": {
          "data": "http://ctldl.windowsupdate.com/msdownload/update/v3/static/trustedr/en/authrootstl.cab, Dati non validi."
        }
      }
    },
    "location": "EventChannel",
    "_inferred_source_ip": "192.168.30.24",
    "_capture_session": "apt-sim-20260402-092855_20260402_092855",
    "_captured_at_utc": "2026-04-02T07:35:54Z"
  },
  {
    "timestamp": "2026-04-02T07:35:54.353+0000",
    "rule": {
      "level": 9,
      "description": "Windows application error event.",
      "id": "60602",
      "firedtimes": 23,
      "mail": false,
      "groups": [
        "windows",
        "windows_application",
        "system_error"
      ],
      "gdpr": [
        "IV_35.7.d"
      ],
      "gpg13": [
        "4.3"
      ]
    },
    "agent": {
      "id": "005",
      "name": "WS10",
      "ip": "192.168.30.24"
    },
    "manager": {
      "name": "wazuh-server"
    },
    "id": "1775115354.792263",
    "decoder": {
      "name": "windows_eventchannel"
    },
    "data": {
      "win": {
        "system": {
          "providerName": "Microsoft-Windows-CAPI2",
          "providerGuid": "{5bbca4a8-b209-48dc-a8c7-b23d3e5216fb}",
          "eventSourceName": "Microsoft-Windows-CAPI2",
          "eventID": "4107",
          "version": "0",
          "level": "2",
          "task": "0",
          "opcode": "0",
          "keywords": "0x8080000000000000",
          "systemTime": "2026-04-02T07:35:53.3433935Z",
          "eventRecordID": "1963",
          "processID": "1364",
          "threadID": "1436",
          "channel": "Application",
          "computer": "WS10",
          "severityValue": "ERROR",
          "message": "\"Impossibile estrarre l'elenco radice di terze parti dal file CAB di aggiornamento automatico in <http://ctldl.windowsupdate.com/msdownload/update/v3/static/trustedr/en/authrootstl.cab> a causa dell'errore seguente: Dati non validi.\r\n.\""
        },
        "eventdata": {
          "data": "http://ctldl.windowsupdate.com/msdownload/update/v3/static/trustedr/en/authrootstl.cab, Dati non validi."
        }
      }
    },
    "location": "EventChannel",
    "_inferred_source_ip": "192.168.30.24",
    "_capture_session": "apt-sim-20260402-092855_20260402_092855",
    "_captured_at_utc": "2026-04-02T07:35:54Z"
  },
  {
    "timestamp": "2026-04-02T07:35:54.382+0000",
    "rule": {
      "level": 9,
      "description": "Windows application error event.",
      "id": "60602",
      "firedtimes": 24,
      "mail": false,
      "groups": [
        "windows",
        "windows_application",
        "system_error"
      ],
      "gdpr": [
        "IV_35.7.d"
      ],
      "gpg13": [
        "4.3"
      ]
    },
    "agent": {
      "id": "005",
      "name": "WS10",
      "ip": "192.168.30.24"
    },
    "manager": {
      "name": "wazuh-server"
    },
    "id": "1775115354.794199",
    "decoder": {
      "name": "windows_eventchannel"
    },
    "data": {
      "win": {
        "system": {
          "providerName": "Microsoft-Windows-CAPI2",
          "providerGuid": "{5bbca4a8-b209-48dc-a8c7-b23d3e5216fb}",
          "eventSourceName": "Microsoft-Windows-CAPI2",
          "eventID": "4107",
          "version": "0",
          "level": "2",
          "task": "0",
          "opcode": "0",
          "keywords": "0x8080000000000000",
          "systemTime": "2026-04-02T07:35:53.3433935Z",
          "eventRecordID": "1964",
          "processID": "1364",
          "threadID": "1436",
          "channel": "Application",
          "computer": "WS10",
          "severityValue": "ERROR",
          "message": "\"Impossibile estrarre l'elenco radice di terze parti dal file CAB di aggiornamento automatico in <http://ctldl.windowsupdate.com/msdownload/update/v3/static/trustedr/en/authrootstl.cab> a causa dell'errore seguente: Dati non validi.\r\n.\""
        },
        "eventdata": {
          "data": "http://ctldl.windowsupdate.com/msdownload/update/v3/static/trustedr/en/authrootstl.cab, Dati non validi."
        }
      }
    },
    "location": "EventChannel",
    "_inferred_source_ip": "192.168.30.24",
    "_capture_session": "apt-sim-20260402-092855_20260402_092855",
    "_captured_at_utc": "2026-04-02T07:35:54Z"
  },
  {
    "timestamp": "2026-04-02T07:36:01.413+0000",
    "rule": {
      "level": 9,
      "description": "Windows application error event.",
      "id": "60602",
      "firedtimes": 25,
      "mail": false,
      "groups": [
        "windows",
        "windows_application",
        "system_error"
      ],
      "gdpr": [
        "IV_35.7.d"
      ],
      "gpg13": [
        "4.3"
      ]
    },
    "agent": {
      "id": "005",
      "name": "WS10",
      "ip": "192.168.30.24"
    },
    "manager": {
      "name": "wazuh-server"
    },
    "id": "1775115361.796135",
    "decoder": {
      "name": "windows_eventchannel"
    },
    "data": {
      "win": {
        "system": {
          "providerName": "Microsoft-Windows-CAPI2",
          "providerGuid": "{5bbca4a8-b209-48dc-a8c7-b23d3e5216fb}",
          "eventSourceName": "Microsoft-Windows-CAPI2",
          "eventID": "4107",
          "version": "0",
          "level": "2",
          "task": "0",
          "opcode": "0",
          "keywords": "0x8080000000000000",
          "systemTime": "2026-04-02T07:36:00.3901759Z",
          "eventRecordID": "1965",
          "processID": "1364",
          "threadID": "1636",
          "channel": "Application",
          "computer": "WS10",
          "severityValue": "ERROR",
          "message": "\"Impossibile estrarre l'elenco radice di terze parti dal file CAB di aggiornamento automatico in <http://ctldl.windowsupdate.com/msdownload/update/v3/static/trustedr/en/authrootstl.cab> a causa dell'errore seguente: Dati non validi.\r\n.\""
        },
        "eventdata": {
          "data": "http://ctldl.windowsupdate.com/msdownload/update/v3/static/trustedr/en/authrootstl.cab, Dati non validi."
        }
      }
    },
    "location": "EventChannel",
    "_inferred_source_ip": "192.168.30.24",
    "_capture_session": "apt-sim-20260402-092855_20260402_092855",
    "_captured_at_utc": "2026-04-02T07:36:01Z"
  },
  {
    "timestamp": "2026-04-02T07:36:01.413+0000",
    "rule": {
      "level": 9,
      "description": "Windows application error event.",
      "id": "60602",
      "firedtimes": 26,
      "mail": false,
      "groups": [
        "windows",
        "windows_application",
        "system_error"
      ],
      "gdpr": [
        "IV_35.7.d"
      ],
      "gpg13": [
        "4.3"
      ]
    },
    "agent": {
      "id": "005",
      "name": "WS10",
      "ip": "192.168.30.24"
    },
    "manager": {
      "name": "wazuh-server"
    },
    "id": "1775115361.798071",
    "decoder": {
      "name": "windows_eventchannel"
    },
    "data": {
      "win": {
        "system": {
          "providerName": "Microsoft-Windows-CAPI2",
          "providerGuid": "{5bbca4a8-b209-48dc-a8c7-b23d3e5216fb}",
          "eventSourceName": "Microsoft-Windows-CAPI2",
          "eventID": "4107",
          "version": "0",
          "level": "2",
          "task": "0",
          "opcode": "0",
          "keywords": "0x8080000000000000",
          "systemTime": "2026-04-02T07:36:00.4057706Z",
          "eventRecordID": "1966",
          "processID": "1364",
          "threadID": "1636",
          "channel": "Application",
          "computer": "WS10",
          "severityValue": "ERROR",
          "message": "\"Impossibile estrarre l'elenco radice di terze parti dal file CAB di aggiornamento automatico in <http://ctldl.windowsupdate.com/msdownload/update/v3/static/trustedr/en/authrootstl.cab> a causa dell'errore seguente: Dati non validi.\r\n.\""
        },
        "eventdata": {
          "data": "http://ctldl.windowsupdate.com/msdownload/update/v3/static/trustedr/en/authrootstl.cab, Dati non validi."
        }
      }
    },
    "location": "EventChannel",
    "_inferred_source_ip": "192.168.30.24",
    "_capture_session": "apt-sim-20260402-092855_20260402_092855",
    "_captured_at_utc": "2026-04-02T07:36:01Z"
  },
  {
    "timestamp": "2026-04-02T07:36:01.428+0000",
    "rule": {
      "level": 9,
      "description": "Windows application error event.",
      "id": "60602",
      "firedtimes": 27,
      "mail": false,
      "groups": [
        "windows",
        "windows_application",
        "system_error"
      ],
      "gdpr": [
        "IV_35.7.d"
      ],
      "gpg13": [
        "4.3"
      ]
    },
    "agent": {
      "id": "005",
      "name": "WS10",
      "ip": "192.168.30.24"
    },
    "manager": {
      "name": "wazuh-server"
    },
    "id": "1775115361.800007",
    "decoder": {
      "name": "windows_eventchannel"
    },
    "data": {
      "win": {
        "system": {
          "providerName": "Microsoft-Windows-CAPI2",
          "providerGuid": "{5bbca4a8-b209-48dc-a8c7-b23d3e5216fb}",
          "eventSourceName": "Microsoft-Windows-CAPI2",
          "eventID": "4107",
          "version": "0",
          "level": "2",
          "task": "0",
          "opcode": "0",
          "keywords": "0x8080000000000000",
          "systemTime": "2026-04-02T07:36:00.4057706Z",
          "eventRecordID": "1967",
          "processID": "1364",
          "threadID": "1636",
          "channel": "Application",
          "computer": "WS10",
          "severityValue": "ERROR",
          "message": "\"Impossibile estrarre l'elenco radice di terze parti dal file CAB di aggiornamento automatico in <http://ctldl.windowsupdate.com/msdownload/update/v3/static/trustedr/en/authrootstl.cab> a causa dell'errore seguente: Dati non validi.\r\n.\""
        },
        "eventdata": {
          "data": "http://ctldl.windowsupdate.com/msdownload/update/v3/static/trustedr/en/authrootstl.cab, Dati non validi."
        }
      }
    },
    "location": "EventChannel",
    "_inferred_source_ip": "192.168.30.24",
    "_capture_session": "apt-sim-20260402-092855_20260402_092855",
    "_captured_at_utc": "2026-04-02T07:36:01Z"
  },
  {
    "timestamp": "2026-04-02T07:36:08.828+0000",
    "rule": {
      "level": 9,
      "description": "Windows application error event.",
      "id": "60602",
      "firedtimes": 28,
      "mail": false,
      "groups": [
        "windows",
        "windows_application",
        "system_error"
      ],
      "gdpr": [
        "IV_35.7.d"
      ],
      "gpg13": [
        "4.3"
      ]
    },
    "agent": {
      "id": "005",
      "name": "WS10",
      "ip": "192.168.30.24"
    },
    "manager": {
      "name": "wazuh-server"
    },
    "id": "1775115368.801943",
    "decoder": {
      "name": "windows_eventchannel"
    },
    "data": {
      "win": {
        "system": {
          "providerName": "Microsoft-Windows-CAPI2",
          "providerGuid": "{5bbca4a8-b209-48dc-a8c7-b23d3e5216fb}",
          "eventSourceName": "Microsoft-Windows-CAPI2",
          "eventID": "4107",
          "version": "0",
          "level": "2",
          "task": "0",
          "opcode": "0",
          "keywords": "0x8080000000000000",
          "systemTime": "2026-04-02T07:36:07.7830567Z",
          "eventRecordID": "1968",
          "processID": "1364",
          "threadID": "1636",
          "channel": "Application",
          "computer": "WS10",
          "severityValue": "ERROR",
          "message": "\"Impossibile estrarre l'elenco radice di terze parti dal file CAB di aggiornamento automatico in <http://ctldl.windowsupdate.com/msdownload/update/v3/static/trustedr/en/authrootstl.cab> a causa dell'errore seguente: Dati non validi.\r\n.\""
        },
        "eventdata": {
          "data": "http://ctldl.windowsupdate.com/msdownload/update/v3/static/trustedr/en/authrootstl.cab, Dati non validi."
        }
      }
    },
    "location": "EventChannel",
    "_inferred_source_ip": "192.168.30.24",
    "_capture_session": "apt-sim-20260402-092855_20260402_092855",
    "_captured_at_utc": "2026-04-02T07:36:08Z"
  },
  {
    "timestamp": "2026-04-02T07:36:08.843+0000",
    "rule": {
      "level": 10,
      "description": "Multiple Windows error application events.",
      "id": "61061",
      "frequency": 8,
      "firedtimes": 4,
      "mail": false,
      "groups": [
        "windows",
        "windows_application"
      ]
    },
    "agent": {
      "id": "005",
      "name": "WS10",
      "ip": "192.168.30.24"
    },
    "manager": {
      "name": "wazuh-server"
    },
    "id": "1775115368.803879",
    "previous_output": "{\"win\":{\"system\":{\"providerName\":\"Microsoft-Windows-CAPI2\",\"providerGuid\":\"{5bbca4a8-b209-48dc-a8c7-b23d3e5216fb}\",\"eventSourceName\":\"Microsoft-Windows-CAPI2\",\"eventID\":\"4107\",\"version\":\"0\",\"level\":\"2\",\"task\":\"0\",\"opcode\":\"0\",\"keywords\":\"0x8080000000000000\",\"systemTime\":\"2026-04-02T07:36:07.7830567Z\",\"eventRecordID\":\"1968\",\"processID\":\"1364\",\"threadID\":\"1636\",\"channel\":\"Application\",\"computer\":\"WS10\",\"severityValue\":\"ERROR\",\"message\":\"\\\"Impossibile estrarre l'elenco radice di terze parti dal file CAB di aggiornamento automatico in <http://ctldl.windowsupdate.com/msdownload/update/v3/static/trustedr/en/authrootstl.cab> a causa dell'errore seguente: Dati non validi.\\r\\n.\\\"\"},\"eventdata\":{\"data\":\"http://ctldl.windowsupdate.com/msdownload/update/v3/static/trustedr/en/authrootstl.cab, Dati non validi.\"}}}\n{\"win\":{\"system\":{\"providerName\":\"Microsoft-Windows-CAPI2\",\"providerGuid\":\"{5bbca4a8-b209-48dc-a8c7-b23d3e5216fb}\",\"eventSourceName\":\"Microsoft-Windows-CAPI2\",\"eventID\":\"4107\",\"version\":\"0\",\"level\":\"2\",\"task\":\"0\",\"opcode\":\"0\",\"keywords\":\"0x8080000000000000\",\"systemTime\":\"2026-04-02T07:36:00.4057706Z\",\"eventRecordID\":\"1967\",\"processID\":\"1364\",\"threadID\":\"1636\",\"channel\":\"Application\",\"computer\":\"WS10\",\"severityValue\":\"ERROR\",\"message\":\"\\\"Impossibile estrarre l'elenco radice di terze parti dal file CAB di aggiornamento automatico in <http://ctldl.windowsupdate.com/msdownload/update/v3/static/trustedr/en/authrootstl.cab> a causa dell'errore seguente: Dati non validi.\\r\\n.\\\"\"},\"eventdata\":{\"data\":\"http://ctldl.windowsupdate.com/msdownload/update/v3/static/trustedr/en/authrootstl.cab, Dati non validi.\"}}}\n{\"win\":{\"system\":{\"providerName\":\"Microsoft-Windows-CAPI2\",\"providerGuid\":\"{5bbca4a8-b209-48dc-a8c7-b23d3e5216fb}\",\"eventSourceName\":\"Microsoft-Windows-CAPI2\",\"eventID\":\"4107\",\"version\":\"0\",\"level\":\"2\",\"task\":\"0\",\"opcode\":\"0\",\"keywords\":\"0x8080000000000000\",\"systemTime\":\"2026-04-02T07:36:00.4057706Z\",\"eventRecordID\":\"1966\",\"processID\":\"1364\",\"threadID\":\"1636\",\"channel\":\"Application\",\"computer\":\"WS10\",\"severityValue\":\"ERROR\",\"message\":\"\\\"Impossibile estrarre l'elenco radice di terze parti dal file CAB di aggiornamento automatico in <http://ctldl.windowsupdate.com/msdownload/update/v3/static/trustedr/en/authrootstl.cab> a causa dell'errore seguente: Dati non validi.\\r\\n.\\\"\"},\"eventdata\":{\"data\":\"http://ctldl.windowsupdate.com/msdownload/update/v3/static/trustedr/en/authrootstl.cab, Dati non validi.\"}}}\n{\"win\":{\"system\":{\"providerName\":\"Microsoft-Windows-CAPI2\",\"providerGuid\":\"{5bbca4a8-b209-48dc-a8c7-b23d3e5216fb}\",\"eventSourceName\":\"Microsoft-Windows-CAPI2\",\"eventID\":\"4107\",\"version\":\"0\",\"level\":\"2\",\"task\":\"0\",\"opcode\":\"0\",\"keywords\":\"0x8080000000000000\",\"systemTime\":\"2026-04-02T07:36:00.3901759Z\",\"eventRecordID\":\"1965\",\"processID\":\"1364\",\"threadID\":\"1636\",\"channel\":\"Application\",\"computer\":\"WS10\",\"severityValue\":\"ERROR\",\"message\":\"\\\"Impossibile estrarre l'elenco radice di terze parti dal file CAB di aggiornamento automatico in <http://ctldl.windowsupdate.com/msdownload/update/v3/static/trustedr/en/authrootstl.cab> a causa dell'errore seguente: Dati non validi.\\r\\n.\\\"\"},\"eventdata\":{\"data\":\"http://ctldl.windowsupdate.com/msdownload/update/v3/static/trustedr/en/authrootstl.cab, Dati non validi.\"}}}\n{\"win\":{\"system\":{\"providerName\":\"Microsoft-Windows-CAPI2\",\"providerGuid\":\"{5bbca4a8-b209-48dc-a8c7-b23d3e5216fb}\",\"eventSourceName\":\"Microsoft-Windows-CAPI2\",\"eventID\":\"4107\",\"version\":\"0\",\"level\":\"2\",\"task\":\"0\",\"opcode\":\"0\",\"keywords\":\"0x8080000000000000\",\"systemTime\":\"2026-04-02T07:35:53.3433935Z\",\"eventRecordID\":\"1964\",\"processID\":\"1364\",\"threadID\":\"1436\",\"channel\":\"Application\",\"computer\":\"WS10\",\"severityValue\":\"ERROR\",\"message\":\"\\\"Impossibile estrarre l'elenco radice di terze parti dal file CAB di aggiornamento automatico in <http://ctldl.windowsupdate.com/msdownload/update/v3/static/trustedr/en/authrootstl.cab> a causa dell'errore seguente: Dati non validi.\\r\\n.\\\"\"},\"eventdata\":{\"data\":\"http://ctldl.windowsupdate.com/msdownload/update/v3/static/trustedr/en/authrootstl.cab, Dati non validi.\"}}}\n{\"win\":{\"system\":{\"providerName\":\"Microsoft-Windows-CAPI2\",\"providerGuid\":\"{5bbca4a8-b209-48dc-a8c7-b23d3e5216fb}\",\"eventSourceName\":\"Microsoft-Windows-CAPI2\",\"eventID\":\"4107\",\"version\":\"0\",\"level\":\"2\",\"task\":\"0\",\"opcode\":\"0\",\"keywords\":\"0x8080000000000000\",\"systemTime\":\"2026-04-02T07:35:53.3433935Z\",\"eventRecordID\":\"1963\",\"processID\":\"1364\",\"threadID\":\"1436\",\"channel\":\"Application\",\"computer\":\"WS10\",\"severityValue\":\"ERROR\",\"message\":\"\\\"Impossibile estrarre l'elenco radice di terze parti dal file CAB di aggiornamento automatico in <http://ctldl.windowsupdate.com/msdownload/update/v3/static/trustedr/en/authrootstl.cab> a causa dell'errore seguente: Dati non validi.\\r\\n.\\\"\"},\"eventdata\":{\"data\":\"http://ctldl.windowsupdate.com/msdownload/update/v3/static/trustedr/en/authrootstl.cab, Dati non validi.\"}}}\n{\"win\":{\"system\":{\"providerName\":\"Microsoft-Windows-CAPI2\",\"providerGuid\":\"{5bbca4a8-b209-48dc-a8c7-b23d3e5216fb}\",\"eventSourceName\":\"Microsoft-Windows-CAPI2\",\"eventID\":\"4107\",\"version\":\"0\",\"level\":\"2\",\"task\":\"0\",\"opcode\":\"0\",\"keywords\":\"0x8080000000000000\",\"systemTime\":\"2026-04-02T07:35:53.3275607Z\",\