[
  "{\"timestamp\":\"2026-04-02T11:03:48.933+0000\",\"rule\":{\"level\":3,\"description\":\"PAM: Login session opened.\",\"id\":\"5501\",\"mitre\":{\"id\":[\"T1078\"],\"tactic\":[\"Defense Evasion\",\"Persistence\",\"Privilege Escalation\",\"Initial Access\"],\"technique\":[\"Valid Accounts\"]},\"firedtimes\":2,\"mail\":false,\"groups\":[\"pam\",\"syslog\",\"authentication_success\"],\"pci_dss\":[\"10.2.5\"],\"gpg13\":[\"7.8\",\"7.9\"],\"gdpr\":[\"IV_32.2\"],\"hipaa\":[\"164.312.b\"],\"nist_800_53\":[\"AU.14\",\"AC.7\"],\"tsc\":[\"CC6.8\",\"CC7.2\",\"CC7.3\"]},\"agent\":{\"id\":\"000\",\"name\":\"wazuh-server\"},\"manager\":{\"name\":\"wazuh-server\"},\"id\":\"1775127828.1479245\",\"full_log\":\"Apr 02 11:03:48 wazuh-server sshd[43699]: pam_unix(sshd:session): session opened for user root(uid=0) by (uid=0)\",\"predecoder\":{\"program_name\":\"sshd\",\"timestamp\":\"Apr 02 11:03:48\",\"hostname\":\"wazuh-server\"},\"decoder\":{\"parent\":\"pam\",\"name\":\"pam\"},\"data\":{\"dstuser\":\"root\",\"uid\":\"0\"},\"location\":\"journald\"}",
  "{\"timestamp\":\"2026-04-02T11:03:48.933+0000\",\"rule\":{\"level\":3,\"description\":\"PAM: Login session opened.\",\"id\":\"5501\",\"mitre\":{\"id\":[\"T1078\"],\"tactic\":[\"Defense Evasion\",\"Persistence\",\"Privilege Escalation\",\"Initial Access\"],\"technique\":[\"Valid Accounts\"]},\"firedtimes\":3,\"mail\":false,\"groups\":[\"pam\",\"syslog\",\"authentication_success\"],\"pci_dss\":[\"10.2.5\"],\"gpg13\":[\"7.8\",\"7.9\"],\"gdpr\":[\"IV_32.2\"],\"hipaa\":[\"164.312.b\"],\"nist_800_53\":[\"AU.14\",\"AC.7\"],\"tsc\":[\"CC6.8\",\"CC7.2\",\"CC7.3\"]},\"agent\":{\"id\":\"000\",\"name\":\"wazuh-server\"},\"manager\":{\"name\":\"wazuh-server\"},\"id\":\"1775127828.1479669\",\"full_log\":\"Apr 02 11:03:48 wazuh-server sudo[43704]: pam_unix(sudo:session): session opened for user root(uid=0) by root(uid=0)\",\"predecoder\":{\"program_name\":\"sudo\",\"timestamp\":\"Apr 02 11:03:48\",\"hostname\":\"wazuh-server\"},\"decoder\":{\"parent\":\"pam\",\"name\":\"pam\"},\"data\":{\"srcuser\":\"root\",\"dstuser\":\"root\",\"uid\":\"0\"},\"location\":\"journald\"}",
  "{\"timestamp\":\"2026-04-02T11:03:48.933+0000\",\"rule\":{\"level\":3,\"description\":\"Successful sudo to ROOT executed.\",\"id\":\"5402\",\"mitre\":{\"id\":[\"T1548.003\"],\"tactic\":[\"Privilege Escalation\",\"Defense Evasion\"],\"technique\":[\"Sudo and Sudo Caching\"]},\"firedtimes\":1,\"mail\":false,\"groups\":[\"syslog\",\"sudo\"],\"pci_dss\":[\"10.2.5\",\"10.2.2\"],\"gpg13\":[\"7.6\",\"7.8\",\"7.13\"],\"gdpr\":[\"IV_32.2\"],\"hipaa\":[\"164.312.b\"],\"nist_800_53\":[\"AU.14\",\"AC.7\",\"AC.6\"],\"tsc\":[\"CC6.8\",\"CC7.2\",\"CC7.3\"]},\"agent\":{\"id\":\"000\",\"name\":\"wazuh-server\"},\"manager\":{\"name\":\"wazuh-server\"},\"id\":\"1775127828.1480097\",\"full_log\":\"Apr 02 11:03:48 wazuh-server sudo[43704]:     root : TTY=pts/0 ; PWD=/root ; USER=root ; COMMAND=/usr/bin/tail -n 0 -F /var/ossec/logs/alerts/alerts.json\",\"predecoder\":{\"program_name\":\"sudo\",\"timestamp\":\"Apr 02 11:03:48\",\"hostname\":\"wazuh-server\"},\"decoder\":{\"parent\":\"sudo\",\"name\":\"sudo\",\"ftscomment\":\"First time user executed the sudo command\"},\"data\":{\"srcuser\":\"root\",\"dstuser\":\"root\",\"tty\":\"pts/0\",\"pwd\":\"/root\"",
  "{\"timestamp\":\"2026-04-02T11:03:48.933+0000\",\"rule\":{\"level\":3,\"description\":\"sshd: authentication success.\",\"id\":\"5715\",\"mitre\":{\"id\":[\"T1078\",\"T1021\"],\"tactic\":[\"Defense Evasion\",\"Persistence\",\"Privilege Escalation\",\"Initial Access\",\"Lateral Movement\"],\"technique\":[\"Valid Accounts\",\"Remote Services\"]},\"firedtimes\":2,\"mail\":false,\"groups\":[\"syslog\",\"sshd\",\"authentication_success\"],\"gdpr\":[\"IV_32.2\"],\"gpg13\":[\"7.1\",\"7.2\"],\"hipaa\":[\"164.312.b\"],\"nist_800_53\":[\"AU.14\",\"AC.7\"],\"pci_dss\":[\"10.2.5\"],\"tsc\":[\"CC6.8\",\"CC7.2\",\"CC7.3\"]},\"agent\":{\"id\":\"000\",\"name\":\"wazuh-server\"},\"manager\":{\"name\":\"wazuh-server\"},\"id\":\"1775127828.1480671\",\"full_log\":\"Apr 02 11:03:48 wazuh-server sshd[43699]: Accepted password for root from 192.168.30.14 port 12697 ssh2\",\"predecoder\":{\"program_name\":\"sshd\",\"timestamp\":\"Apr 02 11:03:48\",\"hostname\":\"wazuh-server\"},\"decoder\":{\"parent\":\"sshd\",\"name\":\"sshd\"},\"data\":{\"srcip\":\"192.168.30.14\",\"srcport\":\"12697\",\"dstuser\":\"root\"},\"location\":\"journald\"}",
  "{\"timestamp\":\"2026-04-02T11:09:27.951+0000\",\"rule\":{\"level\":6,\"description\":\"Executable dropped in Windows root folder\",\"id\":\"92217\",\"mitre\":{\"id\":[\"T1570\"],\"tactic\":[\"Lateral Movement\"],\"technique\":[\"Lateral Tool Transfer\"]},\"firedtimes\":1,\"mail\":false,\"groups\":[\"sysmon\",\"sysmon_eid11_detections\",\"windows\"]},\"agent\":{\"id\":\"005\",\"name\":\"WS10\",\"ip\":\"192.168.30.24\"},\"manager\":{\"name\":\"wazuh-server\"},\"id\":\"1775128167.1481121\",\"decoder\":{\"name\":\"windows_eventchannel\"},\"data\":{\"win\":{\"system\":{\"providerName\":\"Microsoft-Windows-Sysmon\",\"providerGuid\":\"{5770385f-c22a-43e0-bf4c-06f5698ffbd9}\",\"eventID\":\"11\",\"version\":\"2\",\"level\":\"4\",\"task\":\"11\",\"opcode\":\"0\",\"keywords\":\"0x8000000000000000\",\"systemTime\":\"2026-04-02T09:09:23.0769300Z\",\"eventRecordID\":\"502646\",\"processID\":\"7940\",\"threadID\":\"8064\",\"channel\":\"Microsoft-Windows-Sysmon/Operational\",\"computer\":\"WS10\",\"severityValue\":\"INFORMATION\",\"message\":\"\\\"File created:\\r\\nRuleName: DLL\\r\\nUtcTime: 2026-04-02 09:09:23.060\\r\\nProcessGuid: {d9a99926-3",
  "{\"timestamp\":\"2026-04-02T11:09:27.967+0000\",\"rule\":{\"level\":6,\"description\":\"Executable dropped in Windows root folder\",\"id\":\"92217\",\"mitre\":{\"id\":[\"T1570\"],\"tactic\":[\"Lateral Movement\"],\"technique\":[\"Lateral Tool Transfer\"]},\"firedtimes\":2,\"mail\":false,\"groups\":[\"sysmon\",\"sysmon_eid11_detections\",\"windows\"]},\"agent\":{\"id\":\"005\",\"name\":\"WS10\",\"ip\":\"192.168.30.24\"},\"manager\":{\"name\":\"wazuh-server\"},\"id\":\"1775128167.1483921\",\"decoder\":{\"name\":\"windows_eventchannel\"},\"data\":{\"win\":{\"system\":{\"providerName\":\"Microsoft-Windows-Sysmon\",\"providerGuid\":\"{5770385f-c22a-43e0-bf4c-06f5698ffbd9}\",\"eventID\":\"11\",\"version\":\"2\",\"level\":\"4\",\"task\":\"11\",\"opcode\":\"0\",\"keywords\":\"0x8000000000000000\",\"systemTime\":\"2026-04-02T09:09:23.1335726Z\",\"eventRecordID\":\"502647\",\"processID\":\"7940\",\"threadID\":\"8064\",\"channel\":\"Microsoft-Windows-Sysmon/Operational\",\"computer\":\"WS10\",\"severityValue\":\"INFORMATION\",\"message\":\"\\\"File created:\\r\\nRuleName: DLL\\r\\nUtcTime: 2026-04-02 09:09:23.091\\r\\nProcessGuid: {d9a99926-3",
  "{\"timestamp\":\"2026-04-02T11:09:27.983+0000\",\"rule\":{\"level\":6,\"description\":\"Executable dropped in Windows root folder\",\"id\":\"92217\",\"mitre\":{\"id\":[\"T1570\"],\"tactic\":[\"Lateral Movement\"],\"technique\":[\"Lateral Tool Transfer\"]},\"firedtimes\":3,\"mail\":false,\"groups\":[\"sysmon\",\"sysmon_eid11_detections\",\"windows\"]},\"agent\":{\"id\":\"005\",\"name\":\"WS10\",\"ip\":\"192.168.30.24\"},\"manager\":{\"name\":\"wazuh-server\"},\"id\":\"1775128167.1486689\",\"decoder\":{\"name\":\"windows_eventchannel\"},\"data\":{\"win\":{\"system\":{\"providerName\":\"Microsoft-Windows-Sysmon\",\"providerGuid\":\"{5770385f-c22a-43e0-bf4c-06f5698ffbd9}\",\"eventID\":\"11\",\"version\":\"2\",\"level\":\"4\",\"task\":\"11\",\"opcode\":\"0\",\"keywords\":\"0x8000000000000000\",\"systemTime\":\"2026-04-02T09:09:23.1494832Z\",\"eventRecordID\":\"502648\",\"processID\":\"7940\",\"threadID\":\"8064\",\"channel\":\"Microsoft-Windows-Sysmon/Operational\",\"computer\":\"WS10\",\"severityValue\":\"INFORMATION\",\"message\":\"\\\"File created:\\r\\nRuleName: DLL\\r\\nUtcTime: 2026-04-02 09:09:23.091\\r\\nProcessGuid: {d9a99926-3",
  "{\"timestamp\":\"2026-04-02T11:09:27.999+0000\",\"rule\":{\"level\":6,\"description\":\"Executable dropped in Windows root folder\",\"id\":\"92217\",\"mitre\":{\"id\":[\"T1570\"],\"tactic\":[\"Lateral Movement\"],\"technique\":[\"Lateral Tool Transfer\"]},\"firedtimes\":4,\"mail\":false,\"groups\":[\"sysmon\",\"sysmon_eid11_detections\",\"windows\"]},\"agent\":{\"id\":\"005\",\"name\":\"WS10\",\"ip\":\"192.168.30.24\"},\"manager\":{\"name\":\"wazuh-server\"},\"id\":\"1775128167.1489485\",\"decoder\":{\"name\":\"windows_eventchannel\"},\"data\":{\"win\":{\"system\":{\"providerName\":\"Microsoft-Windows-Sysmon\",\"providerGuid\":\"{5770385f-c22a-43e0-bf4c-06f5698ffbd9}\",\"eventID\":\"11\",\"version\":\"2\",\"level\":\"4\",\"task\":\"11\",\"opcode\":\"0\",\"keywords\":\"0x8000000000000000\",\"systemTime\":\"2026-04-02T09:09:23.1495862Z\",\"eventRecordID\":\"502649\",\"processID\":\"7940\",\"threadID\":\"8064\",\"channel\":\"Microsoft-Windows-Sysmon/Operational\",\"computer\":\"WS10\",\"severityValue\":\"INFORMATION\",\"message\":\"\\\"File created:\\r\\nRuleName: DLL\\r\\nUtcTime: 2026-04-02 09:09:23.107\\r\\nProcessGuid: {d9a99926-3",
  "{\"timestamp\":\"2026-04-02T11:09:28.014+0000\",\"rule\":{\"level\":6,\"description\":\"Executable dropped in Windows root folder\",\"id\":\"92217\",\"mitre\":{\"id\":[\"T1570\"],\"tactic\":[\"Lateral Movement\"],\"technique\":[\"Lateral Tool Transfer\"]},\"firedtimes\":5,\"mail\":false,\"groups\":[\"sysmon\",\"sysmon_eid11_detections\",\"windows\"]},\"agent\":{\"id\":\"005\",\"name\":\"WS10\",\"ip\":\"192.168.30.24\"},\"manager\":{\"name\":\"wazuh-server\"},\"id\":\"1775128168.1492293\",\"decoder\":{\"name\":\"windows_eventchannel\"},\"data\":{\"win\":{\"system\":{\"providerName\":\"Microsoft-Windows-Sysmon\",\"providerGuid\":\"{5770385f-c22a-43e0-bf4c-06f5698ffbd9}\",\"eventID\":\"11\",\"version\":\"2\",\"level\":\"4\",\"task\":\"11\",\"opcode\":\"0\",\"keywords\":\"0x8000000000000000\",\"systemTime\":\"2026-04-02T09:09:23.1496270Z\",\"eventRecordID\":\"502650\",\"processID\":\"7940\",\"threadID\":\"8064\",\"channel\":\"Microsoft-Windows-Sysmon/Operational\",\"computer\":\"WS10\",\"severityValue\":\"INFORMATION\",\"message\":\"\\\"File created:\\r\\nRuleName: DLL\\r\\nUtcTime: 2026-04-02 09:09:23.107\\r\\nProcessGuid: {d9a99926-3",
  "{\"timestamp\":\"2026-04-02T11:09:28.030+0000\",\"rule\":{\"level\":6,\"description\":\"Executable dropped in Windows root folder\",\"id\":\"92217\",\"mitre\":{\"id\":[\"T1570\"],\"tactic\":[\"Lateral Movement\"],\"technique\":[\"Lateral Tool Transfer\"]},\"firedtimes\":6,\"mail\":false,\"groups\":[\"sysmon\",\"sysmon_eid11_detections\",\"windows\"]},\"agent\":{\"id\":\"005\",\"name\":\"WS10\",\"ip\":\"192.168.30.24\"},\"manager\":{\"name\":\"wazuh-server\"},\"id\":\"1775128168.1495061\",\"decoder\":{\"name\":\"windows_eventchannel\"},\"data\":{\"win\":{\"system\":{\"providerName\":\"Microsoft-Windows-Sysmon\",\"providerGuid\":\"{5770385f-c22a-43e0-bf4c-06f5698ffbd9}\",\"eventID\":\"11\",\"version\":\"2\",\"level\":\"4\",\"task\":\"11\",\"opcode\":\"0\",\"keywords\":\"0x8000000000000000\",\"systemTime\":\"2026-04-02T09:09:23.1496546Z\",\"eventRecordID\":\"502651\",\"processID\":\"7940\",\"threadID\":\"8064\",\"channel\":\"Microsoft-Windows-Sysmon/Operational\",\"computer\":\"WS10\",\"severityValue\":\"INFORMATION\",\"message\":\"\\\"File created:\\r\\nRuleName: DLL\\r\\nUtcTime: 2026-04-02 09:09:23.138\\r\\nProcessGuid: {d9a99926-3",
  "{\"timestamp\":\"2026-04-02T11:09:28.045+0000\",\"rule\":{\"level\":6,\"description\":\"Executable dropped in Windows root folder\",\"id\":\"92217\",\"mitre\":{\"id\":[\"T1570\"],\"tactic\":[\"Lateral Movement\"],\"technique\":[\"Lateral Tool Transfer\"]},\"firedtimes\":7,\"mail\":false,\"groups\":[\"sysmon\",\"sysmon_eid11_detections\",\"windows\"]},\"agent\":{\"id\":\"005\",\"name\":\"WS10\",\"ip\":\"192.168.30.24\"},\"manager\":{\"name\":\"wazuh-server\"},\"id\":\"1775128168.1497857\",\"decoder\":{\"name\":\"windows_eventchannel\"},\"data\":{\"win\":{\"system\":{\"providerName\":\"Microsoft-Windows-Sysmon\",\"providerGuid\":\"{5770385f-c22a-43e0-bf4c-06f5698ffbd9}\",\"eventID\":\"11\",\"version\":\"2\",\"level\":\"4\",\"task\":\"11\",\"opcode\":\"0\",\"keywords\":\"0x8000000000000000\",\"systemTime\":\"2026-04-02T09:09:23.1496816Z\",\"eventRecordID\":\"502652\",\"processID\":\"7940\",\"threadID\":\"8064\",\"channel\":\"Microsoft-Windows-Sysmon/Operational\",\"computer\":\"WS10\",\"severityValue\":\"INFORMATION\",\"message\":\"\\\"File created:\\r\\nRuleName: DLL\\r\\nUtcTime: 2026-04-02 09:09:23.138\\r\\nProcessGuid: {d9a99926-3",
  "{\"timestamp\":\"2026-04-02T11:09:28.071+0000\",\"rule\":{\"level\":6,\"description\":\"Executable dropped in Windows root folder\",\"id\":\"92217\",\"mitre\":{\"id\":[\"T1570\"],\"tactic\":[\"Lateral Movement\"],\"technique\":[\"Lateral Tool Transfer\"]},\"firedtimes\":8,\"mail\":false,\"groups\":[\"sysmon\",\"sysmon_eid11_detections\",\"windows\"]},\"agent\":{\"id\":\"005\",\"name\":\"WS10\",\"ip\":\"192.168.30.24\"},\"manager\":{\"name\":\"wazuh-server\"},\"id\":\"1775128168.1500669\",\"decoder\":{\"name\":\"windows_eventchannel\"},\"data\":{\"win\":{\"system\":{\"providerName\":\"Microsoft-Windows-Sysmon\",\"providerGuid\":\"{5770385f-c22a-43e0-bf4c-06f5698ffbd9}\",\"eventID\":\"11\",\"version\":\"2\",\"level\":\"4\",\"task\":\"11\",\"opcode\":\"0\",\"keywords\":\"0x8000000000000000\",\"systemTime\":\"2026-04-02T09:09:23.1612852Z\",\"eventRecordID\":\"502653\",\"processID\":\"7940\",\"threadID\":\"8064\",\"channel\":\"Microsoft-Windows-Sysmon/Operational\",\"computer\":\"WS10\",\"severityValue\":\"INFORMATION\",\"message\":\"\\\"File created:\\r\\nRuleName: DLL\\r\\nUtcTime: 2026-04-02 09:09:23.138\\r\\nProcessGuid: {d9a99926-3",
  "{\"timestamp\":\"2026-04-02T11:09:28.092+0000\",\"rule\":{\"level\":6,\"description\":\"Executable dropped in Windows root folder\",\"id\":\"92217\",\"mitre\":{\"id\":[\"T1570\"],\"tactic\":[\"Lateral Movement\"],\"technique\":[\"Lateral Tool Transfer\"]},\"firedtimes\":9,\"mail\":false,\"groups\":[\"sysmon\",\"sysmon_eid11_detections\",\"windows\"]},\"agent\":{\"id\":\"005\",\"name\":\"WS10\",\"ip\":\"192.168.30.24\"},\"manager\":{\"name\":\"wazuh-server\"},\"id\":\"1775128168.1503465\",\"decoder\":{\"name\":\"windows_eventchannel\"},\"data\":{\"win\":{\"system\":{\"providerName\":\"Microsoft-Windows-Sysmon\",\"providerGuid\":\"{5770385f-c22a-43e0-bf4c-06f5698ffbd9}\",\"eventID\":\"11\",\"version\":\"2\",\"level\":\"4\",\"task\":\"11\",\"opcode\":\"0\",\"keywords\":\"0x8000000000000000\",\"systemTime\":\"2026-04-02T09:09:23.1615017Z\",\"eventRecordID\":\"502654\",\"processID\":\"7940\",\"threadID\":\"8064\",\"channel\":\"Microsoft-Windows-Sysmon/Operational\",\"computer\":\"WS10\",\"severityValue\":\"INFORMATION\",\"message\":\"\\\"File created:\\r\\nRuleName: DLL\\r\\nUtcTime: 2026-04-02 09:09:23.153\\r\\nProcessGuid: {d9a99926-3"
]