[
  {
    "timestamp": "2026-04-02T08:38:23.997+0000",
    "rule": {
      "level": 10,
      "description": "Multiple Windows error application events.",
      "id": "61061",
      "frequency": 8,
      "firedtimes": 5,
      "mail": false,
      "groups": [
        "windows",
        "windows_application"
      ]
    },
    "agent": {
      "id": "005",
      "name": "WS10",
      "ip": "192.168.30.24"
    },
    "manager": {
      "name": "wazuh-server"
    },
    "id": "1775119103.1288181",
    "previous_output": "{\"win\":{\"system\":{\"providerName\":\"Microsoft-Windows-CAPI2\",\"providerGuid\":\"{5bbca4a8-b209-48dc-a8c7-b23d3e5216fb}\",\"eventSourceName\":\"Microsoft-Windows-CAPI2\",\"eventID\":\"4107\",\"version\":\"0\",\"level\":\"2\",\"task\":\"0\",\"opcode\":\"0\",\"keywords\":\"0x8080000000000000\",\"systemTime\":\"2026-04-02T08:38:16.4378150Z\",\"eventRecordID\":\"2043\",\"processID\":\"1364\",\"threadID\":\"1992\",\"channel\":\"Application\",\"computer\":\"WS10\",\"severityValue\":\"ERROR\",\"message\":\"\\\"Impossibile estrarre l'elenco radice di terze parti dal file CAB di aggiornamento automatico in <http://ctldl.windowsupdate.com/msdownload/update/v3/static/trustedr/en/authrootstl.cab> a causa dell'errore seguente: Dati non validi.\\r\\n.\\\"\"},\"eventdata\":{\"data\":\"http://ctldl.windowsupdate.com/msdownload/update/v3/static/trustedr/en/authrootstl.cab, Dati non validi.\"}}}\n{\"win\":{\"system\":{\"providerName\":\"Microsoft-Windows-CAPI2\",\"providerGuid\":\"{5bbca4a8-b209-48dc-a8c7-b23d3e5216fb}\",\"eventSourceName\":\"Microsoft-Windows-CAPI2\",\"eventID\":\"4107\",\"version\":\"0\",\"level\":\"2\",\"task\":\"0\",\"opcode\":\"0\",\"keywords\":\"0x8080000000000000\",\"systemTime\":\"2026-04-02T08:38:16.4221425Z\",\"eventRecordID\":\"2042\",\"processID\":\"1364\",\"threadID\":\"1992\",\"channel\":\"Application\",\"computer\":\"WS10\",\"severityValue\":\"ERROR\",\"message\":\"\\\"Impossibile estrarre l'elenco radice di terze parti dal file CAB di aggiornamento automatico in <http://ctldl.windowsupdate.com/msdownload/update/v3/static/trustedr/en/authrootstl.cab> a causa dell'errore seguente: Dati non validi.\\r\\n.\\\"\"},\"eventdata\":{\"data\":\"http://ctldl.windowsupdate.com/msdownload/update/v3/static/trustedr/en/authrootstl.cab, Dati non validi.\"}}}\n{\"win\":{\"system\":{\"providerName\":\"Microsoft-Windows-CAPI2\",\"providerGuid\":\"{5bbca4a8-b209-48dc-a8c7-b23d3e5216fb}\",\"eventSourceName\":\"Microsoft-Windows-CAPI2\",\"eventID\":\"4107\",\"version\":\"0\",\"level\":\"2\",\"task\":\"0\",\"opcode\":\"0\",\"keywords\":\"0x8080000000000000\",\"systemTime\":\"2026-04-02T08:38:16.4221425Z\",\"eventRecordID\":\"2041\",\"processID\":\"1364\",\"threadID\":\"1992\",\"channel\":\"Application\",\"computer\":\"WS10\",\"severityValue\":\"ERROR\",\"message\":\"\\\"Impossibile estrarre l'elenco radice di terze parti dal file CAB di aggiornamento automatico in <http://ctldl.windowsupdate.com/msdownload/update/v3/static/trustedr/en/authrootstl.cab> a causa dell'errore seguente: Dati non validi.\\r\\n.\\\"\"},\"eventdata\":{\"data\":\"http://ctldl.windowsupdate.com/msdownload/update/v3/static/trustedr/en/authrootstl.cab, Dati non validi.\"}}}\n{\"win\":{\"system\":{\"providerName\":\"Microsoft-Windows-CAPI2\",\"providerGuid\":\"{5bbca4a8-b209-48dc-a8c7-b23d3e5216fb}\",\"eventSourceName\":\"Microsoft-Windows-CAPI2\",\"eventID\":\"4107\",\"version\":\"0\",\"level\":\"2\",\"task\":\"0\",\"opcode\":\"0\",\"keywords\":\"0x8080000000000000\",\"systemTime\":\"2026-04-02T08:38:07.5620055Z\",\"eventRecordID\":\"2040\",\"processID\":\"1364\",\"threadID\":\"1436\",\"channel\":\"Application\",\"computer\":\"WS10\",\"severityValue\":\"ERROR\",\"message\":\"\\\"Impossibile estrarre l'elenco radice di terze parti dal file CAB di aggiornamento automatico in <http://ctldl.windowsupdate.com/msdownload/update/v3/static/trustedr/en/authrootstl.cab> a causa dell'errore seguente: Dati non validi.\\r\\n.\\\"\"},\"eventdata\":{\"data\":\"http://ctldl.windowsupdate.com/msdownload/update/v3/static/trustedr/en/authrootstl.cab, Dati non validi.\"}}}\n{\"win\":{\"system\":{\"providerName\":\"Microsoft-Windows-CAPI2\",\"providerGuid\":\"{5bbca4a8-b209-48dc-a8c7-b23d3e5216fb}\",\"eventSourceName\":\"Microsoft-Windows-CAPI2\",\"eventID\":\"4107\",\"version\":\"0\",\"level\":\"2\",\"task\":\"0\",\"opcode\":\"0\",\"keywords\":\"0x8080000000000000\",\"systemTime\":\"2026-04-02T08:38:07.5461371Z\",\"eventRecordID\":\"2038\",\"processID\":\"1364\",\"threadID\":\"1436\",\"channel\":\"Application\",\"computer\":\"WS10\",\"severityValue\":\"ERROR\",\"message\":\"\\\"Impossibile estrarre l'elenco radice di terze parti dal file CAB di aggiornamento automatico in <http://ctldl.windowsupdate.com/msdownload/update/v3/static/trustedr/en/authrootstl.cab> a causa dell'errore seguente: Dati non validi.\\r\\n.\\\"\"},\"eventdata\":{\"data\":\"http://ctldl.windowsupdate.com/msdownload/update/v3/static/trustedr/en/authrootstl.cab, Dati non validi.\"}}}\n{\"win\":{\"system\":{\"providerName\":\"Microsoft-Windows-CAPI2\",\"providerGuid\":\"{5bbca4a8-b209-48dc-a8c7-b23d3e5216fb}\",\"eventSourceName\":\"Microsoft-Windows-CAPI2\",\"eventID\":\"4107\",\"version\":\"0\",\"level\":\"2\",\"task\":\"0\",\"opcode\":\"0\",\"keywords\":\"0x8080000000000000\",\"systemTime\":\"2026-04-02T08:38:07.5461371Z\",\"eventRecordID\":\"2039\",\"processID\":\"1364\",\"threadID\":\"1436\",\"channel\":\"Application\",\"computer\":\"WS10\",\"severityValue\":\"ERROR\",\"message\":\"\\\"Impossibile estrarre l'elenco radice di terze parti dal file CAB di aggiornamento automatico in <http://ctldl.windowsupdate.com/msdownload/update/v3/static/trustedr/en/authrootstl.cab> a causa dell'errore seguente: Dati non validi.\\r\\n.\\\"\"},\"eventdata\":{\"data\":\"http://ctldl.windowsupdate.com/msdownload/update/v3/static/trustedr/en/authrootstl.cab, Dati non validi.\"}}}\n{\"win\":{\"system\":{\"providerName\":\"Microsoft-Windows-CAPI2\",\"providerGuid\":\"{5bbca4a8-b209-48dc-a8c7-b23d3e5216fb}\",\"eventSourceName\":\"Microsoft-Windows-CAPI2\",\"eventID\":\"4107\",\"version\":\"0\",\"level\":\"2\",\"task\":\"0\",\"opcode\":\"0\",\"keywords\":\"0x8080000000000000\",\"systemTime\":\"2026-04-02T08:38:00.3652243Z\",\"eventRecordID\":\"2037\",\"processID\":\"1364\",\"threadID\":\"1436\",\"channel\":\"Application\",\"computer\":\"WS10\",\"severityValue\":\"ERROR\",\"message\":\"\\\"Impossibile estrarre l'elenco radice di terze parti dal file CAB di aggiornamento automatico in <http://ctldl.windowsupdate.com/msdownload/update/v3/static/trustedr/en/authrootstl.cab> a causa dell'errore seguente: Dati non validi.\\r\\n.\\\"\"},\"eventdata\":{\"data\":\"http://ctldl.windowsupdate.com/msdownload/update/v3/static/trustedr/en/authrootstl.cab, Dati non validi.\"}}}",
    "decoder": {
      "name": "windows_eventchannel"
    },
    "data": {
      "win": {
        "system": {
          "providerName": "Microsoft-Windows-CAPI2",
          "providerGuid": "{5bbca4a8-b209-48dc-a8c7-b23d3e5216fb}",
          "eventSourceName": "Microsoft-Windows-CAPI2",
          "eventID": "4107",
          "version": "0",
          "level": "2",
          "task": "0",
          "opcode": "0",
          "keywords": "0x8080000000000000",
          "systemTime": "2026-04-02T08:38:22.9716032Z",
          "eventRecordID": "2044",
          "processID": "1364",
          "threadID": "1992",
          "channel": "Application",
          "computer": "WS10",
          "severityValue": "ERROR",
          "message": "\"Impossibile estrarre l'elenco radice di terze parti dal file CAB di aggiornamento automatico in <http://ctldl.windowsupdate.com/msdownload/update/v3/static/trustedr/en/authrootstl.cab> a causa dell'errore seguente: Dati non validi.\r\n.\""
        },
        "eventdata": {
          "data": "http://ctldl.windowsupdate.com/msdownload/update/v3/static/trustedr/en/authrootstl.cab, Dati non validi."
        }
      }
    },
    "location": "EventChannel",
    "_inferred_source_ip": "192.168.30.24",
    "_capture_session": "apt-sim-20260402-103821_20260402_103821",
    "_captured_at_utc": "2026-04-02T08:38:24Z"
  },
  {
    "timestamp": "2026-04-02T08:38:24.026+0000",
    "rule": {
      "level": 9,
      "description": "Windows application error event.",
      "id": "60602",
      "firedtimes": 36,
      "mail": false,
      "groups": [
        "windows",
        "windows_application",
        "system_error"
      ],
      "gdpr": [
        "IV_35.7.d"
      ],
      "gpg13": [
        "4.3"
      ]
    },
    "agent": {
      "id": "005",
      "name": "WS10",
      "ip": "192.168.30.24"
    },
    "manager": {
      "name": "wazuh-server"
    },
    "id": "1775119104.1295775",
    "decoder": {
      "name": "windows_eventchannel"
    },
    "data": {
      "win": {
        "system": {
          "providerName": "Microsoft-Windows-CAPI2",
          "providerGuid": "{5bbca4a8-b209-48dc-a8c7-b23d3e5216fb}",
          "eventSourceName": "Microsoft-Windows-CAPI2",
          "eventID": "4107",
          "version": "0",
          "level": "2",
          "task": "0",
          "opcode": "0",
          "keywords": "0x8080000000000000",
          "systemTime": "2026-04-02T08:38:22.9869849Z",
          "eventRecordID": "2045",
          "processID": "1364",
          "threadID": "1992",
          "channel": "Application",
          "computer": "WS10",
          "severityValue": "ERROR",
          "message": "\"Impossibile estrarre l'elenco radice di terze parti dal file CAB di aggiornamento automatico in <http://ctldl.windowsupdate.com/msdownload/update/v3/static/trustedr/en/authrootstl.cab> a causa dell'errore seguente: Dati non validi.\r\n.\""
        },
        "eventdata": {
          "data": "http://ctldl.windowsupdate.com/msdownload/update/v3/static/trustedr/en/authrootstl.cab, Dati non validi."
        }
      }
    },
    "location": "EventChannel",
    "_inferred_source_ip": "192.168.30.24",
    "_capture_session": "apt-sim-20260402-103821_20260402_103821",
    "_captured_at_utc": "2026-04-02T08:38:24Z"
  },
  {
    "timestamp": "2026-04-02T08:38:24.088+0000",
    "rule": {
      "level": 9,
      "description": "Windows application error event.",
      "id": "60602",
      "firedtimes": 37,
      "mail": false,
      "groups": [
        "windows",
        "windows_application",
        "system_error"
      ],
      "gdpr": [
        "IV_35.7.d"
      ],
      "gpg13": [
        "4.3"
      ]
    },
    "agent": {
      "id": "005",
      "name": "WS10",
      "ip": "192.168.30.24"
    },
    "manager": {
      "name": "wazuh-server"
    },
    "id": "1775119104.1297712",
    "decoder": {
      "name": "windows_eventchannel"
    },
    "data": {
      "win": {
        "system": {
          "providerName": "Microsoft-Windows-CAPI2",
          "providerGuid": "{5bbca4a8-b209-48dc-a8c7-b23d3e5216fb}",
          "eventSourceName": "Microsoft-Windows-CAPI2",
          "eventID": "4107",
          "version": "0",
          "level": "2",
          "task": "0",
          "opcode": "0",
          "keywords": "0x8080000000000000",
          "systemTime": "2026-04-02T08:38:23.0003159Z",
          "eventRecordID": "2046",
          "processID": "1364",
          "threadID": "1992",
          "channel": "Application",
          "computer": "WS10",
          "severityValue": "ERROR",
          "message": "\"Impossibile estrarre l'elenco radice di terze parti dal file CAB di aggiornamento automatico in <http://ctldl.windowsupdate.com/msdownload/update/v3/static/trustedr/en/authrootstl.cab> a causa dell'errore seguente: Dati non validi.\r\n.\""
        },
        "eventdata": {
          "data": "http://ctldl.windowsupdate.com/msdownload/update/v3/static/trustedr/en/authrootstl.cab, Dati non validi."
        }
      }
    },
    "location": "EventChannel",
    "_inferred_source_ip": "192.168.30.24",
    "_capture_session": "apt-sim-20260402-103821_20260402_103821",
    "_captured_at_utc": "2026-04-02T08:38:24Z"
  },
  {
    "timestamp": "2026-04-02T08:38:31.328+0000",
    "rule": {
      "level": 9,
      "description": "Windows application error event.",
      "id": "60602",
      "firedtimes": 38,
      "mail": false,
      "groups": [
        "windows",
        "windows_application",
        "system_error"
      ],
      "gdpr": [
        "IV_35.7.d"
      ],
      "gpg13": [
        "4.3"
      ]
    },
    "agent": {
      "id": "005",
      "name": "WS10",
      "ip": "192.168.30.24"
    },
    "manager": {
      "name": "wazuh-server"
    },
    "id": "1775119111.1301525",
    "decoder": {
      "name": "windows_eventchannel"
    },
    "data": {
      "win": {
        "system": {
          "providerName": "Microsoft-Windows-CAPI2",
          "providerGuid": "{5bbca4a8-b209-48dc-a8c7-b23d3e5216fb}",
          "eventSourceName": "Microsoft-Windows-CAPI2",
          "eventID": "4107",
          "version": "0",
          "level": "2",
          "task": "0",
          "opcode": "0",
          "keywords": "0x8080000000000000",
          "systemTime": "2026-04-02T08:38:30.2580321Z",
          "eventRecordID": "2047",
          "processID": "1364",
          "threadID": "1436",
          "channel": "Application",
          "computer": "WS10",
          "severityValue": "ERROR",
          "message": "\"Impossibile estrarre l'elenco radice di terze parti dal file CAB di aggiornamento automatico in <http://ctldl.windowsupdate.com/msdownload/update/v3/static/trustedr/en/authrootstl.cab> a causa dell'errore seguente: Dati non validi.\r\n.\""
        },
        "eventdata": {
          "data": "http://ctldl.windowsupdate.com/msdownload/update/v3/static/trustedr/en/authrootstl.cab, Dati non validi."
        }
      }
    },
    "location": "EventChannel",
    "_inferred_source_ip": "192.168.30.24",
    "_capture_session": "apt-sim-20260402-103821_20260402_103821",
    "_captured_at_utc": "2026-04-02T08:38:32Z"
  },
  {
    "timestamp": "2026-04-02T08:38:31.343+0000",
    "rule": {
      "level": 9,
      "description": "Windows application error event.",
      "id": "60602",
      "firedtimes": 39,
      "mail": false,
      "groups": [
        "windows",
        "windows_application",
        "system_error"
      ],
      "gdpr": [
        "IV_35.7.d"
      ],
      "gpg13": [
        "4.3"
      ]
    },
    "agent": {
      "id": "005",
      "name": "WS10",
      "ip": "192.168.30.24"
    },
    "manager": {
      "name": "wazuh-server"
    },
    "id": "1775119111.1303462",
    "decoder": {
      "name": "windows_eventchannel"
    },
    "data": {
      "win": {
        "system": {
          "providerName": "Microsoft-Windows-CAPI2",
          "providerGuid": "{5bbca4a8-b209-48dc-a8c7-b23d3e5216fb}",
          "eventSourceName": "Microsoft-Windows-CAPI2",
          "eventID": "4107",
          "version": "0",
          "level": "2",
          "task": "0",
          "opcode": "0",
          "keywords": "0x8080000000000000",
          "systemTime": "2026-04-02T08:38:30.2693012Z",
          "eventRecordID": "2048",
          "processID": "1364",
          "threadID": "1436",
          "channel": "Application",
          "computer": "WS10",
          "severityValue": "ERROR",
          "message": "\"Impossibile estrarre l'elenco radice di terze parti dal file CAB di aggiornamento automatico in <http://ctldl.windowsupdate.com/msdownload/update/v3/static/trustedr/en/authrootstl.cab> a causa dell'errore seguente: Dati non validi.\r\n.\""
        },
        "eventdata": {
          "data": "http://ctldl.windowsupdate.com/msdownload/update/v3/static/trustedr/en/authrootstl.cab, Dati non validi."
        }
      }
    },
    "location": "EventChannel",
    "_inferred_source_ip": "192.168.30.24",
    "_capture_session": "apt-sim-20260402-103821_20260402_103821",
    "_captured_at_utc": "2026-04-02T08:38:32Z"
  },
  {
    "timestamp": "2026-04-02T08:38:31.359+0000",
    "rule": {
      "level": 9,
      "description": "Windows application error event.",
      "id": "60602",
      "firedtimes": 40,
      "mail": false,
      "groups": [
        "windows",
        "windows_application",
        "system_error"
      ],
      "gdpr": [
        "IV_35.7.d"
      ],
      "gpg13": [
        "4.3"
      ]
    },
    "agent": {
      "id": "005",
      "name": "WS10",
      "ip": "192.168.30.24"
    },
    "manager": {
      "name": "wazuh-server"
    },
    "id": "1775119111.1305399",
    "decoder": {
      "name": "windows_eventchannel"
    },
    "data": {
      "win": {
        "system": {
          "providerName": "Microsoft-Windows-CAPI2",
          "providerGuid": "{5bbca4a8-b209-48dc-a8c7-b23d3e5216fb}",
          "eventSourceName": "Microsoft-Windows-CAPI2",
          "eventID": "4107",
          "version": "0",
          "level": "2",
          "task": "0",
          "opcode": "0",
          "keywords": "0x8080000000000000",
          "systemTime": "2026-04-02T08:38:30.2693012Z",
          "eventRecordID": "2049",
          "processID": "1364",
          "threadID": "1436",
          "channel": "Application",
          "computer": "WS10",
          "severityValue": "ERROR",
          "message": "\"Impossibile estrarre l'elenco radice di terze parti dal file CAB di aggiornamento automatico in <http://ctldl.windowsupdate.com/msdownload/update/v3/static/trustedr/en/authrootstl.cab> a causa dell'errore seguente: Dati non validi.\r\n.\""
        },
        "eventdata": {
          "data": "http://ctldl.windowsupdate.com/msdownload/update/v3/static/trustedr/en/authrootstl.cab, Dati non validi."
        }
      }
    },
    "location": "EventChannel",
    "_inferred_source_ip": "192.168.30.24",
    "_capture_session": "apt-sim-20260402-103821_20260402_103821",
    "_captured_at_utc": "2026-04-02T08:38:32Z"
  },
  {
    "timestamp": "2026-04-02T08:38:38.632+0000",
    "rule": {
      "level": 9,
      "description": "Windows application error event.",
      "id": "60602",
      "firedtimes": 41,
      "mail": false,
      "groups": [
        "windows",
        "windows_application",
        "system_error"
      ],
      "gdpr": [
        "IV_35.7.d"
      ],
      "gpg13": [
        "4.3"
      ]
    },
    "agent": {
      "id": "005",
      "name": "WS10",
      "ip": "192.168.30.24"
    },
    "manager": {
      "name": "wazuh-server"
    },
    "id": "1775119118.1307336",
    "decoder": {
      "name": "windows_eventchannel"
    },
    "data": {
      "win": {
        "system": {
          "providerName": "Microsoft-Windows-CAPI2",
          "providerGuid": "{5bbca4a8-b209-48dc-a8c7-b23d3e5216fb}",
          "eventSourceName": "Microsoft-Windows-CAPI2",
          "eventID": "4107",
          "version": "0",
          "level": "2",
          "task": "0",
          "opcode": "0",
          "keywords": "0x8080000000000000",
          "systemTime": "2026-04-02T08:38:37.5828297Z",
          "eventRecordID": "2050",
          "processID": "1364",
          "threadID": "1992",
          "channel": "Application",
          "computer": "WS10",
          "severityValue": "ERROR",
          "message": "\"Impossibile estrarre l'elenco radice di terze parti dal file CAB di aggiornamento automatico in <http://ctldl.windowsupdate.com/msdownload/update/v3/static/trustedr/en/authrootstl.cab> a causa dell'errore seguente: Dati non validi.\r\n.\""
        },
        "eventdata": {
          "data": "http://ctldl.windowsupdate.com/msdownload/update/v3/static/trustedr/en/authrootstl.cab, Dati non validi."
        }
      }
    },
    "location": "EventChannel",
    "_inferred_source_ip": "192.168.30.24",
    "_capture_session": "apt-sim-20260402-103821_20260402_103821",
    "_captured_at_utc": "2026-04-02T08:38:38Z"
  },
  {
    "timestamp": "2026-04-02T08:38:38.648+0000",
    "rule": {
      "level": 9,
      "description": "Windows application error event.",
      "id": "60602",
      "firedtimes": 42,
      "mail": false,
      "groups": [
        "windows",
        "windows_application",
        "system_error"
      ],
      "gdpr": [
        "IV_35.7.d"
      ],
      "gpg13": [
        "4.3"
      ]
    },
    "agent": {
      "id": "005",
      "name": "WS10",
      "ip": "192.168.30.24"
    },
    "manager": {
      "name": "wazuh-server"
    },
    "id": "1775119118.1309273",
    "decoder": {
      "name": "windows_eventchannel"
    },
    "data": {
      "win": {
        "system": {
          "providerName": "Microsoft-Windows-CAPI2",
          "providerGuid": "{5bbca4a8-b209-48dc-a8c7-b23d3e5216fb}",
          "eventSourceName": "Microsoft-Windows-CAPI2",
          "eventID": "4107",
          "version": "0",
          "level": "2",
          "task": "0",
          "opcode": "0",
          "keywords": "0x8080000000000000",
          "systemTime": "2026-04-02T08:38:37.5981505Z",
          "eventRecordID": "2051",
          "processID": "1364",
          "threadID": "1992",
          "channel": "Application",
          "computer": "WS10",
          "severityValue": "ERROR",
          "message": "\"Impossibile estrarre l'elenco radice di terze parti dal file CAB di aggiornamento automatico in <http://ctldl.windowsupdate.com/msdownload/update/v3/static/trustedr/en/authrootstl.cab> a causa dell'errore seguente: Dati non validi.\r\n.\""
        },
        "eventdata": {
          "data": "http://ctldl.windowsupdate.com/msdownload/update/v3/static/trustedr/en/authrootstl.cab, Dati non validi."
        }
      }
    },
    "location": "EventChannel",
    "_inferred_source_ip": "192.168.30.24",
    "_capture_session": "apt-sim-20260402-103821_20260402_103821",
    "_captured_at_utc": "2026-04-02T08:38:38Z"
  },
  {
    "timestamp": "2026-04-02T08:38:38.679+0000",
    "rule": {
      "level": 10,
      "description": "Multiple Windows error application events.",
      "id": "61061",
      "frequency": 8,
      "firedtimes": 6,
      "mail": false,
      "groups": [
        "windows",
        "windows_application"
      ]
    },
    "agent": {
      "id": "005",
      "name": "WS10",
      "ip": "192.168.30.24"
    },
    "manager": {
      "name": "wazuh-server"
    },
    "id": "1775119118.1311210",
    "previous_output": "{\"win\":{\"system\":{\"providerName\":\"Microsoft-Windows-CAPI2\",\"providerGuid\":\"{5bbca4a8-b209-48dc-a8c7-b23d3e5216fb}\",\"eventSourceName\":\"Microsoft-Windows-CAPI2\",\"eventID\":\"4107\",\"version\":\"0\",\"level\":\"2\",\"task\":\"0\",\"opcode\":\"0\",\"keywords\":\"0x8080000000000000\",\"systemTime\":\"2026-04-02T08:38:37.5981505Z\",\"eventRecordID\":\"2051\",\"processID\":\"1364\",\"threadID\":\"1992\",\"channel\":\"Application\",\"computer\":\"WS10\",\"severityValue\":\"ERROR\",\"message\":\"\\\"Impossibile estrarre l'elenco radice di terze parti dal file CAB di aggiornamento automatico in <http://ctldl.windowsupdate.com/msdownload/update/v3/static/trustedr/en/authrootstl.cab> a causa dell'errore seguente: Dati non validi.\\r\\n.\\\"\"},\"eventdata\":{\"data\":\"http://ctldl.windowsupdate.com/msdownload/update/v3/static/trustedr/en/authrootstl.cab, Dati non validi.\"}}}\n{\"win\":{\"system\":{\"providerName\":\"Microsoft-Windows-CAPI2\",\"providerGuid\":\"{5bbca4a8-b209-48dc-a8c7-b23d3e5216fb}\",\"eventSourceName\":\"Microsoft-Windows-CAPI2\",\"eventID\":\"4107\",\"version\":\"0\",\"level\":\"2\",\"task\":\"0\",\"opcode\":\"0\",\"keywords\":\"0x8080000000000000\",\"systemTime\":\"2026-04-02T08:38:37.5828297Z\",\"eventRecordID\":\"2050\",\"processID\":\"1364\",\"threadID\":\"1992\",\"channel\":\"Application\",\"computer\":\"WS10\",\"severityValue\":\"ERROR\",\"message\":\"\\\"Impossibile estrarre l'elenco radice di terze parti dal file CAB di aggiornamento automatico in <http://ctldl.windowsupdate.com/msdownload/update/v3/static/trustedr/en/authrootstl.cab> a causa dell'errore seguente: Dati non validi.\\r\\n.\\\"\"},\"eventdata\":{\"data\":\"http://ctldl.windowsupdate.com/msdownload/update/v3/static/trustedr/en/authrootstl.cab, Dati non validi.\"}}}\n{\"win\":{\"system\":{\"providerName\":\"Microsoft-Windows-CAPI2\",\"providerGuid\":\"{5bbca4a8-b209-48dc-a8c7-b23d3e5216fb}\",\"eventSourceName\":\"Microsoft-Windows-CAPI2\",\"eventID\":\"4107\",\"version\":\"0\",\"level\":\"2\",\"task\":\"0\",\"opcode\":\"0\",\"keywords\":\"0x8080000000000000\",\"systemTime\":\"2026-04-02T08:38:30.2693012Z\",\"eventRecordID\":\"2049\",\"processID\":\"1364\",\"threadID\":\"1436\",\"channel\":\"Application\",\"computer\":\"WS10\",\"severityValue\":\"ERROR\",\"message\":\"\\\"Impossibile estrarre l'elenco radice di terze parti dal file CAB di aggiornamento automatico in <http://ctldl.windowsupdate.com/msdownload/update/v3/static/trustedr/en/authrootstl.cab> a causa dell'errore seguente: Dati non validi.\\r\\n.\\\"\"},\"eventdata\":{\"data\":\"http://ctldl.windowsupdate.com/msdownload/update/v3/static/trustedr/en/authrootstl.cab, Dati non validi.\"}}}\n{\"win\":{\"system\":{\"providerName\":\"Microsoft-Windows-CAPI2\",\"providerGuid\":\"{5bbca4a8-b209-48dc-a8c7-b23d3e5216fb}\",\"eventSourceName\":\"Microsoft-Windows-CAPI2\",\"eventID\":\"4107\",\"version\":\"0\",\"level\":\"2\",\"task\":\"0\",\"opcode\":\"0\",\"keywords\":\"0x8080000000000000\",\"systemTime\":\"2026-04-02T08:38:30.2693012Z\",\"eventRecordID\":\"2048\",\"processID\":\"1364\",\"threadID\":\"1436\",\"channel\":\"Application\",\"computer\":\"WS10\",\"severityValue\":\"ERROR\",\"message\":\"\\\"Impossibile estrarre l'elenco radice di terze parti dal file CAB di aggiornamento automatico in <http://ctldl.windowsupdate.com/msdownload/update/v3/static/trustedr/en/authrootstl.cab> a causa dell'errore seguente: Dati non validi.\\r\\n.\\\"\"},\"eventdata\":{\"data\":\"http://ctldl.windowsupdate.com/msdownload/update/v3/static/trustedr/en/authrootstl.cab, Dati non validi.\"}}}\n{\"win\":{\"system\":{\"providerName\":\"Microsoft-Windows-CAPI2\",\"providerGuid\":\"{5bbca4a8-b209-48dc-a8c7-b23d3e5216fb}\",\"eventSourceName\":\"Microsoft-Windows-CAPI2\",\"eventID\":\"4107\",\"version\":\"0\",\"level\":\"2\",\"task\":\"0\",\"opcode\":\"0\",\"keywords\":\"0x8080000000000000\",\"systemTime\":\"2026-04-02T08:38:30.2580321Z\",\"eventRecordID\":\"2047\",\"processID\":\"1364\",\"threadID\":\"1436\",\"channel\":\"Application\",\"computer\":\"WS10\",\"severityValue\":\"ERROR\",\"message\":\"\\\"Impossibile estrarre l'elenco radice di terze parti dal file CAB di aggiornamento automatico in <http://ctldl.windowsupdate.com/msdownload/update/v3/static/trustedr/en/authrootstl.cab> a causa dell'errore seguente: Dati non validi.\\r\\n.\\\"\"},\"eventdata\":{\"data\":\"http://ctldl.windowsupdate.com/msdownload/update/v3/static/trustedr/en/authrootstl.cab, Dati non validi.\"}}}\n{\"win\":{\"system\":{\"providerName\":\"Microsoft-Windows-CAPI2\",\"providerGuid\":\"{5bbca4a8-b209-48dc-a8c7-b23d3e5216fb}\",\"eventSourceName\":\"Microsoft-Windows-CAPI2\",\"eventID\":\"4107\",\"version\":\"0\",\"level\":\"2\",\"task\":\"0\",\"opcode\":\"0\",\"keywords\":\"0x8080000000000000\",\"systemTime\":\"2026-04-02T08:38:23.0003159Z\",\"eventRecordID\":\"2046\",\"processID\":\"1364\",\"threadID\":\"1992\",\"channel\":\"Application\",\"computer\":\"WS10\",\"severityValue\":\"ERROR\",\"message\":\"\\\"Impossibile estrarre l'elenco radice di terze parti dal file CAB di aggiornamento automatico in <http://ctldl.windowsupdate.com/msdownload/update/v3/static/trustedr/en/authrootstl.cab> a causa dell'errore seguente: Dati non validi.\\r\\n.\\\"\"},\"eventdata\":{\"data\":\"http://ctldl.windowsupdate.com/msdownload/update/v3/static/trustedr/en/authrootstl.cab, Dati non validi.\"}}}\n{\"win\":{\"system\":{\"providerName\":\"Microsoft-Windows-CAPI2\",\"providerGuid\":\"{5bbca4a8-b209-48dc-a8c7-b23d3e5216fb}\",\"eventSourceName\":\"Microsoft-Windows-CAPI2\",\"eventID\":\"4107\",\"version\":\"0\",\"level\":\"2\",\"task\":\"0\",\"opcode\":\"0\",\"keywords\":\"0x8080000000000000\",\"systemTime\":\"2026-04-02T08:38:22.9869849Z\",\"eventRecordID\":\"2045\",\"processID\":\"1364\",\"threadID\":\"1992\",\"channel\":\"Application\",\"computer\":\"WS10\",\"severityValue\":\"ERROR\",\"message\":\"\\\"Impossibile estrarre l'elenco radice di terze parti dal file CAB di aggiornamento automatico in <http://ctldl.windowsupdate.com/msdownload/update/v3/static/trustedr/en/authrootstl.cab> a causa dell'errore seguente: Dati non validi.\\r\\n.\\\"\"},\"eventdata\":{\"data\":\"http://ctldl.windowsupdate.com/msdownload/update/v3/static/trustedr/en/authrootstl.cab, Dati non validi.\"}}}",
    "decoder": {
      "name": "windows_eventchannel"
    },
    "data": {
      "win": {
        "system": {
          "providerName": "Microsoft-Windows-CAPI2",
          "providerGuid": "{5bbca4a8-b209-48dc-a8c7-b23d3e5216fb}",
          "eventSourceName": "Microsoft-Windows-CAPI2",
          "eventID": "4107",
          "version": "0",
          "level": "2",
          "task": "0",
          "opcode": "0",
          "keywords": "0x8080000000000000",
          "systemTime": "2026-04-02T08:38:37.6137192Z",
          "eventRecordID": "2052",
          "processID": "1364",
          "threadID": "1992",
          "channel": "Application",
          "computer": "WS10",
          "severityValue": "ERROR",
          "message": "\"Impossibile estrarre l'elenco radice di terze parti dal file CAB di aggiornamento automatico in <http://ctldl.windowsupdate.com/msdownload/update/v3/static/trustedr/en/authrootstl.cab> a causa dell'errore seguente: Dati non validi.\r\n.\""
        },
        "eventdata": {
          "data": "http://ctldl.windowsupdate.com/msdownload/update/v3/static/trustedr/en/authrootstl.cab, Dati non validi."
        }
      }
    },
    "location": "EventChannel",
    "_inferred_source_ip": "192.168.30.24",
    "_capture_session": "apt-sim-20260402-103821_20260402_103821",
    "_captured_at_utc": "2026-04-02T08:38:39Z"
  },
  {
    "timestamp": "2026-04-02T08:38:46.307+0000",
    "rule": {
      "level": 9,
      "description": "Windows application error event.",
      "id": "60602",
      "firedtimes": 43,
      "mail": false,
      "groups": [
        "windows",
        "windows_application",
        "system_error"
      ],
      "gdpr": [
        "IV_35.7.d"
      ],
      "gpg13": [
        "4.3"
      ]
    },
    "agent": {
      "id": "005",
      "name": "WS10",
      "ip": "192.168.30.24"
    },
    "manager": {
      "name": "wazuh-server"
    },
    "id": "1775119126.1318804",
    "decoder": {
      "name": "windows_eventchannel"
    },
    "data": {
      "win": {
        "system": {
          "providerName": "Microsoft-Windows-CAPI2",
          "providerGuid": "{5bbca4a8-b209-48dc-a8c7-b23d3e5216fb}",
          "eventSourceName": "Microsoft-Windows-CAPI2",
          "eventID": "4107",
          "version": "0",
          "level": "2",
          "task": "0",
          "opcode": "0",
          "keywords": "0x8080000000000000",
          "systemTime": "2026-04-02T08:38:45.2921196Z",
          "eventRecordID": "2053",
          "processID": "1364",
          "threadID": "1992",
          "channel": "Application",
          "computer": "WS10",
          "severityValue": "ERROR",
          "message": "\"Impossibile estrarre l'elenco radice di terze parti dal file CAB di aggiornamento automatico in <http://ctldl.windowsupdate.com/msdownload/update/v3/static/trustedr/en/authrootstl.cab> a causa dell'errore seguente: Dati non validi.\r\n.\""
        },
        "eventdata": {
          "data": "http://ctldl.windowsupdate.com/msdownload/update/v3/static/trustedr/en/authrootstl.cab, Dati non validi."
        }
      }
    },
    "location": "EventChannel",
    "_inferred_source_ip": "192.168.30.24",
    "_capture_session": "apt-sim-20260402-103821_20260402_103821",
    "_captured_at_utc": "2026-04-02T08:38:47Z"
  },
  {
    "timestamp": "2026-04-02T08:38:46.321+0000",
    "rule": {
      "level": 9,
      "description": "Windows application error event.",
      "id": "60602",
      "firedtimes": 44,
      "mail": false,
      "groups": [
        "windows",
        "windows_application",
        "system_error"
      ],
      "gdpr": [
        "IV_35.7.d"
      ],
      "gpg13": [
        "4.3"
      ]
    },
    "agent": {
      "id": "005",
      "name": "WS10",
      "ip": "192.168.30.24"
    },
    "manager": {
      "name": "wazuh-server"
    },
    "id": "1775119126.1320741",
    "decoder": {
      "name": "windows_eventchannel"
    },
    "data": {
      "win": {
        "system": {
          "providerName": "Microsoft-Windows-CAPI2",
          "providerGuid": "{5bbca4a8-b209-48dc-a8c7-b23d3e5216fb}",
          "eventSourceName": "Microsoft-Windows-CAPI2",
          "eventID": "4107",
          "version": "0",
          "level": "2",
          "task": "0",
          "opcode": "0",
          "keywords": "0x8080000000000000",
          "systemTime": "2026-04-02T08:38:45.2921196Z",
          "eventRecordID": "2054",
          "processID": "1364",
          "threadID": "1992",
          "channel": "Application",
          "computer": "WS10",
          "severityValue": "ERROR",
          "message": "\"Impossibile estrarre l'elenco radice di terze parti dal file CAB di aggiornamento automatico in <http://ctldl.windowsupdate.com/msdownload/update/v3/static/trustedr/en/authrootstl.cab> a causa dell'errore seguente: Dati non validi.\r\n.\""
        },
        "eventdata": {
          "data": "http://ctldl.windowsupdate.com/msdownload/update/v3/static/trustedr/en/authrootstl.cab, Dati non validi."
        }
      }
    },
    "location": "EventChannel",
    "_inferred_source_ip": "192.168.30.24",
    "_capture_session": "apt-sim-20260402-103821_20260402_103821",
    "_captured_at_utc": "2026-04-02T08:38:47Z"
  },
  {
    "timestamp": "2026-04-02T08:38:59.867+0000",
    "rule": {
      "level": 15,
      "description": "Executable file dropped in folder commonly used by malware",
      "id": "92213",
      "mitre": {
        "id": [
          "T1105"
        ],
        "tactic": [
          "Command and Control"
        ],
        "technique": [
          "Ingress Tool Transfer"
        ]
      },
      "firedtimes": 58,
      "mail": true,
      "groups": [
        "sysmon",
        "sysmon_eid11_detections",
        "windows"
      ]
    },
    "agent": {
      "id": "005",
      "name": "WS10",
      "ip": "192.168.30.24"
    },
    "manager": {
      "name": "wazuh-server"
    },
    "id": "1775119139.1322678",
    "decoder": {
      "name": "windows_eventchannel"
    },
    "data": {
      "win": {
        "system": {
          "providerName": "Microsoft-Windows-Sysmon",
          "providerGuid": "{5770385f-c22a-43e0-bf4c-06f5698ffbd9}",
          "eventID": "11",
          "version": "2",
          "level": "4",
          "task": "11",
          "opcode": "0",
          "keywords": "0x8000000000000000",
          "systemTime": "2026-04-02T08:38:59.8308102Z",
          "eventRecordID": "490531",
          "processID": "7940",
          "threadID": "8064",
          "channel": "Microsoft-Windows-Sysmon/Operational",
          "computer": "WS10",
          "severityValue": "INFORMATION",
          "message": "\"File created:\r\nRuleName: -\r\nUtcTime: 2026-04-02 08:38:59.812\r\nProcessGuid: {d9a99926-2b23-69ce-5b0f-000000000600}\r\nProcessId: 6576\r\nImage: C:\\Windows\\System32\\WindowsPowerShell\\v1.0\\powershell.exe\r\nTargetFilename: C:\\Users\\Administrator\\AppData\\Local\\Temp\\__PSScriptPolicyTest_h22pttva.of1.ps1\r\nCreationUtcTime: 2026-04-02 08:38:59.812\r\nUser: WS10\\Administrator\""
        },
        "eventdata": {
          "utcTime": "2026-04-02 08:38:59.812",
          "processGuid": "{d9a99926-2b23-69ce-5b0f-000000000600}",
          "processId": "6576",
          "image": "C:\\\\Windows\\\\System32\\\\WindowsPowerShell\\\\v1.0\\\\powershell.exe",
          "targetFilename": "C:\\\\Users\\\\Administrator\\\\AppData\\\\Local\\\\Temp\\\\__PSScriptPolicyTest_h22pttva.of1.ps1",
          "creationUtcTime": "2026-04-02 08:38:59.812",
          "user": "WS10\\\\Administrator"
        }
      }
    },
    "location": "EventChannel",
    "_inferred_source_ip": "192.168.30.24",
    "_capture_session": "apt-sim-20260402-103821_20260402_103821",
    "_captured_at_utc": "2026-04-02T08:39:00Z"
  },
  {
    "timestamp": "2026-04-02T08:39:42.650+0000",
    "rule": {
      "level": 15,
      "description": "Executable file dropped in folder commonly used by malware",
      "id": "92213",
      "mitre": {
        "id": [
          "T1105"
        ],
        "tactic": [
          "Command and Control"
        ],
        "technique": [
          "Ingress Tool Transfer"
        ]
      },
      "firedtimes": 59,
      "mail": true,
      "groups": [
        "sysmon",
        "sysmon_eid11_detections",
        "windows"
      ]
    },
    "agent": {
      "id": "005",
      "name": "WS10",
      "ip": "192.168.30.24"
    },
    "manager": {
      "name": "wazuh-server"
    },
    "id": "1775119182.1325455",
    "decoder": {
      "name": "windows_eventchannel"
    },
    "data": {
      "win": {
        "system": {
          "providerName": "Microsoft-Windows-Sysmon",
          "providerGuid": "{5770385f-c22a-43e0-bf4c-06f5698ffbd9}",
          "eventID": "11",
          "version": "2",
          "level": "4",
          "task": "11",
          "opcode": "0",
          "keywords": "0x8000000000000000",
          "systemTime": "2026-04-02T08:39:41.9432924Z",
          "eventRecordID": "490854",
          "processID": "7940",
          "threadID": "8064",
          "channel": "Microsoft-Windows-Sysmon/Operational",
          "computer": "WS10",
          "severityValue": "INFORMATION",
          "message": "\"File created:\r\nRuleName: -\r\nUtcTime: 2026-04-02 08:39:41.929\r\nProcessGuid: {d9a99926-2b4d-69ce-5c0f-000000000600}\r\nProcessId: 2076\r\nImage: C:\\Windows\\System32\\WindowsPowerShell\\v1.0\\powershell.exe\r\nTargetFilename: C:\\Users\\Administrator\\AppData\\Local\\Temp\\__PSScriptPolicyTest_xe1qdsln.eqr.ps1\r\nCreationUtcTime: 2026-04-02 08:39:41.929\r\nUser: WS10\\Administrator\""
        },
        "eventdata": {
          "utcTime": "2026-04-02 08:39:41.929",
          "processGuid": "{d9a99926-2b4d-69ce-5c0f-000000000600}",
          "processId": "2076",
          "image": "C:\\\\Windows\\\\System32\\\\WindowsPowerShell\\\\v1.0\\\\powershell.exe",
          "targetFilename": "C:\\\\Users\\\\Administrator\\\\AppData\\\\Local\\\\Temp\\\\__PSScriptPolicyTest_xe1qdsln.eqr.ps1",
          "creationUtcTime": "2026-04-02 08:39:41.929",
          "user": "WS10\\\\Administrator"
        }
      }
    },
    "location": "EventChannel",
    "_inferred_source_ip": "192.168.30.24",
    "_capture_session": "apt-sim-20260402-103821_20260402_103821",
    "_captured_at_utc": "2026-04-02T08:39:43Z"
  },
  {
    "timestamp": "2026-04-02T08:39:46.712+0000",
    "rule": {
      "level": 15,
      "description": "Executable file dropped in folder commonly used by malware",
      "id": "92213",
      "mitre": {
        "id": [
          "T1105"
        ],
        "tactic": [
          "Command and Control"
        ],
        "technique": [
          "Ingress Tool Transfer"
        ]
      },
      "firedtimes": 60,
      "mail": true,
      "groups": [
        "sysmon",
        "sysmon_eid11_detections",
        "windows"
      ]
    },
    "agent": {
      "id": "005",
      "name": "WS10",
      "ip": "192.168.30.24"
    },
    "manager": {
      "name": "wazuh-server"
    },
    "id": "1775119186.1328232",
    "decoder": {
      "name": "windows_eventchannel"
    },
    "data": {
      "win": {
        "system": {
          "providerName": "Microsoft-Windows-Sysmon",
          "providerGuid": "{5770385f-c22a-43e0-bf4c-06f5698ffbd9}",
          "eventID": "11",
          "version": "2",
          "level": "4",
          "task": "11",
          "opcode": "0",
          "keywords": "0x8000000000000000",
          "systemTime": "2026-04-02T08:39:42.0888265Z",
          "eventRecordID": "491087",
          "processID": "7940",
          "threadID": "8064",
          "channel": "Microsoft-Windows-Sysmon/Operational",
          "computer": "WS10",
          "severityValue": "INFORMATION",
          "message": "\"File created:\r\nRuleName: -\r\nUtcTime: 2026-04-02 08:39:42.069\r\nProcessGuid: {d9a99926-2b4e-69ce-5d0f-000000000600}\r\nProcessId: 8920\r\nImage: C:\\Windows\\System32\\WindowsPowerShell\\v1.0\\powershell.exe\r\nTargetFilename: C:\\Users\\Administrator\\AppData\\Local\\Temp\\__PSScriptPolicyTest_vzcppspl.ch4.ps1\r\nCreationUtcTime: 2026-04-02 08:39:42.069\r\nUser: WS10\\Administrator\""
        },
        "eventdata": {
          "utcTime": "2026-04-02 08:39:42.069",
          "processGuid": "{d9a99926-2b4e-69ce-5d0f-000000000600}",
          "processId": "8920",
          "image": "C:\\\\Windows\\\\System32\\\\WindowsPowerShell\\\\v1.0\\\\powershell.exe",
          "targetFilename": "C:\\\\Users\\\\Administrator\\\\AppData\\\\Local\\\\Temp\\\\__PSScriptPolicyTest_vzcppspl.ch4.ps1",
          "creationUtcTime": "2026-04-02 08:39:42.069",
          "user": "WS10\\\\Administrator"
        }
      }
    },
    "location": "EventChannel",
    "_inferred_source_ip": "192.168.30.24",
    "_capture_session": "apt-sim-20260402-103821_20260402_103821",
    "_captured_at_utc": "2026-04-02T08:39:47Z"
  },
  {
    "timestamp": "2026-04-02T08:39:47.698+0000",
    "rule": {
      "level": 15,
      "description": "Executable file dropped in folder commonly used by malware",
      "id": "92213",
      "mitre": {
        "id": [
          "T1105"
        ],
        "tactic": [
          "Command and Control"
        ],
        "technique": [
          "Ingress Tool Transfer"
        ]
      },
      "firedtimes": 61,
      "mail": true,
      "groups": [
        "sysmon",
        "sysmon_eid11_detections",
        "windows"
      ]
    },
    "agent": {
      "id": "005",
      "name": "WS10",
      "ip": "192.168.30.24"
    },
    "manager": {
      "name": "wazuh-server"
    },
    "id": "1775119187.1331009",
    "decoder": {
      "name": "windows_eventchannel"
    },
    "data": {
      "win": {
        "system": {
          "providerName": "Microsoft-Windows-Sysmon",
          "providerGuid": "{5770385f-c22a-43e0-bf4c-06f5698ffbd9}",
          "eventID": "11",
          "version": "2",
          "level": "4",
          "task": "11",
          "opcode": "0",
          "keywords": "0x8000000000000000",
          "systemTime": "2026-04-02T08:39:42.5109544Z",
          "eventRecordID": "491148",
          "processID": "7940",
          "threadID": "8064",
          "channel": "Microsoft-Windows-Sysmon/Operational",
          "computer": "WS10",
          "severityValue": "INFORMATION",
          "message": "\"File created:\r\nRuleName: -\r\nUtcTime: 2026-04-02 08:39:42.498\r\nProcessGuid: {d9a99926-2b4e-69ce-5e0f-000000000600}\r\nProcessId: 2780\r\nImage: C:\\Windows\\System32\\WindowsPowerShell\\v1.0\\powershell.exe\r\nTargetFilename: C:\\Users\\Administrator\\AppData\\Local\\Temp\\__PSScriptPolicyTest_4kgjdklw.cr4.ps1\r\nCreationUtcTime: 2026-04-02 08:39:42.498\r\nUser: WS10\\Administrator\""
        },
        "eventdata": {
          "utcTime": "2026-04-02 08:39:42.498",
          "processGuid": "{d9a99926-2b4e-69ce-5e0f-000000000600}",
          "processId": "2780",
          "image": "C:\\\\Windows\\\\System32\\\\WindowsPowerShell\\\\v1.0\\\\powershell.exe",
          "targetFilename": "C:\\\\Users\\\\Administrator\\\\AppData\\\\Local\\\\Temp\\\\__PSScriptPolicyTest_4kgjdklw.cr4.ps1",
          "creationUtcTime": "2026-04-02 08:39:42.498",
          "user": "WS10\\\\Administrator"
        }
      }
    },
    "location": "EventChannel",
    "_inferred_source_ip": "192.168.30.24",
    "_capture_session": "apt-sim-20260402-103821_20260402_103821",
    "_captured_at_utc": "2026-04-02T08:39:48Z"
  },
  {
    "timestamp": "2026-04-02T08:40:05.886+0000",
    "rule": {
      "level": 15,
      "description": "Executable file dropped in folder commonly used by malware",
      "id": "92213",
      "mitre": {
        "id": [
          "T1105"
        ],
        "tactic": [
          "Command and Control"
        ],
        "technique": [
          "Ingress Tool Transfer"
        ]
      },
      "firedtimes": 62,
      "mail": true,
      "groups": [
        "sysmon",
        "sysmon_eid11_detections",
        "windows"
      ]
    },
    "agent": {
      "id": "005",
      "name": "WS10",
      "ip": "192.168.30.24"
    },
    "manager": {
      "name": "wazuh-server"
    },
    "id": "1775119205.1333786",
    "decoder": {
      "name": "windows_eventchannel"
    },
    "data": {
      "win": {
        "system": {
          "providerName": "Microsoft-Windows-Sysmon",
          "providerGuid": "{5770385f-c22a-43e0-bf4c-06f5698ffbd9}",
          "eventID": "11",
          "version": "2",
          "level": "4",
          "task": "11",
          "opcode": "0",
          "keywords": "0x8000000000000000",
          "systemTime": "2026-04-02T08:40:05.8472172Z",
          "eventRecordID": "491326",
          "processID": "7940",
          "threadID": "8064",
          "channel": "Microsoft-Windows-Sysmon/Operational",
          "computer": "WS10",
          "severityValue": "INFORMATION",
          "message": "\"File created:\r\nRuleName: -\r\nUtcTime: 2026-04-02 08:40:05.838\r\nProcessGuid: {d9a99926-2b65-69ce-600f-000000000600}\r\nProcessId: 8172\r\nImage: C:\\Windows\\System32\\WindowsPowerShell\\v1.0\\powershell.exe\r\nTargetFilename: C:\\Users\\Administrator\\AppData\\Local\\Temp\\__PSScriptPolicyTest_5lppxdf0.wmb.ps1\r\nCreationUtcTime: 2026-04-02 08:40:05.838\r\nUser: WS10\\Administrator\""
        },
        "eventdata": {
          "utcTime": "2026-04-02 08:40:05.838",
          "processGuid": "{d9a99926-2b65-69ce-600f-000000000600}",
          "processId": "8172",
          "image": "C:\\\\Windows\\\\System32\\\\WindowsPowerShell\\\\v1.0\\\\powershell.exe",
          "targetFilename": "C:\\\\Users\\\\Administrator\\\\AppData\\\\Local\\\\Temp\\\\__PSScriptPolicyTest_5lppxdf0.wmb.ps1",
          "creationUtcTime": "2026-04-02 08:40:05.838",
          "user": "WS10\\\\Administrator"
        }
      }
    },
    "location": "EventChannel",
    "_inferred_source_ip": "192.168.30.24",
    "_capture_session": "apt-sim-20260402-103821_20260402_103821",
    "_captured_at_utc": "2026-04-02T08:40:06Z"
  },
  {
    "timestamp": "2026-04-02T08:40:23.391+0000",
    "rule": {
      "level": 15,
      "description": "Executable file dropped in folder commonly used by malware",
      "id": "92213",
      "mitre": {
        "id": [
          "T1105"
        ],
        "tactic": [
          "Command and Control"
        ],
        "technique": [
          "Ingress Tool Transfer"
        ]
      },
      "firedtimes": 63,
      "mail": true,
      "groups": [
        "sysmon",
        "sysmon_eid11_detections",
        "windows"
      ]
    },
    "agent": {
      "id": "005",
      "name": "WS10",
      "ip": "192.168.30.24"
    },
    "manager": {
      "name": "wazuh-server"
    },
    "id": "1775119223.1336563",
    "decoder": {
      "name": "windows_eventchannel"
    },
    "data": {
      "win": {
        "system": {
          "providerName": "Microsoft-Windows-Sysmon",
          "providerGuid": "{5770385f-c22a-43e0-bf4c-06f5698ffbd9}",
          "eventID": "11",
          "version": "2",
          "level": "4",
          "task": "11",
          "opcode": "0",
          "keywords": "0x8000000000000000",
          "systemTime": "2026-04-02T08:40:22.9708673Z",
          "eventRecordID": "491538",
          "processID": "7940",
          "threadID": "8064",
          "channel": "Microsoft-Windows-Sysmon/Operational",
          "computer": "WS10",
          "severityValue": "INFORMATION",
          "message": "\"File created:\r\nRuleName: -\r\nUtcTime: 2026-04-02 08:40:22.944\r\nProcessGuid: {d9a99926-2b76-69ce-610f-000000000600}\r\nProcessId: 7700\r\nImage: C:\\Windows\\System32\\WindowsPowerShell\\v1.0\\powershell.exe\r\nTargetFilename: C:\\Users\\Administrator\\AppData\\Local\\Temp\\__PSScriptPolicyTest_ixjwxlic.uct.ps1\r\nCreationUtcTime: 2026-04-02 08:40:22.944\r\nUser: WS10\\Administrator\""
        },
        "eventdata": {
          "utcTime": "2026-04-02 08:40:22.944",
          "processGuid": "{d9a99926-2b76-69ce-610f-000000000600}",
          "processId": "7700",
          "image": "C:\\\\Windows\\\\System32\\\\WindowsPowerShell\\\\v1.0\\\\powershell.exe",
          "targetFilename": "C:\\\\Users\\\\Administrator\\\\AppData\\\\Local\\\\Temp\\\\__PSScriptPolicyTest_ixjwxlic.uct.ps1",
          "creationUtcTime": "2026-04-02 08:40:22.944",
          "user": "WS10\\\\Administrator"
        }
      }
    },
    "location": "EventChannel",
    "_inferred_source_ip": "192.168.30.24",
    "_capture_session": "apt-sim-20260402-103821_20260402_103821",
    "_captured_at_utc": "2026-04-02T08:40:24Z"
  },
