  {
    "timestamp": "2026-04-02T08:45:29.182+0000",
    "rule": {
      "level": 15,
      "description": "Executable file dropped in folder commonly used by malware",
      "id": "92213",
      "mitre": {
        "id": [
          "T1105"
        ],
        "tactic": [
          "Command and Control"
        ],
        "technique": [
          "Ingress Tool Transfer"
        ]
      },
      "firedtimes": 83,
      "mail": true,
      "groups": [
        "sysmon",
        "sysmon_eid11_detections",
        "windows"
      ]
    },
    "agent": {
      "id": "005",
      "name": "WS10",
      "ip": "192.168.30.24"
    },
    "manager": {
      "name": "wazuh-server"
    },
    "id": "1775119529.1392103",
    "decoder": {
      "name": "windows_eventchannel"
    },
    "data": {
      "win": {
        "system": {
          "providerName": "Microsoft-Windows-Sysmon",
          "providerGuid": "{5770385f-c22a-43e0-bf4c-06f5698ffbd9}",
          "eventID": "11",
          "version": "2",
          "level": "4",
          "task": "11",
          "opcode": "0",
          "keywords": "0x8000000000000000",
          "systemTime": "2026-04-02T08:45:29.1539405Z",
          "eventRecordID": "495744",
          "processID": "7940",
          "threadID": "8064",
          "channel": "Microsoft-Windows-Sysmon/Operational",
          "computer": "WS10",
          "severityValue": "INFORMATION",
          "message": "\"File created:\r\nRuleName: -\r\nUtcTime: 2026-04-02 08:45:29.137\r\nProcessGuid: {d9a99926-2ca9-69ce-9a0f-000000000600}\r\nProcessId: 5772\r\nImage: C:\\Windows\\System32\\WindowsPowerShell\\v1.0\\powershell.exe\r\nTargetFilename: C:\\Users\\Administrator\\AppData\\Local\\Temp\\__PSScriptPolicyTest_pkru1pjj.e5d.ps1\r\nCreationUtcTime: 2026-04-02 08:45:29.137\r\nUser: WS10\\Administrator\""
        },
        "eventdata": {
          "utcTime": "2026-04-02 08:45:29.137",
          "processGuid": "{d9a99926-2ca9-69ce-9a0f-000000000600}",
          "processId": "5772",
          "image": "C:\\\\Windows\\\\System32\\\\WindowsPowerShell\\\\v1.0\\\\powershell.exe",
          "targetFilename": "C:\\\\Users\\\\Administrator\\\\AppData\\\\Local\\\\Temp\\\\__PSScriptPolicyTest_pkru1pjj.e5d.ps1",
          "creationUtcTime": "2026-04-02 08:45:29.137",
          "user": "WS10\\\\Administrator"
        }
      }
    },
    "location": "EventChannel",
    "_inferred_source_ip": "192.168.30.24",
    "_capture_session": "apt-sim-20260402-103821_20260402_103821",
    "_captured_at_utc": "2026-04-02T08:45:29Z"
  },
  {
    "timestamp": "2026-04-02T08:45:32.756+0000",
    "rule": {
      "level": 15,
      "description": "Executable file dropped in folder commonly used by malware",
      "id": "92213",
      "mitre": {
        "id": [
          "T1105"
        ],
        "tactic": [
          "Command and Control"
        ],
        "technique": [
          "Ingress Tool Transfer"
        ]
      },
      "firedtimes": 84,
      "mail": true,
      "groups": [
        "sysmon",
        "sysmon_eid11_detections",
        "windows"
      ]
    },
    "agent": {
      "id": "005",
      "name": "WS10",
      "ip": "192.168.30.24"
    },
    "manager": {
      "name": "wazuh-server"
    },
    "id": "1775119532.1394880",
    "decoder": {
      "name": "windows_eventchannel"
    },
    "data": {
      "win": {
        "system": {
          "providerName": "Microsoft-Windows-Sysmon",
          "providerGuid": "{5770385f-c22a-43e0-bf4c-06f5698ffbd9}",
          "eventID": "11",
          "version": "2",
          "level": "4",
          "task": "11",
          "opcode": "0",
          "keywords": "0x8000000000000000",
          "systemTime": "2026-04-02T08:45:31.1722812Z",
          "eventRecordID": "495960",
          "processID": "7940",
          "threadID": "8064",
          "channel": "Microsoft-Windows-Sysmon/Operational",
          "computer": "WS10",
          "severityValue": "INFORMATION",
          "message": "\"File created:\r\nRuleName: -\r\nUtcTime: 2026-04-02 08:45:31.147\r\nProcessGuid: {d9a99926-2cab-69ce-9b0f-000000000600}\r\nProcessId: 6676\r\nImage: C:\\Windows\\System32\\WindowsPowerShell\\v1.0\\powershell.exe\r\nTargetFilename: C:\\Users\\Administrator\\AppData\\Local\\Temp\\__PSScriptPolicyTest_iiyjx5ai.olv.ps1\r\nCreationUtcTime: 2026-04-02 08:45:31.147\r\nUser: WS10\\Administrator\""
        },
        "eventdata": {
          "utcTime": "2026-04-02 08:45:31.147",
          "processGuid": "{d9a99926-2cab-69ce-9b0f-000000000600}",
          "processId": "6676",
          "image": "C:\\\\Windows\\\\System32\\\\WindowsPowerShell\\\\v1.0\\\\powershell.exe",
          "targetFilename": "C:\\\\Users\\\\Administrator\\\\AppData\\\\Local\\\\Temp\\\\__PSScriptPolicyTest_iiyjx5ai.olv.ps1",
          "creationUtcTime": "2026-04-02 08:45:31.147",
          "user": "WS10\\\\Administrator"
        }
      }
    },
    "location": "EventChannel",
    "_inferred_source_ip": "192.168.30.24",
    "_capture_session": "apt-sim-20260402-103821_20260402_103821",
    "_captured_at_utc": "2026-04-02T08:45:33Z"
  },
  {
    "timestamp": "2026-04-02T08:47:14.998+0000",
    "rule": {
      "level": 15,
      "description": "Executable file dropped in folder commonly used by malware",
      "id": "92213",
      "mitre": {
        "id": [
          "T1105"
        ],
        "tactic": [
          "Command and Control"
        ],
        "technique": [
          "Ingress Tool Transfer"
        ]
      },
      "firedtimes": 85,
      "mail": true,
      "groups": [
        "sysmon",
        "sysmon_eid11_detections",
        "windows"
      ]
    },
    "agent": {
      "id": "005",
      "name": "WS10",
      "ip": "192.168.30.24"
    },
    "manager": {
      "name": "wazuh-server"
    },
    "id": "1775119634.1397657",
    "decoder": {
      "name": "windows_eventchannel"
    },
    "data": {
      "win": {
        "system": {
          "providerName": "Microsoft-Windows-Sysmon",
          "providerGuid": "{5770385f-c22a-43e0-bf4c-06f5698ffbd9}",
          "eventID": "11",
          "version": "2",
          "level": "4",
          "task": "11",
          "opcode": "0",
          "keywords": "0x8000000000000000",
          "systemTime": "2026-04-02T08:47:10.1244311Z",
          "eventRecordID": "496705",
          "processID": "7940",
          "threadID": "8064",
          "channel": "Microsoft-Windows-Sysmon/Operational",
          "computer": "WS10",
          "severityValue": "INFORMATION",
          "message": "\"File created:\r\nRuleName: -\r\nUtcTime: 2026-04-02 08:47:10.119\r\nProcessGuid: {d9a99926-2d0d-69ce-9e0f-000000000600}\r\nProcessId: 3184\r\nImage: C:\\Windows\\System32\\WindowsPowerShell\\v1.0\\powershell.exe\r\nTargetFilename: C:\\Users\\Administrator\\AppData\\Local\\Temp\\__PSScriptPolicyTest_qhh4fpkf.jlx.ps1\r\nCreationUtcTime: 2026-04-02 08:47:10.119\r\nUser: WS10\\Administrator\""
        },
        "eventdata": {
          "utcTime": "2026-04-02 08:47:10.119",
          "processGuid": "{d9a99926-2d0d-69ce-9e0f-000000000600}",
          "processId": "3184",
          "image": "C:\\\\Windows\\\\System32\\\\WindowsPowerShell\\\\v1.0\\\\powershell.exe",
          "targetFilename": "C:\\\\Users\\\\Administrator\\\\AppData\\\\Local\\\\Temp\\\\__PSScriptPolicyTest_qhh4fpkf.jlx.ps1",
          "creationUtcTime": "2026-04-02 08:47:10.119",
          "user": "WS10\\\\Administrator"
        }
      }
    },
    "location": "EventChannel",
    "_inferred_source_ip": "192.168.30.24",
    "_capture_session": "apt-sim-20260402-103821_20260402_103821",
    "_captured_at_utc": "2026-04-02T08:47:15Z"
  }
]