  {
    "timestamp": "2026-04-02T08:34:48.243+0000",
    "rule": {
      "level": 15,
      "description": "Executable file dropped in folder commonly used by malware",
      "id": "92213",
      "mitre": {
        "id": [
          "T1105"
        ],
        "tactic": [
          "Command and Control"
        ],
        "technique": [
          "Ingress Tool Transfer"
        ]
      },
      "firedtimes": 50,
      "mail": true,
      "groups": [
        "sysmon",
        "sysmon_eid11_detections",
        "windows"
      ]
    },
    "agent": {
      "id": "005",
      "name": "WS10",
      "ip": "192.168.30.24"
    },
    "manager": {
      "name": "wazuh-server"
    },
    "id": "1775118888.1132256",
    "decoder": {
      "name": "windows_eventchannel"
    },
    "data": {
      "win": {
        "system": {
          "providerName": "Microsoft-Windows-Sysmon",
          "providerGuid": "{5770385f-c22a-43e0-bf4c-06f5698ffbd9}",
          "eventID": "11",
          "version": "2",
          "level": "4",
          "task": "11",
          "opcode": "0",
          "keywords": "0x8000000000000000",
          "systemTime": "2026-04-02T08:34:41.0312614Z",
          "eventRecordID": "474779",
          "processID": "7940",
          "threadID": "8064",
          "channel": "Microsoft-Windows-Sysmon/Operational",
          "computer": "WS10",
          "severityValue": "INFORMATION",
          "message": "\"File created:\r\nRuleName: -\r\nUtcTime: 2026-04-02 08:34:41.014\r\nProcessGuid: {d9a99926-2a20-69ce-390f-000000000600}\r\nProcessId: 7144\r\nImage: C:\\Windows\\System32\\WindowsPowerShell\\v1.0\\powershell.exe\r\nTargetFilename: C:\\Users\\Administrator\\AppData\\Local\\Temp\\__PSScriptPolicyTest_ukit3qaq.pzz.ps1\r\nCreationUtcTime: 2026-04-02 08:34:41.014\r\nUser: WS10\\Administrator\""
        },
        "eventdata": {
          "utcTime": "2026-04-02 08:34:41.014",
          "processGuid": "{d9a99926-2a20-69ce-390f-000000000600}",
          "processId": "7144",
          "image": "C:\\\\Windows\\\\System32\\\\WindowsPowerShell\\\\v1.0\\\\powershell.exe",
          "targetFilename": "C:\\\\Users\\\\Administrator\\\\AppData\\\\Local\\\\Temp\\\\__PSScriptPolicyTest_ukit3qaq.pzz.ps1",
          "creationUtcTime": "2026-04-02 08:34:41.014",
          "user": "WS10\\\\Administrator"
        }
      }
    },
    "location": "EventChannel",
    "_inferred_source_ip": "192.168.30.24",
    "_capture_session": "apt-sim-20260402-102618_20260402_102618",
    "_captured_at_utc": "2026-04-02T08:34:49Z"
  },
  {
    "timestamp": "2026-04-02T08:34:57.552+0000",
    "rule": {
      "level": 15,
      "description": "Executable file dropped in folder commonly used by malware",
      "id": "92213",
      "mitre": {
        "id": [
          "T1105"
        ],
        "tactic": [
          "Command and Control"
        ],
        "technique": [
          "Ingress Tool Transfer"
        ]
      },
      "firedtimes": 51,
      "mail": true,
      "groups": [
        "sysmon",
        "sysmon_eid11_detections",
        "windows"
      ]
    },
    "agent": {
      "id": "005",
      "name": "WS10",
      "ip": "192.168.30.24"
    },
    "manager": {
      "name": "wazuh-server"
    },
    "id": "1775118897.1135033",
    "decoder": {
      "name": "windows_eventchannel"
    },
    "data": {
      "win": {
        "system": {
          "providerName": "Microsoft-Windows-Sysmon",
          "providerGuid": "{5770385f-c22a-43e0-bf4c-06f5698ffbd9}",
          "eventID": "11",
          "version": "2",
          "level": "4",
          "task": "11",
          "opcode": "0",
          "keywords": "0x8000000000000000",
          "systemTime": "2026-04-02T08:34:53.9761317Z",
          "eventRecordID": "475231",
          "processID": "7940",
          "threadID": "8064",
          "channel": "Microsoft-Windows-Sysmon/Operational",
          "computer": "WS10",
          "severityValue": "INFORMATION",
          "message": "\"File created:\r\nRuleName: -\r\nUtcTime: 2026-04-02 08:34:53.964\r\nProcessGuid: {d9a99926-2a2d-69ce-3b0f-000000000600}\r\nProcessId: 2312\r\nImage: C:\\Windows\\system32\\WindowsPowerShell\\v1.0\\PowerShell.exe\r\nTargetFilename: C:\\Users\\Administrator\\AppData\\Local\\Temp\\__PSScriptPolicyTest_w1krer5z.fhg.ps1\r\nCreationUtcTime: 2026-04-02 08:34:53.964\r\nUser: WS10\\Administrator\""
        },
        "eventdata": {
          "utcTime": "2026-04-02 08:34:53.964",
          "processGuid": "{d9a99926-2a2d-69ce-3b0f-000000000600}",
          "processId": "2312",
          "image": "C:\\\\Windows\\\\system32\\\\WindowsPowerShell\\\\v1.0\\\\PowerShell.exe",
          "targetFilename": "C:\\\\Users\\\\Administrator\\\\AppData\\\\Local\\\\Temp\\\\__PSScriptPolicyTest_w1krer5z.fhg.ps1",
          "creationUtcTime": "2026-04-02 08:34:53.964",
          "user": "WS10\\\\Administrator"
        }
      }
    },
    "location": "EventChannel",
    "_inferred_source_ip": "192.168.30.24",
    "_capture_session": "apt-sim-20260402-102618_20260402_102618",
    "_captured_at_utc": "2026-04-02T08:34:58Z"
  },
  {
    "timestamp": "2026-04-02T08:35:14.676+0000",
    "rule": {
      "level": 15,
      "description": "Executable file dropped in folder commonly used by malware",
      "id": "92213",
      "mitre": {
        "id": [
          "T1105"
        ],
        "tactic": [
          "Command and Control"
        ],
        "technique": [
          "Ingress Tool Transfer"
        ]
      },
      "firedtimes": 52,
      "mail": true,
      "groups": [
        "sysmon",
        "sysmon_eid11_detections",
        "windows"
      ]
    },
    "agent": {
      "id": "005",
      "name": "WS10",
      "ip": "192.168.30.24"
    },
    "manager": {
      "name": "wazuh-server"
    },
    "id": "1775118914.1137810",
    "decoder": {
      "name": "windows_eventchannel"
    },
    "data": {
      "win": {
        "system": {
          "providerName": "Microsoft-Windows-Sysmon",
          "providerGuid": "{5770385f-c22a-43e0-bf4c-06f5698ffbd9}",
          "eventID": "11",
          "version": "2",
          "level": "4",
          "task": "11",
          "opcode": "0",
          "keywords": "0x8000000000000000",
          "systemTime": "2026-04-02T08:35:11.4398361Z",
          "eventRecordID": "475859",
          "processID": "7940",
          "threadID": "8064",
          "channel": "Microsoft-Windows-Sysmon/Operational",
          "computer": "WS10",
          "severityValue": "INFORMATION",
          "message": "\"File created:\r\nRuleName: -\r\nUtcTime: 2026-04-02 08:35:11.321\r\nProcessGuid: {d9a99926-2a3e-69ce-3e0f-000000000600}\r\nProcessId: 2164\r\nImage: C:\\Windows\\System32\\WindowsPowerShell\\v1.0\\powershell.exe\r\nTargetFilename: C:\\Users\\Administrator\\AppData\\Local\\Temp\\__PSScriptPolicyTest_zgjxrn2b.qvu.ps1\r\nCreationUtcTime: 2026-04-02 08:35:11.321\r\nUser: WS10\\Administrator\""
        },
        "eventdata": {
          "utcTime": "2026-04-02 08:35:11.321",
          "processGuid": "{d9a99926-2a3e-69ce-3e0f-000000000600}",
          "processId": "2164",
          "image": "C:\\\\Windows\\\\System32\\\\WindowsPowerShell\\\\v1.0\\\\powershell.exe",
          "targetFilename": "C:\\\\Users\\\\Administrator\\\\AppData\\\\Local\\\\Temp\\\\__PSScriptPolicyTest_zgjxrn2b.qvu.ps1",
          "creationUtcTime": "2026-04-02 08:35:11.321",
          "user": "WS10\\\\Administrator"
        }
      }
    },
    "location": "EventChannel",
    "_inferred_source_ip": "192.168.30.24",
    "_capture_session": "apt-sim-20260402-102618_20260402_102618",
    "_captured_at_utc": "2026-04-02T08:35:15Z"
  },
  {
    "timestamp": "2026-04-02T08:35:22.580+0000",
    "rule": {
      "level": 4,
      "description": "Summary event of the report's signatures.",
      "id": "60608",
      "firedtimes": 8,
      "mail": false,
      "groups": [
        "windows",
        "windows_application"
      ]
    },
    "agent": {
      "id": "005",
      "name": "WS10",
      "ip": "192.168.30.24"
    },
    "manager": {
      "name": "wazuh-server"
    },
    "id": "1775118922.1140587",
    "decoder": {
      "name": "windows_eventchannel"
    },
    "data": {
      "win": {
        "system": {
          "providerName": "Windows Error Reporting",
          "eventID": "1001",
          "version": "0",
          "level": "4",
          "task": "0",
          "opcode": "0",
          "keywords": "0x80000000000000",
          "systemTime": "2026-04-02T08:35:22.3518774Z",
          "eventRecordID": "1999",
          "processID": "0",
          "threadID": "0",
          "channel": "Application",
          "computer": "WS10",
          "severityValue": "INFORMATION",
          "message": "\"Bucket errato , tipo 0\r\nNome evento: StoreAgentScanForUpdatesFailure0\r\nRisposta: Non disponibile\r\nID CAB: 0\r\n\r\nFirma problema: \r\nP1: Update;\r\nP2: 800b0109\r\nP3: 19045\r\nP4: 6456\r\nP5: Windows.Desktop\r\nP6: \r\nP7: \r\nP8: \r\nP9: \r\nP10: \r\n\r\nFile allegati:\r\n\\\\?\\C:\\ProgramData\\Microsoft\\Windows\\WER\\Temp\\WERE65B.tmp.WERInternalMetadata.xml\r\n\r\nI file potrebbero essere disponibili qui:\r\n\\\\?\\C:\\ProgramData\\Microsoft\\Windows\\WER\\ReportQueue\\NonCritical_Update;_eecf652836fa33d4f71220c9d8ef743c5c6ddb_00000000_c2848408-06d3-48e3-840f-bdf10595fd74\r\n\r\nSimbolo analisi: \r\nNuova ricerca di soluzioni: 0\r\nID rapporto: c2848408-06d3-48e3-840f-bdf10595fd74\r\nStato rapporto: 524388\r\nBucket con hash: \r\nGUID CAB: 0\""
        },
        "eventdata": {
          "data": "0, StoreAgentScanForUpdatesFailure0, Non disponibile, 0, Update;, 800b0109, 19045, 6456, Windows.Desktop,   \\\\\\\\?\\\\C:\\\\ProgramData\\\\Microsoft\\\\Windows\\\\WER\\\\Temp\\\\WERE65B.tmp.WERInternalMetadata.xml, \\\\\\\\?\\\\C:\\\\ProgramData\\\\Microsoft\\\\Windows\\\\WER\\\\ReportQueue\\\\NonCritical_Update;_eecf652836fa33d4f71220c9d8ef743c5c6ddb_00000000_c2848408-06d3-48e3-840f-bdf10595fd74, 0, c2848408-06d3-48e3-840f-bdf10595fd74, 524388, 0"
        }
      }
    },
    "location": "EventChannel",
    "_inferred_source_ip": "192.168.30.24",
    "_capture_session": "apt-sim-20260402-102618_20260402_102618",
    "_captured_at_utc": "2026-04-02T08:35:23Z"
  },
  {
    "timestamp": "2026-04-02T08:35:24.824+0000",
    "rule": {
      "level": 4,
      "description": "Summary event of the report's signatures.",
      "id": "60608",
      "firedtimes": 9,
      "mail": false,
      "groups": [
        "windows",
        "windows_application"
      ]
    },
    "agent": {
      "id": "005",
      "name": "WS10",
      "ip": "192.168.30.24"
    },
    "manager": {
      "name": "wazuh-server"
    },
    "id": "1775118924.1143925",
    "decoder": {
      "name": "windows_eventchannel"
    },
    "data": {
      "win": {
        "system": {
          "providerName": "Windows Error Reporting",
          "eventID": "1001",
          "version": "0",
          "level": "4",
          "task": "0",
          "opcode": "0",
          "keywords": "0x80000000000000",
          "systemTime": "2026-04-02T08:35:22.4299610Z",
          "eventRecordID": "2000",
          "processID": "0",
          "threadID": "0",
          "channel": "Application",
          "computer": "WS10",
          "severityValue": "INFORMATION",
          "message": "\"Bucket errato , tipo 0\r\nNome evento: StoreAgentScanForUpdatesFailure0\r\nRisposta: Non disponibile\r\nID CAB: 0\r\n\r\nFirma problema: \r\nP1: Update;\r\nP2: 80072f8f\r\nP3: 19045\r\nP4: 6456\r\nP5: Windows.Desktop\r\nP6: \r\nP7: \r\nP8: \r\nP9: \r\nP10: \r\n\r\nFile allegati:\r\n\\\\?\\C:\\ProgramData\\Microsoft\\Windows\\WER\\Temp\\WER2414.tmp.WERInternalMetadata.xml\r\n\r\nI file potrebbero essere disponibili qui:\r\n\\\\?\\C:\\ProgramData\\Microsoft\\Windows\\WER\\ReportQueue\\NonCritical_Update;_8da189d36e47241e58aa3b8ea69db1ed43f4_00000000_72529d62-0620-4b65-9596-3b34952ce9d7\r\n\r\nSimbolo analisi: \r\nNuova ricerca di soluzioni: 0\r\nID rapporto: 72529d62-0620-4b65-9596-3b34952ce9d7\r\nStato rapporto: 524388\r\nBucket con hash: \r\nGUID CAB: 0\""
        },
        "eventdata": {
          "data": "0, StoreAgentScanForUpdatesFailure0, Non disponibile, 0, Update;, 80072f8f, 19045, 6456, Windows.Desktop,   \\\\\\\\?\\\\C:\\\\ProgramData\\\\Microsoft\\\\Windows\\\\WER\\\\Temp\\\\WER2414.tmp.WERInternalMetadata.xml, \\\\\\\\?\\\\C:\\\\ProgramData\\\\Microsoft\\\\Windows\\\\WER\\\\ReportQueue\\\\NonCritical_Update;_8da189d36e47241e58aa3b8ea69db1ed43f4_00000000_72529d62-0620-4b65-9596-3b34952ce9d7, 0, 72529d62-0620-4b65-9596-3b34952ce9d7, 524388, 0"
        }
      }
    },
    "location": "EventChannel",
    "_inferred_source_ip": "192.168.30.24",
    "_capture_session": "apt-sim-20260402-102618_20260402_102618",
    "_captured_at_utc": "2026-04-02T08:35:25Z"
  },
  {
    "timestamp": "2026-04-02T08:35:24.839+0000",
    "rule": {
      "level": 4,
      "description": "Summary event of the report's signatures.",
      "id": "60608",
      "firedtimes": 10,
      "mail": false,
      "groups": [
        "windows",
        "windows_application"
      ]
    },
    "agent": {
      "id": "005",
      "name": "WS10",
      "ip": "192.168.30.24"
    },
    "manager": {
      "name": "wazuh-server"
    },
    "id": "1775118924.1147255",
    "decoder": {
      "name": "windows_eventchannel"
    },
    "data": {
      "win": {
        "system": {
          "providerName": "Windows Error Reporting",
          "eventID": "1001",
          "version": "0",
          "level": "4",
          "task": "0",
          "opcode": "0",
          "keywords": "0x80000000000000",
          "systemTime": "2026-04-02T08:35:22.5234146Z",
          "eventRecordID": "2001",
          "processID": "0",
          "threadID": "0",
          "channel": "Application",
          "computer": "WS10",
          "severityValue": "INFORMATION",
          "message": "\"Bucket errato , tipo 0\r\nNome evento: StoreAgentScanForUpdatesFailure0\r\nRisposta: Non disponibile\r\nID CAB: 0\r\n\r\nFirma problema: \r\nP1: Update;\r\nP2: 80072f8f\r\nP3: 19045\r\nP4: 6456\r\nP5: Windows.Desktop\r\nP6: \r\nP7: \r\nP8: \r\nP9: \r\nP10: \r\n\r\nFile allegati:\r\n\\\\?\\C:\\ProgramData\\Microsoft\\Windows\\WER\\Temp\\WERBA2A.tmp.WERInternalMetadata.xml\r\n\r\nI file potrebbero essere disponibili qui:\r\n\\\\?\\C:\\ProgramData\\Microsoft\\Windows\\WER\\ReportQueue\\NonCritical_Update;_8da189d36e47241e58aa3b8ea69db1ed43f4_00000000_bb1be836-c9a0-43b9-9b60-18677df16b3b\r\n\r\nSimbolo analisi: \r\nNuova ricerca di soluzioni: 0\r\nID rapporto: bb1be836-c9a0-43b9-9b60-18677df16b3b\r\nStato rapporto: 524388\r\nBucket con hash: \r\nGUID CAB: 0\""
        },
        "eventdata": {
          "data": "0, StoreAgentScanForUpdatesFailure0, Non disponibile, 0, Update;, 80072f8f, 19045, 6456, Windows.Desktop,   \\\\\\\\?\\\\C:\\\\ProgramData\\\\Microsoft\\\\Windows\\\\WER\\\\Temp\\\\WERBA2A.tmp.WERInternalMetadata.xml, \\\\\\\\?\\\\C:\\\\ProgramData\\\\Microsoft\\\\Windows\\\\WER\\\\ReportQueue\\\\NonCritical_Update;_8da189d36e47241e58aa3b8ea69db1ed43f4_00000000_bb1be836-c9a0-43b9-9b60-18677df16b3b, 0, bb1be836-c9a0-43b9-9b60-18677df16b3b, 524388, 0"
        }
      }
    },
    "location": "EventChannel",
    "_inferred_source_ip": "192.168.30.24",
    "_capture_session": "apt-sim-20260402-102618_20260402_102618",
    "_captured_at_utc": "2026-04-02T08:35:25Z"
  },
  {
    "timestamp": "2026-04-02T08:35:24.870+0000",
    "rule": {
      "level": 4,
      "description": "Summary event of the report's signatures.",
      "id": "60608",
      "firedtimes": 11,
      "mail": false,
      "groups": [
        "windows",
        "windows_application"
      ]
    },
    "agent": {
      "id": "005",
      "name": "WS10",
      "ip": "192.168.30.24"
    },
    "manager": {
      "name": "wazuh-server"
    },
    "id": "1775118924.1150585",
    "decoder": {
      "name": "windows_eventchannel"
    },
    "data": {
      "win": {
        "system": {
          "providerName": "Windows Error Reporting",
          "eventID": "1001",
          "version": "0",
          "level": "4",
          "task": "0",
          "opcode": "0",
          "keywords": "0x80000000000000",
          "systemTime": "2026-04-02T08:35:22.6021980Z",
          "eventRecordID": "2002",
          "processID": "0",
          "threadID": "0",
          "channel": "Application",
          "computer": "WS10",
          "severityValue": "INFORMATION",
          "message": "\"Bucket errato , tipo 0\r\nNome evento: StoreAgentScanForUpdatesFailure0\r\nRisposta: Non disponibile\r\nID CAB: 0\r\n\r\nFirma problema: \r\nP1: Update;\r\nP2: 80072f8f\r\nP3: 19045\r\nP4: 6456\r\nP5: Windows.Desktop\r\nP6: \r\nP7: \r\nP8: \r\nP9: \r\nP10: \r\n\r\nFile allegati:\r\n\\\\?\\C:\\ProgramData\\Microsoft\\Windows\\WER\\Temp\\WER8312.tmp.WERInternalMetadata.xml\r\n\r\nI file potrebbero essere disponibili qui:\r\n\\\\?\\C:\\ProgramData\\Microsoft\\Windows\\WER\\ReportQueue\\NonCritical_Update;_8da189d36e47241e58aa3b8ea69db1ed43f4_00000000_75bf6a3a-fb95-417c-bb37-74056191ea2c\r\n\r\nSimbolo analisi: \r\nNuova ricerca di soluzioni: 0\r\nID rapporto: 75bf6a3a-fb95-417c-bb37-74056191ea2c\r\nStato rapporto: 524388\r\nBucket con hash: \r\nGUID CAB: 0\""
        },
        "eventdata": {
          "data": "0, StoreAgentScanForUpdatesFailure0, Non disponibile, 0, Update;, 80072f8f, 19045, 6456, Windows.Desktop,   \\\\\\\\?\\\\C:\\\\ProgramData\\\\Microsoft\\\\Windows\\\\WER\\\\Temp\\\\WER8312.tmp.WERInternalMetadata.xml, \\\\\\\\?\\\\C:\\\\ProgramData\\\\Microsoft\\\\Windows\\\\WER\\\\ReportQueue\\\\NonCritical_Update;_8da189d36e47241e58aa3b8ea69db1ed43f4_00000000_75bf6a3a-fb95-417c-bb37-74056191ea2c, 0, 75bf6a3a-fb95-417c-bb37-74056191ea2c, 524388, 0"
        }
      }
    },
    "location": "EventChannel",
    "_inferred_source_ip": "192.168.30.24",
    "_capture_session": "apt-sim-20260402-102618_20260402_102618",
    "_captured_at_utc": "2026-04-02T08:35:25Z"
  },
  {
    "timestamp": "2026-04-02T08:35:25.409+0000",
    "rule": {
      "level": 4,
      "description": "Summary event of the report's signatures.",
      "id": "60608",
      "firedtimes": 12,
      "mail": false,
      "groups": [
        "windows",
        "windows_application"
      ]
    },
    "agent": {
      "id": "005",
      "name": "WS10",
      "ip": "192.168.30.24"
    },
    "manager": {
      "name": "wazuh-server"
    },
    "id": "1775118925.1153915",
    "decoder": {
      "name": "windows_eventchannel"
    },
    "data": {
      "win": {
        "system": {
          "providerName": "Windows Error Reporting",
          "eventID": "1001",
          "version": "0",
          "level": "4",
          "task": "0",
          "opcode": "0",
          "keywords": "0x80000000000000",
          "systemTime": "2026-04-02T08:35:22.6798124Z",
          "eventRecordID": "2003",
          "processID": "0",
          "threadID": "0",
          "channel": "Application",
          "computer": "WS10",
          "severityValue": "INFORMATION",
          "message": "\"Bucket errato , tipo 0\r\nNome evento: StoreAgentScanForUpdatesFailure0\r\nRisposta: Non disponibile\r\nID CAB: 0\r\n\r\nFirma problema: \r\nP1: Update;\r\nP2: 80072f8f\r\nP3: 19045\r\nP4: 6456\r\nP5: Windows.Desktop\r\nP6: \r\nP7: \r\nP8: \r\nP9: \r\nP10: \r\n\r\nFile allegati:\r\n\\\\?\\C:\\ProgramData\\Microsoft\\Windows\\WER\\Temp\\WER31FA.tmp.WERInternalMetadata.xml\r\n\r\nI file potrebbero essere disponibili qui:\r\n\\\\?\\C:\\ProgramData\\Microsoft\\Windows\\WER\\ReportQueue\\NonCritical_Update;_8da189d36e47241e58aa3b8ea69db1ed43f4_00000000_ad8235dc-8fd0-438f-9179-64df2187d4ea\r\n\r\nSimbolo analisi: \r\nNuova ricerca di soluzioni: 0\r\nID rapporto: ad8235dc-8fd0-438f-9179-64df2187d4ea\r\nStato rapporto: 524388\r\nBucket con hash: \r\nGUID CAB: 0\""
        },
        "eventdata": {
          "data": "0, StoreAgentScanForUpdatesFailure0, Non disponibile, 0, Update;, 80072f8f, 19045, 6456, Windows.Desktop,   \\\\\\\\?\\\\C:\\\\ProgramData\\\\Microsoft\\\\Windows\\\\WER\\\\Temp\\\\WER31FA.tmp.WERInternalMetadata.xml, \\\\\\\\?\\\\C:\\\\ProgramData\\\\Microsoft\\\\Windows\\\\WER\\\\ReportQueue\\\\NonCritical_Update;_8da189d36e47241e58aa3b8ea69db1ed43f4_00000000_ad8235dc-8fd0-438f-9179-64df2187d4ea, 0, ad8235dc-8fd0-438f-9179-64df2187d4ea, 524388, 0"
        }
      }
    },
    "location": "EventChannel",
    "_inferred_source_ip": "192.168.30.24",
    "_capture_session": "apt-sim-20260402-102618_20260402_102618",
    "_captured_at_utc": "2026-04-02T08:35:26Z"
  },
  {
    "timestamp": "2026-04-02T08:35:25.424+0000",
    "rule": {
      "level": 4,
      "description": "Summary event of the report's signatures.",
      "id": "60608",
      "firedtimes": 13,
      "mail": false,
      "groups": [
        "windows",
        "windows_application"
      ]
    },
    "agent": {
      "id": "005",
      "name": "WS10",
      "ip": "192.168.30.24"
    },
    "manager": {
      "name": "wazuh-server"
    },
    "id": "1775118925.1157245",
    "decoder": {
      "name": "windows_eventchannel"
    },
    "data": {
      "win": {
        "system": {
          "providerName": "Windows Error Reporting",
          "eventID": "1001",
          "version": "0",
          "level": "4",
          "task": "0",
          "opcode": "0",
          "keywords": "0x80000000000000",
          "systemTime": "2026-04-02T08:35:22.7425031Z",
          "eventRecordID": "2004",
          "processID": "0",
          "threadID": "0",
          "channel": "Application",
          "computer": "WS10",
          "severityValue": "INFORMATION",
          "message": "\"Bucket errato , tipo 0\r\nNome evento: StoreAgentScanForUpdatesFailure0\r\nRisposta: Non disponibile\r\nID CAB: 0\r\n\r\nFirma problema: \r\nP1: Update;\r\nP2: 80072f8f\r\nP3: 19045\r\nP4: 6456\r\nP5: Windows.Desktop\r\nP6: \r\nP7: \r\nP8: \r\nP9: \r\nP10: \r\n\r\nFile allegati:\r\n\\\\?\\C:\\ProgramData\\Microsoft\\Windows\\WER\\Temp\\WER1DC3.tmp.WERInternalMetadata.xml\r\n\r\nI file potrebbero essere disponibili qui:\r\n\\\\?\\C:\\ProgramData\\Microsoft\\Windows\\WER\\ReportQueue\\NonCritical_Update;_8da189d36e47241e58aa3b8ea69db1ed43f4_00000000_3d84fdd4-4d93-4b6b-8c38-b261eeb67bc9\r\n\r\nSimbolo analisi: \r\nNuova ricerca di soluzioni: 0\r\nID rapporto: 3d84fdd4-4d93-4b6b-8c38-b261eeb67bc9\r\nStato rapporto: 524388\r\nBucket con hash: \r\nGUID CAB: 0\""
        },
        "eventdata": {
          "data": "0, StoreAgentScanForUpdatesFailure0, Non disponibile, 0, Update;, 80072f8f, 19045, 6456, Windows.Desktop,   \\\\\\\\?\\\\C:\\\\ProgramData\\\\Microsoft\\\\Windows\\\\WER\\\\Temp\\\\WER1DC3.tmp.WERInternalMetadata.xml, \\\\\\\\?\\\\C:\\\\ProgramData\\\\Microsoft\\\\Windows\\\\WER\\\\ReportQueue\\\\NonCritical_Update;_8da189d36e47241e58aa3b8ea69db1ed43f4_00000000_3d84fdd4-4d93-4b6b-8c38-b261eeb67bc9, 0, 3d84fdd4-4d93-4b6b-8c38-b261eeb67bc9, 524388, 0"
        }
      }
    },
    "location": "EventChannel",
    "_inferred_source_ip": "192.168.30.24",
    "_capture_session": "apt-sim-20260402-102618_20260402_102618",
    "_captured_at_utc": "2026-04-02T08:35:26Z"
  },
  {
    "timestamp": "2026-04-02T08:35:47.558+0000",
    "rule": {
      "level": 12,
      "description": "Executable file dropped in Users\\Public folder",
      "id": "92207",
      "mitre": {
        "id": [
          "T1105"
        ],
        "tactic": [
          "Command and Control"
        ],
        "technique": [
          "Ingress Tool Transfer"
        ]
      },
      "firedtimes": 1,
      "mail": true,
      "groups": [
        "sysmon",
        "sysmon_eid11_detections",
        "windows"
      ]
    },
    "agent": {
      "id": "005",
      "name": "WS10",
      "ip": "192.168.30.24"
    },
    "manager": {
      "name": "wazuh-server"
    },
    "id": "1775118947.1160575",
    "decoder": {
      "name": "windows_eventchannel"
    },
    "data": {
      "win": {
        "system": {
          "providerName": "Microsoft-Windows-Sysmon",
          "providerGuid": "{5770385f-c22a-43e0-bf4c-06f5698ffbd9}",
          "eventID": "11",
          "version": "2",
          "level": "4",
          "task": "11",
          "opcode": "0",
          "keywords": "0x8000000000000000",
          "systemTime": "2026-04-02T08:35:46.5457815Z",
          "eventRecordID": "476384",
          "processID": "7940",
          "threadID": "8064",
          "channel": "Microsoft-Windows-Sysmon/Operational",
          "computer": "WS10",
          "severityValue": "INFORMATION",
          "message": "\"File created:\r\nRuleName: EXE\r\nUtcTime: 2026-04-02 08:35:46.541\r\nProcessGuid: {d9a99926-2a20-69ce-390f-000000000600}\r\nProcessId: 7144\r\nImage: C:\\Windows\\System32\\WindowsPowerShell\\v1.0\\powershell.exe\r\nTargetFilename: C:\\Users\\Public\\dio_salvi_la_regina20.exe\r\nCreationUtcTime: 2026-04-02 08:35:46.541\r\nUser: WS10\\Administrator\""
        },
        "eventdata": {
          "ruleName": "EXE",
          "utcTime": "2026-04-02 08:35:46.541",
          "processGuid": "{d9a99926-2a20-69ce-390f-000000000600}",
          "processId": "7144",
          "image": "C:\\\\Windows\\\\System32\\\\WindowsPowerShell\\\\v1.0\\\\powershell.exe",
          "targetFilename": "C:\\\\Users\\\\Public\\\\dio_salvi_la_regina20.exe",
          "creationUtcTime": "2026-04-02 08:35:46.541",
          "user": "WS10\\\\Administrator"
        }
      }
    },
    "location": "EventChannel",
    "_inferred_source_ip": "192.168.30.24",
    "_capture_session": "apt-sim-20260402-102618_20260402_102618",
    "_captured_at_utc": "2026-04-02T08:35:48Z"
  },
  {
    "timestamp": "2026-04-02T08:35:50.607+0000",
    "rule": {
      "level": 15,
      "description": "Executable file dropped in folder commonly used by malware",
      "id": "92213",
      "mitre": {
        "id": [
          "T1105"
        ],
        "tactic": [
          "Command and Control"
        ],
        "technique": [
          "Ingress Tool Transfer"
        ]
      },
      "firedtimes": 53,
      "mail": true,
      "groups": [
        "sysmon",
        "sysmon_eid11_detections",
        "windows"
      ]
    },
    "agent": {
      "id": "005",
      "name": "WS10",
      "ip": "192.168.30.24"
    },
    "manager": {
      "name": "wazuh-server"
    },
    "id": "1775118950.1163222",
    "decoder": {
      "name": "windows_eventchannel"
    },
    "data": {
      "win": {
        "system": {
          "providerName": "Microsoft-Windows-Sysmon",
          "providerGuid": "{5770385f-c22a-43e0-bf4c-06f5698ffbd9}",
          "eventID": "11",
          "version": "2",
          "level": "4",
          "task": "11",
          "opcode": "0",
          "keywords": "0x8000000000000000",
          "systemTime": "2026-04-02T08:35:47.8795381Z",
          "eventRecordID": "476577",
          "processID": "7940",
          "threadID": "8064",
          "channel": "Microsoft-Windows-Sysmon/Operational",
          "computer": "WS10",
          "severityValue": "INFORMATION",
          "message": "\"File created:\r\nRuleName: -\r\nUtcTime: 2026-04-02 08:35:47.864\r\nProcessGuid: {d9a99926-2a63-69ce-430f-000000000600}\r\nProcessId: 6776\r\nImage: C:\\Windows\\System32\\WindowsPowerShell\\v1.0\\powershell.exe\r\nTargetFilename: C:\\Users\\Administrator\\AppData\\Local\\Temp\\__PSScriptPolicyTest_pslmnfle.tza.ps1\r\nCreationUtcTime: 2026-04-02 08:35:47.864\r\nUser: WS10\\Administrator\""
        },
        "eventdata": {
          "utcTime": "2026-04-02 08:35:47.864",
          "processGuid": "{d9a99926-2a63-69ce-430f-000000000600}",
          "processId": "6776",
          "image": "C:\\\\Windows\\\\System32\\\\WindowsPowerShell\\\\v1.0\\\\powershell.exe",
          "targetFilename": "C:\\\\Users\\\\Administrator\\\\AppData\\\\Local\\\\Temp\\\\__PSScriptPolicyTest_pslmnfle.tza.ps1",
          "creationUtcTime": "2026-04-02 08:35:47.864",
          "user": "WS10\\\\Administrator"
        }
      }
    },
    "location": "EventChannel",
    "_inferred_source_ip": "192.168.30.24",
    "_capture_session": "apt-sim-20260402-102618_20260402_102618",
    "_captured_at_utc": "2026-04-02T08:35:51Z"
  },
  {
    "timestamp": "2026-04-02T08:35:55.877+0000",
    "rule": {
      "level": 6,
      "description": "Executable file created by powershell: C:\\\\Windows\\\\flag_red_team20.exe",
      "id": "92203",
      "mitre": {
        "id": [
          "T1105"
        ],
        "tactic": [
          "Command and Control"
        ],
        "technique": [
          "Ingress Tool Transfer"
        ]
      },
      "firedtimes": 1,
      "mail": false,
      "groups": [
        "sysmon",
        "sysmon_eid11_detections",
        "windows"
      ]
    },
    "agent": {
      "id": "005",
      "name": "WS10",
      "ip": "192.168.30.24"
    },
    "manager": {
      "name": "wazuh-server"
    },
    "id": "1775118955.1165999",
    "decoder": {
      "name": "windows_eventchannel"
    },
    "data": {
      "win": {
        "system": {
          "providerName": "Microsoft-Windows-Sysmon",
          "providerGuid": "{5770385f-c22a-43e0-bf4c-06f5698ffbd9}",
          "eventID": "11",
          "version": "2",
          "level": "4",
          "task": "11",
          "opcode": "0",
          "keywords": "0x8000000000000000",
          "systemTime": "2026-04-02T08:35:54.8585860Z",
          "eventRecordID": "476618",
          "processID": "7940",
          "threadID": "8064",
          "channel": "Microsoft-Windows-Sysmon/Operational",
          "computer": "WS10",
          "severityValue": "INFORMATION",
          "message": "\"File created:\r\nRuleName: EXE\r\nUtcTime: 2026-04-02 08:35:54.847\r\nProcessGuid: {d9a99926-2a20-69ce-390f-000000000600}\r\nProcessId: 7144\r\nImage: C:\\Windows\\System32\\WindowsPowerShell\\v1.0\\powershell.exe\r\nTargetFilename: C:\\Windows\\flag_red_team20.exe\r\nCreationUtcTime: 2026-04-02 08:35:54.847\r\nUser: WS10\\Administrator\""
        },
        "eventdata": {
          "ruleName": "EXE",
          "utcTime": "2026-04-02 08:35:54.847",
          "processGuid": "{d9a99926-2a20-69ce-390f-000000000600}",
          "processId": "7144",
          "image": "C:\\\\Windows\\\\System32\\\\WindowsPowerShell\\\\v1.0\\\\powershell.exe",
          "targetFilename": "C:\\\\Windows\\\\flag_red_team20.exe",
          "creationUtcTime": "2026-04-02 08:35:54.847",
          "user": "WS10\\\\Administrator"
        }
      }
    },
    "location": "EventChannel",
    "_inferred_source_ip": "192.168.30.24",
    "_capture_session": "apt-sim-20260402-102618_20260402_102618",
    "_captured_at_utc": "2026-04-02T08:35:56Z"
  },
  {
    "timestamp": "2026-04-02T08:35:57.052+0000",
    "rule": {
      "level": 15,
      "description": "Executable file dropped in folder commonly used by malware",
      "id": "92213",
      "mitre": {
        "id": [
          "T1105"
        ],
        "tactic": [
          "Command and Control"
        ],
        "technique": [
          "Ingress Tool Transfer"
        ]
      },
      "firedtimes": 54,
      "mail": true,
      "groups": [
        "sysmon",
        "sysmon_eid11_detections",
        "windows"
      ]
    },
    "agent": {
      "id": "005",
      "name": "WS10",
      "ip": "192.168.30.24"
    },
    "manager": {
      "name": "wazuh-server"
    },
    "id": "1775118957.1168615",
    "decoder": {
      "name": "windows_eventchannel"
    },
    "data": {
      "win": {
        "system": {
          "providerName": "Microsoft-Windows-Sysmon",
          "providerGuid": "{5770385f-c22a-43e0-bf4c-06f5698ffbd9}",
          "eventID": "11",
          "version": "2",
          "level": "4",
          "task": "11",
          "opcode": "0",
          "keywords": "0x8000000000000000",
          "systemTime": "2026-04-02T08:35:56.0842890Z",
          "eventRecordID": "476691",
          "processID": "7940",
          "threadID": "8064",
          "channel": "Microsoft-Windows-Sysmon/Operational",
          "computer": "WS10",
          "severityValue": "INFORMATION",
          "message": "\"File created:\r\nRuleName: -\r\nUtcTime: 2026-04-02 08:35:56.054\r\nProcessGuid: {d9a99926-2a6c-69ce-460f-000000000600}\r\nProcessId: 840\r\nImage: C:\\Windows\\System32\\WindowsPowerShell\\v1.0\\powershell.exe\r\nTargetFilename: C:\\Users\\Administrator\\AppData\\Local\\Temp\\__PSScriptPolicyTest_n2idozha.m1k.ps1\r\nCreationUtcTime: 2026-04-02 08:35:56.054\r\nUser: WS10\\Administrator\""
        },
        "eventdata": {
          "utcTime": "2026-04-02 08:35:56.054",
          "processGuid": "{d9a99926-2a6c-69ce-460f-000000000600}",
          "processId": "840",
          "image": "C:\\\\Windows\\\\System32\\\\WindowsPowerShell\\\\v1.0\\\\powershell.exe",
          "targetFilename": "C:\\\\Users\\\\Administrator\\\\AppData\\\\Local\\\\Temp\\\\__PSScriptPolicyTest_n2idozha.m1k.ps1",
          "creationUtcTime": "2026-04-02 08:35:56.054",
          "user": "WS10\\\\Administrator"
        }
      }
    },
    "location": "EventChannel",
    "_inferred_source_ip": "192.168.30.24",
    "_capture_session": "apt-sim-20260402-102618_20260402_102618",
    "_captured_at_utc": "2026-04-02T08:35:57Z"
  },
  {
    "timestamp": "2026-04-02T08:36:02.240+0000",
    "rule": {
      "level": 12,
      "description": "Executable file dropped in Users\\Public folder",
      "id": "92207",
      "mitre": {
        "id": [
          "T1105"
        ],
        "tactic": [
          "Command and Control"
        ],
        "technique": [
          "Ingress Tool Transfer"
        ]
      },
      "firedtimes": 2,
      "mail": true,
      "groups": [
        "sysmon",
        "sysmon_eid11_detections",
        "windows"
      ]
    },
    "agent": {
      "id": "005",
      "name": "WS10",
      "ip": "192.168.30.24"
    },
    "manager": {
      "name": "wazuh-server"
    },
    "id": "1775118962.1171388",
    "decoder": {
      "name": "windows_eventchannel"
    },
    "data": {
      "win": {
        "system": {
          "providerName": "Microsoft-Windows-Sysmon",
          "providerGuid": "{5770385f-c22a-43e0-bf4c-06f5698ffbd9}",
          "eventID": "11",
          "version": "2",
          "level": "4",
          "task": "11",
          "opcode": "0",
          "keywords": "0x8000000000000000",
          "systemTime": "2026-04-02T08:36:01.8843231Z",
          "eventRecordID": "476847",
          "processID": "7940",
          "threadID": "8064",
          "channel": "Microsoft-Windows-Sysmon/Operational",
          "computer": "WS10",
          "severityValue": "INFORMATION",
          "message": "\"File created:\r\nRuleName: EXE\r\nUtcTime: 2026-04-02 08:36:01.877\r\nProcessGuid: {d9a99926-2a20-69ce-390f-000000000600}\r\nProcessId: 7144\r\nImage: C:\\Windows\\System32\\WindowsPowerShell\\v1.0\\powershell.exe\r\nTargetFilename: C:\\Users\\Public\\hola_babe20.exe\r\nCreationUtcTime: 2026-04-02 08:36:01.877\r\nUser: WS10\\Administrator\""
        },
        "eventdata": {
          "ruleName": "EXE",
          "utcTime": "2026-04-02 08:36:01.877",
          "processGuid": "{d9a99926-2a20-69ce-390f-000000000600}",
          "processId": "7144",
          "image": "C:\\\\Windows\\\\System32\\\\WindowsPowerShell\\\\v1.0\\\\powershell.exe",
          "targetFilename": "C:\\\\Users\\\\Public\\\\hola_babe20.exe",
          "creationUtcTime": "2026-04-02 08:36:01.877",
          "user": "WS10\\\\Administrator"
        }
      }
    },
    "location": "EventChannel",
    "_inferred_source_ip": "192.168.30.24",
    "_capture_session": "apt-sim-20260402-102618_20260402_102618",
    "_captured_at_utc": "2026-04-02T08:36:03Z"
  },
  {
    "timestamp": "2026-04-02T08:36:07.068+0000",
    "rule": {
      "level": 15,
      "description": "Executable file dropped in folder commonly used by malware",
      "id": "92213",
      "mitre": {
        "id": [
          "T1105"
        ],
        "tactic": [
          "Command and Control"
        ],
        "technique": [
          "Ingress Tool Transfer"
        ]
      },
      "firedtimes": 55,
      "mail": true,
      "groups": [
        "sysmon",
        "sysmon_eid11_detections",
        "windows"
      ]
    },
    "agent": {
      "id": "005",
      "name": "WS10",
      "ip": "192.168.30.24"
    },
    "manager": {
      "name": "wazuh-server"
    },
    "id": "1775118967.1173995",
    "decoder": {
      "name": "windows_eventchannel"
    },
    "data": {
      "win": {
        "system": {
          "providerName": "Microsoft-Windows-Sysmon",
          "providerGuid": "{5770385f-c22a-43e0-bf4c-06f5698ffbd9}",
          "eventID": "11",
          "version": "2",
          "level": "4",
          "task": "11",
          "opcode": "0",
          "keywords": "0x8000000000000000",
          "systemTime": "2026-04-02T08:36:03.1077169Z",
          "eventRecordID": "477145",
          "processID": "7940",
          "threadID": "8064",
          "channel": "Microsoft-Windows-Sysmon/Operational",
          "computer": "WS10",
          "severityValue": "INFORMATION",
          "message": "\"File created:\r\nRuleName: -\r\nUtcTime: 2026-04-02 08:36:03.080\r\nProcessGuid: {d9a99926-2a73-69ce-4e0f-000000000600}\r\nProcessId: 7524\r\nImage: C:\\Windows\\System32\\WindowsPowerShell\\v1.0\\powershell.exe\r\nTargetFilename: C:\\Users\\Administrator\\AppData\\Local\\Temp\\__PSScriptPolicyTest_jq1ctvtk.112.ps1\r\nCreationUtcTime: 2026-04-02 08:36:03.080\r\nUser: WS10\\Administrator\""
        },
        "eventdata": {
          "utcTime": "2026-04-02 08:36:03.080",
          "processGuid": "{d9a99926-2a73-69ce-4e0f-000000000600}",
          "processId": "7524",
          "image": "C:\\\\Windows\\\\System32\\\\WindowsPowerShell\\\\v1.0\\\\powershell.exe",
          "targetFilename": "C:\\\\Users\\\\Administrator\\\\AppData\\\\Local\\\\Temp\\\\__PSScriptPolicyTest_jq1ctvtk.112.ps1",
          "creationUtcTime": "2026-04-02 08:36:03.080",
          "user": "WS10\\\\Administrator"
        }
      }
    },
    "location": "EventChannel",
    "_inferred_source_ip": "192.168.30.24",
    "_capture_session": "apt-sim-20260402-102618_20260402_102618",
    "_captured_at_utc": "2026-04-02T08:36:07Z"
  },
  {
    "timestamp": "2026-04-02T08:36:07.073+0000",
    "rule": {
      "level": 3,
      "description": "Service startup type was changed",
      "id": "61104",
      "info": "This does not appear to be logged on Windows 2000",
      "firedtimes": 1,
      "mail": false,
      "groups": [
        "windows",
        "windows_system",
        "policy_changed"
      ],
      "pci_dss": [
        "10.6"
      ],
      "gdpr": [
        "IV_35.7.d"
      ],
      "hipaa": [
        "164.312.b"
      ],
      "nist_800_53": [
        "AU.6"
      ],
      "tsc": [
        "CC6.1",
        "CC6.8",
        "CC7.2",
        "CC7.3"
      ]
    },
    "agent": {
      "id": "005",
      "name": "WS10",
      "ip": "192.168.30.24"
    },
    "manager": {
      "name": "wazuh-server"
    },
    "id": "1775118967.1176772",
    "decoder": {
      "name": "windows_eventchannel"
    },
    "data": {
      "win": {
        "system": {
          "providerName": "Service Control Manager",
          "providerGuid": "{555908d1-a6d7-4695-8e1e-26931d2012f4}",
          "eventSourceName": "Service Control Manager",
          "eventID": "7040",
          "version": "0",
          "level": "4",
          "task": "0",
          "opcode": "0",
          "keywords": "0x8080000000000000",
          "systemTime": "2026-04-02T08:36:02.6885590Z",
          "eventRecordID": "1468",
          "processID": "668",
          "threadID": "8928",
          "channel": "System",
          "computer": "WS10",
          "severityValue": "INFORMATION",
          "message": "\"È stato modificato il tipo di avvio del servizio Gestione remota Windows (WS-Management) da Avvio su richiesta a Avvio automatico.\""
        },
        "eventdata": {
          "param1": "Gestione remota Windows (WS-Management)",
          "param2": "Avvio su richiesta",
          "param3": "Avvio automatico",
          "param4": "WinRM"
        }
      }
    },
    "location": "EventChannel",
    "_inferred_source_ip": "192.168.30.24",
    "_capture_session": "apt-sim-20260402-102618_20260402_102618",
    "_captured_at_utc": "2026-04-02T08:36:07Z"
  },
  {
    "timestamp": "2026-04-02T08:36:11.140+0000",
    "rule": {
      "level": 7,
      "description": "Agent event queue is 90% full.",
      "id": "202",
      "firedtimes": 1,
      "mail": false,
      "groups": [
        "wazuh",
        "agent_flooding"
      ],
      "pci_dss": [
        "10.6.1"
      ],
      "gdpr": [
        "IV_35.7.d"
      ]
    },
    "agent": {
      "id": "005",
      "name": "WS10",
      "ip": "192.168.30.24"
    },
    "manager": {
      "name": "wazuh-server"
    },
    "id": "1775118971.1178631",
    "full_log": "wazuh: Agent buffer: '90%'.",
    "decoder": {
      "parent": "wazuh",
      "name": "wazuh"
    },
    "data": {
      "level": "90%"
    },
    "location": "wazuh-agent",
    "_inferred_source_ip": "192.168.30.24",
    "_capture_session": "apt-sim-20260402-102618_20260402_102618",
    "_captured_at_utc": "2026-04-02T08:36:12Z"
  },
  {
    "timestamp": "2026-04-02T08:36:12.965+0000",
    "rule": {
      "level": 9,
      "description": "Agent event queue is full. Events may be lost.",
      "id": "203",
      "firedtimes": 1,
      "mail": false,
      "groups": [
        "wazuh",
        "agent_flooding"
      ],
      "pci_dss": [
        "10.6.1"
      ],
      "gdpr": [
        "IV_35.7.d"
      ]
    },
    "agent": {
      "id": "005",
      "name": "WS10",
      "ip": "192.168.30.24"
    },
    "manager": {
      "name": "wazuh-server"
    },
    "id": "1775118972.1178855",
    "full_log": "wazuh: Agent buffer: 'full'.",
    "decoder": {
      "parent": "wazuh",
      "name": "wazuh"
    },
    "data": {
      "level": "full"
    },
    "location": "wazuh-agent",
    "_inferred_source_ip": "192.168.30.24",
    "_capture_session": "apt-sim-20260402-102618_20260402_102618",
    "_captured_at_utc": "2026-04-02T08:36:13Z"
  }
]