[
  {
    "timestamp": "2026-04-02T08:26:55.942+0000",
    "rule": {
      "level": 15,
      "description": "Executable file dropped in folder commonly used by malware",
      "id": "92213",
      "mitre": {
        "id": [
          "T1105"
        ],
        "tactic": [
          "Command and Control"
        ],
        "technique": [
          "Ingress Tool Transfer"
        ]
      },
      "firedtimes": 44,
      "mail": true,
      "groups": [
        "sysmon",
        "sysmon_eid11_detections",
        "windows"
      ]
    },
    "agent": {
      "id": "005",
      "name": "WS10",
      "ip": "192.168.30.24"
    },
    "manager": {
      "name": "wazuh-server"
    },
    "id": "1775118415.1076299",
    "decoder": {
      "name": "windows_eventchannel"
    },
    "data": {
      "win": {
        "system": {
          "providerName": "Microsoft-Windows-Sysmon",
          "providerGuid": "{5770385f-c22a-43e0-bf4c-06f5698ffbd9}",
          "eventID": "11",
          "version": "2",
          "level": "4",
          "task": "11",
          "opcode": "0",
          "keywords": "0x8000000000000000",
          "systemTime": "2026-04-02T08:26:51.7399507Z",
          "eventRecordID": "468800",
          "processID": "7940",
          "threadID": "8064",
          "channel": "Microsoft-Windows-Sysmon/Operational",
          "computer": "WS10",
          "severityValue": "INFORMATION",
          "message": "\"File created:\r\nRuleName: -\r\nUtcTime: 2026-04-02 08:26:51.726\r\nProcessGuid: {d9a99926-284b-69ce-040f-000000000600}\r\nProcessId: 4684\r\nImage: C:\\Windows\\System32\\WindowsPowerShell\\v1.0\\powershell.exe\r\nTargetFilename: C:\\Users\\Administrator\\AppData\\Local\\Temp\\__PSScriptPolicyTest_tm0daixo.ad0.ps1\r\nCreationUtcTime: 2026-04-02 08:26:51.726\r\nUser: WS10\\Administrator\""
        },
        "eventdata": {
          "utcTime": "2026-04-02 08:26:51.726",
          "processGuid": "{d9a99926-284b-69ce-040f-000000000600}",
          "processId": "4684",
          "image": "C:\\\\Windows\\\\System32\\\\WindowsPowerShell\\\\v1.0\\\\powershell.exe",
          "targetFilename": "C:\\\\Users\\\\Administrator\\\\AppData\\\\Local\\\\Temp\\\\__PSScriptPolicyTest_tm0daixo.ad0.ps1",
          "creationUtcTime": "2026-04-02 08:26:51.726",
          "user": "WS10\\\\Administrator"
        }
      }
    },
    "location": "EventChannel",
    "_inferred_source_ip": "192.168.30.24",
    "_capture_session": "apt-sim-20260402-102618_20260402_102618",
    "_captured_at_utc": "2026-04-02T08:26:56Z"
  },
  {
    "timestamp": "2026-04-02T08:27:56.772+0000",
    "rule": {
      "level": 15,
      "description": "Executable file dropped in folder commonly used by malware",
      "id": "92213",
      "mitre": {
        "id": [
          "T1105"
        ],
        "tactic": [
          "Command and Control"
        ],
        "technique": [
          "Ingress Tool Transfer"
        ]
      },
      "firedtimes": 45,
      "mail": true,
      "groups": [
        "sysmon",
        "sysmon_eid11_detections",
        "windows"
      ]
    },
    "agent": {
      "id": "005",
      "name": "WS10",
      "ip": "192.168.30.24"
    },
    "manager": {
      "name": "wazuh-server"
    },
    "id": "1775118476.1079076",
    "decoder": {
      "name": "windows_eventchannel"
    },
    "data": {
      "win": {
        "system": {
          "providerName": "Microsoft-Windows-Sysmon",
          "providerGuid": "{5770385f-c22a-43e0-bf4c-06f5698ffbd9}",
          "eventID": "11",
          "version": "2",
          "level": "4",
          "task": "11",
          "opcode": "0",
          "keywords": "0x8000000000000000",
          "systemTime": "2026-04-02T08:27:56.6815290Z",
          "eventRecordID": "469402",
          "processID": "7940",
          "threadID": "8064",
          "channel": "Microsoft-Windows-Sysmon/Operational",
          "computer": "WS10",
          "severityValue": "INFORMATION",
          "message": "\"File created:\r\nRuleName: -\r\nUtcTime: 2026-04-02 08:27:56.668\r\nProcessGuid: {d9a99926-288c-69ce-080f-000000000600}\r\nProcessId: 4144\r\nImage: C:\\Windows\\System32\\WindowsPowerShell\\v1.0\\powershell.exe\r\nTargetFilename: C:\\Users\\Administrator\\AppData\\Local\\Temp\\__PSScriptPolicyTest_foofr1li.c0g.ps1\r\nCreationUtcTime: 2026-04-02 08:27:56.668\r\nUser: WS10\\Administrator\""
        },
        "eventdata": {
          "utcTime": "2026-04-02 08:27:56.668",
          "processGuid": "{d9a99926-288c-69ce-080f-000000000600}",
          "processId": "4144",
          "image": "C:\\\\Windows\\\\System32\\\\WindowsPowerShell\\\\v1.0\\\\powershell.exe",
          "targetFilename": "C:\\\\Users\\\\Administrator\\\\AppData\\\\Local\\\\Temp\\\\__PSScriptPolicyTest_foofr1li.c0g.ps1",
          "creationUtcTime": "2026-04-02 08:27:56.668",
          "user": "WS10\\\\Administrator"
        }
      }
    },
    "location": "EventChannel",
    "_inferred_source_ip": "192.168.30.24",
    "_capture_session": "apt-sim-20260402-102618_20260402_102618",
    "_captured_at_utc": "2026-04-02T08:27:56Z"
  },
  {
    "timestamp": "2026-04-02T08:29:03.325+0000",
    "rule": {
      "level": 15,
      "description": "Executable file dropped in folder commonly used by malware",
      "id": "92213",
      "mitre": {
        "id": [
          "T1105"
        ],
        "tactic": [
          "Command and Control"
        ],
        "technique": [
          "Ingress Tool Transfer"
        ]
      },
      "firedtimes": 46,
      "mail": true,
      "groups": [
        "sysmon",
        "sysmon_eid11_detections",
        "windows"
      ]
    },
    "agent": {
      "id": "005",
      "name": "WS10",
      "ip": "192.168.30.24"
    },
    "manager": {
      "name": "wazuh-server"
    },
    "id": "1775118543.1081853",
    "decoder": {
      "name": "windows_eventchannel"
    },
    "data": {
      "win": {
        "system": {
          "providerName": "Microsoft-Windows-Sysmon",
          "providerGuid": "{5770385f-c22a-43e0-bf4c-06f5698ffbd9}",
          "eventID": "11",
          "version": "2",
          "level": "4",
          "task": "11",
          "opcode": "0",
          "keywords": "0x8000000000000000",
          "systemTime": "2026-04-02T08:29:01.1699288Z",
          "eventRecordID": "469737",
          "processID": "7940",
          "threadID": "8064",
          "channel": "Microsoft-Windows-Sysmon/Operational",
          "computer": "WS10",
          "severityValue": "INFORMATION",
          "message": "\"File created:\r\nRuleName: -\r\nUtcTime: 2026-04-02 08:29:01.164\r\nProcessGuid: {d9a99926-28cd-69ce-090f-000000000600}\r\nProcessId: 1288\r\nImage: C:\\Windows\\System32\\WindowsPowerShell\\v1.0\\powershell.exe\r\nTargetFilename: C:\\Users\\Administrator\\AppData\\Local\\Temp\\__PSScriptPolicyTest_r2zoouqu.a3b.ps1\r\nCreationUtcTime: 2026-04-02 08:29:01.164\r\nUser: WS10\\Administrator\""
        },
        "eventdata": {
          "utcTime": "2026-04-02 08:29:01.164",
          "processGuid": "{d9a99926-28cd-69ce-090f-000000000600}",
          "processId": "1288",
          "image": "C:\\\\Windows\\\\System32\\\\WindowsPowerShell\\\\v1.0\\\\powershell.exe",
          "targetFilename": "C:\\\\Users\\\\Administrator\\\\AppData\\\\Local\\\\Temp\\\\__PSScriptPolicyTest_r2zoouqu.a3b.ps1",
          "creationUtcTime": "2026-04-02 08:29:01.164",
          "user": "WS10\\\\Administrator"
        }
      }
    },
    "location": "EventChannel",
    "_inferred_source_ip": "192.168.30.24",
    "_capture_session": "apt-sim-20260402-102618_20260402_102618",
    "_captured_at_utc": "2026-04-02T08:29:03Z"
  },
  {
    "timestamp": "2026-04-02T08:29:43.233+0000",
    "rule": {
      "level": 15,
      "description": "Executable file dropped in folder commonly used by malware",
      "id": "92213",
      "mitre": {
        "id": [
          "T1105"
        ],
        "tactic": [
          "Command and Control"
        ],
        "technique": [
          "Ingress Tool Transfer"
        ]
      },
      "firedtimes": 47,
      "mail": true,
      "groups": [
        "sysmon",
        "sysmon_eid11_detections",
        "windows"
      ]
    },
    "agent": {
      "id": "005",
      "name": "WS10",
      "ip": "192.168.30.24"
    },
    "manager": {
      "name": "wazuh-server"
    },
    "id": "1775118583.1084630",
    "decoder": {
      "name": "windows_eventchannel"
    },
    "data": {
      "win": {
        "system": {
          "providerName": "Microsoft-Windows-Sysmon",
          "providerGuid": "{5770385f-c22a-43e0-bf4c-06f5698ffbd9}",
          "eventID": "11",
          "version": "2",
          "level": "4",
          "task": "11",
          "opcode": "0",
          "keywords": "0x8000000000000000",
          "systemTime": "2026-04-02T08:29:41.1841094Z",
          "eventRecordID": "470036",
          "processID": "7940",
          "threadID": "8064",
          "channel": "Microsoft-Windows-Sysmon/Operational",
          "computer": "WS10",
          "severityValue": "INFORMATION",
          "message": "\"File created:\r\nRuleName: -\r\nUtcTime: 2026-04-02 08:29:41.167\r\nProcessGuid: {d9a99926-28f5-69ce-0a0f-000000000600}\r\nProcessId: 6732\r\nImage: C:\\Windows\\System32\\WindowsPowerShell\\v1.0\\powershell.exe\r\nTargetFilename: C:\\Users\\Administrator\\AppData\\Local\\Temp\\__PSScriptPolicyTest_0zk2c4kn.3yt.ps1\r\nCreationUtcTime: 2026-04-02 08:29:41.167\r\nUser: WS10\\Administrator\""
        },
        "eventdata": {
          "utcTime": "2026-04-02 08:29:41.167",
          "processGuid": "{d9a99926-28f5-69ce-0a0f-000000000600}",
          "processId": "6732",
          "image": "C:\\\\Windows\\\\System32\\\\WindowsPowerShell\\\\v1.0\\\\powershell.exe",
          "targetFilename": "C:\\\\Users\\\\Administrator\\\\AppData\\\\Local\\\\Temp\\\\__PSScriptPolicyTest_0zk2c4kn.3yt.ps1",
          "creationUtcTime": "2026-04-02 08:29:41.167",
          "user": "WS10\\\\Administrator"
        }
      }
    },
    "location": "EventChannel",
    "_inferred_source_ip": "192.168.30.24",
    "_capture_session": "apt-sim-20260402-102618_20260402_102618",
    "_captured_at_utc": "2026-04-02T08:29:44Z"
  },
  {
    "timestamp": "2026-04-02T08:30:30.357+0000",
    "rule": {
      "level": 15,
      "description": "Executable file dropped in folder commonly used by malware",
      "id": "92213",
      "mitre": {
        "id": [
          "T1105"
        ],
        "tactic": [
          "Command and Control"
        ],
        "technique": [
          "Ingress Tool Transfer"
        ]
      },
      "firedtimes": 48,
      "mail": true,
      "groups": [
        "sysmon",
        "sysmon_eid11_detections",
        "windows"
      ]
    },
    "agent": {
      "id": "005",
      "name": "WS10",
      "ip": "192.168.30.24"
    },
    "manager": {
      "name": "wazuh-server"
    },
    "id": "1775118630.1087407",
    "decoder": {
      "name": "windows_eventchannel"
    },
    "data": {
      "win": {
        "system": {
          "providerName": "Microsoft-Windows-Sysmon",
          "providerGuid": "{5770385f-c22a-43e0-bf4c-06f5698ffbd9}",
          "eventID": "11",
          "version": "2",
          "level": "4",
          "task": "11",
          "opcode": "0",
          "keywords": "0x8000000000000000",
          "systemTime": "2026-04-02T08:30:28.2196112Z",
          "eventRecordID": "470297",
          "processID": "7940",
          "threadID": "8064",
          "channel": "Microsoft-Windows-Sysmon/Operational",
          "computer": "WS10",
          "severityValue": "INFORMATION",
          "message": "\"File created:\r\nRuleName: -\r\nUtcTime: 2026-04-02 08:30:28.205\r\nProcessGuid: {d9a99926-2924-69ce-0b0f-000000000600}\r\nProcessId: 5304\r\nImage: C:\\Windows\\System32\\WindowsPowerShell\\v1.0\\powershell.exe\r\nTargetFilename: C:\\Users\\Administrator\\AppData\\Local\\Temp\\__PSScriptPolicyTest_hqx4z45w.13m.ps1\r\nCreationUtcTime: 2026-04-02 08:30:28.205\r\nUser: WS10\\Administrator\""
        },
        "eventdata": {
          "utcTime": "2026-04-02 08:30:28.205",
          "processGuid": "{d9a99926-2924-69ce-0b0f-000000000600}",
          "processId": "5304",
          "image": "C:\\\\Windows\\\\System32\\\\WindowsPowerShell\\\\v1.0\\\\powershell.exe",
          "targetFilename": "C:\\\\Users\\\\Administrator\\\\AppData\\\\Local\\\\Temp\\\\__PSScriptPolicyTest_hqx4z45w.13m.ps1",
          "creationUtcTime": "2026-04-02 08:30:28.205",
          "user": "WS10\\\\Administrator"
        }
      }
    },
    "location": "EventChannel",
    "_inferred_source_ip": "192.168.30.24",
    "_capture_session": "apt-sim-20260402-102618_20260402_102618",
    "_captured_at_utc": "2026-04-02T08:30:31Z"
  },
  {
    "timestamp": "2026-04-02T08:31:28.164+0000",
    "rule": {
      "level": 4,
      "description": "Summary event of the report's signatures.",
      "id": "60608",
      "firedtimes": 1,
      "mail": false,
      "groups": [
        "windows",
        "windows_application"
      ]
    },
    "agent": {
      "id": "005",
      "name": "WS10",
      "ip": "192.168.30.24"
    },
    "manager": {
      "name": "wazuh-server"
    },
    "id": "1775118688.1090184",
    "decoder": {
      "name": "windows_eventchannel"
    },
    "data": {
      "win": {
        "system": {
          "providerName": "Windows Error Reporting",
          "eventID": "1001",
          "version": "0",
          "level": "4",
          "task": "0",
          "opcode": "0",
          "keywords": "0x80000000000000",
          "systemTime": "2026-04-02T08:31:19.7407193Z",
          "eventRecordID": "1991",
          "processID": "0",
          "threadID": "0",
          "channel": "Application",
          "computer": "WS10",
          "severityValue": "INFORMATION",
          "message": "\"Bucket errato , tipo 0\r\nNome evento: StoreAgentScanForUpdatesFailure0\r\nRisposta: Non disponibile\r\nID CAB: 0\r\n\r\nFirma problema: \r\nP1: Update;\r\nP2: 80072f8f\r\nP3: 19045\r\nP4: 6456\r\nP5: Windows.Desktop\r\nP6: \r\nP7: \r\nP8: \r\nP9: \r\nP10: \r\n\r\nFile allegati:\r\n\r\nI file potrebbero essere disponibili qui:\r\n\\\\?\\C:\\ProgramData\\Microsoft\\Windows\\WER\\ReportQueue\\NonCritical_Update;_8da189d36e47241e58aa3b8ea69db1ed43f4_00000000_3d84fdd4-4d93-4b6b-8c38-b261eeb67bc9\r\n\r\nSimbolo analisi: \r\nNuova ricerca di soluzioni: 0\r\nID rapporto: 3d84fdd4-4d93-4b6b-8c38-b261eeb67bc9\r\nStato rapporto: 4\r\nBucket con hash: \r\nGUID CAB: 0\""
        },
        "eventdata": {
          "data": "0, StoreAgentScanForUpdatesFailure0, Non disponibile, 0, Update;, 80072f8f, 19045, 6456, Windows.Desktop, \\\\\\\\?\\\\C:\\\\ProgramData\\\\Microsoft\\\\Windows\\\\WER\\\\ReportQueue\\\\NonCritical_Update;_8da189d36e47241e58aa3b8ea69db1ed43f4_00000000_3d84fdd4-4d93-4b6b-8c38-b261eeb67bc9, 0, 3d84fdd4-4d93-4b6b-8c38-b261eeb67bc9, 4, 0"
        }
      }
    },
    "location": "EventChannel",
    "_inferred_source_ip": "192.168.30.24",
    "_capture_session": "apt-sim-20260402-102618_20260402_102618",
    "_captured_at_utc": "2026-04-02T08:31:29Z"
  },
  {
    "timestamp": "2026-04-02T08:31:30.638+0000",
    "rule": {
      "level": 4,
      "description": "Summary event of the report's signatures.",
      "id": "60608",
      "firedtimes": 2,
      "mail": false,
      "groups": [
        "windows",
        "windows_application"
      ]
    },
    "agent": {
      "id": "005",
      "name": "WS10",
      "ip": "192.168.30.24"
    },
    "manager": {
      "name": "wazuh-server"
    },
    "id": "1775118690.1093111",
    "decoder": {
      "name": "windows_eventchannel"
    },
    "data": {
      "win": {
        "system": {
          "providerName": "Windows Error Reporting",
          "eventID": "1001",
          "version": "0",
          "level": "4",
          "task": "0",
          "opcode": "0",
          "keywords": "0x80000000000000",
          "systemTime": "2026-04-02T08:31:19.9369650Z",
          "eventRecordID": "1992",
          "processID": "0",
          "threadID": "0",
          "channel": "Application",
          "computer": "WS10",
          "severityValue": "INFORMATION",
          "message": "\"Bucket errato , tipo 0\r\nNome evento: StoreAgentScanForUpdatesFailure0\r\nRisposta: Non disponibile\r\nID CAB: 0\r\n\r\nFirma problema: \r\nP1: Update;\r\nP2: 800b0109\r\nP3: 19045\r\nP4: 6456\r\nP5: Windows.Desktop\r\nP6: \r\nP7: \r\nP8: \r\nP9: \r\nP10: \r\n\r\nFile allegati:\r\n\\\\?\\C:\\ProgramData\\Microsoft\\Windows\\WER\\Temp\\WERE65B.tmp.WERInternalMetadata.xml\r\n\r\nI file potrebbero essere disponibili qui:\r\n\\\\?\\C:\\ProgramData\\Microsoft\\Windows\\WER\\ReportQueue\\NonCritical_Update;_eecf652836fa33d4f71220c9d8ef743c5c6ddb_00000000_c2848408-06d3-48e3-840f-bdf10595fd74\r\n\r\nSimbolo analisi: \r\nNuova ricerca di soluzioni: 0\r\nID rapporto: c2848408-06d3-48e3-840f-bdf10595fd74\r\nStato rapporto: 524388\r\nBucket con hash: \r\nGUID CAB: 0\""
        },
        "eventdata": {
          "data": "0, StoreAgentScanForUpdatesFailure0, Non disponibile, 0, Update;, 800b0109, 19045, 6456, Windows.Desktop,   \\\\\\\\?\\\\C:\\\\ProgramData\\\\Microsoft\\\\Windows\\\\WER\\\\Temp\\\\WERE65B.tmp.WERInternalMetadata.xml, \\\\\\\\?\\\\C:\\\\ProgramData\\\\Microsoft\\\\Windows\\\\WER\\\\ReportQueue\\\\NonCritical_Update;_eecf652836fa33d4f71220c9d8ef743c5c6ddb_00000000_c2848408-06d3-48e3-840f-bdf10595fd74, 0, c2848408-06d3-48e3-840f-bdf10595fd74, 524388, 0"
        }
      }
    },
    "location": "EventChannel",
    "_inferred_source_ip": "192.168.30.24",
    "_capture_session": "apt-sim-20260402-102618_20260402_102618",
    "_captured_at_utc": "2026-04-02T08:31:31Z"
  },
  {
    "timestamp": "2026-04-02T08:31:31.883+0000",
    "rule": {
      "level": 4,
      "description": "Summary event of the report's signatures.",
      "id": "60608",
      "firedtimes": 3,
      "mail": false,
      "groups": [
        "windows",
        "windows_application"
      ]
    },
    "agent": {
      "id": "005",
      "name": "WS10",
      "ip": "192.168.30.24"
    },
    "manager": {
      "name": "wazuh-server"
    },
    "id": "1775118691.1096449",
    "decoder": {
      "name": "windows_eventchannel"
    },
    "data": {
      "win": {
        "system": {
          "providerName": "Windows Error Reporting",
          "eventID": "1001",
          "version": "0",
          "level": "4",
          "task": "0",
          "opcode": "0",
          "keywords": "0x80000000000000",
          "systemTime": "2026-04-02T08:31:20.0155072Z",
          "eventRecordID": "1993",
          "processID": "0",
          "threadID": "0",
          "channel": "Application",
          "computer": "WS10",
          "severityValue": "INFORMATION",
          "message": "\"Bucket errato , tipo 0\r\nNome evento: StoreAgentScanForUpdatesFailure0\r\nRisposta: Non disponibile\r\nID CAB: 0\r\n\r\nFirma problema: \r\nP1: Update;\r\nP2: 80072f8f\r\nP3: 19045\r\nP4: 6456\r\nP5: Windows.Desktop\r\nP6: \r\nP7: \r\nP8: \r\nP9: \r\nP10: \r\n\r\nFile allegati:\r\n\\\\?\\C:\\ProgramData\\Microsoft\\Windows\\WER\\Temp\\WER2414.tmp.WERInternalMetadata.xml\r\n\r\nI file potrebbero essere disponibili qui:\r\n\\\\?\\C:\\ProgramData\\Microsoft\\Windows\\WER\\ReportQueue\\NonCritical_Update;_8da189d36e47241e58aa3b8ea69db1ed43f4_00000000_72529d62-0620-4b65-9596-3b34952ce9d7\r\n\r\nSimbolo analisi: \r\nNuova ricerca di soluzioni: 0\r\nID rapporto: 72529d62-0620-4b65-9596-3b34952ce9d7\r\nStato rapporto: 524388\r\nBucket con hash: \r\nGUID CAB: 0\""
        },
        "eventdata": {
          "data": "0, StoreAgentScanForUpdatesFailure0, Non disponibile, 0, Update;, 80072f8f, 19045, 6456, Windows.Desktop,   \\\\\\\\?\\\\C:\\\\ProgramData\\\\Microsoft\\\\Windows\\\\WER\\\\Temp\\\\WER2414.tmp.WERInternalMetadata.xml, \\\\\\\\?\\\\C:\\\\ProgramData\\\\Microsoft\\\\Windows\\\\WER\\\\ReportQueue\\\\NonCritical_Update;_8da189d36e47241e58aa3b8ea69db1ed43f4_00000000_72529d62-0620-4b65-9596-3b34952ce9d7, 0, 72529d62-0620-4b65-9596-3b34952ce9d7, 524388, 0"
        }
      }
    },
    "location": "EventChannel",
    "_inferred_source_ip": "192.168.30.24",
    "_capture_session": "apt-sim-20260402-102618_20260402_102618",
    "_captured_at_utc": "2026-04-02T08:31:32Z"
  },
  {
    "timestamp": "2026-04-02T08:31:33.236+0000",
    "rule": {
      "level": 4,
      "description": "Summary event of the report's signatures.",
      "id": "60608",
      "firedtimes": 4,
      "mail": false,
      "groups": [
        "windows",
        "windows_application"
      ]
    },
    "agent": {
      "id": "005",
      "name": "WS10",
      "ip": "192.168.30.24"
    },
    "manager": {
      "name": "wazuh-server"
    },
    "id": "1775118693.1099779",
    "decoder": {
      "name": "windows_eventchannel"
    },
    "data": {
      "win": {
        "system": {
          "providerName": "Windows Error Reporting",
          "eventID": "1001",
          "version": "0",
          "level": "4",
          "task": "0",
          "opcode": "0",
          "keywords": "0x80000000000000",
          "systemTime": "2026-04-02T08:31:20.1089933Z",
          "eventRecordID": "1994",
          "processID": "0",
          "threadID": "0",
          "channel": "Application",
          "computer": "WS10",
          "severityValue": "INFORMATION",
          "message": "\"Bucket errato , tipo 0\r\nNome evento: StoreAgentScanForUpdatesFailure0\r\nRisposta: Non disponibile\r\nID CAB: 0\r\n\r\nFirma problema: \r\nP1: Update;\r\nP2: 80072f8f\r\nP3: 19045\r\nP4: 6456\r\nP5: Windows.Desktop\r\nP6: \r\nP7: \r\nP8: \r\nP9: \r\nP10: \r\n\r\nFile allegati:\r\n\\\\?\\C:\\ProgramData\\Microsoft\\Windows\\WER\\Temp\\WERBA2A.tmp.WERInternalMetadata.xml\r\n\r\nI file potrebbero essere disponibili qui:\r\n\\\\?\\C:\\ProgramData\\Microsoft\\Windows\\WER\\ReportQueue\\NonCritical_Update;_8da189d36e47241e58aa3b8ea69db1ed43f4_00000000_bb1be836-c9a0-43b9-9b60-18677df16b3b\r\n\r\nSimbolo analisi: \r\nNuova ricerca di soluzioni: 0\r\nID rapporto: bb1be836-c9a0-43b9-9b60-18677df16b3b\r\nStato rapporto: 524388\r\nBucket con hash: \r\nGUID CAB: 0\""
        },
        "eventdata": {
          "data": "0, StoreAgentScanForUpdatesFailure0, Non disponibile, 0, Update;, 80072f8f, 19045, 6456, Windows.Desktop,   \\\\\\\\?\\\\C:\\\\ProgramData\\\\Microsoft\\\\Windows\\\\WER\\\\Temp\\\\WERBA2A.tmp.WERInternalMetadata.xml, \\\\\\\\?\\\\C:\\\\ProgramData\\\\Microsoft\\\\Windows\\\\WER\\\\ReportQueue\\\\NonCritical_Update;_8da189d36e47241e58aa3b8ea69db1ed43f4_00000000_bb1be836-c9a0-43b9-9b60-18677df16b3b, 0, bb1be836-c9a0-43b9-9b60-18677df16b3b, 524388, 0"
        }
      }
    },
    "location": "EventChannel",
    "_inferred_source_ip": "192.168.30.24",
    "_capture_session": "apt-sim-20260402-102618_20260402_102618",
    "_captured_at_utc": "2026-04-02T08:31:33Z"
  },
  {
    "timestamp": "2026-04-02T08:31:33.251+0000",
    "rule": {
      "level": 4,
      "description": "Summary event of the report's signatures.",
      "id": "60608",
      "firedtimes": 5,
      "mail": false,
      "groups": [
        "windows",
        "windows_application"
      ]
    },
    "agent": {
      "id": "005",
      "name": "WS10",
      "ip": "192.168.30.24"
    },
    "manager": {
      "name": "wazuh-server"
    },
    "id": "1775118693.1103109",
    "decoder": {
      "name": "windows_eventchannel"
    },
    "data": {
      "win": {
        "system": {
          "providerName": "Windows Error Reporting",
          "eventID": "1001",
          "version": "0",
          "level": "4",
          "task": "0",
          "opcode": "0",
          "keywords": "0x80000000000000",
          "systemTime": "2026-04-02T08:31:20.1712722Z",
          "eventRecordID": "1995",
          "processID": "0",
          "threadID": "0",
          "channel": "Application",
          "computer": "WS10",
          "severityValue": "INFORMATION",
          "message": "\"Bucket errato , tipo 0\r\nNome evento: StoreAgentScanForUpdatesFailure0\r\nRisposta: Non disponibile\r\nID CAB: 0\r\n\r\nFirma problema: \r\nP1: Update;\r\nP2: 80072f8f\r\nP3: 19045\r\nP4: 6456\r\nP5: Windows.Desktop\r\nP6: \r\nP7: \r\nP8: \r\nP9: \r\nP10: \r\n\r\nFile allegati:\r\n\\\\?\\C:\\ProgramData\\Microsoft\\Windows\\WER\\Temp\\WER8312.tmp.WERInternalMetadata.xml\r\n\r\nI file potrebbero essere disponibili qui:\r\n\\\\?\\C:\\ProgramData\\Microsoft\\Windows\\WER\\ReportQueue\\NonCritical_Update;_8da189d36e47241e58aa3b8ea69db1ed43f4_00000000_75bf6a3a-fb95-417c-bb37-74056191ea2c\r\n\r\nSimbolo analisi: \r\nNuova ricerca di soluzioni: 0\r\nID rapporto: 75bf6a3a-fb95-417c-bb37-74056191ea2c\r\nStato rapporto: 524388\r\nBucket con hash: \r\nGUID CAB: 0\""
        },
        "eventdata": {
          "data": "0, StoreAgentScanForUpdatesFailure0, Non disponibile, 0, Update;, 80072f8f, 19045, 6456, Windows.Desktop,   \\\\\\\\?\\\\C:\\\\ProgramData\\\\Microsoft\\\\Windows\\\\WER\\\\Temp\\\\WER8312.tmp.WERInternalMetadata.xml, \\\\\\\\?\\\\C:\\\\ProgramData\\\\Microsoft\\\\Windows\\\\WER\\\\ReportQueue\\\\NonCritical_Update;_8da189d36e47241e58aa3b8ea69db1ed43f4_00000000_75bf6a3a-fb95-417c-bb37-74056191ea2c, 0, 75bf6a3a-fb95-417c-bb37-74056191ea2c, 524388, 0"
        }
      }
    },
    "location": "EventChannel",
    "_inferred_source_ip": "192.168.30.24",
    "_capture_session": "apt-sim-20260402-102618_20260402_102618",
    "_captured_at_utc": "2026-04-02T08:31:33Z"
  },
  {
    "timestamp": "2026-04-02T08:31:33.266+0000",
    "rule": {
      "level": 4,
      "description": "Summary event of the report's signatures.",
      "id": "60608",
      "firedtimes": 6,
      "mail": false,
      "groups": [
        "windows",
        "windows_application"
      ]
    },
    "agent": {
      "id": "005",
      "name": "WS10",
      "ip": "192.168.30.24"
    },
    "manager": {
      "name": "wazuh-server"
    },
    "id": "1775118693.1106439",
    "decoder": {
      "name": "windows_eventchannel"
    },
    "data": {
      "win": {
        "system": {
          "providerName": "Windows Error Reporting",
          "eventID": "1001",
          "version": "0",
          "level": "4",
          "task": "0",
          "opcode": "0",
          "keywords": "0x80000000000000",
          "systemTime": "2026-04-02T08:31:20.2497309Z",
          "eventRecordID": "1996",
          "processID": "0",
          "threadID": "0",
          "channel": "Application",
          "computer": "WS10",
          "severityValue": "INFORMATION",
          "message": "\"Bucket errato , tipo 0\r\nNome evento: StoreAgentScanForUpdatesFailure0\r\nRisposta: Non disponibile\r\nID CAB: 0\r\n\r\nFirma problema: \r\nP1: Update;\r\nP2: 80072f8f\r\nP3: 19045\r\nP4: 6456\r\nP5: Windows.Desktop\r\nP6: \r\nP7: \r\nP8: \r\nP9: \r\nP10: \r\n\r\nFile allegati:\r\n\\\\?\\C:\\ProgramData\\Microsoft\\Windows\\WER\\Temp\\WER31FA.tmp.WERInternalMetadata.xml\r\n\r\nI file potrebbero essere disponibili qui:\r\n\\\\?\\C:\\ProgramData\\Microsoft\\Windows\\WER\\ReportQueue\\NonCritical_Update;_8da189d36e47241e58aa3b8ea69db1ed43f4_00000000_ad8235dc-8fd0-438f-9179-64df2187d4ea\r\n\r\nSimbolo analisi: \r\nNuova ricerca di soluzioni: 0\r\nID rapporto: ad8235dc-8fd0-438f-9179-64df2187d4ea\r\nStato rapporto: 524388\r\nBucket con hash: \r\nGUID CAB: 0\""
        },
        "eventdata": {
          "data": "0, StoreAgentScanForUpdatesFailure0, Non disponibile, 0, Update;, 80072f8f, 19045, 6456, Windows.Desktop,   \\\\\\\\?\\\\C:\\\\ProgramData\\\\Microsoft\\\\Windows\\\\WER\\\\Temp\\\\WER31FA.tmp.WERInternalMetadata.xml, \\\\\\\\?\\\\C:\\\\ProgramData\\\\Microsoft\\\\Windows\\\\WER\\\\ReportQueue\\\\NonCritical_Update;_8da189d36e47241e58aa3b8ea69db1ed43f4_00000000_ad8235dc-8fd0-438f-9179-64df2187d4ea, 0, ad8235dc-8fd0-438f-9179-64df2187d4ea, 524388, 0"
        }
      }
    },
    "location": "EventChannel",
    "_inferred_source_ip": "192.168.30.24",
    "_capture_session": "apt-sim-20260402-102618_20260402_102618",
    "_captured_at_utc": "2026-04-02T08:31:34Z"
  },
  {
    "timestamp": "2026-04-02T08:31:33.282+0000",
    "rule": {
      "level": 4,
      "description": "Summary event of the report's signatures.",
      "id": "60608",
      "firedtimes": 7,
      "mail": false,
      "groups": [
        "windows",
        "windows_application"
      ]
    },
    "agent": {
      "id": "005",
      "name": "WS10",
      "ip": "192.168.30.24"
    },
    "manager": {
      "name": "wazuh-server"
    },
    "id": "1775118693.1109769",
    "decoder": {
      "name": "windows_eventchannel"
    },
    "data": {
      "win": {
        "system": {
          "providerName": "Windows Error Reporting",
          "eventID": "1001",
          "version": "0",
          "level": "4",
          "task": "0",
          "opcode": "0",
          "keywords": "0x80000000000000",
          "systemTime": "2026-04-02T08:31:20.3275221Z",
          "eventRecordID": "1997",
          "processID": "0",
          "threadID": "0",
          "channel": "Application",
          "computer": "WS10",
          "severityValue": "INFORMATION",
          "message": "\"Bucket errato , tipo 0\r\nNome evento: StoreAgentScanForUpdatesFailure0\r\nRisposta: Non disponibile\r\nID CAB: 0\r\n\r\nFirma problema: \r\nP1: Update;\r\nP2: 80072f8f\r\nP3: 19045\r\nP4: 6456\r\nP5: Windows.Desktop\r\nP6: \r\nP7: \r\nP8: \r\nP9: \r\nP10: \r\n\r\nFile allegati:\r\n\\\\?\\C:\\ProgramData\\Microsoft\\Windows\\WER\\Temp\\WER1DC3.tmp.WERInternalMetadata.xml\r\n\r\nI file potrebbero essere disponibili qui:\r\n\\\\?\\C:\\ProgramData\\Microsoft\\Windows\\WER\\ReportQueue\\NonCritical_Update;_8da189d36e47241e58aa3b8ea69db1ed43f4_00000000_3d84fdd4-4d93-4b6b-8c38-b261eeb67bc9\r\n\r\nSimbolo analisi: \r\nNuova ricerca di soluzioni: 0\r\nID rapporto: 3d84fdd4-4d93-4b6b-8c38-b261eeb67bc9\r\nStato rapporto: 524388\r\nBucket con hash: \r\nGUID CAB: 0\""
        },
        "eventdata": {
          "data": "0, StoreAgentScanForUpdatesFailure0, Non disponibile, 0, Update;, 80072f8f, 19045, 6456, Windows.Desktop,   \\\\\\\\?\\\\C:\\\\ProgramData\\\\Microsoft\\\\Windows\\\\WER\\\\Temp\\\\WER1DC3.tmp.WERInternalMetadata.xml, \\\\\\\\?\\\\C:\\\\ProgramData\\\\Microsoft\\\\Windows\\\\WER\\\\ReportQueue\\\\NonCritical_Update;_8da189d36e47241e58aa3b8ea69db1ed43f4_00000000_3d84fdd4-4d93-4b6b-8c38-b261eeb67bc9, 0, 3d84fdd4-4d93-4b6b-8c38-b261eeb67bc9, 524388, 0"
        }
      }
    },
    "location": "EventChannel",
    "_inferred_source_ip": "192.168.30.24",
    "_capture_session": "apt-sim-20260402-102618_20260402_102618",
    "_captured_at_utc": "2026-04-02T08:31:34Z"
  },
  {
    "timestamp": "2026-04-02T08:34:18.451+0000",
    "rule": {
      "level": 15,
      "description": "Executable file dropped in folder commonly used by malware",
      "id": "92213",
      "mitre": {
        "id": [
          "T1105"
        ],
        "tactic": [
          "Command and Control"
        ],
        "technique": [
          "Ingress Tool Transfer"
        ]
      },
      "firedtimes": 49,
      "mail": true,
      "groups": [
        "sysmon",
        "sysmon_eid11_detections",
        "windows"
      ]
    },
    "agent": {
      "id": "005",
      "name": "WS10",
      "ip": "192.168.30.24"
    },
    "manager": {
      "name": "wazuh-server"
    },
    "id": "1775118858.1113099",
    "decoder": {
      "name": "windows_eventchannel"
    },
    "data": {
      "win": {
        "system": {
          "providerName": "Microsoft-Windows-Sysmon",
          "providerGuid": "{5770385f-c22a-43e0-bf4c-06f5698ffbd9}",
          "eventID": "11",
          "version": "2",
          "level": "4",
          "task": "11",
          "opcode": "0",
          "keywords": "0x8000000000000000",
          "systemTime": "2026-04-02T08:34:17.4399634Z",
          "eventRecordID": "473829",
          "processID": "7940",
          "threadID": "8064",
          "channel": "Microsoft-Windows-Sysmon/Operational",
          "computer": "WS10",
          "severityValue": "INFORMATION",
          "message": "\"File created:\r\nRuleName: -\r\nUtcTime: 2026-04-02 08:34:17.424\r\nProcessGuid: {d9a99926-1eca-69ca-de00-000000000600}\r\nProcessId: 612\r\nImage: C:\\Windows\\Explorer.EXE\r\nTargetFilename: C:\\Users\\ADMINI~1\\AppData\\Local\\Temp\\f963d77e-754c-4de2-9a0e-9b348a48622b_deploy_agent_SQ1.zip.22b\\setup.bat\r\nCreationUtcTime: 2026-04-02 08:34:17.424\r\nUser: WS10\\Administrator\""
        },
        "eventdata": {
          "utcTime": "2026-04-02 08:34:17.424",
          "processGuid": "{d9a99926-1eca-69ca-de00-000000000600}",
          "processId": "612",
          "image": "C:\\\\Windows\\\\Explorer.EXE",
          "targetFilename": "C:\\\\Users\\\\ADMINI~1\\\\AppData\\\\Local\\\\Temp\\\\f963d77e-754c-4de2-9a0e-9b348a48622b_deploy_agent_SQ1.zip.22b\\\\setup.bat",
          "creationUtcTime": "2026-04-02 08:34:17.424",
          "user": "WS10\\\\Administrator"
        }
      }
    },
    "location": "EventChannel",
    "_inferred_source_ip": "192.168.30.24",
    "_capture_session": "apt-sim-20260402-102618_20260402_102618",
    "_captured_at_utc": "2026-04-02T08:34:19Z"
  },
  {
    "timestamp": "2026-04-02T08:34:35.299+0000",
    "rule": {
      "level": 6,
      "description": "Scripting file created under Windows Temp or User folder",
      "id": "92200",
      "mitre": {
        "id": [
          "T1059",
          "T1105"
        ],
        "tactic": [
          "Execution",
          "Command and Control"
        ],
        "technique": [
          "Command and Scripting Interpreter",
          "Ingress Tool Transfer"
        ]
      },
      "firedtimes": 1,
      "mail": false,
      "groups": [
        "sysmon",
        "sysmon_eid11_detections",
        "windows"
      ]
    },
    "agent": {
      "id": "005",
      "name": "WS10",
      "ip": "192.168.30.24"
    },
    "manager": {
      "name": "wazuh-server"
    },
    "id": "1775118875.1115842",
    "decoder": {
      "name": "windows_eventchannel"
    },
    "data": {
      "win": {
        "system": {
          "providerName": "Microsoft-Windows-Sysmon",
          "providerGuid": "{5770385f-c22a-43e0-bf4c-06f5698ffbd9}",
          "eventID": "11",
          "version": "2",
          "level": "4",
          "task": "11",
          "opcode": "0",
          "keywords": "0x8000000000000000",
          "systemTime": "2026-04-02T08:34:34.0628381Z",
          "eventRecordID": "474065",
          "processID": "7940",
          "threadID": "8064",
          "channel": "Microsoft-Windows-Sysmon/Operational",
          "computer": "WS10",
          "severityValue": "INFORMATION",
          "message": "\"File created:\r\nRuleName: Downloads\r\nUtcTime: 2026-04-02 08:34:34.051\r\nProcessGuid: {d9a99926-1eca-69ca-de00-000000000600}\r\nProcessId: 612\r\nImage: C:\\Windows\\Explorer.EXE\r\nTargetFilename: C:\\Users\\Administrator\\Downloads\\deploy_agent_SQ1\\deploy_agent_SQ1.ps1\r\nCreationUtcTime: 2026-04-02 08:34:34.051\r\nUser: WS10\\Administrator\""
        },
        "eventdata": {
          "ruleName": "Downloads",
          "utcTime": "2026-04-02 08:34:34.051",
          "processGuid": "{d9a99926-1eca-69ca-de00-000000000600}",
          "processId": "612",
          "image": "C:\\\\Windows\\\\Explorer.EXE",
          "targetFilename": "C:\\\\Users\\\\Administrator\\\\Downloads\\\\deploy_agent_SQ1\\\\deploy_agent_SQ1.ps1",
          "creationUtcTime": "2026-04-02 08:34:34.051",
          "user": "WS10\\\\Administrator"
        }
      }
    },
    "location": "EventChannel",
    "_inferred_source_ip": "192.168.30.24",
    "_capture_session": "apt-sim-20260402-102618_20260402_102618",
    "_captured_at_utc": "2026-04-02T08:34:35Z"
  },
  {
    "timestamp": "2026-04-02T08:34:35.355+0000",
    "rule": {
      "level": 6,
      "description": "Scripting file created under Windows Temp or User folder",
      "id": "92200",
      "mitre": {
        "id": [
          "T1059",
          "T1105"
        ],
        "tactic": [
          "Execution",
          "Command and Control"
        ],
        "technique": [
          "Command and Scripting Interpreter",
          "Ingress Tool Transfer"
        ]
      },
      "firedtimes": 2,
      "mail": false,
      "groups": [
        "sysmon",
        "sysmon_eid11_detections",
        "windows"
      ]
    },
    "agent": {
      "id": "005",
      "name": "WS10",
      "ip": "192.168.30.24"
    },
    "manager": {
      "name": "wazuh-server"
    },
    "id": "1775118875.1118487",
    "decoder": {
      "name": "windows_eventchannel"
    },
    "data": {
      "win": {
        "system": {
          "providerName": "Microsoft-Windows-Sysmon",
          "providerGuid": "{5770385f-c22a-43e0-bf4c-06f5698ffbd9}",
          "eventID": "11",
          "version": "2",
          "level": "4",
          "task": "11",
          "opcode": "0",
          "keywords": "0x8000000000000000",
          "systemTime": "2026-04-02T08:34:34.0797927Z",
          "eventRecordID": "474067",
          "processID": "7940",
          "threadID": "8064",
          "channel": "Microsoft-Windows-Sysmon/Operational",
          "computer": "WS10",
          "severityValue": "INFORMATION",
          "message": "\"File created:\r\nRuleName: Downloads\r\nUtcTime: 2026-04-02 08:34:34.066\r\nProcessGuid: {d9a99926-1eca-69ca-de00-000000000600}\r\nProcessId: 612\r\nImage: C:\\Windows\\Explorer.EXE\r\nTargetFilename: C:\\Users\\Administrator\\Downloads\\deploy_agent_SQ1\\deploy_agent_SQ1.ps1:Zone.Identifier\r\nCreationUtcTime: 2026-04-02 07:49:38.000\r\nUser: WS10\\Administrator\""
        },
        "eventdata": {
          "ruleName": "Downloads",
          "utcTime": "2026-04-02 08:34:34.066",
          "processGuid": "{d9a99926-1eca-69ca-de00-000000000600}",
          "processId": "612",
          "image": "C:\\\\Windows\\\\Explorer.EXE",
          "targetFilename": "C:\\\\Users\\\\Administrator\\\\Downloads\\\\deploy_agent_SQ1\\\\deploy_agent_SQ1.ps1:Zone.Identifier",
          "creationUtcTime": "2026-04-02 07:49:38.000",
          "user": "WS10\\\\Administrator"
        }
      }
    },
    "location": "EventChannel",
    "_inferred_source_ip": "192.168.30.24",
    "_capture_session": "apt-sim-20260402-102618_20260402_102618",
    "_captured_at_utc": "2026-04-02T08:34:35Z"
  },
  {
    "timestamp": "2026-04-02T08:34:35.594+0000",
    "rule": {
      "level": 6,
      "description": "Scripting file created under Windows Temp or User folder",
      "id": "92200",
      "mitre": {
        "id": [
          "T1059",
          "T1105"
        ],
        "tactic": [
          "Execution",
          "Command and Control"
        ],
        "technique": [
          "Command and Scripting Interpreter",
          "Ingress Tool Transfer"
        ]
      },
      "firedtimes": 3,
      "mail": false,
      "groups": [
        "sysmon",
        "sysmon_eid11_detections",
        "windows"
      ]
    },
    "agent": {
      "id": "005",
      "name": "WS10",
      "ip": "192.168.30.24"
    },
    "manager": {
      "name": "wazuh-server"
    },
    "id": "1775118875.1121196",
    "decoder": {
      "name": "windows_eventchannel"
    },
    "data": {
      "win": {
        "system": {
          "providerName": "Microsoft-Windows-Sysmon",
          "providerGuid": "{5770385f-c22a-43e0-bf4c-06f5698ffbd9}",
          "eventID": "11",
          "version": "2",
          "level": "4",
          "task": "11",
          "opcode": "0",
          "keywords": "0x8000000000000000",
          "systemTime": "2026-04-02T08:34:34.1124792Z",
          "eventRecordID": "474077",
          "processID": "7940",
          "threadID": "8064",
          "channel": "Microsoft-Windows-Sysmon/Operational",
          "computer": "WS10",
          "severityValue": "INFORMATION",
          "message": "\"File created:\r\nRuleName: Downloads\r\nUtcTime: 2026-04-02 08:34:34.098\r\nProcessGuid: {d9a99926-1eca-69ca-de00-000000000600}\r\nProcessId: 612\r\nImage: C:\\Windows\\Explorer.EXE\r\nTargetFilename: C:\\Users\\Administrator\\Downloads\\deploy_agent_SQ1\\setup.bat\r\nCreationUtcTime: 2026-04-02 08:34:34.098\r\nUser: WS10\\Administrator\""
        },
        "eventdata": {
          "ruleName": "Downloads",
          "utcTime": "2026-04-02 08:34:34.098",
          "processGuid": "{d9a99926-1eca-69ca-de00-000000000600}",
          "processId": "612",
          "image": "C:\\\\Windows\\\\Explorer.EXE",
          "targetFilename": "C:\\\\Users\\\\Administrator\\\\Downloads\\\\deploy_agent_SQ1\\\\setup.bat",
          "creationUtcTime": "2026-04-02 08:34:34.098",
          "user": "WS10\\\\Administrator"
        }
      }
    },
    "location": "EventChannel",
    "_inferred_source_ip": "192.168.30.24",
    "_capture_session": "apt-sim-20260402-102618_20260402_102618",
    "_captured_at_utc": "2026-04-02T08:34:36Z"
  },
  {
    "timestamp": "2026-04-02T08:34:35.617+0000",
    "rule": {
      "level": 6,
      "description": "Scripting file created under Windows Temp or User folder",
      "id": "92200",
      "mitre": {
        "id": [
          "T1059",
          "T1105"
        ],
        "tactic": [
          "Execution",
          "Command and Control"
        ],
        "technique": [
          "Command and Scripting Interpreter",
          "Ingress Tool Transfer"
        ]
      },
      "firedtimes": 4,
      "mail": false,
      "groups": [
        "sysmon",
        "sysmon_eid11_detections",
        "windows"
      ]
    },
    "agent": {
      "id": "005",
      "name": "WS10",
      "ip": "192.168.30.24"
    },
    "manager": {
      "name": "wazuh-server"
    },
    "id": "1775118875.1123797",
    "decoder": {
      "name": "windows_eventchannel"
    },
    "data": {
      "win": {
        "system": {
          "providerName": "Microsoft-Windows-Sysmon",
          "providerGuid": "{5770385f-c22a-43e0-bf4c-06f5698ffbd9}",
          "eventID": "11",
          "version": "2",
          "level": "4",
          "task": "11",
          "opcode": "0",
          "keywords": "0x8000000000000000",
          "systemTime": "2026-04-02T08:34:34.1365849Z",
          "eventRecordID": "474079",
          "processID": "7940",
          "threadID": "8064",
          "channel": "Microsoft-Windows-Sysmon/Operational",
          "computer": "WS10",
          "severityValue": "INFORMATION",
          "message": "\"File created:\r\nRuleName: Downloads\r\nUtcTime: 2026-04-02 08:34:34.129\r\nProcessGuid: {d9a99926-1eca-69ca-de00-000000000600}\r\nProcessId: 612\r\nImage: C:\\Windows\\Explorer.EXE\r\nTargetFilename: C:\\Users\\Administrator\\Downloads\\deploy_agent_SQ1\\setup.bat:Zone.Identifier\r\nCreationUtcTime: 2026-04-02 06:32:44.000\r\nUser: WS10\\Administrator\""
        },
        "eventdata": {
          "ruleName": "Downloads",
          "utcTime": "2026-04-02 08:34:34.129",
          "processGuid": "{d9a99926-1eca-69ca-de00-000000000600}",
          "processId": "612",
          "image": "C:\\\\Windows\\\\Explorer.EXE",
          "targetFilename": "C:\\\\Users\\\\Administrator\\\\Downloads\\\\deploy_agent_SQ1\\\\setup.bat:Zone.Identifier",
          "creationUtcTime": "2026-04-02 06:32:44.000",
          "user": "WS10\\\\Administrator"
        }
      }
    },
    "location": "EventChannel",
    "_inferred_source_ip": "192.168.30.24",
    "_capture_session": "apt-sim-20260402-102618_20260402_102618",
    "_captured_at_utc": "2026-04-02T08:34:36Z"
  },
  {
    "timestamp": "2026-04-02T08:34:47.644+0000",
    "rule": {
      "level": 3,
      "description": "Suspicious Windows cmd shell execution",
      "id": "92032",
      "mitre": {
        "id": [
          "T1087",
          "T1059.003"
        ],
        "tactic": [
          "Discovery",
          "Execution"
        ],
        "technique": [
          "Account Discovery",
          "Windows Command Shell"
        ]
      },
      "firedtimes": 1,
      "mail": false,
      "groups": [
        "sysmon",
        "sysmon_eid1_detections",
        "windows"
      ]
    },
    "agent": {
      "id": "005",
      "name": "WS10",
      "ip": "192.168.30.24"
    },
    "manager": {
      "name": "wazuh-server"
    },
    "id": "1775118887.1126462",
    "decoder": {
      "name": "windows_eventchannel"
    },
    "data": {
      "win": {
        "system": {
          "providerName": "Microsoft-Windows-Sysmon",
          "providerGuid": "{5770385f-c22a-43e0-bf4c-06f5698ffbd9}",
          "eventID": "1",
          "version": "5",
          "level": "4",
          "task": "1",
          "opcode": "0",
          "keywords": "0x8000000000000000",
          "systemTime": "2026-04-02T08:34:40.4960234Z",
          "eventRecordID": "474743",
          "processID": "7940",
          "threadID": "8064",
          "channel": "Microsoft-Windows-Sysmon/Operational",
          "computer": "WS10",
          "severityValue": "INFORMATION",
          "message": "\"Process Create:\r\nRuleName: -\r\nUtcTime: 2026-04-02 08:34:40.494\r\nProcessGuid: {d9a99926-2a20-69ce-380f-000000000600}\r\nProcessId: 9508\r\nImage: C:\\Windows\\System32\\conhost.exe\r\nFileVersion: 10.0.19041.5198 (WinBuild.160101.0800)\r\nDescription: Console Window Host\r\nProduct: Microsoft® Windows® Operating System\r\nCompany: Microsoft Corporation\r\nOriginalFileName: CONHOST.EXE\r\nCommandLine: \\??\\C:\\Windows\\system32\\conhost.exe 0xffffffff -ForceV1\r\nCurrentDirectory: C:\\Windows\r\nUser: WS10\\Administrator\r\nLogonGuid: {d9a99926-1ec9-69ca-5569-130000000000}\r\nLogonId: 0x136955\r\nTerminalSessionId: 1\r\nIntegrityLevel: High\r\nHashes: MD5=7850554B5C650163FC168AA08F18E343,SHA256=B02EE54FB2EC69673386D41119EE8ED083A6EAB3BFCA6AA2155D20CE68EF8963,IMPHASH=0F64302D3280DE299F4C51A78746F606\r\nParentProcessGuid: {d9a99926-2a20-69ce-370f-000000000600}\r\nParentProcessId: 10176\r\nParentImage: C:\\Windows\\System32\\cmd.exe\r\nParentCommandLine: C:\\Windows\\system32\\cmd.exe /c \"\"C:\\Users\\Administrator\\Downloads\\deploy_agent_SQ1\\setup.bat\" \"\r\nParentUser: WS10\\Administrator\""
        },
        "eventdata": {
          "utcTime": "2026-04-02 08:34:40.494",
          "processGuid": "{d9a99926-2a20-69ce-380f-000000000600}",
          "processId": "9508",
          "image": "C:\\\\Windows\\\\System32\\\\conhost.exe",
          "fileVersion": "10.0.19041.5198 (WinBuild.160101.0800)",
          "description": "Console Window Host",
          "product": "Microsoft® Windows® Operating System",
          "company": "Microsoft Corporation",
          "originalFileName": "CONHOST.EXE",
          "commandLine": "\\\\??\\\\C:\\\\Windows\\\\system32\\\\conhost.exe 0xffffffff -ForceV1",
          "currentDirectory": "C:\\\\Windows",
          "user": "WS10\\\\Administrator",
          "logonGuid": "{d9a99926-1ec9-69ca-5569-130000000000}",
          "logonId": "0x136955",
          "terminalSessionId": "1",
          "integrityLevel": "High",
          "hashes": "MD5=7850554B5C650163FC168AA08F18E343,SHA256=B02EE54FB2EC69673386D41119EE8ED083A6EAB3BFCA6AA2155D20CE68EF8963,IMPHASH=0F64302D3280DE299F4C51A78746F606",
          "parentProcessGuid": "{d9a99926-2a20-69ce-370f-000000000600}",
          "parentProcessId": "10176",
          "parentImage": "C:\\\\Windows\\\\System32\\\\cmd.exe",
          "parentCommandLine": "C:\\\\Windows\\\\system32\\\\cmd.exe /c \\\"\\\"C:\\\\Users\\\\Administrator\\\\Downloads\\\\deploy_agent_SQ1\\\\setup.bat\\\" \\\"",
          "parentUser": "WS10\\\\Administrator"
        }
      }
    },
    "location": "EventChannel",
    "_inferred_source_ip": "192.168.30.24",
    "_capture_session": "apt-sim-20260402-102618_20260402_102618",
    "_captured_at_utc": "2026-04-02T08:34:48Z"
  },
