{"timestamp": "2026-04-01T15:48:30.468+0000", "agent": "caldera", "agent_id": "011", "rule_id": "1002", "level": "2", "groups": "syslog, errors", "decoder": "kernel", "location": "journald", "description": "Unknown problem somewhere in the system.", "full_log": "Apr 01 13:48:59 caldera kernel: audit: type=1107 audit(1775051339.037:2105): pid=930 uid=101 auid=4294967295 ses=4294967295 subj=unconfined msg='apparmor=\"DENIED\" operation=\"dbus_method_call\" bus=\"system\" path=\"/org/freedesktop/RealtimeKit1\" interface=\"org.freedesktop.DBus.Properties\" member=\"Get\" mask=\"send\" name=\"org.freedesktop.RealtimeKit1\" pid=26851 label=\"snap.firefox.firefox\" exe=\"/usr/bin/dbus-daemon\" sauid=101 hostname=? addr=? terminal=?'", "suspicious": true, "suspicious_reason": "caldera:caldera, keyword:caldera, mitre:discovery", "mitre_tactic": "discovery", "mitre_match": "hostname", "sysmon_event_id": "-", "sysmon_event_name": "-", "caldera_tag": "caldera"}
{"timestamp": "2026-04-01T15:48:31.371+0000", "agent": "WS10", "agent_id": "005", "rule_id": "92217", "level": "6", "groups": "sysmon, sysmon_eid11_detections, windows", "decoder": "windows_eventchannel", "location": "EventChannel", "description": "Executable dropped in Windows root folder", "full_log": "{\"win\":{\"system\":{\"providerName\":\"Microsoft-Windows-Sysmon\",\"providerGuid\":\"{5770385f-c22a-43e0-bf4c-06f5698ffbd9}\",\"eventID\":\"11\",\"version\":\"2\",\"level\":\"4\",\"task\":\"11\",\"opcode\":\"0\",\"keywords\":\"0x8000000000000000\",\"systemTime\":\"2026-04-01T13:49:01.0595835Z\",\"eventRecordID\":\"395654\",\"processID\":\"7940\",\"threadID\":\"8064\",\"channel\":\"Microsoft-Windows-Sysmon/Operational\",\"computer\":\"WS10\",\"severityValue\":\"INFORMATION\",\"message\":\"\\\"File created:\\r\\nRuleName: DLL\\r\\nUtcTime: 2026-04-01 13:49:01.047\\r\\nProcessGuid: {d9a99926-224c-69cd-210b-000000000600}\\r\\nProcessId: 9188\\r\\nImage: C:\\\\Windows\\\\System32\\\\mousocoreworker.exe\\r\\nTargetFilename: C:\\\\Windows\\\\SoftwareDistribution\\\\Download\\\\0e81198876b8eb725cd93d1816536732\\\\Metadata\\\\UpdateAgent.dll\\r\\nCreationUtcTime: 2025-11-05 16:00:44.000\\r\\nUser: NT AUTHORITY\\\\SYSTEM\\\"\"},\"eventdata\":{\"ruleName\":\"DLL\",\"utcTime\":\"2026-04-01 13:49:01.047\",\"processGuid\":\"{d9a99926-224c-69cd-210b-000000000600}\",\"processId\":\"9188\",\"image\":\"C:\\\\\\\\Windows\\\\\\\\System32\\\\\\\\mousocoreworker.exe\",\"targetFilename\":\"C:\\\\\\\\Windows\\\\\\\\SoftwareDistribution\\\\\\\\Download\\\\\\\\0e81198876b8eb725cd93d1816536732\\\\\\\\Metadata\\\\\\\\UpdateAgent.dll\",\"creationUtcTime\":\"2025-11-05 16:00:44.000\",\"user\":\"NT AUTHORITY\\\\\\\\SYSTEM\"}}}", "suspicious": true, "suspicious_reason": "group:sysmon, group:windows, keyword:sysmon, level>=5, sysmon:11", "mitre_tactic": "-", "mitre_match": "-", "sysmon_event_id": "11", "sysmon_event_name": "File Create", "caldera_tag": "-"}
{"timestamp": "2026-04-01T15:48:31.387+0000", "agent": "WS10", "agent_id": "005", "rule_id": "92217", "level": "6", "groups": "sysmon, sysmon_eid11_detections, windows", "decoder": "windows_eventchannel", "location": "EventChannel", "description": "Executable dropped in Windows root folder", "full_log": "{\"win\":{\"system\":{\"providerName\":\"Microsoft-Windows-Sysmon\",\"providerGuid\":\"{5770385f-c22a-43e0-bf4c-06f5698ffbd9}\",\"eventID\":\"11\",\"version\":\"2\",\"level\":\"4\",\"task\":\"11\",\"opcode\":\"0\",\"keywords\":\"0x8000000000000000\",\"systemTime\":\"2026-04-01T13:49:01.0743263Z\",\"eventRecordID\":\"395655\",\"processID\":\"7940\",\"threadID\":\"8064\",\"channel\":\"Microsoft-Windows-Sysmon/Operational\",\"computer\":\"WS10\",\"severityValue\":\"INFORMATION\",\"message\":\"\\\"File created:\\r\\nRuleName: DLL\\r\\nUtcTime: 2026-04-01 13:49:01.063\\r\\nProcessGuid: {d9a99926-224c-69cd-210b-000000000600}\\r\\nProcessId: 9188\\r\\nImage: C:\\\\Windows\\\\System32\\\\mousocoreworker.exe\\r\\nTargetFilename: C:\\\\Windows\\\\SoftwareDistribution\\\\Download\\\\0e81198876b8eb725cd93d1816536732\\\\Metadata\\\\dpx.dll\\r\\nCreationUtcTime: 2025-11-05 16:00:42.000\\r\\nUser: NT AUTHORITY\\\\SYSTEM\\\"\"},\"eventdata\":{\"ruleName\":\"DLL\",\"utcTime\":\"2026-04-01 13:49:01.063\",\"processGuid\":\"{d9a99926-224c-69cd-210b-000000000600}\",\"processId\":\"9188\",\"image\":\"C:\\\\\\\\Windows\\\\\\\\System32\\\\\\\\mousocoreworker.exe\",\"targetFilename\":\"C:\\\\\\\\Windows\\\\\\\\SoftwareDistribution\\\\\\\\Download\\\\\\\\0e81198876b8eb725cd93d1816536732\\\\\\\\Metadata\\\\\\\\dpx.dll\",\"creationUtcTime\":\"2025-11-05 16:00:42.000\",\"user\":\"NT AUTHORITY\\\\\\\\SYSTEM\"}}}", "suspicious": true, "suspicious_reason": "group:sysmon, group:windows, keyword:sysmon, level>=5, sysmon:11", "mitre_tactic": "-", "mitre_match": "-", "sysmon_event_id": "11", "sysmon_event_name": "File Create", "caldera_tag": "-"}
{"timestamp": "2026-04-01T15:48:31.402+0000", "agent": "WS10", "agent_id": "005", "rule_id": "92217", "level": "6", "groups": "sysmon, sysmon_eid11_detections, windows", "decoder": "windows_eventchannel", "location": "EventChannel", "description": "Executable dropped in Windows root folder", "full_log": "{\"win\":{\"system\":{\"providerName\":\"Microsoft-Windows-Sysmon\",\"providerGuid\":\"{5770385f-c22a-43e0-bf4c-06f5698ffbd9}\",\"eventID\":\"11\",\"version\":\"2\",\"level\":\"4\",\"task\":\"11\",\"opcode\":\"0\",\"keywords\":\"0x8000000000000000\",\"systemTime\":\"2026-04-01T13:49:01.0871503Z\",\"eventRecordID\":\"395656\",\"processID\":\"7940\",\"threadID\":\"8064\",\"channel\":\"Microsoft-Windows-Sysmon/Operational\",\"computer\":\"WS10\",\"severityValue\":\"INFORMATION\",\"message\":\"\\\"File created:\\r\\nRuleName: DLL\\r\\nUtcTime: 2026-04-01 13:49:01.078\\r\\nProcessGuid: {d9a99926-224c-69cd-210b-000000000600}\\r\\nProcessId: 9188\\r\\nImage: C:\\\\Windows\\\\System32\\\\mousocoreworker.exe\\r\\nTargetFilename: C:\\\\Windows\\\\SoftwareDistribution\\\\Download\\\\0e81198876b8eb725cd93d1816536732\\\\Metadata\\\\Mitigation.dll\\r\\nCreationUtcTime: 2025-11-05 16:00:42.000\\r\\nUser: NT AUTHORITY\\\\SYSTEM\\\"\"},\"eventdata\":{\"ruleName\":\"DLL\",\"utcTime\":\"2026-04-01 13:49:01.078\",\"processGuid\":\"{d9a99926-224c-69cd-210b-000000000600}\",\"processId\":\"9188\",\"image\":\"C:\\\\\\\\Windows\\\\\\\\System32\\\\\\\\mousocoreworker.exe\",\"targetFilename\":\"C:\\\\\\\\Windows\\\\\\\\SoftwareDistribution\\\\\\\\Download\\\\\\\\0e81198876b8eb725cd93d1816536732\\\\\\\\Metadata\\\\\\\\Mitigation.dll\",\"creationUtcTime\":\"2025-11-05 16:00:42.000\",\"user\":\"NT AUTHORITY\\\\\\\\SYSTEM\"}}}", "suspicious": true, "suspicious_reason": "group:sysmon, group:windows, keyword:sysmon, level>=5, sysmon:11", "mitre_tactic": "-", "mitre_match": "-", "sysmon_event_id": "11", "sysmon_event_name": "File Create", "caldera_tag": "-"}
{"timestamp": "2026-04-01T15:48:31.418+0000", "agent": "WS10", "agent_id": "005", "rule_id": "92217", "level": "6", "groups": "sysmon, sysmon_eid11_detections, windows", "decoder": "windows_eventchannel", "location": "EventChannel", "description": "Executable dropped in Windows root folder", "full_log": "{\"win\":{\"system\":{\"providerName\":\"Microsoft-Windows-Sysmon\",\"providerGuid\":\"{5770385f-c22a-43e0-bf4c-06f5698ffbd9}\",\"eventID\":\"11\",\"version\":\"2\",\"level\":\"4\",\"task\":\"11\",\"opcode\":\"0\",\"keywords\":\"0x8000000000000000\",\"systemTime\":\"2026-04-01T13:49:01.0872417Z\",\"eventRecordID\":\"395657\",\"processID\":\"7940\",\"threadID\":\"8064\",\"channel\":\"Microsoft-Windows-Sysmon/Operational\",\"computer\":\"WS10\",\"severityValue\":\"INFORMATION\",\"message\":\"\\\"File created:\\r\\nRuleName: DLL\\r\\nUtcTime: 2026-04-01 13:49:01.078\\r\\nProcessGuid: {d9a99926-224c-69cd-210b-000000000600}\\r\\nProcessId: 9188\\r\\nImage: C:\\\\Windows\\\\System32\\\\mousocoreworker.exe\\r\\nTargetFilename: C:\\\\Windows\\\\SoftwareDistribution\\\\Download\\\\0e81198876b8eb725cd93d1816536732\\\\Metadata\\\\UAOneSettings.dll\\r\\nCreationUtcTime: 2025-11-05 16:00:42.000\\r\\nUser: NT AUTHORITY\\\\SYSTEM\\\"\"},\"eventdata\":{\"ruleName\":\"DLL\",\"utcTime\":\"2026-04-01 13:49:01.078\",\"processGuid\":\"{d9a99926-224c-69cd-210b-000000000600}\",\"processId\":\"9188\",\"image\":\"C:\\\\\\\\Windows\\\\\\\\System32\\\\\\\\mousocoreworker.exe\",\"targetFilename\":\"C:\\\\\\\\Windows\\\\\\\\SoftwareDistribution\\\\\\\\Download\\\\\\\\0e81198876b8eb725cd93d1816536732\\\\\\\\Metadata\\\\\\\\UAOneSettings.dll\",\"creationUtcTime\":\"2025-11-05 16:00:42.000\",\"user\":\"NT AUTHORITY\\\\\\\\SYSTEM\"}}}", "suspicious": true, "suspicious_reason": "group:sysmon, group:windows, keyword:sysmon, level>=5, sysmon:11", "mitre_tactic": "-", "mitre_match": "-", "sysmon_event_id": "11", "sysmon_event_name": "File Create", "caldera_tag": "-"}
{"timestamp": "2026-04-01T15:48:31.433+0000", "agent": "WS10", "agent_id": "005", "rule_id": "92217", "level": "6", "groups": "sysmon, sysmon_eid11_detections, windows", "decoder": "windows_eventchannel", "location": "EventChannel", "description": "Executable dropped in Windows root folder", "full_log": "{\"win\":{\"system\":{\"providerName\":\"Microsoft-Windows-Sysmon\",\"providerGuid\":\"{5770385f-c22a-43e0-bf4c-06f5698ffbd9}\",\"eventID\":\"11\",\"version\":\"2\",\"level\":\"4\",\"task\":\"11\",\"opcode\":\"0\",\"keywords\":\"0x8000000000000000\",\"systemTime\":\"2026-04-01T13:49:01.0872686Z\",\"eventRecordID\":\"395658\",\"processID\":\"7940\",\"threadID\":\"8064\",\"channel\":\"Microsoft-Windows-Sysmon/Operational\",\"computer\":\"WS10\",\"severityValue\":\"INFORMATION\",\"message\":\"\\\"File created:\\r\\nRuleName: DLL\\r\\nUtcTime: 2026-04-01 13:49:01.078\\r\\nProcessGuid: {d9a99926-224c-69cd-210b-000000000600}\\r\\nProcessId: 9188\\r\\nImage: C:\\\\Windows\\\\System32\\\\mousocoreworker.exe\\r\\nTargetFilename: C:\\\\Windows\\\\SoftwareDistribution\\\\Download\\\\0e81198876b8eb725cd93d1816536732\\\\Metadata\\\\wcp.dll\\r\\nCreationUtcTime: 2025-11-05 16:00:44.000\\r\\nUser: NT AUTHORITY\\\\SYSTEM\\\"\"},\"eventdata\":{\"ruleName\":\"DLL\",\"utcTime\":\"2026-04-01 13:49:01.078\",\"processGuid\":\"{d9a99926-224c-69cd-210b-000000000600}\",\"processId\":\"9188\",\"image\":\"C:\\\\\\\\Windows\\\\\\\\System32\\\\\\\\mousocoreworker.exe\",\"targetFilename\":\"C:\\\\\\\\Windows\\\\\\\\SoftwareDistribution\\\\\\\\Download\\\\\\\\0e81198876b8eb725cd93d1816536732\\\\\\\\Metadata\\\\\\\\wcp.dll\",\"creationUtcTime\":\"2025-11-05 16:00:44.000\",\"user\":\"NT AUTHORITY\\\\\\\\SYSTEM\"}}}", "suspicious": true, "suspicious_reason": "group:sysmon, group:windows, keyword:sysmon, level>=5, sysmon:11", "mitre_tactic": "-", "mitre_match": "-", "sysmon_event_id": "11", "sysmon_event_name": "File Create", "caldera_tag": "-"}
{"timestamp": "2026-04-01T15:48:31.510+0000", "agent": "WS10", "agent_id": "005", "rule_id": "92217", "level": "6", "groups": "sysmon, sysmon_eid11_detections, windows", "decoder": "windows_eventchannel", "location": "EventChannel", "description": "Executable dropped in Windows root folder", "full_log": "{\"win\":{\"system\":{\"providerName\":\"Microsoft-Windows-Sysmon\",\"providerGuid\":\"{5770385f-c22a-43e0-bf4c-06f5698ffbd9}\",\"eventID\":\"11\",\"version\":\"2\",\"level\":\"4\",\"task\":\"11\",\"opcode\":\"0\",\"keywords\":\"0x8000000000000000\",\"systemTime\":\"2026-04-01T13:49:01.1332514Z\",\"eventRecordID\":\"395663\",\"processID\":\"7940\",\"threadID\":\"8064\",\"channel\":\"Microsoft-Windows-Sysmon/Operational\",\"computer\":\"WS10\",\"severityValue\":\"INFORMATION\",\"message\":\"\\\"File created:\\r\\nRuleName: DLL\\r\\nUtcTime: 2026-04-01 13:49:01.110\\r\\nProcessGuid: {d9a99926-224c-69cd-210b-000000000600}\\r\\nProcessId: 9188\\r\\nImage: C:\\\\Windows\\\\System32\\\\mousocoreworker.exe\\r\\nTargetFilename: C:\\\\Windows\\\\SoftwareDistribution\\\\Download\\\\0e81198876b8eb725cd93d1816536732\\\\Metadata\\\\TurboStack.dll\\r\\nCreationUtcTime: 2025-11-05 16:00:42.000\\r\\nUser: NT AUTHORITY\\\\SYSTEM\\\"\"},\"eventdata\":{\"ruleName\":\"DLL\",\"utcTime\":\"2026-04-01 13:49:01.110\",\"processGuid\":\"{d9a99926-224c-69cd-210b-000000000600}\",\"processId\":\"9188\",\"image\":\"C:\\\\\\\\Windows\\\\\\\\System32\\\\\\\\mousocoreworker.exe\",\"targetFilename\":\"C:\\\\\\\\Windows\\\\\\\\SoftwareDistribution\\\\\\\\Download\\\\\\\\0e81198876b8eb725cd93d1816536732\\\\\\\\Metadata\\\\\\\\TurboStack.dll\",\"creationUtcTime\":\"2025-11-05 16:00:42.000\",\"user\":\"NT AUTHORITY\\\\\\\\SYSTEM\"}}}", "suspicious": true, "suspicious_reason": "group:sysmon, group:windows, keyword:sysmon, level>=5, sysmon:11", "mitre_tactic": "-", "mitre_match": "-", "sysmon_event_id": "11", "sysmon_event_name": "File Create", "caldera_tag": "-"}
{"timestamp": "2026-04-01T15:48:31.525+0000", "agent": "WS10", "agent_id": "005", "rule_id": "92217", "level": "6", "groups": "sysmon, sysmon_eid11_detections, windows", "decoder": "windows_eventchannel", "location": "EventChannel", "description": "Executable dropped in Windows root folder", "full_log": "{\"win\":{\"system\":{\"providerName\":\"Microsoft-Windows-Sysmon\",\"providerGuid\":\"{5770385f-c22a-43e0-bf4c-06f5698ffbd9}\",\"eventID\":\"11\",\"version\":\"2\",\"level\":\"4\",\"task\":\"11\",\"opcode\":\"0\",\"keywords\":\"0x8000000000000000\",\"systemTime\":\"2026-04-01T13:49:01.1332894Z\",\"eventRecordID\":\"395664\",\"processID\":\"7940\",\"threadID\":\"8064\",\"channel\":\"Microsoft-Windows-Sysmon/Operational\",\"computer\":\"WS10\",\"severityValue\":\"INFORMATION\",\"message\":\"\\\"File created:\\r\\nRuleName: DLL\\r\\nUtcTime: 2026-04-01 13:49:01.110\\r\\nProcessGuid: {d9a99926-224c-69cd-210b-000000000600}\\r\\nProcessId: 9188\\r\\nImage: C:\\\\Windows\\\\System32\\\\mousocoreworker.exe\\r\\nTargetFilename: C:\\\\Windows\\\\SoftwareDistribution\\\\Download\\\\0e81198876b8eb725cd93d1816536732\\\\Metadata\\\\ReserveManager.dll\\r\\nCreationUtcTime: 2025-11-05 16:00:42.000\\r\\nUser: NT AUTHORITY\\\\SYSTEM\\\"\"},\"eventdata\":{\"ruleName\":\"DLL\",\"utcTime\":\"2026-04-01 13:49:01.110\",\"processGuid\":\"{d9a99926-224c-69cd-210b-000000000600}\",\"processId\":\"9188\",\"image\":\"C:\\\\\\\\Windows\\\\\\\\System32\\\\\\\\mousocoreworker.exe\",\"targetFilename\":\"C:\\\\\\\\Windows\\\\\\\\SoftwareDistribution\\\\\\\\Download\\\\\\\\0e81198876b8eb725cd93d1816536732\\\\\\\\Metadata\\\\\\\\ReserveManager.dll\",\"creationUtcTime\":\"2025-11-05 16:00:42.000\",\"user\":\"NT AUTHORITY\\\\\\\\SYSTEM\"}}}", "suspicious": true, "suspicious_reason": "group:sysmon, group:windows, keyword:sysmon, level>=5, sysmon:11", "mitre_tactic": "-", "mitre_match": "-", "sysmon_event_id": "11", "sysmon_event_name": "File Create", "caldera_tag": "-"}
{"timestamp": "2026-04-01T15:48:31.541+0000", "agent": "WS10", "agent_id": "005", "rule_id": "92217", "level": "6", "groups": "sysmon, sysmon_eid11_detections, windows", "decoder": "windows_eventchannel", "location": "EventChannel", "description": "Executable dropped in Windows root folder", "full_log": "{\"win\":{\"system\":{\"providerName\":\"Microsoft-Windows-Sysmon\",\"providerGuid\":\"{5770385f-c22a-43e0-bf4c-06f5698ffbd9}\",\"eventID\":\"11\",\"version\":\"2\",\"level\":\"4\",\"task\":\"11\",\"opcode\":\"0\",\"keywords\":\"0x8000000000000000\",\"systemTime\":\"2026-04-01T13:49:01.1333174Z\",\"eventRecordID\":\"395665\",\"processID\":\"7940\",\"threadID\":\"8064\",\"channel\":\"Microsoft-Windows-Sysmon/Operational\",\"computer\":\"WS10\",\"severityValue\":\"INFORMATION\",\"message\":\"\\\"File created:\\r\\nRuleName: DLL\\r\\nUtcTime: 2026-04-01 13:49:01.110\\r\\nProcessGuid: {d9a99926-224c-69cd-210b-000000000600}\\r\\nProcessId: 9188\\r\\nImage: C:\\\\Windows\\\\System32\\\\mousocoreworker.exe\\r\\nTargetFilename: C:\\\\Windows\\\\SoftwareDistribution\\\\Download\\\\0e81198876b8eb725cd93d1816536732\\\\Metadata\\\\WinREAgent.dll\\r\\nCreationUtcTime: 2025-11-05 16:00:42.000\\r\\nUser: NT AUTHORITY\\\\SYSTEM\\\"\"},\"eventdata\":{\"ruleName\":\"DLL\",\"utcTime\":\"2026-04-01 13:49:01.110\",\"processGuid\":\"{d9a99926-224c-69cd-210b-000000000600}\",\"processId\":\"9188\",\"image\":\"C:\\\\\\\\Windows\\\\\\\\System32\\\\\\\\mousocoreworker.exe\",\"targetFilename\":\"C:\\\\\\\\Windows\\\\\\\\SoftwareDistribution\\\\\\\\Download\\\\\\\\0e81198876b8eb725cd93d1816536732\\\\\\\\Metadata\\\\\\\\WinREAgent.dll\",\"creationUtcTime\":\"2025-11-05 16:00:42.000\",\"user\":\"NT AUTHORITY\\\\\\\\SYSTEM\"}}}", "suspicious": true, "suspicious_reason": "group:sysmon, group:windows, keyword:sysmon, level>=5, sysmon:11", "mitre_tactic": "-", "mitre_match": "-", "sysmon_event_id": "11", "sysmon_event_name": "File Create", "caldera_tag": "-"}
{"timestamp": "2026-04-01T15:48:31.556+0000", "agent": "WS10", "agent_id": "005", "rule_id": "92217", "level": "6", "groups": "sysmon, sysmon_eid11_detections, windows", "decoder": "windows_eventchannel", "location": "EventChannel", "description": "Executable dropped in Windows root folder", "full_log": "{\"win\":{\"system\":{\"providerName\":\"Microsoft-Windows-Sysmon\",\"providerGuid\":\"{5770385f-c22a-43e0-bf4c-06f5698ffbd9}\",\"eventID\":\"11\",\"version\":\"2\",\"level\":\"4\",\"task\":\"11\",\"opcode\":\"0\",\"keywords\":\"0x8000000000000000\",\"systemTime\":\"2026-04-01T13:49:01.1333463Z\",\"eventRecordID\":\"395666\",\"processID\":\"7940\",\"threadID\":\"8064\",\"channel\":\"Microsoft-Windows-Sysmon/Operational\",\"computer\":\"WS10\",\"severityValue\":\"INFORMATION\",\"message\":\"\\\"File created:\\r\\nRuleName: DLL\\r\\nUtcTime: 2026-04-01 13:49:01.125\\r\\nProcessGuid: {d9a99926-224c-69cd-210b-000000000600}\\r\\nProcessId: 9188\\r\\nImage: C:\\\\Windows\\\\System32\\\\mousocoreworker.exe\\r\\nTargetFilename: C:\\\\Windows\\\\SoftwareDistribution\\\\Download\\\\0e81198876b8eb725cd93d1816536732\\\\Metadata\\\\fvereseal.dll\\r\\nCreationUtcTime: 2025-11-05 16:00:44.000\\r\\nUser: NT AUTHORITY\\\\SYSTEM\\\"\"},\"eventdata\":{\"ruleName\":\"DLL\",\"utcTime\":\"2026-04-01 13:49:01.125\",\"processGuid\":\"{d9a99926-224c-69cd-210b-000000000600}\",\"processId\":\"9188\",\"image\":\"C:\\\\\\\\Windows\\\\\\\\System32\\\\\\\\mousocoreworker.exe\",\"targetFilename\":\"C:\\\\\\\\Windows\\\\\\\\SoftwareDistribution\\\\\\\\Download\\\\\\\\0e81198876b8eb725cd93d1816536732\\\\\\\\Metadata\\\\\\\\fvereseal.dll\",\"creationUtcTime\":\"2025-11-05 16:00:44.000\",\"user\":\"NT AUTHORITY\\\\\\\\SYSTEM\"}}}", "suspicious": true, "suspicious_reason": "group:sysmon, group:windows, keyword:sysmon, level>=5, sysmon:11", "mitre_tactic": "-", "mitre_match": "-", "sysmon_event_id": "11", "sysmon_event_name": "File Create", "caldera_tag": "-"}
{"timestamp": "2026-04-01T15:48:32.424+0000", "agent": "caldera", "agent_id": "011", "rule_id": "52002", "level": "3", "groups": "local, syslog, apparmor", "decoder": "kernel", "location": "journald", "description": "Apparmor DENIED", "full_log": "Apr 01 13:49:00 caldera kernel: audit: type=1400 audit(1775051340.818:2106): apparmor=\"DENIED\" operation=\"open\" class=\"file\" profile=\"snap.firefox.firefox\" name=\"/proc/pressure/memory\" pid=5211 comm=\"MemoryPoller\" requested_mask=\"r\" denied_mask=\"r\" fsuid=1000 ouid=0", "suspicious": true, "suspicious_reason": "caldera:caldera, keyword:caldera", "mitre_tactic": "-", "mitre_match": "-", "sysmon_event_id": "-", "sysmon_event_name": "-", "caldera_tag": "caldera"}
{"timestamp": "2026-04-01T15:48:38.427+0000", "agent": "caldera", "agent_id": "011", "rule_id": "52002", "level": "3", "groups": "local, syslog, apparmor", "decoder": "kernel", "location": "journald", "description": "Apparmor DENIED", "full_log": "Apr 01 13:49:05 caldera kernel: audit: type=1400 audit(1775051345.835:2107): apparmor=\"DENIED\" operation=\"open\" class=\"file\" profile=\"snap.firefox.firefox\" name=\"/proc/pressure/memory\" pid=5211 comm=\"MemoryPoller\" requested_mask=\"r\" denied_mask=\"r\" fsuid=1000 ouid=0", "suspicious": true, "suspicious_reason": "caldera:caldera, keyword:caldera", "mitre_tactic": "-", "mitre_match": "-", "sysmon_event_id": "-", "sysmon_event_name": "-", "caldera_tag": "caldera"}
{"timestamp": "2026-04-01T15:48:42.428+0000", "agent": "caldera", "agent_id": "011", "rule_id": "52002", "level": "3", "groups": "local, syslog, apparmor", "decoder": "kernel", "location": "journald", "description": "Apparmor DENIED", "full_log": "Apr 01 13:49:10 caldera kernel: audit: type=1400 audit(1775051350.857:2108): apparmor=\"DENIED\" operation=\"open\" class=\"file\" profile=\"snap.firefox.firefox\" name=\"/proc/pressure/memory\" pid=5211 comm=\"MemoryPoller\" requested_mask=\"r\" denied_mask=\"r\" fsuid=1000 ouid=0", "suspicious": true, "suspicious_reason": "caldera:caldera, keyword:caldera", "mitre_tactic": "-", "mitre_match": "-", "sysmon_event_id": "-", "sysmon_event_name": "-", "caldera_tag": "caldera"}
{"timestamp": "2026-04-01T15:48:46.245+0000", "agent": "WS10", "agent_id": "005", "rule_id": "92213", "level": "15", "groups": "sysmon, sysmon_eid11_detections, windows", "decoder": "windows_eventchannel", "location": "EventChannel", "description": "Executable file dropped in folder commonly used by malware", "full_log": "{\"win\":{\"system\":{\"providerName\":\"Microsoft-Windows-Sysmon\",\"providerGuid\":\"{5770385f-c22a-43e0-bf4c-06f5698ffbd9}\",\"eventID\":\"11\",\"version\":\"2\",\"level\":\"4\",\"task\":\"11\",\"opcode\":\"0\",\"keywords\":\"0x8000000000000000\",\"systemTime\":\"2026-04-01T13:49:14.7023304Z\",\"eventRecordID\":\"395891\",\"processID\":\"7940\",\"threadID\":\"8064\",\"channel\":\"Microsoft-Windows-Sysmon/Operational\",\"computer\":\"WS10\",\"severityValue\":\"INFORMATION\",\"message\":\"\\\"File created:\\r\\nRuleName: -\\r\\nUtcTime: 2026-04-01 13:49:14.689\\r\\nProcessGuid: {d9a99926-225a-69cd-240b-000000000600}\\r\\nProcessId: 7648\\r\\nImage: C:\\\\Windows\\\\System32\\\\WindowsPowerShell\\\\v1.0\\\\powershell.exe\\r\\nTargetFilename: C:\\\\Users\\\\Administrator\\\\AppData\\\\Local\\\\Temp\\\\__PSScriptPolicyTest_efgyszsv.f23.ps1\\r\\nCreationUtcTime: 2026-04-01 13:49:14.689\\r\\nUser: WS10\\\\Administrator\\\"\"},\"eventdata\":{\"utcTime\":\"2026-04-01 13:49:14.689\",\"processGuid\":\"{d9a99926-225a-69cd-240b-000000000600}\",\"processId\":\"7648\",\"image\":\"C:\\\\\\\\Windows\\\\\\\\System32\\\\\\\\WindowsPowerShell\\\\\\\\v1.0\\\\\\\\powershell.exe\",\"targetFilename\":\"C:\\\\\\\\Users\\\\\\\\Administrator\\\\\\\\AppData\\\\\\\\Local\\\\\\\\Temp\\\\\\\\__PSScriptPolicyTest_efgyszsv.f23.ps1\",\"creationUtcTime\":\"2026-04-01 13:49:14.689\",\"user\":\"WS10\\\\\\\\Administrator\"}}}", "suspicious": true, "suspicious_reason": "group:sysmon, group:windows, keyword:powershell, keyword:sysmon, level>=5, mitre:execution, sysmon:11", "mitre_tactic": "execution", "mitre_match": "powershell", "sysmon_event_id": "11", "sysmon_event_name": "File Create", "caldera_tag": "-"}
{"timestamp": "2026-04-01T15:48:48.430+0000", "agent": "caldera", "agent_id": "011", "rule_id": "52002", "level": "3", "groups": "local, syslog, apparmor", "decoder": "kernel", "location": "journald", "description": "Apparmor DENIED", "full_log": "Apr 01 13:49:16 caldera kernel: audit: type=1400 audit(1775051356.038:2109): apparmor=\"DENIED\" operation=\"open\" class=\"file\" profile=\"snap.firefox.firefox\" name=\"/proc/pressure/memory\" pid=5211 comm=\"MemoryPoller\" requested_mask=\"r\" denied_mask=\"r\" fsuid=1000 ouid=0", "suspicious": true, "suspicious_reason": "caldera:caldera, keyword:caldera", "mitre_tactic": "-", "mitre_match": "-", "sysmon_event_id": "-", "sysmon_event_name": "-", "caldera_tag": "caldera"}
{"timestamp": "2026-04-01T15:48:52.431+0000", "agent": "caldera", "agent_id": "011", "rule_id": "52002", "level": "3", "groups": "local, syslog, apparmor", "decoder": "kernel", "location": "journald", "description": "Apparmor DENIED", "full_log": "Apr 01 13:49:21 caldera kernel: audit: type=1400 audit(1775051361.039:2110): apparmor=\"DENIED\" operation=\"open\" class=\"file\" profile=\"snap.firefox.firefox\" name=\"/proc/pressure/memory\" pid=5211 comm=\"MemoryPoller\" requested_mask=\"r\" denied_mask=\"r\" fsuid=1000 ouid=0", "suspicious": true, "suspicious_reason": "caldera:caldera, keyword:caldera", "mitre_tactic": "-", "mitre_match": "-", "sysmon_event_id": "-", "sysmon_event_name": "-", "caldera_tag": "caldera"}
{"timestamp": "2026-04-01T15:49:28.102+0000", "agent": "WS10", "agent_id": "005", "rule_id": "92213", "level": "15", "groups": "sysmon, sysmon_eid11_detections, windows", "decoder": "windows_eventchannel", "location": "EventChannel", "description": "Executable file dropped in folder commonly used by malware", "full_log": "{\"win\":{\"system\":{\"providerName\":\"Microsoft-Windows-Sysmon\",\"providerGuid\":\"{5770385f-c22a-43e0-bf4c-06f5698ffbd9}\",\"eventID\":\"11\",\"version\":\"2\",\"level\":\"4\",\"task\":\"11\",\"opcode\":\"0\",\"keywords\":\"0x8000000000000000\",\"systemTime\":\"2026-04-01T13:49:56.7132368Z\",\"eventRecordID\":\"396149\",\"processID\":\"7940\",\"threadID\":\"8064\",\"channel\":\"Microsoft-Windows-Sysmon/Operational\",\"computer\":\"WS10\",\"severityValue\":\"INFORMATION\",\"message\":\"\\\"File created:\\r\\nRuleName: -\\r\\nUtcTime: 2026-04-01 13:49:56.703\\r\\nProcessGuid: {d9a99926-2284-69cd-250b-000000000600}\\r\\nProcessId: 7380\\r\\nImage: C:\\\\Windows\\\\System32\\\\WindowsPowerShell\\\\v1.0\\\\powershell.exe\\r\\nTargetFilename: C:\\\\Users\\\\Administrator\\\\AppData\\\\Local\\\\Temp\\\\__PSScriptPolicyTest_1o2hkm2m.btm.ps1\\r\\nCreationUtcTime: 2026-04-01 13:49:56.703\\r\\nUser: WS10\\\\Administrator\\\"\"},\"eventdata\":{\"utcTime\":\"2026-04-01 13:49:56.703\",\"processGuid\":\"{d9a99926-2284-69cd-250b-000000000600}\",\"processId\":\"7380\",\"image\":\"C:\\\\\\\\Windows\\\\\\\\System32\\\\\\\\WindowsPowerShell\\\\\\\\v1.0\\\\\\\\powershell.exe\",\"targetFilename\":\"C:\\\\\\\\Users\\\\\\\\Administrator\\\\\\\\AppData\\\\\\\\Local\\\\\\\\Temp\\\\\\\\__PSScriptPolicyTest_1o2hkm2m.btm.ps1\",\"creationUtcTime\":\"2026-04-01 13:49:56.703\",\"user\":\"WS10\\\\\\\\Administrator\"}}}", "suspicious": true, "suspicious_reason": "group:sysmon, group:windows, keyword:powershell, keyword:sysmon, level>=5, mitre:execution, sysmon:11", "mitre_tactic": "execution", "mitre_match": "powershell", "sysmon_event_id": "11", "sysmon_event_name": "File Create", "caldera_tag": "-"}
{"timestamp": "2026-04-01T15:50:26.335+0000", "agent": "WS10", "agent_id": "005", "rule_id": "92213", "level": "15", "groups": "sysmon, sysmon_eid11_detections, windows", "decoder": "windows_eventchannel", "location": "EventChannel", "description": "Executable file dropped in folder commonly used by malware", "full_log": "{\"win\":{\"system\":{\"providerName\":\"Microsoft-Windows-Sysmon\",\"providerGuid\":\"{5770385f-c22a-43e0-bf4c-06f5698ffbd9}\",\"eventID\":\"11\",\"version\":\"2\",\"level\":\"4\",\"task\":\"11\",\"opcode\":\"0\",\"keywords\":\"0x8000000000000000\",\"systemTime\":\"2026-04-01T13:50:53.9219338Z\",\"eventRecordID\":\"396447\",\"processID\":\"7940\",\"threadID\":\"8064\",\"channel\":\"Microsoft-Windows-Sysmon/Operational\",\"computer\":\"WS10\",\"severityValue\":\"INFORMATION\",\"message\":\"\\\"File created:\\r\\nRuleName: -\\r\\nUtcTime: 2026-04-01 13:50:53.905\\r\\nProcessGuid: {d9a99926-22bd-69cd-270b-000000000600}\\r\\nProcessId: 8116\\r\\nImage: C:\\\\Windows\\\\System32\\\\WindowsPowerShell\\\\v1.0\\\\powershell.exe\\r\\nTargetFilename: C:\\\\Users\\\\Administrator\\\\AppData\\\\Local\\\\Temp\\\\__PSScriptPolicyTest_dh5myi3t.1vx.ps1\\r\\nCreationUtcTime: 2026-04-01 13:50:53.905\\r\\nUser: WS10\\\\Administrator\\\"\"},\"eventdata\":{\"utcTime\":\"2026-04-01 13:50:53.905\",\"processGuid\":\"{d9a99926-22bd-69cd-270b-000000000600}\",\"processId\":\"8116\",\"image\":\"C:\\\\\\\\Windows\\\\\\\\System32\\\\\\\\WindowsPowerShell\\\\\\\\v1.0\\\\\\\\powershell.exe\",\"targetFilename\":\"C:\\\\\\\\Users\\\\\\\\Administrator\\\\\\\\AppData\\\\\\\\Local\\\\\\\\Temp\\\\\\\\__PSScriptPolicyTest_dh5myi3t.1vx.ps1\",\"creationUtcTime\":\"2026-04-01 13:50:53.905\",\"user\":\"WS10\\\\\\\\Administrator\"}}}", "suspicious": true, "suspicious_reason": "group:sysmon, group:windows, keyword:powershell, keyword:sysmon, level>=5, mitre:execution, sysmon:11", "mitre_tactic": "execution", "mitre_match": "powershell", "sysmon_event_id": "11", "sysmon_event_name": "File Create", "caldera_tag": "-"}
{"timestamp": "2026-04-01T15:51:26.502+0000", "agent": "caldera", "agent_id": "011", "rule_id": "52002", "level": "3", "groups": "local, syslog, apparmor", "decoder": "kernel", "location": "journald", "description": "Apparmor DENIED", "full_log": "Apr 01 13:51:54 caldera kernel: audit: type=1400 audit(1775051514.144:2111): apparmor=\"DENIED\" operation=\"open\" class=\"file\" profile=\"snap.firefox.firefox\" name=\"/proc/pressure/memory\" pid=5211 comm=\"MemoryPoller\" requested_mask=\"r\" denied_mask=\"r\" fsuid=1000 ouid=0", "suspicious": true, "suspicious_reason": "caldera:caldera, keyword:caldera", "mitre_tactic": "-", "mitre_match": "-", "sysmon_event_id": "-", "sysmon_event_name": "-", "caldera_tag": "caldera"}
{"timestamp": "2026-04-01T15:51:32.503+0000", "agent": "caldera", "agent_id": "011", "rule_id": "52002", "level": "3", "groups": "local, syslog, apparmor", "decoder": "kernel", "location": "journald", "description": "Apparmor DENIED", "full_log": "Apr 01 13:51:59 caldera kernel: audit: type=1400 audit(1775051519.187:2112): apparmor=\"DENIED\" operation=\"open\" class=\"file\" profile=\"snap.firefox.firefox\" name=\"/proc/pressure/memory\" pid=5211 comm=\"MemoryPoller\" requested_mask=\"r\" denied_mask=\"r\" fsuid=1000 ouid=0", "suspicious": true, "suspicious_reason": "caldera:caldera, keyword:caldera", "mitre_tactic": "-", "mitre_match": "-", "sysmon_event_id": "-", "sysmon_event_name": "-", "caldera_tag": "caldera"}
{"timestamp": "2026-04-01T15:51:42.506+0000", "agent": "caldera", "agent_id": "011", "rule_id": "52002", "level": "3", "groups": "local, syslog, apparmor", "decoder": "kernel", "location": "journald", "description": "Apparmor DENIED", "full_log": "Apr 01 13:52:09 caldera kernel: audit: type=1400 audit(1775051529.394:2113): apparmor=\"DENIED\" operation=\"open\" class=\"file\" profile=\"snap.firefox.firefox\" name=\"/proc/pressure/memory\" pid=5211 comm=\"MemoryPoller\" requested_mask=\"r\" denied_mask=\"r\" fsuid=1000 ouid=0", "suspicious": true, "suspicious_reason": "caldera:caldera, keyword:caldera", "mitre_tactic": "-", "mitre_match": "-", "sysmon_event_id": "-", "sysmon_event_name": "-", "caldera_tag": "caldera"}
{"timestamp": "2026-04-01T15:51:46.511+0000", "agent": "caldera", "agent_id": "011", "rule_id": "52002", "level": "3", "groups": "local, syslog, apparmor", "decoder": "kernel", "location": "journald", "description": "Apparmor DENIED", "full_log": "Apr 01 13:52:14 caldera kernel: audit: type=1400 audit(1775051534.451:2114): apparmor=\"DENIED\" operation=\"open\" class=\"file\" profile=\"snap.firefox.firefox\" name=\"/proc/pressure/memory\" pid=5211 comm=\"MemoryPoller\" requested_mask=\"r\" denied_mask=\"r\" fsuid=1000 ouid=0", "suspicious": true, "suspicious_reason": "caldera:caldera, keyword:caldera", "mitre_tactic": "-", "mitre_match": "-", "sysmon_event_id": "-", "sysmon_event_name": "-", "caldera_tag": "caldera"}
{"timestamp": "2026-04-01T15:51:52.512+0000", "agent": "caldera", "agent_id": "011", "rule_id": "52002", "level": "3", "groups": "local, syslog, apparmor", "decoder": "kernel", "location": "journald", "description": "Apparmor DENIED", "full_log": "Apr 01 13:52:19 caldera kernel: audit: type=1400 audit(1775051539.537:2115): apparmor=\"DENIED\" operation=\"open\" class=\"file\" profile=\"snap.firefox.firefox\" name=\"/proc/pressure/memory\" pid=5211 comm=\"MemoryPoller\" requested_mask=\"r\" denied_mask=\"r\" fsuid=1000 ouid=0", "suspicious": true, "suspicious_reason": "caldera:caldera, keyword:caldera", "mitre_tactic": "-", "mitre_match": "-", "sysmon_event_id": "-", "sysmon_event_name": "-", "caldera_tag": "caldera"}
{"timestamp": "2026-04-01T15:51:56.513+0000", "agent": "caldera", "agent_id": "011", "rule_id": "52002", "level": "3", "groups": "local, syslog, apparmor", "decoder": "kernel", "location": "journald", "description": "Apparmor DENIED", "full_log": "Apr 01 13:52:24 caldera kernel: audit: type=1400 audit(1775051544.578:2116): apparmor=\"DENIED\" operation=\"open\" class=\"file\" profile=\"snap.firefox.firefox\" name=\"/proc/pressure/memory\" pid=5211 comm=\"MemoryPoller\" requested_mask=\"r\" denied_mask=\"r\" fsuid=1000 ouid=0", "suspicious": true, "suspicious_reason": "caldera:caldera, keyword:caldera", "mitre_tactic": "-", "mitre_match": "-", "sysmon_event_id": "-", "sysmon_event_name": "-", "caldera_tag": "caldera"}
{"timestamp": "2026-04-01T15:52:02.515+0000", "agent": "caldera", "agent_id": "011", "rule_id": "52002", "level": "3", "groups": "local, syslog, apparmor", "decoder": "kernel", "location": "journald", "description": "Apparmor DENIED", "full_log": "Apr 01 13:52:29 caldera kernel: audit: type=1400 audit(1775051549.579:2117): apparmor=\"DENIED\" operation=\"open\" class=\"file\" profile=\"snap.firefox.firefox\" name=\"/proc/pressure/memory\" pid=5211 comm=\"MemoryPoller\" requested_mask=\"r\" denied_mask=\"r\" fsuid=1000 ouid=0", "suspicious": true, "suspicious_reason": "caldera:caldera, keyword:caldera", "mitre_tactic": "-", "mitre_match": "-", "sysmon_event_id": "-", "sysmon_event_name": "-", "caldera_tag": "caldera"}
{"timestamp": "2026-04-01T15:52:11.658+0000", "agent": "WS10", "agent_id": "005", "rule_id": "92213", "level": "15", "groups": "sysmon, sysmon_eid11_detections, windows", "decoder": "windows_eventchannel", "location": "EventChannel", "description": "Executable file dropped in folder commonly used by malware", "full_log": "{\"win\":{\"system\":{\"providerName\":\"Microsoft-Windows-Sysmon\",\"providerGuid\":\"{5770385f-c22a-43e0-bf4c-06f5698ffbd9}\",\"eventID\":\"11\",\"version\":\"2\",\"level\":\"4\",\"task\":\"11\",\"opcode\":\"0\",\"keywords\":\"0x8000000000000000\",\"systemTime\":\"2026-04-01T13:52:40.1678774Z\",\"eventRecordID\":\"398330\",\"processID\":\"7940\",\"threadID\":\"8064\",\"channel\":\"Microsoft-Windows-Sysmon/Operational\",\"computer\":\"WS10\",\"severityValue\":\"INFORMATION\",\"message\":\"\\\"File created:\\r\\nRuleName: -\\r\\nUtcTime: 2026-04-01 13:52:40.154\\r\\nProcessGuid: {d9a99926-2328-69cd-330d-000000000600}\\r\\nProcessId: 1584\\r\\nImage: C:\\\\Windows\\\\System32\\\\WindowsPowerShell\\\\v1.0\\\\powershell.exe\\r\\nTargetFilename: C:\\\\Users\\\\Administrator\\\\AppData\\\\Local\\\\Temp\\\\__PSScriptPolicyTest_bdpmxkin.lj0.ps1\\r\\nCreationUtcTime: 2026-04-01 13:52:40.154\\r\\nUser: WS10\\\\Administrator\\\"\"},\"eventdata\":{\"utcTime\":\"2026-04-01 13:52:40.154\",\"processGuid\":\"{d9a99926-2328-69cd-330d-000000000600}\",\"processId\":\"1584\",\"image\":\"C:\\\\\\\\Windows\\\\\\\\System32\\\\\\\\WindowsPowerShell\\\\\\\\v1.0\\\\\\\\powershell.exe\",\"targetFilename\":\"C:\\\\\\\\Users\\\\\\\\Administrator\\\\\\\\AppData\\\\\\\\Local\\\\\\\\Temp\\\\\\\\__PSScriptPolicyTest_bdpmxkin.lj0.ps1\",\"creationUtcTime\":\"2026-04-01 13:52:40.154\",\"user\":\"WS10\\\\\\\\Administrator\"}}}", "suspicious": true, "suspicious_reason": "group:sysmon, group:windows, keyword:powershell, keyword:sysmon, level>=5, mitre:execution, sysmon:11", "mitre_tactic": "execution", "mitre_match": "powershell", "sysmon_event_id": "11", "sysmon_event_name": "File Create", "caldera_tag": "-"}
