{"timestamp": "2026-04-01T15:37:37.486+0000", "agent": "caldera", "agent_id": "011", "rule_id": "52002", "level": "3", "groups": "local, syslog, apparmor", "decoder": "kernel", "location": "journald", "description": "Apparmor DENIED", "full_log": "Apr 01 13:38:04 caldera kernel: audit: type=1400 audit(1775050684.638:2035): apparmor=\"DENIED\" operation=\"open\" class=\"file\" profile=\"snap.firefox.firefox\" name=\"/proc/pressure/memory\" pid=5211 comm=\"MemoryPoller\" requested_mask=\"r\" denied_mask=\"r\" fsuid=1000 ouid=0", "suspicious": true, "suspicious_reason": "caldera:caldera, keyword:caldera", "mitre_tactic": "-", "mitre_match": "-", "sysmon_event_id": "-", "sysmon_event_name": "-", "caldera_tag": "caldera"}
{"timestamp": "2026-04-01T15:37:39.487+0000", "agent": "caldera", "agent_id": "011", "rule_id": "1002", "level": "2", "groups": "syslog, errors", "decoder": "kernel", "location": "journald", "description": "Unknown problem somewhere in the system.", "full_log": "Apr 01 13:38:08 caldera kernel: audit: type=1107 audit(1775050688.111:2036): pid=930 uid=101 auid=4294967295 ses=4294967295 subj=unconfined msg='apparmor=\"DENIED\" operation=\"dbus_method_call\" bus=\"system\" path=\"/org/freedesktop/RealtimeKit1\" interface=\"org.freedesktop.DBus.Properties\" member=\"Get\" mask=\"send\" name=\"org.freedesktop.RealtimeKit1\" pid=26011 label=\"snap.firefox.firefox\" exe=\"/usr/bin/dbus-daemon\" sauid=101 hostname=? addr=? terminal=?'", "suspicious": true, "suspicious_reason": "caldera:caldera, keyword:caldera, mitre:discovery", "mitre_tactic": "discovery", "mitre_match": "hostname", "sysmon_event_id": "-", "sysmon_event_name": "-", "caldera_tag": "caldera"}
{"timestamp": "2026-04-01T15:37:41.488+0000", "agent": "caldera", "agent_id": "011", "rule_id": "52002", "level": "3", "groups": "local, syslog, apparmor", "decoder": "kernel", "location": "journald", "description": "Apparmor DENIED", "full_log": "Apr 01 13:38:09 caldera kernel: audit: type=1400 audit(1775050689.644:2037): apparmor=\"DENIED\" operation=\"open\" class=\"file\" profile=\"snap.firefox.firefox\" name=\"/proc/pressure/memory\" pid=5211 comm=\"MemoryPoller\" requested_mask=\"r\" denied_mask=\"r\" fsuid=1000 ouid=0", "suspicious": true, "suspicious_reason": "caldera:caldera, keyword:caldera", "mitre_tactic": "-", "mitre_match": "-", "sysmon_event_id": "-", "sysmon_event_name": "-", "caldera_tag": "caldera"}
{"timestamp": "2026-04-01T15:37:43.490+0000", "agent": "caldera", "agent_id": "011", "rule_id": "1002", "level": "2", "groups": "syslog, errors", "decoder": "kernel", "location": "journald", "description": "Unknown problem somewhere in the system.", "full_log": "Apr 01 13:38:10 caldera kernel: audit: type=1107 audit(1775050690.749:2038): pid=930 uid=101 auid=4294967295 ses=4294967295 subj=unconfined msg='apparmor=\"DENIED\" operation=\"dbus_method_call\" bus=\"system\" path=\"/org/freedesktop/RealtimeKit1\" interface=\"org.freedesktop.DBus.Properties\" member=\"Get\" mask=\"send\" name=\"org.freedesktop.RealtimeKit1\" pid=26042 label=\"snap.firefox.firefox\" exe=\"/usr/bin/dbus-daemon\" sauid=101 hostname=? addr=? terminal=?'", "suspicious": true, "suspicious_reason": "caldera:caldera, keyword:caldera, mitre:discovery", "mitre_tactic": "discovery", "mitre_match": "hostname", "sysmon_event_id": "-", "sysmon_event_name": "-", "caldera_tag": "caldera"}
{"timestamp": "2026-04-01T15:37:47.490+0000", "agent": "caldera", "agent_id": "011", "rule_id": "52002", "level": "3", "groups": "local, syslog, apparmor", "decoder": "kernel", "location": "journald", "description": "Apparmor DENIED", "full_log": "Apr 01 13:38:14 caldera kernel: audit: type=1400 audit(1775050694.651:2039): apparmor=\"DENIED\" operation=\"open\" class=\"file\" profile=\"snap.firefox.firefox\" name=\"/proc/pressure/memory\" pid=5211 comm=\"MemoryPoller\" requested_mask=\"r\" denied_mask=\"r\" fsuid=1000 ouid=0", "suspicious": true, "suspicious_reason": "caldera:caldera, keyword:caldera", "mitre_tactic": "-", "mitre_match": "-", "sysmon_event_id": "-", "sysmon_event_name": "-", "caldera_tag": "caldera"}
{"timestamp": "2026-04-01T15:37:47.490+0000", "agent": "caldera", "agent_id": "011", "rule_id": "1002", "level": "2", "groups": "syslog, errors", "decoder": "kernel", "location": "journald", "description": "Unknown problem somewhere in the system.", "full_log": "Apr 01 13:38:15 caldera kernel: audit: type=1107 audit(1775050695.428:2040): pid=930 uid=101 auid=4294967295 ses=4294967295 subj=unconfined msg='apparmor=\"DENIED\" operation=\"dbus_method_call\" bus=\"system\" path=\"/org/freedesktop/RealtimeKit1\" interface=\"org.freedesktop.DBus.Properties\" member=\"Get\" mask=\"send\" name=\"org.freedesktop.RealtimeKit1\" pid=26102 label=\"snap.firefox.firefox\" exe=\"/usr/bin/dbus-daemon\" sauid=101 hostname=? addr=? terminal=?'", "suspicious": true, "suspicious_reason": "caldera:caldera, keyword:caldera, mitre:discovery", "mitre_tactic": "discovery", "mitre_match": "hostname", "sysmon_event_id": "-", "sysmon_event_name": "-", "caldera_tag": "caldera"}
{"timestamp": "2026-04-01T15:37:51.491+0000", "agent": "caldera", "agent_id": "011", "rule_id": "52002", "level": "3", "groups": "local, syslog, apparmor", "decoder": "kernel", "location": "journald", "description": "Apparmor DENIED", "full_log": "Apr 01 13:38:19 caldera kernel: audit: type=1400 audit(1775050699.688:2041): apparmor=\"DENIED\" operation=\"open\" class=\"file\" profile=\"snap.firefox.firefox\" name=\"/proc/pressure/memory\" pid=5211 comm=\"MemoryPoller\" requested_mask=\"r\" denied_mask=\"r\" fsuid=1000 ouid=0", "suspicious": true, "suspicious_reason": "caldera:caldera, keyword:caldera", "mitre_tactic": "-", "mitre_match": "-", "sysmon_event_id": "-", "sysmon_event_name": "-", "caldera_tag": "caldera"}
{"timestamp": "2026-04-01T15:37:57.492+0000", "agent": "caldera", "agent_id": "011", "rule_id": "52002", "level": "3", "groups": "local, syslog, apparmor", "decoder": "kernel", "location": "journald", "description": "Apparmor DENIED", "full_log": "Apr 01 13:38:24 caldera kernel: audit: type=1400 audit(1775050704.713:2042): apparmor=\"DENIED\" operation=\"open\" class=\"file\" profile=\"snap.firefox.firefox\" name=\"/proc/pressure/memory\" pid=5211 comm=\"MemoryPoller\" requested_mask=\"r\" denied_mask=\"r\" fsuid=1000 ouid=0", "suspicious": true, "suspicious_reason": "caldera:caldera, keyword:caldera", "mitre_tactic": "-", "mitre_match": "-", "sysmon_event_id": "-", "sysmon_event_name": "-", "caldera_tag": "caldera"}
{"timestamp": "2026-04-01T15:38:01.495+0000", "agent": "caldera", "agent_id": "011", "rule_id": "1002", "level": "2", "groups": "syslog, errors", "decoder": "kernel", "location": "journald", "description": "Unknown problem somewhere in the system.", "full_log": "Apr 01 13:38:29 caldera kernel: audit: type=1107 audit(1775050709.704:2043): pid=930 uid=101 auid=4294967295 ses=4294967295 subj=unconfined msg='apparmor=\"DENIED\" operation=\"dbus_method_call\" bus=\"system\" path=\"/org/freedesktop/RealtimeKit1\" interface=\"org.freedesktop.DBus.Properties\" member=\"Get\" mask=\"send\" name=\"org.freedesktop.RealtimeKit1\" pid=5211 label=\"snap.firefox.firefox\" exe=\"/usr/bin/dbus-daemon\" sauid=101 hostname=? addr=? terminal=?'", "suspicious": true, "suspicious_reason": "caldera:caldera, keyword:caldera, mitre:discovery", "mitre_tactic": "discovery", "mitre_match": "hostname", "sysmon_event_id": "-", "sysmon_event_name": "-", "caldera_tag": "caldera"}
{"timestamp": "2026-04-01T15:38:01.496+0000", "agent": "caldera", "agent_id": "011", "rule_id": "52002", "level": "3", "groups": "local, syslog, apparmor", "decoder": "kernel", "location": "journald", "description": "Apparmor DENIED", "full_log": "Apr 01 13:38:29 caldera kernel: audit: type=1400 audit(1775050709.714:2044): apparmor=\"DENIED\" operation=\"open\" class=\"file\" profile=\"snap.firefox.firefox\" name=\"/proc/pressure/memory\" pid=5211 comm=\"MemoryPoller\" requested_mask=\"r\" denied_mask=\"r\" fsuid=1000 ouid=0", "suspicious": true, "suspicious_reason": "caldera:caldera, keyword:caldera", "mitre_tactic": "-", "mitre_match": "-", "sysmon_event_id": "-", "sysmon_event_name": "-", "caldera_tag": "caldera"}
{"timestamp": "2026-04-01T15:38:07.497+0000", "agent": "caldera", "agent_id": "011", "rule_id": "52002", "level": "3", "groups": "local, syslog, apparmor", "decoder": "kernel", "location": "journald", "description": "Apparmor DENIED", "full_log": "Apr 01 13:38:34 caldera kernel: audit: type=1400 audit(1775050714.717:2045): apparmor=\"DENIED\" operation=\"open\" class=\"file\" profile=\"snap.firefox.firefox\" name=\"/proc/pressure/memory\" pid=5211 comm=\"MemoryPoller\" requested_mask=\"r\" denied_mask=\"r\" fsuid=1000 ouid=0", "suspicious": true, "suspicious_reason": "caldera:caldera, keyword:caldera", "mitre_tactic": "-", "mitre_match": "-", "sysmon_event_id": "-", "sysmon_event_name": "-", "caldera_tag": "caldera"}
{"timestamp": "2026-04-01T15:38:11.498+0000", "agent": "caldera", "agent_id": "011", "rule_id": "52002", "level": "3", "groups": "local, syslog, apparmor", "decoder": "kernel", "location": "journald", "description": "Apparmor DENIED", "full_log": "Apr 01 13:38:39 caldera kernel: audit: type=1400 audit(1775050719.784:2046): apparmor=\"DENIED\" operation=\"open\" class=\"file\" profile=\"snap.firefox.firefox\" name=\"/proc/pressure/memory\" pid=5211 comm=\"MemoryPoller\" requested_mask=\"r\" denied_mask=\"r\" fsuid=1000 ouid=0", "suspicious": true, "suspicious_reason": "caldera:caldera, keyword:caldera", "mitre_tactic": "-", "mitre_match": "-", "sysmon_event_id": "-", "sysmon_event_name": "-", "caldera_tag": "caldera"}
{"timestamp": "2026-04-01T15:38:17.499+0000", "agent": "caldera", "agent_id": "011", "rule_id": "52002", "level": "3", "groups": "local, syslog, apparmor", "decoder": "kernel", "location": "journald", "description": "Apparmor DENIED", "full_log": "Apr 01 13:38:44 caldera kernel: audit: type=1400 audit(1775050724.790:2047): apparmor=\"DENIED\" operation=\"open\" class=\"file\" profile=\"snap.firefox.firefox\" name=\"/proc/pressure/memory\" pid=5211 comm=\"MemoryPoller\" requested_mask=\"r\" denied_mask=\"r\" fsuid=1000 ouid=0", "suspicious": true, "suspicious_reason": "caldera:caldera, keyword:caldera", "mitre_tactic": "-", "mitre_match": "-", "sysmon_event_id": "-", "sysmon_event_name": "-", "caldera_tag": "caldera"}
{"timestamp": "2026-04-01T15:38:17.500+0000", "agent": "caldera", "agent_id": "011", "rule_id": "1002", "level": "2", "groups": "syslog, errors", "decoder": "kernel", "location": "journald", "description": "Unknown problem somewhere in the system.", "full_log": "Apr 01 13:38:44 caldera kernel: audit: type=1107 audit(1775050724.922:2048): pid=930 uid=101 auid=4294967295 ses=4294967295 subj=unconfined msg='apparmor=\"DENIED\" operation=\"dbus_method_call\" bus=\"system\" path=\"/org/freedesktop/RealtimeKit1\" interface=\"org.freedesktop.DBus.Properties\" member=\"Get\" mask=\"send\" name=\"org.freedesktop.RealtimeKit1\" pid=26331 label=\"snap.firefox.firefox\" exe=\"/usr/bin/dbus-daemon\" sauid=101 hostname=? addr=? terminal=?'", "suspicious": true, "suspicious_reason": "caldera:caldera, keyword:caldera, mitre:discovery", "mitre_tactic": "discovery", "mitre_match": "hostname", "sysmon_event_id": "-", "sysmon_event_name": "-", "caldera_tag": "caldera"}
{"timestamp": "2026-04-01T15:38:21.501+0000", "agent": "caldera", "agent_id": "011", "rule_id": "52002", "level": "3", "groups": "local, syslog, apparmor", "decoder": "kernel", "location": "journald", "description": "Apparmor DENIED", "full_log": "Apr 01 13:38:49 caldera kernel: audit: type=1400 audit(1775050729.857:2049): apparmor=\"DENIED\" operation=\"open\" class=\"file\" profile=\"snap.firefox.firefox\" name=\"/proc/pressure/memory\" pid=5211 comm=\"MemoryPoller\" requested_mask=\"r\" denied_mask=\"r\" fsuid=1000 ouid=0", "suspicious": true, "suspicious_reason": "caldera:caldera, keyword:caldera", "mitre_tactic": "-", "mitre_match": "-", "sysmon_event_id": "-", "sysmon_event_name": "-", "caldera_tag": "caldera"}
{"timestamp": "2026-04-01T15:38:27.504+0000", "agent": "caldera", "agent_id": "011", "rule_id": "52002", "level": "3", "groups": "local, syslog, apparmor", "decoder": "kernel", "location": "journald", "description": "Apparmor DENIED", "full_log": "Apr 01 13:38:54 caldera kernel: audit: type=1400 audit(1775050734.878:2050): apparmor=\"DENIED\" operation=\"open\" class=\"file\" profile=\"snap.firefox.firefox\" name=\"/proc/pressure/memory\" pid=5211 comm=\"MemoryPoller\" requested_mask=\"r\" denied_mask=\"r\" fsuid=1000 ouid=0", "suspicious": true, "suspicious_reason": "caldera:caldera, keyword:caldera", "mitre_tactic": "-", "mitre_match": "-", "sysmon_event_id": "-", "sysmon_event_name": "-", "caldera_tag": "caldera"}
{"timestamp": "2026-04-01T15:38:31.505+0000", "agent": "caldera", "agent_id": "011", "rule_id": "52002", "level": "3", "groups": "local, syslog, apparmor", "decoder": "kernel", "location": "journald", "description": "Apparmor DENIED", "full_log": "Apr 01 13:38:59 caldera kernel: audit: type=1400 audit(1775050739.890:2051): apparmor=\"DENIED\" operation=\"open\" class=\"file\" profile=\"snap.firefox.firefox\" name=\"/proc/pressure/memory\" pid=5211 comm=\"MemoryPoller\" requested_mask=\"r\" denied_mask=\"r\" fsuid=1000 ouid=0", "suspicious": true, "suspicious_reason": "caldera:caldera, keyword:caldera", "mitre_tactic": "-", "mitre_match": "-", "sysmon_event_id": "-", "sysmon_event_name": "-", "caldera_tag": "caldera"}
{"timestamp": "2026-04-01T15:38:41.508+0000", "agent": "caldera", "agent_id": "011", "rule_id": "52002", "level": "3", "groups": "local, syslog, apparmor", "decoder": "kernel", "location": "journald", "description": "Apparmor DENIED", "full_log": "Apr 01 13:39:09 caldera kernel: audit: type=1400 audit(1775050749.964:2052): apparmor=\"DENIED\" operation=\"open\" class=\"file\" profile=\"snap.firefox.firefox\" name=\"/proc/pressure/memory\" pid=5211 comm=\"MemoryPoller\" requested_mask=\"r\" denied_mask=\"r\" fsuid=1000 ouid=0", "suspicious": true, "suspicious_reason": "caldera:caldera, keyword:caldera", "mitre_tactic": "-", "mitre_match": "-", "sysmon_event_id": "-", "sysmon_event_name": "-", "caldera_tag": "caldera"}
{"timestamp": "2026-04-01T15:38:51.511+0000", "agent": "caldera", "agent_id": "011", "rule_id": "52002", "level": "3", "groups": "local, syslog, apparmor", "decoder": "kernel", "location": "journald", "description": "Apparmor DENIED", "full_log": "Apr 01 13:39:19 caldera kernel: audit: type=1400 audit(1775050759.981:2053): apparmor=\"DENIED\" operation=\"open\" class=\"file\" profile=\"snap.firefox.firefox\" name=\"/proc/pressure/memory\" pid=5211 comm=\"MemoryPoller\" requested_mask=\"r\" denied_mask=\"r\" fsuid=1000 ouid=0", "suspicious": true, "suspicious_reason": "caldera:caldera, keyword:caldera", "mitre_tactic": "-", "mitre_match": "-", "sysmon_event_id": "-", "sysmon_event_name": "-", "caldera_tag": "caldera"}
{"timestamp": "2026-04-01T15:39:05.119+0000", "agent": "WS10", "agent_id": "005", "rule_id": "92217", "level": "6", "groups": "sysmon, sysmon_eid11_detections, windows", "decoder": "windows_eventchannel", "location": "EventChannel", "description": "Executable dropped in Windows root folder", "full_log": "{\"win\":{\"system\":{\"providerName\":\"Microsoft-Windows-Sysmon\",\"providerGuid\":\"{5770385f-c22a-43e0-bf4c-06f5698ffbd9}\",\"eventID\":\"11\",\"version\":\"2\",\"level\":\"4\",\"task\":\"11\",\"opcode\":\"0\",\"keywords\":\"0x8000000000000000\",\"systemTime\":\"2026-04-01T13:39:34.6452175Z\",\"eventRecordID\":\"385596\",\"processID\":\"7940\",\"threadID\":\"8064\",\"channel\":\"Microsoft-Windows-Sysmon/Operational\",\"computer\":\"WS10\",\"severityValue\":\"INFORMATION\",\"message\":\"\\\"File created:\\r\\nRuleName: DLL\\r\\nUtcTime: 2026-04-01 13:39:34.644\\r\\nProcessGuid: {d9a99926-2016-69cd-fe0a-000000000600}\\r\\nProcessId: 8772\\r\\nImage: C:\\\\Windows\\\\System32\\\\mousocoreworker.exe\\r\\nTargetFilename: C:\\\\Windows\\\\SoftwareDistribution\\\\Download\\\\0e81198876b8eb725cd93d1816536732\\\\Metadata\\\\UpdateAgent.dll\\r\\nCreationUtcTime: 2025-11-05 16:00:44.000\\r\\nUser: NT AUTHORITY\\\\SYSTEM\\\"\"},\"eventdata\":{\"ruleName\":\"DLL\",\"utcTime\":\"2026-04-01 13:39:34.644\",\"processGuid\":\"{d9a99926-2016-69cd-fe0a-000000000600}\",\"processId\":\"8772\",\"image\":\"C:\\\\\\\\Windows\\\\\\\\System32\\\\\\\\mousocoreworker.exe\",\"targetFilename\":\"C:\\\\\\\\Windows\\\\\\\\SoftwareDistribution\\\\\\\\Download\\\\\\\\0e81198876b8eb725cd93d1816536732\\\\\\\\Metadata\\\\\\\\UpdateAgent.dll\",\"creationUtcTime\":\"2025-11-05 16:00:44.000\",\"user\":\"NT AUTHORITY\\\\\\\\SYSTEM\"}}}", "suspicious": true, "suspicious_reason": "group:sysmon, group:windows, keyword:sysmon, level>=5, sysmon:11", "mitre_tactic": "-", "mitre_match": "-", "sysmon_event_id": "11", "sysmon_event_name": "File Create", "caldera_tag": "-"}
{"timestamp": "2026-04-01T15:39:05.134+0000", "agent": "WS10", "agent_id": "005", "rule_id": "92217", "level": "6", "groups": "sysmon, sysmon_eid11_detections, windows", "decoder": "windows_eventchannel", "location": "EventChannel", "description": "Executable dropped in Windows root folder", "full_log": "{\"win\":{\"system\":{\"providerName\":\"Microsoft-Windows-Sysmon\",\"providerGuid\":\"{5770385f-c22a-43e0-bf4c-06f5698ffbd9}\",\"eventID\":\"11\",\"version\":\"2\",\"level\":\"4\",\"task\":\"11\",\"opcode\":\"0\",\"keywords\":\"0x8000000000000000\",\"systemTime\":\"2026-04-01T13:39:34.6684247Z\",\"eventRecordID\":\"385597\",\"processID\":\"7940\",\"threadID\":\"8064\",\"channel\":\"Microsoft-Windows-Sysmon/Operational\",\"computer\":\"WS10\",\"severityValue\":\"INFORMATION\",\"message\":\"\\\"File created:\\r\\nRuleName: DLL\\r\\nUtcTime: 2026-04-01 13:39:34.667\\r\\nProcessGuid: {d9a99926-2016-69cd-fe0a-000000000600}\\r\\nProcessId: 8772\\r\\nImage: C:\\\\Windows\\\\System32\\\\mousocoreworker.exe\\r\\nTargetFilename: C:\\\\Windows\\\\SoftwareDistribution\\\\Download\\\\0e81198876b8eb725cd93d1816536732\\\\Metadata\\\\dpx.dll\\r\\nCreationUtcTime: 2025-11-05 16:00:42.000\\r\\nUser: NT AUTHORITY\\\\SYSTEM\\\"\"},\"eventdata\":{\"ruleName\":\"DLL\",\"utcTime\":\"2026-04-01 13:39:34.667\",\"processGuid\":\"{d9a99926-2016-69cd-fe0a-000000000600}\",\"processId\":\"8772\",\"image\":\"C:\\\\\\\\Windows\\\\\\\\System32\\\\\\\\mousocoreworker.exe\",\"targetFilename\":\"C:\\\\\\\\Windows\\\\\\\\SoftwareDistribution\\\\\\\\Download\\\\\\\\0e81198876b8eb725cd93d1816536732\\\\\\\\Metadata\\\\\\\\dpx.dll\",\"creationUtcTime\":\"2025-11-05 16:00:42.000\",\"user\":\"NT AUTHORITY\\\\\\\\SYSTEM\"}}}", "suspicious": true, "suspicious_reason": "group:sysmon, group:windows, keyword:sysmon, level>=5, sysmon:11", "mitre_tactic": "-", "mitre_match": "-", "sysmon_event_id": "11", "sysmon_event_name": "File Create", "caldera_tag": "-"}
{"timestamp": "2026-04-01T15:39:05.150+0000", "agent": "WS10", "agent_id": "005", "rule_id": "92217", "level": "6", "groups": "sysmon, sysmon_eid11_detections, windows", "decoder": "windows_eventchannel", "location": "EventChannel", "description": "Executable dropped in Windows root folder", "full_log": "{\"win\":{\"system\":{\"providerName\":\"Microsoft-Windows-Sysmon\",\"providerGuid\":\"{5770385f-c22a-43e0-bf4c-06f5698ffbd9}\",\"eventID\":\"11\",\"version\":\"2\",\"level\":\"4\",\"task\":\"11\",\"opcode\":\"0\",\"keywords\":\"0x8000000000000000\",\"systemTime\":\"2026-04-01T13:39:34.6771212Z\",\"eventRecordID\":\"385598\",\"processID\":\"7940\",\"threadID\":\"8064\",\"channel\":\"Microsoft-Windows-Sysmon/Operational\",\"computer\":\"WS10\",\"severityValue\":\"INFORMATION\",\"message\":\"\\\"File created:\\r\\nRuleName: DLL\\r\\nUtcTime: 2026-04-01 13:39:34.675\\r\\nProcessGuid: {d9a99926-2016-69cd-fe0a-000000000600}\\r\\nProcessId: 8772\\r\\nImage: C:\\\\Windows\\\\System32\\\\mousocoreworker.exe\\r\\nTargetFilename: C:\\\\Windows\\\\SoftwareDistribution\\\\Download\\\\0e81198876b8eb725cd93d1816536732\\\\Metadata\\\\Mitigation.dll\\r\\nCreationUtcTime: 2025-11-05 16:00:42.000\\r\\nUser: NT AUTHORITY\\\\SYSTEM\\\"\"},\"eventdata\":{\"ruleName\":\"DLL\",\"utcTime\":\"2026-04-01 13:39:34.675\",\"processGuid\":\"{d9a99926-2016-69cd-fe0a-000000000600}\",\"processId\":\"8772\",\"image\":\"C:\\\\\\\\Windows\\\\\\\\System32\\\\\\\\mousocoreworker.exe\",\"targetFilename\":\"C:\\\\\\\\Windows\\\\\\\\SoftwareDistribution\\\\\\\\Download\\\\\\\\0e81198876b8eb725cd93d1816536732\\\\\\\\Metadata\\\\\\\\Mitigation.dll\",\"creationUtcTime\":\"2025-11-05 16:00:42.000\",\"user\":\"NT AUTHORITY\\\\\\\\SYSTEM\"}}}", "suspicious": true, "suspicious_reason": "group:sysmon, group:windows, keyword:sysmon, level>=5, sysmon:11", "mitre_tactic": "-", "mitre_match": "-", "sysmon_event_id": "11", "sysmon_event_name": "File Create", "caldera_tag": "-"}
{"timestamp": "2026-04-01T15:39:05.165+0000", "agent": "WS10", "agent_id": "005", "rule_id": "92217", "level": "6", "groups": "sysmon, sysmon_eid11_detections, windows", "decoder": "windows_eventchannel", "location": "EventChannel", "description": "Executable dropped in Windows root folder", "full_log": "{\"win\":{\"system\":{\"providerName\":\"Microsoft-Windows-Sysmon\",\"providerGuid\":\"{5770385f-c22a-43e0-bf4c-06f5698ffbd9}\",\"eventID\":\"11\",\"version\":\"2\",\"level\":\"4\",\"task\":\"11\",\"opcode\":\"0\",\"keywords\":\"0x8000000000000000\",\"systemTime\":\"2026-04-01T13:39:34.6819290Z\",\"eventRecordID\":\"385599\",\"processID\":\"7940\",\"threadID\":\"8064\",\"channel\":\"Microsoft-Windows-Sysmon/Operational\",\"computer\":\"WS10\",\"severityValue\":\"INFORMATION\",\"message\":\"\\\"File created:\\r\\nRuleName: DLL\\r\\nUtcTime: 2026-04-01 13:39:34.679\\r\\nProcessGuid: {d9a99926-2016-69cd-fe0a-000000000600}\\r\\nProcessId: 8772\\r\\nImage: C:\\\\Windows\\\\System32\\\\mousocoreworker.exe\\r\\nTargetFilename: C:\\\\Windows\\\\SoftwareDistribution\\\\Download\\\\0e81198876b8eb725cd93d1816536732\\\\Metadata\\\\UAOneSettings.dll\\r\\nCreationUtcTime: 2025-11-05 16:00:42.000\\r\\nUser: NT AUTHORITY\\\\SYSTEM\\\"\"},\"eventdata\":{\"ruleName\":\"DLL\",\"utcTime\":\"2026-04-01 13:39:34.679\",\"processGuid\":\"{d9a99926-2016-69cd-fe0a-000000000600}\",\"processId\":\"8772\",\"image\":\"C:\\\\\\\\Windows\\\\\\\\System32\\\\\\\\mousocoreworker.exe\",\"targetFilename\":\"C:\\\\\\\\Windows\\\\\\\\SoftwareDistribution\\\\\\\\Download\\\\\\\\0e81198876b8eb725cd93d1816536732\\\\\\\\Metadata\\\\\\\\UAOneSettings.dll\",\"creationUtcTime\":\"2025-11-05 16:00:42.000\",\"user\":\"NT AUTHORITY\\\\\\\\SYSTEM\"}}}", "suspicious": true, "suspicious_reason": "group:sysmon, group:windows, keyword:sysmon, level>=5, sysmon:11", "mitre_tactic": "-", "mitre_match": "-", "sysmon_event_id": "11", "sysmon_event_name": "File Create", "caldera_tag": "-"}
{"timestamp": "2026-04-01T15:39:05.197+0000", "agent": "WS10", "agent_id": "005", "rule_id": "92217", "level": "6", "groups": "sysmon, sysmon_eid11_detections, windows", "decoder": "windows_eventchannel", "location": "EventChannel", "description": "Executable dropped in Windows root folder", "full_log": "{\"win\":{\"system\":{\"providerName\":\"Microsoft-Windows-Sysmon\",\"providerGuid\":\"{5770385f-c22a-43e0-bf4c-06f5698ffbd9}\",\"eventID\":\"11\",\"version\":\"2\",\"level\":\"4\",\"task\":\"11\",\"opcode\":\"0\",\"keywords\":\"0x8000000000000000\",\"systemTime\":\"2026-04-01T13:39:34.6849513Z\",\"eventRecordID\":\"385600\",\"processID\":\"7940\",\"threadID\":\"8064\",\"channel\":\"Microsoft-Windows-Sysmon/Operational\",\"computer\":\"WS10\",\"severityValue\":\"INFORMATION\",\"message\":\"\\\"File created:\\r\\nRuleName: DLL\\r\\nUtcTime: 2026-04-01 13:39:34.682\\r\\nProcessGuid: {d9a99926-2016-69cd-fe0a-000000000600}\\r\\nProcessId: 8772\\r\\nImage: C:\\\\Windows\\\\System32\\\\mousocoreworker.exe\\r\\nTargetFilename: C:\\\\Windows\\\\SoftwareDistribution\\\\Download\\\\0e81198876b8eb725cd93d1816536732\\\\Metadata\\\\wcp.dll\\r\\nCreationUtcTime: 2025-11-05 16:00:44.000\\r\\nUser: NT AUTHORITY\\\\SYSTEM\\\"\"},\"eventdata\":{\"ruleName\":\"DLL\",\"utcTime\":\"2026-04-01 13:39:34.682\",\"processGuid\":\"{d9a99926-2016-69cd-fe0a-000000000600}\",\"processId\":\"8772\",\"image\":\"C:\\\\\\\\Windows\\\\\\\\System32\\\\\\\\mousocoreworker.exe\",\"targetFilename\":\"C:\\\\\\\\Windows\\\\\\\\SoftwareDistribution\\\\\\\\Download\\\\\\\\0e81198876b8eb725cd93d1816536732\\\\\\\\Metadata\\\\\\\\wcp.dll\",\"creationUtcTime\":\"2025-11-05 16:00:44.000\",\"user\":\"NT AUTHORITY\\\\\\\\SYSTEM\"}}}", "suspicious": true, "suspicious_reason": "group:sysmon, group:windows, keyword:sysmon, level>=5, sysmon:11", "mitre_tactic": "-", "mitre_match": "-", "sysmon_event_id": "11", "sysmon_event_name": "File Create", "caldera_tag": "-"}
{"timestamp": "2026-04-01T15:39:05.197+0000", "agent": "WS10", "agent_id": "005", "rule_id": "92217", "level": "6", "groups": "sysmon, sysmon_eid11_detections, windows", "decoder": "windows_eventchannel", "location": "EventChannel", "description": "Executable dropped in Windows root folder", "full_log": "{\"win\":{\"system\":{\"providerName\":\"Microsoft-Windows-Sysmon\",\"providerGuid\":\"{5770385f-c22a-43e0-bf4c-06f5698ffbd9}\",\"eventID\":\"11\",\"version\":\"2\",\"level\":\"4\",\"task\":\"11\",\"opcode\":\"0\",\"keywords\":\"0x8000000000000000\",\"systemTime\":\"2026-04-01T13:39:34.7136233Z\",\"eventRecordID\":\"385601\",\"processID\":\"7940\",\"threadID\":\"8064\",\"channel\":\"Microsoft-Windows-Sysmon/Operational\",\"computer\":\"WS10\",\"severityValue\":\"INFORMATION\",\"message\":\"\\\"File created:\\r\\nRuleName: DLL\\r\\nUtcTime: 2026-04-01 13:39:34.712\\r\\nProcessGuid: {d9a99926-2016-69cd-fe0a-000000000600}\\r\\nProcessId: 8772\\r\\nImage: C:\\\\Windows\\\\System32\\\\mousocoreworker.exe\\r\\nTargetFilename: C:\\\\Windows\\\\SoftwareDistribution\\\\Download\\\\0e81198876b8eb725cd93d1816536732\\\\Metadata\\\\TurboStack.dll\\r\\nCreationUtcTime: 2025-11-05 16:00:42.000\\r\\nUser: NT AUTHORITY\\\\SYSTEM\\\"\"},\"eventdata\":{\"ruleName\":\"DLL\",\"utcTime\":\"2026-04-01 13:39:34.712\",\"processGuid\":\"{d9a99926-2016-69cd-fe0a-000000000600}\",\"processId\":\"8772\",\"image\":\"C:\\\\\\\\Windows\\\\\\\\System32\\\\\\\\mousocoreworker.exe\",\"targetFilename\":\"C:\\\\\\\\Windows\\\\\\\\SoftwareDistribution\\\\\\\\Download\\\\\\\\0e81198876b8eb725cd93d1816536732\\\\\\\\Metadata\\\\\\\\TurboStack.dll\",\"creationUtcTime\":\"2025-11-05 16:00:42.000\",\"user\":\"NT AUTHORITY\\\\\\\\SYSTEM\"}}}", "suspicious": true, "suspicious_reason": "group:sysmon, group:windows, keyword:sysmon, level>=5, sysmon:11", "mitre_tactic": "-", "mitre_match": "-", "sysmon_event_id": "11", "sysmon_event_name": "File Create", "caldera_tag": "-"}
{"timestamp": "2026-04-01T15:39:05.212+0000", "agent": "WS10", "agent_id": "005", "rule_id": "92217", "level": "6", "groups": "sysmon, sysmon_eid11_detections, windows", "decoder": "windows_eventchannel", "location": "EventChannel", "description": "Executable dropped in Windows root folder", "full_log": "{\"win\":{\"system\":{\"providerName\":\"Microsoft-Windows-Sysmon\",\"providerGuid\":\"{5770385f-c22a-43e0-bf4c-06f5698ffbd9}\",\"eventID\":\"11\",\"version\":\"2\",\"level\":\"4\",\"task\":\"11\",\"opcode\":\"0\",\"keywords\":\"0x8000000000000000\",\"systemTime\":\"2026-04-01T13:39:34.7198787Z\",\"eventRecordID\":\"385602\",\"processID\":\"7940\",\"threadID\":\"8064\",\"channel\":\"Microsoft-Windows-Sysmon/Operational\",\"computer\":\"WS10\",\"severityValue\":\"INFORMATION\",\"message\":\"\\\"File created:\\r\\nRuleName: DLL\\r\\nUtcTime: 2026-04-01 13:39:34.719\\r\\nProcessGuid: {d9a99926-2016-69cd-fe0a-000000000600}\\r\\nProcessId: 8772\\r\\nImage: C:\\\\Windows\\\\System32\\\\mousocoreworker.exe\\r\\nTargetFilename: C:\\\\Windows\\\\SoftwareDistribution\\\\Download\\\\0e81198876b8eb725cd93d1816536732\\\\Metadata\\\\ReserveManager.dll\\r\\nCreationUtcTime: 2025-11-05 16:00:42.000\\r\\nUser: NT AUTHORITY\\\\SYSTEM\\\"\"},\"eventdata\":{\"ruleName\":\"DLL\",\"utcTime\":\"2026-04-01 13:39:34.719\",\"processGuid\":\"{d9a99926-2016-69cd-fe0a-000000000600}\",\"processId\":\"8772\",\"image\":\"C:\\\\\\\\Windows\\\\\\\\System32\\\\\\\\mousocoreworker.exe\",\"targetFilename\":\"C:\\\\\\\\Windows\\\\\\\\SoftwareDistribution\\\\\\\\Download\\\\\\\\0e81198876b8eb725cd93d1816536732\\\\\\\\Metadata\\\\\\\\ReserveManager.dll\",\"creationUtcTime\":\"2025-11-05 16:00:42.000\",\"user\":\"NT AUTHORITY\\\\\\\\SYSTEM\"}}}", "suspicious": true, "suspicious_reason": "group:sysmon, group:windows, keyword:sysmon, level>=5, sysmon:11", "mitre_tactic": "-", "mitre_match": "-", "sysmon_event_id": "11", "sysmon_event_name": "File Create", "caldera_tag": "-"}
{"timestamp": "2026-04-01T15:39:05.228+0000", "agent": "WS10", "agent_id": "005", "rule_id": "92217", "level": "6", "groups": "sysmon, sysmon_eid11_detections, windows", "decoder": "windows_eventchannel", "location": "EventChannel", "description": "Executable dropped in Windows root folder", "full_log": "{\"win\":{\"system\":{\"providerName\":\"Microsoft-Windows-Sysmon\",\"providerGuid\":\"{5770385f-c22a-43e0-bf4c-06f5698ffbd9}\",\"eventID\":\"11\",\"version\":\"2\",\"level\":\"4\",\"task\":\"11\",\"opcode\":\"0\",\"keywords\":\"0x8000000000000000\",\"systemTime\":\"2026-04-01T13:39:34.7251917Z\",\"eventRecordID\":\"385603\",\"processID\":\"7940\",\"threadID\":\"8064\",\"channel\":\"Microsoft-Windows-Sysmon/Operational\",\"computer\":\"WS10\",\"severityValue\":\"INFORMATION\",\"message\":\"\\\"File created:\\r\\nRuleName: DLL\\r\\nUtcTime: 2026-04-01 13:39:34.722\\r\\nProcessGuid: {d9a99926-2016-69cd-fe0a-000000000600}\\r\\nProcessId: 8772\\r\\nImage: C:\\\\Windows\\\\System32\\\\mousocoreworker.exe\\r\\nTargetFilename: C:\\\\Windows\\\\SoftwareDistribution\\\\Download\\\\0e81198876b8eb725cd93d1816536732\\\\Metadata\\\\WinREAgent.dll\\r\\nCreationUtcTime: 2025-11-05 16:00:42.000\\r\\nUser: NT AUTHORITY\\\\SYSTEM\\\"\"},\"eventdata\":{\"ruleName\":\"DLL\",\"utcTime\":\"2026-04-01 13:39:34.722\",\"processGuid\":\"{d9a99926-2016-69cd-fe0a-000000000600}\",\"processId\":\"8772\",\"image\":\"C:\\\\\\\\Windows\\\\\\\\System32\\\\\\\\mousocoreworker.exe\",\"targetFilename\":\"C:\\\\\\\\Windows\\\\\\\\SoftwareDistribution\\\\\\\\Download\\\\\\\\0e81198876b8eb725cd93d1816536732\\\\\\\\Metadata\\\\\\\\WinREAgent.dll\",\"creationUtcTime\":\"2025-11-05 16:00:42.000\",\"user\":\"NT AUTHORITY\\\\\\\\SYSTEM\"}}}", "suspicious": true, "suspicious_reason": "group:sysmon, group:windows, keyword:sysmon, level>=5, sysmon:11", "mitre_tactic": "-", "mitre_match": "-", "sysmon_event_id": "11", "sysmon_event_name": "File Create", "caldera_tag": "-"}
{"timestamp": "2026-04-01T15:39:05.258+0000", "agent": "WS10", "agent_id": "005", "rule_id": "92217", "level": "6", "groups": "sysmon, sysmon_eid11_detections, windows", "decoder": "windows_eventchannel", "location": "EventChannel", "description": "Executable dropped in Windows root folder", "full_log": "{\"win\":{\"system\":{\"providerName\":\"Microsoft-Windows-Sysmon\",\"providerGuid\":\"{5770385f-c22a-43e0-bf4c-06f5698ffbd9}\",\"eventID\":\"11\",\"version\":\"2\",\"level\":\"4\",\"task\":\"11\",\"opcode\":\"0\",\"keywords\":\"0x8000000000000000\",\"systemTime\":\"2026-04-01T13:39:34.7325316Z\",\"eventRecordID\":\"385604\",\"processID\":\"7940\",\"threadID\":\"8064\",\"channel\":\"Microsoft-Windows-Sysmon/Operational\",\"computer\":\"WS10\",\"severityValue\":\"INFORMATION\",\"message\":\"\\\"File created:\\r\\nRuleName: DLL\\r\\nUtcTime: 2026-04-01 13:39:34.727\\r\\nProcessGuid: {d9a99926-2016-69cd-fe0a-000000000600}\\r\\nProcessId: 8772\\r\\nImage: C:\\\\Windows\\\\System32\\\\mousocoreworker.exe\\r\\nTargetFilename: C:\\\\Windows\\\\SoftwareDistribution\\\\Download\\\\0e81198876b8eb725cd93d1816536732\\\\Metadata\\\\fvereseal.dll\\r\\nCreationUtcTime: 2025-11-05 16:00:44.000\\r\\nUser: NT AUTHORITY\\\\SYSTEM\\\"\"},\"eventdata\":{\"ruleName\":\"DLL\",\"utcTime\":\"2026-04-01 13:39:34.727\",\"processGuid\":\"{d9a99926-2016-69cd-fe0a-000000000600}\",\"processId\":\"8772\",\"image\":\"C:\\\\\\\\Windows\\\\\\\\System32\\\\\\\\mousocoreworker.exe\",\"targetFilename\":\"C:\\\\\\\\Windows\\\\\\\\SoftwareDistribution\\\\\\\\Download\\\\\\\\0e81198876b8eb725cd93d1816536732\\\\\\\\Metadata\\\\\\\\fvereseal.dll\",\"creationUtcTime\":\"2025-11-05 16:00:44.000\",\"user\":\"NT AUTHORITY\\\\\\\\SYSTEM\"}}}", "suspicious": true, "suspicious_reason": "group:sysmon, group:windows, keyword:sysmon, level>=5, sysmon:11", "mitre_tactic": "-", "mitre_match": "-", "sysmon_event_id": "11", "sysmon_event_name": "File Create", "caldera_tag": "-"}
