{"timestamp": "2026-04-01T15:29:19.383+0000", "agent": "caldera", "agent_id": "011", "rule_id": "52002", "level": "3", "groups": "local, syslog, apparmor", "decoder": "kernel", "location": "journald", "description": "Apparmor DENIED", "full_log": "Apr 01 13:29:47 caldera kernel: audit: type=1400 audit(1775050187.394:2028): apparmor=\"DENIED\" operation=\"open\" class=\"file\" profile=\"snap.firefox.firefox\" name=\"/proc/pressure/memory\" pid=5211 comm=\"MemoryPoller\" requested_mask=\"r\" denied_mask=\"r\" fsuid=1000 ouid=0", "suspicious": true, "suspicious_reason": "caldera:caldera, keyword:caldera", "mitre_tactic": "-", "mitre_match": "-", "sysmon_event_id": "-", "sysmon_event_name": "-", "caldera_tag": "caldera"}
{"timestamp": "2026-04-01T15:29:25.385+0000", "agent": "caldera", "agent_id": "011", "rule_id": "52002", "level": "3", "groups": "local, syslog, apparmor", "decoder": "kernel", "location": "journald", "description": "Apparmor DENIED", "full_log": "Apr 01 13:29:52 caldera kernel: audit: type=1400 audit(1775050192.475:2029): apparmor=\"DENIED\" operation=\"open\" class=\"file\" profile=\"snap.firefox.firefox\" name=\"/proc/pressure/memory\" pid=5211 comm=\"MemoryPoller\" requested_mask=\"r\" denied_mask=\"r\" fsuid=1000 ouid=0", "suspicious": true, "suspicious_reason": "caldera:caldera, keyword:caldera", "mitre_tactic": "-", "mitre_match": "-", "sysmon_event_id": "-", "sysmon_event_name": "-", "caldera_tag": "caldera"}
{"timestamp": "2026-04-01T15:29:29.387+0000", "agent": "caldera", "agent_id": "011", "rule_id": "52002", "level": "3", "groups": "local, syslog, apparmor", "decoder": "kernel", "location": "journald", "description": "Apparmor DENIED", "full_log": "Apr 01 13:29:57 caldera kernel: audit: type=1400 audit(1775050197.476:2030): apparmor=\"DENIED\" operation=\"open\" class=\"file\" profile=\"snap.firefox.firefox\" name=\"/proc/pressure/memory\" pid=5211 comm=\"MemoryPoller\" requested_mask=\"r\" denied_mask=\"r\" fsuid=1000 ouid=0", "suspicious": true, "suspicious_reason": "caldera:caldera, keyword:caldera", "mitre_tactic": "-", "mitre_match": "-", "sysmon_event_id": "-", "sysmon_event_name": "-", "caldera_tag": "caldera"}
{"timestamp": "2026-04-01T15:29:41.389+0000", "agent": "caldera", "agent_id": "011", "rule_id": "52002", "level": "3", "groups": "local, syslog, apparmor", "decoder": "kernel", "location": "journald", "description": "Apparmor DENIED", "full_log": "Apr 01 13:30:09 caldera kernel: audit: type=1400 audit(1775050209.130:2031): apparmor=\"DENIED\" operation=\"open\" class=\"file\" profile=\"snap.firefox.firefox\" name=\"/proc/pressure/memory\" pid=5211 comm=\"MemoryPoller\" requested_mask=\"r\" denied_mask=\"r\" fsuid=1000 ouid=0", "suspicious": true, "suspicious_reason": "caldera:caldera, keyword:caldera", "mitre_tactic": "-", "mitre_match": "-", "sysmon_event_id": "-", "sysmon_event_name": "-", "caldera_tag": "caldera"}
{"timestamp": "2026-04-01T15:29:45.917+0000", "agent": "desktop-orla", "agent_id": "004", "rule_id": "92213", "level": "15", "groups": "sysmon, sysmon_eid11_detections, windows", "decoder": "windows_eventchannel", "location": "EventChannel", "description": "Executable file dropped in folder commonly used by malware", "full_log": "{\"win\":{\"system\":{\"providerName\":\"Microsoft-Windows-Sysmon\",\"providerGuid\":\"{5770385f-c22a-43e0-bf4c-06f5698ffbd9}\",\"eventID\":\"11\",\"version\":\"2\",\"level\":\"4\",\"task\":\"11\",\"opcode\":\"0\",\"keywords\":\"0x8000000000000000\",\"systemTime\":\"2026-04-01T13:30:11.5577694Z\",\"eventRecordID\":\"279778\",\"processID\":\"2132\",\"threadID\":\"2152\",\"channel\":\"Microsoft-Windows-Sysmon/Operational\",\"computer\":\"desktop-orla\",\"severityValue\":\"INFORMATION\",\"message\":\"\\\"File created:\\r\\nRuleName: -\\r\\nUtcTime: 2026-04-01 13:30:11.545\\r\\nProcessGuid: {d9a99926-1de3-69cd-8a10-000000000700}\\r\\nProcessId: 8528\\r\\nImage: C:\\\\Windows\\\\System32\\\\WindowsPowerShell\\\\v1.0\\\\powershell.exe\\r\\nTargetFilename: C:\\\\Users\\\\IO\\\\AppData\\\\Local\\\\Temp\\\\__PSScriptPolicyTest_wdjvxzeq.y2e.ps1\\r\\nCreationUtcTime: 2026-04-01 13:30:11.545\\r\\nUser: DESKTOP-ORLA\\\\IO\\\"\"},\"eventdata\":{\"utcTime\":\"2026-04-01 13:30:11.545\",\"processGuid\":\"{d9a99926-1de3-69cd-8a10-000000000700}\",\"processId\":\"8528\",\"image\":\"C:\\\\\\\\Windows\\\\\\\\System32\\\\\\\\WindowsPowerShell\\\\\\\\v1.0\\\\\\\\powershell.exe\",\"targetFilename\":\"C:\\\\\\\\Users\\\\\\\\IO\\\\\\\\AppData\\\\\\\\Local\\\\\\\\Temp\\\\\\\\__PSScriptPolicyTest_wdjvxzeq.y2e.ps1\",\"creationUtcTime\":\"2026-04-01 13:30:11.545\",\"user\":\"DESKTOP-ORLA\\\\\\\\IO\"}}}", "suspicious": true, "suspicious_reason": "group:sysmon, group:windows, keyword:powershell, keyword:sysmon, level>=5, mitre:execution, sysmon:11", "mitre_tactic": "execution", "mitre_match": "powershell", "sysmon_event_id": "11", "sysmon_event_name": "File Create", "caldera_tag": "-"}
{"timestamp": "2026-04-01T15:29:47.403+0000", "agent": "caldera", "agent_id": "011", "rule_id": "52002", "level": "3", "groups": "local, syslog, apparmor", "decoder": "kernel", "location": "journald", "description": "Apparmor DENIED", "full_log": "Apr 01 13:30:14 caldera kernel: audit: type=1400 audit(1775050214.131:2032): apparmor=\"DENIED\" operation=\"open\" class=\"file\" profile=\"snap.firefox.firefox\" name=\"/proc/pressure/memory\" pid=5211 comm=\"MemoryPoller\" requested_mask=\"r\" denied_mask=\"r\" fsuid=1000 ouid=0", "suspicious": true, "suspicious_reason": "caldera:caldera, keyword:caldera", "mitre_tactic": "-", "mitre_match": "-", "sysmon_event_id": "-", "sysmon_event_name": "-", "caldera_tag": "caldera"}
{"timestamp": "2026-04-01T15:29:51.391+0000", "agent": "caldera", "agent_id": "011", "rule_id": "52002", "level": "3", "groups": "local, syslog, apparmor", "decoder": "kernel", "location": "journald", "description": "Apparmor DENIED", "full_log": "Apr 01 13:30:19 caldera kernel: audit: type=1400 audit(1775050219.186:2033): apparmor=\"DENIED\" operation=\"open\" class=\"file\" profile=\"snap.firefox.firefox\" name=\"/proc/pressure/memory\" pid=5211 comm=\"MemoryPoller\" requested_mask=\"r\" denied_mask=\"r\" fsuid=1000 ouid=0", "suspicious": true, "suspicious_reason": "caldera:caldera, keyword:caldera", "mitre_tactic": "-", "mitre_match": "-", "sysmon_event_id": "-", "sysmon_event_name": "-", "caldera_tag": "caldera"}
{"timestamp": "2026-04-01T15:29:57.392+0000", "agent": "caldera", "agent_id": "011", "rule_id": "52002", "level": "3", "groups": "local, syslog, apparmor", "decoder": "kernel", "location": "journald", "description": "Apparmor DENIED", "full_log": "Apr 01 13:30:24 caldera kernel: audit: type=1400 audit(1775050224.679:2034): apparmor=\"DENIED\" operation=\"open\" class=\"file\" profile=\"snap.firefox.firefox\" name=\"/proc/pressure/memory\" pid=5211 comm=\"MemoryPoller\" requested_mask=\"r\" denied_mask=\"r\" fsuid=1000 ouid=0", "suspicious": true, "suspicious_reason": "caldera:caldera, keyword:caldera", "mitre_tactic": "-", "mitre_match": "-", "sysmon_event_id": "-", "sysmon_event_name": "-", "caldera_tag": "caldera"}
{"timestamp": "2026-04-01T15:31:35.148+0000", "agent": "Federico", "agent_id": "003", "rule_id": "60118", "level": "3", "groups": "windows, windows_security, authentication_success", "decoder": "windows_eventchannel", "location": "EventChannel", "description": "Windows Workstation Logon Success", "full_log": "{\"win\":{\"system\":{\"providerName\":\"Microsoft-Windows-Security-Auditing\",\"providerGuid\":\"{54849625-5478-4994-a5ba-3e3b0328c30d}\",\"eventID\":\"4624\",\"version\":\"2\",\"level\":\"0\",\"task\":\"12544\",\"opcode\":\"0\",\"keywords\":\"0x8020000000000000\",\"systemTime\":\"2026-04-01T13:32:02.6229924Z\",\"eventRecordID\":\"15958\",\"processID\":\"700\",\"threadID\":\"6092\",\"channel\":\"Security\",\"computer\":\"Federico\",\"severityValue\":\"AUDIT_SUCCESS\",\"message\":\"\\\"Accesso di un account riuscito.\\r\\n\\r\\nSoggetto:\\r\\n\\tID sicurezza:\\t\\tS-1-5-18\\r\\n\\tNome account:\\t\\tFEDERICO$\\r\\n\\tDominio account:\\t\\tWORKGROUP\\r\\n\\tID accesso:\\t\\t0x3E7\\r\\n\\r\\nInformazioni di accesso:\\r\\n\\tTipo di accesso:\\t\\t2\\r\\n\\tModalità amministrativa limitata:\\t-\\r\\n\\tAccount virtuale:\\t\\tNo\\r\\n\\tToken elevato:\\t\\tSì\\r\\n\\r\\nLivello rappresentazione:\\t\\tRappresentazione\\r\\n\\r\\nNuovo accesso:\\r\\n\\tID sicurezza:\\t\\tS-1-5-21-2212786178-2830825557-2923496157-1001\\r\\n\\tNome account:\\t\\tIO\\r\\n\\tDominio account:\\t\\tFEDERICO\\r\\n\\tID accesso:\\t\\t0x11A1B16\\r\\n\\tID accesso collegato:\\t\\t0x11A1B36\\r\\n\\tNome account di rete:\\t-\\r\\n\\tDominio account di rete:\\t-\\r\\n\\tGUID accesso:\\t\\t{00000000-0000-0000-0000-000000000000}\\r\\n\\r\\nInformazioni sul processo:\\r\\n\\tID processo:\\t\\t0x194\\r\\n\\tNome processo:\\t\\tC:\\\\Windows\\\\System32\\\\svchost.exe\\r\\n\\r\\nInformazioni di rete:\\r\\n\\tNome workstation:\\tFEDERICO\\r\\n\\tIndirizzo rete di origine:\\t127.0.0.1\\r\\n\\tPorta di origine:\\t\\t0\\r\\n\\r\\nInformazioni di autenticazione dettagliate:\\r\\n\\tProcesso di accesso:\\t\\tUser32 \\r\\n\\tPacchetto di autenticazione:\\tNegotiate\\r\\n\\tServizi transitati:\\t-\\r\\n\\tNome pacchetto (solo NTLM):\\t-\\r\\n\\tLunghezza chiave:\\t\\t0\\r\\n\\r\\nQuesto evento viene generato quando viene creata una sessione di accesso. Viene generato nel computer in cui è stato effettuato l'accesso.\\r\\n\\r\\nIl campo Soggetto indica l'account nel sistema locale che ha richiesto l'accesso. Generalmente si tratta di un servizio, quale il servizio Server, o di un processo locale, ad esempio Winlogon.exe o Services.exe.\\r\\n\\r\\nIl campo Tipo di accesso indica il tipo di accesso che è stato effettuato. I tipi più comuni sono 2 (interattivo) e 3 (rete).\\r\\n\\r\\nIl campo Nuovo accesso indica l'account per il quale è stato creato il nuovo accesso, vale a dire l'account che ha effettuato l'accesso.\\r\\n\\r\\nIl campo Informazioni di rete indica l'origine della richiesta di accesso remota. Il nome della workstation non è sempre disponibile e può essere vuoto in alcuni casi.\\r\\n\\r\\nIl campo del livello di rappresentazione indica la portata della rappresentazione consentita a un processo nella sessione di accesso.\\r\\n\\r\\nIl campo Informazioni di autenticazione fornisce informazioni dettagliate sulla specifica richiesta di accesso.\\r\\n\\t- GUID accesso è un identificatore univoco che può essere utilizzato per correlare questo evento a un evento KDC.\\r\\n\\t- Servizi transitati indica quali servizi intermedi hanno partecipato alla richiesta di accesso.\\r\\n\\t- Nome pacchetto indica quale sottoprotocollo dei protocolli NTLM è stato utilizzato.\\r\\n\\t- Lunghezza chiave indica la lunghezza della chiave di sessione generata. Se non è stata richiesta alcuna chiave di sessione, la lunghezza sarà 0.\\\"\"},\"eventdata\":{\"subjectUserSid\":\"S-1-5-18\",\"subjectUserName\":\"FEDERICO$\",\"subjectDomainName\":\"WORKGROUP\",\"subjectLogonId\":\"0x3e7\",\"targetUserSid\":\"S-1-5-21-2212786178-2830825557-2923496157-1001\",\"targetUserName\":\"IO\",\"targetDomainName\":\"FEDERICO\",\"targetLogonId\":\"0x11a1b16\",\"logonType\":\"2\",\"logonProcessName\":\"User32\",\"authenticationPackageName\":\"Negotiate\",\"workstationName\":\"FEDERICO\",\"logonGuid\":\"{00000000-0000-0000-0000-000000000000}\",\"keyLength\":\"0\",\"processId\":\"0x194\",\"processName\":\"C:\\\\\\\\Windows\\\\\\\\System32\\\\\\\\svchost.exe\",\"ipAddress\":\"127.0.0.1\",\"ipPort\":\"0\",\"impersonationLevel\":\"%%1833\",\"virtualAccount\":\"%%1843\",\"targetLinkedLogonId\":\"0x11a1b36\",\"elevatedToken\":\"%%1842\"}}}", "suspicious": true, "suspicious_reason": "group:windows", "mitre_tactic": "-", "mitre_match": "-", "sysmon_event_id": "-", "sysmon_event_name": "-", "caldera_tag": "-"}
{"timestamp": "2026-04-01T15:31:35.150+0000", "agent": "Federico", "agent_id": "003", "rule_id": "60118", "level": "3", "groups": "windows, windows_security, authentication_success", "decoder": "windows_eventchannel", "location": "EventChannel", "description": "Windows Workstation Logon Success", "full_log": "{\"win\":{\"system\":{\"providerName\":\"Microsoft-Windows-Security-Auditing\",\"providerGuid\":\"{54849625-5478-4994-a5ba-3e3b0328c30d}\",\"eventID\":\"4624\",\"version\":\"2\",\"level\":\"0\",\"task\":\"12544\",\"opcode\":\"0\",\"keywords\":\"0x8020000000000000\",\"systemTime\":\"2026-04-01T13:32:02.6230055Z\",\"eventRecordID\":\"15959\",\"processID\":\"700\",\"threadID\":\"6092\",\"channel\":\"Security\",\"computer\":\"Federico\",\"severityValue\":\"AUDIT_SUCCESS\",\"message\":\"\\\"Accesso di un account riuscito.\\r\\n\\r\\nSoggetto:\\r\\n\\tID sicurezza:\\t\\tS-1-5-18\\r\\n\\tNome account:\\t\\tFEDERICO$\\r\\n\\tDominio account:\\t\\tWORKGROUP\\r\\n\\tID accesso:\\t\\t0x3E7\\r\\n\\r\\nInformazioni di accesso:\\r\\n\\tTipo di accesso:\\t\\t2\\r\\n\\tModalità amministrativa limitata:\\t-\\r\\n\\tAccount virtuale:\\t\\tNo\\r\\n\\tToken elevato:\\t\\tNo\\r\\n\\r\\nLivello rappresentazione:\\t\\tRappresentazione\\r\\n\\r\\nNuovo accesso:\\r\\n\\tID sicurezza:\\t\\tS-1-5-21-2212786178-2830825557-2923496157-1001\\r\\n\\tNome account:\\t\\tIO\\r\\n\\tDominio account:\\t\\tFEDERICO\\r\\n\\tID accesso:\\t\\t0x11A1B36\\r\\n\\tID accesso collegato:\\t\\t0x11A1B16\\r\\n\\tNome account di rete:\\t-\\r\\n\\tDominio account di rete:\\t-\\r\\n\\tGUID accesso:\\t\\t{00000000-0000-0000-0000-000000000000}\\r\\n\\r\\nInformazioni sul processo:\\r\\n\\tID processo:\\t\\t0x194\\r\\n\\tNome processo:\\t\\tC:\\\\Windows\\\\System32\\\\svchost.exe\\r\\n\\r\\nInformazioni di rete:\\r\\n\\tNome workstation:\\tFEDERICO\\r\\n\\tIndirizzo rete di origine:\\t127.0.0.1\\r\\n\\tPorta di origine:\\t\\t0\\r\\n\\r\\nInformazioni di autenticazione dettagliate:\\r\\n\\tProcesso di accesso:\\t\\tUser32 \\r\\n\\tPacchetto di autenticazione:\\tNegotiate\\r\\n\\tServizi transitati:\\t-\\r\\n\\tNome pacchetto (solo NTLM):\\t-\\r\\n\\tLunghezza chiave:\\t\\t0\\r\\n\\r\\nQuesto evento viene generato quando viene creata una sessione di accesso. Viene generato nel computer in cui è stato effettuato l'accesso.\\r\\n\\r\\nIl campo Soggetto indica l'account nel sistema locale che ha richiesto l'accesso. Generalmente si tratta di un servizio, quale il servizio Server, o di un processo locale, ad esempio Winlogon.exe o Services.exe.\\r\\n\\r\\nIl campo Tipo di accesso indica il tipo di accesso che è stato effettuato. I tipi più comuni sono 2 (interattivo) e 3 (rete).\\r\\n\\r\\nIl campo Nuovo accesso indica l'account per il quale è stato creato il nuovo accesso, vale a dire l'account che ha effettuato l'accesso.\\r\\n\\r\\nIl campo Informazioni di rete indica l'origine della richiesta di accesso remota. Il nome della workstation non è sempre disponibile e può essere vuoto in alcuni casi.\\r\\n\\r\\nIl campo del livello di rappresentazione indica la portata della rappresentazione consentita a un processo nella sessione di accesso.\\r\\n\\r\\nIl campo Informazioni di autenticazione fornisce informazioni dettagliate sulla specifica richiesta di accesso.\\r\\n\\t- GUID accesso è un identificatore univoco che può essere utilizzato per correlare questo evento a un evento KDC.\\r\\n\\t- Servizi transitati indica quali servizi intermedi hanno partecipato alla richiesta di accesso.\\r\\n\\t- Nome pacchetto indica quale sottoprotocollo dei protocolli NTLM è stato utilizzato.\\r\\n\\t- Lunghezza chiave indica la lunghezza della chiave di sessione generata. Se non è stata richiesta alcuna chiave di sessione, la lunghezza sarà 0.\\\"\"},\"eventdata\":{\"subjectUserSid\":\"S-1-5-18\",\"subjectUserName\":\"FEDERICO$\",\"subjectDomainName\":\"WORKGROUP\",\"subjectLogonId\":\"0x3e7\",\"targetUserSid\":\"S-1-5-21-2212786178-2830825557-2923496157-1001\",\"targetUserName\":\"IO\",\"targetDomainName\":\"FEDERICO\",\"targetLogonId\":\"0x11a1b36\",\"logonType\":\"2\",\"logonProcessName\":\"User32\",\"authenticationPackageName\":\"Negotiate\",\"workstationName\":\"FEDERICO\",\"logonGuid\":\"{00000000-0000-0000-0000-000000000000}\",\"keyLength\":\"0\",\"processId\":\"0x194\",\"processName\":\"C:\\\\\\\\Windows\\\\\\\\System32\\\\\\\\svchost.exe\",\"ipAddress\":\"127.0.0.1\",\"ipPort\":\"0\",\"impersonationLevel\":\"%%1833\",\"virtualAccount\":\"%%1843\",\"targetLinkedLogonId\":\"0x11a1b16\",\"elevatedToken\":\"%%1843\"}}}", "suspicious": true, "suspicious_reason": "group:windows", "mitre_tactic": "-", "mitre_match": "-", "sysmon_event_id": "-", "sysmon_event_name": "-", "caldera_tag": "-"}
{"timestamp": "2026-04-01T15:31:35.159+0000", "agent": "Federico", "agent_id": "003", "rule_id": "67028", "level": "3", "groups": "windows,  WEF", "decoder": "windows_eventchannel", "location": "EventChannel", "description": "Special privileges assigned to new logon.", "full_log": "{\"win\":{\"system\":{\"providerName\":\"Microsoft-Windows-Security-Auditing\",\"providerGuid\":\"{54849625-5478-4994-a5ba-3e3b0328c30d}\",\"eventID\":\"4672\",\"version\":\"0\",\"level\":\"0\",\"task\":\"12548\",\"opcode\":\"0\",\"keywords\":\"0x8020000000000000\",\"systemTime\":\"2026-04-01T13:32:02.6230264Z\",\"eventRecordID\":\"15960\",\"processID\":\"700\",\"threadID\":\"6092\",\"channel\":\"Security\",\"computer\":\"Federico\",\"severityValue\":\"AUDIT_SUCCESS\",\"message\":\"\\\"Privilegi speciali assegnati a nuovo accesso.\\r\\n\\r\\nSoggetto:\\r\\n\\tID sicurezza:\\t\\tS-1-5-21-2212786178-2830825557-2923496157-1001\\r\\n\\tNome account:\\t\\tIO\\r\\n\\tDominio account:\\t\\tFEDERICO\\r\\n\\tID accesso:\\t\\t0x11A1B16\\r\\n\\r\\nPrivilegi:\\t\\tSeSecurityPrivilege\\r\\n\\t\\t\\tSeTakeOwnershipPrivilege\\r\\n\\t\\t\\tSeLoadDriverPrivilege\\r\\n\\t\\t\\tSeBackupPrivilege\\r\\n\\t\\t\\tSeRestorePrivilege\\r\\n\\t\\t\\tSeDebugPrivilege\\r\\n\\t\\t\\tSeSystemEnvironmentPrivilege\\r\\n\\t\\t\\tSeImpersonatePrivilege\\r\\n\\t\\t\\tSeDelegateSessionUserImpersonatePrivilege\\\"\"},\"eventdata\":{\"subjectUserSid\":\"S-1-5-21-2212786178-2830825557-2923496157-1001\",\"subjectUserName\":\"IO\",\"subjectDomainName\":\"FEDERICO\",\"subjectLogonId\":\"0x11a1b16\",\"privilegeList\":\"SeSecurityPrivilege SeTakeOwnershipPrivilege SeLoadDriverPrivilege SeBackupPrivilege SeRestorePrivilege SeDebugPrivilege SeSystemEnvironmentPrivilege SeImpersonatePrivilege SeDelegateSessionUserImpersonatePrivilege\"}}}", "suspicious": true, "suspicious_reason": "group:windows", "mitre_tactic": "-", "mitre_match": "-", "sysmon_event_id": "-", "sysmon_event_name": "-", "caldera_tag": "-"}
{"timestamp": "2026-04-01T15:31:35.159+0000", "agent": "Federico", "agent_id": "003", "rule_id": "67023", "level": "3", "groups": "windows,  WEF", "decoder": "windows_eventchannel", "location": "EventChannel", "description": "Non service account logged off.", "full_log": "{\"win\":{\"system\":{\"providerName\":\"Microsoft-Windows-Security-Auditing\",\"providerGuid\":\"{54849625-5478-4994-a5ba-3e3b0328c30d}\",\"eventID\":\"4634\",\"version\":\"0\",\"level\":\"0\",\"task\":\"12545\",\"opcode\":\"0\",\"keywords\":\"0x8020000000000000\",\"systemTime\":\"2026-04-01T13:32:02.6264971Z\",\"eventRecordID\":\"15961\",\"processID\":\"700\",\"threadID\":\"6092\",\"channel\":\"Security\",\"computer\":\"Federico\",\"severityValue\":\"AUDIT_SUCCESS\",\"message\":\"\\\"Un account è stato disconnesso.\\r\\n\\r\\nSoggetto:\\r\\n\\tID sicurezza:\\t\\tS-1-5-21-2212786178-2830825557-2923496157-1001\\r\\n\\tNome account:\\t\\tIO\\r\\n\\tDominio account:\\t\\tFEDERICO\\r\\n\\tID accesso:\\t\\t0x11A1B36\\r\\n\\r\\nTipo di accesso:\\t\\t\\t2\\r\\n\\r\\nQuesto evento viene generato quando una sessione di accesso viene eliminata. Può essere correlato positivamente con un evento di accesso mediante il valore ID accesso. Gli ID di accesso sono univoci solo tra riavvii nello stesso computer.\\\"\"},\"eventdata\":{\"targetUserSid\":\"S-1-5-21-2212786178-2830825557-2923496157-1001\",\"targetUserName\":\"IO\",\"targetDomainName\":\"FEDERICO\",\"targetLogonId\":\"0x11a1b36\",\"logonType\":\"2\"}}}", "suspicious": true, "suspicious_reason": "group:windows", "mitre_tactic": "-", "mitre_match": "-", "sysmon_event_id": "-", "sysmon_event_name": "-", "caldera_tag": "-"}
{"timestamp": "2026-04-01T15:31:35.172+0000", "agent": "Federico", "agent_id": "003", "rule_id": "67023", "level": "3", "groups": "windows,  WEF", "decoder": "windows_eventchannel", "location": "EventChannel", "description": "Non service account logged off.", "full_log": "{\"win\":{\"system\":{\"providerName\":\"Microsoft-Windows-Security-Auditing\",\"providerGuid\":\"{54849625-5478-4994-a5ba-3e3b0328c30d}\",\"eventID\":\"4634\",\"version\":\"0\",\"level\":\"0\",\"task\":\"12545\",\"opcode\":\"0\",\"keywords\":\"0x8020000000000000\",\"systemTime\":\"2026-04-01T13:32:02.6281637Z\",\"eventRecordID\":\"15962\",\"processID\":\"700\",\"threadID\":\"6092\",\"channel\":\"Security\",\"computer\":\"Federico\",\"severityValue\":\"AUDIT_SUCCESS\",\"message\":\"\\\"Un account è stato disconnesso.\\r\\n\\r\\nSoggetto:\\r\\n\\tID sicurezza:\\t\\tS-1-5-21-2212786178-2830825557-2923496157-1001\\r\\n\\tNome account:\\t\\tIO\\r\\n\\tDominio account:\\t\\tFEDERICO\\r\\n\\tID accesso:\\t\\t0x11A1B16\\r\\n\\r\\nTipo di accesso:\\t\\t\\t2\\r\\n\\r\\nQuesto evento viene generato quando una sessione di accesso viene eliminata. Può essere correlato positivamente con un evento di accesso mediante il valore ID accesso. Gli ID di accesso sono univoci solo tra riavvii nello stesso computer.\\\"\"},\"eventdata\":{\"targetUserSid\":\"S-1-5-21-2212786178-2830825557-2923496157-1001\",\"targetUserName\":\"IO\",\"targetDomainName\":\"FEDERICO\",\"targetLogonId\":\"0x11a1b16\",\"logonType\":\"2\"}}}", "suspicious": true, "suspicious_reason": "group:windows", "mitre_tactic": "-", "mitre_match": "-", "sysmon_event_id": "-", "sysmon_event_name": "-", "caldera_tag": "-"}
{"timestamp": "2026-04-01T15:31:35.378+0000", "agent": "Federico", "agent_id": "003", "rule_id": "92052", "level": "4", "groups": "sysmon, sysmon_eid1_detections, windows", "decoder": "windows_eventchannel", "location": "EventChannel", "description": "Windows command prompt started by an abnormal process", "full_log": "{\"win\":{\"system\":{\"providerName\":\"Microsoft-Windows-Sysmon\",\"providerGuid\":\"{5770385f-c22a-43e0-bf4c-06f5698ffbd9}\",\"eventID\":\"1\",\"version\":\"5\",\"level\":\"4\",\"task\":\"1\",\"opcode\":\"0\",\"keywords\":\"0x8000000000000000\",\"systemTime\":\"2026-04-01T13:31:59.1764193Z\",\"eventRecordID\":\"11745\",\"processID\":\"2404\",\"threadID\":\"3924\",\"channel\":\"Microsoft-Windows-Sysmon/Operational\",\"computer\":\"Federico\",\"severityValue\":\"INFORMATION\",\"message\":\"\\\"Process Create:\\r\\nRuleName: -\\r\\nUtcTime: 2026-04-01 13:31:59.095\\r\\nProcessGuid: {d9a99926-1e4f-69cd-db06-000000000700}\\r\\nProcessId: 3756\\r\\nImage: C:\\\\Windows\\\\System32\\\\cmd.exe\\r\\nFileVersion: 10.0.19041.4355 (WinBuild.160101.0800)\\r\\nDescription: Windows Command Processor\\r\\nProduct: Microsoft® Windows® Operating System\\r\\nCompany: Microsoft Corporation\\r\\nOriginalFileName: Cmd.Exe\\r\\nCommandLine: C:\\\\Windows\\\\system32\\\\cmd.exe /c \\\"\\\"C:\\\\Program Files\\\\VMware\\\\VMware Tools\\\\resume-vm-default.bat\\\"\\\"\\r\\nCurrentDirectory: C:\\\\Windows\\\\system32\\\\\\r\\nUser: NT AUTHORITY\\\\SYSTEM\\r\\nLogonGuid: {d9a99926-693c-69cb-e703-000000000000}\\r\\nLogonId: 0x3E7\\r\\nTerminalSessionId: 0\\r\\nIntegrityLevel: System\\r\\nHashes: MD5=2B40C98ED0F7A1D3B091A3E8353132DC,SHA256=BADF4752413CB0CBDC03FB95820CA167F0CDC63B597CCDB5EF43111180E088B0,IMPHASH=272245E2988E1E430500B852C4FB5E18\\r\\nParentProcessGuid: {d9a99926-693f-69cb-2b00-000000000700}\\r\\nParentProcessId: 2384\\r\\nParentImage: C:\\\\Program Files\\\\VMware\\\\VMware Tools\\\\vmtoolsd.exe\\r\\nParentCommandLine: \\\"C:\\\\Program Files\\\\VMware\\\\VMware Tools\\\\vmtoolsd.exe\\\"\\r\\nParentUser: NT AUTHORITY\\\\SYSTEM\\\"\"},\"eventdata\":{\"utcTime\":\"2026-04-01 13:31:59.095\",\"processGuid\":\"{d9a99926-1e4f-69cd-db06-000000000700}\",\"processId\":\"3756\",\"image\":\"C:\\\\\\\\Windows\\\\\\\\System32\\\\\\\\cmd.exe\",\"fileVersion\":\"10.0.19041.4355 (WinBuild.160101.0800)\",\"description\":\"Windows Command Processor\",\"product\":\"Microsoft® Windows® Operating System\",\"company\":\"Microsoft Corporation\",\"originalFileName\":\"Cmd.Exe\",\"commandLine\":\"C:\\\\\\\\Windows\\\\\\\\system32\\\\\\\\cmd.exe /c \\\\\\\"\\\\\\\"C:\\\\\\\\Program Files\\\\\\\\VMware\\\\\\\\VMware Tools\\\\\\\\resume-vm-default.bat\\\\\\\"\\\\\\\"\",\"currentDirectory\":\"C:\\\\\\\\Windows\\\\\\\\system32\\\\\\\\\",\"user\":\"NT AUTHORITY\\\\\\\\SYSTEM\",\"logonGuid\":\"{d9a99926-693c-69cb-e703-000000000000}\",\"logonId\":\"0x3e7\",\"terminalSessionId\":\"0\",\"integrityLevel\":\"System\",\"hashes\":\"MD5=2B40C98ED0F7A1D3B091A3E8353132DC,SHA256=BADF4752413CB0CBDC03FB95820CA167F0CDC63B597CCDB5EF43111180E088B0,IMPHASH=272245E2988E1E430500B852C4FB5E18\",\"parentProcessGuid\":\"{d9a99926-693f-69cb-2b00-000000000700}\",\"parentProcessId\":\"2384\",\"parentImage\":\"C:\\\\\\\\Program Files\\\\\\\\VMware\\\\\\\\VMware Tools\\\\\\\\vmtoolsd.exe\",\"parentCommandLine\":\"\\\\\\\"C:\\\\\\\\Program Files\\\\\\\\VMware\\\\\\\\VMware Tools\\\\\\\\vmtoolsd.exe\\\\\\\"\",\"parentUser\":\"NT AUTHORITY\\\\\\\\SYSTEM\"}}}", "suspicious": true, "suspicious_reason": "group:sysmon, group:windows, keyword:cmd.exe, keyword:sysmon, mitre:execution, sysmon:1", "mitre_tactic": "execution", "mitre_match": "cmd.exe", "sysmon_event_id": "1", "sysmon_event_name": "Process Create", "caldera_tag": "-"}
{"timestamp": "2026-04-01T15:31:35.435+0000", "agent": "Federico", "agent_id": "003", "rule_id": "92032", "level": "3", "groups": "sysmon, sysmon_eid1_detections, windows", "decoder": "windows_eventchannel", "location": "EventChannel", "description": "Suspicious Windows cmd shell execution", "full_log": "{\"win\":{\"system\":{\"providerName\":\"Microsoft-Windows-Sysmon\",\"providerGuid\":\"{5770385f-c22a-43e0-bf4c-06f5698ffbd9}\",\"eventID\":\"1\",\"version\":\"5\",\"level\":\"4\",\"task\":\"1\",\"opcode\":\"0\",\"keywords\":\"0x8000000000000000\",\"systemTime\":\"2026-04-01T13:31:59.5161235Z\",\"eventRecordID\":\"11746\",\"processID\":\"2404\",\"threadID\":\"3924\",\"channel\":\"Microsoft-Windows-Sysmon/Operational\",\"computer\":\"Federico\",\"severityValue\":\"INFORMATION\",\"message\":\"\\\"Process Create:\\r\\nRuleName: -\\r\\nUtcTime: 2026-04-01 13:31:59.510\\r\\nProcessGuid: {d9a99926-1e4f-69cd-dd06-000000000700}\\r\\nProcessId: 9288\\r\\nImage: C:\\\\Windows\\\\System32\\\\ipconfig.exe\\r\\nFileVersion: 10.0.19041.1 (WinBuild.160101.0800)\\r\\nDescription: IP Configuration Utility\\r\\nProduct: Microsoft® Windows® Operating System\\r\\nCompany: Microsoft Corporation\\r\\nOriginalFileName: ipconfig.exe\\r\\nCommandLine: C:\\\\Windows\\\\system32\\\\ipconfig /renew\\r\\nCurrentDirectory: C:\\\\Windows\\\\system32\\\\\\r\\nUser: NT AUTHORITY\\\\SYSTEM\\r\\nLogonGuid: {d9a99926-693c-69cb-e703-000000000000}\\r\\nLogonId: 0x3E7\\r\\nTerminalSessionId: 0\\r\\nIntegrityLevel: System\\r\\nHashes: MD5=62F170FB07FDBB79CEB7147101406EB8,SHA256=53E000F5AA9B3A00934319DB8080BB99CB323BF48FC628A64F75D7847C265606,IMPHASH=1002D523645A81BC52877D82D9E88417\\r\\nParentProcessGuid: {d9a99926-1e4f-69cd-db06-000000000700}\\r\\nParentProcessId: 3756\\r\\nParentImage: C:\\\\Windows\\\\System32\\\\cmd.exe\\r\\nParentCommandLine: C:\\\\Windows\\\\system32\\\\cmd.exe /c \\\"\\\"C:\\\\Program Files\\\\VMware\\\\VMware Tools\\\\resume-vm-default.bat\\\"\\\"\\r\\nParentUser: NT AUTHORITY\\\\SYSTEM\\\"\"},\"eventdata\":{\"utcTime\":\"2026-04-01 13:31:59.510\",\"processGuid\":\"{d9a99926-1e4f-69cd-dd06-000000000700}\",\"processId\":\"9288\",\"image\":\"C:\\\\\\\\Windows\\\\\\\\System32\\\\\\\\ipconfig.exe\",\"fileVersion\":\"10.0.19041.1 (WinBuild.160101.0800)\",\"description\":\"IP Configuration Utility\",\"product\":\"Microsoft® Windows® Operating System\",\"company\":\"Microsoft Corporation\",\"originalFileName\":\"ipconfig.exe\",\"commandLine\":\"C:\\\\\\\\Windows\\\\\\\\system32\\\\\\\\ipconfig /renew\",\"currentDirectory\":\"C:\\\\\\\\Windows\\\\\\\\system32\\\\\\\\\",\"user\":\"NT AUTHORITY\\\\\\\\SYSTEM\",\"logonGuid\":\"{d9a99926-693c-69cb-e703-000000000000}\",\"logonId\":\"0x3e7\",\"terminalSessionId\":\"0\",\"integrityLevel\":\"System\",\"hashes\":\"MD5=62F170FB07FDBB79CEB7147101406EB8,SHA256=53E000F5AA9B3A00934319DB8080BB99CB323BF48FC628A64F75D7847C265606,IMPHASH=1002D523645A81BC52877D82D9E88417\",\"parentProcessGuid\":\"{d9a99926-1e4f-69cd-db06-000000000700}\",\"parentProcessId\":\"3756\",\"parentImage\":\"C:\\\\\\\\Windows\\\\\\\\System32\\\\\\\\cmd.exe\",\"parentCommandLine\":\"C:\\\\\\\\Windows\\\\\\\\system32\\\\\\\\cmd.exe /c \\\\\\\"\\\\\\\"C:\\\\\\\\Program Files\\\\\\\\VMware\\\\\\\\VMware Tools\\\\\\\\resume-vm-default.bat\\\\\\\"\\\\\\\"\",\"parentUser\":\"NT AUTHORITY\\\\\\\\SYSTEM\"}}}", "suspicious": true, "suspicious_reason": "group:sysmon, group:windows, keyword:cmd.exe, keyword:sysmon, mitre:execution, sysmon:1", "mitre_tactic": "execution", "mitre_match": "cmd.exe", "sysmon_event_id": "1", "sysmon_event_name": "Process Create", "caldera_tag": "-"}
{"timestamp": "2026-04-01T15:31:38.124+0000", "agent": "Federico", "agent_id": "003", "rule_id": "60646", "level": "5", "groups": "windows, windows_application", "decoder": "windows_eventchannel", "location": "EventChannel", "description": "License activation (slui.exe) failed.", "full_log": "{\"win\":{\"system\":{\"providerName\":\"Microsoft-Windows-Security-SPP\",\"providerGuid\":\"{E23B33B0-C8C9-472C-A5F9-F2BDFEA0F156}\",\"eventSourceName\":\"Software Protection Platform Service\",\"eventID\":\"8198\",\"version\":\"0\",\"level\":\"2\",\"task\":\"0\",\"opcode\":\"0\",\"keywords\":\"0x80000000000000\",\"systemTime\":\"2026-04-01T13:32:07.9705041Z\",\"eventRecordID\":\"1622\",\"processID\":\"0\",\"threadID\":\"0\",\"channel\":\"Application\",\"computer\":\"Federico\",\"severityValue\":\"ERROR\",\"message\":\"\\\"Errore di License Activation (slui.exe). Codice di errore:\\r\\nhr=0x80004005\\r\\nArgomenti della riga di comando:\\r\\nRuleId=31e71c49-8da7-4a2f-ad92-45d98a1c79ba;Action=AutoActivate;AppId=55c92734-d682-4d71-983e-d6ec3f16059f;SkuId=4de7cb65-cdf1-4de9-8ae8-e3cce27b9f2c;NotificationInterval=1440;Trigger=NetworkAvailable\\\"\"},\"eventdata\":{\"data\":\"hr=0x80004005, RuleId=31e71c49-8da7-4a2f-ad92-45d98a1c79ba;Action=AutoActivate;AppId=55c92734-d682-4d71-983e-d6ec3f16059f;SkuId=4de7cb65-cdf1-4de9-8ae8-e3cce27b9f2c;NotificationInterval=1440;Trigger=NetworkAvailable\"}}}", "suspicious": true, "suspicious_reason": "group:windows, level>=5", "mitre_tactic": "-", "mitre_match": "-", "sysmon_event_id": "-", "sysmon_event_name": "-", "caldera_tag": "-"}
{"timestamp": "2026-04-01T15:31:40.099+0000", "agent": "desktop-orla", "agent_id": "004", "rule_id": "60642", "level": "3", "groups": "windows, windows_application", "decoder": "windows_eventchannel", "location": "EventChannel", "description": "Software protection service scheduled successfully.", "full_log": "{\"win\":{\"system\":{\"providerName\":\"Microsoft-Windows-Security-SPP\",\"providerGuid\":\"{E23B33B0-C8C9-472C-A5F9-F2BDFEA0F156}\",\"eventSourceName\":\"Software Protection Platform Service\",\"eventID\":\"16384\",\"version\":\"0\",\"level\":\"4\",\"task\":\"0\",\"opcode\":\"0\",\"keywords\":\"0x80000000000000\",\"systemTime\":\"2026-04-01T13:32:08.3908936Z\",\"eventRecordID\":\"1778\",\"processID\":\"0\",\"threadID\":\"0\",\"channel\":\"Application\",\"computer\":\"desktop-orla\",\"severityValue\":\"INFORMATION\",\"message\":\"\\\"Pianificazione del riavvio del servizio di protezione software per le ore 2026-04-02T12:49:08Z completata. Motivo: RulesEngine.\\\"\"},\"eventdata\":{\"data\":\"2026-04-02T12:49:08Z, RulesEngine\"}}}", "suspicious": true, "suspicious_reason": "group:windows", "mitre_tactic": "-", "mitre_match": "-", "sysmon_event_id": "-", "sysmon_event_name": "-", "caldera_tag": "-"}
{"timestamp": "2026-04-01T15:32:08.148+0000", "agent": "Federico", "agent_id": "003", "rule_id": "60642", "level": "3", "groups": "windows, windows_application", "decoder": "windows_eventchannel", "location": "EventChannel", "description": "Software protection service scheduled successfully.", "full_log": "{\"win\":{\"system\":{\"providerName\":\"Microsoft-Windows-Security-SPP\",\"providerGuid\":\"{E23B33B0-C8C9-472C-A5F9-F2BDFEA0F156}\",\"eventSourceName\":\"Software Protection Platform Service\",\"eventID\":\"16384\",\"version\":\"0\",\"level\":\"4\",\"task\":\"0\",\"opcode\":\"0\",\"keywords\":\"0x80000000000000\",\"systemTime\":\"2026-04-01T13:32:37.9995800Z\",\"eventRecordID\":\"1623\",\"processID\":\"0\",\"threadID\":\"0\",\"channel\":\"Application\",\"computer\":\"Federico\",\"severityValue\":\"INFORMATION\",\"message\":\"\\\"Pianificazione del riavvio del servizio di protezione software per le ore 2026-04-02T13:31:37Z completata. Motivo: RulesEngine.\\\"\"},\"eventdata\":{\"data\":\"2026-04-02T13:31:37Z, RulesEngine\"}}}", "suspicious": true, "suspicious_reason": "group:windows", "mitre_tactic": "-", "mitre_match": "-", "sysmon_event_id": "-", "sysmon_event_name": "-", "caldera_tag": "-"}
