{"timestamp": "2026-04-02T07:11:56.649+0000", "agent": "WS10", "agent_id": "005", "rule_id": "92217", "level": "6", "groups": "sysmon, sysmon_eid11_detections, windows", "decoder": "windows_eventchannel", "location": "EventChannel", "description": "Executable dropped in Windows root folder", "full_log": "{\"win\":{\"system\":{\"providerName\":\"Microsoft-Windows-Sysmon\",\"providerGuid\":\"{5770385f-c22a-43e0-bf4c-06f5698ffbd9}\",\"eventID\":\"11\",\"version\":\"2\",\"level\":\"4\",\"task\":\"11\",\"opcode\":\"0\",\"keywords\":\"0x8000000000000000\",\"systemTime\":\"2026-04-02T07:11:55.0781748Z\",\"eventRecordID\":\"449372\",\"processID\":\"7940\",\"threadID\":\"8064\",\"channel\":\"Microsoft-Windows-Sysmon/Operational\",\"computer\":\"WS10\",\"severityValue\":\"INFORMATION\",\"message\":\"\\\"File created:\\r\\nRuleName: DLL\\r\\nUtcTime: 2026-04-02 07:11:55.062\\r\\nProcessGuid: {d9a99926-16ba-69ce-230e-000000000600}\\r\\nProcessId: 8256\\r\\nImage: C:\\\\Windows\\\\System32\\\\mousocoreworker.exe\\r\\nTargetFilename: C:\\\\Windows\\\\SoftwareDistribution\\\\Download\\\\0e81198876b8eb725cd93d1816536732\\\\Metadata\\\\fvereseal.dll\\r\\nCreationUtcTime: 2025-11-05 16:00:44.000\\r\\nUser: NT AUTHORITY\\\\SYSTEM\\\"\"},\"eventdata\":{\"ruleName\":\"DLL\",\"utcTime\":\"2026-04-02 07:11:55.062\",\"processGuid\":\"{d9a99926-16ba-69ce-230e-000000000600}\",\"processId\":\"8256\",\"image\":\"C:\\\\\\\\Windows\\\\\\\\System32\\\\\\\\mousocoreworker.exe\",\"targetFilename\":\"C:\\\\\\\\Windows\\\\\\\\SoftwareDistribution\\\\\\\\Download\\\\\\\\0e81198876b8eb725cd93d1816536732\\\\\\\\Metadata\\\\\\\\fvereseal.dll\",\"creationUtcTime\":\"2025-11-05 16:00:44.000\",\"user\":\"NT AUTHORITY\\\\\\\\SYSTEM\"}}}", "suspicious": true, "suspicious_reason": "group:sysmon, group:windows, keyword:sysmon, level>=5, sysmon:11", "mitre_tactic": "-", "mitre_match": "-", "sysmon_event_id": "11", "sysmon_event_name": "File Create", "caldera_tag": "-"}
{"timestamp": "2026-04-02T07:22:46.570+0000", "agent": "WS10", "agent_id": "005", "rule_id": "92200", "level": "6", "groups": "sysmon, sysmon_eid11_detections, windows", "decoder": "windows_eventchannel", "location": "EventChannel", "description": "Scripting file created under Windows Temp or User folder", "full_log": "{\"win\":{\"system\":{\"providerName\":\"Microsoft-Windows-Sysmon\",\"providerGuid\":\"{5770385f-c22a-43e0-bf4c-06f5698ffbd9}\",\"eventID\":\"11\",\"version\":\"2\",\"level\":\"4\",\"task\":\"11\",\"opcode\":\"0\",\"keywords\":\"0x8000000000000000\",\"systemTime\":\"2026-04-02T07:22:46.4498985Z\",\"eventRecordID\":\"450317\",\"processID\":\"7940\",\"threadID\":\"8064\",\"channel\":\"Microsoft-Windows-Sysmon/Operational\",\"computer\":\"WS10\",\"severityValue\":\"INFORMATION\",\"message\":\"\\\"File created:\\r\\nRuleName: Downloads\\r\\nUtcTime: 2026-04-02 07:22:46.449\\r\\nProcessGuid: {d9a99926-2156-69cd-0b0b-000000000600}\\r\\nProcessId: 6676\\r\\nImage: C:\\\\Users\\\\Public\\\\splunkd.exe\\r\\nTargetFilename: C:\\\\Users\\\\Administrator\\\\Downloads\\\\Emulate-Administrator-Tasks.ps1\\r\\nCreationUtcTime: 2026-04-02 07:22:46.448\\r\\nUser: WS10\\\\Administrator\\\"\"},\"eventdata\":{\"ruleName\":\"Downloads\",\"utcTime\":\"2026-04-02 07:22:46.449\",\"processGuid\":\"{d9a99926-2156-69cd-0b0b-000000000600}\",\"processId\":\"6676\",\"image\":\"C:\\\\\\\\Users\\\\\\\\Public\\\\\\\\splunkd.exe\",\"targetFilename\":\"C:\\\\\\\\Users\\\\\\\\Administrator\\\\\\\\Downloads\\\\\\\\Emulate-Administrator-Tasks.ps1\",\"creationUtcTime\":\"2026-04-02 07:22:46.448\",\"user\":\"WS10\\\\\\\\Administrator\"}}}", "suspicious": true, "suspicious_reason": "caldera:splunkd, group:sysmon, group:windows, keyword:sysmon, level>=5, sysmon:11", "mitre_tactic": "-", "mitre_match": "-", "sysmon_event_id": "11", "sysmon_event_name": "File Create", "caldera_tag": "splunkd"}
{"timestamp": "2026-04-02T07:22:48.051+0000", "agent": "WS10", "agent_id": "005", "rule_id": "92213", "level": "15", "groups": "sysmon, sysmon_eid11_detections, windows", "decoder": "windows_eventchannel", "location": "EventChannel", "description": "Executable file dropped in folder commonly used by malware", "full_log": "{\"win\":{\"system\":{\"providerName\":\"Microsoft-Windows-Sysmon\",\"providerGuid\":\"{5770385f-c22a-43e0-bf4c-06f5698ffbd9}\",\"eventID\":\"11\",\"version\":\"2\",\"level\":\"4\",\"task\":\"11\",\"opcode\":\"0\",\"keywords\":\"0x8000000000000000\",\"systemTime\":\"2026-04-02T07:22:46.5410268Z\",\"eventRecordID\":\"450404\",\"processID\":\"7940\",\"threadID\":\"8064\",\"channel\":\"Microsoft-Windows-Sysmon/Operational\",\"computer\":\"WS10\",\"severityValue\":\"INFORMATION\",\"message\":\"\\\"File created:\\r\\nRuleName: -\\r\\nUtcTime: 2026-04-02 07:22:46.533\\r\\nProcessGuid: {d9a99926-1946-69ce-2b0e-000000000600}\\r\\nProcessId: 9180\\r\\nImage: C:\\\\Windows\\\\System32\\\\WindowsPowerShell\\\\v1.0\\\\powershell.exe\\r\\nTargetFilename: C:\\\\Users\\\\Administrator\\\\AppData\\\\Local\\\\Temp\\\\__PSScriptPolicyTest_rodh1sva.uev.ps1\\r\\nCreationUtcTime: 2026-04-02 07:22:46.533\\r\\nUser: WS10\\\\Administrator\\\"\"},\"eventdata\":{\"utcTime\":\"2026-04-02 07:22:46.533\",\"processGuid\":\"{d9a99926-1946-69ce-2b0e-000000000600}\",\"processId\":\"9180\",\"image\":\"C:\\\\\\\\Windows\\\\\\\\System32\\\\\\\\WindowsPowerShell\\\\\\\\v1.0\\\\\\\\powershell.exe\",\"targetFilename\":\"C:\\\\\\\\Users\\\\\\\\Administrator\\\\\\\\AppData\\\\\\\\Local\\\\\\\\Temp\\\\\\\\__PSScriptPolicyTest_rodh1sva.uev.ps1\",\"creationUtcTime\":\"2026-04-02 07:22:46.533\",\"user\":\"WS10\\\\\\\\Administrator\"}}}", "suspicious": true, "suspicious_reason": "group:sysmon, group:windows, keyword:powershell, keyword:sysmon, level>=5, mitre:execution, sysmon:11", "mitre_tactic": "execution", "mitre_match": "powershell", "sysmon_event_id": "11", "sysmon_event_name": "File Create", "caldera_tag": "-"}
{"timestamp": "2026-04-02T07:22:50.707+0000", "agent": "WS10", "agent_id": "005", "rule_id": "92213", "level": "15", "groups": "sysmon, sysmon_eid11_detections, windows", "decoder": "windows_eventchannel", "location": "EventChannel", "description": "Executable file dropped in folder commonly used by malware", "full_log": "{\"win\":{\"system\":{\"providerName\":\"Microsoft-Windows-Sysmon\",\"providerGuid\":\"{5770385f-c22a-43e0-bf4c-06f5698ffbd9}\",\"eventID\":\"11\",\"version\":\"2\",\"level\":\"4\",\"task\":\"11\",\"opcode\":\"0\",\"keywords\":\"0x8000000000000000\",\"systemTime\":\"2026-04-02T07:22:46.9730059Z\",\"eventRecordID\":\"450554\",\"processID\":\"7940\",\"threadID\":\"8064\",\"channel\":\"Microsoft-Windows-Sysmon/Operational\",\"computer\":\"WS10\",\"severityValue\":\"INFORMATION\",\"message\":\"\\\"File created:\\r\\nRuleName: -\\r\\nUtcTime: 2026-04-02 07:22:46.951\\r\\nProcessGuid: {d9a99926-1946-69ce-2c0e-000000000600}\\r\\nProcessId: 3544\\r\\nImage: C:\\\\Windows\\\\System32\\\\WindowsPowerShell\\\\v1.0\\\\powershell.exe\\r\\nTargetFilename: C:\\\\Users\\\\Administrator\\\\AppData\\\\Local\\\\Temp\\\\__PSScriptPolicyTest_penk3xtt.nji.ps1\\r\\nCreationUtcTime: 2026-04-02 07:22:46.951\\r\\nUser: WS10\\\\Administrator\\\"\"},\"eventdata\":{\"utcTime\":\"2026-04-02 07:22:46.951\",\"processGuid\":\"{d9a99926-1946-69ce-2c0e-000000000600}\",\"processId\":\"3544\",\"image\":\"C:\\\\\\\\Windows\\\\\\\\System32\\\\\\\\WindowsPowerShell\\\\\\\\v1.0\\\\\\\\powershell.exe\",\"targetFilename\":\"C:\\\\\\\\Users\\\\\\\\Administrator\\\\\\\\AppData\\\\\\\\Local\\\\\\\\Temp\\\\\\\\__PSScriptPolicyTest_penk3xtt.nji.ps1\",\"creationUtcTime\":\"2026-04-02 07:22:46.951\",\"user\":\"WS10\\\\\\\\Administrator\"}}}", "suspicious": true, "suspicious_reason": "group:sysmon, group:windows, keyword:powershell, keyword:sysmon, level>=5, mitre:execution, sysmon:11", "mitre_tactic": "execution", "mitre_match": "powershell", "sysmon_event_id": "11", "sysmon_event_name": "File Create", "caldera_tag": "-"}
{"timestamp": "2026-04-02T07:23:47.534+0000", "agent": "WS10", "agent_id": "005", "rule_id": "92200", "level": "6", "groups": "sysmon, sysmon_eid11_detections, windows", "decoder": "windows_eventchannel", "location": "EventChannel", "description": "Scripting file created under Windows Temp or User folder", "full_log": "{\"win\":{\"system\":{\"providerName\":\"Microsoft-Windows-Sysmon\",\"providerGuid\":\"{5770385f-c22a-43e0-bf4c-06f5698ffbd9}\",\"eventID\":\"11\",\"version\":\"2\",\"level\":\"4\",\"task\":\"11\",\"opcode\":\"0\",\"keywords\":\"0x8000000000000000\",\"systemTime\":\"2026-04-02T07:23:47.4520357Z\",\"eventRecordID\":\"450731\",\"processID\":\"7940\",\"threadID\":\"8064\",\"channel\":\"Microsoft-Windows-Sysmon/Operational\",\"computer\":\"WS10\",\"severityValue\":\"INFORMATION\",\"message\":\"\\\"File created:\\r\\nRuleName: Downloads\\r\\nUtcTime: 2026-04-02 07:23:47.451\\r\\nProcessGuid: {d9a99926-2156-69cd-0b0b-000000000600}\\r\\nProcessId: 6676\\r\\nImage: C:\\\\Users\\\\Public\\\\splunkd.exe\\r\\nTargetFilename: C:\\\\Users\\\\Administrator\\\\Downloads\\\\Bypass-UAC.ps1\\r\\nCreationUtcTime: 2026-04-02 07:23:47.451\\r\\nUser: WS10\\\\Administrator\\\"\"},\"eventdata\":{\"ruleName\":\"Downloads\",\"utcTime\":\"2026-04-02 07:23:47.451\",\"processGuid\":\"{d9a99926-2156-69cd-0b0b-000000000600}\",\"processId\":\"6676\",\"image\":\"C:\\\\\\\\Users\\\\\\\\Public\\\\\\\\splunkd.exe\",\"targetFilename\":\"C:\\\\\\\\Users\\\\\\\\Administrator\\\\\\\\Downloads\\\\\\\\Bypass-UAC.ps1\",\"creationUtcTime\":\"2026-04-02 07:23:47.451\",\"user\":\"WS10\\\\\\\\Administrator\"}}}", "suspicious": true, "suspicious_reason": "caldera:splunkd, group:sysmon, group:windows, keyword:sysmon, level>=5, mitre:defense-evasion, sysmon:11", "mitre_tactic": "defense-evasion", "mitre_match": "bypass", "sysmon_event_id": "11", "sysmon_event_name": "File Create", "caldera_tag": "splunkd"}
{"timestamp": "2026-04-02T07:23:49.712+0000", "agent": "WS10", "agent_id": "005", "rule_id": "92213", "level": "15", "groups": "sysmon, sysmon_eid11_detections, windows", "decoder": "windows_eventchannel", "location": "EventChannel", "description": "Executable file dropped in folder commonly used by malware", "full_log": "{\"win\":{\"system\":{\"providerName\":\"Microsoft-Windows-Sysmon\",\"providerGuid\":\"{5770385f-c22a-43e0-bf4c-06f5698ffbd9}\",\"eventID\":\"11\",\"version\":\"2\",\"level\":\"4\",\"task\":\"11\",\"opcode\":\"0\",\"keywords\":\"0x8000000000000000\",\"systemTime\":\"2026-04-02T07:23:47.5212631Z\",\"eventRecordID\":\"450856\",\"processID\":\"7940\",\"threadID\":\"8064\",\"channel\":\"Microsoft-Windows-Sysmon/Operational\",\"computer\":\"WS10\",\"severityValue\":\"INFORMATION\",\"message\":\"\\\"File created:\\r\\nRuleName: -\\r\\nUtcTime: 2026-04-02 07:23:47.515\\r\\nProcessGuid: {d9a99926-1983-69ce-2e0e-000000000600}\\r\\nProcessId: 6584\\r\\nImage: C:\\\\Windows\\\\System32\\\\WindowsPowerShell\\\\v1.0\\\\powershell.exe\\r\\nTargetFilename: C:\\\\Users\\\\Administrator\\\\AppData\\\\Local\\\\Temp\\\\__PSScriptPolicyTest_o5pm3yxf.vtb.ps1\\r\\nCreationUtcTime: 2026-04-02 07:23:47.515\\r\\nUser: WS10\\\\Administrator\\\"\"},\"eventdata\":{\"utcTime\":\"2026-04-02 07:23:47.515\",\"processGuid\":\"{d9a99926-1983-69ce-2e0e-000000000600}\",\"processId\":\"6584\",\"image\":\"C:\\\\\\\\Windows\\\\\\\\System32\\\\\\\\WindowsPowerShell\\\\\\\\v1.0\\\\\\\\powershell.exe\",\"targetFilename\":\"C:\\\\\\\\Users\\\\\\\\Administrator\\\\\\\\AppData\\\\\\\\Local\\\\\\\\Temp\\\\\\\\__PSScriptPolicyTest_o5pm3yxf.vtb.ps1\",\"creationUtcTime\":\"2026-04-02 07:23:47.515\",\"user\":\"WS10\\\\\\\\Administrator\"}}}", "suspicious": true, "suspicious_reason": "group:sysmon, group:windows, keyword:powershell, keyword:sysmon, level>=5, mitre:execution, sysmon:11", "mitre_tactic": "execution", "mitre_match": "powershell", "sysmon_event_id": "11", "sysmon_event_name": "File Create", "caldera_tag": "-"}
{"timestamp": "2026-04-02T07:23:51.508+0000", "agent": "WS10", "agent_id": "005", "rule_id": "92207", "level": "12", "groups": "sysmon, sysmon_eid11_detections, windows", "decoder": "windows_eventchannel", "location": "EventChannel", "description": "Executable file dropped in Users\\Public folder", "full_log": "{\"win\":{\"system\":{\"providerName\":\"Microsoft-Windows-Sysmon\",\"providerGuid\":\"{5770385f-c22a-43e0-bf4c-06f5698ffbd9}\",\"eventID\":\"11\",\"version\":\"2\",\"level\":\"4\",\"task\":\"11\",\"opcode\":\"0\",\"keywords\":\"0x8000000000000000\",\"systemTime\":\"2026-04-02T07:23:47.7797618Z\",\"eventRecordID\":\"450959\",\"processID\":\"7940\",\"threadID\":\"8064\",\"channel\":\"Microsoft-Windows-Sysmon/Operational\",\"computer\":\"WS10\",\"severityValue\":\"INFORMATION\",\"message\":\"\\\"File created:\\r\\nRuleName: EXE\\r\\nUtcTime: 2026-04-02 07:23:47.765\\r\\nProcessGuid: {d9a99926-1983-69ce-2e0e-000000000600}\\r\\nProcessId: 6584\\r\\nImage: C:\\\\Windows\\\\System32\\\\WindowsPowerShell\\\\v1.0\\\\powershell.exe\\r\\nTargetFilename: C:\\\\Users\\\\Public\\\\sandcat.go-windows.exe\\r\\nCreationUtcTime: 2026-04-02 07:23:47.765\\r\\nUser: WS10\\\\Administrator\\\"\"},\"eventdata\":{\"ruleName\":\"EXE\",\"utcTime\":\"2026-04-02 07:23:47.765\",\"processGuid\":\"{d9a99926-1983-69ce-2e0e-000000000600}\",\"processId\":\"6584\",\"image\":\"C:\\\\\\\\Windows\\\\\\\\System32\\\\\\\\WindowsPowerShell\\\\\\\\v1.0\\\\\\\\powershell.exe\",\"targetFilename\":\"C:\\\\\\\\Users\\\\\\\\Public\\\\\\\\sandcat.go-windows.exe\",\"creationUtcTime\":\"2026-04-02 07:23:47.765\",\"user\":\"WS10\\\\\\\\Administrator\"}}}", "suspicious": true, "suspicious_reason": "caldera:sandcat, group:sysmon, group:windows, keyword:powershell, keyword:sandcat, keyword:sysmon, level>=5, mitre:execution, sysmon:11", "mitre_tactic": "execution", "mitre_match": "powershell", "sysmon_event_id": "11", "sysmon_event_name": "File Create", "caldera_tag": "sandcat"}
{"timestamp": "2026-04-02T07:23:56.822+0000", "agent": "WS10", "agent_id": "005", "rule_id": "92213", "level": "15", "groups": "sysmon, sysmon_eid11_detections, windows", "decoder": "windows_eventchannel", "location": "EventChannel", "description": "Executable file dropped in folder commonly used by malware", "full_log": "{\"win\":{\"system\":{\"providerName\":\"Microsoft-Windows-Sysmon\",\"providerGuid\":\"{5770385f-c22a-43e0-bf4c-06f5698ffbd9}\",\"eventID\":\"11\",\"version\":\"2\",\"level\":\"4\",\"task\":\"11\",\"opcode\":\"0\",\"keywords\":\"0x8000000000000000\",\"systemTime\":\"2026-04-02T07:23:48.1766045Z\",\"eventRecordID\":\"451298\",\"processID\":\"7940\",\"threadID\":\"8064\",\"channel\":\"Microsoft-Windows-Sysmon/Operational\",\"computer\":\"WS10\",\"severityValue\":\"INFORMATION\",\"message\":\"\\\"File created:\\r\\nRuleName: -\\r\\nUtcTime: 2026-04-02 07:23:48.171\\r\\nProcessGuid: {d9a99926-1984-69ce-2f0e-000000000600}\\r\\nProcessId: 9468\\r\\nImage: C:\\\\Windows\\\\System32\\\\WindowsPowerShell\\\\v1.0\\\\powershell.exe\\r\\nTargetFilename: C:\\\\Users\\\\Administrator\\\\AppData\\\\Local\\\\Temp\\\\__PSScriptPolicyTest_4gweyj4s.ss4.ps1\\r\\nCreationUtcTime: 2026-04-02 07:23:48.171\\r\\nUser: WS10\\\\Administrator\\\"\"},\"eventdata\":{\"utcTime\":\"2026-04-02 07:23:48.171\",\"processGuid\":\"{d9a99926-1984-69ce-2f0e-000000000600}\",\"processId\":\"9468\",\"image\":\"C:\\\\\\\\Windows\\\\\\\\System32\\\\\\\\WindowsPowerShell\\\\\\\\v1.0\\\\\\\\powershell.exe\",\"targetFilename\":\"C:\\\\\\\\Users\\\\\\\\Administrator\\\\\\\\AppData\\\\\\\\Local\\\\\\\\Temp\\\\\\\\__PSScriptPolicyTest_4gweyj4s.ss4.ps1\",\"creationUtcTime\":\"2026-04-02 07:23:48.171\",\"user\":\"WS10\\\\\\\\Administrator\"}}}", "suspicious": true, "suspicious_reason": "group:sysmon, group:windows, keyword:powershell, keyword:sysmon, level>=5, mitre:execution, sysmon:11", "mitre_tactic": "execution", "mitre_match": "powershell", "sysmon_event_id": "11", "sysmon_event_name": "File Create", "caldera_tag": "-"}
{"timestamp": "2026-04-02T07:24:57.201+0000", "agent": "wazuh-server", "agent_id": "000", "rule_id": "1002", "level": "2", "groups": "syslog, errors", "decoder": "-", "location": "journald", "description": "Unknown problem somewhere in the system.", "full_log": "Apr 02 07:24:55 wazuh-server opensearch-dashboards[3018]: {\"type\":\"error\",\"@timestamp\":\"2026-04-02T07:24:55Z\",\"tags\":[\"connection\",\"client\",\"error\"],\"pid\":3018,\"level\":\"error\",\"error\":{\"message\":\"00514610E27F0000:error:0A000416:SSL routines:ssl3_read_bytes:sslv3 alert certificate unknown:../deps/openssl/openssl/ssl/record/rec_layer_s3.c:1586:SSL alert number 46\\n\",\"name\":\"Error\",\"stack\":\"Error: 00514610E27F0000:error:0A000416:SSL routines:ssl3_read_bytes:sslv3 alert certificate unknown:../deps/openssl/openssl/ssl/record/rec_layer_s3.c:1586:SSL alert number 46\\n\",\"code\":\"ERR_SSL_SSLV3_ALERT_CERTIFICATE_UNKNOWN\"},\"message\":\"00514610E27F0000:error:0A000416:SSL routines:ssl3_read_bytes:sslv3 alert certificate unknown:../deps/openssl/openssl/ssl/record/rec_layer_s3.c:1586:SSL alert number 46\\n\"}", "suspicious": false, "suspicious_reason": "", "mitre_tactic": "-", "mitre_match": "-", "sysmon_event_id": "-", "sysmon_event_name": "-", "caldera_tag": "-"}
{"timestamp": "2026-04-02T07:24:57.201+0000", "agent": "wazuh-server", "agent_id": "000", "rule_id": "1002", "level": "2", "groups": "syslog, errors", "decoder": "-", "location": "journald", "description": "Unknown problem somewhere in the system.", "full_log": "Apr 02 07:24:55 wazuh-server opensearch-dashboards[3018]: {\"type\":\"error\",\"@timestamp\":\"2026-04-02T07:24:55Z\",\"tags\":[\"connection\",\"client\",\"error\"],\"pid\":3018,\"level\":\"error\",\"error\":{\"message\":\"00514610E27F0000:error:0A000416:SSL routines:ssl3_read_bytes:sslv3 alert certificate unknown:../deps/openssl/openssl/ssl/record/rec_layer_s3.c:1586:SSL alert number 46\\n\",\"name\":\"Error\",\"stack\":\"Error: 00514610E27F0000:error:0A000416:SSL routines:ssl3_read_bytes:sslv3 alert certificate unknown:../deps/openssl/openssl/ssl/record/rec_layer_s3.c:1586:SSL alert number 46\\n\",\"code\":\"ERR_SSL_SSLV3_ALERT_CERTIFICATE_UNKNOWN\"},\"message\":\"00514610E27F0000:error:0A000416:SSL routines:ssl3_read_bytes:sslv3 alert certificate unknown:../deps/openssl/openssl/ssl/record/rec_layer_s3.c:1586:SSL alert number 46\\n\"}", "suspicious": false, "suspicious_reason": "", "mitre_tactic": "-", "mitre_match": "-", "sysmon_event_id": "-", "sysmon_event_name": "-", "caldera_tag": "-"}
{"timestamp": "2026-04-02T07:25:01.202+0000", "agent": "wazuh-server", "agent_id": "000", "rule_id": "1002", "level": "2", "groups": "syslog, errors", "decoder": "-", "location": "journald", "description": "Unknown problem somewhere in the system.", "full_log": "Apr 02 07:24:59 wazuh-server opensearch-dashboards[3018]: {\"type\":\"error\",\"@timestamp\":\"2026-04-02T07:24:59Z\",\"tags\":[\"connection\",\"client\",\"error\"],\"pid\":3018,\"level\":\"error\",\"error\":{\"message\":\"00514610E27F0000:error:0A000416:SSL routines:ssl3_read_bytes:sslv3 alert certificate unknown:../deps/openssl/openssl/ssl/record/rec_layer_s3.c:1586:SSL alert number 46\\n\",\"name\":\"Error\",\"stack\":\"Error: 00514610E27F0000:error:0A000416:SSL routines:ssl3_read_bytes:sslv3 alert certificate unknown:../deps/openssl/openssl/ssl/record/rec_layer_s3.c:1586:SSL alert number 46\\n\",\"code\":\"ERR_SSL_SSLV3_ALERT_CERTIFICATE_UNKNOWN\"},\"message\":\"00514610E27F0000:error:0A000416:SSL routines:ssl3_read_bytes:sslv3 alert certificate unknown:../deps/openssl/openssl/ssl/record/rec_layer_s3.c:1586:SSL alert number 46\\n\"}", "suspicious": false, "suspicious_reason": "", "mitre_tactic": "-", "mitre_match": "-", "sysmon_event_id": "-", "sysmon_event_name": "-", "caldera_tag": "-"}
{"timestamp": "2026-04-02T07:25:01.202+0000", "agent": "wazuh-server", "agent_id": "000", "rule_id": "1002", "level": "2", "groups": "syslog, errors", "decoder": "-", "location": "journald", "description": "Unknown problem somewhere in the system.", "full_log": "Apr 02 07:24:59 wazuh-server opensearch-dashboards[3018]: {\"type\":\"error\",\"@timestamp\":\"2026-04-02T07:24:59Z\",\"tags\":[\"connection\",\"client\",\"error\"],\"pid\":3018,\"level\":\"error\",\"error\":{\"message\":\"00514610E27F0000:error:0A000416:SSL routines:ssl3_read_bytes:sslv3 alert certificate unknown:../deps/openssl/openssl/ssl/record/rec_layer_s3.c:1586:SSL alert number 46\\n\",\"name\":\"Error\",\"stack\":\"Error: 00514610E27F0000:error:0A000416:SSL routines:ssl3_read_bytes:sslv3 alert certificate unknown:../deps/openssl/openssl/ssl/record/rec_layer_s3.c:1586:SSL alert number 46\\n\",\"code\":\"ERR_SSL_SSLV3_ALERT_CERTIFICATE_UNKNOWN\"},\"message\":\"00514610E27F0000:error:0A000416:SSL routines:ssl3_read_bytes:sslv3 alert certificate unknown:../deps/openssl/openssl/ssl/record/rec_layer_s3.c:1586:SSL alert number 46\\n\"}", "suspicious": false, "suspicious_reason": "", "mitre_tactic": "-", "mitre_match": "-", "sysmon_event_id": "-", "sysmon_event_name": "-", "caldera_tag": "-"}
{"timestamp": "2026-04-02T07:25:01.202+0000", "agent": "wazuh-server", "agent_id": "000", "rule_id": "1002", "level": "2", "groups": "syslog, errors", "decoder": "-", "location": "journald", "description": "Unknown problem somewhere in the system.", "full_log": "Apr 02 07:24:59 wazuh-server opensearch-dashboards[3018]: {\"type\":\"error\",\"@timestamp\":\"2026-04-02T07:24:59Z\",\"tags\":[\"connection\",\"client\",\"error\"],\"pid\":3018,\"level\":\"error\",\"error\":{\"message\":\"00514610E27F0000:error:0A000416:SSL routines:ssl3_read_bytes:sslv3 alert certificate unknown:../deps/openssl/openssl/ssl/record/rec_layer_s3.c:1586:SSL alert number 46\\n\",\"name\":\"Error\",\"stack\":\"Error: 00514610E27F0000:error:0A000416:SSL routines:ssl3_read_bytes:sslv3 alert certificate unknown:../deps/openssl/openssl/ssl/record/rec_layer_s3.c:1586:SSL alert number 46\\n\",\"code\":\"ERR_SSL_SSLV3_ALERT_CERTIFICATE_UNKNOWN\"},\"message\":\"00514610E27F0000:error:0A000416:SSL routines:ssl3_read_bytes:sslv3 alert certificate unknown:../deps/openssl/openssl/ssl/record/rec_layer_s3.c:1586:SSL alert number 46\\n\"}", "suspicious": false, "suspicious_reason": "", "mitre_tactic": "-", "mitre_match": "-", "sysmon_event_id": "-", "sysmon_event_name": "-", "caldera_tag": "-"}
{"timestamp": "2026-04-02T07:25:01.202+0000", "agent": "wazuh-server", "agent_id": "000", "rule_id": "1002", "level": "2", "groups": "syslog, errors", "decoder": "-", "location": "journald", "description": "Unknown problem somewhere in the system.", "full_log": "Apr 02 07:24:59 wazuh-server opensearch-dashboards[3018]: {\"type\":\"error\",\"@timestamp\":\"2026-04-02T07:24:59Z\",\"tags\":[\"connection\",\"client\",\"error\"],\"pid\":3018,\"level\":\"error\",\"error\":{\"message\":\"00514610E27F0000:error:0A000416:SSL routines:ssl3_read_bytes:sslv3 alert certificate unknown:../deps/openssl/openssl/ssl/record/rec_layer_s3.c:1586:SSL alert number 46\\n\",\"name\":\"Error\",\"stack\":\"Error: 00514610E27F0000:error:0A000416:SSL routines:ssl3_read_bytes:sslv3 alert certificate unknown:../deps/openssl/openssl/ssl/record/rec_layer_s3.c:1586:SSL alert number 46\\n\",\"code\":\"ERR_SSL_SSLV3_ALERT_CERTIFICATE_UNKNOWN\"},\"message\":\"00514610E27F0000:error:0A000416:SSL routines:ssl3_read_bytes:sslv3 alert certificate unknown:../deps/openssl/openssl/ssl/record/rec_layer_s3.c:1586:SSL alert number 46\\n\"}", "suspicious": false, "suspicious_reason": "", "mitre_tactic": "-", "mitre_match": "-", "sysmon_event_id": "-", "sysmon_event_name": "-", "caldera_tag": "-"}
{"timestamp": "2026-04-02T07:25:01.202+0000", "agent": "wazuh-server", "agent_id": "000", "rule_id": "1002", "level": "2", "groups": "syslog, errors", "decoder": "-", "location": "journald", "description": "Unknown problem somewhere in the system.", "full_log": "Apr 02 07:24:59 wazuh-server opensearch-dashboards[3018]: {\"type\":\"error\",\"@timestamp\":\"2026-04-02T07:24:59Z\",\"tags\":[\"connection\",\"client\",\"error\"],\"pid\":3018,\"level\":\"error\",\"error\":{\"message\":\"00514610E27F0000:error:0A000416:SSL routines:ssl3_read_bytes:sslv3 alert certificate unknown:../deps/openssl/openssl/ssl/record/rec_layer_s3.c:1586:SSL alert number 46\\n\",\"name\":\"Error\",\"stack\":\"Error: 00514610E27F0000:error:0A000416:SSL routines:ssl3_read_bytes:sslv3 alert certificate unknown:../deps/openssl/openssl/ssl/record/rec_layer_s3.c:1586:SSL alert number 46\\n\",\"code\":\"ERR_SSL_SSLV3_ALERT_CERTIFICATE_UNKNOWN\"},\"message\":\"00514610E27F0000:error:0A000416:SSL routines:ssl3_read_bytes:sslv3 alert certificate unknown:../deps/openssl/openssl/ssl/record/rec_layer_s3.c:1586:SSL alert number 46\\n\"}", "suspicious": false, "suspicious_reason": "", "mitre_tactic": "-", "mitre_match": "-", "sysmon_event_id": "-", "sysmon_event_name": "-", "caldera_tag": "-"}
{"timestamp": "2026-04-02T07:25:01.202+0000", "agent": "wazuh-server", "agent_id": "000", "rule_id": "1002", "level": "2", "groups": "syslog, errors", "decoder": "-", "location": "journald", "description": "Unknown problem somewhere in the system.", "full_log": "Apr 02 07:24:59 wazuh-server opensearch-dashboards[3018]: {\"type\":\"error\",\"@timestamp\":\"2026-04-02T07:24:59Z\",\"tags\":[\"connection\",\"client\",\"error\"],\"pid\":3018,\"level\":\"error\",\"error\":{\"message\":\"00514610E27F0000:error:0A000416:SSL routines:ssl3_read_bytes:sslv3 alert certificate unknown:../deps/openssl/openssl/ssl/record/rec_layer_s3.c:1586:SSL alert number 46\\n\",\"name\":\"Error\",\"stack\":\"Error: 00514610E27F0000:error:0A000416:SSL routines:ssl3_read_bytes:sslv3 alert certificate unknown:../deps/openssl/openssl/ssl/record/rec_layer_s3.c:1586:SSL alert number 46\\n\",\"code\":\"ERR_SSL_SSLV3_ALERT_CERTIFICATE_UNKNOWN\"},\"message\":\"00514610E27F0000:error:0A000416:SSL routines:ssl3_read_bytes:sslv3 alert certificate unknown:../deps/openssl/openssl/ssl/record/rec_layer_s3.c:1586:SSL alert number 46\\n\"}", "suspicious": false, "suspicious_reason": "", "mitre_tactic": "-", "mitre_match": "-", "sysmon_event_id": "-", "sysmon_event_name": "-", "caldera_tag": "-"}
{"timestamp": "2026-04-02T07:25:01.202+0000", "agent": "wazuh-server", "agent_id": "000", "rule_id": "1002", "level": "2", "groups": "syslog, errors", "decoder": "-", "location": "journald", "description": "Unknown problem somewhere in the system.", "full_log": "Apr 02 07:24:59 wazuh-server opensearch-dashboards[3018]: {\"type\":\"error\",\"@timestamp\":\"2026-04-02T07:24:59Z\",\"tags\":[\"connection\",\"client\",\"error\"],\"pid\":3018,\"level\":\"error\",\"error\":{\"message\":\"00514610E27F0000:error:0A000416:SSL routines:ssl3_read_bytes:sslv3 alert certificate unknown:../deps/openssl/openssl/ssl/record/rec_layer_s3.c:1586:SSL alert number 46\\n\",\"name\":\"Error\",\"stack\":\"Error: 00514610E27F0000:error:0A000416:SSL routines:ssl3_read_bytes:sslv3 alert certificate unknown:../deps/openssl/openssl/ssl/record/rec_layer_s3.c:1586:SSL alert number 46\\n\",\"code\":\"ERR_SSL_SSLV3_ALERT_CERTIFICATE_UNKNOWN\"},\"message\":\"00514610E27F0000:error:0A000416:SSL routines:ssl3_read_bytes:sslv3 alert certificate unknown:../deps/openssl/openssl/ssl/record/rec_layer_s3.c:1586:SSL alert number 46\\n\"}", "suspicious": false, "suspicious_reason": "", "mitre_tactic": "-", "mitre_match": "-", "sysmon_event_id": "-", "sysmon_event_name": "-", "caldera_tag": "-"}
{"timestamp": "2026-04-02T07:25:01.203+0000", "agent": "wazuh-server", "agent_id": "000", "rule_id": "1002", "level": "2", "groups": "syslog, errors", "decoder": "-", "location": "journald", "description": "Unknown problem somewhere in the system.", "full_log": "Apr 02 07:24:59 wazuh-server opensearch-dashboards[3018]: {\"type\":\"error\",\"@timestamp\":\"2026-04-02T07:24:59Z\",\"tags\":[\"connection\",\"client\",\"error\"],\"pid\":3018,\"level\":\"error\",\"error\":{\"message\":\"00514610E27F0000:error:0A000416:SSL routines:ssl3_read_bytes:sslv3 alert certificate unknown:../deps/openssl/openssl/ssl/record/rec_layer_s3.c:1586:SSL alert number 46\\n\",\"name\":\"Error\",\"stack\":\"Error: 00514610E27F0000:error:0A000416:SSL routines:ssl3_read_bytes:sslv3 alert certificate unknown:../deps/openssl/openssl/ssl/record/rec_layer_s3.c:1586:SSL alert number 46\\n\",\"code\":\"ERR_SSL_SSLV3_ALERT_CERTIFICATE_UNKNOWN\"},\"message\":\"00514610E27F0000:error:0A000416:SSL routines:ssl3_read_bytes:sslv3 alert certificate unknown:../deps/openssl/openssl/ssl/record/rec_layer_s3.c:1586:SSL alert number 46\\n\"}", "suspicious": false, "suspicious_reason": "", "mitre_tactic": "-", "mitre_match": "-", "sysmon_event_id": "-", "sysmon_event_name": "-", "caldera_tag": "-"}
{"timestamp": "2026-04-02T07:25:01.203+0000", "agent": "wazuh-server", "agent_id": "000", "rule_id": "1002", "level": "2", "groups": "syslog, errors", "decoder": "-", "location": "journald", "description": "Unknown problem somewhere in the system.", "full_log": "Apr 02 07:24:59 wazuh-server opensearch-dashboards[3018]: {\"type\":\"error\",\"@timestamp\":\"2026-04-02T07:24:59Z\",\"tags\":[\"connection\",\"client\",\"error\"],\"pid\":3018,\"level\":\"error\",\"error\":{\"message\":\"00514610E27F0000:error:0A000416:SSL routines:ssl3_read_bytes:sslv3 alert certificate unknown:../deps/openssl/openssl/ssl/record/rec_layer_s3.c:1586:SSL alert number 46\\n\",\"name\":\"Error\",\"stack\":\"Error: 00514610E27F0000:error:0A000416:SSL routines:ssl3_read_bytes:sslv3 alert certificate unknown:../deps/openssl/openssl/ssl/record/rec_layer_s3.c:1586:SSL alert number 46\\n\",\"code\":\"ERR_SSL_SSLV3_ALERT_CERTIFICATE_UNKNOWN\"},\"message\":\"00514610E27F0000:error:0A000416:SSL routines:ssl3_read_bytes:sslv3 alert certificate unknown:../deps/openssl/openssl/ssl/record/rec_layer_s3.c:1586:SSL alert number 46\\n\"}", "suspicious": false, "suspicious_reason": "", "mitre_tactic": "-", "mitre_match": "-", "sysmon_event_id": "-", "sysmon_event_name": "-", "caldera_tag": "-"}
{"timestamp": "2026-04-02T07:25:01.203+0000", "agent": "wazuh-server", "agent_id": "000", "rule_id": "1002", "level": "2", "groups": "syslog, errors", "decoder": "-", "location": "journald", "description": "Unknown problem somewhere in the system.", "full_log": "Apr 02 07:24:59 wazuh-server opensearch-dashboards[3018]: {\"type\":\"error\",\"@timestamp\":\"2026-04-02T07:24:59Z\",\"tags\":[\"connection\",\"client\",\"error\"],\"pid\":3018,\"level\":\"error\",\"error\":{\"message\":\"00514610E27F0000:error:0A000416:SSL routines:ssl3_read_bytes:sslv3 alert certificate unknown:../deps/openssl/openssl/ssl/record/rec_layer_s3.c:1586:SSL alert number 46\\n\",\"name\":\"Error\",\"stack\":\"Error: 00514610E27F0000:error:0A000416:SSL routines:ssl3_read_bytes:sslv3 alert certificate unknown:../deps/openssl/openssl/ssl/record/rec_layer_s3.c:1586:SSL alert number 46\\n\",\"code\":\"ERR_SSL_SSLV3_ALERT_CERTIFICATE_UNKNOWN\"},\"message\":\"00514610E27F0000:error:0A000416:SSL routines:ssl3_read_bytes:sslv3 alert certificate unknown:../deps/openssl/openssl/ssl/record/rec_layer_s3.c:1586:SSL alert number 46\\n\"}", "suspicious": false, "suspicious_reason": "", "mitre_tactic": "-", "mitre_match": "-", "sysmon_event_id": "-", "sysmon_event_name": "-", "caldera_tag": "-"}
{"timestamp": "2026-04-02T07:25:01.203+0000", "agent": "wazuh-server", "agent_id": "000", "rule_id": "1002", "level": "2", "groups": "syslog, errors", "decoder": "-", "location": "journald", "description": "Unknown problem somewhere in the system.", "full_log": "Apr 02 07:24:59 wazuh-server opensearch-dashboards[3018]: {\"type\":\"error\",\"@timestamp\":\"2026-04-02T07:24:59Z\",\"tags\":[\"connection\",\"client\",\"error\"],\"pid\":3018,\"level\":\"error\",\"error\":{\"message\":\"00514610E27F0000:error:0A000416:SSL routines:ssl3_read_bytes:sslv3 alert certificate unknown:../deps/openssl/openssl/ssl/record/rec_layer_s3.c:1586:SSL alert number 46\\n\",\"name\":\"Error\",\"stack\":\"Error: 00514610E27F0000:error:0A000416:SSL routines:ssl3_read_bytes:sslv3 alert certificate unknown:../deps/openssl/openssl/ssl/record/rec_layer_s3.c:1586:SSL alert number 46\\n\",\"code\":\"ERR_SSL_SSLV3_ALERT_CERTIFICATE_UNKNOWN\"},\"message\":\"00514610E27F0000:error:0A000416:SSL routines:ssl3_read_bytes:sslv3 alert certificate unknown:../deps/openssl/openssl/ssl/record/rec_layer_s3.c:1586:SSL alert number 46\\n\"}", "suspicious": false, "suspicious_reason": "", "mitre_tactic": "-", "mitre_match": "-", "sysmon_event_id": "-", "sysmon_event_name": "-", "caldera_tag": "-"}
{"timestamp": "2026-04-02T07:25:09.218+0000", "agent": "wazuh-server", "agent_id": "000", "rule_id": "1002", "level": "2", "groups": "syslog, errors", "decoder": "-", "location": "journald", "description": "Unknown problem somewhere in the system.", "full_log": "Apr 02 07:25:09 wazuh-server opensearch-dashboards[3018]: {\"type\":\"error\",\"@timestamp\":\"2026-04-02T07:25:09Z\",\"tags\":[\"connection\",\"client\",\"error\"],\"pid\":3018,\"level\":\"error\",\"error\":{\"message\":\"00514610E27F0000:error:0A000416:SSL routines:ssl3_read_bytes:sslv3 alert certificate unknown:../deps/openssl/openssl/ssl/record/rec_layer_s3.c:1586:SSL alert number 46\\n\",\"name\":\"Error\",\"stack\":\"Error: 00514610E27F0000:error:0A000416:SSL routines:ssl3_read_bytes:sslv3 alert certificate unknown:../deps/openssl/openssl/ssl/record/rec_layer_s3.c:1586:SSL alert number 46\\n\",\"code\":\"ERR_SSL_SSLV3_ALERT_CERTIFICATE_UNKNOWN\"},\"message\":\"00514610E27F0000:error:0A000416:SSL routines:ssl3_read_bytes:sslv3 alert certificate unknown:../deps/openssl/openssl/ssl/record/rec_layer_s3.c:1586:SSL alert number 46\\n\"}", "suspicious": false, "suspicious_reason": "", "mitre_tactic": "-", "mitre_match": "-", "sysmon_event_id": "-", "sysmon_event_name": "-", "caldera_tag": "-"}
{"timestamp": "2026-04-02T07:25:11.219+0000", "agent": "wazuh-server", "agent_id": "000", "rule_id": "1002", "level": "2", "groups": "syslog, errors", "decoder": "-", "location": "journald", "description": "Unknown problem somewhere in the system.", "full_log": "Apr 02 07:25:09 wazuh-server opensearch-dashboards[3018]: {\"type\":\"error\",\"@timestamp\":\"2026-04-02T07:25:09Z\",\"tags\":[\"connection\",\"client\",\"error\"],\"pid\":3018,\"level\":\"error\",\"error\":{\"message\":\"00514610E27F0000:error:0A000416:SSL routines:ssl3_read_bytes:sslv3 alert certificate unknown:../deps/openssl/openssl/ssl/record/rec_layer_s3.c:1586:SSL alert number 46\\n\",\"name\":\"Error\",\"stack\":\"Error: 00514610E27F0000:error:0A000416:SSL routines:ssl3_read_bytes:sslv3 alert certificate unknown:../deps/openssl/openssl/ssl/record/rec_layer_s3.c:1586:SSL alert number 46\\n\",\"code\":\"ERR_SSL_SSLV3_ALERT_CERTIFICATE_UNKNOWN\"},\"message\":\"00514610E27F0000:error:0A000416:SSL routines:ssl3_read_bytes:sslv3 alert certificate unknown:../deps/openssl/openssl/ssl/record/rec_layer_s3.c:1586:SSL alert number 46\\n\"}", "suspicious": false, "suspicious_reason": "", "mitre_tactic": "-", "mitre_match": "-", "sysmon_event_id": "-", "sysmon_event_name": "-", "caldera_tag": "-"}
{"timestamp": "2026-04-02T07:25:23.803+0000", "agent": "WS10", "agent_id": "005", "rule_id": "92213", "level": "15", "groups": "sysmon, sysmon_eid11_detections, windows", "decoder": "windows_eventchannel", "location": "EventChannel", "description": "Executable file dropped in folder commonly used by malware", "full_log": "{\"win\":{\"system\":{\"providerName\":\"Microsoft-Windows-Sysmon\",\"providerGuid\":\"{5770385f-c22a-43e0-bf4c-06f5698ffbd9}\",\"eventID\":\"11\",\"version\":\"2\",\"level\":\"4\",\"task\":\"11\",\"opcode\":\"0\",\"keywords\":\"0x8000000000000000\",\"systemTime\":\"2026-04-02T07:25:21.6025767Z\",\"eventRecordID\":\"451697\",\"processID\":\"7940\",\"threadID\":\"8064\",\"channel\":\"Microsoft-Windows-Sysmon/Operational\",\"computer\":\"WS10\",\"severityValue\":\"INFORMATION\",\"message\":\"\\\"File created:\\r\\nRuleName: -\\r\\nUtcTime: 2026-04-02 07:25:21.597\\r\\nProcessGuid: {d9a99926-19e1-69ce-360e-000000000600}\\r\\nProcessId: 404\\r\\nImage: C:\\\\Windows\\\\System32\\\\WindowsPowerShell\\\\v1.0\\\\powershell.exe\\r\\nTargetFilename: C:\\\\Users\\\\Administrator\\\\AppData\\\\Local\\\\Temp\\\\__PSScriptPolicyTest_o01sgffh.xnq.ps1\\r\\nCreationUtcTime: 2026-04-02 07:25:21.597\\r\\nUser: WS10\\\\Administrator\\\"\"},\"eventdata\":{\"utcTime\":\"2026-04-02 07:25:21.597\",\"processGuid\":\"{d9a99926-19e1-69ce-360e-000000000600}\",\"processId\":\"404\",\"image\":\"C:\\\\\\\\Windows\\\\\\\\System32\\\\\\\\WindowsPowerShell\\\\\\\\v1.0\\\\\\\\powershell.exe\",\"targetFilename\":\"C:\\\\\\\\Users\\\\\\\\Administrator\\\\\\\\AppData\\\\\\\\Local\\\\\\\\Temp\\\\\\\\__PSScriptPolicyTest_o01sgffh.xnq.ps1\",\"creationUtcTime\":\"2026-04-02 07:25:21.597\",\"user\":\"WS10\\\\\\\\Administrator\"}}}", "suspicious": true, "suspicious_reason": "group:sysmon, group:windows, keyword:powershell, keyword:sysmon, level>=5, mitre:execution, sysmon:11", "mitre_tactic": "execution", "mitre_match": "powershell", "sysmon_event_id": "11", "sysmon_event_name": "File Create", "caldera_tag": "-"}
{"timestamp": "2026-04-02T07:25:26.064+0000", "agent": "WS10", "agent_id": "005", "rule_id": "92032", "level": "3", "groups": "sysmon, sysmon_eid1_detections, windows", "decoder": "windows_eventchannel", "location": "EventChannel", "description": "Suspicious Windows cmd shell execution", "full_log": "{\"win\":{\"system\":{\"providerName\":\"Microsoft-Windows-Sysmon\",\"providerGuid\":\"{5770385f-c22a-43e0-bf4c-06f5698ffbd9}\",\"eventID\":\"1\",\"version\":\"5\",\"level\":\"4\",\"task\":\"1\",\"opcode\":\"0\",\"keywords\":\"0x8000000000000000\",\"systemTime\":\"2026-04-02T07:25:21.8642156Z\",\"eventRecordID\":\"451825\",\"processID\":\"7940\",\"threadID\":\"8064\",\"channel\":\"Microsoft-Windows-Sysmon/Operational\",\"computer\":\"WS10\",\"severityValue\":\"INFORMATION\",\"message\":\"\\\"Process Create:\\r\\nRuleName: -\\r\\nUtcTime: 2026-04-02 07:25:21.862\\r\\nProcessGuid: {d9a99926-19e1-69ce-380e-000000000600}\\r\\nProcessId: 2644\\r\\nImage: C:\\\\Windows\\\\System32\\\\conhost.exe\\r\\nFileVersion: 10.0.19041.5198 (WinBuild.160101.0800)\\r\\nDescription: Console Window Host\\r\\nProduct: Microsoft® Windows® Operating System\\r\\nCompany: Microsoft Corporation\\r\\nOriginalFileName: CONHOST.EXE\\r\\nCommandLine: \\\\??\\\\C:\\\\Windows\\\\system32\\\\conhost.exe 0xffffffff -ForceV1\\r\\nCurrentDirectory: C:\\\\Windows\\r\\nUser: WS10\\\\Administrator\\r\\nLogonGuid: {d9a99926-1ec9-69ca-5569-130000000000}\\r\\nLogonId: 0x136955\\r\\nTerminalSessionId: 1\\r\\nIntegrityLevel: High\\r\\nHashes: MD5=7850554B5C650163FC168AA08F18E343,SHA256=B02EE54FB2EC69673386D41119EE8ED083A6EAB3BFCA6AA2155D20CE68EF8963,IMPHASH=0F64302D3280DE299F4C51A78746F606\\r\\nParentProcessGuid: {d9a99926-19e1-69ce-370e-000000000600}\\r\\nParentProcessId: 9152\\r\\nParentImage: C:\\\\Windows\\\\System32\\\\cmd.exe\\r\\nParentCommandLine: cmd.exe /c \\\"timeout /nobreak /t 10 >nul 2>nul & del /f C:\\\\Users\\\\Public\\\\splunkd.exe\\\"\\r\\nParentUser: WS10\\\\Administrator\\\"\"},\"eventdata\":{\"utcTime\":\"2026-04-02 07:25:21.862\",\"processGuid\":\"{d9a99926-19e1-69ce-380e-000000000600}\",\"processId\":\"2644\",\"image\":\"C:\\\\\\\\Windows\\\\\\\\System32\\\\\\\\conhost.exe\",\"fileVersion\":\"10.0.19041.5198 (WinBuild.160101.0800)\",\"description\":\"Console Window Host\",\"product\":\"Microsoft® Windows® Operating System\",\"company\":\"Microsoft Corporation\",\"originalFileName\":\"CONHOST.EXE\",\"commandLine\":\"\\\\\\\\??\\\\\\\\C:\\\\\\\\Windows\\\\\\\\system32\\\\\\\\conhost.exe 0xffffffff -ForceV1\",\"currentDirectory\":\"C:\\\\\\\\Windows\",\"user\":\"WS10\\\\\\\\Administrator\",\"logonGuid\":\"{d9a99926-1ec9-69ca-5569-130000000000}\",\"logonId\":\"0x136955\",\"terminalSessionId\":\"1\",\"integrityLevel\":\"High\",\"hashes\":\"MD5=7850554B5C650163FC168AA08F18E343,SHA256=B02EE54FB2EC69673386D41119EE8ED083A6EAB3BFCA6AA2155D20CE68EF8963,IMPHASH=0F64302D3280DE299F4C51A78746F606\",\"parentProcessGuid\":\"{d9a99926-19e1-69ce-370e-000000000600}\",\"parentProcessId\":\"9152\",\"parentImage\":\"C:\\\\\\\\Windows\\\\\\\\System32\\\\\\\\cmd.exe\",\"parentCommandLine\":\"cmd.exe /c \\\\\\\"timeout /nobreak /t 10 &gt;nul 2&gt;nul &amp; del /f C:\\\\\\\\Users\\\\\\\\Public\\\\\\\\splunkd.exe\\\\\\\"\",\"parentUser\":\"WS10\\\\\\\\Administrator\"}}}", "suspicious": true, "suspicious_reason": "caldera:splunkd, group:sysmon, group:windows, keyword:cmd.exe, keyword:sysmon, mitre:execution, sysmon:1", "mitre_tactic": "execution", "mitre_match": "cmd.exe", "sysmon_event_id": "1", "sysmon_event_name": "Process Create", "caldera_tag": "splunkd"}
{"timestamp": "2026-04-02T07:26:07.261+0000", "agent": "wazuh-server", "agent_id": "000", "rule_id": "1002", "level": "2", "groups": "syslog, errors", "decoder": "-", "location": "journald", "description": "Unknown problem somewhere in the system.", "full_log": "Apr 02 07:26:07 wazuh-server opensearch-dashboards[3018]: {\"type\":\"response\",\"@timestamp\":\"2026-04-02T07:26:06Z\",\"tags\":[],\"pid\":3018,\"method\":\"get\",\"statusCode\":200,\"req\":{\"url\":\"/api/saved_objects/_find?default_search_operator=AND&has_reference=%7B%22type%22%3A%22visualization%22%2C%22id%22%3A%22Wazuh-App-Overview-General-Authentication-failure%22%7D&page=1&per_page=100&search_fields=title%5E3&search_fields=description&type=augment-vis\",\"method\":\"get\",\"headers\":{\"host\":\"192.168.30.46\",\"connection\":\"keep-alive\",\"osd-version\":\"2.19.4\",\"sec-ch-ua-platform\":\"\\\"Windows\\\"\",\"user-agent\":\"Mozilla/5.0 (Windows NT 10.0; Win64; x64) AppleWebKit/537.36 (KHTML, like Gecko) Chrome/146.0.0.0 Safari/537.36 Edg/146.0.0.0\",\"sec-ch-ua\":\"\\\"Chromium\\\";v=\\\"146\\\", \\\"Not-A.Brand\\\";v=\\\"24\\\", \\\"Microsoft Edge\\\";v=\\\"146\\\"\",\"content-type\":\"application/json\",\"sec-ch-ua-mobile\":\"?0\",\"osd-xsrf\":\"osd-fetch\",\"accept\":\"*/*\",\"sec-fetch-site\":\"same-origin\",\"sec-fetch-mode\":\"cors\",\"sec-fetch-dest\":\"empty\",\"referer\":\"https://192.168.30.46/app/threat-hunting\",\"accept-encoding\":\"gzip, deflate, br, zstd\",\"accept-language\":\"it,it-IT;q=0.9,en;q=0.8,en-GB;q=0.7,en-US;q=0.6\"},\"remoteAddress\":\"192.168.30.48\",\"userAgent\":\"Mozilla/5.0 (Windows NT 10.0; Win64; x64) AppleWebKit/537.36 (KHTML, like Gecko) Chrome/146.0.0.0 Safari/537.36 Edg/146.0.0.0\",\"referer\":\"https://192.168.30.46/app/threat-hunting\"},\"res\":{\"statusCode\":200,\"responseTime\":24,\"contentLength\":9},\"message\":\"GET /api/saved_objects/_find?default_search_operator=AND&has_reference=%7B%22type%22%3A%22visualization%22%2C%22id%22%3A%22Wazuh-App-Overview-General-Authentication-failure%22%7D&page=1&per_page=100&search_fields=title%5E3&search_fields=description&type=augment-vis 200 24ms - 9.0B\"}", "suspicious": true, "suspicious_reason": "mitre:credential-access", "mitre_tactic": "credential-access", "mitre_match": "sam", "sysmon_event_id": "-", "sysmon_event_name": "-", "caldera_tag": "-"}
{"timestamp": "2026-04-02T07:26:30.827+0000", "agent": "WS10", "agent_id": "005", "rule_id": "92213", "level": "15", "groups": "sysmon, sysmon_eid11_detections, windows", "decoder": "windows_eventchannel", "location": "EventChannel", "description": "Executable file dropped in folder commonly used by malware", "full_log": "{\"win\":{\"system\":{\"providerName\":\"Microsoft-Windows-Sysmon\",\"providerGuid\":\"{5770385f-c22a-43e0-bf4c-06f5698ffbd9}\",\"eventID\":\"11\",\"version\":\"2\",\"level\":\"4\",\"task\":\"11\",\"opcode\":\"0\",\"keywords\":\"0x8000000000000000\",\"systemTime\":\"2026-04-02T07:26:28.6052077Z\",\"eventRecordID\":\"452106\",\"processID\":\"7940\",\"threadID\":\"8064\",\"channel\":\"Microsoft-Windows-Sysmon/Operational\",\"computer\":\"WS10\",\"severityValue\":\"INFORMATION\",\"message\":\"\\\"File created:\\r\\nRuleName: -\\r\\nUtcTime: 2026-04-02 07:26:28.594\\r\\nProcessGuid: {d9a99926-1a24-69ce-3a0e-000000000600}\\r\\nProcessId: 1392\\r\\nImage: C:\\\\Windows\\\\System32\\\\WindowsPowerShell\\\\v1.0\\\\powershell.exe\\r\\nTargetFilename: C:\\\\Users\\\\Administrator\\\\AppData\\\\Local\\\\Temp\\\\__PSScriptPolicyTest_tkxhxbg5.ner.ps1\\r\\nCreationUtcTime: 2026-04-02 07:26:28.594\\r\\nUser: WS10\\\\Administrator\\\"\"},\"eventdata\":{\"utcTime\":\"2026-04-02 07:26:28.594\",\"processGuid\":\"{d9a99926-1a24-69ce-3a0e-000000000600}\",\"processId\":\"1392\",\"image\":\"C:\\\\\\\\Windows\\\\\\\\System32\\\\\\\\WindowsPowerShell\\\\\\\\v1.0\\\\\\\\powershell.exe\",\"targetFilename\":\"C:\\\\\\\\Users\\\\\\\\Administrator\\\\\\\\AppData\\\\\\\\Local\\\\\\\\Temp\\\\\\\\__PSScriptPolicyTest_tkxhxbg5.ner.ps1\",\"creationUtcTime\":\"2026-04-02 07:26:28.594\",\"user\":\"WS10\\\\\\\\Administrator\"}}}", "suspicious": true, "suspicious_reason": "group:sysmon, group:windows, keyword:powershell, keyword:sysmon, level>=5, mitre:execution, sysmon:11", "mitre_tactic": "execution", "mitre_match": "powershell", "sysmon_event_id": "11", "sysmon_event_name": "File Create", "caldera_tag": "-"}
{"timestamp": "2026-04-02T07:27:23.456+0000", "agent": "WS10", "agent_id": "005", "rule_id": "92213", "level": "15", "groups": "sysmon, sysmon_eid11_detections, windows", "decoder": "windows_eventchannel", "location": "EventChannel", "description": "Executable file dropped in folder commonly used by malware", "full_log": "{\"win\":{\"system\":{\"providerName\":\"Microsoft-Windows-Sysmon\",\"providerGuid\":\"{5770385f-c22a-43e0-bf4c-06f5698ffbd9}\",\"eventID\":\"11\",\"version\":\"2\",\"level\":\"4\",\"task\":\"11\",\"opcode\":\"0\",\"keywords\":\"0x8000000000000000\",\"systemTime\":\"2026-04-02T07:27:20.6431016Z\",\"eventRecordID\":\"452419\",\"processID\":\"7940\",\"threadID\":\"8064\",\"channel\":\"Microsoft-Windows-Sysmon/Operational\",\"computer\":\"WS10\",\"severityValue\":\"INFORMATION\",\"message\":\"\\\"File created:\\r\\nRuleName: -\\r\\nUtcTime: 2026-04-02 07:27:20.623\\r\\nProcessGuid: {d9a99926-1a58-69ce-3b0e-000000000600}\\r\\nProcessId: 3372\\r\\nImage: C:\\\\Windows\\\\System32\\\\WindowsPowerShell\\\\v1.0\\\\powershell.exe\\r\\nTargetFilename: C:\\\\Users\\\\Administrator\\\\AppData\\\\Local\\\\Temp\\\\__PSScriptPolicyTest_qtdvmifh.zll.ps1\\r\\nCreationUtcTime: 2026-04-02 07:27:20.623\\r\\nUser: WS10\\\\Administrator\\\"\"},\"eventdata\":{\"utcTime\":\"2026-04-02 07:27:20.623\",\"processGuid\":\"{d9a99926-1a58-69ce-3b0e-000000000600}\",\"processId\":\"3372\",\"image\":\"C:\\\\\\\\Windows\\\\\\\\System32\\\\\\\\WindowsPowerShell\\\\\\\\v1.0\\\\\\\\powershell.exe\",\"targetFilename\":\"C:\\\\\\\\Users\\\\\\\\Administrator\\\\\\\\AppData\\\\\\\\Local\\\\\\\\Temp\\\\\\\\__PSScriptPolicyTest_qtdvmifh.zll.ps1\",\"creationUtcTime\":\"2026-04-02 07:27:20.623\",\"user\":\"WS10\\\\\\\\Administrator\"}}}", "suspicious": true, "suspicious_reason": "group:sysmon, group:windows, keyword:powershell, keyword:sysmon, level>=5, mitre:execution, sysmon:11", "mitre_tactic": "execution", "mitre_match": "powershell", "sysmon_event_id": "11", "sysmon_event_name": "File Create", "caldera_tag": "-"}
