{"timestamp": "2026-04-01T12:35:57.419+0000", "agent": "wazuh-server", "agent_id": "000", "rule_id": "5715", "level": "3", "groups": "syslog, sshd, authentication_success", "decoder": "sshd", "location": "journald", "description": "sshd: authentication success.", "full_log": "Apr 01 12:35:56 wazuh-server sshd[37731]: Accepted password for root from 192.168.30.14 port 51360 ssh2", "suspicious": false, "suspicious_reason": "", "mitre_tactic": "-", "mitre_match": "-", "sysmon_event_id": "-", "sysmon_event_name": "-", "caldera_tag": "-"}
{"timestamp": "2026-04-01T12:35:57.419+0000", "agent": "wazuh-server", "agent_id": "000", "rule_id": "5501", "level": "3", "groups": "pam, syslog, authentication_success", "decoder": "pam", "location": "journald", "description": "PAM: Login session opened.", "full_log": "Apr 01 12:35:56 wazuh-server sshd[37731]: pam_unix(sshd:session): session opened for user root(uid=0) by (uid=0)", "suspicious": false, "suspicious_reason": "", "mitre_tactic": "-", "mitre_match": "-", "sysmon_event_id": "-", "sysmon_event_name": "-", "caldera_tag": "-"}
{"timestamp": "2026-04-01T12:35:57.419+0000", "agent": "wazuh-server", "agent_id": "000", "rule_id": "5501", "level": "3", "groups": "pam, syslog, authentication_success", "decoder": "pam", "location": "journald", "description": "PAM: Login session opened.", "full_log": "Apr 01 12:35:56 wazuh-server (systemd)[37736]: pam_unix(systemd-user:session): session opened for user root(uid=0) by (uid=0)", "suspicious": false, "suspicious_reason": "", "mitre_tactic": "-", "mitre_match": "-", "sysmon_event_id": "-", "sysmon_event_name": "-", "caldera_tag": "-"}
{"timestamp": "2026-04-01T12:37:06.823+0000", "agent": "caldera", "agent_id": "008", "rule_id": "1002", "level": "2", "groups": "syslog, errors", "decoder": "kernel", "location": "journald", "description": "Unknown problem somewhere in the system.", "full_log": "Apr 01 10:37:34 caldera kernel: audit: type=1107 audit(1775039854.836:1627): pid=930 uid=101 auid=4294967295 ses=4294967295 subj=unconfined msg='apparmor=\"DENIED\" operation=\"dbus_method_call\" bus=\"system\" path=\"/org/freedesktop/RealtimeKit1\" interface=\"org.freedesktop.DBus.Properties\" member=\"Get\" mask=\"send\" name=\"org.freedesktop.RealtimeKit1\" pid=22040 label=\"snap.firefox.firefox\" exe=\"/usr/bin/dbus-daemon\" sauid=101 hostname=? addr=? terminal=?'", "suspicious": true, "suspicious_reason": "caldera:caldera, keyword:caldera, mitre:discovery", "mitre_tactic": "discovery", "mitre_match": "hostname", "sysmon_event_id": "-", "sysmon_event_name": "-", "caldera_tag": "caldera"}
{"timestamp": "2026-04-01T12:37:08.821+0000", "agent": "caldera", "agent_id": "008", "rule_id": "52002", "level": "3", "groups": "local, syslog, apparmor", "decoder": "kernel", "location": "journald", "description": "Apparmor DENIED", "full_log": "Apr 01 10:37:37 caldera kernel: audit: type=1400 audit(1775039857.140:1628): apparmor=\"DENIED\" operation=\"open\" class=\"file\" profile=\"snap.firefox.firefox\" name=\"/proc/pressure/memory\" pid=5211 comm=\"MemoryPoller\" requested_mask=\"r\" denied_mask=\"r\" fsuid=1000 ouid=0", "suspicious": true, "suspicious_reason": "caldera:caldera, keyword:caldera", "mitre_tactic": "-", "mitre_match": "-", "sysmon_event_id": "-", "sysmon_event_name": "-", "caldera_tag": "caldera"}
{"timestamp": "2026-04-01T12:37:14.824+0000", "agent": "caldera", "agent_id": "008", "rule_id": "52002", "level": "3", "groups": "local, syslog, apparmor", "decoder": "kernel", "location": "journald", "description": "Apparmor DENIED", "full_log": "Apr 01 10:37:42 caldera kernel: audit: type=1400 audit(1775039862.184:1629): apparmor=\"DENIED\" operation=\"open\" class=\"file\" profile=\"snap.firefox.firefox\" name=\"/proc/pressure/memory\" pid=5211 comm=\"MemoryPoller\" requested_mask=\"r\" denied_mask=\"r\" fsuid=1000 ouid=0", "suspicious": true, "suspicious_reason": "caldera:caldera, keyword:caldera", "mitre_tactic": "-", "mitre_match": "-", "sysmon_event_id": "-", "sysmon_event_name": "-", "caldera_tag": "caldera"}
{"timestamp": "2026-04-01T12:37:18.825+0000", "agent": "caldera", "agent_id": "008", "rule_id": "52002", "level": "3", "groups": "local, syslog, apparmor", "decoder": "kernel", "location": "journald", "description": "Apparmor DENIED", "full_log": "Apr 01 10:37:47 caldera kernel: audit: type=1400 audit(1775039867.276:1630): apparmor=\"DENIED\" operation=\"open\" class=\"file\" profile=\"snap.firefox.firefox\" name=\"/proc/pressure/memory\" pid=5211 comm=\"MemoryPoller\" requested_mask=\"r\" denied_mask=\"r\" fsuid=1000 ouid=0", "suspicious": true, "suspicious_reason": "caldera:caldera, keyword:caldera", "mitre_tactic": "-", "mitre_match": "-", "sysmon_event_id": "-", "sysmon_event_name": "-", "caldera_tag": "caldera"}
{"timestamp": "2026-04-01T12:37:24.828+0000", "agent": "caldera", "agent_id": "008", "rule_id": "52002", "level": "3", "groups": "local, syslog, apparmor", "decoder": "kernel", "location": "journald", "description": "Apparmor DENIED", "full_log": "Apr 01 10:37:52 caldera kernel: audit: type=1400 audit(1775039872.276:1631): apparmor=\"DENIED\" operation=\"open\" class=\"file\" profile=\"snap.firefox.firefox\" name=\"/proc/pressure/memory\" pid=5211 comm=\"MemoryPoller\" requested_mask=\"r\" denied_mask=\"r\" fsuid=1000 ouid=0", "suspicious": true, "suspicious_reason": "caldera:caldera, keyword:caldera", "mitre_tactic": "-", "mitre_match": "-", "sysmon_event_id": "-", "sysmon_event_name": "-", "caldera_tag": "caldera"}
{"timestamp": "2026-04-01T12:37:28.846+0000", "agent": "caldera", "agent_id": "008", "rule_id": "52002", "level": "3", "groups": "local, syslog, apparmor", "decoder": "kernel", "location": "journald", "description": "Apparmor DENIED", "full_log": "Apr 01 10:37:57 caldera kernel: audit: type=1400 audit(1775039877.279:1632): apparmor=\"DENIED\" operation=\"open\" class=\"file\" profile=\"snap.firefox.firefox\" name=\"/proc/pressure/memory\" pid=5211 comm=\"MemoryPoller\" requested_mask=\"r\" denied_mask=\"r\" fsuid=1000 ouid=0", "suspicious": true, "suspicious_reason": "caldera:caldera, keyword:caldera", "mitre_tactic": "-", "mitre_match": "-", "sysmon_event_id": "-", "sysmon_event_name": "-", "caldera_tag": "caldera"}
{"timestamp": "2026-04-01T12:37:34.831+0000", "agent": "caldera", "agent_id": "008", "rule_id": "52002", "level": "3", "groups": "local, syslog, apparmor", "decoder": "kernel", "location": "journald", "description": "Apparmor DENIED", "full_log": "Apr 01 10:38:02 caldera kernel: audit: type=1400 audit(1775039882.281:1633): apparmor=\"DENIED\" operation=\"open\" class=\"file\" profile=\"snap.firefox.firefox\" name=\"/proc/pressure/memory\" pid=5211 comm=\"MemoryPoller\" requested_mask=\"r\" denied_mask=\"r\" fsuid=1000 ouid=0", "suspicious": true, "suspicious_reason": "caldera:caldera, keyword:caldera", "mitre_tactic": "-", "mitre_match": "-", "sysmon_event_id": "-", "sysmon_event_name": "-", "caldera_tag": "caldera"}
{"timestamp": "2026-04-01T12:37:38.832+0000", "agent": "caldera", "agent_id": "008", "rule_id": "52002", "level": "3", "groups": "local, syslog, apparmor", "decoder": "kernel", "location": "journald", "description": "Apparmor DENIED", "full_log": "Apr 01 10:38:07 caldera kernel: audit: type=1400 audit(1775039887.298:1634): apparmor=\"DENIED\" operation=\"open\" class=\"file\" profile=\"snap.firefox.firefox\" name=\"/proc/pressure/memory\" pid=5211 comm=\"MemoryPoller\" requested_mask=\"r\" denied_mask=\"r\" fsuid=1000 ouid=0", "suspicious": true, "suspicious_reason": "caldera:caldera, keyword:caldera", "mitre_tactic": "-", "mitre_match": "-", "sysmon_event_id": "-", "sysmon_event_name": "-", "caldera_tag": "caldera"}
{"timestamp": "2026-04-01T12:37:48.837+0000", "agent": "caldera", "agent_id": "008", "rule_id": "52002", "level": "3", "groups": "local, syslog, apparmor", "decoder": "kernel", "location": "journald", "description": "Apparmor DENIED", "full_log": "Apr 01 10:38:17 caldera kernel: audit: type=1400 audit(1775039897.344:1635): apparmor=\"DENIED\" operation=\"open\" class=\"file\" profile=\"snap.firefox.firefox\" name=\"/proc/pressure/memory\" pid=5211 comm=\"MemoryPoller\" requested_mask=\"r\" denied_mask=\"r\" fsuid=1000 ouid=0", "suspicious": true, "suspicious_reason": "caldera:caldera, keyword:caldera", "mitre_tactic": "-", "mitre_match": "-", "sysmon_event_id": "-", "sysmon_event_name": "-", "caldera_tag": "caldera"}
{"timestamp": "2026-04-01T12:37:54.839+0000", "agent": "caldera", "agent_id": "008", "rule_id": "52002", "level": "3", "groups": "local, syslog, apparmor", "decoder": "kernel", "location": "journald", "description": "Apparmor DENIED", "full_log": "Apr 01 10:38:22 caldera kernel: audit: type=1400 audit(1775039902.363:1636): apparmor=\"DENIED\" operation=\"open\" class=\"file\" profile=\"snap.firefox.firefox\" name=\"/proc/pressure/memory\" pid=5211 comm=\"MemoryPoller\" requested_mask=\"r\" denied_mask=\"r\" fsuid=1000 ouid=0", "suspicious": true, "suspicious_reason": "caldera:caldera, keyword:caldera", "mitre_tactic": "-", "mitre_match": "-", "sysmon_event_id": "-", "sysmon_event_name": "-", "caldera_tag": "caldera"}
{"timestamp": "2026-04-01T12:37:58.840+0000", "agent": "caldera", "agent_id": "008", "rule_id": "52002", "level": "3", "groups": "local, syslog, apparmor", "decoder": "kernel", "location": "journald", "description": "Apparmor DENIED", "full_log": "Apr 01 10:38:27 caldera kernel: audit: type=1400 audit(1775039907.432:1637): apparmor=\"DENIED\" operation=\"open\" class=\"file\" profile=\"snap.firefox.firefox\" name=\"/proc/pressure/memory\" pid=5211 comm=\"MemoryPoller\" requested_mask=\"r\" denied_mask=\"r\" fsuid=1000 ouid=0", "suspicious": true, "suspicious_reason": "caldera:caldera, keyword:caldera", "mitre_tactic": "-", "mitre_match": "-", "sysmon_event_id": "-", "sysmon_event_name": "-", "caldera_tag": "caldera"}
{"timestamp": "2026-04-01T12:40:01.468+0000", "agent": "wazuh-server", "agent_id": "000", "rule_id": "5715", "level": "3", "groups": "syslog, sshd, authentication_success", "decoder": "sshd", "location": "journald", "description": "sshd: authentication success.", "full_log": "Apr 01 12:40:00 wazuh-server sshd[37786]: Accepted password for root from 192.168.30.14 port 51392 ssh2", "suspicious": false, "suspicious_reason": "", "mitre_tactic": "-", "mitre_match": "-", "sysmon_event_id": "-", "sysmon_event_name": "-", "caldera_tag": "-"}
{"timestamp": "2026-04-01T12:40:01.468+0000", "agent": "wazuh-server", "agent_id": "000", "rule_id": "5501", "level": "3", "groups": "pam, syslog, authentication_success", "decoder": "pam", "location": "journald", "description": "PAM: Login session opened.", "full_log": "Apr 01 12:40:00 wazuh-server (systemd)[37792]: pam_unix(systemd-user:session): session opened for user root(uid=0) by (uid=0)", "suspicious": false, "suspicious_reason": "", "mitre_tactic": "-", "mitre_match": "-", "sysmon_event_id": "-", "sysmon_event_name": "-", "caldera_tag": "-"}
{"timestamp": "2026-04-01T12:40:01.468+0000", "agent": "wazuh-server", "agent_id": "000", "rule_id": "5501", "level": "3", "groups": "pam, syslog, authentication_success", "decoder": "pam", "location": "journald", "description": "PAM: Login session opened.", "full_log": "Apr 01 12:40:00 wazuh-server sshd[37786]: pam_unix(sshd:session): session opened for user root(uid=0) by (uid=0)", "suspicious": false, "suspicious_reason": "", "mitre_tactic": "-", "mitre_match": "-", "sysmon_event_id": "-", "sysmon_event_name": "-", "caldera_tag": "-"}
{"timestamp": "2026-04-01T12:40:04.903+0000", "agent": "caldera", "agent_id": "008", "rule_id": "52002", "level": "3", "groups": "local, syslog, apparmor", "decoder": "kernel", "location": "journald", "description": "Apparmor DENIED", "full_log": "Apr 01 10:40:32 caldera kernel: audit: type=1400 audit(1775040032.251:1660): apparmor=\"DENIED\" operation=\"open\" class=\"file\" profile=\"snap.firefox.firefox\" name=\"/proc/pressure/memory\" pid=5211 comm=\"MemoryPoller\" requested_mask=\"r\" denied_mask=\"r\" fsuid=1000 ouid=0", "suspicious": true, "suspicious_reason": "caldera:caldera, keyword:caldera", "mitre_tactic": "-", "mitre_match": "-", "sysmon_event_id": "-", "sysmon_event_name": "-", "caldera_tag": "caldera"}
{"timestamp": "2026-04-01T12:40:08.905+0000", "agent": "caldera", "agent_id": "008", "rule_id": "52002", "level": "3", "groups": "local, syslog, apparmor", "decoder": "kernel", "location": "journald", "description": "Apparmor DENIED", "full_log": "Apr 01 10:40:37 caldera kernel: audit: type=1400 audit(1775040037.378:1661): apparmor=\"DENIED\" operation=\"open\" class=\"file\" profile=\"snap.firefox.firefox\" name=\"/proc/pressure/memory\" pid=5211 comm=\"MemoryPoller\" requested_mask=\"r\" denied_mask=\"r\" fsuid=1000 ouid=0", "suspicious": true, "suspicious_reason": "caldera:caldera, keyword:caldera", "mitre_tactic": "-", "mitre_match": "-", "sysmon_event_id": "-", "sysmon_event_name": "-", "caldera_tag": "caldera"}
{"timestamp": "2026-04-01T12:40:28.916+0000", "agent": "caldera", "agent_id": "008", "rule_id": "52002", "level": "3", "groups": "local, syslog, apparmor", "decoder": "kernel", "location": "journald", "description": "Apparmor DENIED", "full_log": "Apr 01 10:40:56 caldera kernel: audit: type=1400 audit(1775040056.365:1662): apparmor=\"DENIED\" operation=\"open\" class=\"file\" profile=\"snap.firefox.firefox\" name=\"/proc/pressure/memory\" pid=5211 comm=\"MemoryPoller\" requested_mask=\"r\" denied_mask=\"r\" fsuid=1000 ouid=0", "suspicious": true, "suspicious_reason": "caldera:caldera, keyword:caldera", "mitre_tactic": "-", "mitre_match": "-", "sysmon_event_id": "-", "sysmon_event_name": "-", "caldera_tag": "caldera"}
{"timestamp": "2026-04-01T12:40:32.917+0000", "agent": "caldera", "agent_id": "008", "rule_id": "52002", "level": "3", "groups": "local, syslog, apparmor", "decoder": "kernel", "location": "journald", "description": "Apparmor DENIED", "full_log": "Apr 01 10:41:01 caldera kernel: audit: type=1400 audit(1775040061.367:1663): apparmor=\"DENIED\" operation=\"open\" class=\"file\" profile=\"snap.firefox.firefox\" name=\"/proc/pressure/memory\" pid=5211 comm=\"MemoryPoller\" requested_mask=\"r\" denied_mask=\"r\" fsuid=1000 ouid=0", "suspicious": true, "suspicious_reason": "caldera:caldera, keyword:caldera", "mitre_tactic": "-", "mitre_match": "-", "sysmon_event_id": "-", "sysmon_event_name": "-", "caldera_tag": "caldera"}
{"timestamp": "2026-04-01T12:40:37.220+0000", "agent": "desktop-orla", "agent_id": "004", "rule_id": "60118", "level": "3", "groups": "windows, windows_security, authentication_success", "decoder": "windows_eventchannel", "location": "EventChannel", "description": "Windows Workstation Logon Success", "full_log": "{\"win\":{\"system\":{\"providerName\":\"Microsoft-Windows-Security-Auditing\",\"providerGuid\":\"{54849625-5478-4994-a5ba-3e3b0328c30d}\",\"eventID\":\"4624\",\"version\":\"2\",\"level\":\"0\",\"task\":\"12544\",\"opcode\":\"0\",\"keywords\":\"0x8020000000000000\",\"systemTime\":\"2026-04-01T10:40:57.4312112Z\",\"eventRecordID\":\"17957\",\"processID\":\"692\",\"threadID\":\"8448\",\"channel\":\"Security\",\"computer\":\"desktop-orla\",\"severityValue\":\"AUDIT_SUCCESS\",\"message\":\"\\\"Accesso di un account riuscito.\\r\\n\\r\\nSoggetto:\\r\\n\\tID sicurezza:\\t\\tS-1-5-18\\r\\n\\tNome account:\\t\\tDESKTOP-ORLA$\\r\\n\\tDominio account:\\t\\tWORKGROUP\\r\\n\\tID accesso:\\t\\t0x3E7\\r\\n\\r\\nInformazioni di accesso:\\r\\n\\tTipo di accesso:\\t\\t2\\r\\n\\tModalità amministrativa limitata:\\t-\\r\\n\\tAccount virtuale:\\t\\tNo\\r\\n\\tToken elevato:\\t\\tSì\\r\\n\\r\\nLivello rappresentazione:\\t\\tRappresentazione\\r\\n\\r\\nNuovo accesso:\\r\\n\\tID sicurezza:\\t\\tS-1-5-21-2212786178-2830825557-2923496157-1001\\r\\n\\tNome account:\\t\\tIO\\r\\n\\tDominio account:\\t\\tDESKTOP-ORLA\\r\\n\\tID accesso:\\t\\t0x2CA0264\\r\\n\\tID accesso collegato:\\t\\t0x2CA0285\\r\\n\\tNome account di rete:\\t-\\r\\n\\tDominio account di rete:\\t-\\r\\n\\tGUID accesso:\\t\\t{00000000-0000-0000-0000-000000000000}\\r\\n\\r\\nInformazioni sul processo:\\r\\n\\tID processo:\\t\\t0x174\\r\\n\\tNome processo:\\t\\tC:\\\\Windows\\\\System32\\\\svchost.exe\\r\\n\\r\\nInformazioni di rete:\\r\\n\\tNome workstation:\\tDESKTOP-ORLA\\r\\n\\tIndirizzo rete di origine:\\t127.0.0.1\\r\\n\\tPorta di origine:\\t\\t0\\r\\n\\r\\nInformazioni di autenticazione dettagliate:\\r\\n\\tProcesso di accesso:\\t\\tUser32 \\r\\n\\tPacchetto di autenticazione:\\tNegotiate\\r\\n\\tServizi transitati:\\t-\\r\\n\\tNome pacchetto (solo NTLM):\\t-\\r\\n\\tLunghezza chiave:\\t\\t0\\r\\n\\r\\nQuesto evento viene generato quando viene creata una sessione di accesso. Viene generato nel computer in cui è stato effettuato l'accesso.\\r\\n\\r\\nIl campo Soggetto indica l'account nel sistema locale che ha richiesto l'accesso. Generalmente si tratta di un servizio, quale il servizio Server, o di un processo locale, ad esempio Winlogon.exe o Services.exe.\\r\\n\\r\\nIl campo Tipo di accesso indica il tipo di accesso che è stato effettuato. I tipi più comuni sono 2 (interattivo) e 3 (rete).\\r\\n\\r\\nIl campo Nuovo accesso indica l'account per il quale è stato creato il nuovo accesso, vale a dire l'account che ha effettuato l'accesso.\\r\\n\\r\\nIl campo Informazioni di rete indica l'origine della richiesta di accesso remota. Il nome della workstation non è sempre disponibile e può essere vuoto in alcuni casi.\\r\\n\\r\\nIl campo del livello di rappresentazione indica la portata della rappresentazione consentita a un processo nella sessione di accesso.\\r\\n\\r\\nIl campo Informazioni di autenticazione fornisce informazioni dettagliate sulla specifica richiesta di accesso.\\r\\n\\t- GUID accesso è un identificatore univoco che può essere utilizzato per correlare questo evento a un evento KDC.\\r\\n\\t- Servizi transitati indica quali servizi intermedi hanno partecipato alla richiesta di accesso.\\r\\n\\t- Nome pacchetto indica quale sottoprotocollo dei protocolli NTLM è stato utilizzato.\\r\\n\\t- Lunghezza chiave indica la lunghezza della chiave di sessione generata. Se non è stata richiesta alcuna chiave di sessione, la lunghezza sarà 0.\\\"\"},\"eventdata\":{\"subjectUserSid\":\"S-1-5-18\",\"subjectUserName\":\"DESKTOP-ORLA$\",\"subjectDomainName\":\"WORKGROUP\",\"subjectLogonId\":\"0x3e7\",\"targetUserSid\":\"S-1-5-21-2212786178-2830825557-2923496157-1001\",\"targetUserName\":\"IO\",\"targetDomainName\":\"DESKTOP-ORLA\",\"targetLogonId\":\"0x2ca0264\",\"logonType\":\"2\",\"logonProcessName\":\"User32\",\"authenticationPackageName\":\"Negotiate\",\"workstationName\":\"DESKTOP-ORLA\",\"logonGuid\":\"{00000000-0000-0000-0000-000000000000}\",\"keyLength\":\"0\",\"processId\":\"0x174\",\"processName\":\"C:\\\\\\\\Windows\\\\\\\\System32\\\\\\\\svchost.exe\",\"ipAddress\":\"127.0.0.1\",\"ipPort\":\"0\",\"impersonationLevel\":\"%%1833\",\"virtualAccount\":\"%%1843\",\"targetLinkedLogonId\":\"0x2ca0285\",\"elevatedToken\":\"%%1842\"}}}", "suspicious": true, "suspicious_reason": "group:windows", "mitre_tactic": "-", "mitre_match": "-", "sysmon_event_id": "-", "sysmon_event_name": "-", "caldera_tag": "-"}
{"timestamp": "2026-04-01T12:40:37.236+0000", "agent": "desktop-orla", "agent_id": "004", "rule_id": "60118", "level": "3", "groups": "windows, windows_security, authentication_success", "decoder": "windows_eventchannel", "location": "EventChannel", "description": "Windows Workstation Logon Success", "full_log": "{\"win\":{\"system\":{\"providerName\":\"Microsoft-Windows-Security-Auditing\",\"providerGuid\":\"{54849625-5478-4994-a5ba-3e3b0328c30d}\",\"eventID\":\"4624\",\"version\":\"2\",\"level\":\"0\",\"task\":\"12544\",\"opcode\":\"0\",\"keywords\":\"0x8020000000000000\",\"systemTime\":\"2026-04-01T10:40:57.4312222Z\",\"eventRecordID\":\"17958\",\"processID\":\"692\",\"threadID\":\"8448\",\"channel\":\"Security\",\"computer\":\"desktop-orla\",\"severityValue\":\"AUDIT_SUCCESS\",\"message\":\"\\\"Accesso di un account riuscito.\\r\\n\\r\\nSoggetto:\\r\\n\\tID sicurezza:\\t\\tS-1-5-18\\r\\n\\tNome account:\\t\\tDESKTOP-ORLA$\\r\\n\\tDominio account:\\t\\tWORKGROUP\\r\\n\\tID accesso:\\t\\t0x3E7\\r\\n\\r\\nInformazioni di accesso:\\r\\n\\tTipo di accesso:\\t\\t2\\r\\n\\tModalità amministrativa limitata:\\t-\\r\\n\\tAccount virtuale:\\t\\tNo\\r\\n\\tToken elevato:\\t\\tNo\\r\\n\\r\\nLivello rappresentazione:\\t\\tRappresentazione\\r\\n\\r\\nNuovo accesso:\\r\\n\\tID sicurezza:\\t\\tS-1-5-21-2212786178-2830825557-2923496157-1001\\r\\n\\tNome account:\\t\\tIO\\r\\n\\tDominio account:\\t\\tDESKTOP-ORLA\\r\\n\\tID accesso:\\t\\t0x2CA0285\\r\\n\\tID accesso collegato:\\t\\t0x2CA0264\\r\\n\\tNome account di rete:\\t-\\r\\n\\tDominio account di rete:\\t-\\r\\n\\tGUID accesso:\\t\\t{00000000-0000-0000-0000-000000000000}\\r\\n\\r\\nInformazioni sul processo:\\r\\n\\tID processo:\\t\\t0x174\\r\\n\\tNome processo:\\t\\tC:\\\\Windows\\\\System32\\\\svchost.exe\\r\\n\\r\\nInformazioni di rete:\\r\\n\\tNome workstation:\\tDESKTOP-ORLA\\r\\n\\tIndirizzo rete di origine:\\t127.0.0.1\\r\\n\\tPorta di origine:\\t\\t0\\r\\n\\r\\nInformazioni di autenticazione dettagliate:\\r\\n\\tProcesso di accesso:\\t\\tUser32 \\r\\n\\tPacchetto di autenticazione:\\tNegotiate\\r\\n\\tServizi transitati:\\t-\\r\\n\\tNome pacchetto (solo NTLM):\\t-\\r\\n\\tLunghezza chiave:\\t\\t0\\r\\n\\r\\nQuesto evento viene generato quando viene creata una sessione di accesso. Viene generato nel computer in cui è stato effettuato l'accesso.\\r\\n\\r\\nIl campo Soggetto indica l'account nel sistema locale che ha richiesto l'accesso. Generalmente si tratta di un servizio, quale il servizio Server, o di un processo locale, ad esempio Winlogon.exe o Services.exe.\\r\\n\\r\\nIl campo Tipo di accesso indica il tipo di accesso che è stato effettuato. I tipi più comuni sono 2 (interattivo) e 3 (rete).\\r\\n\\r\\nIl campo Nuovo accesso indica l'account per il quale è stato creato il nuovo accesso, vale a dire l'account che ha effettuato l'accesso.\\r\\n\\r\\nIl campo Informazioni di rete indica l'origine della richiesta di accesso remota. Il nome della workstation non è sempre disponibile e può essere vuoto in alcuni casi.\\r\\n\\r\\nIl campo del livello di rappresentazione indica la portata della rappresentazione consentita a un processo nella sessione di accesso.\\r\\n\\r\\nIl campo Informazioni di autenticazione fornisce informazioni dettagliate sulla specifica richiesta di accesso.\\r\\n\\t- GUID accesso è un identificatore univoco che può essere utilizzato per correlare questo evento a un evento KDC.\\r\\n\\t- Servizi transitati indica quali servizi intermedi hanno partecipato alla richiesta di accesso.\\r\\n\\t- Nome pacchetto indica quale sottoprotocollo dei protocolli NTLM è stato utilizzato.\\r\\n\\t- Lunghezza chiave indica la lunghezza della chiave di sessione generata. Se non è stata richiesta alcuna chiave di sessione, la lunghezza sarà 0.\\\"\"},\"eventdata\":{\"subjectUserSid\":\"S-1-5-18\",\"subjectUserName\":\"DESKTOP-ORLA$\",\"subjectDomainName\":\"WORKGROUP\",\"subjectLogonId\":\"0x3e7\",\"targetUserSid\":\"S-1-5-21-2212786178-2830825557-2923496157-1001\",\"targetUserName\":\"IO\",\"targetDomainName\":\"DESKTOP-ORLA\",\"targetLogonId\":\"0x2ca0285\",\"logonType\":\"2\",\"logonProcessName\":\"User32\",\"authenticationPackageName\":\"Negotiate\",\"workstationName\":\"DESKTOP-ORLA\",\"logonGuid\":\"{00000000-0000-0000-0000-000000000000}\",\"keyLength\":\"0\",\"processId\":\"0x174\",\"processName\":\"C:\\\\\\\\Windows\\\\\\\\System32\\\\\\\\svchost.exe\",\"ipAddress\":\"127.0.0.1\",\"ipPort\":\"0\",\"impersonationLevel\":\"%%1833\",\"virtualAccount\":\"%%1843\",\"targetLinkedLogonId\":\"0x2ca0264\",\"elevatedToken\":\"%%1843\"}}}", "suspicious": true, "suspicious_reason": "group:windows", "mitre_tactic": "-", "mitre_match": "-", "sysmon_event_id": "-", "sysmon_event_name": "-", "caldera_tag": "-"}
{"timestamp": "2026-04-01T12:40:37.237+0000", "agent": "desktop-orla", "agent_id": "004", "rule_id": "67028", "level": "3", "groups": "windows,  WEF", "decoder": "windows_eventchannel", "location": "EventChannel", "description": "Special privileges assigned to new logon.", "full_log": "{\"win\":{\"system\":{\"providerName\":\"Microsoft-Windows-Security-Auditing\",\"providerGuid\":\"{54849625-5478-4994-a5ba-3e3b0328c30d}\",\"eventID\":\"4672\",\"version\":\"0\",\"level\":\"0\",\"task\":\"12548\",\"opcode\":\"0\",\"keywords\":\"0x8020000000000000\",\"systemTime\":\"2026-04-01T10:40:57.4312270Z\",\"eventRecordID\":\"17959\",\"processID\":\"692\",\"threadID\":\"8448\",\"channel\":\"Security\",\"computer\":\"desktop-orla\",\"severityValue\":\"AUDIT_SUCCESS\",\"message\":\"\\\"Privilegi speciali assegnati a nuovo accesso.\\r\\n\\r\\nSoggetto:\\r\\n\\tID sicurezza:\\t\\tS-1-5-21-2212786178-2830825557-2923496157-1001\\r\\n\\tNome account:\\t\\tIO\\r\\n\\tDominio account:\\t\\tDESKTOP-ORLA\\r\\n\\tID accesso:\\t\\t0x2CA0264\\r\\n\\r\\nPrivilegi:\\t\\tSeSecurityPrivilege\\r\\n\\t\\t\\tSeTakeOwnershipPrivilege\\r\\n\\t\\t\\tSeLoadDriverPrivilege\\r\\n\\t\\t\\tSeBackupPrivilege\\r\\n\\t\\t\\tSeRestorePrivilege\\r\\n\\t\\t\\tSeDebugPrivilege\\r\\n\\t\\t\\tSeSystemEnvironmentPrivilege\\r\\n\\t\\t\\tSeImpersonatePrivilege\\r\\n\\t\\t\\tSeDelegateSessionUserImpersonatePrivilege\\\"\"},\"eventdata\":{\"subjectUserSid\":\"S-1-5-21-2212786178-2830825557-2923496157-1001\",\"subjectUserName\":\"IO\",\"subjectDomainName\":\"DESKTOP-ORLA\",\"subjectLogonId\":\"0x2ca0264\",\"privilegeList\":\"SeSecurityPrivilege SeTakeOwnershipPrivilege SeLoadDriverPrivilege SeBackupPrivilege SeRestorePrivilege SeDebugPrivilege SeSystemEnvironmentPrivilege SeImpersonatePrivilege SeDelegateSessionUserImpersonatePrivilege\"}}}", "suspicious": true, "suspicious_reason": "group:windows", "mitre_tactic": "-", "mitre_match": "-", "sysmon_event_id": "-", "sysmon_event_name": "-", "caldera_tag": "-"}
{"timestamp": "2026-04-01T12:40:37.246+0000", "agent": "desktop-orla", "agent_id": "004", "rule_id": "67023", "level": "3", "groups": "windows,  WEF", "decoder": "windows_eventchannel", "location": "EventChannel", "description": "Non service account logged off.", "full_log": "{\"win\":{\"system\":{\"providerName\":\"Microsoft-Windows-Security-Auditing\",\"providerGuid\":\"{54849625-5478-4994-a5ba-3e3b0328c30d}\",\"eventID\":\"4634\",\"version\":\"0\",\"level\":\"0\",\"task\":\"12545\",\"opcode\":\"0\",\"keywords\":\"0x8020000000000000\",\"systemTime\":\"2026-04-01T10:40:57.4349372Z\",\"eventRecordID\":\"17960\",\"processID\":\"692\",\"threadID\":\"1720\",\"channel\":\"Security\",\"computer\":\"desktop-orla\",\"severityValue\":\"AUDIT_SUCCESS\",\"message\":\"\\\"Un account è stato disconnesso.\\r\\n\\r\\nSoggetto:\\r\\n\\tID sicurezza:\\t\\tS-1-5-21-2212786178-2830825557-2923496157-1001\\r\\n\\tNome account:\\t\\tIO\\r\\n\\tDominio account:\\t\\tDESKTOP-ORLA\\r\\n\\tID accesso:\\t\\t0x2CA0285\\r\\n\\r\\nTipo di accesso:\\t\\t\\t2\\r\\n\\r\\nQuesto evento viene generato quando una sessione di accesso viene eliminata. Può essere correlato positivamente con un evento di accesso mediante il valore ID accesso. Gli ID di accesso sono univoci solo tra riavvii nello stesso computer.\\\"\"},\"eventdata\":{\"targetUserSid\":\"S-1-5-21-2212786178-2830825557-2923496157-1001\",\"targetUserName\":\"IO\",\"targetDomainName\":\"DESKTOP-ORLA\",\"targetLogonId\":\"0x2ca0285\",\"logonType\":\"2\"}}}", "suspicious": true, "suspicious_reason": "group:windows", "mitre_tactic": "-", "mitre_match": "-", "sysmon_event_id": "-", "sysmon_event_name": "-", "caldera_tag": "-"}
{"timestamp": "2026-04-01T12:40:37.263+0000", "agent": "desktop-orla", "agent_id": "004", "rule_id": "67023", "level": "3", "groups": "windows,  WEF", "decoder": "windows_eventchannel", "location": "EventChannel", "description": "Non service account logged off.", "full_log": "{\"win\":{\"system\":{\"providerName\":\"Microsoft-Windows-Security-Auditing\",\"providerGuid\":\"{54849625-5478-4994-a5ba-3e3b0328c30d}\",\"eventID\":\"4634\",\"version\":\"0\",\"level\":\"0\",\"task\":\"12545\",\"opcode\":\"0\",\"keywords\":\"0x8020000000000000\",\"systemTime\":\"2026-04-01T10:40:57.4369616Z\",\"eventRecordID\":\"17961\",\"processID\":\"692\",\"threadID\":\"8448\",\"channel\":\"Security\",\"computer\":\"desktop-orla\",\"severityValue\":\"AUDIT_SUCCESS\",\"message\":\"\\\"Un account è stato disconnesso.\\r\\n\\r\\nSoggetto:\\r\\n\\tID sicurezza:\\t\\tS-1-5-21-2212786178-2830825557-2923496157-1001\\r\\n\\tNome account:\\t\\tIO\\r\\n\\tDominio account:\\t\\tDESKTOP-ORLA\\r\\n\\tID accesso:\\t\\t0x2CA0264\\r\\n\\r\\nTipo di accesso:\\t\\t\\t2\\r\\n\\r\\nQuesto evento viene generato quando una sessione di accesso viene eliminata. Può essere correlato positivamente con un evento di accesso mediante il valore ID accesso. Gli ID di accesso sono univoci solo tra riavvii nello stesso computer.\\\"\"},\"eventdata\":{\"targetUserSid\":\"S-1-5-21-2212786178-2830825557-2923496157-1001\",\"targetUserName\":\"IO\",\"targetDomainName\":\"DESKTOP-ORLA\",\"targetLogonId\":\"0x2ca0264\",\"logonType\":\"2\"}}}", "suspicious": true, "suspicious_reason": "group:windows", "mitre_tactic": "-", "mitre_match": "-", "sysmon_event_id": "-", "sysmon_event_name": "-", "caldera_tag": "-"}
{"timestamp": "2026-04-01T12:40:41.638+0000", "agent": "desktop-orla", "agent_id": "004", "rule_id": "92032", "level": "3", "groups": "sysmon, sysmon_eid1_detections, windows", "decoder": "windows_eventchannel", "location": "EventChannel", "description": "Suspicious Windows cmd shell execution", "full_log": "{\"win\":{\"system\":{\"providerName\":\"Microsoft-Windows-Sysmon\",\"providerGuid\":\"{5770385f-c22a-43e0-bf4c-06f5698ffbd9}\",\"eventID\":\"1\",\"version\":\"5\",\"level\":\"4\",\"task\":\"1\",\"opcode\":\"0\",\"keywords\":\"0x8000000000000000\",\"systemTime\":\"2026-04-01T10:40:46.7390020Z\",\"eventRecordID\":\"226366\",\"processID\":\"2132\",\"threadID\":\"2152\",\"channel\":\"Microsoft-Windows-Sysmon/Operational\",\"computer\":\"desktop-orla\",\"severityValue\":\"INFORMATION\",\"message\":\"\\\"Process Create:\\r\\nRuleName: -\\r\\nUtcTime: 2026-04-01 10:40:46.736\\r\\nProcessGuid: {d9a99926-f62e-69cc-9a0f-000000000700}\\r\\nProcessId: 9264\\r\\nImage: C:\\\\Windows\\\\System32\\\\conhost.exe\\r\\nFileVersion: 10.0.19041.5198 (WinBuild.160101.0800)\\r\\nDescription: Console Window Host\\r\\nProduct: Microsoft® Windows® Operating System\\r\\nCompany: Microsoft Corporation\\r\\nOriginalFileName: CONHOST.EXE\\r\\nCommandLine: \\\\??\\\\C:\\\\Windows\\\\system32\\\\conhost.exe 0xffffffff -ForceV1\\r\\nCurrentDirectory: C:\\\\Windows\\r\\nUser: NT AUTHORITY\\\\SYSTEM\\r\\nLogonGuid: {d9a99926-4487-69c5-e703-000000000000}\\r\\nLogonId: 0x3E7\\r\\nTerminalSessionId: 0\\r\\nIntegrityLevel: System\\r\\nHashes: MD5=7850554B5C650163FC168AA08F18E343,SHA256=B02EE54FB2EC69673386D41119EE8ED083A6EAB3BFCA6AA2155D20CE68EF8963,IMPHASH=0F64302D3280DE299F4C51A78746F606\\r\\nParentProcessGuid: {d9a99926-f62e-69cc-990f-000000000700}\\r\\nParentProcessId: 7740\\r\\nParentImage: C:\\\\Windows\\\\System32\\\\cmd.exe\\r\\nParentCommandLine: C:\\\\Windows\\\\system32\\\\cmd.exe /c \\\"\\\"C:\\\\Program Files\\\\VMware\\\\VMware Tools\\\\resume-vm-default.bat\\\"\\\"\\r\\nParentUser: NT AUTHORITY\\\\SYSTEM\\\"\"},\"eventdata\":{\"utcTime\":\"2026-04-01 10:40:46.736\",\"processGuid\":\"{d9a99926-f62e-69cc-9a0f-000000000700}\",\"processId\":\"9264\",\"image\":\"C:\\\\\\\\Windows\\\\\\\\System32\\\\\\\\conhost.exe\",\"fileVersion\":\"10.0.19041.5198 (WinBuild.160101.0800)\",\"description\":\"Console Window Host\",\"product\":\"Microsoft® Windows® Operating System\",\"company\":\"Microsoft Corporation\",\"originalFileName\":\"CONHOST.EXE\",\"commandLine\":\"\\\\\\\\??\\\\\\\\C:\\\\\\\\Windows\\\\\\\\system32\\\\\\\\conhost.exe 0xffffffff -ForceV1\",\"currentDirectory\":\"C:\\\\\\\\Windows\",\"user\":\"NT AUTHORITY\\\\\\\\SYSTEM\",\"logonGuid\":\"{d9a99926-4487-69c5-e703-000000000000}\",\"logonId\":\"0x3e7\",\"terminalSessionId\":\"0\",\"integrityLevel\":\"System\",\"hashes\":\"MD5=7850554B5C650163FC168AA08F18E343,SHA256=B02EE54FB2EC69673386D41119EE8ED083A6EAB3BFCA6AA2155D20CE68EF8963,IMPHASH=0F64302D3280DE299F4C51A78746F606\",\"parentProcessGuid\":\"{d9a99926-f62e-69cc-990f-000000000700}\",\"parentProcessId\":\"7740\",\"parentImage\":\"C:\\\\\\\\Windows\\\\\\\\System32\\\\\\\\cmd.exe\",\"parentCommandLine\":\"C:\\\\\\\\Windows\\\\\\\\system32\\\\\\\\cmd.exe /c \\\\\\\"\\\\\\\"C:\\\\\\\\Program Files\\\\\\\\VMware\\\\\\\\VMware Tools\\\\\\\\resume-vm-default.bat\\\\\\\"\\\\\\\"\",\"parentUser\":\"NT AUTHORITY\\\\\\\\SYSTEM\"}}}", "suspicious": true, "suspicious_reason": "group:sysmon, group:windows, keyword:cmd.exe, keyword:sysmon, mitre:execution, sysmon:1", "mitre_tactic": "execution", "mitre_match": "cmd.exe", "sysmon_event_id": "1", "sysmon_event_name": "Process Create", "caldera_tag": "-"}
