{"timestamp": "2026-04-01T15:55:47.846+0000", "agent": "WS10", "agent_id": "005", "rule_id": "92217", "level": "6", "groups": "sysmon, sysmon_eid11_detections, windows", "decoder": "windows_eventchannel", "location": "EventChannel", "description": "Executable dropped in Windows root folder", "full_log": "{\"win\":{\"system\":{\"providerName\":\"Microsoft-Windows-Sysmon\",\"providerGuid\":\"{5770385f-c22a-43e0-bf4c-06f5698ffbd9}\",\"eventID\":\"11\",\"version\":\"2\",\"level\":\"4\",\"task\":\"11\",\"opcode\":\"0\",\"keywords\":\"0x8000000000000000\",\"systemTime\":\"2026-04-01T13:56:02.6151852Z\",\"eventRecordID\":\"399642\",\"processID\":\"7940\",\"threadID\":\"8064\",\"channel\":\"Microsoft-Windows-Sysmon/Operational\",\"computer\":\"WS10\",\"severityValue\":\"INFORMATION\",\"message\":\"\\\"File created:\\r\\nRuleName: DLL\\r\\nUtcTime: 2026-04-01 13:56:02.599\\r\\nProcessGuid: {d9a99926-23f0-69cd-380d-000000000600}\\r\\nProcessId: 7192\\r\\nImage: C:\\\\Windows\\\\System32\\\\mousocoreworker.exe\\r\\nTargetFilename: C:\\\\Windows\\\\SoftwareDistribution\\\\Download\\\\0e81198876b8eb725cd93d1816536732\\\\Metadata\\\\WinREAgent.dll\\r\\nCreationUtcTime: 2025-11-05 16:00:42.000\\r\\nUser: NT AUTHORITY\\\\SYSTEM\\\"\"},\"eventdata\":{\"ruleName\":\"DLL\",\"utcTime\":\"2026-04-01 13:56:02.599\",\"processGuid\":\"{d9a99926-23f0-69cd-380d-000000000600}\",\"processId\":\"7192\",\"image\":\"C:\\\\\\\\Windows\\\\\\\\System32\\\\\\\\mousocoreworker.exe\",\"targetFilename\":\"C:\\\\\\\\Windows\\\\\\\\SoftwareDistribution\\\\\\\\Download\\\\\\\\0e81198876b8eb725cd93d1816536732\\\\\\\\Metadata\\\\\\\\WinREAgent.dll\",\"creationUtcTime\":\"2025-11-05 16:00:42.000\",\"user\":\"NT AUTHORITY\\\\\\\\SYSTEM\"}}}", "suspicious": true, "suspicious_reason": "group:sysmon, group:windows, keyword:sysmon, level>=5, sysmon:11", "mitre_tactic": "-", "mitre_match": "-", "sysmon_event_id": "11", "sysmon_event_name": "File Create", "caldera_tag": "-"}
{"timestamp": "2026-04-01T15:56:01.342+0000", "agent": "WS10", "agent_id": "005", "rule_id": "60642", "level": "3", "groups": "windows, windows_application", "decoder": "windows_eventchannel", "location": "EventChannel", "description": "Software protection service scheduled successfully.", "full_log": "{\"win\":{\"system\":{\"providerName\":\"Microsoft-Windows-Security-SPP\",\"providerGuid\":\"{E23B33B0-C8C9-472C-A5F9-F2BDFEA0F156}\",\"eventSourceName\":\"Software Protection Platform Service\",\"eventID\":\"16384\",\"version\":\"0\",\"level\":\"4\",\"task\":\"0\",\"opcode\":\"0\",\"keywords\":\"0x80000000000000\",\"systemTime\":\"2026-04-01T13:56:32.0537768Z\",\"eventRecordID\":\"1911\",\"processID\":\"0\",\"threadID\":\"0\",\"channel\":\"Application\",\"computer\":\"WS10\",\"severityValue\":\"INFORMATION\",\"message\":\"\\\"Pianificazione del riavvio del servizio di protezione software per le ore 2026-04-02T06:56:32Z completata. Motivo: RulesEngine.\\\"\"},\"eventdata\":{\"data\":\"2026-04-02T06:56:32Z, RulesEngine\"}}}", "suspicious": true, "suspicious_reason": "group:windows", "mitre_tactic": "-", "mitre_match": "-", "sysmon_event_id": "-", "sysmon_event_name": "-", "caldera_tag": "-"}
{"timestamp": "2026-04-01T15:58:05.681+0000", "agent": "wazuh-server", "agent_id": "000", "rule_id": "535", "level": "1", "groups": "ossec", "decoder": "ossec", "location": "last -n 20", "description": "List of the last logged in users.", "full_log": "ossec: output: 'last -n 20': root pts/0 192.168.30.14 Wed Apr 1 15:44 - 15:54 (00:10) root pts/0 192.168.30.14 Wed Apr 1 15:08 - 15:10 (00:02) root pts/0 192.168.30.14 Wed Apr 1 15:03 - 15:04 (00:01) root pts/3 192.168.30.18 Wed Apr 1 14:58 - 14:58 (00:00) root pts/0 192.168.30.14 Wed Apr 1 14:51 - 14:58 (00:07) root pts/0 192.168.30.14 Wed Apr 1 12:49 - 12:59 (00:10) root pts/0 192.168.30.14 Wed Apr 1 12:27 - 12:28 (00:01) root pts/0 192.168.30.14 Wed Apr 1 12:21 - 12:23 (00:01) root pts/0 192.168.30.14 Wed Apr 1 12:18 - 12:21 (00:02) root pts/0 192.168.30.14 Wed Apr 1 12:11 - 12:14 (00:03) root pts/3 192.168.30.14 Wed Apr 1 11:42 - 11:43 (00:01) root pts/0 192.168.30.14 Wed Apr 1 11:42 - 11:43 (00:01) root pts/3 192.168.30.14 Wed Apr 1 11:23 - 11:33 (00:10) root pts/0 192.168.30.14 Wed Apr 1 11:23 - 11:34 (00:10) root pts/0 192.168.30.14 Wed Apr 1 11:13 - 11:14 (00:01) root pts/0 192.168.30.14 Wed Apr 1 11:06 - 11:09 (00:02) root pts/3 192.168.30.14 Wed Apr 1 11:02 - 11:03 (00:01) root pts/0 192.168.30.14 Wed Apr 1 11:00 - 11:03 (00:03) root pts/0 192.168.30.14 Wed Apr 1 10:46 - 10:56 (00:10) root pts/0 192.168.30.14 Wed Apr 1 10:36 - 10:45 (00:08) wtmp begins Fri Mar 13 14:46:13 2026", "suspicious": false, "suspicious_reason": "", "mitre_tactic": "-", "mitre_match": "-", "sysmon_event_id": "-", "sysmon_event_name": "-", "caldera_tag": "-"}
{"timestamp": "2026-04-01T15:59:18.611+0000", "agent": "caldera", "agent_id": "011", "rule_id": "52002", "level": "3", "groups": "local, syslog, apparmor", "decoder": "kernel", "location": "journald", "description": "Apparmor DENIED", "full_log": "Apr 01 13:59:46 caldera kernel: audit: type=1400 audit(1775051986.239:2132): apparmor=\"DENIED\" operation=\"open\" class=\"file\" profile=\"snap.firefox.firefox\" name=\"/proc/pressure/memory\" pid=5211 comm=\"MemoryPoller\" requested_mask=\"r\" denied_mask=\"r\" fsuid=1000 ouid=0", "suspicious": true, "suspicious_reason": "caldera:caldera, keyword:caldera", "mitre_tactic": "-", "mitre_match": "-", "sysmon_event_id": "-", "sysmon_event_name": "-", "caldera_tag": "caldera"}
{"timestamp": "2026-04-01T16:01:05.992+0000", "agent": "wazuh-server", "agent_id": "000", "rule_id": "5502", "level": "3", "groups": "pam, syslog", "decoder": "pam", "location": "journald", "description": "PAM: Login session closed.", "full_log": "Apr 01 16:01:05 wazuh-server sshd[39321]: pam_unix(sshd:session): session closed for user root", "suspicious": false, "suspicious_reason": "", "mitre_tactic": "-", "mitre_match": "-", "sysmon_event_id": "-", "sysmon_event_name": "-", "caldera_tag": "-"}
{"timestamp": "2026-04-01T16:02:32.315+0000", "agent": "WS10", "agent_id": "005", "rule_id": "92213", "level": "15", "groups": "sysmon, sysmon_eid11_detections, windows", "decoder": "windows_eventchannel", "location": "EventChannel", "description": "Executable file dropped in folder commonly used by malware", "full_log": "{\"win\":{\"system\":{\"providerName\":\"Microsoft-Windows-Sysmon\",\"providerGuid\":\"{5770385f-c22a-43e0-bf4c-06f5698ffbd9}\",\"eventID\":\"11\",\"version\":\"2\",\"level\":\"4\",\"task\":\"11\",\"opcode\":\"0\",\"keywords\":\"0x8000000000000000\",\"systemTime\":\"2026-04-01T14:03:02.4740532Z\",\"eventRecordID\":\"400895\",\"processID\":\"7940\",\"threadID\":\"8064\",\"channel\":\"Microsoft-Windows-Sysmon/Operational\",\"computer\":\"WS10\",\"severityValue\":\"INFORMATION\",\"message\":\"\\\"File created:\\r\\nRuleName: -\\r\\nUtcTime: 2026-04-01 14:03:02.455\\r\\nProcessGuid: {d9a99926-2596-69cd-400d-000000000600}\\r\\nProcessId: 2252\\r\\nImage: C:\\\\Windows\\\\System32\\\\WindowsPowerShell\\\\v1.0\\\\powershell.exe\\r\\nTargetFilename: C:\\\\Users\\\\Administrator\\\\AppData\\\\Local\\\\Temp\\\\__PSScriptPolicyTest_3qkfahmq.43a.ps1\\r\\nCreationUtcTime: 2026-04-01 14:03:02.455\\r\\nUser: WS10\\\\Administrator\\\"\"},\"eventdata\":{\"utcTime\":\"2026-04-01 14:03:02.455\",\"processGuid\":\"{d9a99926-2596-69cd-400d-000000000600}\",\"processId\":\"2252\",\"image\":\"C:\\\\\\\\Windows\\\\\\\\System32\\\\\\\\WindowsPowerShell\\\\\\\\v1.0\\\\\\\\powershell.exe\",\"targetFilename\":\"C:\\\\\\\\Users\\\\\\\\Administrator\\\\\\\\AppData\\\\\\\\Local\\\\\\\\Temp\\\\\\\\__PSScriptPolicyTest_3qkfahmq.43a.ps1\",\"creationUtcTime\":\"2026-04-01 14:03:02.455\",\"user\":\"WS10\\\\\\\\Administrator\"}}}", "suspicious": true, "suspicious_reason": "group:sysmon, group:windows, keyword:powershell, keyword:sysmon, level>=5, mitre:execution, sysmon:11", "mitre_tactic": "execution", "mitre_match": "powershell", "sysmon_event_id": "11", "sysmon_event_name": "File Create", "caldera_tag": "-"}
{"timestamp": "2026-04-01T16:02:35.323+0000", "agent": "WS10", "agent_id": "005", "rule_id": "202", "level": "7", "groups": "wazuh, agent_flooding", "decoder": "wazuh", "location": "wazuh-agent", "description": "Agent event queue is 90% full.", "full_log": "wazuh: Agent buffer: '90%'.", "suspicious": true, "suspicious_reason": "level>=5", "mitre_tactic": "-", "mitre_match": "-", "sysmon_event_id": "-", "sysmon_event_name": "-", "caldera_tag": "-"}
{"timestamp": "2026-04-01T16:02:35.596+0000", "agent": "WS10", "agent_id": "005", "rule_id": "203", "level": "9", "groups": "wazuh, agent_flooding", "decoder": "wazuh", "location": "wazuh-agent", "description": "Agent event queue is full. Events may be lost.", "full_log": "wazuh: Agent buffer: 'full'.", "suspicious": true, "suspicious_reason": "level>=5", "mitre_tactic": "-", "mitre_match": "-", "sysmon_event_id": "-", "sysmon_event_name": "-", "caldera_tag": "-"}
{"timestamp": "2026-04-01T16:02:36.550+0000", "agent": "desktop-orla", "agent_id": "004", "rule_id": "92213", "level": "15", "groups": "sysmon, sysmon_eid11_detections, windows", "decoder": "windows_eventchannel", "location": "EventChannel", "description": "Executable file dropped in folder commonly used by malware", "full_log": "{\"win\":{\"system\":{\"providerName\":\"Microsoft-Windows-Sysmon\",\"providerGuid\":\"{5770385f-c22a-43e0-bf4c-06f5698ffbd9}\",\"eventID\":\"11\",\"version\":\"2\",\"level\":\"4\",\"task\":\"11\",\"opcode\":\"0\",\"keywords\":\"0x8000000000000000\",\"systemTime\":\"2026-04-01T14:03:04.2633979Z\",\"eventRecordID\":\"292015\",\"processID\":\"2132\",\"threadID\":\"2152\",\"channel\":\"Microsoft-Windows-Sysmon/Operational\",\"computer\":\"desktop-orla\",\"severityValue\":\"INFORMATION\",\"message\":\"\\\"File created:\\r\\nRuleName: -\\r\\nUtcTime: 2026-04-01 14:03:04.260\\r\\nProcessGuid: {d9a99926-2598-69cd-d710-000000000700}\\r\\nProcessId: 10568\\r\\nImage: C:\\\\Windows\\\\System32\\\\WindowsPowerShell\\\\v1.0\\\\powershell.exe\\r\\nTargetFilename: C:\\\\Users\\\\IO\\\\AppData\\\\Local\\\\Temp\\\\__PSScriptPolicyTest_3uhrcb3b.i5y.ps1\\r\\nCreationUtcTime: 2026-04-01 14:03:04.260\\r\\nUser: DESKTOP-ORLA\\\\IO\\\"\"},\"eventdata\":{\"utcTime\":\"2026-04-01 14:03:04.260\",\"processGuid\":\"{d9a99926-2598-69cd-d710-000000000700}\",\"processId\":\"10568\",\"image\":\"C:\\\\\\\\Windows\\\\\\\\System32\\\\\\\\WindowsPowerShell\\\\\\\\v1.0\\\\\\\\powershell.exe\",\"targetFilename\":\"C:\\\\\\\\Users\\\\\\\\IO\\\\\\\\AppData\\\\\\\\Local\\\\\\\\Temp\\\\\\\\__PSScriptPolicyTest_3uhrcb3b.i5y.ps1\",\"creationUtcTime\":\"2026-04-01 14:03:04.260\",\"user\":\"DESKTOP-ORLA\\\\\\\\IO\"}}}", "suspicious": true, "suspicious_reason": "group:sysmon, group:windows, keyword:powershell, keyword:sysmon, level>=5, mitre:execution, sysmon:11", "mitre_tactic": "execution", "mitre_match": "powershell", "sysmon_event_id": "11", "sysmon_event_name": "File Create", "caldera_tag": "-"}
{"timestamp": "2026-04-01T16:02:40.023+0000", "agent": "WS10", "agent_id": "005", "rule_id": "92213", "level": "15", "groups": "sysmon, sysmon_eid11_detections, windows", "decoder": "windows_eventchannel", "location": "EventChannel", "description": "Executable file dropped in folder commonly used by malware", "full_log": "{\"win\":{\"system\":{\"providerName\":\"Microsoft-Windows-Sysmon\",\"providerGuid\":\"{5770385f-c22a-43e0-bf4c-06f5698ffbd9}\",\"eventID\":\"11\",\"version\":\"2\",\"level\":\"4\",\"task\":\"11\",\"opcode\":\"0\",\"keywords\":\"0x8000000000000000\",\"systemTime\":\"2026-04-01T14:03:02.9913180Z\",\"eventRecordID\":\"401348\",\"processID\":\"7940\",\"threadID\":\"8064\",\"channel\":\"Microsoft-Windows-Sysmon/Operational\",\"computer\":\"WS10\",\"severityValue\":\"INFORMATION\",\"message\":\"\\\"File created:\\r\\nRuleName: DLL\\r\\nUtcTime: 2026-04-01 14:03:02.986\\r\\nProcessGuid: {d9a99926-2596-69cd-400d-000000000600}\\r\\nProcessId: 2252\\r\\nImage: C:\\\\Windows\\\\System32\\\\WindowsPowerShell\\\\v1.0\\\\powershell.exe\\r\\nTargetFilename: C:\\\\Users\\\\Administrator\\\\AppData\\\\Local\\\\Temp\\\\o4znzitz\\\\o4znzitz.dll\\r\\nCreationUtcTime: 2026-04-01 14:03:02.986\\r\\nUser: WS10\\\\Administrator\\\"\"},\"eventdata\":{\"ruleName\":\"DLL\",\"utcTime\":\"2026-04-01 14:03:02.986\",\"processGuid\":\"{d9a99926-2596-69cd-400d-000000000600}\",\"processId\":\"2252\",\"image\":\"C:\\\\\\\\Windows\\\\\\\\System32\\\\\\\\WindowsPowerShell\\\\\\\\v1.0\\\\\\\\powershell.exe\",\"targetFilename\":\"C:\\\\\\\\Users\\\\\\\\Administrator\\\\\\\\AppData\\\\\\\\Local\\\\\\\\Temp\\\\\\\\o4znzitz\\\\\\\\o4znzitz.dll\",\"creationUtcTime\":\"2026-04-01 14:03:02.986\",\"user\":\"WS10\\\\\\\\Administrator\"}}}", "suspicious": true, "suspicious_reason": "group:sysmon, group:windows, keyword:powershell, keyword:sysmon, level>=5, mitre:execution, sysmon:11", "mitre_tactic": "execution", "mitre_match": "powershell", "sysmon_event_id": "11", "sysmon_event_name": "File Create", "caldera_tag": "-"}
{"timestamp": "2026-04-01T16:02:40.039+0000", "agent": "WS10", "agent_id": "005", "rule_id": "92213", "level": "15", "groups": "sysmon, sysmon_eid11_detections, windows", "decoder": "windows_eventchannel", "location": "EventChannel", "description": "Executable file dropped in folder commonly used by malware", "full_log": "{\"win\":{\"system\":{\"providerName\":\"Microsoft-Windows-Sysmon\",\"providerGuid\":\"{5770385f-c22a-43e0-bf4c-06f5698ffbd9}\",\"eventID\":\"11\",\"version\":\"2\",\"level\":\"4\",\"task\":\"11\",\"opcode\":\"0\",\"keywords\":\"0x8000000000000000\",\"systemTime\":\"2026-04-01T14:03:02.9923162Z\",\"eventRecordID\":\"401349\",\"processID\":\"7940\",\"threadID\":\"8064\",\"channel\":\"Microsoft-Windows-Sysmon/Operational\",\"computer\":\"WS10\",\"severityValue\":\"INFORMATION\",\"message\":\"\\\"File created:\\r\\nRuleName: -\\r\\nUtcTime: 2026-04-01 14:03:02.986\\r\\nProcessGuid: {d9a99926-2596-69cd-400d-000000000600}\\r\\nProcessId: 2252\\r\\nImage: C:\\\\Windows\\\\System32\\\\WindowsPowerShell\\\\v1.0\\\\powershell.exe\\r\\nTargetFilename: C:\\\\Users\\\\Administrator\\\\AppData\\\\Local\\\\Temp\\\\o4znzitz\\\\o4znzitz.cmdline\\r\\nCreationUtcTime: 2026-04-01 14:03:02.986\\r\\nUser: WS10\\\\Administrator\\\"\"},\"eventdata\":{\"utcTime\":\"2026-04-01 14:03:02.986\",\"processGuid\":\"{d9a99926-2596-69cd-400d-000000000600}\",\"processId\":\"2252\",\"image\":\"C:\\\\\\\\Windows\\\\\\\\System32\\\\\\\\WindowsPowerShell\\\\\\\\v1.0\\\\\\\\powershell.exe\",\"targetFilename\":\"C:\\\\\\\\Users\\\\\\\\Administrator\\\\\\\\AppData\\\\\\\\Local\\\\\\\\Temp\\\\\\\\o4znzitz\\\\\\\\o4znzitz.cmdline\",\"creationUtcTime\":\"2026-04-01 14:03:02.986\",\"user\":\"WS10\\\\\\\\Administrator\"}}}", "suspicious": true, "suspicious_reason": "group:sysmon, group:windows, keyword:powershell, keyword:sysmon, level>=5, mitre:execution, sysmon:11", "mitre_tactic": "execution", "mitre_match": "powershell", "sysmon_event_id": "11", "sysmon_event_name": "File Create", "caldera_tag": "-"}
{"timestamp": "2026-04-01T16:02:40.053+0000", "agent": "desktop-orla", "agent_id": "004", "rule_id": "202", "level": "7", "groups": "wazuh, agent_flooding", "decoder": "wazuh", "location": "wazuh-agent", "description": "Agent event queue is 90% full.", "full_log": "wazuh: Agent buffer: '90%'.", "suspicious": true, "suspicious_reason": "level>=5", "mitre_tactic": "-", "mitre_match": "-", "sysmon_event_id": "-", "sysmon_event_name": "-", "caldera_tag": "-"}
{"timestamp": "2026-04-01T16:02:40.117+0000", "agent": "WS10", "agent_id": "005", "rule_id": "92213", "level": "15", "groups": "sysmon, sysmon_eid11_detections, windows", "decoder": "windows_eventchannel", "location": "EventChannel", "description": "Executable file dropped in folder commonly used by malware", "full_log": "{\"win\":{\"system\":{\"providerName\":\"Microsoft-Windows-Sysmon\",\"providerGuid\":\"{5770385f-c22a-43e0-bf4c-06f5698ffbd9}\",\"eventID\":\"11\",\"version\":\"2\",\"level\":\"4\",\"task\":\"11\",\"opcode\":\"0\",\"keywords\":\"0x8000000000000000\",\"systemTime\":\"2026-04-01T14:03:03.2128800Z\",\"eventRecordID\":\"401352\",\"processID\":\"7940\",\"threadID\":\"8064\",\"channel\":\"Microsoft-Windows-Sysmon/Operational\",\"computer\":\"WS10\",\"severityValue\":\"INFORMATION\",\"message\":\"\\\"File created:\\r\\nRuleName: DLL\\r\\nUtcTime: 2026-04-01 14:03:03.205\\r\\nProcessGuid: {d9a99926-2596-69cd-410d-000000000600}\\r\\nProcessId: 3220\\r\\nImage: C:\\\\Windows\\\\Microsoft.NET\\\\Framework64\\\\v4.0.30319\\\\csc.exe\\r\\nTargetFilename: C:\\\\Users\\\\Administrator\\\\AppData\\\\Local\\\\Temp\\\\o4znzitz\\\\o4znzitz.dll\\r\\nCreationUtcTime: 2026-04-01 14:03:02.986\\r\\nUser: WS10\\\\Administrator\\\"\"},\"eventdata\":{\"ruleName\":\"DLL\",\"utcTime\":\"2026-04-01 14:03:03.205\",\"processGuid\":\"{d9a99926-2596-69cd-410d-000000000600}\",\"processId\":\"3220\",\"image\":\"C:\\\\\\\\Windows\\\\\\\\Microsoft.NET\\\\\\\\Framework64\\\\\\\\v4.0.30319\\\\\\\\csc.exe\",\"targetFilename\":\"C:\\\\\\\\Users\\\\\\\\Administrator\\\\\\\\AppData\\\\\\\\Local\\\\\\\\Temp\\\\\\\\o4znzitz\\\\\\\\o4znzitz.dll\",\"creationUtcTime\":\"2026-04-01 14:03:02.986\",\"user\":\"WS10\\\\\\\\Administrator\"}}}", "suspicious": true, "suspicious_reason": "group:sysmon, group:windows, keyword:sysmon, level>=5, mitre:lateral-movement, sysmon:11", "mitre_tactic": "lateral-movement", "mitre_match": "sc.exe", "sysmon_event_id": "11", "sysmon_event_name": "File Create", "caldera_tag": "-"}
{"timestamp": "2026-04-01T16:02:40.316+0000", "agent": "desktop-orla", "agent_id": "004", "rule_id": "203", "level": "9", "groups": "wazuh, agent_flooding", "decoder": "wazuh", "location": "wazuh-agent", "description": "Agent event queue is full. Events may be lost.", "full_log": "wazuh: Agent buffer: 'full'.", "suspicious": true, "suspicious_reason": "level>=5", "mitre_tactic": "-", "mitre_match": "-", "sysmon_event_id": "-", "sysmon_event_name": "-", "caldera_tag": "-"}
{"timestamp": "2026-04-01T16:02:43.209+0000", "agent": "desktop-orla", "agent_id": "004", "rule_id": "92213", "level": "15", "groups": "sysmon, sysmon_eid11_detections, windows", "decoder": "windows_eventchannel", "location": "EventChannel", "description": "Executable file dropped in folder commonly used by malware", "full_log": "{\"win\":{\"system\":{\"providerName\":\"Microsoft-Windows-Sysmon\",\"providerGuid\":\"{5770385f-c22a-43e0-bf4c-06f5698ffbd9}\",\"eventID\":\"11\",\"version\":\"2\",\"level\":\"4\",\"task\":\"11\",\"opcode\":\"0\",\"keywords\":\"0x8000000000000000\",\"systemTime\":\"2026-04-01T14:03:04.9411241Z\",\"eventRecordID\":\"292488\",\"processID\":\"2132\",\"threadID\":\"2152\",\"channel\":\"Microsoft-Windows-Sysmon/Operational\",\"computer\":\"desktop-orla\",\"severityValue\":\"INFORMATION\",\"message\":\"\\\"File created:\\r\\nRuleName: DLL\\r\\nUtcTime: 2026-04-01 14:03:04.940\\r\\nProcessGuid: {d9a99926-2598-69cd-d710-000000000700}\\r\\nProcessId: 10568\\r\\nImage: C:\\\\Windows\\\\System32\\\\WindowsPowerShell\\\\v1.0\\\\powershell.exe\\r\\nTargetFilename: C:\\\\Users\\\\IO\\\\AppData\\\\Local\\\\Temp\\\\vfooyszg\\\\vfooyszg.dll\\r\\nCreationUtcTime: 2026-04-01 14:03:04.940\\r\\nUser: DESKTOP-ORLA\\\\IO\\\"\"},\"eventdata\":{\"ruleName\":\"DLL\",\"utcTime\":\"2026-04-01 14:03:04.940\",\"processGuid\":\"{d9a99926-2598-69cd-d710-000000000700}\",\"processId\":\"10568\",\"image\":\"C:\\\\\\\\Windows\\\\\\\\System32\\\\\\\\WindowsPowerShell\\\\\\\\v1.0\\\\\\\\powershell.exe\",\"targetFilename\":\"C:\\\\\\\\Users\\\\\\\\IO\\\\\\\\AppData\\\\\\\\Local\\\\\\\\Temp\\\\\\\\vfooyszg\\\\\\\\vfooyszg.dll\",\"creationUtcTime\":\"2026-04-01 14:03:04.940\",\"user\":\"DESKTOP-ORLA\\\\\\\\IO\"}}}", "suspicious": true, "suspicious_reason": "group:sysmon, group:windows, keyword:powershell, keyword:sysmon, level>=5, mitre:execution, sysmon:11", "mitre_tactic": "execution", "mitre_match": "powershell", "sysmon_event_id": "11", "sysmon_event_name": "File Create", "caldera_tag": "-"}
{"timestamp": "2026-04-01T16:02:43.225+0000", "agent": "desktop-orla", "agent_id": "004", "rule_id": "92213", "level": "15", "groups": "sysmon, sysmon_eid11_detections, windows", "decoder": "windows_eventchannel", "location": "EventChannel", "description": "Executable file dropped in folder commonly used by malware", "full_log": "{\"win\":{\"system\":{\"providerName\":\"Microsoft-Windows-Sysmon\",\"providerGuid\":\"{5770385f-c22a-43e0-bf4c-06f5698ffbd9}\",\"eventID\":\"11\",\"version\":\"2\",\"level\":\"4\",\"task\":\"11\",\"opcode\":\"0\",\"keywords\":\"0x8000000000000000\",\"systemTime\":\"2026-04-01T14:03:04.9422815Z\",\"eventRecordID\":\"292489\",\"processID\":\"2132\",\"threadID\":\"2152\",\"channel\":\"Microsoft-Windows-Sysmon/Operational\",\"computer\":\"desktop-orla\",\"severityValue\":\"INFORMATION\",\"message\":\"\\\"File created:\\r\\nRuleName: -\\r\\nUtcTime: 2026-04-01 14:03:04.941\\r\\nProcessGuid: {d9a99926-2598-69cd-d710-000000000700}\\r\\nProcessId: 10568\\r\\nImage: C:\\\\Windows\\\\System32\\\\WindowsPowerShell\\\\v1.0\\\\powershell.exe\\r\\nTargetFilename: C:\\\\Users\\\\IO\\\\AppData\\\\Local\\\\Temp\\\\vfooyszg\\\\vfooyszg.cmdline\\r\\nCreationUtcTime: 2026-04-01 14:03:04.941\\r\\nUser: DESKTOP-ORLA\\\\IO\\\"\"},\"eventdata\":{\"utcTime\":\"2026-04-01 14:03:04.941\",\"processGuid\":\"{d9a99926-2598-69cd-d710-000000000700}\",\"processId\":\"10568\",\"image\":\"C:\\\\\\\\Windows\\\\\\\\System32\\\\\\\\WindowsPowerShell\\\\\\\\v1.0\\\\\\\\powershell.exe\",\"targetFilename\":\"C:\\\\\\\\Users\\\\\\\\IO\\\\\\\\AppData\\\\\\\\Local\\\\\\\\Temp\\\\\\\\vfooyszg\\\\\\\\vfooyszg.cmdline\",\"creationUtcTime\":\"2026-04-01 14:03:04.941\",\"user\":\"DESKTOP-ORLA\\\\\\\\IO\"}}}", "suspicious": true, "suspicious_reason": "group:sysmon, group:windows, keyword:powershell, keyword:sysmon, level>=5, mitre:execution, sysmon:11", "mitre_tactic": "execution", "mitre_match": "powershell", "sysmon_event_id": "11", "sysmon_event_name": "File Create", "caldera_tag": "-"}
{"timestamp": "2026-04-01T16:02:43.255+0000", "agent": "desktop-orla", "agent_id": "004", "rule_id": "92213", "level": "15", "groups": "sysmon, sysmon_eid11_detections, windows", "decoder": "windows_eventchannel", "location": "EventChannel", "description": "Executable file dropped in folder commonly used by malware", "full_log": "{\"win\":{\"system\":{\"providerName\":\"Microsoft-Windows-Sysmon\",\"providerGuid\":\"{5770385f-c22a-43e0-bf4c-06f5698ffbd9}\",\"eventID\":\"11\",\"version\":\"2\",\"level\":\"4\",\"task\":\"11\",\"opcode\":\"0\",\"keywords\":\"0x8000000000000000\",\"systemTime\":\"2026-04-01T14:03:05.1837880Z\",\"eventRecordID\":\"292490\",\"processID\":\"2132\",\"threadID\":\"2152\",\"channel\":\"Microsoft-Windows-Sysmon/Operational\",\"computer\":\"desktop-orla\",\"severityValue\":\"INFORMATION\",\"message\":\"\\\"File created:\\r\\nRuleName: DLL\\r\\nUtcTime: 2026-04-01 14:03:05.183\\r\\nProcessGuid: {d9a99926-2598-69cd-d810-000000000700}\\r\\nProcessId: 3360\\r\\nImage: C:\\\\Windows\\\\Microsoft.NET\\\\Framework64\\\\v4.0.30319\\\\csc.exe\\r\\nTargetFilename: C:\\\\Users\\\\IO\\\\AppData\\\\Local\\\\Temp\\\\vfooyszg\\\\vfooyszg.dll\\r\\nCreationUtcTime: 2026-04-01 14:03:04.940\\r\\nUser: DESKTOP-ORLA\\\\IO\\\"\"},\"eventdata\":{\"ruleName\":\"DLL\",\"utcTime\":\"2026-04-01 14:03:05.183\",\"processGuid\":\"{d9a99926-2598-69cd-d810-000000000700}\",\"processId\":\"3360\",\"image\":\"C:\\\\\\\\Windows\\\\\\\\Microsoft.NET\\\\\\\\Framework64\\\\\\\\v4.0.30319\\\\\\\\csc.exe\",\"targetFilename\":\"C:\\\\\\\\Users\\\\\\\\IO\\\\\\\\AppData\\\\\\\\Local\\\\\\\\Temp\\\\\\\\vfooyszg\\\\\\\\vfooyszg.dll\",\"creationUtcTime\":\"2026-04-01 14:03:04.940\",\"user\":\"DESKTOP-ORLA\\\\\\\\IO\"}}}", "suspicious": true, "suspicious_reason": "group:sysmon, group:windows, keyword:sysmon, level>=5, mitre:lateral-movement, sysmon:11", "mitre_tactic": "lateral-movement", "mitre_match": "sc.exe", "sysmon_event_id": "11", "sysmon_event_name": "File Create", "caldera_tag": "-"}
{"timestamp": "2026-04-01T16:02:47.554+0000", "agent": "WS10", "agent_id": "005", "rule_id": "92213", "level": "15", "groups": "sysmon, sysmon_eid11_detections, windows", "decoder": "windows_eventchannel", "location": "EventChannel", "description": "Executable file dropped in folder commonly used by malware", "full_log": "{\"win\":{\"system\":{\"providerName\":\"Microsoft-Windows-Sysmon\",\"providerGuid\":\"{5770385f-c22a-43e0-bf4c-06f5698ffbd9}\",\"eventID\":\"11\",\"version\":\"2\",\"level\":\"4\",\"task\":\"11\",\"opcode\":\"0\",\"keywords\":\"0x8000000000000000\",\"systemTime\":\"2026-04-01T14:03:04.1179401Z\",\"eventRecordID\":\"401776\",\"processID\":\"7940\",\"threadID\":\"8064\",\"channel\":\"Microsoft-Windows-Sysmon/Operational\",\"computer\":\"WS10\",\"severityValue\":\"INFORMATION\",\"message\":\"\\\"File created:\\r\\nRuleName: -\\r\\nUtcTime: 2026-04-01 14:03:04.111\\r\\nProcessGuid: {d9a99926-2596-69cd-400d-000000000600}\\r\\nProcessId: 2252\\r\\nImage: C:\\\\Windows\\\\System32\\\\WindowsPowerShell\\\\v1.0\\\\powershell.exe\\r\\nTargetFilename: C:\\\\Users\\\\Administrator\\\\AppData\\\\Local\\\\Temp\\\\__PSScriptPolicyTest_pda52fpm.s2b.ps1\\r\\nCreationUtcTime: 2026-04-01 14:03:04.111\\r\\nUser: WS10\\\\Administrator\\\"\"},\"eventdata\":{\"utcTime\":\"2026-04-01 14:03:04.111\",\"processGuid\":\"{d9a99926-2596-69cd-400d-000000000600}\",\"processId\":\"2252\",\"image\":\"C:\\\\\\\\Windows\\\\\\\\System32\\\\\\\\WindowsPowerShell\\\\\\\\v1.0\\\\\\\\powershell.exe\",\"targetFilename\":\"C:\\\\\\\\Users\\\\\\\\Administrator\\\\\\\\AppData\\\\\\\\Local\\\\\\\\Temp\\\\\\\\__PSScriptPolicyTest_pda52fpm.s2b.ps1\",\"creationUtcTime\":\"2026-04-01 14:03:04.111\",\"user\":\"WS10\\\\\\\\Administrator\"}}}", "suspicious": true, "suspicious_reason": "group:sysmon, group:windows, keyword:powershell, keyword:sysmon, level>=5, mitre:execution, sysmon:11", "mitre_tactic": "execution", "mitre_match": "powershell", "sysmon_event_id": "11", "sysmon_event_name": "File Create", "caldera_tag": "-"}
{"timestamp": "2026-04-01T16:02:50.286+0000", "agent": "desktop-orla", "agent_id": "004", "rule_id": "92213", "level": "15", "groups": "sysmon, sysmon_eid11_detections, windows", "decoder": "windows_eventchannel", "location": "EventChannel", "description": "Executable file dropped in folder commonly used by malware", "full_log": "{\"win\":{\"system\":{\"providerName\":\"Microsoft-Windows-Sysmon\",\"providerGuid\":\"{5770385f-c22a-43e0-bf4c-06f5698ffbd9}\",\"eventID\":\"11\",\"version\":\"2\",\"level\":\"4\",\"task\":\"11\",\"opcode\":\"0\",\"keywords\":\"0x8000000000000000\",\"systemTime\":\"2026-04-01T14:03:06.0474870Z\",\"eventRecordID\":\"292999\",\"processID\":\"2132\",\"threadID\":\"2152\",\"channel\":\"Microsoft-Windows-Sysmon/Operational\",\"computer\":\"desktop-orla\",\"severityValue\":\"INFORMATION\",\"message\":\"\\\"File created:\\r\\nRuleName: -\\r\\nUtcTime: 2026-04-01 14:03:06.046\\r\\nProcessGuid: {d9a99926-2598-69cd-d710-000000000700}\\r\\nProcessId: 10568\\r\\nImage: C:\\\\Windows\\\\System32\\\\WindowsPowerShell\\\\v1.0\\\\powershell.exe\\r\\nTargetFilename: C:\\\\Users\\\\IO\\\\AppData\\\\Local\\\\Temp\\\\__PSScriptPolicyTest_f4phzo1t.g2q.ps1\\r\\nCreationUtcTime: 2026-04-01 14:03:06.046\\r\\nUser: DESKTOP-ORLA\\\\IO\\\"\"},\"eventdata\":{\"utcTime\":\"2026-04-01 14:03:06.046\",\"processGuid\":\"{d9a99926-2598-69cd-d710-000000000700}\",\"processId\":\"10568\",\"image\":\"C:\\\\\\\\Windows\\\\\\\\System32\\\\\\\\WindowsPowerShell\\\\\\\\v1.0\\\\\\\\powershell.exe\",\"targetFilename\":\"C:\\\\\\\\Users\\\\\\\\IO\\\\\\\\AppData\\\\\\\\Local\\\\\\\\Temp\\\\\\\\__PSScriptPolicyTest_f4phzo1t.g2q.ps1\",\"creationUtcTime\":\"2026-04-01 14:03:06.046\",\"user\":\"DESKTOP-ORLA\\\\\\\\IO\"}}}", "suspicious": true, "suspicious_reason": "group:sysmon, group:windows, keyword:powershell, keyword:sysmon, level>=5, mitre:execution, sysmon:11", "mitre_tactic": "execution", "mitre_match": "powershell", "sysmon_event_id": "11", "sysmon_event_name": "File Create", "caldera_tag": "-"}
{"timestamp": "2026-04-01T16:02:52.621+0000", "agent": "WS10", "agent_id": "005", "rule_id": "204", "level": "12", "groups": "wazuh, agent_flooding", "decoder": "wazuh", "location": "wazuh-agent", "description": "Agent event queue is flooded. Check the agent configuration.", "full_log": "wazuh: Agent buffer: 'flooded'.", "suspicious": true, "suspicious_reason": "level>=5", "mitre_tactic": "-", "mitre_match": "-", "sysmon_event_id": "-", "sysmon_event_name": "-", "caldera_tag": "-"}
{"timestamp": "2026-04-01T16:03:01.396+0000", "agent": "desktop-orla", "agent_id": "004", "rule_id": "205", "level": "3", "groups": "wazuh, agent_flooding", "decoder": "wazuh", "location": "wazuh-agent", "description": "Agent event queue is back to normal load.", "full_log": "wazuh: Agent buffer: 'normal'.", "suspicious": false, "suspicious_reason": "", "mitre_tactic": "-", "mitre_match": "-", "sysmon_event_id": "-", "sysmon_event_name": "-", "caldera_tag": "-"}
{"timestamp": "2026-04-02T07:08:15.020+0000", "agent": "wazuh-server", "agent_id": "000", "rule_id": "5715", "level": "3", "groups": "syslog, sshd, authentication_success", "decoder": "sshd", "location": "journald", "description": "sshd: authentication success.", "full_log": "Apr 02 07:08:14 wazuh-server sshd[42587]: Accepted password for root from 192.168.30.14 port 11666 ssh2", "suspicious": false, "suspicious_reason": "", "mitre_tactic": "-", "mitre_match": "-", "sysmon_event_id": "-", "sysmon_event_name": "-", "caldera_tag": "-"}
{"timestamp": "2026-04-02T07:08:15.020+0000", "agent": "wazuh-server", "agent_id": "000", "rule_id": "5501", "level": "3", "groups": "pam, syslog, authentication_success", "decoder": "pam", "location": "journald", "description": "PAM: Login session opened.", "full_log": "Apr 02 07:08:14 wazuh-server sshd[42587]: pam_unix(sshd:session): session opened for user root(uid=0) by (uid=0)", "suspicious": false, "suspicious_reason": "", "mitre_tactic": "-", "mitre_match": "-", "sysmon_event_id": "-", "sysmon_event_name": "-", "caldera_tag": "-"}
{"timestamp": "2026-04-02T07:08:47.026+0000", "agent": "wazuh-server", "agent_id": "000", "rule_id": "5502", "level": "3", "groups": "pam, syslog", "decoder": "pam", "location": "journald", "description": "PAM: Login session closed.", "full_log": "Apr 02 07:08:46 wazuh-server sudo[42553]: pam_unix(sudo:session): session closed for user root", "suspicious": false, "suspicious_reason": "", "mitre_tactic": "-", "mitre_match": "-", "sysmon_event_id": "-", "sysmon_event_name": "-", "caldera_tag": "-"}
{"timestamp": "2026-04-02T07:08:47.026+0000", "agent": "wazuh-server", "agent_id": "000", "rule_id": "5502", "level": "3", "groups": "pam, syslog", "decoder": "pam", "location": "journald", "description": "PAM: Login session closed.", "full_log": "Apr 02 07:08:46 wazuh-server sshd[42537]: pam_unix(sshd:session): session closed for user root", "suspicious": false, "suspicious_reason": "", "mitre_tactic": "-", "mitre_match": "-", "sysmon_event_id": "-", "sysmon_event_name": "-", "caldera_tag": "-"}
{"timestamp": "2026-04-02T07:08:51.992+0000", "agent": "desktop-orla", "agent_id": "004", "rule_id": "504", "level": "3", "groups": "ossec", "decoder": "ossec", "location": "wazuh-monitord", "description": "Wazuh agent disconnected.", "full_log": "ossec: Agent disconnected: 'desktop-orla-any'.", "suspicious": false, "suspicious_reason": "", "mitre_tactic": "-", "mitre_match": "-", "sysmon_event_id": "-", "sysmon_event_name": "-", "caldera_tag": "-"}
{"timestamp": "2026-04-02T07:09:22.597+0000", "agent": "wazuh-server", "agent_id": "000", "rule_id": "535", "level": "1", "groups": "ossec", "decoder": "ossec", "location": "last -n 20", "description": "List of the last logged in users.", "full_log": "ossec: output: 'last -n 20': root pts/0 192.168.30.14 Thu Apr 2 07:06 - 07:08 (00:02) root pts/0 192.168.30.14 Thu Apr 2 07:02 - 07:05 (00:03) root pts/0 192.168.30.14 Thu Apr 2 06:29 - 06:30 (00:00) root pts/0 192.168.30.14 Wed Apr 1 15:44 - 15:54 (00:10) root pts/0 192.168.30.14 Wed Apr 1 15:08 - 15:10 (00:02) root pts/0 192.168.30.14 Wed Apr 1 15:03 - 15:04 (00:01) root pts/3 192.168.30.18 Wed Apr 1 14:58 - 14:58 (00:00) root pts/0 192.168.30.14 Wed Apr 1 14:51 - 14:58 (00:07) root pts/0 192.168.30.14 Wed Apr 1 12:49 - 12:59 (00:10) root pts/0 192.168.30.14 Wed Apr 1 12:27 - 12:28 (00:01) root pts/0 192.168.30.14 Wed Apr 1 12:21 - 12:23 (00:01) root pts/0 192.168.30.14 Wed Apr 1 12:18 - 12:21 (00:02) root pts/0 192.168.30.14 Wed Apr 1 12:11 - 12:14 (00:03) root pts/3 192.168.30.14 Wed Apr 1 11:42 - 11:43 (00:01) root pts/0 192.168.30.14 Wed Apr 1 11:42 - 11:43 (00:01) root pts/3 192.168.30.14 Wed Apr 1 11:23 - 11:33 (00:10) root pts/0 192.168.30.14 Wed Apr 1 11:23 - 11:34 (00:10) root pts/0 192.168.30.14 Wed Apr 1 11:13 - 11:14 (00:01) root pts/0 192.168.30.14 Wed Apr 1 11:06 - 11:09 (00:02) root pts/3 192.168.30.14 Wed Apr 1 11:02 - 11:03 (00:01) wtmp begins Fri Mar 13 14:46:13 2026", "suspicious": false, "suspicious_reason": "", "mitre_tactic": "-", "mitre_match": "-", "sysmon_event_id": "-", "sysmon_event_name": "-", "caldera_tag": "-"}
{"timestamp": "2026-04-02T07:11:56.496+0000", "agent": "WS10", "agent_id": "005", "rule_id": "92217", "level": "6", "groups": "sysmon, sysmon_eid11_detections, windows", "decoder": "windows_eventchannel", "location": "EventChannel", "description": "Executable dropped in Windows root folder", "full_log": "{\"win\":{\"system\":{\"providerName\":\"Microsoft-Windows-Sysmon\",\"providerGuid\":\"{5770385f-c22a-43e0-bf4c-06f5698ffbd9}\",\"eventID\":\"11\",\"version\":\"2\",\"level\":\"4\",\"task\":\"11\",\"opcode\":\"0\",\"keywords\":\"0x8000000000000000\",\"systemTime\":\"2026-04-02T07:11:55.0777823Z\",\"eventRecordID\":\"449364\",\"processID\":\"7940\",\"threadID\":\"8064\",\"channel\":\"Microsoft-Windows-Sysmon/Operational\",\"computer\":\"WS10\",\"severityValue\":\"INFORMATION\",\"message\":\"\\\"File created:\\r\\nRuleName: DLL\\r\\nUtcTime: 2026-04-02 07:11:54.985\\r\\nProcessGuid: {d9a99926-16ba-69ce-230e-000000000600}\\r\\nProcessId: 8256\\r\\nImage: C:\\\\Windows\\\\System32\\\\mousocoreworker.exe\\r\\nTargetFilename: C:\\\\Windows\\\\SoftwareDistribution\\\\Download\\\\0e81198876b8eb725cd93d1816536732\\\\Metadata\\\\UpdateAgent.dll\\r\\nCreationUtcTime: 2025-11-05 16:00:44.000\\r\\nUser: NT AUTHORITY\\\\SYSTEM\\\"\"},\"eventdata\":{\"ruleName\":\"DLL\",\"utcTime\":\"2026-04-02 07:11:54.985\",\"processGuid\":\"{d9a99926-16ba-69ce-230e-000000000600}\",\"processId\":\"8256\",\"image\":\"C:\\\\\\\\Windows\\\\\\\\System32\\\\\\\\mousocoreworker.exe\",\"targetFilename\":\"C:\\\\\\\\Windows\\\\\\\\SoftwareDistribution\\\\\\\\Download\\\\\\\\0e81198876b8eb725cd93d1816536732\\\\\\\\Metadata\\\\\\\\UpdateAgent.dll\",\"creationUtcTime\":\"2025-11-05 16:00:44.000\",\"user\":\"NT AUTHORITY\\\\\\\\SYSTEM\"}}}", "suspicious": true, "suspicious_reason": "group:sysmon, group:windows, keyword:sysmon, level>=5, sysmon:11", "mitre_tactic": "-", "mitre_match": "-", "sysmon_event_id": "11", "sysmon_event_name": "File Create", "caldera_tag": "-"}
{"timestamp": "2026-04-02T07:11:56.511+0000", "agent": "WS10", "agent_id": "005", "rule_id": "92217", "level": "6", "groups": "sysmon, sysmon_eid11_detections, windows", "decoder": "windows_eventchannel", "location": "EventChannel", "description": "Executable dropped in Windows root folder", "full_log": "{\"win\":{\"system\":{\"providerName\":\"Microsoft-Windows-Sysmon\",\"providerGuid\":\"{5770385f-c22a-43e0-bf4c-06f5698ffbd9}\",\"eventID\":\"11\",\"version\":\"2\",\"level\":\"4\",\"task\":\"11\",\"opcode\":\"0\",\"keywords\":\"0x8000000000000000\",\"systemTime\":\"2026-04-02T07:11:55.0779432Z\",\"eventRecordID\":\"449365\",\"processID\":\"7940\",\"threadID\":\"8064\",\"channel\":\"Microsoft-Windows-Sysmon/Operational\",\"computer\":\"WS10\",\"severityValue\":\"INFORMATION\",\"message\":\"\\\"File created:\\r\\nRuleName: DLL\\r\\nUtcTime: 2026-04-02 07:11:55.016\\r\\nProcessGuid: {d9a99926-16ba-69ce-230e-000000000600}\\r\\nProcessId: 8256\\r\\nImage: C:\\\\Windows\\\\System32\\\\mousocoreworker.exe\\r\\nTargetFilename: C:\\\\Windows\\\\SoftwareDistribution\\\\Download\\\\0e81198876b8eb725cd93d1816536732\\\\Metadata\\\\dpx.dll\\r\\nCreationUtcTime: 2025-11-05 16:00:42.000\\r\\nUser: NT AUTHORITY\\\\SYSTEM\\\"\"},\"eventdata\":{\"ruleName\":\"DLL\",\"utcTime\":\"2026-04-02 07:11:55.016\",\"processGuid\":\"{d9a99926-16ba-69ce-230e-000000000600}\",\"processId\":\"8256\",\"image\":\"C:\\\\\\\\Windows\\\\\\\\System32\\\\\\\\mousocoreworker.exe\",\"targetFilename\":\"C:\\\\\\\\Windows\\\\\\\\SoftwareDistribution\\\\\\\\Download\\\\\\\\0e81198876b8eb725cd93d1816536732\\\\\\\\Metadata\\\\\\\\dpx.dll\",\"creationUtcTime\":\"2025-11-05 16:00:42.000\",\"user\":\"NT AUTHORITY\\\\\\\\SYSTEM\"}}}", "suspicious": true, "suspicious_reason": "group:sysmon, group:windows, keyword:sysmon, level>=5, sysmon:11", "mitre_tactic": "-", "mitre_match": "-", "sysmon_event_id": "11", "sysmon_event_name": "File Create", "caldera_tag": "-"}
{"timestamp": "2026-04-02T07:11:56.527+0000", "agent": "WS10", "agent_id": "005", "rule_id": "92217", "level": "6", "groups": "sysmon, sysmon_eid11_detections, windows", "decoder": "windows_eventchannel", "location": "EventChannel", "description": "Executable dropped in Windows root folder", "full_log": "{\"win\":{\"system\":{\"providerName\":\"Microsoft-Windows-Sysmon\",\"providerGuid\":\"{5770385f-c22a-43e0-bf4c-06f5698ffbd9}\",\"eventID\":\"11\",\"version\":\"2\",\"level\":\"4\",\"task\":\"11\",\"opcode\":\"0\",\"keywords\":\"0x8000000000000000\",\"systemTime\":\"2026-04-02T07:11:55.0779750Z\",\"eventRecordID\":\"449366\",\"processID\":\"7940\",\"threadID\":\"8064\",\"channel\":\"Microsoft-Windows-Sysmon/Operational\",\"computer\":\"WS10\",\"severityValue\":\"INFORMATION\",\"message\":\"\\\"File created:\\r\\nRuleName: DLL\\r\\nUtcTime: 2026-04-02 07:11:55.016\\r\\nProcessGuid: {d9a99926-16ba-69ce-230e-000000000600}\\r\\nProcessId: 8256\\r\\nImage: C:\\\\Windows\\\\System32\\\\mousocoreworker.exe\\r\\nTargetFilename: C:\\\\Windows\\\\SoftwareDistribution\\\\Download\\\\0e81198876b8eb725cd93d1816536732\\\\Metadata\\\\Mitigation.dll\\r\\nCreationUtcTime: 2025-11-05 16:00:42.000\\r\\nUser: NT AUTHORITY\\\\SYSTEM\\\"\"},\"eventdata\":{\"ruleName\":\"DLL\",\"utcTime\":\"2026-04-02 07:11:55.016\",\"processGuid\":\"{d9a99926-16ba-69ce-230e-000000000600}\",\"processId\":\"8256\",\"image\":\"C:\\\\\\\\Windows\\\\\\\\System32\\\\\\\\mousocoreworker.exe\",\"targetFilename\":\"C:\\\\\\\\Windows\\\\\\\\SoftwareDistribution\\\\\\\\Download\\\\\\\\0e81198876b8eb725cd93d1816536732\\\\\\\\Metadata\\\\\\\\Mitigation.dll\",\"creationUtcTime\":\"2025-11-05 16:00:42.000\",\"user\":\"NT AUTHORITY\\\\\\\\SYSTEM\"}}}", "suspicious": true, "suspicious_reason": "group:sysmon, group:windows, keyword:sysmon, level>=5, sysmon:11", "mitre_tactic": "-", "mitre_match": "-", "sysmon_event_id": "11", "sysmon_event_name": "File Create", "caldera_tag": "-"}
{"timestamp": "2026-04-02T07:11:56.557+0000", "agent": "WS10", "agent_id": "005", "rule_id": "92217", "level": "6", "groups": "sysmon, sysmon_eid11_detections, windows", "decoder": "windows_eventchannel", "location": "EventChannel", "description": "Executable dropped in Windows root folder", "full_log": "{\"win\":{\"system\":{\"providerName\":\"Microsoft-Windows-Sysmon\",\"providerGuid\":\"{5770385f-c22a-43e0-bf4c-06f5698ffbd9}\",\"eventID\":\"11\",\"version\":\"2\",\"level\":\"4\",\"task\":\"11\",\"opcode\":\"0\",\"keywords\":\"0x8000000000000000\",\"systemTime\":\"2026-04-02T07:11:55.0780043Z\",\"eventRecordID\":\"449367\",\"processID\":\"7940\",\"threadID\":\"8064\",\"channel\":\"Microsoft-Windows-Sysmon/Operational\",\"computer\":\"WS10\",\"severityValue\":\"INFORMATION\",\"message\":\"\\\"File created:\\r\\nRuleName: DLL\\r\\nUtcTime: 2026-04-02 07:11:55.016\\r\\nProcessGuid: {d9a99926-16ba-69ce-230e-000000000600}\\r\\nProcessId: 8256\\r\\nImage: C:\\\\Windows\\\\System32\\\\mousocoreworker.exe\\r\\nTargetFilename: C:\\\\Windows\\\\SoftwareDistribution\\\\Download\\\\0e81198876b8eb725cd93d1816536732\\\\Metadata\\\\UAOneSettings.dll\\r\\nCreationUtcTime: 2025-11-05 16:00:42.000\\r\\nUser: NT AUTHORITY\\\\SYSTEM\\\"\"},\"eventdata\":{\"ruleName\":\"DLL\",\"utcTime\":\"2026-04-02 07:11:55.016\",\"processGuid\":\"{d9a99926-16ba-69ce-230e-000000000600}\",\"processId\":\"8256\",\"image\":\"C:\\\\\\\\Windows\\\\\\\\System32\\\\\\\\mousocoreworker.exe\",\"targetFilename\":\"C:\\\\\\\\Windows\\\\\\\\SoftwareDistribution\\\\\\\\Download\\\\\\\\0e81198876b8eb725cd93d1816536732\\\\\\\\Metadata\\\\\\\\UAOneSettings.dll\",\"creationUtcTime\":\"2025-11-05 16:00:42.000\",\"user\":\"NT AUTHORITY\\\\\\\\SYSTEM\"}}}", "suspicious": true, "suspicious_reason": "group:sysmon, group:windows, keyword:sysmon, level>=5, sysmon:11", "mitre_tactic": "-", "mitre_match": "-", "sysmon_event_id": "11", "sysmon_event_name": "File Create", "caldera_tag": "-"}
{"timestamp": "2026-04-02T07:11:56.557+0000", "agent": "WS10", "agent_id": "005", "rule_id": "92217", "level": "6", "groups": "sysmon, sysmon_eid11_detections, windows", "decoder": "windows_eventchannel", "location": "EventChannel", "description": "Executable dropped in Windows root folder", "full_log": "{\"win\":{\"system\":{\"providerName\":\"Microsoft-Windows-Sysmon\",\"providerGuid\":\"{5770385f-c22a-43e0-bf4c-06f5698ffbd9}\",\"eventID\":\"11\",\"version\":\"2\",\"level\":\"4\",\"task\":\"11\",\"opcode\":\"0\",\"keywords\":\"0x8000000000000000\",\"systemTime\":\"2026-04-02T07:11:55.0780320Z\",\"eventRecordID\":\"449368\",\"processID\":\"7940\",\"threadID\":\"8064\",\"channel\":\"Microsoft-Windows-Sysmon/Operational\",\"computer\":\"WS10\",\"severityValue\":\"INFORMATION\",\"message\":\"\\\"File created:\\r\\nRuleName: DLL\\r\\nUtcTime: 2026-04-02 07:11:55.016\\r\\nProcessGuid: {d9a99926-16ba-69ce-230e-000000000600}\\r\\nProcessId: 8256\\r\\nImage: C:\\\\Windows\\\\System32\\\\mousocoreworker.exe\\r\\nTargetFilename: C:\\\\Windows\\\\SoftwareDistribution\\\\Download\\\\0e81198876b8eb725cd93d1816536732\\\\Metadata\\\\wcp.dll\\r\\nCreationUtcTime: 2025-11-05 16:00:44.000\\r\\nUser: NT AUTHORITY\\\\SYSTEM\\\"\"},\"eventdata\":{\"ruleName\":\"DLL\",\"utcTime\":\"2026-04-02 07:11:55.016\",\"processGuid\":\"{d9a99926-16ba-69ce-230e-000000000600}\",\"processId\":\"8256\",\"image\":\"C:\\\\\\\\Windows\\\\\\\\System32\\\\\\\\mousocoreworker.exe\",\"targetFilename\":\"C:\\\\\\\\Windows\\\\\\\\SoftwareDistribution\\\\\\\\Download\\\\\\\\0e81198876b8eb725cd93d1816536732\\\\\\\\Metadata\\\\\\\\wcp.dll\",\"creationUtcTime\":\"2025-11-05 16:00:44.000\",\"user\":\"NT AUTHORITY\\\\\\\\SYSTEM\"}}}", "suspicious": true, "suspicious_reason": "group:sysmon, group:windows, keyword:sysmon, level>=5, sysmon:11", "mitre_tactic": "-", "mitre_match": "-", "sysmon_event_id": "11", "sysmon_event_name": "File Create", "caldera_tag": "-"}
{"timestamp": "2026-04-02T07:11:56.572+0000", "agent": "WS10", "agent_id": "005", "rule_id": "92217", "level": "6", "groups": "sysmon, sysmon_eid11_detections, windows", "decoder": "windows_eventchannel", "location": "EventChannel", "description": "Executable dropped in Windows root folder", "full_log": "{\"win\":{\"system\":{\"providerName\":\"Microsoft-Windows-Sysmon\",\"providerGuid\":\"{5770385f-c22a-43e0-bf4c-06f5698ffbd9}\",\"eventID\":\"11\",\"version\":\"2\",\"level\":\"4\",\"task\":\"11\",\"opcode\":\"0\",\"keywords\":\"0x8000000000000000\",\"systemTime\":\"2026-04-02T07:11:55.0780594Z\",\"eventRecordID\":\"449369\",\"processID\":\"7940\",\"threadID\":\"8064\",\"channel\":\"Microsoft-Windows-Sysmon/Operational\",\"computer\":\"WS10\",\"severityValue\":\"INFORMATION\",\"message\":\"\\\"File created:\\r\\nRuleName: DLL\\r\\nUtcTime: 2026-04-02 07:11:55.047\\r\\nProcessGuid: {d9a99926-16ba-69ce-230e-000000000600}\\r\\nProcessId: 8256\\r\\nImage: C:\\\\Windows\\\\System32\\\\mousocoreworker.exe\\r\\nTargetFilename: C:\\\\Windows\\\\SoftwareDistribution\\\\Download\\\\0e81198876b8eb725cd93d1816536732\\\\Metadata\\\\TurboStack.dll\\r\\nCreationUtcTime: 2025-11-05 16:00:42.000\\r\\nUser: NT AUTHORITY\\\\SYSTEM\\\"\"},\"eventdata\":{\"ruleName\":\"DLL\",\"utcTime\":\"2026-04-02 07:11:55.047\",\"processGuid\":\"{d9a99926-16ba-69ce-230e-000000000600}\",\"processId\":\"8256\",\"image\":\"C:\\\\\\\\Windows\\\\\\\\System32\\\\\\\\mousocoreworker.exe\",\"targetFilename\":\"C:\\\\\\\\Windows\\\\\\\\SoftwareDistribution\\\\\\\\Download\\\\\\\\0e81198876b8eb725cd93d1816536732\\\\\\\\Metadata\\\\\\\\TurboStack.dll\",\"creationUtcTime\":\"2025-11-05 16:00:42.000\",\"user\":\"NT AUTHORITY\\\\\\\\SYSTEM\"}}}", "suspicious": true, "suspicious_reason": "group:sysmon, group:windows, keyword:sysmon, level>=5, sysmon:11", "mitre_tactic": "-", "mitre_match": "-", "sysmon_event_id": "11", "sysmon_event_name": "File Create", "caldera_tag": "-"}
{"timestamp": "2026-04-02T07:11:56.603+0000", "agent": "WS10", "agent_id": "005", "rule_id": "92217", "level": "6", "groups": "sysmon, sysmon_eid11_detections, windows", "decoder": "windows_eventchannel", "location": "EventChannel", "description": "Executable dropped in Windows root folder", "full_log": "{\"win\":{\"system\":{\"providerName\":\"Microsoft-Windows-Sysmon\",\"providerGuid\":\"{5770385f-c22a-43e0-bf4c-06f5698ffbd9}\",\"eventID\":\"11\",\"version\":\"2\",\"level\":\"4\",\"task\":\"11\",\"opcode\":\"0\",\"keywords\":\"0x8000000000000000\",\"systemTime\":\"2026-04-02T07:11:55.0780870Z\",\"eventRecordID\":\"449370\",\"processID\":\"7940\",\"threadID\":\"8064\",\"channel\":\"Microsoft-Windows-Sysmon/Operational\",\"computer\":\"WS10\",\"severityValue\":\"INFORMATION\",\"message\":\"\\\"File created:\\r\\nRuleName: DLL\\r\\nUtcTime: 2026-04-02 07:11:55.062\\r\\nProcessGuid: {d9a99926-16ba-69ce-230e-000000000600}\\r\\nProcessId: 8256\\r\\nImage: C:\\\\Windows\\\\System32\\\\mousocoreworker.exe\\r\\nTargetFilename: C:\\\\Windows\\\\SoftwareDistribution\\\\Download\\\\0e81198876b8eb725cd93d1816536732\\\\Metadata\\\\ReserveManager.dll\\r\\nCreationUtcTime: 2025-11-05 16:00:42.000\\r\\nUser: NT AUTHORITY\\\\SYSTEM\\\"\"},\"eventdata\":{\"ruleName\":\"DLL\",\"utcTime\":\"2026-04-02 07:11:55.062\",\"processGuid\":\"{d9a99926-16ba-69ce-230e-000000000600}\",\"processId\":\"8256\",\"image\":\"C:\\\\\\\\Windows\\\\\\\\System32\\\\\\\\mousocoreworker.exe\",\"targetFilename\":\"C:\\\\\\\\Windows\\\\\\\\SoftwareDistribution\\\\\\\\Download\\\\\\\\0e81198876b8eb725cd93d1816536732\\\\\\\\Metadata\\\\\\\\ReserveManager.dll\",\"creationUtcTime\":\"2025-11-05 16:00:42.000\",\"user\":\"NT AUTHORITY\\\\\\\\SYSTEM\"}}}", "suspicious": true, "suspicious_reason": "group:sysmon, group:windows, keyword:sysmon, level>=5, sysmon:11", "mitre_tactic": "-", "mitre_match": "-", "sysmon_event_id": "11", "sysmon_event_name": "File Create", "caldera_tag": "-"}
{"timestamp": "2026-04-02T07:11:56.649+0000", "agent": "WS10", "agent_id": "005", "rule_id": "92217", "level": "6", "groups": "sysmon, sysmon_eid11_detections, windows", "decoder": "windows_eventchannel", "location": "EventChannel", "description": "Executable dropped in Windows root folder", "full_log": "{\"win\":{\"system\":{\"providerName\":\"Microsoft-Windows-Sysmon\",\"providerGuid\":\"{5770385f-c22a-43e0-bf4c-06f5698ffbd9}\",\"eventID\":\"11\",\"version\":\"2\",\"level\":\"4\",\"task\":\"11\",\"opcode\":\"0\",\"keywords\":\"0x8000000000000000\",\"systemTime\":\"2026-04-02T07:11:55.0781308Z\",\"eventRecordID\":\"449371\",\"processID\":\"7940\",\"threadID\":\"8064\",\"channel\":\"Microsoft-Windows-Sysmon/Operational\",\"computer\":\"WS10\",\"severityValue\":\"INFORMATION\",\"message\":\"\\\"File created:\\r\\nRuleName: DLL\\r\\nUtcTime: 2026-04-02 07:11:55.062\\r\\nProcessGuid: {d9a99926-16ba-69ce-230e-000000000600}\\r\\nProcessId: 8256\\r\\nImage: C:\\\\Windows\\\\System32\\\\mousocoreworker.exe\\r\\nTargetFilename: C:\\\\Windows\\\\SoftwareDistribution\\\\Download\\\\0e81198876b8eb725cd93d1816536732\\\\Metadata\\\\WinREAgent.dll\\r\\nCreationUtcTime: 2025-11-05 16:00:42.000\\r\\nUser: NT AUTHORITY\\\\SYSTEM\\\"\"},\"eventdata\":{\"ruleName\":\"DLL\",\"utcTime\":\"2026-04-02 07:11:55.062\",\"processGuid\":\"{d9a99926-16ba-69ce-230e-000000000600}\",\"processId\":\"8256\",\"image\":\"C:\\\\\\\\Windows\\\\\\\\System32\\\\\\\\mousocoreworker.exe\",\"targetFilename\":\"C:\\\\\\\\Windows\\\\\\\\SoftwareDistribution\\\\\\\\Download\\\\\\\\0e81198876b8eb725cd93d1816536732\\\\\\\\Metadata\\\\\\\\WinREAgent.dll\",\"creationUtcTime\":\"2025-11-05 16:00:42.000\",\"user\":\"NT AUTHORITY\\\\\\\\SYSTEM\"}}}", "suspicious": true, "suspicious_reason": "group:sysmon, group:windows, keyword:sysmon, level>=5, sysmon:11", "mitre_tactic": "-", "mitre_match": "-", "sysmon_event_id": "11", "sysmon_event_name": "File Create", "caldera_tag": "-"}
