{"timestamp": "2026-04-02T07:27:31.285+0000", "agent": "wazuh-server", "agent_id": "000", "rule_id": "1002", "level": "2", "groups": "syslog, errors", "decoder": "-", "location": "journald", "description": "Unknown problem somewhere in the system.", "full_log": "Apr 02 07:27:29 wazuh-server opensearch-dashboards[3018]: {\"type\":\"response\",\"@timestamp\":\"2026-04-02T07:27:29Z\",\"tags\":[],\"pid\":3018,\"method\":\"get\",\"statusCode\":200,\"req\":{\"url\":\"/api/saved_objects/_find?default_search_operator=AND&has_reference=%7B%22type%22%3A%22visualization%22%2C%22id%22%3A%22Wazuh-App-Overview-General-Authentication-failure%22%7D&page=1&per_page=100&search_fields=title%5E3&search_fields=description&type=augment-vis\",\"method\":\"get\",\"headers\":{\"host\":\"192.168.30.46\",\"connection\":\"keep-alive\",\"osd-version\":\"2.19.4\",\"sec-ch-ua-platform\":\"\\\"Windows\\\"\",\"user-agent\":\"Mozilla/5.0 (Windows NT 10.0; Win64; x64) AppleWebKit/537.36 (KHTML, like Gecko) Chrome/146.0.0.0 Safari/537.36 Edg/146.0.0.0\",\"sec-ch-ua\":\"\\\"Chromium\\\";v=\\\"146\\\", \\\"Not-A.Brand\\\";v=\\\"24\\\", \\\"Microsoft Edge\\\";v=\\\"146\\\"\",\"content-type\":\"application/json\",\"sec-ch-ua-mobile\":\"?0\",\"osd-xsrf\":\"osd-fetch\",\"accept\":\"*/*\",\"sec-fetch-site\":\"same-origin\",\"sec-fetch-mode\":\"cors\",\"sec-fetch-dest\":\"empty\",\"referer\":\"https://192.168.30.46/app/threat-hunting\",\"accept-encoding\":\"gzip, deflate, br, zstd\",\"accept-language\":\"it,it-IT;q=0.9,en;q=0.8,en-GB;q=0.7,en-US;q=0.6\"},\"remoteAddress\":\"192.168.30.48\",\"userAgent\":\"Mozilla/5.0 (Windows NT 10.0; Win64; x64) AppleWebKit/537.36 (KHTML, like Gecko) Chrome/146.0.0.0 Safari/537.36 Edg/146.0.0.0\",\"referer\":\"https://192.168.30.46/app/threat-hunting\"},\"res\":{\"statusCode\":200,\"responseTime\":55,\"contentLength\":9},\"message\":\"GET /api/saved_objects/_find?default_search_operator=AND&has_reference=%7B%22type%22%3A%22visualization%22%2C%22id%22%3A%22Wazuh-App-Overview-General-Authentication-failure%22%7D&page=1&per_page=100&search_fields=title%5E3&search_fields=description&type=augment-vis 200 55ms - 9.0B\"}", "suspicious": true, "suspicious_reason": "mitre:credential-access", "mitre_tactic": "credential-access", "mitre_match": "sam", "sysmon_event_id": "-", "sysmon_event_name": "-", "caldera_tag": "-"}
{"timestamp": "2026-04-02T07:27:51.426+0000", "agent": "WS10", "agent_id": "005", "rule_id": "92217", "level": "6", "groups": "sysmon, sysmon_eid11_detections, windows", "decoder": "windows_eventchannel", "location": "EventChannel", "description": "Executable dropped in Windows root folder", "full_log": "{\"win\":{\"system\":{\"providerName\":\"Microsoft-Windows-Sysmon\",\"providerGuid\":\"{5770385f-c22a-43e0-bf4c-06f5698ffbd9}\",\"eventID\":\"11\",\"version\":\"2\",\"level\":\"4\",\"task\":\"11\",\"opcode\":\"0\",\"keywords\":\"0x8000000000000000\",\"systemTime\":\"2026-04-02T07:27:50.3729388Z\",\"eventRecordID\":\"452563\",\"processID\":\"7940\",\"threadID\":\"8064\",\"channel\":\"Microsoft-Windows-Sysmon/Operational\",\"computer\":\"WS10\",\"severityValue\":\"INFORMATION\",\"message\":\"\\\"File created:\\r\\nRuleName: DLL\\r\\nUtcTime: 2026-04-02 07:27:50.371\\r\\nProcessGuid: {d9a99926-1a76-69ce-3c0e-000000000600}\\r\\nProcessId: 3852\\r\\nImage: C:\\\\Windows\\\\System32\\\\mousocoreworker.exe\\r\\nTargetFilename: C:\\\\Windows\\\\SoftwareDistribution\\\\Download\\\\0e81198876b8eb725cd93d1816536732\\\\Metadata\\\\UpdateAgent.dll\\r\\nCreationUtcTime: 2025-11-05 16:00:44.000\\r\\nUser: NT AUTHORITY\\\\SYSTEM\\\"\"},\"eventdata\":{\"ruleName\":\"DLL\",\"utcTime\":\"2026-04-02 07:27:50.371\",\"processGuid\":\"{d9a99926-1a76-69ce-3c0e-000000000600}\",\"processId\":\"3852\",\"image\":\"C:\\\\\\\\Windows\\\\\\\\System32\\\\\\\\mousocoreworker.exe\",\"targetFilename\":\"C:\\\\\\\\Windows\\\\\\\\SoftwareDistribution\\\\\\\\Download\\\\\\\\0e81198876b8eb725cd93d1816536732\\\\\\\\Metadata\\\\\\\\UpdateAgent.dll\",\"creationUtcTime\":\"2025-11-05 16:00:44.000\",\"user\":\"NT AUTHORITY\\\\\\\\SYSTEM\"}}}", "suspicious": true, "suspicious_reason": "group:sysmon, group:windows, keyword:sysmon, level>=5, sysmon:11", "mitre_tactic": "-", "mitre_match": "-", "sysmon_event_id": "11", "sysmon_event_name": "File Create", "caldera_tag": "-"}
{"timestamp": "2026-04-02T07:27:51.457+0000", "agent": "WS10", "agent_id": "005", "rule_id": "92217", "level": "6", "groups": "sysmon, sysmon_eid11_detections, windows", "decoder": "windows_eventchannel", "location": "EventChannel", "description": "Executable dropped in Windows root folder", "full_log": "{\"win\":{\"system\":{\"providerName\":\"Microsoft-Windows-Sysmon\",\"providerGuid\":\"{5770385f-c22a-43e0-bf4c-06f5698ffbd9}\",\"eventID\":\"11\",\"version\":\"2\",\"level\":\"4\",\"task\":\"11\",\"opcode\":\"0\",\"keywords\":\"0x8000000000000000\",\"systemTime\":\"2026-04-02T07:27:50.4504531Z\",\"eventRecordID\":\"452564\",\"processID\":\"7940\",\"threadID\":\"8064\",\"channel\":\"Microsoft-Windows-Sysmon/Operational\",\"computer\":\"WS10\",\"severityValue\":\"INFORMATION\",\"message\":\"\\\"File created:\\r\\nRuleName: DLL\\r\\nUtcTime: 2026-04-02 07:27:50.387\\r\\nProcessGuid: {d9a99926-1a76-69ce-3c0e-000000000600}\\r\\nProcessId: 3852\\r\\nImage: C:\\\\Windows\\\\System32\\\\mousocoreworker.exe\\r\\nTargetFilename: C:\\\\Windows\\\\SoftwareDistribution\\\\Download\\\\0e81198876b8eb725cd93d1816536732\\\\Metadata\\\\dpx.dll\\r\\nCreationUtcTime: 2025-11-05 16:00:42.000\\r\\nUser: NT AUTHORITY\\\\SYSTEM\\\"\"},\"eventdata\":{\"ruleName\":\"DLL\",\"utcTime\":\"2026-04-02 07:27:50.387\",\"processGuid\":\"{d9a99926-1a76-69ce-3c0e-000000000600}\",\"processId\":\"3852\",\"image\":\"C:\\\\\\\\Windows\\\\\\\\System32\\\\\\\\mousocoreworker.exe\",\"targetFilename\":\"C:\\\\\\\\Windows\\\\\\\\SoftwareDistribution\\\\\\\\Download\\\\\\\\0e81198876b8eb725cd93d1816536732\\\\\\\\Metadata\\\\\\\\dpx.dll\",\"creationUtcTime\":\"2025-11-05 16:00:42.000\",\"user\":\"NT AUTHORITY\\\\\\\\SYSTEM\"}}}", "suspicious": true, "suspicious_reason": "group:sysmon, group:windows, keyword:sysmon, level>=5, sysmon:11", "mitre_tactic": "-", "mitre_match": "-", "sysmon_event_id": "11", "sysmon_event_name": "File Create", "caldera_tag": "-"}
{"timestamp": "2026-04-02T07:27:51.565+0000", "agent": "WS10", "agent_id": "005", "rule_id": "92217", "level": "6", "groups": "sysmon, sysmon_eid11_detections, windows", "decoder": "windows_eventchannel", "location": "EventChannel", "description": "Executable dropped in Windows root folder", "full_log": "{\"win\":{\"system\":{\"providerName\":\"Microsoft-Windows-Sysmon\",\"providerGuid\":\"{5770385f-c22a-43e0-bf4c-06f5698ffbd9}\",\"eventID\":\"11\",\"version\":\"2\",\"level\":\"4\",\"task\":\"11\",\"opcode\":\"0\",\"keywords\":\"0x8000000000000000\",\"systemTime\":\"2026-04-02T07:27:50.4507877Z\",\"eventRecordID\":\"452569\",\"processID\":\"7940\",\"threadID\":\"8064\",\"channel\":\"Microsoft-Windows-Sysmon/Operational\",\"computer\":\"WS10\",\"severityValue\":\"INFORMATION\",\"message\":\"\\\"File created:\\r\\nRuleName: DLL\\r\\nUtcTime: 2026-04-02 07:27:50.387\\r\\nProcessGuid: {d9a99926-1a76-69ce-3c0e-000000000600}\\r\\nProcessId: 3852\\r\\nImage: C:\\\\Windows\\\\System32\\\\mousocoreworker.exe\\r\\nTargetFilename: C:\\\\Windows\\\\SoftwareDistribution\\\\Download\\\\0e81198876b8eb725cd93d1816536732\\\\Metadata\\\\Mitigation.dll\\r\\nCreationUtcTime: 2025-11-05 16:00:42.000\\r\\nUser: NT AUTHORITY\\\\SYSTEM\\\"\"},\"eventdata\":{\"ruleName\":\"DLL\",\"utcTime\":\"2026-04-02 07:27:50.387\",\"processGuid\":\"{d9a99926-1a76-69ce-3c0e-000000000600}\",\"processId\":\"3852\",\"image\":\"C:\\\\\\\\Windows\\\\\\\\System32\\\\\\\\mousocoreworker.exe\",\"targetFilename\":\"C:\\\\\\\\Windows\\\\\\\\SoftwareDistribution\\\\\\\\Download\\\\\\\\0e81198876b8eb725cd93d1816536732\\\\\\\\Metadata\\\\\\\\Mitigation.dll\",\"creationUtcTime\":\"2025-11-05 16:00:42.000\",\"user\":\"NT AUTHORITY\\\\\\\\SYSTEM\"}}}", "suspicious": true, "suspicious_reason": "group:sysmon, group:windows, keyword:sysmon, level>=5, sysmon:11", "mitre_tactic": "-", "mitre_match": "-", "sysmon_event_id": "11", "sysmon_event_name": "File Create", "caldera_tag": "-"}
{"timestamp": "2026-04-02T07:27:51.580+0000", "agent": "WS10", "agent_id": "005", "rule_id": "92217", "level": "6", "groups": "sysmon, sysmon_eid11_detections, windows", "decoder": "windows_eventchannel", "location": "EventChannel", "description": "Executable dropped in Windows root folder", "full_log": "{\"win\":{\"system\":{\"providerName\":\"Microsoft-Windows-Sysmon\",\"providerGuid\":\"{5770385f-c22a-43e0-bf4c-06f5698ffbd9}\",\"eventID\":\"11\",\"version\":\"2\",\"level\":\"4\",\"task\":\"11\",\"opcode\":\"0\",\"keywords\":\"0x8000000000000000\",\"systemTime\":\"2026-04-02T07:27:50.4508167Z\",\"eventRecordID\":\"452570\",\"processID\":\"7940\",\"threadID\":\"8064\",\"channel\":\"Microsoft-Windows-Sysmon/Operational\",\"computer\":\"WS10\",\"severityValue\":\"INFORMATION\",\"message\":\"\\\"File created:\\r\\nRuleName: DLL\\r\\nUtcTime: 2026-04-02 07:27:50.387\\r\\nProcessGuid: {d9a99926-1a76-69ce-3c0e-000000000600}\\r\\nProcessId: 3852\\r\\nImage: C:\\\\Windows\\\\System32\\\\mousocoreworker.exe\\r\\nTargetFilename: C:\\\\Windows\\\\SoftwareDistribution\\\\Download\\\\0e81198876b8eb725cd93d1816536732\\\\Metadata\\\\UAOneSettings.dll\\r\\nCreationUtcTime: 2025-11-05 16:00:42.000\\r\\nUser: NT AUTHORITY\\\\SYSTEM\\\"\"},\"eventdata\":{\"ruleName\":\"DLL\",\"utcTime\":\"2026-04-02 07:27:50.387\",\"processGuid\":\"{d9a99926-1a76-69ce-3c0e-000000000600}\",\"processId\":\"3852\",\"image\":\"C:\\\\\\\\Windows\\\\\\\\System32\\\\\\\\mousocoreworker.exe\",\"targetFilename\":\"C:\\\\\\\\Windows\\\\\\\\SoftwareDistribution\\\\\\\\Download\\\\\\\\0e81198876b8eb725cd93d1816536732\\\\\\\\Metadata\\\\\\\\UAOneSettings.dll\",\"creationUtcTime\":\"2025-11-05 16:00:42.000\",\"user\":\"NT AUTHORITY\\\\\\\\SYSTEM\"}}}", "suspicious": true, "suspicious_reason": "group:sysmon, group:windows, keyword:sysmon, level>=5, sysmon:11", "mitre_tactic": "-", "mitre_match": "-", "sysmon_event_id": "11", "sysmon_event_name": "File Create", "caldera_tag": "-"}
{"timestamp": "2026-04-02T07:27:51.596+0000", "agent": "WS10", "agent_id": "005", "rule_id": "92217", "level": "6", "groups": "sysmon, sysmon_eid11_detections, windows", "decoder": "windows_eventchannel", "location": "EventChannel", "description": "Executable dropped in Windows root folder", "full_log": "{\"win\":{\"system\":{\"providerName\":\"Microsoft-Windows-Sysmon\",\"providerGuid\":\"{5770385f-c22a-43e0-bf4c-06f5698ffbd9}\",\"eventID\":\"11\",\"version\":\"2\",\"level\":\"4\",\"task\":\"11\",\"opcode\":\"0\",\"keywords\":\"0x8000000000000000\",\"systemTime\":\"2026-04-02T07:27:50.4508434Z\",\"eventRecordID\":\"452571\",\"processID\":\"7940\",\"threadID\":\"8064\",\"channel\":\"Microsoft-Windows-Sysmon/Operational\",\"computer\":\"WS10\",\"severityValue\":\"INFORMATION\",\"message\":\"\\\"File created:\\r\\nRuleName: DLL\\r\\nUtcTime: 2026-04-02 07:27:50.403\\r\\nProcessGuid: {d9a99926-1a76-69ce-3c0e-000000000600}\\r\\nProcessId: 3852\\r\\nImage: C:\\\\Windows\\\\System32\\\\mousocoreworker.exe\\r\\nTargetFilename: C:\\\\Windows\\\\SoftwareDistribution\\\\Download\\\\0e81198876b8eb725cd93d1816536732\\\\Metadata\\\\wcp.dll\\r\\nCreationUtcTime: 2025-11-05 16:00:44.000\\r\\nUser: NT AUTHORITY\\\\SYSTEM\\\"\"},\"eventdata\":{\"ruleName\":\"DLL\",\"utcTime\":\"2026-04-02 07:27:50.403\",\"processGuid\":\"{d9a99926-1a76-69ce-3c0e-000000000600}\",\"processId\":\"3852\",\"image\":\"C:\\\\\\\\Windows\\\\\\\\System32\\\\\\\\mousocoreworker.exe\",\"targetFilename\":\"C:\\\\\\\\Windows\\\\\\\\SoftwareDistribution\\\\\\\\Download\\\\\\\\0e81198876b8eb725cd93d1816536732\\\\\\\\Metadata\\\\\\\\wcp.dll\",\"creationUtcTime\":\"2025-11-05 16:00:44.000\",\"user\":\"NT AUTHORITY\\\\\\\\SYSTEM\"}}}", "suspicious": true, "suspicious_reason": "group:sysmon, group:windows, keyword:sysmon, level>=5, sysmon:11", "mitre_tactic": "-", "mitre_match": "-", "sysmon_event_id": "11", "sysmon_event_name": "File Create", "caldera_tag": "-"}
{"timestamp": "2026-04-02T07:27:51.611+0000", "agent": "WS10", "agent_id": "005", "rule_id": "92217", "level": "6", "groups": "sysmon, sysmon_eid11_detections, windows", "decoder": "windows_eventchannel", "location": "EventChannel", "description": "Executable dropped in Windows root folder", "full_log": "{\"win\":{\"system\":{\"providerName\":\"Microsoft-Windows-Sysmon\",\"providerGuid\":\"{5770385f-c22a-43e0-bf4c-06f5698ffbd9}\",\"eventID\":\"11\",\"version\":\"2\",\"level\":\"4\",\"task\":\"11\",\"opcode\":\"0\",\"keywords\":\"0x8000000000000000\",\"systemTime\":\"2026-04-02T07:27:50.4508709Z\",\"eventRecordID\":\"452572\",\"processID\":\"7940\",\"threadID\":\"8064\",\"channel\":\"Microsoft-Windows-Sysmon/Operational\",\"computer\":\"WS10\",\"severityValue\":\"INFORMATION\",\"message\":\"\\\"File created:\\r\\nRuleName: DLL\\r\\nUtcTime: 2026-04-02 07:27:50.418\\r\\nProcessGuid: {d9a99926-1a76-69ce-3c0e-000000000600}\\r\\nProcessId: 3852\\r\\nImage: C:\\\\Windows\\\\System32\\\\mousocoreworker.exe\\r\\nTargetFilename: C:\\\\Windows\\\\SoftwareDistribution\\\\Download\\\\0e81198876b8eb725cd93d1816536732\\\\Metadata\\\\TurboStack.dll\\r\\nCreationUtcTime: 2025-11-05 16:00:42.000\\r\\nUser: NT AUTHORITY\\\\SYSTEM\\\"\"},\"eventdata\":{\"ruleName\":\"DLL\",\"utcTime\":\"2026-04-02 07:27:50.418\",\"processGuid\":\"{d9a99926-1a76-69ce-3c0e-000000000600}\",\"processId\":\"3852\",\"image\":\"C:\\\\\\\\Windows\\\\\\\\System32\\\\\\\\mousocoreworker.exe\",\"targetFilename\":\"C:\\\\\\\\Windows\\\\\\\\SoftwareDistribution\\\\\\\\Download\\\\\\\\0e81198876b8eb725cd93d1816536732\\\\\\\\Metadata\\\\\\\\TurboStack.dll\",\"creationUtcTime\":\"2025-11-05 16:00:42.000\",\"user\":\"NT AUTHORITY\\\\\\\\SYSTEM\"}}}", "suspicious": true, "suspicious_reason": "group:sysmon, group:windows, keyword:sysmon, level>=5, sysmon:11", "mitre_tactic": "-", "mitre_match": "-", "sysmon_event_id": "11", "sysmon_event_name": "File Create", "caldera_tag": "-"}
{"timestamp": "2026-04-02T07:27:51.642+0000", "agent": "WS10", "agent_id": "005", "rule_id": "92217", "level": "6", "groups": "sysmon, sysmon_eid11_detections, windows", "decoder": "windows_eventchannel", "location": "EventChannel", "description": "Executable dropped in Windows root folder", "full_log": "{\"win\":{\"system\":{\"providerName\":\"Microsoft-Windows-Sysmon\",\"providerGuid\":\"{5770385f-c22a-43e0-bf4c-06f5698ffbd9}\",\"eventID\":\"11\",\"version\":\"2\",\"level\":\"4\",\"task\":\"11\",\"opcode\":\"0\",\"keywords\":\"0x8000000000000000\",\"systemTime\":\"2026-04-02T07:27:50.4509492Z\",\"eventRecordID\":\"452573\",\"processID\":\"7940\",\"threadID\":\"8064\",\"channel\":\"Microsoft-Windows-Sysmon/Operational\",\"computer\":\"WS10\",\"severityValue\":\"INFORMATION\",\"message\":\"\\\"File created:\\r\\nRuleName: DLL\\r\\nUtcTime: 2026-04-02 07:27:50.434\\r\\nProcessGuid: {d9a99926-1a76-69ce-3c0e-000000000600}\\r\\nProcessId: 3852\\r\\nImage: C:\\\\Windows\\\\System32\\\\mousocoreworker.exe\\r\\nTargetFilename: C:\\\\Windows\\\\SoftwareDistribution\\\\Download\\\\0e81198876b8eb725cd93d1816536732\\\\Metadata\\\\ReserveManager.dll\\r\\nCreationUtcTime: 2025-11-05 16:00:42.000\\r\\nUser: NT AUTHORITY\\\\SYSTEM\\\"\"},\"eventdata\":{\"ruleName\":\"DLL\",\"utcTime\":\"2026-04-02 07:27:50.434\",\"processGuid\":\"{d9a99926-1a76-69ce-3c0e-000000000600}\",\"processId\":\"3852\",\"image\":\"C:\\\\\\\\Windows\\\\\\\\System32\\\\\\\\mousocoreworker.exe\",\"targetFilename\":\"C:\\\\\\\\Windows\\\\\\\\SoftwareDistribution\\\\\\\\Download\\\\\\\\0e81198876b8eb725cd93d1816536732\\\\\\\\Metadata\\\\\\\\ReserveManager.dll\",\"creationUtcTime\":\"2025-11-05 16:00:42.000\",\"user\":\"NT AUTHORITY\\\\\\\\SYSTEM\"}}}", "suspicious": true, "suspicious_reason": "group:sysmon, group:windows, keyword:sysmon, level>=5, sysmon:11", "mitre_tactic": "-", "mitre_match": "-", "sysmon_event_id": "11", "sysmon_event_name": "File Create", "caldera_tag": "-"}
{"timestamp": "2026-04-02T07:27:51.657+0000", "agent": "WS10", "agent_id": "005", "rule_id": "92217", "level": "6", "groups": "sysmon, sysmon_eid11_detections, windows", "decoder": "windows_eventchannel", "location": "EventChannel", "description": "Executable dropped in Windows root folder", "full_log": "{\"win\":{\"system\":{\"providerName\":\"Microsoft-Windows-Sysmon\",\"providerGuid\":\"{5770385f-c22a-43e0-bf4c-06f5698ffbd9}\",\"eventID\":\"11\",\"version\":\"2\",\"level\":\"4\",\"task\":\"11\",\"opcode\":\"0\",\"keywords\":\"0x8000000000000000\",\"systemTime\":\"2026-04-02T07:27:50.4509752Z\",\"eventRecordID\":\"452574\",\"processID\":\"7940\",\"threadID\":\"8064\",\"channel\":\"Microsoft-Windows-Sysmon/Operational\",\"computer\":\"WS10\",\"severityValue\":\"INFORMATION\",\"message\":\"\\\"File created:\\r\\nRuleName: DLL\\r\\nUtcTime: 2026-04-02 07:27:50.434\\r\\nProcessGuid: {d9a99926-1a76-69ce-3c0e-000000000600}\\r\\nProcessId: 3852\\r\\nImage: C:\\\\Windows\\\\System32\\\\mousocoreworker.exe\\r\\nTargetFilename: C:\\\\Windows\\\\SoftwareDistribution\\\\Download\\\\0e81198876b8eb725cd93d1816536732\\\\Metadata\\\\WinREAgent.dll\\r\\nCreationUtcTime: 2025-11-05 16:00:42.000\\r\\nUser: NT AUTHORITY\\\\SYSTEM\\\"\"},\"eventdata\":{\"ruleName\":\"DLL\",\"utcTime\":\"2026-04-02 07:27:50.434\",\"processGuid\":\"{d9a99926-1a76-69ce-3c0e-000000000600}\",\"processId\":\"3852\",\"image\":\"C:\\\\\\\\Windows\\\\\\\\System32\\\\\\\\mousocoreworker.exe\",\"targetFilename\":\"C:\\\\\\\\Windows\\\\\\\\SoftwareDistribution\\\\\\\\Download\\\\\\\\0e81198876b8eb725cd93d1816536732\\\\\\\\Metadata\\\\\\\\WinREAgent.dll\",\"creationUtcTime\":\"2025-11-05 16:00:42.000\",\"user\":\"NT AUTHORITY\\\\\\\\SYSTEM\"}}}", "suspicious": true, "suspicious_reason": "group:sysmon, group:windows, keyword:sysmon, level>=5, sysmon:11", "mitre_tactic": "-", "mitre_match": "-", "sysmon_event_id": "11", "sysmon_event_name": "File Create", "caldera_tag": "-"}
{"timestamp": "2026-04-02T07:27:51.672+0000", "agent": "WS10", "agent_id": "005", "rule_id": "92217", "level": "6", "groups": "sysmon, sysmon_eid11_detections, windows", "decoder": "windows_eventchannel", "location": "EventChannel", "description": "Executable dropped in Windows root folder", "full_log": "{\"win\":{\"system\":{\"providerName\":\"Microsoft-Windows-Sysmon\",\"providerGuid\":\"{5770385f-c22a-43e0-bf4c-06f5698ffbd9}\",\"eventID\":\"11\",\"version\":\"2\",\"level\":\"4\",\"task\":\"11\",\"opcode\":\"0\",\"keywords\":\"0x8000000000000000\",\"systemTime\":\"2026-04-02T07:27:50.4510179Z\",\"eventRecordID\":\"452575\",\"processID\":\"7940\",\"threadID\":\"8064\",\"channel\":\"Microsoft-Windows-Sysmon/Operational\",\"computer\":\"WS10\",\"severityValue\":\"INFORMATION\",\"message\":\"\\\"File created:\\r\\nRuleName: DLL\\r\\nUtcTime: 2026-04-02 07:27:50.434\\r\\nProcessGuid: {d9a99926-1a76-69ce-3c0e-000000000600}\\r\\nProcessId: 3852\\r\\nImage: C:\\\\Windows\\\\System32\\\\mousocoreworker.exe\\r\\nTargetFilename: C:\\\\Windows\\\\SoftwareDistribution\\\\Download\\\\0e81198876b8eb725cd93d1816536732\\\\Metadata\\\\fvereseal.dll\\r\\nCreationUtcTime: 2025-11-05 16:00:44.000\\r\\nUser: NT AUTHORITY\\\\SYSTEM\\\"\"},\"eventdata\":{\"ruleName\":\"DLL\",\"utcTime\":\"2026-04-02 07:27:50.434\",\"processGuid\":\"{d9a99926-1a76-69ce-3c0e-000000000600}\",\"processId\":\"3852\",\"image\":\"C:\\\\\\\\Windows\\\\\\\\System32\\\\\\\\mousocoreworker.exe\",\"targetFilename\":\"C:\\\\\\\\Windows\\\\\\\\SoftwareDistribution\\\\\\\\Download\\\\\\\\0e81198876b8eb725cd93d1816536732\\\\\\\\Metadata\\\\\\\\fvereseal.dll\",\"creationUtcTime\":\"2025-11-05 16:00:44.000\",\"user\":\"NT AUTHORITY\\\\\\\\SYSTEM\"}}}", "suspicious": true, "suspicious_reason": "group:sysmon, group:windows, keyword:sysmon, level>=5, sysmon:11", "mitre_tactic": "-", "mitre_match": "-", "sysmon_event_id": "11", "sysmon_event_name": "File Create", "caldera_tag": "-"}
{"timestamp": "2026-04-02T07:28:28.863+0000", "agent": "WS10", "agent_id": "005", "rule_id": "92213", "level": "15", "groups": "sysmon, sysmon_eid11_detections, windows", "decoder": "windows_eventchannel", "location": "EventChannel", "description": "Executable file dropped in folder commonly used by malware", "full_log": "{\"win\":{\"system\":{\"providerName\":\"Microsoft-Windows-Sysmon\",\"providerGuid\":\"{5770385f-c22a-43e0-bf4c-06f5698ffbd9}\",\"eventID\":\"11\",\"version\":\"2\",\"level\":\"4\",\"task\":\"11\",\"opcode\":\"0\",\"keywords\":\"0x8000000000000000\",\"systemTime\":\"2026-04-02T07:28:26.6483374Z\",\"eventRecordID\":\"452809\",\"processID\":\"7940\",\"threadID\":\"8064\",\"channel\":\"Microsoft-Windows-Sysmon/Operational\",\"computer\":\"WS10\",\"severityValue\":\"INFORMATION\",\"message\":\"\\\"File created:\\r\\nRuleName: -\\r\\nUtcTime: 2026-04-02 07:28:26.645\\r\\nProcessGuid: {d9a99926-1a9a-69ce-400e-000000000600}\\r\\nProcessId: 4900\\r\\nImage: C:\\\\Windows\\\\System32\\\\WindowsPowerShell\\\\v1.0\\\\powershell.exe\\r\\nTargetFilename: C:\\\\Users\\\\Administrator\\\\AppData\\\\Local\\\\Temp\\\\__PSScriptPolicyTest_nnvcd1st.pur.ps1\\r\\nCreationUtcTime: 2026-04-02 07:28:26.645\\r\\nUser: WS10\\\\Administrator\\\"\"},\"eventdata\":{\"utcTime\":\"2026-04-02 07:28:26.645\",\"processGuid\":\"{d9a99926-1a9a-69ce-400e-000000000600}\",\"processId\":\"4900\",\"image\":\"C:\\\\\\\\Windows\\\\\\\\System32\\\\\\\\WindowsPowerShell\\\\\\\\v1.0\\\\\\\\powershell.exe\",\"targetFilename\":\"C:\\\\\\\\Users\\\\\\\\Administrator\\\\\\\\AppData\\\\\\\\Local\\\\\\\\Temp\\\\\\\\__PSScriptPolicyTest_nnvcd1st.pur.ps1\",\"creationUtcTime\":\"2026-04-02 07:28:26.645\",\"user\":\"WS10\\\\\\\\Administrator\"}}}", "suspicious": true, "suspicious_reason": "group:sysmon, group:windows, keyword:powershell, keyword:sysmon, level>=5, mitre:execution, sysmon:11", "mitre_tactic": "execution", "mitre_match": "powershell", "sysmon_event_id": "11", "sysmon_event_name": "File Create", "caldera_tag": "-"}
{"timestamp": "2026-04-02T07:28:57.303+0000", "agent": "wazuh-server", "agent_id": "000", "rule_id": "5501", "level": "3", "groups": "pam, syslog, authentication_success", "decoder": "pam", "location": "journald", "description": "PAM: Login session opened.", "full_log": "Apr 02 07:28:55 wazuh-server sshd[42746]: pam_unix(sshd:session): session opened for user root(uid=0) by (uid=0)", "suspicious": false, "suspicious_reason": "", "mitre_tactic": "-", "mitre_match": "-", "sysmon_event_id": "-", "sysmon_event_name": "-", "caldera_tag": "-"}
{"timestamp": "2026-04-02T07:28:57.303+0000", "agent": "wazuh-server", "agent_id": "000", "rule_id": "5501", "level": "3", "groups": "pam, syslog, authentication_success", "decoder": "pam", "location": "journald", "description": "PAM: Login session opened.", "full_log": "Apr 02 07:28:56 wazuh-server sudo[42751]: pam_unix(sudo:session): session opened for user root(uid=0) by root(uid=0)", "suspicious": false, "suspicious_reason": "", "mitre_tactic": "-", "mitre_match": "-", "sysmon_event_id": "-", "sysmon_event_name": "-", "caldera_tag": "-"}
{"timestamp": "2026-04-02T07:28:57.303+0000", "agent": "wazuh-server", "agent_id": "000", "rule_id": "5402", "level": "3", "groups": "syslog, sudo", "decoder": "sudo", "location": "journald", "description": "Successful sudo to ROOT executed.", "full_log": "Apr 02 07:28:56 wazuh-server sudo[42751]: root : TTY=pts/0 ; PWD=/root ; USER=root ; COMMAND=/usr/bin/tail -n 0 -F /var/ossec/logs/alerts/alerts.json", "suspicious": false, "suspicious_reason": "", "mitre_tactic": "-", "mitre_match": "-", "sysmon_event_id": "-", "sysmon_event_name": "-", "caldera_tag": "-"}
{"timestamp": "2026-04-02T07:28:57.303+0000", "agent": "wazuh-server", "agent_id": "000", "rule_id": "5715", "level": "3", "groups": "syslog, sshd, authentication_success", "decoder": "sshd", "location": "journald", "description": "sshd: authentication success.", "full_log": "Apr 02 07:28:55 wazuh-server sshd[42746]: Accepted password for root from 192.168.30.14 port 11852 ssh2", "suspicious": false, "suspicious_reason": "", "mitre_tactic": "-", "mitre_match": "-", "sysmon_event_id": "-", "sysmon_event_name": "-", "caldera_tag": "-"}
{"timestamp": "2026-04-02T07:29:16.544+0000", "agent": "WS10", "agent_id": "005", "rule_id": "92213", "level": "15", "groups": "sysmon, sysmon_eid11_detections, windows", "decoder": "windows_eventchannel", "location": "EventChannel", "description": "Executable file dropped in folder commonly used by malware", "full_log": "{\"win\":{\"system\":{\"providerName\":\"Microsoft-Windows-Sysmon\",\"providerGuid\":\"{5770385f-c22a-43e0-bf4c-06f5698ffbd9}\",\"eventID\":\"11\",\"version\":\"2\",\"level\":\"4\",\"task\":\"11\",\"opcode\":\"0\",\"keywords\":\"0x8000000000000000\",\"systemTime\":\"2026-04-02T07:29:14.3041489Z\",\"eventRecordID\":\"453113\",\"processID\":\"7940\",\"threadID\":\"8064\",\"channel\":\"Microsoft-Windows-Sysmon/Operational\",\"computer\":\"WS10\",\"severityValue\":\"INFORMATION\",\"message\":\"\\\"File created:\\r\\nRuleName: -\\r\\nUtcTime: 2026-04-02 07:29:14.295\\r\\nProcessGuid: {d9a99926-1aca-69ce-410e-000000000600}\\r\\nProcessId: 8212\\r\\nImage: C:\\\\Windows\\\\System32\\\\WindowsPowerShell\\\\v1.0\\\\powershell.exe\\r\\nTargetFilename: C:\\\\Users\\\\Administrator\\\\AppData\\\\Local\\\\Temp\\\\__PSScriptPolicyTest_nvmonmsz.2th.ps1\\r\\nCreationUtcTime: 2026-04-02 07:29:14.295\\r\\nUser: WS10\\\\Administrator\\\"\"},\"eventdata\":{\"utcTime\":\"2026-04-02 07:29:14.295\",\"processGuid\":\"{d9a99926-1aca-69ce-410e-000000000600}\",\"processId\":\"8212\",\"image\":\"C:\\\\\\\\Windows\\\\\\\\System32\\\\\\\\WindowsPowerShell\\\\\\\\v1.0\\\\\\\\powershell.exe\",\"targetFilename\":\"C:\\\\\\\\Users\\\\\\\\Administrator\\\\\\\\AppData\\\\\\\\Local\\\\\\\\Temp\\\\\\\\__PSScriptPolicyTest_nvmonmsz.2th.ps1\",\"creationUtcTime\":\"2026-04-02 07:29:14.295\",\"user\":\"WS10\\\\\\\\Administrator\"}}}", "suspicious": true, "suspicious_reason": "group:sysmon, group:windows, keyword:powershell, keyword:sysmon, level>=5, mitre:execution, sysmon:11", "mitre_tactic": "execution", "mitre_match": "powershell", "sysmon_event_id": "11", "sysmon_event_name": "File Create", "caldera_tag": "-"}
{"timestamp": "2026-04-02T07:29:18.158+0000", "agent": "WS10", "agent_id": "005", "rule_id": "92203", "level": "6", "groups": "sysmon, sysmon_eid11_detections, windows", "decoder": "windows_eventchannel", "location": "EventChannel", "description": "Executable file created by powershell: C:\\\\Users\\\\Administrator\\\\Downloads\\\\PowerShellCore.msi", "full_log": "{\"win\":{\"system\":{\"providerName\":\"Microsoft-Windows-Sysmon\",\"providerGuid\":\"{5770385f-c22a-43e0-bf4c-06f5698ffbd9}\",\"eventID\":\"11\",\"version\":\"2\",\"level\":\"4\",\"task\":\"11\",\"opcode\":\"0\",\"keywords\":\"0x8000000000000000\",\"systemTime\":\"2026-04-02T07:29:14.4534516Z\",\"eventRecordID\":\"453211\",\"processID\":\"7940\",\"threadID\":\"8064\",\"channel\":\"Microsoft-Windows-Sysmon/Operational\",\"computer\":\"WS10\",\"severityValue\":\"INFORMATION\",\"message\":\"\\\"File created:\\r\\nRuleName: Downloads\\r\\nUtcTime: 2026-04-02 07:29:14.453\\r\\nProcessGuid: {d9a99926-1aca-69ce-410e-000000000600}\\r\\nProcessId: 8212\\r\\nImage: C:\\\\Windows\\\\System32\\\\WindowsPowerShell\\\\v1.0\\\\powershell.exe\\r\\nTargetFilename: C:\\\\Users\\\\Administrator\\\\Downloads\\\\PowerShellCore.msi\\r\\nCreationUtcTime: 2026-04-02 07:29:14.439\\r\\nUser: WS10\\\\Administrator\\\"\"},\"eventdata\":{\"ruleName\":\"Downloads\",\"utcTime\":\"2026-04-02 07:29:14.453\",\"processGuid\":\"{d9a99926-1aca-69ce-410e-000000000600}\",\"processId\":\"8212\",\"image\":\"C:\\\\\\\\Windows\\\\\\\\System32\\\\\\\\WindowsPowerShell\\\\\\\\v1.0\\\\\\\\powershell.exe\",\"targetFilename\":\"C:\\\\\\\\Users\\\\\\\\Administrator\\\\\\\\Downloads\\\\\\\\PowerShellCore.msi\",\"creationUtcTime\":\"2026-04-02 07:29:14.439\",\"user\":\"WS10\\\\\\\\Administrator\"}}}", "suspicious": true, "suspicious_reason": "group:sysmon, group:windows, keyword:powershell, keyword:sysmon, level>=5, mitre:execution, sysmon:11", "mitre_tactic": "execution", "mitre_match": "powershell", "sysmon_event_id": "11", "sysmon_event_name": "File Create", "caldera_tag": "-"}
{"timestamp": "2026-04-02T07:29:18.758+0000", "agent": "WS10", "agent_id": "005", "rule_id": "60610", "level": "3", "groups": "windows, windows_application", "decoder": "windows_eventchannel", "location": "EventChannel", "description": "Windows installer began an installation process.", "full_log": "{\"win\":{\"system\":{\"providerName\":\"MsiInstaller\",\"eventID\":\"1040\",\"version\":\"0\",\"level\":\"4\",\"task\":\"0\",\"opcode\":\"0\",\"keywords\":\"0x80000000000000\",\"systemTime\":\"2026-04-02T07:29:14.7789546Z\",\"eventRecordID\":\"1936\",\"processID\":\"0\",\"threadID\":\"0\",\"channel\":\"Application\",\"computer\":\"WS10\",\"severityValue\":\"INFORMATION\",\"message\":\"\\\"Inizio di una transazione di Windows Installer in corso: C:\\\\Users\\\\Administrator\\\\Downloads\\\\PowerShellCore.msi. ID processo client: 2752.\\\"\"},\"eventdata\":{\"data\":\"C:\\\\\\\\Users\\\\\\\\Administrator\\\\\\\\Downloads\\\\\\\\PowerShellCore.msi, 2752\"}}}", "suspicious": true, "suspicious_reason": "group:windows, keyword:powershell, mitre:execution", "mitre_tactic": "execution", "mitre_match": "powershell", "sysmon_event_id": "-", "sysmon_event_name": "-", "caldera_tag": "-"}
{"timestamp": "2026-04-02T07:29:20.406+0000", "agent": "WS10", "agent_id": "005", "rule_id": "92200", "level": "6", "groups": "sysmon, sysmon_eid11_detections, windows", "decoder": "windows_eventchannel", "location": "EventChannel", "description": "Scripting file created under Windows Temp or User folder", "full_log": "{\"win\":{\"system\":{\"providerName\":\"Microsoft-Windows-Sysmon\",\"providerGuid\":\"{5770385f-c22a-43e0-bf4c-06f5698ffbd9}\",\"eventID\":\"11\",\"version\":\"2\",\"level\":\"4\",\"task\":\"11\",\"opcode\":\"0\",\"keywords\":\"0x8000000000000000\",\"systemTime\":\"2026-04-02T07:29:20.3238428Z\",\"eventRecordID\":\"453274\",\"processID\":\"7940\",\"threadID\":\"8064\",\"channel\":\"Microsoft-Windows-Sysmon/Operational\",\"computer\":\"WS10\",\"severityValue\":\"INFORMATION\",\"message\":\"\\\"File created:\\r\\nRuleName: Downloads\\r\\nUtcTime: 2026-04-02 07:29:20.323\\r\\nProcessGuid: {d9a99926-2156-69cd-0b0b-000000000600}\\r\\nProcessId: 6676\\r\\nImage: C:\\\\Users\\\\Public\\\\splunkd.exe\\r\\nTargetFilename: C:\\\\Users\\\\Administrator\\\\Downloads\\\\powerview.ps1\\r\\nCreationUtcTime: 2026-04-02 07:29:20.323\\r\\nUser: WS10\\\\Administrator\\\"\"},\"eventdata\":{\"ruleName\":\"Downloads\",\"utcTime\":\"2026-04-02 07:29:20.323\",\"processGuid\":\"{d9a99926-2156-69cd-0b0b-000000000600}\",\"processId\":\"6676\",\"image\":\"C:\\\\\\\\Users\\\\\\\\Public\\\\\\\\splunkd.exe\",\"targetFilename\":\"C:\\\\\\\\Users\\\\\\\\Administrator\\\\\\\\Downloads\\\\\\\\powerview.ps1\",\"creationUtcTime\":\"2026-04-02 07:29:20.323\",\"user\":\"WS10\\\\\\\\Administrator\"}}}", "suspicious": true, "suspicious_reason": "caldera:splunkd, group:sysmon, group:windows, keyword:sysmon, level>=5, sysmon:11", "mitre_tactic": "-", "mitre_match": "-", "sysmon_event_id": "11", "sysmon_event_name": "File Create", "caldera_tag": "splunkd"}
{"timestamp": "2026-04-02T07:29:22.788+0000", "agent": "WS10", "agent_id": "005", "rule_id": "92213", "level": "15", "groups": "sysmon, sysmon_eid11_detections, windows", "decoder": "windows_eventchannel", "location": "EventChannel", "description": "Executable file dropped in folder commonly used by malware", "full_log": "{\"win\":{\"system\":{\"providerName\":\"Microsoft-Windows-Sysmon\",\"providerGuid\":\"{5770385f-c22a-43e0-bf4c-06f5698ffbd9}\",\"eventID\":\"11\",\"version\":\"2\",\"level\":\"4\",\"task\":\"11\",\"opcode\":\"0\",\"keywords\":\"0x8000000000000000\",\"systemTime\":\"2026-04-02T07:29:20.3948331Z\",\"eventRecordID\":\"453400\",\"processID\":\"7940\",\"threadID\":\"8064\",\"channel\":\"Microsoft-Windows-Sysmon/Operational\",\"computer\":\"WS10\",\"severityValue\":\"INFORMATION\",\"message\":\"\\\"File created:\\r\\nRuleName: -\\r\\nUtcTime: 2026-04-02 07:29:20.387\\r\\nProcessGuid: {d9a99926-1ad0-69ce-440e-000000000600}\\r\\nProcessId: 7188\\r\\nImage: C:\\\\Windows\\\\System32\\\\WindowsPowerShell\\\\v1.0\\\\powershell.exe\\r\\nTargetFilename: C:\\\\Users\\\\Administrator\\\\AppData\\\\Local\\\\Temp\\\\__PSScriptPolicyTest_zqjgiwnl.old.ps1\\r\\nCreationUtcTime: 2026-04-02 07:29:20.387\\r\\nUser: WS10\\\\Administrator\\\"\"},\"eventdata\":{\"utcTime\":\"2026-04-02 07:29:20.387\",\"processGuid\":\"{d9a99926-1ad0-69ce-440e-000000000600}\",\"processId\":\"7188\",\"image\":\"C:\\\\\\\\Windows\\\\\\\\System32\\\\\\\\WindowsPowerShell\\\\\\\\v1.0\\\\\\\\powershell.exe\",\"targetFilename\":\"C:\\\\\\\\Users\\\\\\\\Administrator\\\\\\\\AppData\\\\\\\\Local\\\\\\\\Temp\\\\\\\\__PSScriptPolicyTest_zqjgiwnl.old.ps1\",\"creationUtcTime\":\"2026-04-02 07:29:20.387\",\"user\":\"WS10\\\\\\\\Administrator\"}}}", "suspicious": true, "suspicious_reason": "group:sysmon, group:windows, keyword:powershell, keyword:sysmon, level>=5, mitre:execution, sysmon:11", "mitre_tactic": "execution", "mitre_match": "powershell", "sysmon_event_id": "11", "sysmon_event_name": "File Create", "caldera_tag": "-"}
{"timestamp": "2026-04-02T07:30:15.771+0000", "agent": "WS10", "agent_id": "005", "rule_id": "92213", "level": "15", "groups": "sysmon, sysmon_eid11_detections, windows", "decoder": "windows_eventchannel", "location": "EventChannel", "description": "Executable file dropped in folder commonly used by malware", "full_log": "{\"win\":{\"system\":{\"providerName\":\"Microsoft-Windows-Sysmon\",\"providerGuid\":\"{5770385f-c22a-43e0-bf4c-06f5698ffbd9}\",\"eventID\":\"11\",\"version\":\"2\",\"level\":\"4\",\"task\":\"11\",\"opcode\":\"0\",\"keywords\":\"0x8000000000000000\",\"systemTime\":\"2026-04-02T07:30:13.5859696Z\",\"eventRecordID\":\"453678\",\"processID\":\"7940\",\"threadID\":\"8064\",\"channel\":\"Microsoft-Windows-Sysmon/Operational\",\"computer\":\"WS10\",\"severityValue\":\"INFORMATION\",\"message\":\"\\\"File created:\\r\\nRuleName: -\\r\\nUtcTime: 2026-04-02 07:30:13.577\\r\\nProcessGuid: {d9a99926-1b05-69ce-470e-000000000600}\\r\\nProcessId: 6504\\r\\nImage: C:\\\\Windows\\\\System32\\\\WindowsPowerShell\\\\v1.0\\\\powershell.exe\\r\\nTargetFilename: C:\\\\Users\\\\Administrator\\\\AppData\\\\Local\\\\Temp\\\\__PSScriptPolicyTest_4t25wq5z.t24.ps1\\r\\nCreationUtcTime: 2026-04-02 07:30:13.577\\r\\nUser: WS10\\\\Administrator\\\"\"},\"eventdata\":{\"utcTime\":\"2026-04-02 07:30:13.577\",\"processGuid\":\"{d9a99926-1b05-69ce-470e-000000000600}\",\"processId\":\"6504\",\"image\":\"C:\\\\\\\\Windows\\\\\\\\System32\\\\\\\\WindowsPowerShell\\\\\\\\v1.0\\\\\\\\powershell.exe\",\"targetFilename\":\"C:\\\\\\\\Users\\\\\\\\Administrator\\\\\\\\AppData\\\\\\\\Local\\\\\\\\Temp\\\\\\\\__PSScriptPolicyTest_4t25wq5z.t24.ps1\",\"creationUtcTime\":\"2026-04-02 07:30:13.577\",\"user\":\"WS10\\\\\\\\Administrator\"}}}", "suspicious": true, "suspicious_reason": "group:sysmon, group:windows, keyword:powershell, keyword:sysmon, level>=5, mitre:execution, sysmon:11", "mitre_tactic": "execution", "mitre_match": "powershell", "sysmon_event_id": "11", "sysmon_event_name": "File Create", "caldera_tag": "-"}
{"timestamp": "2026-04-02T07:33:22.903+0000", "agent": "wazuh-server", "agent_id": "000", "rule_id": "535", "level": "1", "groups": "ossec", "decoder": "ossec", "location": "last -n 20", "description": "List of the last logged in users.", "full_log": "ossec: output: 'last -n 20': root pts/0 192.168.30.14 Thu Apr 2 07:28 still logged in root pts/0 192.168.30.14 Thu Apr 2 07:06 - 07:08 (00:02) root pts/0 192.168.30.14 Thu Apr 2 07:02 - 07:05 (00:03) root pts/0 192.168.30.14 Thu Apr 2 06:29 - 06:30 (00:00) root pts/0 192.168.30.14 Wed Apr 1 15:44 - 15:54 (00:10) root pts/0 192.168.30.14 Wed Apr 1 15:08 - 15:10 (00:02) root pts/0 192.168.30.14 Wed Apr 1 15:03 - 15:04 (00:01) root pts/3 192.168.30.18 Wed Apr 1 14:58 - 14:58 (00:00) root pts/0 192.168.30.14 Wed Apr 1 14:51 - 14:58 (00:07) root pts/0 192.168.30.14 Wed Apr 1 12:49 - 12:59 (00:10) root pts/0 192.168.30.14 Wed Apr 1 12:27 - 12:28 (00:01) root pts/0 192.168.30.14 Wed Apr 1 12:21 - 12:23 (00:01) root pts/0 192.168.30.14 Wed Apr 1 12:18 - 12:21 (00:02) root pts/0 192.168.30.14 Wed Apr 1 12:11 - 12:14 (00:03) root pts/3 192.168.30.14 Wed Apr 1 11:42 - 11:43 (00:01) root pts/0 192.168.30.14 Wed Apr 1 11:42 - 11:43 (00:01) root pts/3 192.168.30.14 Wed Apr 1 11:23 - 11:33 (00:10) root pts/0 192.168.30.14 Wed Apr 1 11:23 - 11:34 (00:10) root pts/0 192.168.30.14 Wed Apr 1 11:13 - 11:14 (00:01) root pts/0 192.168.30.14 Wed Apr 1 11:06 - 11:09 (00:02) wtmp begins Fri Mar 13 14:46:13 2026", "suspicious": false, "suspicious_reason": "", "mitre_tactic": "-", "mitre_match": "-", "sysmon_event_id": "-", "sysmon_event_name": "-", "caldera_tag": "-"}
{"timestamp": "2026-04-02T07:34:59.660+0000", "agent": "WS10", "agent_id": "005", "rule_id": "60602", "level": "9", "groups": "windows, windows_application, system_error", "decoder": "windows_eventchannel", "location": "EventChannel", "description": "Windows application error event.", "full_log": "{\"win\":{\"system\":{\"providerName\":\"Microsoft-Windows-CAPI2\",\"providerGuid\":\"{5bbca4a8-b209-48dc-a8c7-b23d3e5216fb}\",\"eventSourceName\":\"Microsoft-Windows-CAPI2\",\"eventID\":\"4107\",\"version\":\"0\",\"level\":\"2\",\"task\":\"0\",\"opcode\":\"0\",\"keywords\":\"0x8080000000000000\",\"systemTime\":\"2026-04-02T07:34:58.6038004Z\",\"eventRecordID\":\"1938\",\"processID\":\"1364\",\"threadID\":\"1636\",\"channel\":\"Application\",\"computer\":\"WS10\",\"severityValue\":\"ERROR\",\"message\":\"\\\"Impossibile estrarre l'elenco radice di terze parti dal file CAB di aggiornamento automatico in <http://ctldl.windowsupdate.com/msdownload/update/v3/static/trustedr/en/authrootstl.cab> a causa dell'errore seguente: Dati non validi.\\r\\n.\\\"\"},\"eventdata\":{\"data\":\"http://ctldl.windowsupdate.com/msdownload/update/v3/static/trustedr/en/authrootstl.cab, Dati non validi.\"}}}", "suspicious": true, "suspicious_reason": "group:windows, level>=5", "mitre_tactic": "-", "mitre_match": "-", "sysmon_event_id": "-", "sysmon_event_name": "-", "caldera_tag": "-"}
{"timestamp": "2026-04-02T07:34:59.676+0000", "agent": "WS10", "agent_id": "005", "rule_id": "60602", "level": "9", "groups": "windows, windows_application, system_error", "decoder": "windows_eventchannel", "location": "EventChannel", "description": "Windows application error event.", "full_log": "{\"win\":{\"system\":{\"providerName\":\"Microsoft-Windows-CAPI2\",\"providerGuid\":\"{5bbca4a8-b209-48dc-a8c7-b23d3e5216fb}\",\"eventSourceName\":\"Microsoft-Windows-CAPI2\",\"eventID\":\"4107\",\"version\":\"0\",\"level\":\"2\",\"task\":\"0\",\"opcode\":\"0\",\"keywords\":\"0x8080000000000000\",\"systemTime\":\"2026-04-02T07:34:58.6038004Z\",\"eventRecordID\":\"1939\",\"processID\":\"1364\",\"threadID\":\"1636\",\"channel\":\"Application\",\"computer\":\"WS10\",\"severityValue\":\"ERROR\",\"message\":\"\\\"Impossibile estrarre l'elenco radice di terze parti dal file CAB di aggiornamento automatico in <http://ctldl.windowsupdate.com/msdownload/update/v3/static/trustedr/en/authrootstl.cab> a causa dell'errore seguente: Dati non validi.\\r\\n.\\\"\"},\"eventdata\":{\"data\":\"http://ctldl.windowsupdate.com/msdownload/update/v3/static/trustedr/en/authrootstl.cab, Dati non validi.\"}}}", "suspicious": true, "suspicious_reason": "group:windows, level>=5", "mitre_tactic": "-", "mitre_match": "-", "sysmon_event_id": "-", "sysmon_event_name": "-", "caldera_tag": "-"}
{"timestamp": "2026-04-02T07:34:59.693+0000", "agent": "WS10", "agent_id": "005", "rule_id": "60602", "level": "9", "groups": "windows, windows_application, system_error", "decoder": "windows_eventchannel", "location": "EventChannel", "description": "Windows application error event.", "full_log": "{\"win\":{\"system\":{\"providerName\":\"Microsoft-Windows-CAPI2\",\"providerGuid\":\"{5bbca4a8-b209-48dc-a8c7-b23d3e5216fb}\",\"eventSourceName\":\"Microsoft-Windows-CAPI2\",\"eventID\":\"4107\",\"version\":\"0\",\"level\":\"2\",\"task\":\"0\",\"opcode\":\"0\",\"keywords\":\"0x8080000000000000\",\"systemTime\":\"2026-04-02T07:34:58.6195169Z\",\"eventRecordID\":\"1940\",\"processID\":\"1364\",\"threadID\":\"1636\",\"channel\":\"Application\",\"computer\":\"WS10\",\"severityValue\":\"ERROR\",\"message\":\"\\\"Impossibile estrarre l'elenco radice di terze parti dal file CAB di aggiornamento automatico in <http://ctldl.windowsupdate.com/msdownload/update/v3/static/trustedr/en/authrootstl.cab> a causa dell'errore seguente: Dati non validi.\\r\\n.\\\"\"},\"eventdata\":{\"data\":\"http://ctldl.windowsupdate.com/msdownload/update/v3/static/trustedr/en/authrootstl.cab, Dati non validi.\"}}}", "suspicious": true, "suspicious_reason": "group:windows, level>=5", "mitre_tactic": "-", "mitre_match": "-", "sysmon_event_id": "-", "sysmon_event_name": "-", "caldera_tag": "-"}
{"timestamp": "2026-04-02T07:35:07.771+0000", "agent": "WS10", "agent_id": "005", "rule_id": "60602", "level": "9", "groups": "windows, windows_application, system_error", "decoder": "windows_eventchannel", "location": "EventChannel", "description": "Windows application error event.", "full_log": "{\"win\":{\"system\":{\"providerName\":\"Microsoft-Windows-CAPI2\",\"providerGuid\":\"{5bbca4a8-b209-48dc-a8c7-b23d3e5216fb}\",\"eventSourceName\":\"Microsoft-Windows-CAPI2\",\"eventID\":\"4107\",\"version\":\"0\",\"level\":\"2\",\"task\":\"0\",\"opcode\":\"0\",\"keywords\":\"0x8080000000000000\",\"systemTime\":\"2026-04-02T07:35:06.7605797Z\",\"eventRecordID\":\"1941\",\"processID\":\"1364\",\"threadID\":\"1636\",\"channel\":\"Application\",\"computer\":\"WS10\",\"severityValue\":\"ERROR\",\"message\":\"\\\"Impossibile estrarre l'elenco radice di terze parti dal file CAB di aggiornamento automatico in <http://ctldl.windowsupdate.com/msdownload/update/v3/static/trustedr/en/authrootstl.cab> a causa dell'errore seguente: Dati non validi.\\r\\n.\\\"\"},\"eventdata\":{\"data\":\"http://ctldl.windowsupdate.com/msdownload/update/v3/static/trustedr/en/authrootstl.cab, Dati non validi.\"}}}", "suspicious": true, "suspicious_reason": "group:windows, level>=5", "mitre_tactic": "-", "mitre_match": "-", "sysmon_event_id": "-", "sysmon_event_name": "-", "caldera_tag": "-"}
{"timestamp": "2026-04-02T07:35:07.786+0000", "agent": "WS10", "agent_id": "005", "rule_id": "60602", "level": "9", "groups": "windows, windows_application, system_error", "decoder": "windows_eventchannel", "location": "EventChannel", "description": "Windows application error event.", "full_log": "{\"win\":{\"system\":{\"providerName\":\"Microsoft-Windows-CAPI2\",\"providerGuid\":\"{5bbca4a8-b209-48dc-a8c7-b23d3e5216fb}\",\"eventSourceName\":\"Microsoft-Windows-CAPI2\",\"eventID\":\"4107\",\"version\":\"0\",\"level\":\"2\",\"task\":\"0\",\"opcode\":\"0\",\"keywords\":\"0x8080000000000000\",\"systemTime\":\"2026-04-02T07:35:06.7605797Z\",\"eventRecordID\":\"1942\",\"processID\":\"1364\",\"threadID\":\"1636\",\"channel\":\"Application\",\"computer\":\"WS10\",\"severityValue\":\"ERROR\",\"message\":\"\\\"Impossibile estrarre l'elenco radice di terze parti dal file CAB di aggiornamento automatico in <http://ctldl.windowsupdate.com/msdownload/update/v3/static/trustedr/en/authrootstl.cab> a causa dell'errore seguente: Dati non validi.\\r\\n.\\\"\"},\"eventdata\":{\"data\":\"http://ctldl.windowsupdate.com/msdownload/update/v3/static/trustedr/en/authrootstl.cab, Dati non validi.\"}}}", "suspicious": true, "suspicious_reason": "group:windows, level>=5", "mitre_tactic": "-", "mitre_match": "-", "sysmon_event_id": "-", "sysmon_event_name": "-", "caldera_tag": "-"}
{"timestamp": "2026-04-02T07:35:07.801+0000", "agent": "WS10", "agent_id": "005", "rule_id": "60602", "level": "9", "groups": "windows, windows_application, system_error", "decoder": "windows_eventchannel", "location": "EventChannel", "description": "Windows application error event.", "full_log": "{\"win\":{\"system\":{\"providerName\":\"Microsoft-Windows-CAPI2\",\"providerGuid\":\"{5bbca4a8-b209-48dc-a8c7-b23d3e5216fb}\",\"eventSourceName\":\"Microsoft-Windows-CAPI2\",\"eventID\":\"4107\",\"version\":\"0\",\"level\":\"2\",\"task\":\"0\",\"opcode\":\"0\",\"keywords\":\"0x8080000000000000\",\"systemTime\":\"2026-04-02T07:35:06.7763574Z\",\"eventRecordID\":\"1943\",\"processID\":\"1364\",\"threadID\":\"1636\",\"channel\":\"Application\",\"computer\":\"WS10\",\"severityValue\":\"ERROR\",\"message\":\"\\\"Impossibile estrarre l'elenco radice di terze parti dal file CAB di aggiornamento automatico in <http://ctldl.windowsupdate.com/msdownload/update/v3/static/trustedr/en/authrootstl.cab> a causa dell'errore seguente: Dati non validi.\\r\\n.\\\"\"},\"eventdata\":{\"data\":\"http://ctldl.windowsupdate.com/msdownload/update/v3/static/trustedr/en/authrootstl.cab, Dati non validi.\"}}}", "suspicious": true, "suspicious_reason": "group:windows, level>=5", "mitre_tactic": "-", "mitre_match": "-", "sysmon_event_id": "-", "sysmon_event_name": "-", "caldera_tag": "-"}
{"timestamp": "2026-04-02T07:35:15.334+0000", "agent": "WS10", "agent_id": "005", "rule_id": "60602", "level": "9", "groups": "windows, windows_application, system_error", "decoder": "windows_eventchannel", "location": "EventChannel", "description": "Windows application error event.", "full_log": "{\"win\":{\"system\":{\"providerName\":\"Microsoft-Windows-CAPI2\",\"providerGuid\":\"{5bbca4a8-b209-48dc-a8c7-b23d3e5216fb}\",\"eventSourceName\":\"Microsoft-Windows-CAPI2\",\"eventID\":\"4107\",\"version\":\"0\",\"level\":\"2\",\"task\":\"0\",\"opcode\":\"0\",\"keywords\":\"0x8080000000000000\",\"systemTime\":\"2026-04-02T07:35:14.2801345Z\",\"eventRecordID\":\"1944\",\"processID\":\"1364\",\"threadID\":\"1636\",\"channel\":\"Application\",\"computer\":\"WS10\",\"severityValue\":\"ERROR\",\"message\":\"\\\"Impossibile estrarre l'elenco radice di terze parti dal file CAB di aggiornamento automatico in <http://ctldl.windowsupdate.com/msdownload/update/v3/static/trustedr/en/authrootstl.cab> a causa dell'errore seguente: Dati non validi.\\r\\n.\\\"\"},\"eventdata\":{\"data\":\"http://ctldl.windowsupdate.com/msdownload/update/v3/static/trustedr/en/authrootstl.cab, Dati non validi.\"}}}", "suspicious": true, "suspicious_reason": "group:windows, level>=5", "mitre_tactic": "-", "mitre_match": "-", "sysmon_event_id": "-", "sysmon_event_name": "-", "caldera_tag": "-"}
{"timestamp": "2026-04-02T07:35:15.349+0000", "agent": "WS10", "agent_id": "005", "rule_id": "61061", "level": "10", "groups": "windows, windows_application", "decoder": "windows_eventchannel", "location": "EventChannel", "description": "Multiple Windows error application events.", "full_log": "{\"win\":{\"system\":{\"providerName\":\"Microsoft-Windows-CAPI2\",\"providerGuid\":\"{5bbca4a8-b209-48dc-a8c7-b23d3e5216fb}\",\"eventSourceName\":\"Microsoft-Windows-CAPI2\",\"eventID\":\"4107\",\"version\":\"0\",\"level\":\"2\",\"task\":\"0\",\"opcode\":\"0\",\"keywords\":\"0x8080000000000000\",\"systemTime\":\"2026-04-02T07:35:14.2923344Z\",\"eventRecordID\":\"1945\",\"processID\":\"1364\",\"threadID\":\"1636\",\"channel\":\"Application\",\"computer\":\"WS10\",\"severityValue\":\"ERROR\",\"message\":\"\\\"Impossibile estrarre l'elenco radice di terze parti dal file CAB di aggiornamento automatico in <http://ctldl.windowsupdate.com/msdownload/update/v3/static/trustedr/en/authrootstl.cab> a causa dell'errore seguente: Dati non validi.\\r\\n.\\\"\"},\"eventdata\":{\"data\":\"http://ctldl.windowsupdate.com/msdownload/update/v3/static/trustedr/en/authrootstl.cab, Dati non validi.\"}}}", "suspicious": true, "suspicious_reason": "group:windows, level>=5", "mitre_tactic": "-", "mitre_match": "-", "sysmon_event_id": "-", "sysmon_event_name": "-", "caldera_tag": "-"}
{"timestamp": "2026-04-02T07:35:15.365+0000", "agent": "WS10", "agent_id": "005", "rule_id": "60602", "level": "9", "groups": "windows, windows_application, system_error", "decoder": "windows_eventchannel", "location": "EventChannel", "description": "Windows application error event.", "full_log": "{\"win\":{\"system\":{\"providerName\":\"Microsoft-Windows-CAPI2\",\"providerGuid\":\"{5bbca4a8-b209-48dc-a8c7-b23d3e5216fb}\",\"eventSourceName\":\"Microsoft-Windows-CAPI2\",\"eventID\":\"4107\",\"version\":\"0\",\"level\":\"2\",\"task\":\"0\",\"opcode\":\"0\",\"keywords\":\"0x8080000000000000\",\"systemTime\":\"2026-04-02T07:35:14.3068825Z\",\"eventRecordID\":\"1946\",\"processID\":\"1364\",\"threadID\":\"1636\",\"channel\":\"Application\",\"computer\":\"WS10\",\"severityValue\":\"ERROR\",\"message\":\"\\\"Impossibile estrarre l'elenco radice di terze parti dal file CAB di aggiornamento automatico in <http://ctldl.windowsupdate.com/msdownload/update/v3/static/trustedr/en/authrootstl.cab> a causa dell'errore seguente: Dati non validi.\\r\\n.\\\"\"},\"eventdata\":{\"data\":\"http://ctldl.windowsupdate.com/msdownload/update/v3/static/trustedr/en/authrootstl.cab, Dati non validi.\"}}}", "suspicious": true, "suspicious_reason": "group:windows, level>=5", "mitre_tactic": "-", "mitre_match": "-", "sysmon_event_id": "-", "sysmon_event_name": "-", "caldera_tag": "-"}
